================================================================
  Vivado(TM) HLS - High-Level Synthesis from C, C++ and SystemC
  Version 2017.1
  Build 1846317 on Thu Jun 22 18:17:09 MDT 2017
  Copyright (C) 1986-2017 Xilinx, Inc. All Rights Reserved.
================================================================
INFO: [HLS 200-10] Running '/opt/tools/xilinx/SDx/2017.1/Vivado_HLS/bin/unwrapped/lnx64.o/vivado_hls'
INFO: [HLS 200-10] For user 'blaok' on host 'u11-blaok' (Linux_x86_64 version 4.4.0-62-generic) on Fri Sep 15 23:32:24 PDT 2017
INFO: [HLS 200-10] On os Ubuntu 16.04.2 LTS
INFO: [HLS 200-10] In directory '/curr/blaok/git/sdaccel-stencil1/_xocc_compile_jacobi2d_kernel-tile2000-unroll1_jacobi2d-hw-tile2000-unroll1-burst100032.dir/impl/kernels/jacobi2d_kernel'
INFO: [HLS 200-10] Creating and opening project '/curr/blaok/git/sdaccel-stencil1/_xocc_compile_jacobi2d_kernel-tile2000-unroll1_jacobi2d-hw-tile2000-unroll1-burst100032.dir/impl/kernels/jacobi2d_kernel/jacobi2d_kernel'.
INFO: [HLS 200-10] Adding design file '/curr/blaok/git/sdaccel-stencil1/src/jacobi2d_kernel-tile2000-unroll1.cpp' to the project
INFO: [HLS 200-10] Creating and opening solution '/curr/blaok/git/sdaccel-stencil1/_xocc_compile_jacobi2d_kernel-tile2000-unroll1_jacobi2d-hw-tile2000-unroll1-burst100032.dir/impl/kernels/jacobi2d_kernel/jacobi2d_kernel/solution_OCL_REGION_0'.
INFO: [HLS 200-10] Setting target device to 'xc7vx690tffg1157-2'
INFO: [SYN 201-201] Setting up clock 'default' with a period of 5ns.
INFO: [SYN 201-201] Setting up clock 'default' with an uncertainty of 1.35ns.
INFO: [SCHED 204-61] Option 'relax_ii_for_timing' is enabled, will increase II to preserve clock frequency constraints.
INFO: [XFORM 203-1171] Pipeline the innermost loop with trip count more than 64 or its parent loop when its trip count is less than or equal 64.
INFO: [XFORM 203-1161] The maximum of name length is set into 256.
INFO: [HLS 200-10] Analyzing design file '/curr/blaok/git/sdaccel-stencil1/src/jacobi2d_kernel-tile2000-unroll1.cpp' ... 
INFO: [HLS 200-10] Validating synthesis directives ...
INFO: [HLS 200-111] Finished Checking Pragmas Time (s): cpu = 00:00:52 ; elapsed = 00:00:41 . Memory (MB): peak = 348.445 ; gain = 12.586 ; free physical = 88772 ; free virtual = 177444
INFO: [HLS 200-111] Finished Linking Time (s): cpu = 00:00:52 ; elapsed = 00:00:42 . Memory (MB): peak = 348.445 ; gain = 12.586 ; free physical = 88579 ; free virtual = 177289
INFO: [HLS 200-10] Starting code transformations ...
INFO: [XFORM 203-501] Unrolling loop 'compute_load_channel' (/curr/blaok/git/sdaccel-stencil1/src/jacobi2d_kernel-tile2000-unroll1.cpp:184) in function 'compute(bool, float (*) [100032], float (*) [100032], float (*) [0], float (*) [2][1999], float (*) [49][2], float (*) [2][1997], float (*) [2][1995], float (*) [2][1993], float (*) [2][1991], float (*) [2][1989], float (*) [2][1987], int*, int*, int*, int, int)' completely.
INFO: [XFORM 203-501] Unrolling loop 'compute_load_unrolled' (/curr/blaok/git/sdaccel-stencil1/src/jacobi2d_kernel-tile2000-unroll1.cpp:188) in function 'compute(bool, float (*) [100032], float (*) [100032], float (*) [0], float (*) [2][1999], float (*) [49][2], float (*) [2][1997], float (*) [2][1995], float (*) [2][1993], float (*) [2][1991], float (*) [2][1989], float (*) [2][1987], int*, int*, int*, int, int)' completely.
INFO: [XFORM 203-501] Unrolling loop 'compute_unrolled' (/curr/blaok/git/sdaccel-stencil1/src/jacobi2d_kernel-tile2000-unroll1.cpp:325) in function 'compute(bool, float (*) [100032], float (*) [100032], float (*) [0], float (*) [2][1999], float (*) [49][2], float (*) [2][1997], float (*) [2][1995], float (*) [2][1993], float (*) [2][1991], float (*) [2][1989], float (*) [2][1987], int*, int*, int*, int, int)' completely.
INFO: [XFORM 203-501] Unrolling loop 'bases_init' (/curr/blaok/git/sdaccel-stencil1/src/jacobi2d_kernel-tile2000-unroll1.cpp:632) in function 'jacobi2d_kernel' completely.
INFO: [HLS 200-111] Finished Standard Transforms Time (s): cpu = 00:00:53 ; elapsed = 00:00:43 . Memory (MB): peak = 348.707 ; gain = 12.848 ; free physical = 88651 ; free virtual = 177374
INFO: [HLS 200-10] Checking synthesizability ...
WARNING: [SYNCHK 200-23] /curr/blaok/git/sdaccel-stencil1/src/jacobi2d_kernel-tile2000-unroll1.cpp:62: variable-indexed range selection may cause suboptimal QoR.
INFO: [SYNCHK 200-10] 0 error(s), 1 warning(s).
INFO: [HLS 200-111] Finished Checking Synthesizability Time (s): cpu = 00:00:53 ; elapsed = 00:00:43 . Memory (MB): peak = 348.707 ; gain = 12.848 ; free physical = 88684 ; free virtual = 177414
INFO: [XFORM 203-510] Pipelining loop 'memset_FIFO_ptrs' in function 'jacobi2d_kernel' automatically.
INFO: [XFORM 203-502] Unrolling small iteration loop 'store_channel' (/curr/blaok/git/sdaccel-stencil1/src/jacobi2d_kernel-tile2000-unroll1.cpp:51) in function 'store' automatically.
INFO: [XFORM 203-502] Unrolling small iteration loop 'load_channel' (/curr/blaok/git/sdaccel-stencil1/src/jacobi2d_kernel-tile2000-unroll1.cpp:27) in function 'load' automatically.
INFO: [XFORM 203-501] Unrolling loop 'store_channel' (/curr/blaok/git/sdaccel-stencil1/src/jacobi2d_kernel-tile2000-unroll1.cpp:51) in function 'store' completely.
INFO: [XFORM 203-501] Unrolling loop 'store_coalesced' (/curr/blaok/git/sdaccel-stencil1/src/jacobi2d_kernel-tile2000-unroll1.cpp:59) in function 'store' completely.
INFO: [XFORM 203-501] Unrolling loop 'load_channel' (/curr/blaok/git/sdaccel-stencil1/src/jacobi2d_kernel-tile2000-unroll1.cpp:27) in function 'load' completely.
INFO: [XFORM 203-501] Unrolling loop 'load_coalesced' (/curr/blaok/git/sdaccel-stencil1/src/jacobi2d_kernel-tile2000-unroll1.cpp:35) in function 'load' completely.
WARNING: [XFORM 203-105] Ignored array partition directive (/curr/blaok/git/sdaccel-stencil1/src/jacobi2d_kernel-tile2000-unroll1.cpp:594:1) : cannot locate the real object(s).
INFO: [XFORM 203-101] Partitioning array 'input_0' (/curr/blaok/git/sdaccel-stencil1/src/jacobi2d_kernel-tile2000-unroll1.cpp:573) in dimension 1 completely.
INFO: [XFORM 203-101] Partitioning array 'input_1' (/curr/blaok/git/sdaccel-stencil1/src/jacobi2d_kernel-tile2000-unroll1.cpp:574) in dimension 1 completely.
INFO: [XFORM 203-101] Partitioning array 'output_0' (/curr/blaok/git/sdaccel-stencil1/src/jacobi2d_kernel-tile2000-unroll1.cpp:575) in dimension 1 completely.
INFO: [XFORM 203-101] Partitioning array 'output_1' (/curr/blaok/git/sdaccel-stencil1/src/jacobi2d_kernel-tile2000-unroll1.cpp:576) in dimension 1 completely.
INFO: [XFORM 203-101] Partitioning array 'FIFO_1999' (/curr/blaok/git/sdaccel-stencil1/src/jacobi2d_kernel-tile2000-unroll1.cpp:578) in dimension 1 completely.
INFO: [XFORM 203-101] Partitioning array 'FIFO_2' (/curr/blaok/git/sdaccel-stencil1/src/jacobi2d_kernel-tile2000-unroll1.cpp:579) in dimension 1 completely.
INFO: [XFORM 203-101] Partitioning array 'FIFO_1997' (/curr/blaok/git/sdaccel-stencil1/src/jacobi2d_kernel-tile2000-unroll1.cpp:580) in dimension 1 completely.
INFO: [XFORM 203-101] Partitioning array 'FIFO_1995' (/curr/blaok/git/sdaccel-stencil1/src/jacobi2d_kernel-tile2000-unroll1.cpp:581) in dimension 1 completely.
INFO: [XFORM 203-101] Partitioning array 'FIFO_1993' (/curr/blaok/git/sdaccel-stencil1/src/jacobi2d_kernel-tile2000-unroll1.cpp:582) in dimension 1 completely.
INFO: [XFORM 203-101] Partitioning array 'FIFO_1991' (/curr/blaok/git/sdaccel-stencil1/src/jacobi2d_kernel-tile2000-unroll1.cpp:583) in dimension 1 completely.
INFO: [XFORM 203-101] Partitioning array 'FIFO_1989' (/curr/blaok/git/sdaccel-stencil1/src/jacobi2d_kernel-tile2000-unroll1.cpp:584) in dimension 1 completely.
INFO: [XFORM 203-101] Partitioning array 'FIFO_1987' (/curr/blaok/git/sdaccel-stencil1/src/jacobi2d_kernel-tile2000-unroll1.cpp:585) in dimension 1 completely.
INFO: [XFORM 203-101] Partitioning array 'FIFO_ptrs' (/curr/blaok/git/sdaccel-stencil1/src/jacobi2d_kernel-tile2000-unroll1.cpp:619) in dimension 1 completely.
INFO: [XFORM 203-101] Partitioning array 'i_base' (/curr/blaok/git/sdaccel-stencil1/src/jacobi2d_kernel-tile2000-unroll1.cpp:622) in dimension 1 completely.
INFO: [XFORM 203-101] Partitioning array 'j_base' (/curr/blaok/git/sdaccel-stencil1/src/jacobi2d_kernel-tile2000-unroll1.cpp:623) in dimension 1 completely.
INFO: [XFORM 203-101] Partitioning array 'input_points' (/curr/blaok/git/sdaccel-stencil1/src/jacobi2d_kernel-tile2000-unroll1.cpp:98) in dimension 1 completely.
INFO: [XFORM 203-101] Partitioning array 'input_buffer' (/curr/blaok/git/sdaccel-stencil1/src/jacobi2d_kernel-tile2000-unroll1.cpp:163) in dimension 1 completely.
INFO: [XFORM 203-101] Partitioning array 'input_0.0' (/curr/blaok/git/sdaccel-stencil1/src/jacobi2d_kernel-tile2000-unroll1.cpp:573) in dimension 1 with a cyclic factor 16.
INFO: [XFORM 203-101] Partitioning array 'input_1.0' (/curr/blaok/git/sdaccel-stencil1/src/jacobi2d_kernel-tile2000-unroll1.cpp:574) in dimension 1 with a cyclic factor 16.
INFO: [XFORM 203-101] Partitioning array 'output_0.0' (/curr/blaok/git/sdaccel-stencil1/src/jacobi2d_kernel-tile2000-unroll1.cpp:575) in dimension 1 with a cyclic factor 16.
INFO: [XFORM 203-101] Partitioning array 'output_1.0' (/curr/blaok/git/sdaccel-stencil1/src/jacobi2d_kernel-tile2000-unroll1.cpp:576) in dimension 1 with a cyclic factor 16.
INFO: [XFORM 203-101] Partitioning array 'FIFO_1999.0' (/curr/blaok/git/sdaccel-stencil1/src/jacobi2d_kernel-tile2000-unroll1.cpp:578) in dimension 1 completely.
INFO: [XFORM 203-101] Partitioning array 'FIFO_2.0' (/curr/blaok/git/sdaccel-stencil1/src/jacobi2d_kernel-tile2000-unroll1.cpp:579) in dimension 1 completely.
INFO: [XFORM 203-101] Partitioning array 'FIFO_1997.0' (/curr/blaok/git/sdaccel-stencil1/src/jacobi2d_kernel-tile2000-unroll1.cpp:580) in dimension 1 completely.
INFO: [XFORM 203-101] Partitioning array 'FIFO_1995.0' (/curr/blaok/git/sdaccel-stencil1/src/jacobi2d_kernel-tile2000-unroll1.cpp:581) in dimension 1 completely.
INFO: [XFORM 203-101] Partitioning array 'FIFO_1993.0' (/curr/blaok/git/sdaccel-stencil1/src/jacobi2d_kernel-tile2000-unroll1.cpp:582) in dimension 1 completely.
INFO: [XFORM 203-101] Partitioning array 'FIFO_1991.0' (/curr/blaok/git/sdaccel-stencil1/src/jacobi2d_kernel-tile2000-unroll1.cpp:583) in dimension 1 completely.
INFO: [XFORM 203-101] Partitioning array 'FIFO_1989.0' (/curr/blaok/git/sdaccel-stencil1/src/jacobi2d_kernel-tile2000-unroll1.cpp:584) in dimension 1 completely.
INFO: [XFORM 203-101] Partitioning array 'FIFO_1987.0' (/curr/blaok/git/sdaccel-stencil1/src/jacobi2d_kernel-tile2000-unroll1.cpp:585) in dimension 1 completely.
INFO: [XFORM 203-101] Partitioning array 'input_points.0' (/curr/blaok/git/sdaccel-stencil1/src/jacobi2d_kernel-tile2000-unroll1.cpp:98) in dimension 1 completely.
INFO: [XFORM 203-101] Partitioning array 'input_buffer.0' (/curr/blaok/git/sdaccel-stencil1/src/jacobi2d_kernel-tile2000-unroll1.cpp:163) in dimension 1 completely.
INFO: [XFORM 203-101] Partitioning array 'input_points.0.0' (/curr/blaok/git/sdaccel-stencil1/src/jacobi2d_kernel-tile2000-unroll1.cpp:98) in dimension 1 completely.
INFO: [XFORM 203-401] Performing if-conversion on hyperblock from (/curr/blaok/git/sdaccel-stencil1/src/jacobi2d_kernel-tile2000-unroll1.cpp:656:9) to (/curr/blaok/git/sdaccel-stencil1/src/jacobi2d_kernel-tile2000-unroll1.cpp:639:85) in function 'jacobi2d_kernel'... converting 5 basic blocks.
INFO: [XFORM 203-401] Performing if-conversion on hyperblock from (/curr/blaok/git/sdaccel-stencil1/src/jacobi2d_kernel-tile2000-unroll1.cpp:464:17) to (/curr/blaok/git/sdaccel-stencil1/src/jacobi2d_kernel-tile2000-unroll1.cpp:169:50) in function 'compute'... converting 3 basic blocks.
INFO: [HLS 200-111] Finished Pre-synthesis Time (s): cpu = 00:00:54 ; elapsed = 00:00:45 . Memory (MB): peak = 476.441 ; gain = 140.582 ; free physical = 89006 ; free virtual = 177757
INFO: [XFORM 203-811] Inferring bus burst write of length 6252 on port 'to.V' (/curr/blaok/git/sdaccel-stencil1/src/jacobi2d_kernel-tile2000-unroll1.cpp:64:17).
INFO: [XFORM 203-811] Inferring bus burst read of length 6252 on port 'from.V' (/curr/blaok/git/sdaccel-stencil1/src/jacobi2d_kernel-tile2000-unroll1.cpp:32:86).
WARNING: [ANALYSIS 214-52] Found false inter dependency for variable 'FF' (/curr/blaok/git/sdaccel-stencil1/src/jacobi2d_kernel-tile2000-unroll1.cpp:72).
WARNING: [ANALYSIS 214-52] Found false inter dependency for variable 'FIFO_1999[0]' (/curr/blaok/git/sdaccel-stencil1/src/jacobi2d_kernel-tile2000-unroll1.cpp:73).
WARNING: [ANALYSIS 214-52] Found false inter dependency for variable 'FIFO_1999[1]' (/curr/blaok/git/sdaccel-stencil1/src/jacobi2d_kernel-tile2000-unroll1.cpp:73).
WARNING: [ANALYSIS 214-52] Found false inter dependency for variable 'FIFO_2[43]' (/curr/blaok/git/sdaccel-stencil1/src/jacobi2d_kernel-tile2000-unroll1.cpp:74).
WARNING: [ANALYSIS 214-52] Found false inter dependency for variable 'FIFO_2[36]' (/curr/blaok/git/sdaccel-stencil1/src/jacobi2d_kernel-tile2000-unroll1.cpp:74).
WARNING: [ANALYSIS 214-52] Found false inter dependency for variable 'FIFO_2[13]' (/curr/blaok/git/sdaccel-stencil1/src/jacobi2d_kernel-tile2000-unroll1.cpp:74).
WARNING: [ANALYSIS 214-52] Found false inter dependency for variable 'FIFO_2[29]' (/curr/blaok/git/sdaccel-stencil1/src/jacobi2d_kernel-tile2000-unroll1.cpp:74).
WARNING: [ANALYSIS 214-52] Found false inter dependency for variable 'FIFO_2[48]' (/curr/blaok/git/sdaccel-stencil1/src/jacobi2d_kernel-tile2000-unroll1.cpp:74).
WARNING: [ANALYSIS 214-52] Found false inter dependency for variable 'FIFO_2[47]' (/curr/blaok/git/sdaccel-stencil1/src/jacobi2d_kernel-tile2000-unroll1.cpp:74).
WARNING: [ANALYSIS 214-52] Found false inter dependency for variable 'FIFO_2[46]' (/curr/blaok/git/sdaccel-stencil1/src/jacobi2d_kernel-tile2000-unroll1.cpp:74).
WARNING: [ANALYSIS 214-52] Found false inter dependency for variable 'FIFO_2[45]' (/curr/blaok/git/sdaccel-stencil1/src/jacobi2d_kernel-tile2000-unroll1.cpp:74).
WARNING: [ANALYSIS 214-52] Found false inter dependency for variable 'FIFO_2[44]' (/curr/blaok/git/sdaccel-stencil1/src/jacobi2d_kernel-tile2000-unroll1.cpp:74).
WARNING: [ANALYSIS 214-52] Found false inter dependency for variable 'FIFO_2[42]' (/curr/blaok/git/sdaccel-stencil1/src/jacobi2d_kernel-tile2000-unroll1.cpp:74).
WARNING: [ANALYSIS 214-52] Found false inter dependency for variable 'FIFO_2[34]' (/curr/blaok/git/sdaccel-stencil1/src/jacobi2d_kernel-tile2000-unroll1.cpp:74).
WARNING: [ANALYSIS 214-52] Found false inter dependency for variable 'FIFO_2[33]' (/curr/blaok/git/sdaccel-stencil1/src/jacobi2d_kernel-tile2000-unroll1.cpp:74).
WARNING: [ANALYSIS 214-52] Found false inter dependency for variable 'FIFO_2[32]' (/curr/blaok/git/sdaccel-stencil1/src/jacobi2d_kernel-tile2000-unroll1.cpp:74).
WARNING: [ANALYSIS 214-52] Found false inter dependency for variable 'FIFO_2[31]' (/curr/blaok/git/sdaccel-stencil1/src/jacobi2d_kernel-tile2000-unroll1.cpp:74).
WARNING: [ANALYSIS 214-52] Found false inter dependency for variable 'FIFO_2[30]' (/curr/blaok/git/sdaccel-stencil1/src/jacobi2d_kernel-tile2000-unroll1.cpp:74).
WARNING: [ANALYSIS 214-52] Found false inter dependency for variable 'FIFO_2[28]' (/curr/blaok/git/sdaccel-stencil1/src/jacobi2d_kernel-tile2000-unroll1.cpp:74).
WARNING: [ANALYSIS 214-52] Found false inter dependency for variable 'FIFO_2[41]' (/curr/blaok/git/sdaccel-stencil1/src/jacobi2d_kernel-tile2000-unroll1.cpp:74).
WARNING: [ANALYSIS 214-52] Found false inter dependency for variable 'FIFO_2[40]' (/curr/blaok/git/sdaccel-stencil1/src/jacobi2d_kernel-tile2000-unroll1.cpp:74).
WARNING: [ANALYSIS 214-52] Found false inter dependency for variable 'FIFO_2[39]' (/curr/blaok/git/sdaccel-stencil1/src/jacobi2d_kernel-tile2000-unroll1.cpp:74).
WARNING: [ANALYSIS 214-52] Found false inter dependency for variable 'FIFO_2[38]' (/curr/blaok/git/sdaccel-stencil1/src/jacobi2d_kernel-tile2000-unroll1.cpp:74).
WARNING: [ANALYSIS 214-52] Found false inter dependency for variable 'FIFO_2[37]' (/curr/blaok/git/sdaccel-stencil1/src/jacobi2d_kernel-tile2000-unroll1.cpp:74).
WARNING: [ANALYSIS 214-52] Found false inter dependency for variable 'FIFO_2[35]' (/curr/blaok/git/sdaccel-stencil1/src/jacobi2d_kernel-tile2000-unroll1.cpp:74).
WARNING: [ANALYSIS 214-52] Found false inter dependency for variable 'FIFO_2[14]' (/curr/blaok/git/sdaccel-stencil1/src/jacobi2d_kernel-tile2000-unroll1.cpp:74).
WARNING: [ANALYSIS 214-52] Found false inter dependency for variable 'FIFO_2[11]' (/curr/blaok/git/sdaccel-stencil1/src/jacobi2d_kernel-tile2000-unroll1.cpp:74).
WARNING: [ANALYSIS 214-52] Found false inter dependency for variable 'FIFO_2[10]' (/curr/blaok/git/sdaccel-stencil1/src/jacobi2d_kernel-tile2000-unroll1.cpp:74).
WARNING: [ANALYSIS 214-52] Found false inter dependency for variable 'FIFO_2[9]' (/curr/blaok/git/sdaccel-stencil1/src/jacobi2d_kernel-tile2000-unroll1.cpp:74).
WARNING: [ANALYSIS 214-52] Found false inter dependency for variable 'FIFO_2[8]' (/curr/blaok/git/sdaccel-stencil1/src/jacobi2d_kernel-tile2000-unroll1.cpp:74).
WARNING: [ANALYSIS 214-52] Found false inter dependency for variable 'FIFO_2[7]' (/curr/blaok/git/sdaccel-stencil1/src/jacobi2d_kernel-tile2000-unroll1.cpp:74).
WARNING: [ANALYSIS 214-52] Found false inter dependency for variable 'FIFO_2[6]' (/curr/blaok/git/sdaccel-stencil1/src/jacobi2d_kernel-tile2000-unroll1.cpp:74).
WARNING: [ANALYSIS 214-52] Found false inter dependency for variable 'FIFO_2[5]' (/curr/blaok/git/sdaccel-stencil1/src/jacobi2d_kernel-tile2000-unroll1.cpp:74).
WARNING: [ANALYSIS 214-52] Found false inter dependency for variable 'FIFO_2[4]' (/curr/blaok/git/sdaccel-stencil1/src/jacobi2d_kernel-tile2000-unroll1.cpp:74).
WARNING: [ANALYSIS 214-52] Found false inter dependency for variable 'FIFO_2[3]' (/curr/blaok/git/sdaccel-stencil1/src/jacobi2d_kernel-tile2000-unroll1.cpp:74).
WARNING: [ANALYSIS 214-52] Found false inter dependency for variable 'FIFO_2[2]' (/curr/blaok/git/sdaccel-stencil1/src/jacobi2d_kernel-tile2000-unroll1.cpp:74).
WARNING: [ANALYSIS 214-52] Found false inter dependency for variable 'FIFO_2[1]' (/curr/blaok/git/sdaccel-stencil1/src/jacobi2d_kernel-tile2000-unroll1.cpp:74).
WARNING: [ANALYSIS 214-52] Found false inter dependency for variable 'FIFO_2[27]' (/curr/blaok/git/sdaccel-stencil1/src/jacobi2d_kernel-tile2000-unroll1.cpp:74).
WARNING: [ANALYSIS 214-52] Found false inter dependency for variable 'FIFO_2[26]' (/curr/blaok/git/sdaccel-stencil1/src/jacobi2d_kernel-tile2000-unroll1.cpp:74).
WARNING: [ANALYSIS 214-52] Found false inter dependency for variable 'FIFO_2[25]' (/curr/blaok/git/sdaccel-stencil1/src/jacobi2d_kernel-tile2000-unroll1.cpp:74).
WARNING: [ANALYSIS 214-52] Found false inter dependency for variable 'FIFO_2[24]' (/curr/blaok/git/sdaccel-stencil1/src/jacobi2d_kernel-tile2000-unroll1.cpp:74).
WARNING: [ANALYSIS 214-52] Found false inter dependency for variable 'FIFO_2[23]' (/curr/blaok/git/sdaccel-stencil1/src/jacobi2d_kernel-tile2000-unroll1.cpp:74).
WARNING: [ANALYSIS 214-52] Found false inter dependency for variable 'FIFO_2[22]' (/curr/blaok/git/sdaccel-stencil1/src/jacobi2d_kernel-tile2000-unroll1.cpp:74).
WARNING: [ANALYSIS 214-52] Found false inter dependency for variable 'FIFO_2[21]' (/curr/blaok/git/sdaccel-stencil1/src/jacobi2d_kernel-tile2000-unroll1.cpp:74).
WARNING: [ANALYSIS 214-52] Found false inter dependency for variable 'FIFO_2[20]' (/curr/blaok/git/sdaccel-stencil1/src/jacobi2d_kernel-tile2000-unroll1.cpp:74).
WARNING: [ANALYSIS 214-52] Found false inter dependency for variable 'FIFO_2[19]' (/curr/blaok/git/sdaccel-stencil1/src/jacobi2d_kernel-tile2000-unroll1.cpp:74).
WARNING: [ANALYSIS 214-52] Found false inter dependency for variable 'FIFO_2[18]' (/curr/blaok/git/sdaccel-stencil1/src/jacobi2d_kernel-tile2000-unroll1.cpp:74).
WARNING: [ANALYSIS 214-52] Found false inter dependency for variable 'FIFO_2[12]' (/curr/blaok/git/sdaccel-stencil1/src/jacobi2d_kernel-tile2000-unroll1.cpp:74).
WARNING: [ANALYSIS 214-52] Found false inter dependency for variable 'FIFO_2[17]' (/curr/blaok/git/sdaccel-stencil1/src/jacobi2d_kernel-tile2000-unroll1.cpp:74).
WARNING: [ANALYSIS 214-52] Found false inter dependency for variable 'FIFO_2[16]' (/curr/blaok/git/sdaccel-stencil1/src/jacobi2d_kernel-tile2000-unroll1.cpp:74).
WARNING: [ANALYSIS 214-52] Found false inter dependency for variable 'FIFO_2[15]' (/curr/blaok/git/sdaccel-stencil1/src/jacobi2d_kernel-tile2000-unroll1.cpp:74).
WARNING: [ANALYSIS 214-52] Found false inter dependency for variable 'FIFO_2[0]' (/curr/blaok/git/sdaccel-stencil1/src/jacobi2d_kernel-tile2000-unroll1.cpp:74).
WARNING: [ANALYSIS 214-52] Found false inter dependency for variable 'FIFO_1997[1]' (/curr/blaok/git/sdaccel-stencil1/src/jacobi2d_kernel-tile2000-unroll1.cpp:75).
WARNING: [ANALYSIS 214-52] Found false inter dependency for variable 'FIFO_1997[0]' (/curr/blaok/git/sdaccel-stencil1/src/jacobi2d_kernel-tile2000-unroll1.cpp:75).
WARNING: [ANALYSIS 214-52] Found false inter dependency for variable 'FIFO_1995[1]' (/curr/blaok/git/sdaccel-stencil1/src/jacobi2d_kernel-tile2000-unroll1.cpp:76).
WARNING: [ANALYSIS 214-52] Found false inter dependency for variable 'FIFO_1995[0]' (/curr/blaok/git/sdaccel-stencil1/src/jacobi2d_kernel-tile2000-unroll1.cpp:76).
WARNING: [ANALYSIS 214-52] Found false inter dependency for variable 'FIFO_1993[1]' (/curr/blaok/git/sdaccel-stencil1/src/jacobi2d_kernel-tile2000-unroll1.cpp:77).
WARNING: [ANALYSIS 214-52] Found false inter dependency for variable 'FIFO_1993[0]' (/curr/blaok/git/sdaccel-stencil1/src/jacobi2d_kernel-tile2000-unroll1.cpp:77).
WARNING: [ANALYSIS 214-52] Found false inter dependency for variable 'FIFO_1991[1]' (/curr/blaok/git/sdaccel-stencil1/src/jacobi2d_kernel-tile2000-unroll1.cpp:78).
WARNING: [ANALYSIS 214-52] Found false inter dependency for variable 'FIFO_1991[0]' (/curr/blaok/git/sdaccel-stencil1/src/jacobi2d_kernel-tile2000-unroll1.cpp:78).
WARNING: [ANALYSIS 214-52] Found false inter dependency for variable 'FIFO_1989[1]' (/curr/blaok/git/sdaccel-stencil1/src/jacobi2d_kernel-tile2000-unroll1.cpp:79).
WARNING: [ANALYSIS 214-52] Found false inter dependency for variable 'FIFO_1989[0]' (/curr/blaok/git/sdaccel-stencil1/src/jacobi2d_kernel-tile2000-unroll1.cpp:79).
WARNING: [ANALYSIS 214-52] Found false inter dependency for variable 'FIFO_1987[1]' (/curr/blaok/git/sdaccel-stencil1/src/jacobi2d_kernel-tile2000-unroll1.cpp:80).
WARNING: [ANALYSIS 214-52] Found false inter dependency for variable 'FIFO_1987[0]' (/curr/blaok/git/sdaccel-stencil1/src/jacobi2d_kernel-tile2000-unroll1.cpp:80).
INFO: [HLS 200-111] Finished Architecture Synthesis Time (s): cpu = 00:00:55 ; elapsed = 00:00:46 . Memory (MB): peak = 476.441 ; gain = 140.582 ; free physical = 88980 ; free virtual = 177734
INFO: [HLS 200-10] Starting hardware synthesis ...
INFO: [HLS 200-10] Synthesizing 'jacobi2d_kernel' ...
INFO: [HLS 200-10] ----------------------------------------------------------------
INFO: [HLS 200-42] -- Implementing module 'load' 
INFO: [HLS 200-10] ----------------------------------------------------------------
INFO: [SCHED 204-11] Starting scheduling ...
INFO: [SCHED 204-61] Pipelining loop 'load_epoch'.
INFO: [SCHED 204-61] Pipelining result: Target II: 1, Final II: 1, Depth: 3.
INFO: [SCHED 204-11] Finished scheduling.
INFO: [HLS 200-111]  Elapsed time: 45.76 seconds; current allocated memory: 106.931 MB.
INFO: [BIND 205-100] Starting micro-architecture generation ...
INFO: [BIND 205-101] Performing variable lifetime analysis.
INFO: [BIND 205-101] Exploring resource sharing.
INFO: [BIND 205-101] Binding ...
INFO: [BIND 205-100] Finished micro-architecture generation.
INFO: [HLS 200-111]  Elapsed time: 0.5 seconds; current allocated memory: 107.806 MB.
INFO: [HLS 200-10] ----------------------------------------------------------------
INFO: [HLS 200-42] -- Implementing module 'compute' 
INFO: [HLS 200-10] ----------------------------------------------------------------
INFO: [SCHED 204-11] Starting scheduling ...
INFO: [SCHED 204-61] Pipelining loop 'compute_epoch'.
INFO: [SCHED 204-61] Pipelining result: Target II: 1, Final II: 1, Depth: 56.
INFO: [SCHED 204-11] Finished scheduling.
INFO: [HLS 200-111]  Elapsed time: 2.01 seconds; current allocated memory: 110.395 MB.
INFO: [BIND 205-100] Starting micro-architecture generation ...
INFO: [BIND 205-101] Performing variable lifetime analysis.
INFO: [BIND 205-101] Exploring resource sharing.
INFO: [BIND 205-101] Binding ...
INFO: [BIND 205-100] Finished micro-architecture generation.
INFO: [HLS 200-111]  Elapsed time: 0.84 seconds; current allocated memory: 114.119 MB.
INFO: [HLS 200-10] ----------------------------------------------------------------
INFO: [HLS 200-42] -- Implementing module 'store' 
INFO: [HLS 200-10] ----------------------------------------------------------------
INFO: [SCHED 204-11] Starting scheduling ...
INFO: [SCHED 204-61] Pipelining loop 'store_epoch'.
INFO: [SCHED 204-61] Pipelining result: Target II: 1, Final II: 1, Depth: 3.
INFO: [SCHED 204-11] Finished scheduling.
INFO: [HLS 200-111]  Elapsed time: 1.38 seconds; current allocated memory: 115.042 MB.
INFO: [BIND 205-100] Starting micro-architecture generation ...
INFO: [BIND 205-101] Performing variable lifetime analysis.
INFO: [BIND 205-101] Exploring resource sharing.
INFO: [BIND 205-101] Binding ...
INFO: [BIND 205-100] Finished micro-architecture generation.
INFO: [HLS 200-111]  Elapsed time: 0.5 seconds; current allocated memory: 115.780 MB.
INFO: [HLS 200-10] ----------------------------------------------------------------
INFO: [HLS 200-42] -- Implementing module 'jacobi2d_kernel' 
INFO: [HLS 200-10] ----------------------------------------------------------------
INFO: [SCHED 204-11] Starting scheduling ...
INFO: [SCHED 204-61] Pipelining loop 'memset_FIFO_ptrs'.
INFO: [SCHED 204-61] Pipelining result: Target II: 1, Final II: 1, Depth: 1.
INFO: [SCHED 204-11] Finished scheduling.
INFO: [HLS 200-111]  Elapsed time: 0.36 seconds; current allocated memory: 116.667 MB.
INFO: [BIND 205-100] Starting micro-architecture generation ...
INFO: [BIND 205-101] Performing variable lifetime analysis.
INFO: [BIND 205-101] Exploring resource sharing.
INFO: [BIND 205-101] Binding ...
INFO: [BIND 205-100] Finished micro-architecture generation.
INFO: [HLS 200-111]  Elapsed time: 1.91 seconds; current allocated memory: 117.932 MB.
INFO: [HLS 200-10] ----------------------------------------------------------------
INFO: [HLS 200-10] -- Generating RTL for module 'load' 
INFO: [HLS 200-10] ----------------------------------------------------------------
INFO: [RTGEN 206-100] Finished creating RTL model for 'load'.
INFO: [HLS 200-111]  Elapsed time: 1.43 seconds; current allocated memory: 119.675 MB.
INFO: [HLS 200-10] ----------------------------------------------------------------
INFO: [HLS 200-10] -- Generating RTL for module 'compute' 
INFO: [HLS 200-10] ----------------------------------------------------------------
INFO: [RTGEN 206-104] Estimated max fanout for 'compute' is 7668 from HDL expression: (ap_block_pp0_stage0_11001 == 1'b0)
INFO: [RTGEN 206-100] Generating core module 'jacobi2d_kernel_fadd_32ns_32ns_32_8_full_dsp': 63 instance(s).
INFO: [RTGEN 206-100] Generating core module 'jacobi2d_kernel_fmul_32ns_32ns_32_5_max_dsp': 64 instance(s).
INFO: [RTGEN 206-100] Generating core module 'jacobi2d_kernel_mux_164_32_1': 1 instance(s).
INFO: [RTGEN 206-100] Finished creating RTL model for 'compute'.
INFO: [HLS 200-111]  Elapsed time: 1.05 seconds; current allocated memory: 128.741 MB.
INFO: [HLS 200-10] ----------------------------------------------------------------
INFO: [HLS 200-10] -- Generating RTL for module 'store' 
INFO: [HLS 200-10] ----------------------------------------------------------------
INFO: [RTGEN 206-100] Finished creating RTL model for 'store'.
INFO: [HLS 200-111]  Elapsed time: 3.35 seconds; current allocated memory: 139.921 MB.
INFO: [HLS 200-10] ----------------------------------------------------------------
INFO: [HLS 200-10] -- Generating RTL for module 'jacobi2d_kernel' 
INFO: [HLS 200-10] ----------------------------------------------------------------
INFO: [RTGEN 206-500] Setting interface mode on port 'jacobi2d_kernel/gmem1' to 'm_axi'.
INFO: [RTGEN 206-500] Setting interface mode on port 'jacobi2d_kernel/gmem2' to 'm_axi'.
INFO: [RTGEN 206-500] Setting interface mode on port 'jacobi2d_kernel/var_output_V' to 's_axilite & ap_none'.
INFO: [RTGEN 206-500] Setting interface mode on port 'jacobi2d_kernel/var_input_V' to 's_axilite & ap_none'.
INFO: [RTGEN 206-500] Setting interface mode on port 'jacobi2d_kernel/tile_num_dim_0' to 's_axilite & ap_none'.
INFO: [RTGEN 206-500] Setting interface mode on port 'jacobi2d_kernel/input_size_dim_1' to 's_axilite & ap_none'.
INFO: [RTGEN 206-500] Setting interface mode on port 'jacobi2d_kernel/tile_burst_num' to 's_axilite & ap_none'.
INFO: [RTGEN 206-500] Setting interface mode on port 'jacobi2d_kernel/extra_space_i_coalesed' to 's_axilite & ap_none'.
INFO: [RTGEN 206-500] Setting interface mode on port 'jacobi2d_kernel/extra_space_o_coalesed' to 's_axilite & ap_none'.
INFO: [RTGEN 206-500] Setting interface mode on port 'jacobi2d_kernel/total_burst_num' to 's_axilite & ap_none'.
INFO: [RTGEN 206-500] Setting interface mode on function 'jacobi2d_kernel' to 's_axilite & ap_ctrl_hs'.
INFO: [RTGEN 206-100] Bundling port 'return', 'var_output_V', 'var_input_V', 'input_size_dim_1', 'tile_burst_num', 'extra_space_i_coalesed', 'extra_space_o_coalesed' and 'total_burst_num' to AXI-Lite port control.
INFO: [RTGEN 206-100] Generating core module 'jacobi2d_kernel_mux_83_32_1': 8 instance(s).
INFO: [RTGEN 206-100] Finished creating RTL model for 'jacobi2d_kernel'.
INFO: [HLS 200-111]  Elapsed time: 2.02 seconds; current allocated memory: 148.754 MB.
INFO: [RTMG 210-278] Implementing memory 'jacobi2d_kernel_input_0_0_0_ram (RAM)' using block RAMs.
INFO: [RTMG 210-278] Implementing memory 'jacobi2d_kernel_FIFO_1999_0_0_ram (RAM)' using block RAMs.
INFO: [RTMG 210-278] Implementing memory 'jacobi2d_kernel_FIFO_2_0_0_ram (RAM)' using distributed RAMs.
INFO: [RTMG 210-278] Implementing memory 'jacobi2d_kernel_FIFO_1997_0_0_ram (RAM)' using block RAMs.
INFO: [RTMG 210-278] Implementing memory 'jacobi2d_kernel_FIFO_1995_0_0_ram (RAM)' using block RAMs.
INFO: [RTMG 210-278] Implementing memory 'jacobi2d_kernel_FIFO_1993_0_0_ram (RAM)' using block RAMs.
INFO: [RTMG 210-278] Implementing memory 'jacobi2d_kernel_FIFO_1991_0_0_ram (RAM)' using block RAMs.
INFO: [RTMG 210-278] Implementing memory 'jacobi2d_kernel_FIFO_1989_0_0_ram (RAM)' using block RAMs.
INFO: [RTMG 210-278] Implementing memory 'jacobi2d_kernel_FIFO_1987_0_0_ram (RAM)' using block RAMs.
INFO: [HLS 200-111] Finished generating all RTL models Time (s): cpu = 00:01:11 ; elapsed = 00:01:10 . Memory (MB): peak = 540.441 ; gain = 204.582 ; free physical = 88450 ; free virtual = 177304
INFO: [SYSC 207-301] Generating SystemC RTL for jacobi2d_kernel.
INFO: [VHDL 208-304] Generating VHDL RTL for jacobi2d_kernel.
INFO: [VLOG 209-307] Generating Verilog RTL for jacobi2d_kernel.
INFO: [IMPL 213-8] Exporting RTL as an IP in IP-XACT.


****** Vivado v2017.1_sdx (64-bit)
  **** SW Build 1915620 on Thu Jun 22 17:54:59 MDT 2017
  **** IP Build 1908669 on Thu Jun 22 19:20:41 MDT 2017
    ** Copyright 1986-2017 Xilinx, Inc. All Rights Reserved.

INFO: [Common 17-1460] Use of init.tcl in /opt/tools/xilinx/SDx/2017.1/Vivado/scripts/init.tcl is deprecated. Please use Vivado_init.tcl 
Sourcing tcl script '/opt/tools/xilinx/SDx/2017.1/Vivado/scripts/init.tcl'
16 Beta devices matching pattern found, 0 enabled.
enable_beta_device: Time (s): cpu = 00:00:01 ; elapsed = 00:00:10 . Memory (MB): peak = 1151.016 ; gain = 67.430 ; free physical = 86632 ; free virtual = 175886
Loaded SDSoC Platform Tcl Library
source run_ippack.tcl -notrace
INFO: [IP_Flow 19-234] Refreshing IP repositories
INFO: [IP_Flow 19-1704] No user IP repositories specified
INFO: [IP_Flow 19-2313] Loaded Vivado IP repository '/opt/tools/xilinx/SDx/2017.1/Vivado/data/ip'.
WARNING: [IP_Flow 19-4832] The IP name 'jacobi2d_kernel_ap_fadd_6_full_dsp_32' you have specified is long. The Windows operating system has path length limitations. It is recommended you use shorter names to reduce the likelihood of issues.
INFO: [IP_Flow 19-1686] Generating 'Synthesis' target for IP 'jacobi2d_kernel_ap_fadd_6_full_dsp_32'...
INFO: [IP_Flow 19-1686] Generating 'Simulation' target for IP 'jacobi2d_kernel_ap_fadd_6_full_dsp_32'...
WARNING: [IP_Flow 19-4832] The IP name 'jacobi2d_kernel_ap_fmul_3_max_dsp_32' you have specified is long. The Windows operating system has path length limitations. It is recommended you use shorter names to reduce the likelihood of issues.
INFO: [IP_Flow 19-1686] Generating 'Synthesis' target for IP 'jacobi2d_kernel_ap_fmul_3_max_dsp_32'...
INFO: [IP_Flow 19-1686] Generating 'Simulation' target for IP 'jacobi2d_kernel_ap_fmul_3_max_dsp_32'...
INFO: [IP_Flow 19-234] Refreshing IP repositories
INFO: [IP_Flow 19-1704] No user IP repositories specified
INFO: [IP_Flow 19-2313] Loaded Vivado IP repository '/opt/tools/xilinx/SDx/2017.1/Vivado/data/ip'.
WARNING: [Vivado 12-4404] The CPU emulation flow is not supported when using a packaged XO file with XOCC.
Add Instance compute grp_compute_fu_800 800
Add Instance store grp_store_fu_912 912
Add Instance load grp_load_fu_938 938
INFO: [Common 17-206] Exiting Vivado at Fri Sep 15 23:34:27 2017...
Vivado HLS completed successfully
INFO: [HLS 200-112] Total elapsed time: 208.26 seconds; peak allocated memory: 148.754 MB.
