INFO: Found 1 platforms
INFO: Selected platform 0 from Xilinx
INFO: Selected xilinx:adm-pcie-7v3:1ddr:3.0 as the target device
INFO: Loading blur-cosim-unroll1-tile64x64.xclbin
INFO: Found 1 platforms
INFO: Selected platform 0 from Xilinx
INFO: Selected xilinx:adm-pcie-7v3:1ddr:3.0 as the target device
INFO: Loading blur-cosim-unroll1-tile64x64.xclbin
INFO: [SDx-EM 01] Hardware emulation runs detailed simulation underneath. It may take long time for large data set. Please use a small dataset for faster execution. You can still get performance trend for your kernel with smaller dataset.
host: tile_num_dim0 = 33, tile_num_dim1 = 17
host: var_blur_y_extent_0 = 1998, var_blur_y_extent_1 = 998
host: var_blur_y_min_0 = 0, var_blur_y_min_1 = 0
Info: Emulation mode.
INFO: [SDx-EM 22] [Wall clock time: 13:45, Emulation time: 3.1676 ms] Data transfer between kernel(s) and global memory(s)
BANK0          RD = 24.000 KB              WR = 8.000 KB        

INFO: [SDx-EM 22] [Wall clock time: 13:50, Emulation time: 5.50536 ms] Data transfer between kernel(s) and global memory(s)
BANK0          RD = 24.000 KB              WR = 8.000 KB        

INFO: [SDx-EM 22] [Wall clock time: 13:55, Emulation time: 8.402 ms] Data transfer between kernel(s) and global memory(s)
BANK0          RD = 40.000 KB              WR = 24.000 KB       

INFO: [SDx-EM 22] [Wall clock time: 14:00, Emulation time: 12.5563 ms] Data transfer between kernel(s) and global memory(s)
BANK0          RD = 48.000 KB              WR = 32.000 KB       

INFO: [SDx-EM 22] [Wall clock time: 14:06, Emulation time: 16.9538 ms] Data transfer between kernel(s) and global memory(s)
BANK0          RD = 64.000 KB              WR = 48.000 KB       

INFO: [SDx-EM 22] [Wall clock time: 14:11, Emulation time: 21.3905 ms] Data transfer between kernel(s) and global memory(s)
BANK0          RD = 72.000 KB              WR = 56.000 KB       

INFO: [SDx-EM 22] [Wall clock time: 14:16, Emulation time: 25.7611 ms] Data transfer between kernel(s) and global memory(s)
BANK0          RD = 88.000 KB              WR = 72.000 KB       

INFO: [SDx-EM 22] [Wall clock time: 14:21, Emulation time: 30.3464 ms] Data transfer between kernel(s) and global memory(s)
BANK0          RD = 96.000 KB              WR = 80.000 KB       

INFO: [SDx-EM 22] [Wall clock time: 14:26, Emulation time: 34.7711 ms] Data transfer between kernel(s) and global memory(s)
BANK0          RD = 112.000 KB             WR = 96.000 KB       

INFO: [SDx-EM 22] [Wall clock time: 14:31, Emulation time: 39.0628 ms] Data transfer between kernel(s) and global memory(s)
BANK0          RD = 128.000 KB             WR = 112.000 KB      

INFO: [SDx-EM 22] [Wall clock time: 14:37, Emulation time: 43.2488 ms] Data transfer between kernel(s) and global memory(s)
BANK0          RD = 136.000 KB             WR = 120.000 KB      

INFO: [SDx-EM 22] [Wall clock time: 14:42, Emulation time: 47.5033 ms] Data transfer between kernel(s) and global memory(s)
BANK0          RD = 152.000 KB             WR = 136.000 KB      

INFO: [SDx-EM 22] [Wall clock time: 14:47, Emulation time: 51.7571 ms] Data transfer between kernel(s) and global memory(s)
BANK0          RD = 160.000 KB             WR = 144.000 KB      

INFO: [SDx-EM 22] [Wall clock time: 14:52, Emulation time: 55.9427 ms] Data transfer between kernel(s) and global memory(s)
BANK0          RD = 176.000 KB             WR = 160.000 KB      

INFO: [SDx-EM 22] [Wall clock time: 14:57, Emulation time: 60.1721 ms] Data transfer between kernel(s) and global memory(s)
BANK0          RD = 184.000 KB             WR = 168.000 KB      

INFO: [SDx-EM 22] [Wall clock time: 15:02, Emulation time: 64.3622 ms] Data transfer between kernel(s) and global memory(s)
BANK0          RD = 200.000 KB             WR = 184.000 KB      

INFO: [SDx-EM 22] [Wall clock time: 15:08, Emulation time: 68.568 ms] Data transfer between kernel(s) and global memory(s)
BANK0          RD = 208.000 KB             WR = 192.000 KB      

INFO: [SDx-EM 22] [Wall clock time: 15:13, Emulation time: 72.8094 ms] Data transfer between kernel(s) and global memory(s)
BANK0          RD = 224.000 KB             WR = 208.000 KB      

INFO: [SDx-EM 22] [Wall clock time: 15:18, Emulation time: 77.0839 ms] Data transfer between kernel(s) and global memory(s)
BANK0          RD = 232.000 KB             WR = 216.000 KB      

INFO: [SDx-EM 22] [Wall clock time: 15:23, Emulation time: 81.4279 ms] Data transfer between kernel(s) and global memory(s)
BANK0          RD = 248.000 KB             WR = 232.000 KB      

INFO: [SDx-EM 22] [Wall clock time: 15:28, Emulation time: 85.8697 ms] Data transfer between kernel(s) and global memory(s)
BANK0          RD = 264.000 KB             WR = 248.000 KB      

INFO: [SDx-EM 22] [Wall clock time: 15:33, Emulation time: 90.2936 ms] Data transfer between kernel(s) and global memory(s)
BANK0          RD = 272.000 KB             WR = 256.000 KB      

INFO: [SDx-EM 22] [Wall clock time: 15:39, Emulation time: 94.6531 ms] Data transfer between kernel(s) and global memory(s)
BANK0          RD = 288.000 KB             WR = 272.000 KB      

INFO: [SDx-EM 22] [Wall clock time: 15:44, Emulation time: 98.8864 ms] Data transfer between kernel(s) and global memory(s)
BANK0          RD = 296.000 KB             WR = 280.000 KB      

INFO: [SDx-EM 22] [Wall clock time: 15:49, Emulation time: 103.501 ms] Data transfer between kernel(s) and global memory(s)
BANK0          RD = 312.000 KB             WR = 296.000 KB      

INFO: [SDx-EM 22] [Wall clock time: 15:54, Emulation time: 108.134 ms] Data transfer between kernel(s) and global memory(s)
BANK0          RD = 328.000 KB             WR = 312.000 KB      

INFO: [SDx-EM 22] [Wall clock time: 15:59, Emulation time: 112.759 ms] Data transfer between kernel(s) and global memory(s)
BANK0          RD = 336.000 KB             WR = 320.000 KB      

INFO: [SDx-EM 22] [Wall clock time: 16:04, Emulation time: 117.384 ms] Data transfer between kernel(s) and global memory(s)
BANK0          RD = 352.000 KB             WR = 336.000 KB      

INFO: [SDx-EM 22] [Wall clock time: 16:10, Emulation time: 121.98 ms] Data transfer between kernel(s) and global memory(s)
BANK0          RD = 368.000 KB             WR = 352.000 KB      

INFO: [SDx-EM 22] [Wall clock time: 16:15, Emulation time: 126.605 ms] Data transfer between kernel(s) and global memory(s)
BANK0          RD = 376.000 KB             WR = 360.000 KB      

INFO: [SDx-EM 22] [Wall clock time: 16:20, Emulation time: 131.227 ms] Data transfer between kernel(s) and global memory(s)
BANK0          RD = 392.000 KB             WR = 376.000 KB      

INFO: [SDx-EM 22] [Wall clock time: 16:25, Emulation time: 135.668 ms] Data transfer between kernel(s) and global memory(s)
BANK0          RD = 408.000 KB             WR = 392.000 KB      

INFO: [SDx-EM 22] [Wall clock time: 16:30, Emulation time: 139.848 ms] Data transfer between kernel(s) and global memory(s)
BANK0          RD = 416.000 KB             WR = 400.000 KB      

INFO: [SDx-EM 22] [Wall clock time: 16:35, Emulation time: 144.015 ms] Data transfer between kernel(s) and global memory(s)
BANK0          RD = 432.000 KB             WR = 416.000 KB      

INFO: [SDx-EM 22] [Wall clock time: 16:41, Emulation time: 148.181 ms] Data transfer between kernel(s) and global memory(s)
BANK0          RD = 440.000 KB             WR = 424.000 KB      

INFO: [SDx-EM 22] [Wall clock time: 16:46, Emulation time: 152.32 ms] Data transfer between kernel(s) and global memory(s)
BANK0          RD = 456.000 KB             WR = 440.000 KB      

INFO: [SDx-EM 22] [Wall clock time: 16:51, Emulation time: 156.46 ms] Data transfer between kernel(s) and global memory(s)
BANK0          RD = 464.000 KB             WR = 448.000 KB      

INFO: [SDx-EM 22] [Wall clock time: 16:56, Emulation time: 160.602 ms] Data transfer between kernel(s) and global memory(s)
BANK0          RD = 480.000 KB             WR = 464.000 KB      

INFO: [SDx-EM 22] [Wall clock time: 17:01, Emulation time: 165.111 ms] Data transfer between kernel(s) and global memory(s)
BANK0          RD = 488.000 KB             WR = 472.000 KB      

INFO: [SDx-EM 22] [Wall clock time: 17:06, Emulation time: 169.7 ms] Data transfer between kernel(s) and global memory(s)
BANK0          RD = 504.000 KB             WR = 488.000 KB      

INFO: [SDx-EM 22] [Wall clock time: 17:12, Emulation time: 174.233 ms] Data transfer between kernel(s) and global memory(s)
BANK0          RD = 512.000 KB             WR = 496.000 KB      

INFO: [SDx-EM 22] [Wall clock time: 17:17, Emulation time: 179.035 ms] Data transfer between kernel(s) and global memory(s)
BANK0          RD = 528.000 KB             WR = 512.000 KB      

INFO: [SDx-EM 22] [Wall clock time: 17:22, Emulation time: 183.864 ms] Data transfer between kernel(s) and global memory(s)
BANK0          RD = 544.000 KB             WR = 528.000 KB      

INFO: [SDx-EM 22] [Wall clock time: 17:27, Emulation time: 188.685 ms] Data transfer between kernel(s) and global memory(s)
BANK0          RD = 560.000 KB             WR = 544.000 KB      

INFO: [SDx-EM 22] [Wall clock time: 17:32, Emulation time: 193.501 ms] Data transfer between kernel(s) and global memory(s)
BANK0          RD = 568.000 KB             WR = 552.000 KB      

INFO: [SDx-EM 22] [Wall clock time: 17:37, Emulation time: 198.309 ms] Data transfer between kernel(s) and global memory(s)
BANK0          RD = 584.000 KB             WR = 568.000 KB      

INFO: [SDx-EM 22] [Wall clock time: 17:43, Emulation time: 203.138 ms] Data transfer between kernel(s) and global memory(s)
BANK0          RD = 600.000 KB             WR = 584.000 KB      

INFO: [SDx-EM 22] [Wall clock time: 17:48, Emulation time: 207.972 ms] Data transfer between kernel(s) and global memory(s)
BANK0          RD = 616.000 KB             WR = 600.000 KB      

INFO: [SDx-EM 22] [Wall clock time: 17:53, Emulation time: 212.848 ms] Data transfer between kernel(s) and global memory(s)
BANK0          RD = 624.000 KB             WR = 608.000 KB      

INFO: [SDx-EM 22] [Wall clock time: 17:58, Emulation time: 217.728 ms] Data transfer between kernel(s) and global memory(s)
BANK0          RD = 640.000 KB             WR = 624.000 KB      

INFO: [SDx-EM 22] [Wall clock time: 18:03, Emulation time: 222.607 ms] Data transfer between kernel(s) and global memory(s)
BANK0          RD = 656.000 KB             WR = 640.000 KB      

INFO: [SDx-EM 22] [Wall clock time: 18:08, Emulation time: 227.49 ms] Data transfer between kernel(s) and global memory(s)
BANK0          RD = 672.000 KB             WR = 656.000 KB      

INFO: [SDx-EM 22] [Wall clock time: 18:14, Emulation time: 232.366 ms] Data transfer between kernel(s) and global memory(s)
BANK0          RD = 680.000 KB             WR = 664.000 KB      

INFO: [SDx-EM 22] [Wall clock time: 18:19, Emulation time: 237.267 ms] Data transfer between kernel(s) and global memory(s)
BANK0          RD = 696.000 KB             WR = 680.000 KB      

INFO: [SDx-EM 22] [Wall clock time: 18:24, Emulation time: 242.158 ms] Data transfer between kernel(s) and global memory(s)
BANK0          RD = 712.000 KB             WR = 696.000 KB      

INFO: [SDx-EM 22] [Wall clock time: 18:29, Emulation time: 247.054 ms] Data transfer between kernel(s) and global memory(s)
BANK0          RD = 728.000 KB             WR = 712.000 KB      

INFO: [SDx-EM 22] [Wall clock time: 18:34, Emulation time: 251.963 ms] Data transfer between kernel(s) and global memory(s)
BANK0          RD = 744.000 KB             WR = 728.000 KB      

INFO: [SDx-EM 22] [Wall clock time: 18:39, Emulation time: 256.843 ms] Data transfer between kernel(s) and global memory(s)
BANK0          RD = 752.000 KB             WR = 736.000 KB      

INFO: [SDx-EM 22] [Wall clock time: 18:45, Emulation time: 261.741 ms] Data transfer between kernel(s) and global memory(s)
BANK0          RD = 768.000 KB             WR = 752.000 KB      

INFO: [SDx-EM 22] [Wall clock time: 18:50, Emulation time: 266.64 ms] Data transfer between kernel(s) and global memory(s)
BANK0          RD = 784.000 KB             WR = 768.000 KB      

INFO: [SDx-EM 22] [Wall clock time: 18:55, Emulation time: 271.537 ms] Data transfer between kernel(s) and global memory(s)
BANK0          RD = 800.000 KB             WR = 784.000 KB      

INFO: [SDx-EM 22] [Wall clock time: 19:00, Emulation time: 276.443 ms] Data transfer between kernel(s) and global memory(s)
BANK0          RD = 808.000 KB             WR = 792.000 KB      

INFO: [SDx-EM 22] [Wall clock time: 19:05, Emulation time: 281.307 ms] Data transfer between kernel(s) and global memory(s)
BANK0          RD = 824.000 KB             WR = 808.000 KB      

INFO: [SDx-EM 22] [Wall clock time: 19:10, Emulation time: 286.171 ms] Data transfer between kernel(s) and global memory(s)
BANK0          RD = 840.000 KB             WR = 824.000 KB      

INFO: [SDx-EM 22] [Wall clock time: 19:16, Emulation time: 291.047 ms] Data transfer between kernel(s) and global memory(s)
BANK0          RD = 856.000 KB             WR = 840.000 KB      

INFO: [SDx-EM 22] [Wall clock time: 19:21, Emulation time: 295.919 ms] Data transfer between kernel(s) and global memory(s)
BANK0          RD = 864.000 KB             WR = 848.000 KB      

INFO: [SDx-EM 22] [Wall clock time: 19:26, Emulation time: 300.781 ms] Data transfer between kernel(s) and global memory(s)
BANK0          RD = 880.000 KB             WR = 864.000 KB      

INFO: [SDx-EM 22] [Wall clock time: 19:31, Emulation time: 305.632 ms] Data transfer between kernel(s) and global memory(s)
BANK0          RD = 896.000 KB             WR = 880.000 KB      

INFO: [SDx-EM 22] [Wall clock time: 19:36, Emulation time: 310.514 ms] Data transfer between kernel(s) and global memory(s)
BANK0          RD = 912.000 KB             WR = 896.000 KB      

INFO: [SDx-EM 22] [Wall clock time: 19:41, Emulation time: 315.405 ms] Data transfer between kernel(s) and global memory(s)
BANK0          RD = 920.000 KB             WR = 904.000 KB      

INFO: [SDx-EM 22] [Wall clock time: 19:47, Emulation time: 320.272 ms] Data transfer between kernel(s) and global memory(s)
BANK0          RD = 936.000 KB             WR = 920.000 KB      

INFO: [SDx-EM 22] [Wall clock time: 19:52, Emulation time: 325.16 ms] Data transfer between kernel(s) and global memory(s)
BANK0          RD = 952.000 KB             WR = 936.000 KB      

INFO: [SDx-EM 22] [Wall clock time: 19:57, Emulation time: 330.041 ms] Data transfer between kernel(s) and global memory(s)
BANK0          RD = 968.000 KB             WR = 952.000 KB      

INFO: [SDx-EM 22] [Wall clock time: 20:02, Emulation time: 334.92 ms] Data transfer between kernel(s) and global memory(s)
BANK0          RD = 976.000 KB             WR = 960.000 KB      

INFO: [SDx-EM 22] [Wall clock time: 20:07, Emulation time: 339.801 ms] Data transfer between kernel(s) and global memory(s)
BANK0          RD = 992.000 KB             WR = 976.000 KB      

INFO: [SDx-EM 22] [Wall clock time: 20:12, Emulation time: 344.687 ms] Data transfer between kernel(s) and global memory(s)
BANK0          RD = 1008.000 KB            WR = 992.000 KB      

INFO: [SDx-EM 22] [Wall clock time: 20:18, Emulation time: 349.546 ms] Data transfer between kernel(s) and global memory(s)
BANK0          RD = 1024.000 KB            WR = 1008.000 KB     

INFO: [SDx-EM 22] [Wall clock time: 20:23, Emulation time: 354.38 ms] Data transfer between kernel(s) and global memory(s)
BANK0          RD = 1040.000 KB            WR = 1024.000 KB     

INFO: [SDx-EM 22] [Wall clock time: 20:28, Emulation time: 359.272 ms] Data transfer between kernel(s) and global memory(s)
BANK0          RD = 1048.000 KB            WR = 1032.000 KB     

INFO: [SDx-EM 22] [Wall clock time: 20:33, Emulation time: 364.169 ms] Data transfer between kernel(s) and global memory(s)
BANK0          RD = 1064.000 KB            WR = 1048.000 KB     

INFO: [SDx-EM 22] [Wall clock time: 20:38, Emulation time: 369.062 ms] Data transfer between kernel(s) and global memory(s)
BANK0          RD = 1080.000 KB            WR = 1064.000 KB     

INFO: [SDx-EM 22] [Wall clock time: 20:43, Emulation time: 373.954 ms] Data transfer between kernel(s) and global memory(s)
BANK0          RD = 1096.000 KB            WR = 1080.000 KB     

INFO: [SDx-EM 22] [Wall clock time: 20:49, Emulation time: 378.844 ms] Data transfer between kernel(s) and global memory(s)
BANK0          RD = 1104.000 KB            WR = 1088.000 KB     

INFO: [SDx-EM 22] [Wall clock time: 20:54, Emulation time: 383.758 ms] Data transfer between kernel(s) and global memory(s)
BANK0          RD = 1120.000 KB            WR = 1104.000 KB     

INFO: [SDx-EM 22] [Wall clock time: 20:59, Emulation time: 388.702 ms] Data transfer between kernel(s) and global memory(s)
BANK0          RD = 1136.000 KB            WR = 1120.000 KB     

INFO: [SDx-EM 22] [Wall clock time: 21:04, Emulation time: 393.613 ms] Data transfer between kernel(s) and global memory(s)
BANK0          RD = 1152.000 KB            WR = 1136.000 KB     

INFO: [SDx-EM 22] [Wall clock time: 21:09, Emulation time: 398.536 ms] Data transfer between kernel(s) and global memory(s)
BANK0          RD = 1160.000 KB            WR = 1144.000 KB     

INFO: [SDx-EM 22] [Wall clock time: 21:14, Emulation time: 403.478 ms] Data transfer between kernel(s) and global memory(s)
BANK0          RD = 1176.000 KB            WR = 1160.000 KB     

INFO: [SDx-EM 22] [Wall clock time: 21:20, Emulation time: 408.422 ms] Data transfer between kernel(s) and global memory(s)
BANK0          RD = 1192.000 KB            WR = 1176.000 KB     

INFO: [SDx-EM 22] [Wall clock time: 21:25, Emulation time: 413.349 ms] Data transfer between kernel(s) and global memory(s)
BANK0          RD = 1208.000 KB            WR = 1192.000 KB     

INFO: [SDx-EM 22] [Wall clock time: 21:30, Emulation time: 418.269 ms] Data transfer between kernel(s) and global memory(s)
BANK0          RD = 1224.000 KB            WR = 1208.000 KB     

INFO: [SDx-EM 22] [Wall clock time: 21:35, Emulation time: 423.199 ms] Data transfer between kernel(s) and global memory(s)
BANK0          RD = 1232.000 KB            WR = 1216.000 KB     

INFO: [SDx-EM 22] [Wall clock time: 21:40, Emulation time: 428.132 ms] Data transfer between kernel(s) and global memory(s)
BANK0          RD = 1248.000 KB            WR = 1232.000 KB     

INFO: [SDx-EM 22] [Wall clock time: 21:45, Emulation time: 433.047 ms] Data transfer between kernel(s) and global memory(s)
BANK0          RD = 1264.000 KB            WR = 1248.000 KB     

INFO: [SDx-EM 22] [Wall clock time: 21:51, Emulation time: 438 ms] Data transfer between kernel(s) and global memory(s)
BANK0          RD = 1280.000 KB            WR = 1264.000 KB     

INFO: [SDx-EM 22] [Wall clock time: 21:56, Emulation time: 442.946 ms] Data transfer between kernel(s) and global memory(s)
BANK0          RD = 1296.000 KB            WR = 1280.000 KB     

INFO: [SDx-EM 22] [Wall clock time: 22:01, Emulation time: 447.882 ms] Data transfer between kernel(s) and global memory(s)
BANK0          RD = 1304.000 KB            WR = 1288.000 KB     

INFO: [SDx-EM 22] [Wall clock time: 22:06, Emulation time: 452.829 ms] Data transfer between kernel(s) and global memory(s)
BANK0          RD = 1320.000 KB            WR = 1304.000 KB     

INFO: [SDx-EM 22] [Wall clock time: 22:11, Emulation time: 457.81 ms] Data transfer between kernel(s) and global memory(s)
BANK0          RD = 1336.000 KB            WR = 1320.000 KB     

INFO: [SDx-EM 22] [Wall clock time: 22:16, Emulation time: 462.781 ms] Data transfer between kernel(s) and global memory(s)
BANK0          RD = 1352.000 KB            WR = 1336.000 KB     

INFO: [SDx-EM 22] [Wall clock time: 22:22, Emulation time: 467.732 ms] Data transfer between kernel(s) and global memory(s)
BANK0          RD = 1360.000 KB            WR = 1344.000 KB     

INFO: [SDx-EM 22] [Wall clock time: 22:27, Emulation time: 472.678 ms] Data transfer between kernel(s) and global memory(s)
BANK0          RD = 1376.000 KB            WR = 1360.000 KB     

