INFO: Found 1 platforms
INFO: Selected platform 0 from Xilinx
INFO: Selected xilinx:adm-pcie-7v3:1ddr:3.0 as the target device
INFO: Loading blur-cosim-unroll1-tile256x128.xclbin
INFO: Found 1 platforms
INFO: Selected platform 0 from Xilinx
INFO: Selected xilinx:adm-pcie-7v3:1ddr:3.0 as the target device
INFO: Loading blur-cosim-unroll1-tile256x128.xclbin
INFO: [SDx-EM 01] Hardware emulation runs detailed simulation underneath. It may take long time for large data set. Please use a small dataset for faster execution. You can still get performance trend for your kernel with smaller dataset.
host: tile_num_dim0 = 8, tile_num_dim1 = 8
host: var_blur_y_extent_0 = 1998, var_blur_y_extent_1 = 998
host: var_blur_y_min_0 = 0, var_blur_y_min_1 = 0
Info: Emulation mode.
INFO: [SDx-EM 22] [Wall clock time: 13:45, Emulation time: 0.679263 ms] Data transfer between kernel(s) and global memory(s)
BANK0          RD = 128.000 KB             WR = 0.000 KB        

INFO: [SDx-EM 22] [Wall clock time: 13:50, Emulation time: 1.305 ms] Data transfer between kernel(s) and global memory(s)
BANK0          RD = 128.000 KB             WR = 0.000 KB        

INFO: [SDx-EM 22] [Wall clock time: 13:55, Emulation time: 2.76921 ms] Data transfer between kernel(s) and global memory(s)
BANK0          RD = 128.000 KB             WR = 0.000 KB        

INFO: [SDx-EM 22] [Wall clock time: 14:00, Emulation time: 5.32807 ms] Data transfer between kernel(s) and global memory(s)
BANK0          RD = 128.000 KB             WR = 0.000 KB        

INFO: [SDx-EM 22] [Wall clock time: 14:06, Emulation time: 8.31339 ms] Data transfer between kernel(s) and global memory(s)
BANK0          RD = 128.000 KB             WR = 0.000 KB        

INFO: [SDx-EM 22] [Wall clock time: 14:11, Emulation time: 11.338 ms] Data transfer between kernel(s) and global memory(s)
BANK0          RD = 128.000 KB             WR = 0.000 KB        

INFO: [SDx-EM 22] [Wall clock time: 14:16, Emulation time: 14.2988 ms] Data transfer between kernel(s) and global memory(s)
BANK0          RD = 128.000 KB             WR = 0.000 KB        

INFO: [SDx-EM 22] [Wall clock time: 14:21, Emulation time: 17.5547 ms] Data transfer between kernel(s) and global memory(s)
BANK0          RD = 128.000 KB             WR = 0.000 KB        

INFO: [SDx-EM 22] [Wall clock time: 14:26, Emulation time: 20.84 ms] Data transfer between kernel(s) and global memory(s)
BANK0          RD = 128.000 KB             WR = 0.000 KB        

INFO: [SDx-EM 22] [Wall clock time: 14:31, Emulation time: 23.9845 ms] Data transfer between kernel(s) and global memory(s)
BANK0          RD = 128.000 KB             WR = 0.000 KB        

INFO: [SDx-EM 22] [Wall clock time: 14:37, Emulation time: 27.3308 ms] Data transfer between kernel(s) and global memory(s)
BANK0          RD = 128.000 KB             WR = 0.000 KB        

INFO: [SDx-EM 22] [Wall clock time: 14:42, Emulation time: 30.8362 ms] Data transfer between kernel(s) and global memory(s)
BANK0          RD = 128.000 KB             WR = 0.000 KB        

INFO: [SDx-EM 22] [Wall clock time: 14:47, Emulation time: 34.3362 ms] Data transfer between kernel(s) and global memory(s)
BANK0          RD = 128.000 KB             WR = 0.000 KB        

INFO: [SDx-EM 22] [Wall clock time: 14:52, Emulation time: 37.7887 ms] Data transfer between kernel(s) and global memory(s)
BANK0          RD = 128.000 KB             WR = 0.000 KB        

INFO: [SDx-EM 22] [Wall clock time: 14:57, Emulation time: 41.1334 ms] Data transfer between kernel(s) and global memory(s)
BANK0          RD = 128.000 KB             WR = 0.000 KB        

INFO: [SDx-EM 22] [Wall clock time: 15:02, Emulation time: 44.485 ms] Data transfer between kernel(s) and global memory(s)
BANK0          RD = 128.000 KB             WR = 0.000 KB        

INFO: [SDx-EM 22] [Wall clock time: 15:08, Emulation time: 47.907 ms] Data transfer between kernel(s) and global memory(s)
BANK0          RD = 128.000 KB             WR = 0.000 KB        

INFO: [SDx-EM 22] [Wall clock time: 15:13, Emulation time: 51.3308 ms] Data transfer between kernel(s) and global memory(s)
BANK0          RD = 128.000 KB             WR = 0.000 KB        

INFO: [SDx-EM 22] [Wall clock time: 15:18, Emulation time: 54.7181 ms] Data transfer between kernel(s) and global memory(s)
BANK0          RD = 128.000 KB             WR = 0.000 KB        

INFO: [SDx-EM 22] [Wall clock time: 15:23, Emulation time: 58.0524 ms] Data transfer between kernel(s) and global memory(s)
BANK0          RD = 128.000 KB             WR = 0.000 KB        

INFO: [SDx-EM 22] [Wall clock time: 15:28, Emulation time: 61.234 ms] Data transfer between kernel(s) and global memory(s)
BANK0          RD = 128.000 KB             WR = 0.000 KB        

INFO: [SDx-EM 22] [Wall clock time: 15:33, Emulation time: 64.4386 ms] Data transfer between kernel(s) and global memory(s)
BANK0          RD = 128.000 KB             WR = 0.000 KB        

INFO: [SDx-EM 22] [Wall clock time: 15:39, Emulation time: 67.7912 ms] Data transfer between kernel(s) and global memory(s)
BANK0          RD = 128.000 KB             WR = 0.000 KB        

INFO: [SDx-EM 22] [Wall clock time: 15:44, Emulation time: 70.9854 ms] Data transfer between kernel(s) and global memory(s)
BANK0          RD = 128.000 KB             WR = 0.000 KB        

INFO: [SDx-EM 22] [Wall clock time: 15:49, Emulation time: 74.268 ms] Data transfer between kernel(s) and global memory(s)
BANK0          RD = 128.000 KB             WR = 0.000 KB        

INFO: [SDx-EM 22] [Wall clock time: 15:54, Emulation time: 77.522 ms] Data transfer between kernel(s) and global memory(s)
BANK0          RD = 128.000 KB             WR = 0.000 KB        

INFO: [SDx-EM 22] [Wall clock time: 15:59, Emulation time: 80.7763 ms] Data transfer between kernel(s) and global memory(s)
BANK0          RD = 128.000 KB             WR = 0.000 KB        

INFO: [SDx-EM 22] [Wall clock time: 16:04, Emulation time: 84.0088 ms] Data transfer between kernel(s) and global memory(s)
BANK0          RD = 128.000 KB             WR = 0.000 KB        

INFO: [SDx-EM 22] [Wall clock time: 16:10, Emulation time: 87.2273 ms] Data transfer between kernel(s) and global memory(s)
BANK0          RD = 128.000 KB             WR = 0.000 KB        

INFO: [SDx-EM 22] [Wall clock time: 16:15, Emulation time: 90.6339 ms] Data transfer between kernel(s) and global memory(s)
BANK0          RD = 192.000 KB             WR = 64.000 KB       

INFO: [SDx-EM 22] [Wall clock time: 16:20, Emulation time: 93.8336 ms] Data transfer between kernel(s) and global memory(s)
BANK0          RD = 192.000 KB             WR = 64.000 KB       

INFO: [SDx-EM 22] [Wall clock time: 16:25, Emulation time: 97.3094 ms] Data transfer between kernel(s) and global memory(s)
BANK0          RD = 192.000 KB             WR = 64.000 KB       

INFO: [SDx-EM 22] [Wall clock time: 16:30, Emulation time: 100.762 ms] Data transfer between kernel(s) and global memory(s)
BANK0          RD = 192.000 KB             WR = 64.000 KB       

INFO: [SDx-EM 22] [Wall clock time: 16:35, Emulation time: 104.206 ms] Data transfer between kernel(s) and global memory(s)
BANK0          RD = 192.000 KB             WR = 64.000 KB       

INFO: [SDx-EM 22] [Wall clock time: 16:41, Emulation time: 107.648 ms] Data transfer between kernel(s) and global memory(s)
BANK0          RD = 192.000 KB             WR = 64.000 KB       

INFO: [SDx-EM 22] [Wall clock time: 16:46, Emulation time: 111.074 ms] Data transfer between kernel(s) and global memory(s)
BANK0          RD = 192.000 KB             WR = 64.000 KB       

INFO: [SDx-EM 22] [Wall clock time: 16:51, Emulation time: 114.494 ms] Data transfer between kernel(s) and global memory(s)
BANK0          RD = 192.000 KB             WR = 64.000 KB       

INFO: [SDx-EM 22] [Wall clock time: 16:56, Emulation time: 117.908 ms] Data transfer between kernel(s) and global memory(s)
BANK0          RD = 192.000 KB             WR = 64.000 KB       

INFO: [SDx-EM 22] [Wall clock time: 17:01, Emulation time: 121.484 ms] Data transfer between kernel(s) and global memory(s)
BANK0          RD = 192.000 KB             WR = 64.000 KB       

INFO: [SDx-EM 22] [Wall clock time: 17:06, Emulation time: 124.919 ms] Data transfer between kernel(s) and global memory(s)
BANK0          RD = 192.000 KB             WR = 64.000 KB       

INFO: [SDx-EM 22] [Wall clock time: 17:12, Emulation time: 128.339 ms] Data transfer between kernel(s) and global memory(s)
BANK0          RD = 192.000 KB             WR = 64.000 KB       

INFO: [SDx-EM 22] [Wall clock time: 17:17, Emulation time: 131.763 ms] Data transfer between kernel(s) and global memory(s)
BANK0          RD = 192.000 KB             WR = 64.000 KB       

INFO: [SDx-EM 22] [Wall clock time: 17:22, Emulation time: 135.195 ms] Data transfer between kernel(s) and global memory(s)
BANK0          RD = 192.000 KB             WR = 64.000 KB       

INFO: [SDx-EM 22] [Wall clock time: 17:27, Emulation time: 138.645 ms] Data transfer between kernel(s) and global memory(s)
BANK0          RD = 192.000 KB             WR = 64.000 KB       

INFO: [SDx-EM 22] [Wall clock time: 17:32, Emulation time: 142.086 ms] Data transfer between kernel(s) and global memory(s)
BANK0          RD = 192.000 KB             WR = 64.000 KB       

INFO: [SDx-EM 22] [Wall clock time: 17:37, Emulation time: 145.526 ms] Data transfer between kernel(s) and global memory(s)
BANK0          RD = 192.000 KB             WR = 64.000 KB       

INFO: [SDx-EM 22] [Wall clock time: 17:43, Emulation time: 149.195 ms] Data transfer between kernel(s) and global memory(s)
BANK0          RD = 192.000 KB             WR = 64.000 KB       

INFO: [SDx-EM 22] [Wall clock time: 17:48, Emulation time: 152.945 ms] Data transfer between kernel(s) and global memory(s)
BANK0          RD = 192.000 KB             WR = 64.000 KB       

INFO: [SDx-EM 22] [Wall clock time: 17:53, Emulation time: 156.751 ms] Data transfer between kernel(s) and global memory(s)
BANK0          RD = 192.000 KB             WR = 64.000 KB       

INFO: [SDx-EM 22] [Wall clock time: 17:58, Emulation time: 160.613 ms] Data transfer between kernel(s) and global memory(s)
BANK0          RD = 192.000 KB             WR = 64.000 KB       

INFO: [SDx-EM 22] [Wall clock time: 18:03, Emulation time: 164.471 ms] Data transfer between kernel(s) and global memory(s)
BANK0          RD = 192.000 KB             WR = 64.000 KB       

INFO: [SDx-EM 22] [Wall clock time: 18:08, Emulation time: 168.329 ms] Data transfer between kernel(s) and global memory(s)
BANK0          RD = 192.000 KB             WR = 64.000 KB       

INFO: [SDx-EM 22] [Wall clock time: 18:14, Emulation time: 172.213 ms] Data transfer between kernel(s) and global memory(s)
BANK0          RD = 192.000 KB             WR = 64.000 KB       

INFO: [SDx-EM 22] [Wall clock time: 18:19, Emulation time: 176.198 ms] Data transfer between kernel(s) and global memory(s)
BANK0          RD = 256.000 KB             WR = 128.000 KB      

INFO: [SDx-EM 22] [Wall clock time: 18:24, Emulation time: 180.169 ms] Data transfer between kernel(s) and global memory(s)
BANK0          RD = 256.000 KB             WR = 128.000 KB      

INFO: [SDx-EM 22] [Wall clock time: 18:29, Emulation time: 184.165 ms] Data transfer between kernel(s) and global memory(s)
BANK0          RD = 256.000 KB             WR = 128.000 KB      

INFO: [SDx-EM 22] [Wall clock time: 18:34, Emulation time: 188.158 ms] Data transfer between kernel(s) and global memory(s)
BANK0          RD = 256.000 KB             WR = 128.000 KB      

INFO: [SDx-EM 22] [Wall clock time: 18:39, Emulation time: 192.186 ms] Data transfer between kernel(s) and global memory(s)
BANK0          RD = 256.000 KB             WR = 128.000 KB      

INFO: [SDx-EM 22] [Wall clock time: 18:45, Emulation time: 196.235 ms] Data transfer between kernel(s) and global memory(s)
BANK0          RD = 256.000 KB             WR = 128.000 KB      

INFO: [SDx-EM 22] [Wall clock time: 18:50, Emulation time: 200.288 ms] Data transfer between kernel(s) and global memory(s)
BANK0          RD = 256.000 KB             WR = 128.000 KB      

INFO: [SDx-EM 22] [Wall clock time: 18:55, Emulation time: 204.335 ms] Data transfer between kernel(s) and global memory(s)
BANK0          RD = 256.000 KB             WR = 128.000 KB      

INFO: [SDx-EM 22] [Wall clock time: 19:00, Emulation time: 208.388 ms] Data transfer between kernel(s) and global memory(s)
BANK0          RD = 256.000 KB             WR = 128.000 KB      

INFO: [SDx-EM 22] [Wall clock time: 19:05, Emulation time: 212.438 ms] Data transfer between kernel(s) and global memory(s)
BANK0          RD = 256.000 KB             WR = 128.000 KB      

INFO: [SDx-EM 22] [Wall clock time: 19:10, Emulation time: 216.483 ms] Data transfer between kernel(s) and global memory(s)
BANK0          RD = 256.000 KB             WR = 128.000 KB      

INFO: [SDx-EM 22] [Wall clock time: 19:16, Emulation time: 220.537 ms] Data transfer between kernel(s) and global memory(s)
BANK0          RD = 256.000 KB             WR = 128.000 KB      

INFO: [SDx-EM 22] [Wall clock time: 19:21, Emulation time: 224.589 ms] Data transfer between kernel(s) and global memory(s)
BANK0          RD = 256.000 KB             WR = 128.000 KB      

INFO: [SDx-EM 22] [Wall clock time: 19:26, Emulation time: 228.633 ms] Data transfer between kernel(s) and global memory(s)
BANK0          RD = 256.000 KB             WR = 128.000 KB      

INFO: [SDx-EM 22] [Wall clock time: 19:31, Emulation time: 232.669 ms] Data transfer between kernel(s) and global memory(s)
BANK0          RD = 256.000 KB             WR = 128.000 KB      

INFO: [SDx-EM 22] [Wall clock time: 19:36, Emulation time: 236.727 ms] Data transfer between kernel(s) and global memory(s)
BANK0          RD = 256.000 KB             WR = 128.000 KB      

INFO: [SDx-EM 22] [Wall clock time: 19:41, Emulation time: 240.775 ms] Data transfer between kernel(s) and global memory(s)
BANK0          RD = 256.000 KB             WR = 128.000 KB      

INFO: [SDx-EM 22] [Wall clock time: 19:47, Emulation time: 244.828 ms] Data transfer between kernel(s) and global memory(s)
BANK0          RD = 256.000 KB             WR = 128.000 KB      

INFO: [SDx-EM 22] [Wall clock time: 19:52, Emulation time: 248.881 ms] Data transfer between kernel(s) and global memory(s)
BANK0          RD = 256.000 KB             WR = 128.000 KB      

INFO: [SDx-EM 22] [Wall clock time: 19:57, Emulation time: 252.937 ms] Data transfer between kernel(s) and global memory(s)
BANK0          RD = 256.000 KB             WR = 128.000 KB      

INFO: [SDx-EM 22] [Wall clock time: 20:02, Emulation time: 256.986 ms] Data transfer between kernel(s) and global memory(s)
BANK0          RD = 256.000 KB             WR = 128.000 KB      

INFO: [SDx-EM 22] [Wall clock time: 20:07, Emulation time: 261.04 ms] Data transfer between kernel(s) and global memory(s)
BANK0          RD = 256.000 KB             WR = 128.000 KB      

INFO: [SDx-EM 22] [Wall clock time: 20:12, Emulation time: 265.103 ms] Data transfer between kernel(s) and global memory(s)
BANK0          RD = 320.000 KB             WR = 192.000 KB      

INFO: [SDx-EM 22] [Wall clock time: 20:18, Emulation time: 269.133 ms] Data transfer between kernel(s) and global memory(s)
BANK0          RD = 320.000 KB             WR = 192.000 KB      

INFO: [SDx-EM 22] [Wall clock time: 20:23, Emulation time: 273.148 ms] Data transfer between kernel(s) and global memory(s)
BANK0          RD = 320.000 KB             WR = 192.000 KB      

INFO: [SDx-EM 22] [Wall clock time: 20:28, Emulation time: 277.22 ms] Data transfer between kernel(s) and global memory(s)
BANK0          RD = 320.000 KB             WR = 192.000 KB      

INFO: [SDx-EM 22] [Wall clock time: 20:33, Emulation time: 281.28 ms] Data transfer between kernel(s) and global memory(s)
BANK0          RD = 320.000 KB             WR = 192.000 KB      

INFO: [SDx-EM 22] [Wall clock time: 20:38, Emulation time: 285.343 ms] Data transfer between kernel(s) and global memory(s)
BANK0          RD = 320.000 KB             WR = 192.000 KB      

INFO: [SDx-EM 22] [Wall clock time: 20:43, Emulation time: 289.433 ms] Data transfer between kernel(s) and global memory(s)
BANK0          RD = 320.000 KB             WR = 192.000 KB      

INFO: [SDx-EM 22] [Wall clock time: 20:49, Emulation time: 293.552 ms] Data transfer between kernel(s) and global memory(s)
BANK0          RD = 320.000 KB             WR = 192.000 KB      

INFO: [SDx-EM 22] [Wall clock time: 20:54, Emulation time: 297.687 ms] Data transfer between kernel(s) and global memory(s)
BANK0          RD = 320.000 KB             WR = 192.000 KB      

INFO: [SDx-EM 22] [Wall clock time: 20:59, Emulation time: 301.841 ms] Data transfer between kernel(s) and global memory(s)
BANK0          RD = 320.000 KB             WR = 192.000 KB      

INFO: [SDx-EM 22] [Wall clock time: 21:04, Emulation time: 305.965 ms] Data transfer between kernel(s) and global memory(s)
BANK0          RD = 320.000 KB             WR = 192.000 KB      

INFO: [SDx-EM 22] [Wall clock time: 21:09, Emulation time: 310.111 ms] Data transfer between kernel(s) and global memory(s)
BANK0          RD = 320.000 KB             WR = 192.000 KB      

INFO: [SDx-EM 22] [Wall clock time: 21:14, Emulation time: 314.271 ms] Data transfer between kernel(s) and global memory(s)
BANK0          RD = 320.000 KB             WR = 192.000 KB      

INFO: [SDx-EM 22] [Wall clock time: 21:20, Emulation time: 318.455 ms] Data transfer between kernel(s) and global memory(s)
BANK0          RD = 320.000 KB             WR = 192.000 KB      

INFO: [SDx-EM 22] [Wall clock time: 21:25, Emulation time: 322.614 ms] Data transfer between kernel(s) and global memory(s)
BANK0          RD = 320.000 KB             WR = 192.000 KB      

INFO: [SDx-EM 22] [Wall clock time: 21:30, Emulation time: 326.776 ms] Data transfer between kernel(s) and global memory(s)
BANK0          RD = 320.000 KB             WR = 192.000 KB      

INFO: [SDx-EM 22] [Wall clock time: 21:35, Emulation time: 330.944 ms] Data transfer between kernel(s) and global memory(s)
BANK0          RD = 320.000 KB             WR = 192.000 KB      

INFO: [SDx-EM 22] [Wall clock time: 21:40, Emulation time: 335.107 ms] Data transfer between kernel(s) and global memory(s)
BANK0          RD = 320.000 KB             WR = 192.000 KB      

INFO: [SDx-EM 22] [Wall clock time: 21:45, Emulation time: 339.283 ms] Data transfer between kernel(s) and global memory(s)
BANK0          RD = 320.000 KB             WR = 192.000 KB      

INFO: [SDx-EM 22] [Wall clock time: 21:51, Emulation time: 343.48 ms] Data transfer between kernel(s) and global memory(s)
BANK0          RD = 320.000 KB             WR = 192.000 KB      

INFO: [SDx-EM 22] [Wall clock time: 21:56, Emulation time: 347.674 ms] Data transfer between kernel(s) and global memory(s)
BANK0          RD = 320.000 KB             WR = 192.000 KB      

INFO: [SDx-EM 22] [Wall clock time: 22:01, Emulation time: 351.883 ms] Data transfer between kernel(s) and global memory(s)
BANK0          RD = 384.000 KB             WR = 256.000 KB      

INFO: [SDx-EM 22] [Wall clock time: 22:06, Emulation time: 356.09 ms] Data transfer between kernel(s) and global memory(s)
BANK0          RD = 384.000 KB             WR = 256.000 KB      

INFO: [SDx-EM 22] [Wall clock time: 22:11, Emulation time: 360.284 ms] Data transfer between kernel(s) and global memory(s)
BANK0          RD = 384.000 KB             WR = 256.000 KB      

INFO: [SDx-EM 22] [Wall clock time: 22:16, Emulation time: 364.492 ms] Data transfer between kernel(s) and global memory(s)
BANK0          RD = 384.000 KB             WR = 256.000 KB      

INFO: [SDx-EM 22] [Wall clock time: 22:22, Emulation time: 368.695 ms] Data transfer between kernel(s) and global memory(s)
BANK0          RD = 384.000 KB             WR = 256.000 KB      

INFO: [SDx-EM 22] [Wall clock time: 22:27, Emulation time: 372.9 ms] Data transfer between kernel(s) and global memory(s)
BANK0          RD = 384.000 KB             WR = 256.000 KB      

