INFO: Found 1 platforms
INFO: Selected platform 0 from Xilinx
INFO: Selected xilinx:adm-pcie-7v3:1ddr:3.0 as the target device
INFO: Loading blur-cosim-unroll1-tile128x128.xclbin
INFO: Found 1 platforms
INFO: Selected platform 0 from Xilinx
INFO: Selected xilinx:adm-pcie-7v3:1ddr:3.0 as the target device
INFO: Loading blur-cosim-unroll1-tile128x128.xclbin
INFO: [SDx-EM 01] Hardware emulation runs detailed simulation underneath. It may take long time for large data set. Please use a small dataset for faster execution. You can still get performance trend for your kernel with smaller dataset.
host: tile_num_dim0 = 16, tile_num_dim1 = 8
host: var_blur_y_extent_0 = 1998, var_blur_y_extent_1 = 998
host: var_blur_y_min_0 = 0, var_blur_y_min_1 = 0
Info: Emulation mode.
INFO: [SDx-EM 22] [Wall clock time: 13:45, Emulation time: 0.984108 ms] Data transfer between kernel(s) and global memory(s)
BANK0          RD = 64.000 KB              WR = 0.000 KB        

INFO: [SDx-EM 22] [Wall clock time: 13:50, Emulation time: 2.00221 ms] Data transfer between kernel(s) and global memory(s)
BANK0          RD = 64.000 KB              WR = 0.000 KB        

INFO: [SDx-EM 22] [Wall clock time: 13:55, Emulation time: 4.10564 ms] Data transfer between kernel(s) and global memory(s)
BANK0          RD = 64.000 KB              WR = 0.000 KB        

INFO: [SDx-EM 22] [Wall clock time: 14:00, Emulation time: 7.59532 ms] Data transfer between kernel(s) and global memory(s)
BANK0          RD = 64.000 KB              WR = 0.000 KB        

INFO: [SDx-EM 22] [Wall clock time: 14:06, Emulation time: 11.49 ms] Data transfer between kernel(s) and global memory(s)
BANK0          RD = 64.000 KB              WR = 0.000 KB        

INFO: [SDx-EM 22] [Wall clock time: 14:11, Emulation time: 15.3743 ms] Data transfer between kernel(s) and global memory(s)
BANK0          RD = 64.000 KB              WR = 0.000 KB        

INFO: [SDx-EM 22] [Wall clock time: 14:16, Emulation time: 19.2958 ms] Data transfer between kernel(s) and global memory(s)
BANK0          RD = 64.000 KB              WR = 0.000 KB        

INFO: [SDx-EM 22] [Wall clock time: 14:21, Emulation time: 23.2069 ms] Data transfer between kernel(s) and global memory(s)
BANK0          RD = 96.000 KB              WR = 32.000 KB       

INFO: [SDx-EM 22] [Wall clock time: 14:26, Emulation time: 27.0789 ms] Data transfer between kernel(s) and global memory(s)
BANK0          RD = 96.000 KB              WR = 32.000 KB       

INFO: [SDx-EM 22] [Wall clock time: 14:31, Emulation time: 30.8975 ms] Data transfer between kernel(s) and global memory(s)
BANK0          RD = 96.000 KB              WR = 32.000 KB       

INFO: [SDx-EM 22] [Wall clock time: 14:37, Emulation time: 34.7588 ms] Data transfer between kernel(s) and global memory(s)
BANK0          RD = 96.000 KB              WR = 32.000 KB       

INFO: [SDx-EM 22] [Wall clock time: 14:42, Emulation time: 38.7508 ms] Data transfer between kernel(s) and global memory(s)
BANK0          RD = 96.000 KB              WR = 32.000 KB       

INFO: [SDx-EM 22] [Wall clock time: 14:47, Emulation time: 42.7462 ms] Data transfer between kernel(s) and global memory(s)
BANK0          RD = 96.000 KB              WR = 32.000 KB       

INFO: [SDx-EM 22] [Wall clock time: 14:52, Emulation time: 46.7035 ms] Data transfer between kernel(s) and global memory(s)
BANK0          RD = 128.000 KB             WR = 64.000 KB       

INFO: [SDx-EM 22] [Wall clock time: 14:57, Emulation time: 50.4474 ms] Data transfer between kernel(s) and global memory(s)
BANK0          RD = 128.000 KB             WR = 64.000 KB       

INFO: [SDx-EM 22] [Wall clock time: 15:02, Emulation time: 54.2644 ms] Data transfer between kernel(s) and global memory(s)
BANK0          RD = 128.000 KB             WR = 64.000 KB       

INFO: [SDx-EM 22] [Wall clock time: 15:08, Emulation time: 58.0637 ms] Data transfer between kernel(s) and global memory(s)
BANK0          RD = 128.000 KB             WR = 64.000 KB       

INFO: [SDx-EM 22] [Wall clock time: 15:13, Emulation time: 61.5914 ms] Data transfer between kernel(s) and global memory(s)
BANK0          RD = 128.000 KB             WR = 64.000 KB       

INFO: [SDx-EM 22] [Wall clock time: 15:18, Emulation time: 65.1507 ms] Data transfer between kernel(s) and global memory(s)
BANK0          RD = 128.000 KB             WR = 64.000 KB       

INFO: [SDx-EM 22] [Wall clock time: 15:23, Emulation time: 68.9845 ms] Data transfer between kernel(s) and global memory(s)
BANK0          RD = 160.000 KB             WR = 96.000 KB       

INFO: [SDx-EM 22] [Wall clock time: 15:28, Emulation time: 72.8316 ms] Data transfer between kernel(s) and global memory(s)
BANK0          RD = 160.000 KB             WR = 96.000 KB       

INFO: [SDx-EM 22] [Wall clock time: 15:33, Emulation time: 76.6495 ms] Data transfer between kernel(s) and global memory(s)
BANK0          RD = 160.000 KB             WR = 96.000 KB       

INFO: [SDx-EM 22] [Wall clock time: 15:39, Emulation time: 80.3839 ms] Data transfer between kernel(s) and global memory(s)
BANK0          RD = 160.000 KB             WR = 96.000 KB       

INFO: [SDx-EM 22] [Wall clock time: 15:44, Emulation time: 84.2261 ms] Data transfer between kernel(s) and global memory(s)
BANK0          RD = 160.000 KB             WR = 96.000 KB       

INFO: [SDx-EM 22] [Wall clock time: 15:49, Emulation time: 88.0596 ms] Data transfer between kernel(s) and global memory(s)
BANK0          RD = 160.000 KB             WR = 96.000 KB       

INFO: [SDx-EM 22] [Wall clock time: 15:54, Emulation time: 91.8623 ms] Data transfer between kernel(s) and global memory(s)
BANK0          RD = 192.000 KB             WR = 128.000 KB      

INFO: [SDx-EM 22] [Wall clock time: 15:59, Emulation time: 95.6909 ms] Data transfer between kernel(s) and global memory(s)
BANK0          RD = 192.000 KB             WR = 128.000 KB      

INFO: [SDx-EM 22] [Wall clock time: 16:04, Emulation time: 99.5069 ms] Data transfer between kernel(s) and global memory(s)
BANK0          RD = 192.000 KB             WR = 128.000 KB      

INFO: [SDx-EM 22] [Wall clock time: 16:10, Emulation time: 103.338 ms] Data transfer between kernel(s) and global memory(s)
BANK0          RD = 192.000 KB             WR = 128.000 KB      

INFO: [SDx-EM 22] [Wall clock time: 16:15, Emulation time: 107.148 ms] Data transfer between kernel(s) and global memory(s)
BANK0          RD = 192.000 KB             WR = 128.000 KB      

INFO: [SDx-EM 22] [Wall clock time: 16:20, Emulation time: 110.957 ms] Data transfer between kernel(s) and global memory(s)
BANK0          RD = 192.000 KB             WR = 128.000 KB      

INFO: [SDx-EM 22] [Wall clock time: 16:25, Emulation time: 114.848 ms] Data transfer between kernel(s) and global memory(s)
BANK0          RD = 224.000 KB             WR = 160.000 KB      

INFO: [SDx-EM 22] [Wall clock time: 16:30, Emulation time: 118.744 ms] Data transfer between kernel(s) and global memory(s)
BANK0          RD = 224.000 KB             WR = 160.000 KB      

INFO: [SDx-EM 22] [Wall clock time: 16:35, Emulation time: 122.645 ms] Data transfer between kernel(s) and global memory(s)
BANK0          RD = 224.000 KB             WR = 160.000 KB      

INFO: [SDx-EM 22] [Wall clock time: 16:41, Emulation time: 126.547 ms] Data transfer between kernel(s) and global memory(s)
BANK0          RD = 224.000 KB             WR = 160.000 KB      

INFO: [SDx-EM 22] [Wall clock time: 16:46, Emulation time: 130.447 ms] Data transfer between kernel(s) and global memory(s)
BANK0          RD = 224.000 KB             WR = 160.000 KB      

INFO: [SDx-EM 22] [Wall clock time: 16:51, Emulation time: 134.36 ms] Data transfer between kernel(s) and global memory(s)
BANK0          RD = 224.000 KB             WR = 160.000 KB      

INFO: [SDx-EM 22] [Wall clock time: 16:56, Emulation time: 138.272 ms] Data transfer between kernel(s) and global memory(s)
BANK0          RD = 256.000 KB             WR = 192.000 KB      

INFO: [SDx-EM 22] [Wall clock time: 17:01, Emulation time: 142.318 ms] Data transfer between kernel(s) and global memory(s)
BANK0          RD = 256.000 KB             WR = 192.000 KB      

INFO: [SDx-EM 22] [Wall clock time: 17:06, Emulation time: 146.382 ms] Data transfer between kernel(s) and global memory(s)
BANK0          RD = 256.000 KB             WR = 192.000 KB      

INFO: [SDx-EM 22] [Wall clock time: 17:12, Emulation time: 150.545 ms] Data transfer between kernel(s) and global memory(s)
BANK0          RD = 256.000 KB             WR = 192.000 KB      

INFO: [SDx-EM 22] [Wall clock time: 17:17, Emulation time: 154.781 ms] Data transfer between kernel(s) and global memory(s)
BANK0          RD = 256.000 KB             WR = 192.000 KB      

INFO: [SDx-EM 22] [Wall clock time: 17:22, Emulation time: 159.007 ms] Data transfer between kernel(s) and global memory(s)
BANK0          RD = 288.000 KB             WR = 224.000 KB      

INFO: [SDx-EM 22] [Wall clock time: 17:27, Emulation time: 163.244 ms] Data transfer between kernel(s) and global memory(s)
BANK0          RD = 288.000 KB             WR = 224.000 KB      

INFO: [SDx-EM 22] [Wall clock time: 17:32, Emulation time: 167.478 ms] Data transfer between kernel(s) and global memory(s)
BANK0          RD = 288.000 KB             WR = 224.000 KB      

INFO: [SDx-EM 22] [Wall clock time: 17:37, Emulation time: 171.714 ms] Data transfer between kernel(s) and global memory(s)
BANK0          RD = 288.000 KB             WR = 224.000 KB      

INFO: [SDx-EM 22] [Wall clock time: 17:43, Emulation time: 175.968 ms] Data transfer between kernel(s) and global memory(s)
BANK0          RD = 288.000 KB             WR = 224.000 KB      

INFO: [SDx-EM 22] [Wall clock time: 17:48, Emulation time: 180.325 ms] Data transfer between kernel(s) and global memory(s)
BANK0          RD = 288.000 KB             WR = 224.000 KB      

INFO: [SDx-EM 22] [Wall clock time: 17:53, Emulation time: 184.745 ms] Data transfer between kernel(s) and global memory(s)
BANK0          RD = 320.000 KB             WR = 256.000 KB      

INFO: [SDx-EM 22] [Wall clock time: 17:58, Emulation time: 189.223 ms] Data transfer between kernel(s) and global memory(s)
BANK0          RD = 320.000 KB             WR = 256.000 KB      

INFO: [SDx-EM 22] [Wall clock time: 18:03, Emulation time: 193.704 ms] Data transfer between kernel(s) and global memory(s)
BANK0          RD = 320.000 KB             WR = 256.000 KB      

INFO: [SDx-EM 22] [Wall clock time: 18:08, Emulation time: 198.189 ms] Data transfer between kernel(s) and global memory(s)
BANK0          RD = 320.000 KB             WR = 256.000 KB      

INFO: [SDx-EM 22] [Wall clock time: 18:14, Emulation time: 202.675 ms] Data transfer between kernel(s) and global memory(s)
BANK0          RD = 320.000 KB             WR = 256.000 KB      

INFO: [SDx-EM 22] [Wall clock time: 18:19, Emulation time: 207.241 ms] Data transfer between kernel(s) and global memory(s)
BANK0          RD = 352.000 KB             WR = 288.000 KB      

INFO: [SDx-EM 22] [Wall clock time: 18:24, Emulation time: 211.842 ms] Data transfer between kernel(s) and global memory(s)
BANK0          RD = 352.000 KB             WR = 288.000 KB      

INFO: [SDx-EM 22] [Wall clock time: 18:29, Emulation time: 216.355 ms] Data transfer between kernel(s) and global memory(s)
BANK0          RD = 352.000 KB             WR = 288.000 KB      

INFO: [SDx-EM 22] [Wall clock time: 18:34, Emulation time: 220.836 ms] Data transfer between kernel(s) and global memory(s)
BANK0          RD = 352.000 KB             WR = 288.000 KB      

INFO: [SDx-EM 22] [Wall clock time: 18:39, Emulation time: 225.367 ms] Data transfer between kernel(s) and global memory(s)
BANK0          RD = 352.000 KB             WR = 288.000 KB      

INFO: [SDx-EM 22] [Wall clock time: 18:45, Emulation time: 229.865 ms] Data transfer between kernel(s) and global memory(s)
BANK0          RD = 384.000 KB             WR = 320.000 KB      

INFO: [SDx-EM 22] [Wall clock time: 18:50, Emulation time: 234.41 ms] Data transfer between kernel(s) and global memory(s)
BANK0          RD = 384.000 KB             WR = 320.000 KB      

INFO: [SDx-EM 22] [Wall clock time: 18:55, Emulation time: 238.953 ms] Data transfer between kernel(s) and global memory(s)
BANK0          RD = 384.000 KB             WR = 320.000 KB      

INFO: [SDx-EM 22] [Wall clock time: 19:00, Emulation time: 243.464 ms] Data transfer between kernel(s) and global memory(s)
BANK0          RD = 384.000 KB             WR = 320.000 KB      

INFO: [SDx-EM 22] [Wall clock time: 19:05, Emulation time: 247.999 ms] Data transfer between kernel(s) and global memory(s)
BANK0          RD = 416.000 KB             WR = 352.000 KB      

INFO: [SDx-EM 22] [Wall clock time: 19:10, Emulation time: 252.616 ms] Data transfer between kernel(s) and global memory(s)
BANK0          RD = 416.000 KB             WR = 352.000 KB      

INFO: [SDx-EM 22] [Wall clock time: 19:16, Emulation time: 257.107 ms] Data transfer between kernel(s) and global memory(s)
BANK0          RD = 416.000 KB             WR = 352.000 KB      

INFO: [SDx-EM 22] [Wall clock time: 19:21, Emulation time: 261.59 ms] Data transfer between kernel(s) and global memory(s)
BANK0          RD = 416.000 KB             WR = 352.000 KB      

INFO: [SDx-EM 22] [Wall clock time: 19:26, Emulation time: 266.111 ms] Data transfer between kernel(s) and global memory(s)
BANK0          RD = 416.000 KB             WR = 352.000 KB      

INFO: [SDx-EM 22] [Wall clock time: 19:31, Emulation time: 270.679 ms] Data transfer between kernel(s) and global memory(s)
BANK0          RD = 448.000 KB             WR = 384.000 KB      

INFO: [SDx-EM 22] [Wall clock time: 19:36, Emulation time: 275.206 ms] Data transfer between kernel(s) and global memory(s)
BANK0          RD = 448.000 KB             WR = 384.000 KB      

INFO: [SDx-EM 22] [Wall clock time: 19:41, Emulation time: 279.73 ms] Data transfer between kernel(s) and global memory(s)
BANK0          RD = 448.000 KB             WR = 384.000 KB      

INFO: [SDx-EM 22] [Wall clock time: 19:47, Emulation time: 284.249 ms] Data transfer between kernel(s) and global memory(s)
BANK0          RD = 448.000 KB             WR = 384.000 KB      

INFO: [SDx-EM 22] [Wall clock time: 19:52, Emulation time: 288.8 ms] Data transfer between kernel(s) and global memory(s)
BANK0          RD = 448.000 KB             WR = 384.000 KB      

INFO: [SDx-EM 22] [Wall clock time: 19:57, Emulation time: 293.209 ms] Data transfer between kernel(s) and global memory(s)
BANK0          RD = 480.000 KB             WR = 416.000 KB      

INFO: [SDx-EM 22] [Wall clock time: 20:02, Emulation time: 297.758 ms] Data transfer between kernel(s) and global memory(s)
BANK0          RD = 480.000 KB             WR = 416.000 KB      

INFO: [SDx-EM 22] [Wall clock time: 20:07, Emulation time: 302.262 ms] Data transfer between kernel(s) and global memory(s)
BANK0          RD = 480.000 KB             WR = 416.000 KB      

INFO: [SDx-EM 22] [Wall clock time: 20:12, Emulation time: 306.846 ms] Data transfer between kernel(s) and global memory(s)
BANK0          RD = 480.000 KB             WR = 416.000 KB      

INFO: [SDx-EM 22] [Wall clock time: 20:18, Emulation time: 311.458 ms] Data transfer between kernel(s) and global memory(s)
BANK0          RD = 480.000 KB             WR = 416.000 KB      

INFO: [SDx-EM 22] [Wall clock time: 20:23, Emulation time: 316.065 ms] Data transfer between kernel(s) and global memory(s)
BANK0          RD = 512.000 KB             WR = 448.000 KB      

INFO: [SDx-EM 22] [Wall clock time: 20:28, Emulation time: 320.602 ms] Data transfer between kernel(s) and global memory(s)
BANK0          RD = 512.000 KB             WR = 448.000 KB      

INFO: [SDx-EM 22] [Wall clock time: 20:33, Emulation time: 325.1 ms] Data transfer between kernel(s) and global memory(s)
BANK0          RD = 512.000 KB             WR = 448.000 KB      

INFO: [SDx-EM 22] [Wall clock time: 20:38, Emulation time: 329.291 ms] Data transfer between kernel(s) and global memory(s)
BANK0          RD = 512.000 KB             WR = 448.000 KB      

INFO: [SDx-EM 22] [Wall clock time: 20:43, Emulation time: 333.813 ms] Data transfer between kernel(s) and global memory(s)
BANK0          RD = 512.000 KB             WR = 448.000 KB      

INFO: [SDx-EM 22] [Wall clock time: 20:49, Emulation time: 338.499 ms] Data transfer between kernel(s) and global memory(s)
BANK0          RD = 544.000 KB             WR = 480.000 KB      

INFO: [SDx-EM 22] [Wall clock time: 20:54, Emulation time: 343.096 ms] Data transfer between kernel(s) and global memory(s)
BANK0          RD = 544.000 KB             WR = 480.000 KB      

INFO: [SDx-EM 22] [Wall clock time: 20:59, Emulation time: 347.822 ms] Data transfer between kernel(s) and global memory(s)
BANK0          RD = 544.000 KB             WR = 480.000 KB      

INFO: [SDx-EM 22] [Wall clock time: 21:04, Emulation time: 352.571 ms] Data transfer between kernel(s) and global memory(s)
BANK0          RD = 544.000 KB             WR = 480.000 KB      

INFO: [SDx-EM 22] [Wall clock time: 21:09, Emulation time: 357.243 ms] Data transfer between kernel(s) and global memory(s)
BANK0          RD = 544.000 KB             WR = 480.000 KB      

INFO: [SDx-EM 22] [Wall clock time: 21:14, Emulation time: 361.853 ms] Data transfer between kernel(s) and global memory(s)
BANK0          RD = 576.000 KB             WR = 512.000 KB      

INFO: [SDx-EM 22] [Wall clock time: 21:20, Emulation time: 366.522 ms] Data transfer between kernel(s) and global memory(s)
BANK0          RD = 576.000 KB             WR = 512.000 KB      

INFO: [SDx-EM 22] [Wall clock time: 21:25, Emulation time: 371.216 ms] Data transfer between kernel(s) and global memory(s)
BANK0          RD = 576.000 KB             WR = 512.000 KB      

INFO: [SDx-EM 22] [Wall clock time: 21:30, Emulation time: 375.91 ms] Data transfer between kernel(s) and global memory(s)
BANK0          RD = 576.000 KB             WR = 512.000 KB      

INFO: [SDx-EM 22] [Wall clock time: 21:35, Emulation time: 380.606 ms] Data transfer between kernel(s) and global memory(s)
BANK0          RD = 576.000 KB             WR = 512.000 KB      

INFO: [SDx-EM 22] [Wall clock time: 21:40, Emulation time: 385.293 ms] Data transfer between kernel(s) and global memory(s)
BANK0          RD = 608.000 KB             WR = 544.000 KB      

INFO: [SDx-EM 22] [Wall clock time: 21:45, Emulation time: 389.978 ms] Data transfer between kernel(s) and global memory(s)
BANK0          RD = 608.000 KB             WR = 544.000 KB      

INFO: [SDx-EM 22] [Wall clock time: 21:51, Emulation time: 394.696 ms] Data transfer between kernel(s) and global memory(s)
BANK0          RD = 608.000 KB             WR = 544.000 KB      

INFO: [SDx-EM 22] [Wall clock time: 21:56, Emulation time: 399.358 ms] Data transfer between kernel(s) and global memory(s)
BANK0          RD = 608.000 KB             WR = 544.000 KB      

INFO: [SDx-EM 22] [Wall clock time: 22:01, Emulation time: 403.991 ms] Data transfer between kernel(s) and global memory(s)
BANK0          RD = 608.000 KB             WR = 544.000 KB      

INFO: [SDx-EM 22] [Wall clock time: 22:06, Emulation time: 408.653 ms] Data transfer between kernel(s) and global memory(s)
BANK0          RD = 640.000 KB             WR = 576.000 KB      

INFO: [SDx-EM 22] [Wall clock time: 22:11, Emulation time: 413.369 ms] Data transfer between kernel(s) and global memory(s)
BANK0          RD = 640.000 KB             WR = 576.000 KB      

INFO: [SDx-EM 22] [Wall clock time: 22:16, Emulation time: 418.056 ms] Data transfer between kernel(s) and global memory(s)
BANK0          RD = 640.000 KB             WR = 576.000 KB      

INFO: [SDx-EM 22] [Wall clock time: 22:22, Emulation time: 422.813 ms] Data transfer between kernel(s) and global memory(s)
BANK0          RD = 640.000 KB             WR = 576.000 KB      

INFO: [SDx-EM 22] [Wall clock time: 22:27, Emulation time: 427.565 ms] Data transfer between kernel(s) and global memory(s)
BANK0          RD = 640.000 KB             WR = 576.000 KB      

