INFO: Found 1 platforms
INFO: Selected platform 0 from Xilinx
INFO: Selected xilinx:adm-pcie-7v3:1ddr:3.0 as the target device
INFO: Loading blur-cosim-unroll4-tile128x64.xclbin
INFO: Found 1 platforms
INFO: Selected platform 0 from Xilinx
INFO: Selected xilinx:adm-pcie-7v3:1ddr:3.0 as the target device
INFO: Loading blur-cosim-unroll4-tile128x64.xclbin
INFO: [SDx-EM 01] Hardware emulation runs detailed simulation underneath. It may take long time for large data set. Please use a small dataset for faster execution. You can still get performance trend for your kernel with smaller dataset.
host: tile_num_dim0 = 16, tile_num_dim1 = 17
host: var_blur_y_extent_0 = 1998, var_blur_y_extent_1 = 998
host: var_blur_y_min_0 = 0, var_blur_y_min_1 = 0
Info: Emulation mode.
INFO: [SDx-EM 22] [Wall clock time: 13:45, Emulation time: 0.714178 ms] Data transfer between kernel(s) and global memory(s)
BANK0          RD = 48.000 KB              WR = 16.000 KB       

INFO: [SDx-EM 22] [Wall clock time: 13:50, Emulation time: 1.44602 ms] Data transfer between kernel(s) and global memory(s)
BANK0          RD = 64.000 KB              WR = 32.000 KB       

INFO: [SDx-EM 22] [Wall clock time: 13:55, Emulation time: 3.37092 ms] Data transfer between kernel(s) and global memory(s)
BANK0          RD = 96.000 KB              WR = 64.000 KB       

INFO: [SDx-EM 22] [Wall clock time: 14:00, Emulation time: 6.81151 ms] Data transfer between kernel(s) and global memory(s)
BANK0          RD = 176.000 KB             WR = 144.000 KB      

INFO: [SDx-EM 22] [Wall clock time: 14:06, Emulation time: 10.6204 ms] Data transfer between kernel(s) and global memory(s)
BANK0          RD = 272.000 KB             WR = 240.000 KB      

INFO: [SDx-EM 22] [Wall clock time: 14:11, Emulation time: 14.4723 ms] Data transfer between kernel(s) and global memory(s)
BANK0          RD = 352.000 KB             WR = 320.000 KB      

INFO: [SDx-EM 22] [Wall clock time: 14:16, Emulation time: 18.1879 ms] Data transfer between kernel(s) and global memory(s)
BANK0          RD = 448.000 KB             WR = 416.000 KB      

INFO: [SDx-EM 22] [Wall clock time: 14:21, Emulation time: 21.5501 ms] Data transfer between kernel(s) and global memory(s)
BANK0          RD = 512.000 KB             WR = 480.000 KB      

INFO: [SDx-EM 22] [Wall clock time: 14:26, Emulation time: 24.9508 ms] Data transfer between kernel(s) and global memory(s)
BANK0          RD = 592.000 KB             WR = 560.000 KB      

INFO: [SDx-EM 22] [Wall clock time: 14:31, Emulation time: 28.4134 ms] Data transfer between kernel(s) and global memory(s)
BANK0          RD = 672.000 KB             WR = 640.000 KB      

INFO: [SDx-EM 22] [Wall clock time: 14:37, Emulation time: 31.7863 ms] Data transfer between kernel(s) and global memory(s)
BANK0          RD = 752.000 KB             WR = 720.000 KB      

INFO: [SDx-EM 22] [Wall clock time: 14:42, Emulation time: 35.2009 ms] Data transfer between kernel(s) and global memory(s)
BANK0          RD = 832.000 KB             WR = 800.000 KB      

INFO: [SDx-EM 22] [Wall clock time: 14:47, Emulation time: 38.6201 ms] Data transfer between kernel(s) and global memory(s)
BANK0          RD = 912.000 KB             WR = 880.000 KB      

INFO: [SDx-EM 22] [Wall clock time: 14:52, Emulation time: 41.9792 ms] Data transfer between kernel(s) and global memory(s)
BANK0          RD = 992.000 KB             WR = 960.000 KB      

INFO: [SDx-EM 22] [Wall clock time: 14:57, Emulation time: 45.5017 ms] Data transfer between kernel(s) and global memory(s)
BANK0          RD = 1072.000 KB            WR = 1040.000 KB     

INFO: [SDx-EM 22] [Wall clock time: 15:02, Emulation time: 48.9823 ms] Data transfer between kernel(s) and global memory(s)
BANK0          RD = 1152.000 KB            WR = 1120.000 KB     

INFO: [SDx-EM 22] [Wall clock time: 15:08, Emulation time: 52.3655 ms] Data transfer between kernel(s) and global memory(s)
BANK0          RD = 1232.000 KB            WR = 1200.000 KB     

INFO: [SDx-EM 22] [Wall clock time: 15:13, Emulation time: 55.7878 ms] Data transfer between kernel(s) and global memory(s)
BANK0          RD = 1296.000 KB            WR = 1264.000 KB     

INFO: [SDx-EM 22] [Wall clock time: 15:18, Emulation time: 59.2367 ms] Data transfer between kernel(s) and global memory(s)
BANK0          RD = 1376.000 KB            WR = 1344.000 KB     

INFO: [SDx-EM 22] [Wall clock time: 15:23, Emulation time: 62.7859 ms] Data transfer between kernel(s) and global memory(s)
BANK0          RD = 1467.000 KB            WR = 1427.000 KB     

INFO: [SDx-EM 22] [Wall clock time: 15:28, Emulation time: 66.4839 ms] Data transfer between kernel(s) and global memory(s)
BANK0          RD = 1552.000 KB            WR = 1520.000 KB     

INFO: [SDx-EM 22] [Wall clock time: 15:33, Emulation time: 70.1382 ms] Data transfer between kernel(s) and global memory(s)
BANK0          RD = 1632.000 KB            WR = 1600.000 KB     

INFO: [SDx-EM 22] [Wall clock time: 15:39, Emulation time: 73.6722 ms] Data transfer between kernel(s) and global memory(s)
BANK0          RD = 1712.000 KB            WR = 1680.000 KB     

INFO: [SDx-EM 22] [Wall clock time: 15:44, Emulation time: 77.0744 ms] Data transfer between kernel(s) and global memory(s)
BANK0          RD = 1792.000 KB            WR = 1760.000 KB     

INFO: [SDx-EM 22] [Wall clock time: 15:49, Emulation time: 80.4723 ms] Data transfer between kernel(s) and global memory(s)
BANK0          RD = 1872.000 KB            WR = 1840.000 KB     

INFO: [SDx-EM 22] [Wall clock time: 15:54, Emulation time: 83.8813 ms] Data transfer between kernel(s) and global memory(s)
BANK0          RD = 1952.000 KB            WR = 1920.000 KB     

INFO: [SDx-EM 22] [Wall clock time: 15:59, Emulation time: 87.2808 ms] Data transfer between kernel(s) and global memory(s)
BANK0          RD = 2032.000 KB            WR = 2000.000 KB     

INFO: [SDx-EM 22] [Wall clock time: 16:04, Emulation time: 90.6546 ms] Data transfer between kernel(s) and global memory(s)
BANK0          RD = 2096.000 KB            WR = 2064.000 KB     

INFO: [SDx-EM 22] [Wall clock time: 16:10, Emulation time: 93.9761 ms] Data transfer between kernel(s) and global memory(s)
BANK0          RD = 2176.000 KB            WR = 2144.000 KB     

INFO: [SDx-EM 22] [Wall clock time: 16:15, Emulation time: 97.3621 ms] Data transfer between kernel(s) and global memory(s)
BANK0          RD = 2256.000 KB            WR = 2224.000 KB     

INFO: [SDx-EM 22] [Wall clock time: 16:20, Emulation time: 100.799 ms] Data transfer between kernel(s) and global memory(s)
BANK0          RD = 2336.000 KB            WR = 2304.000 KB     

INFO: [SDx-EM 22] [Wall clock time: 16:25, Emulation time: 104.378 ms] Data transfer between kernel(s) and global memory(s)
BANK0          RD = 2416.000 KB            WR = 2384.000 KB     

INFO: [SDx-EM 22] [Wall clock time: 16:30, Emulation time: 107.931 ms] Data transfer between kernel(s) and global memory(s)
BANK0          RD = 2496.000 KB            WR = 2464.000 KB     

INFO: [SDx-EM 22] [Wall clock time: 16:35, Emulation time: 111.483 ms] Data transfer between kernel(s) and global memory(s)
BANK0          RD = 2576.000 KB            WR = 2544.000 KB     

INFO: [SDx-EM 22] [Wall clock time: 16:41, Emulation time: 115.04 ms] Data transfer between kernel(s) and global memory(s)
BANK0          RD = 2656.000 KB            WR = 2624.000 KB     

INFO: [SDx-EM 22] [Wall clock time: 16:46, Emulation time: 118.652 ms] Data transfer between kernel(s) and global memory(s)
BANK0          RD = 2752.000 KB            WR = 2720.000 KB     

INFO: [SDx-EM 22] [Wall clock time: 16:51, Emulation time: 122.293 ms] Data transfer between kernel(s) and global memory(s)
BANK0          RD = 2832.000 KB            WR = 2800.000 KB     

INFO: [SDx-EM 22] [Wall clock time: 16:56, Emulation time: 125.912 ms] Data transfer between kernel(s) and global memory(s)
BANK0          RD = 2912.000 KB            WR = 2880.000 KB     

INFO: [SDx-EM 22] [Wall clock time: 17:01, Emulation time: 129.778 ms] Data transfer between kernel(s) and global memory(s)
BANK0          RD = 3008.000 KB            WR = 2976.000 KB     

INFO: [SDx-EM 22] [Wall clock time: 17:06, Emulation time: 133.713 ms] Data transfer between kernel(s) and global memory(s)
BANK0          RD = 3088.000 KB            WR = 3056.000 KB     

INFO: [SDx-EM 22] [Wall clock time: 17:12, Emulation time: 137.634 ms] Data transfer between kernel(s) and global memory(s)
BANK0          RD = 3184.000 KB            WR = 3152.000 KB     

INFO: [SDx-EM 22] [Wall clock time: 17:17, Emulation time: 141.805 ms] Data transfer between kernel(s) and global memory(s)
BANK0          RD = 3280.000 KB            WR = 3248.000 KB     

INFO: [SDx-EM 22] [Wall clock time: 17:22, Emulation time: 145.989 ms] Data transfer between kernel(s) and global memory(s)
BANK0          RD = 3376.000 KB            WR = 3344.000 KB     

INFO: [SDx-EM 22] [Wall clock time: 17:27, Emulation time: 150.192 ms] Data transfer between kernel(s) and global memory(s)
BANK0          RD = 3472.000 KB            WR = 3440.000 KB     

INFO: [SDx-EM 22] [Wall clock time: 17:32, Emulation time: 154.382 ms] Data transfer between kernel(s) and global memory(s)
BANK0          RD = 3568.000 KB            WR = 3536.000 KB     

INFO: [SDx-EM 22] [Wall clock time: 17:37, Emulation time: 158.57 ms] Data transfer between kernel(s) and global memory(s)
BANK0          RD = 3664.000 KB            WR = 3632.000 KB     

INFO: [SDx-EM 22] [Wall clock time: 17:43, Emulation time: 162.783 ms] Data transfer between kernel(s) and global memory(s)
BANK0          RD = 3760.000 KB            WR = 3728.000 KB     

INFO: [SDx-EM 22] [Wall clock time: 17:48, Emulation time: 167.021 ms] Data transfer between kernel(s) and global memory(s)
BANK0          RD = 3856.000 KB            WR = 3824.000 KB     

INFO: [SDx-EM 22] [Wall clock time: 17:53, Emulation time: 171.34 ms] Data transfer between kernel(s) and global memory(s)
BANK0          RD = 3952.000 KB            WR = 3920.000 KB     

INFO: [SDx-EM 22] [Wall clock time: 17:58, Emulation time: 175.665 ms] Data transfer between kernel(s) and global memory(s)
BANK0          RD = 4048.000 KB            WR = 4016.000 KB     

INFO: [SDx-EM 22] [Wall clock time: 18:03, Emulation time: 180.023 ms] Data transfer between kernel(s) and global memory(s)
BANK0          RD = 4160.000 KB            WR = 4128.000 KB     

INFO: [SDx-EM 22] [Wall clock time: 18:08, Emulation time: 184.433 ms] Data transfer between kernel(s) and global memory(s)
BANK0          RD = 4256.000 KB            WR = 4224.000 KB     

INFO: [SDx-EM 22] [Wall clock time: 18:14, Emulation time: 188.839 ms] Data transfer between kernel(s) and global memory(s)
BANK0          RD = 4352.000 KB            WR = 4320.000 KB     

PCIe write time: 10881.711000 us
Kernel run time: 16493240503.097000 us
PCIe read  time: 27712.941000 us
Total run  time: 16493279154.347002 us
Kernel runtime: 16496466210.371000 us
  2   3   4   5   6   7   8   9  10  11 
  3   4   5   6   7   8   9  10  11  12 
  4   5   6   7   8   9  10  11  12  13 
  5   6   7   8   9  10  11  12  13  14 
  6   7   8   9  10  11  12  13  14  15 
  7   8   9  10  11  12  13  14  15  16 
  8   9  10  11  12  13  14  15  16  17 
  9  10  11  12  13  14  15  16  17  18 
 10  11  12  13  14  15  16  17  18  19 
 11  12  13  14  15  16  17  18  19  20 
 12  13  14  15  16  17  18  19  20  21 
 13  14  15  16  17  18  19  20  21  22 
 14  15  16  17  18  19  20  21  22  23 
 15  16  17  18  19  20  21  22  23  24 
 16  17  18  19  20  21  22  23  24  25 
 17  18  19  20  21  22  23  24  25  26 
 18  19  20  21  22  23  24  25  26  27 
 19  20  21  22  23  24  25  26  27  28 
 20  21  22  23  24  25  26  27  28  29 
 21  22  23  24  25  26  27  28  29  30 
Kernel runtime: 16496466210.371000 us
INFO: [SDx-EM 22] [Wall clock time: 18:15, Emulation time: 189.735 ms] Data transfer between kernel(s) and global memory(s)
BANK0          RD = 4352.000 KB            WR = 4352.000 KB     

