INFO: Found 1 platforms
INFO: Selected platform 0 from Xilinx
INFO: Selected xilinx:adm-pcie-7v3:1ddr:3.0 as the target device
INFO: Loading blur-cosim-unroll2-tile64x64.xclbin
INFO: Found 1 platforms
INFO: Selected platform 0 from Xilinx
INFO: Selected xilinx:adm-pcie-7v3:1ddr:3.0 as the target device
INFO: Loading blur-cosim-unroll2-tile64x64.xclbin
INFO: [SDx-EM 01] Hardware emulation runs detailed simulation underneath. It may take long time for large data set. Please use a small dataset for faster execution. You can still get performance trend for your kernel with smaller dataset.
host: tile_num_dim0 = 33, tile_num_dim1 = 17
host: var_blur_y_extent_0 = 1998, var_blur_y_extent_1 = 998
host: var_blur_y_min_0 = 0, var_blur_y_min_1 = 0
Info: Emulation mode.
INFO: [SDx-EM 22] [Wall clock time: 13:45, Emulation time: 2.94091 ms] Data transfer between kernel(s) and global memory(s)
BANK0          RD = 48.000 KB              WR = 32.000 KB       

INFO: [SDx-EM 22] [Wall clock time: 13:50, Emulation time: 5.29674 ms] Data transfer between kernel(s) and global memory(s)
BANK0          RD = 72.000 KB              WR = 56.000 KB       

INFO: [SDx-EM 22] [Wall clock time: 13:55, Emulation time: 7.93788 ms] Data transfer between kernel(s) and global memory(s)
BANK0          RD = 104.000 KB             WR = 88.000 KB       

INFO: [SDx-EM 22] [Wall clock time: 14:00, Emulation time: 11.8345 ms] Data transfer between kernel(s) and global memory(s)
BANK0          RD = 144.000 KB             WR = 128.000 KB      

INFO: [SDx-EM 22] [Wall clock time: 14:06, Emulation time: 16.0717 ms] Data transfer between kernel(s) and global memory(s)
BANK0          RD = 200.000 KB             WR = 184.000 KB      

INFO: [SDx-EM 22] [Wall clock time: 14:11, Emulation time: 20.3551 ms] Data transfer between kernel(s) and global memory(s)
BANK0          RD = 248.000 KB             WR = 232.000 KB      

INFO: [SDx-EM 22] [Wall clock time: 14:16, Emulation time: 24.5763 ms] Data transfer between kernel(s) and global memory(s)
BANK0          RD = 296.000 KB             WR = 280.000 KB      

INFO: [SDx-EM 22] [Wall clock time: 14:21, Emulation time: 28.6931 ms] Data transfer between kernel(s) and global memory(s)
BANK0          RD = 344.000 KB             WR = 328.000 KB      

INFO: [SDx-EM 22] [Wall clock time: 14:26, Emulation time: 32.8858 ms] Data transfer between kernel(s) and global memory(s)
BANK0          RD = 392.000 KB             WR = 376.000 KB      

INFO: [SDx-EM 22] [Wall clock time: 14:31, Emulation time: 37.1388 ms] Data transfer between kernel(s) and global memory(s)
BANK0          RD = 440.000 KB             WR = 424.000 KB      

INFO: [SDx-EM 22] [Wall clock time: 14:37, Emulation time: 41.3368 ms] Data transfer between kernel(s) and global memory(s)
BANK0          RD = 488.000 KB             WR = 472.000 KB      

INFO: [SDx-EM 22] [Wall clock time: 14:42, Emulation time: 45.5357 ms] Data transfer between kernel(s) and global memory(s)
BANK0          RD = 536.000 KB             WR = 520.000 KB      

INFO: [SDx-EM 22] [Wall clock time: 14:47, Emulation time: 49.7347 ms] Data transfer between kernel(s) and global memory(s)
BANK0          RD = 584.000 KB             WR = 568.000 KB      

INFO: [SDx-EM 22] [Wall clock time: 14:52, Emulation time: 53.8692 ms] Data transfer between kernel(s) and global memory(s)
BANK0          RD = 632.000 KB             WR = 616.000 KB      

INFO: [SDx-EM 22] [Wall clock time: 14:57, Emulation time: 58.0488 ms] Data transfer between kernel(s) and global memory(s)
BANK0          RD = 680.000 KB             WR = 664.000 KB      

INFO: [SDx-EM 22] [Wall clock time: 15:02, Emulation time: 62.1913 ms] Data transfer between kernel(s) and global memory(s)
BANK0          RD = 728.000 KB             WR = 712.000 KB      

INFO: [SDx-EM 22] [Wall clock time: 15:08, Emulation time: 66.3349 ms] Data transfer between kernel(s) and global memory(s)
BANK0          RD = 776.000 KB             WR = 760.000 KB      

INFO: [SDx-EM 22] [Wall clock time: 15:13, Emulation time: 70.5085 ms] Data transfer between kernel(s) and global memory(s)
BANK0          RD = 824.000 KB             WR = 808.000 KB      

INFO: [SDx-EM 22] [Wall clock time: 15:18, Emulation time: 74.7099 ms] Data transfer between kernel(s) and global memory(s)
BANK0          RD = 872.000 KB             WR = 856.000 KB      

INFO: [SDx-EM 22] [Wall clock time: 15:23, Emulation time: 78.9679 ms] Data transfer between kernel(s) and global memory(s)
BANK0          RD = 920.000 KB             WR = 904.000 KB      

INFO: [SDx-EM 22] [Wall clock time: 15:28, Emulation time: 83.3466 ms] Data transfer between kernel(s) and global memory(s)
BANK0          RD = 968.000 KB             WR = 952.000 KB      

INFO: [SDx-EM 22] [Wall clock time: 15:33, Emulation time: 87.7028 ms] Data transfer between kernel(s) and global memory(s)
BANK0          RD = 1016.000 KB            WR = 1000.000 KB     

INFO: [SDx-EM 22] [Wall clock time: 15:39, Emulation time: 91.9783 ms] Data transfer between kernel(s) and global memory(s)
BANK0          RD = 1064.000 KB            WR = 1048.000 KB     

INFO: [SDx-EM 22] [Wall clock time: 15:44, Emulation time: 96.1778 ms] Data transfer between kernel(s) and global memory(s)
BANK0          RD = 1112.000 KB            WR = 1096.000 KB     

INFO: [SDx-EM 22] [Wall clock time: 15:49, Emulation time: 100.359 ms] Data transfer between kernel(s) and global memory(s)
BANK0          RD = 1160.000 KB            WR = 1144.000 KB     

INFO: [SDx-EM 22] [Wall clock time: 15:54, Emulation time: 104.595 ms] Data transfer between kernel(s) and global memory(s)
BANK0          RD = 1208.000 KB            WR = 1192.000 KB     

INFO: [SDx-EM 22] [Wall clock time: 15:59, Emulation time: 108.766 ms] Data transfer between kernel(s) and global memory(s)
BANK0          RD = 1256.000 KB            WR = 1240.000 KB     

INFO: [SDx-EM 22] [Wall clock time: 16:04, Emulation time: 112.91 ms] Data transfer between kernel(s) and global memory(s)
BANK0          RD = 1304.000 KB            WR = 1288.000 KB     

INFO: [SDx-EM 22] [Wall clock time: 16:10, Emulation time: 117.056 ms] Data transfer between kernel(s) and global memory(s)
BANK0          RD = 1352.000 KB            WR = 1336.000 KB     

INFO: [SDx-EM 22] [Wall clock time: 16:15, Emulation time: 121.186 ms] Data transfer between kernel(s) and global memory(s)
BANK0          RD = 1400.000 KB            WR = 1384.000 KB     

INFO: [SDx-EM 22] [Wall clock time: 16:20, Emulation time: 125.437 ms] Data transfer between kernel(s) and global memory(s)
BANK0          RD = 1448.000 KB            WR = 1432.000 KB     

INFO: [SDx-EM 22] [Wall clock time: 16:25, Emulation time: 129.984 ms] Data transfer between kernel(s) and global memory(s)
BANK0          RD = 1504.000 KB            WR = 1488.000 KB     

INFO: [SDx-EM 22] [Wall clock time: 16:30, Emulation time: 134.511 ms] Data transfer between kernel(s) and global memory(s)
BANK0          RD = 1552.000 KB            WR = 1536.000 KB     

INFO: [SDx-EM 22] [Wall clock time: 16:35, Emulation time: 139.031 ms] Data transfer between kernel(s) and global memory(s)
BANK0          RD = 1608.000 KB            WR = 1592.000 KB     

INFO: [SDx-EM 22] [Wall clock time: 16:41, Emulation time: 143.55 ms] Data transfer between kernel(s) and global memory(s)
BANK0          RD = 1656.000 KB            WR = 1640.000 KB     

INFO: [SDx-EM 22] [Wall clock time: 16:46, Emulation time: 148.065 ms] Data transfer between kernel(s) and global memory(s)
BANK0          RD = 1712.000 KB            WR = 1696.000 KB     

INFO: [SDx-EM 22] [Wall clock time: 16:51, Emulation time: 152.574 ms] Data transfer between kernel(s) and global memory(s)
BANK0          RD = 1760.000 KB            WR = 1744.000 KB     

INFO: [SDx-EM 22] [Wall clock time: 16:56, Emulation time: 157.08 ms] Data transfer between kernel(s) and global memory(s)
BANK0          RD = 1816.000 KB            WR = 1800.000 KB     

INFO: [SDx-EM 22] [Wall clock time: 17:01, Emulation time: 161.644 ms] Data transfer between kernel(s) and global memory(s)
BANK0          RD = 1864.000 KB            WR = 1848.000 KB     

INFO: [SDx-EM 22] [Wall clock time: 17:06, Emulation time: 166.007 ms] Data transfer between kernel(s) and global memory(s)
BANK0          RD = 1912.000 KB            WR = 1896.000 KB     

INFO: [SDx-EM 22] [Wall clock time: 17:12, Emulation time: 170.399 ms] Data transfer between kernel(s) and global memory(s)
BANK0          RD = 1968.000 KB            WR = 1952.000 KB     

INFO: [SDx-EM 22] [Wall clock time: 17:17, Emulation time: 174.764 ms] Data transfer between kernel(s) and global memory(s)
BANK0          RD = 2016.000 KB            WR = 2000.000 KB     

INFO: [SDx-EM 22] [Wall clock time: 17:22, Emulation time: 179.146 ms] Data transfer between kernel(s) and global memory(s)
BANK0          RD = 2064.000 KB            WR = 2048.000 KB     

INFO: [SDx-EM 22] [Wall clock time: 17:27, Emulation time: 183.561 ms] Data transfer between kernel(s) and global memory(s)
BANK0          RD = 2120.000 KB            WR = 2104.000 KB     

INFO: [SDx-EM 22] [Wall clock time: 17:32, Emulation time: 187.972 ms] Data transfer between kernel(s) and global memory(s)
BANK0          RD = 2168.000 KB            WR = 2152.000 KB     

INFO: [SDx-EM 22] [Wall clock time: 17:37, Emulation time: 192.375 ms] Data transfer between kernel(s) and global memory(s)
BANK0          RD = 2216.000 KB            WR = 2200.000 KB     

INFO: [SDx-EM 22] [Wall clock time: 17:43, Emulation time: 196.979 ms] Data transfer between kernel(s) and global memory(s)
BANK0          RD = 2272.000 KB            WR = 2256.000 KB     

INFO: [SDx-EM 22] [Wall clock time: 17:48, Emulation time: 201.66 ms] Data transfer between kernel(s) and global memory(s)
BANK0          RD = 2328.000 KB            WR = 2312.000 KB     

INFO: [SDx-EM 22] [Wall clock time: 17:53, Emulation time: 206.397 ms] Data transfer between kernel(s) and global memory(s)
BANK0          RD = 2376.000 KB            WR = 2360.000 KB     

INFO: [SDx-EM 22] [Wall clock time: 17:58, Emulation time: 211.153 ms] Data transfer between kernel(s) and global memory(s)
BANK0          RD = 2432.000 KB            WR = 2416.000 KB     

INFO: [SDx-EM 22] [Wall clock time: 18:03, Emulation time: 215.899 ms] Data transfer between kernel(s) and global memory(s)
BANK0          RD = 2488.000 KB            WR = 2472.000 KB     

INFO: [SDx-EM 22] [Wall clock time: 18:08, Emulation time: 220.65 ms] Data transfer between kernel(s) and global memory(s)
BANK0          RD = 2544.000 KB            WR = 2528.000 KB     

INFO: [SDx-EM 22] [Wall clock time: 18:14, Emulation time: 225.391 ms] Data transfer between kernel(s) and global memory(s)
BANK0          RD = 2600.000 KB            WR = 2584.000 KB     

INFO: [SDx-EM 22] [Wall clock time: 18:19, Emulation time: 230.139 ms] Data transfer between kernel(s) and global memory(s)
BANK0          RD = 2648.000 KB            WR = 2632.000 KB     

INFO: [SDx-EM 22] [Wall clock time: 18:24, Emulation time: 234.872 ms] Data transfer between kernel(s) and global memory(s)
BANK0          RD = 2704.000 KB            WR = 2688.000 KB     

INFO: [SDx-EM 22] [Wall clock time: 18:29, Emulation time: 239.622 ms] Data transfer between kernel(s) and global memory(s)
BANK0          RD = 2760.000 KB            WR = 2744.000 KB     

INFO: [SDx-EM 22] [Wall clock time: 18:34, Emulation time: 244.363 ms] Data transfer between kernel(s) and global memory(s)
BANK0          RD = 2816.000 KB            WR = 2800.000 KB     

INFO: [SDx-EM 22] [Wall clock time: 18:39, Emulation time: 249.09 ms] Data transfer between kernel(s) and global memory(s)
BANK0          RD = 2872.000 KB            WR = 2856.000 KB     

INFO: [SDx-EM 22] [Wall clock time: 18:45, Emulation time: 253.838 ms] Data transfer between kernel(s) and global memory(s)
BANK0          RD = 2920.000 KB            WR = 2904.000 KB     

INFO: [SDx-EM 22] [Wall clock time: 18:50, Emulation time: 258.583 ms] Data transfer between kernel(s) and global memory(s)
BANK0          RD = 2976.000 KB            WR = 2960.000 KB     

INFO: [SDx-EM 22] [Wall clock time: 18:55, Emulation time: 263.315 ms] Data transfer between kernel(s) and global memory(s)
BANK0          RD = 3032.000 KB            WR = 3016.000 KB     

INFO: [SDx-EM 22] [Wall clock time: 19:00, Emulation time: 268.065 ms] Data transfer between kernel(s) and global memory(s)
BANK0          RD = 3088.000 KB            WR = 3072.000 KB     

INFO: [SDx-EM 22] [Wall clock time: 19:05, Emulation time: 272.831 ms] Data transfer between kernel(s) and global memory(s)
BANK0          RD = 3144.000 KB            WR = 3128.000 KB     

INFO: [SDx-EM 22] [Wall clock time: 19:10, Emulation time: 277.594 ms] Data transfer between kernel(s) and global memory(s)
BANK0          RD = 3192.000 KB            WR = 3176.000 KB     

INFO: [SDx-EM 22] [Wall clock time: 19:16, Emulation time: 282.365 ms] Data transfer between kernel(s) and global memory(s)
BANK0          RD = 3248.000 KB            WR = 3232.000 KB     

INFO: [SDx-EM 22] [Wall clock time: 19:21, Emulation time: 287.138 ms] Data transfer between kernel(s) and global memory(s)
BANK0          RD = 3304.000 KB            WR = 3288.000 KB     

INFO: [SDx-EM 22] [Wall clock time: 19:26, Emulation time: 291.901 ms] Data transfer between kernel(s) and global memory(s)
BANK0          RD = 3360.000 KB            WR = 3344.000 KB     

INFO: [SDx-EM 22] [Wall clock time: 19:31, Emulation time: 296.654 ms] Data transfer between kernel(s) and global memory(s)
BANK0          RD = 3416.000 KB            WR = 3400.000 KB     

INFO: [SDx-EM 22] [Wall clock time: 19:36, Emulation time: 301.441 ms] Data transfer between kernel(s) and global memory(s)
BANK0          RD = 3472.000 KB            WR = 3456.000 KB     

INFO: [SDx-EM 22] [Wall clock time: 19:41, Emulation time: 306.23 ms] Data transfer between kernel(s) and global memory(s)
BANK0          RD = 3528.000 KB            WR = 3512.000 KB     

INFO: [SDx-EM 22] [Wall clock time: 19:47, Emulation time: 311.022 ms] Data transfer between kernel(s) and global memory(s)
BANK0          RD = 3576.000 KB            WR = 3560.000 KB     

INFO: [SDx-EM 22] [Wall clock time: 19:52, Emulation time: 315.806 ms] Data transfer between kernel(s) and global memory(s)
BANK0          RD = 3632.000 KB            WR = 3616.000 KB     

INFO: [SDx-EM 22] [Wall clock time: 19:57, Emulation time: 320.587 ms] Data transfer between kernel(s) and global memory(s)
BANK0          RD = 3688.000 KB            WR = 3672.000 KB     

INFO: [SDx-EM 22] [Wall clock time: 20:02, Emulation time: 325.368 ms] Data transfer between kernel(s) and global memory(s)
BANK0          RD = 3744.000 KB            WR = 3728.000 KB     

INFO: [SDx-EM 22] [Wall clock time: 20:07, Emulation time: 330.145 ms] Data transfer between kernel(s) and global memory(s)
BANK0          RD = 3800.000 KB            WR = 3784.000 KB     

INFO: [SDx-EM 22] [Wall clock time: 20:12, Emulation time: 334.929 ms] Data transfer between kernel(s) and global memory(s)
BANK0          RD = 3856.000 KB            WR = 3840.000 KB     

INFO: [SDx-EM 22] [Wall clock time: 20:18, Emulation time: 339.69 ms] Data transfer between kernel(s) and global memory(s)
BANK0          RD = 3912.000 KB            WR = 3889.000 KB     

INFO: [SDx-EM 22] [Wall clock time: 20:23, Emulation time: 344.399 ms] Data transfer between kernel(s) and global memory(s)
BANK0          RD = 3960.000 KB            WR = 3944.000 KB     

INFO: [SDx-EM 22] [Wall clock time: 20:28, Emulation time: 349.073 ms] Data transfer between kernel(s) and global memory(s)
BANK0          RD = 4016.000 KB            WR = 4000.000 KB     

INFO: [SDx-EM 22] [Wall clock time: 20:33, Emulation time: 353.805 ms] Data transfer between kernel(s) and global memory(s)
BANK0          RD = 4072.000 KB            WR = 4056.000 KB     

INFO: [SDx-EM 22] [Wall clock time: 20:38, Emulation time: 358.539 ms] Data transfer between kernel(s) and global memory(s)
BANK0          RD = 4128.000 KB            WR = 4112.000 KB     

INFO: [SDx-EM 22] [Wall clock time: 20:43, Emulation time: 363.305 ms] Data transfer between kernel(s) and global memory(s)
BANK0          RD = 4176.000 KB            WR = 4160.000 KB     

INFO: [SDx-EM 22] [Wall clock time: 20:49, Emulation time: 368.095 ms] Data transfer between kernel(s) and global memory(s)
BANK0          RD = 4232.000 KB            WR = 4216.000 KB     

INFO: [SDx-EM 22] [Wall clock time: 20:54, Emulation time: 372.93 ms] Data transfer between kernel(s) and global memory(s)
BANK0          RD = 4288.000 KB            WR = 4272.000 KB     

INFO: [SDx-EM 22] [Wall clock time: 20:59, Emulation time: 377.786 ms] Data transfer between kernel(s) and global memory(s)
BANK0          RD = 4344.000 KB            WR = 4328.000 KB     

INFO: [SDx-EM 22] [Wall clock time: 21:04, Emulation time: 382.627 ms] Data transfer between kernel(s) and global memory(s)
BANK0          RD = 4400.000 KB            WR = 4384.000 KB     

INFO: [SDx-EM 22] [Wall clock time: 21:09, Emulation time: 387.478 ms] Data transfer between kernel(s) and global memory(s)
BANK0          RD = 4456.000 KB            WR = 4440.000 KB     

PCIe write time: 15353.603000 us
Kernel run time: 27214112753.484997 us
PCIe read  time: 26093.729000 us
Total run  time: 27214154270.407001 us
Kernel runtime: 27217393372.693001 us
  2   3   4   5   6   7   8   9  10  11 
  3   4   5   6   7   8   9  10  11  12 
  4   5   6   7   8   9  10  11  12  13 
  5   6   7   8   9  10  11  12  13  14 
  6   7   8   9  10  11  12  13  14  15 
  7   8   9  10  11  12  13  14  15  16 
  8   9  10  11  12  13  14  15  16  17 
  9  10  11  12  13  14  15  16  17  18 
 10  11  12  13  14  15  16  17  18  19 
 11  12  13  14  15  16  17  18  19  20 
 12  13  14  15  16  17  18  19  20  21 
 13  14  15  16  17  18  19  20  21  22 
 14  15  16  17  18  19  20  21  22  23 
 15  16  17  18  19  20  21  22  23  24 
 16  17  18  19  20  21  22  23  24  25 
 17  18  19  20  21  22  23  24  25  26 
 18  19  20  21  22  23  24  25  26  27 
 19  20  21  22  23  24  25  26  27  28 
 20  21  22  23  24  25  26  27  28  29 
 21  22  23  24  25  26  27  28  29  30 
Kernel runtime: 27217393372.693001 us
INFO: [SDx-EM 22] [Wall clock time: 21:13, Emulation time: 391.31 ms] Data transfer between kernel(s) and global memory(s)
BANK0          RD = 4488.000 KB            WR = 4488.000 KB     

