INFO: Found 1 platforms
INFO: Selected platform 0 from Xilinx
INFO: Selected xilinx:adm-pcie-7v3:1ddr:3.0 as the target device
INFO: Loading blur-cosim-unroll2-tile256x256.xclbin
INFO: Found 1 platforms
INFO: Selected platform 0 from Xilinx
INFO: Selected xilinx:adm-pcie-7v3:1ddr:3.0 as the target device
INFO: Loading blur-cosim-unroll2-tile256x256.xclbin
INFO: [SDx-EM 01] Hardware emulation runs detailed simulation underneath. It may take long time for large data set. Please use a small dataset for faster execution. You can still get performance trend for your kernel with smaller dataset.
host: tile_num_dim0 = 8, tile_num_dim1 = 4
host: var_blur_y_extent_0 = 1998, var_blur_y_extent_1 = 998
host: var_blur_y_min_0 = 0, var_blur_y_min_1 = 0
Info: Emulation mode.
INFO: [SDx-EM 22] [Wall clock time: 13:45, Emulation time: 0.685143 ms] Data transfer between kernel(s) and global memory(s)
BANK0          RD = 256.000 KB             WR = 0.000 KB        

INFO: [SDx-EM 22] [Wall clock time: 13:50, Emulation time: 1.36876 ms] Data transfer between kernel(s) and global memory(s)
BANK0          RD = 256.000 KB             WR = 0.000 KB        

INFO: [SDx-EM 22] [Wall clock time: 13:55, Emulation time: 3.06119 ms] Data transfer between kernel(s) and global memory(s)
BANK0          RD = 256.000 KB             WR = 0.000 KB        

INFO: [SDx-EM 22] [Wall clock time: 14:00, Emulation time: 6.07529 ms] Data transfer between kernel(s) and global memory(s)
BANK0          RD = 256.000 KB             WR = 0.000 KB        

INFO: [SDx-EM 22] [Wall clock time: 14:06, Emulation time: 9.42084 ms] Data transfer between kernel(s) and global memory(s)
BANK0          RD = 256.000 KB             WR = 0.000 KB        

INFO: [SDx-EM 22] [Wall clock time: 14:11, Emulation time: 12.793 ms] Data transfer between kernel(s) and global memory(s)
BANK0          RD = 256.000 KB             WR = 0.000 KB        

INFO: [SDx-EM 22] [Wall clock time: 14:16, Emulation time: 16.1029 ms] Data transfer between kernel(s) and global memory(s)
BANK0          RD = 256.000 KB             WR = 0.000 KB        

INFO: [SDx-EM 22] [Wall clock time: 14:21, Emulation time: 19.7365 ms] Data transfer between kernel(s) and global memory(s)
BANK0          RD = 256.000 KB             WR = 0.000 KB        

INFO: [SDx-EM 22] [Wall clock time: 14:26, Emulation time: 23.6026 ms] Data transfer between kernel(s) and global memory(s)
BANK0          RD = 256.000 KB             WR = 0.000 KB        

INFO: [SDx-EM 22] [Wall clock time: 14:31, Emulation time: 27.5136 ms] Data transfer between kernel(s) and global memory(s)
BANK0          RD = 256.000 KB             WR = 0.000 KB        

INFO: [SDx-EM 22] [Wall clock time: 14:37, Emulation time: 31.2933 ms] Data transfer between kernel(s) and global memory(s)
BANK0          RD = 256.000 KB             WR = 0.000 KB        

INFO: [SDx-EM 22] [Wall clock time: 14:42, Emulation time: 35.1345 ms] Data transfer between kernel(s) and global memory(s)
BANK0          RD = 256.000 KB             WR = 0.000 KB        

INFO: [SDx-EM 22] [Wall clock time: 14:47, Emulation time: 38.9822 ms] Data transfer between kernel(s) and global memory(s)
BANK0          RD = 256.000 KB             WR = 0.000 KB        

INFO: [SDx-EM 22] [Wall clock time: 14:52, Emulation time: 42.7604 ms] Data transfer between kernel(s) and global memory(s)
BANK0          RD = 256.000 KB             WR = 0.000 KB        

INFO: [SDx-EM 22] [Wall clock time: 14:57, Emulation time: 46.6024 ms] Data transfer between kernel(s) and global memory(s)
BANK0          RD = 256.000 KB             WR = 0.000 KB        

INFO: [SDx-EM 22] [Wall clock time: 15:02, Emulation time: 50.3306 ms] Data transfer between kernel(s) and global memory(s)
BANK0          RD = 384.000 KB             WR = 128.000 KB      

INFO: [SDx-EM 22] [Wall clock time: 15:08, Emulation time: 54.1174 ms] Data transfer between kernel(s) and global memory(s)
BANK0          RD = 384.000 KB             WR = 128.000 KB      

INFO: [SDx-EM 22] [Wall clock time: 15:13, Emulation time: 57.9401 ms] Data transfer between kernel(s) and global memory(s)
BANK0          RD = 384.000 KB             WR = 128.000 KB      

INFO: [SDx-EM 22] [Wall clock time: 15:18, Emulation time: 61.7894 ms] Data transfer between kernel(s) and global memory(s)
BANK0          RD = 384.000 KB             WR = 128.000 KB      

INFO: [SDx-EM 22] [Wall clock time: 15:23, Emulation time: 65.6971 ms] Data transfer between kernel(s) and global memory(s)
BANK0          RD = 384.000 KB             WR = 128.000 KB      

INFO: [SDx-EM 22] [Wall clock time: 15:28, Emulation time: 69.7022 ms] Data transfer between kernel(s) and global memory(s)
BANK0          RD = 384.000 KB             WR = 128.000 KB      

INFO: [SDx-EM 22] [Wall clock time: 15:33, Emulation time: 73.6723 ms] Data transfer between kernel(s) and global memory(s)
BANK0          RD = 384.000 KB             WR = 128.000 KB      

INFO: [SDx-EM 22] [Wall clock time: 15:39, Emulation time: 77.5966 ms] Data transfer between kernel(s) and global memory(s)
BANK0          RD = 384.000 KB             WR = 128.000 KB      

INFO: [SDx-EM 22] [Wall clock time: 15:44, Emulation time: 81.4101 ms] Data transfer between kernel(s) and global memory(s)
BANK0          RD = 384.000 KB             WR = 128.000 KB      

INFO: [SDx-EM 22] [Wall clock time: 15:49, Emulation time: 85.1945 ms] Data transfer between kernel(s) and global memory(s)
BANK0          RD = 384.000 KB             WR = 128.000 KB      

INFO: [SDx-EM 22] [Wall clock time: 15:54, Emulation time: 88.9522 ms] Data transfer between kernel(s) and global memory(s)
BANK0          RD = 384.000 KB             WR = 128.000 KB      

INFO: [SDx-EM 22] [Wall clock time: 15:59, Emulation time: 92.6894 ms] Data transfer between kernel(s) and global memory(s)
BANK0          RD = 384.000 KB             WR = 128.000 KB      

INFO: [SDx-EM 22] [Wall clock time: 16:04, Emulation time: 96.3764 ms] Data transfer between kernel(s) and global memory(s)
BANK0          RD = 512.000 KB             WR = 256.000 KB      

INFO: [SDx-EM 22] [Wall clock time: 16:10, Emulation time: 100.077 ms] Data transfer between kernel(s) and global memory(s)
BANK0          RD = 512.000 KB             WR = 256.000 KB      

INFO: [SDx-EM 22] [Wall clock time: 16:15, Emulation time: 103.808 ms] Data transfer between kernel(s) and global memory(s)
BANK0          RD = 512.000 KB             WR = 256.000 KB      

INFO: [SDx-EM 22] [Wall clock time: 16:20, Emulation time: 107.555 ms] Data transfer between kernel(s) and global memory(s)
BANK0          RD = 512.000 KB             WR = 256.000 KB      

INFO: [SDx-EM 22] [Wall clock time: 16:25, Emulation time: 111.274 ms] Data transfer between kernel(s) and global memory(s)
BANK0          RD = 512.000 KB             WR = 256.000 KB      

INFO: [SDx-EM 22] [Wall clock time: 16:30, Emulation time: 114.959 ms] Data transfer between kernel(s) and global memory(s)
BANK0          RD = 512.000 KB             WR = 256.000 KB      

INFO: [SDx-EM 22] [Wall clock time: 16:35, Emulation time: 118.633 ms] Data transfer between kernel(s) and global memory(s)
BANK0          RD = 512.000 KB             WR = 256.000 KB      

INFO: [SDx-EM 22] [Wall clock time: 16:41, Emulation time: 122.306 ms] Data transfer between kernel(s) and global memory(s)
BANK0          RD = 512.000 KB             WR = 256.000 KB      

INFO: [SDx-EM 22] [Wall clock time: 16:46, Emulation time: 125.964 ms] Data transfer between kernel(s) and global memory(s)
BANK0          RD = 512.000 KB             WR = 256.000 KB      

INFO: [SDx-EM 22] [Wall clock time: 16:51, Emulation time: 129.614 ms] Data transfer between kernel(s) and global memory(s)
BANK0          RD = 512.000 KB             WR = 256.000 KB      

INFO: [SDx-EM 22] [Wall clock time: 16:56, Emulation time: 133.26 ms] Data transfer between kernel(s) and global memory(s)
BANK0          RD = 512.000 KB             WR = 256.000 KB      

INFO: [SDx-EM 22] [Wall clock time: 17:01, Emulation time: 137.026 ms] Data transfer between kernel(s) and global memory(s)
BANK0          RD = 512.000 KB             WR = 256.000 KB      

INFO: [SDx-EM 22] [Wall clock time: 17:06, Emulation time: 140.794 ms] Data transfer between kernel(s) and global memory(s)
BANK0          RD = 640.000 KB             WR = 384.000 KB      

INFO: [SDx-EM 22] [Wall clock time: 17:12, Emulation time: 144.602 ms] Data transfer between kernel(s) and global memory(s)
BANK0          RD = 640.000 KB             WR = 384.000 KB      

INFO: [SDx-EM 22] [Wall clock time: 17:17, Emulation time: 148.502 ms] Data transfer between kernel(s) and global memory(s)
BANK0          RD = 640.000 KB             WR = 384.000 KB      

INFO: [SDx-EM 22] [Wall clock time: 17:22, Emulation time: 152.343 ms] Data transfer between kernel(s) and global memory(s)
BANK0          RD = 640.000 KB             WR = 384.000 KB      

INFO: [SDx-EM 22] [Wall clock time: 17:27, Emulation time: 156.096 ms] Data transfer between kernel(s) and global memory(s)
BANK0          RD = 640.000 KB             WR = 384.000 KB      

INFO: [SDx-EM 22] [Wall clock time: 17:32, Emulation time: 159.887 ms] Data transfer between kernel(s) and global memory(s)
BANK0          RD = 640.000 KB             WR = 384.000 KB      

INFO: [SDx-EM 22] [Wall clock time: 17:37, Emulation time: 163.7 ms] Data transfer between kernel(s) and global memory(s)
BANK0          RD = 640.000 KB             WR = 384.000 KB      

INFO: [SDx-EM 22] [Wall clock time: 17:43, Emulation time: 167.597 ms] Data transfer between kernel(s) and global memory(s)
BANK0          RD = 640.000 KB             WR = 384.000 KB      

INFO: [SDx-EM 22] [Wall clock time: 17:48, Emulation time: 171.565 ms] Data transfer between kernel(s) and global memory(s)
BANK0          RD = 640.000 KB             WR = 384.000 KB      

INFO: [SDx-EM 22] [Wall clock time: 17:53, Emulation time: 175.593 ms] Data transfer between kernel(s) and global memory(s)
BANK0          RD = 640.000 KB             WR = 384.000 KB      

INFO: [SDx-EM 22] [Wall clock time: 17:58, Emulation time: 179.633 ms] Data transfer between kernel(s) and global memory(s)
BANK0          RD = 640.000 KB             WR = 384.000 KB      

INFO: [SDx-EM 22] [Wall clock time: 18:03, Emulation time: 183.675 ms] Data transfer between kernel(s) and global memory(s)
BANK0          RD = 640.000 KB             WR = 384.000 KB      

INFO: [SDx-EM 22] [Wall clock time: 18:08, Emulation time: 187.694 ms] Data transfer between kernel(s) and global memory(s)
BANK0          RD = 768.000 KB             WR = 512.000 KB      

INFO: [SDx-EM 22] [Wall clock time: 18:14, Emulation time: 191.727 ms] Data transfer between kernel(s) and global memory(s)
BANK0          RD = 768.000 KB             WR = 512.000 KB      

INFO: [SDx-EM 22] [Wall clock time: 18:19, Emulation time: 195.91 ms] Data transfer between kernel(s) and global memory(s)
BANK0          RD = 768.000 KB             WR = 512.000 KB      

INFO: [SDx-EM 22] [Wall clock time: 18:24, Emulation time: 200.12 ms] Data transfer between kernel(s) and global memory(s)
BANK0          RD = 768.000 KB             WR = 512.000 KB      

INFO: [SDx-EM 22] [Wall clock time: 18:29, Emulation time: 204.343 ms] Data transfer between kernel(s) and global memory(s)
BANK0          RD = 768.000 KB             WR = 512.000 KB      

INFO: [SDx-EM 22] [Wall clock time: 18:34, Emulation time: 208.563 ms] Data transfer between kernel(s) and global memory(s)
BANK0          RD = 768.000 KB             WR = 512.000 KB      

INFO: [SDx-EM 22] [Wall clock time: 18:39, Emulation time: 212.765 ms] Data transfer between kernel(s) and global memory(s)
BANK0          RD = 768.000 KB             WR = 512.000 KB      

INFO: [SDx-EM 22] [Wall clock time: 18:45, Emulation time: 216.97 ms] Data transfer between kernel(s) and global memory(s)
BANK0          RD = 768.000 KB             WR = 512.000 KB      

INFO: [SDx-EM 22] [Wall clock time: 18:50, Emulation time: 221.19 ms] Data transfer between kernel(s) and global memory(s)
BANK0          RD = 768.000 KB             WR = 512.000 KB      

INFO: [SDx-EM 22] [Wall clock time: 18:55, Emulation time: 225.404 ms] Data transfer between kernel(s) and global memory(s)
BANK0          RD = 768.000 KB             WR = 512.000 KB      

INFO: [SDx-EM 22] [Wall clock time: 19:00, Emulation time: 229.63 ms] Data transfer between kernel(s) and global memory(s)
BANK0          RD = 768.000 KB             WR = 512.000 KB      

INFO: [SDx-EM 22] [Wall clock time: 19:05, Emulation time: 233.845 ms] Data transfer between kernel(s) and global memory(s)
BANK0          RD = 768.000 KB             WR = 512.000 KB      

INFO: [SDx-EM 22] [Wall clock time: 19:10, Emulation time: 238.029 ms] Data transfer between kernel(s) and global memory(s)
BANK0          RD = 896.000 KB             WR = 640.000 KB      

INFO: [SDx-EM 22] [Wall clock time: 19:16, Emulation time: 242.244 ms] Data transfer between kernel(s) and global memory(s)
BANK0          RD = 896.000 KB             WR = 640.000 KB      

INFO: [SDx-EM 22] [Wall clock time: 19:21, Emulation time: 246.462 ms] Data transfer between kernel(s) and global memory(s)
BANK0          RD = 896.000 KB             WR = 640.000 KB      

INFO: [SDx-EM 22] [Wall clock time: 19:26, Emulation time: 250.673 ms] Data transfer between kernel(s) and global memory(s)
BANK0          RD = 896.000 KB             WR = 640.000 KB      

INFO: [SDx-EM 22] [Wall clock time: 19:31, Emulation time: 254.875 ms] Data transfer between kernel(s) and global memory(s)
BANK0          RD = 896.000 KB             WR = 640.000 KB      

INFO: [SDx-EM 22] [Wall clock time: 19:36, Emulation time: 259.088 ms] Data transfer between kernel(s) and global memory(s)
BANK0          RD = 896.000 KB             WR = 640.000 KB      

INFO: [SDx-EM 22] [Wall clock time: 19:41, Emulation time: 263.31 ms] Data transfer between kernel(s) and global memory(s)
BANK0          RD = 896.000 KB             WR = 640.000 KB      

INFO: [SDx-EM 22] [Wall clock time: 19:47, Emulation time: 267.534 ms] Data transfer between kernel(s) and global memory(s)
BANK0          RD = 896.000 KB             WR = 640.000 KB      

INFO: [SDx-EM 22] [Wall clock time: 19:52, Emulation time: 271.758 ms] Data transfer between kernel(s) and global memory(s)
BANK0          RD = 896.000 KB             WR = 640.000 KB      

INFO: [SDx-EM 22] [Wall clock time: 19:57, Emulation time: 275.985 ms] Data transfer between kernel(s) and global memory(s)
BANK0          RD = 896.000 KB             WR = 640.000 KB      

INFO: [SDx-EM 22] [Wall clock time: 20:02, Emulation time: 280.203 ms] Data transfer between kernel(s) and global memory(s)
BANK0          RD = 896.000 KB             WR = 640.000 KB      

INFO: [SDx-EM 22] [Wall clock time: 20:07, Emulation time: 284.395 ms] Data transfer between kernel(s) and global memory(s)
BANK0          RD = 1024.000 KB            WR = 768.000 KB      

INFO: [SDx-EM 22] [Wall clock time: 20:12, Emulation time: 288.621 ms] Data transfer between kernel(s) and global memory(s)
BANK0          RD = 1024.000 KB            WR = 768.000 KB      

INFO: [SDx-EM 22] [Wall clock time: 20:18, Emulation time: 292.81 ms] Data transfer between kernel(s) and global memory(s)
BANK0          RD = 1024.000 KB            WR = 768.000 KB      

INFO: [SDx-EM 22] [Wall clock time: 20:23, Emulation time: 296.988 ms] Data transfer between kernel(s) and global memory(s)
BANK0          RD = 1024.000 KB            WR = 768.000 KB      

INFO: [SDx-EM 22] [Wall clock time: 20:28, Emulation time: 301.206 ms] Data transfer between kernel(s) and global memory(s)
BANK0          RD = 1024.000 KB            WR = 768.000 KB      

INFO: [SDx-EM 22] [Wall clock time: 20:33, Emulation time: 305.42 ms] Data transfer between kernel(s) and global memory(s)
BANK0          RD = 1024.000 KB            WR = 768.000 KB      

INFO: [SDx-EM 22] [Wall clock time: 20:38, Emulation time: 309.639 ms] Data transfer between kernel(s) and global memory(s)
BANK0          RD = 1024.000 KB            WR = 768.000 KB      

INFO: [SDx-EM 22] [Wall clock time: 20:43, Emulation time: 313.896 ms] Data transfer between kernel(s) and global memory(s)
BANK0          RD = 1024.000 KB            WR = 768.000 KB      

INFO: [SDx-EM 22] [Wall clock time: 20:49, Emulation time: 318.169 ms] Data transfer between kernel(s) and global memory(s)
BANK0          RD = 1024.000 KB            WR = 768.000 KB      

INFO: [SDx-EM 22] [Wall clock time: 20:54, Emulation time: 322.463 ms] Data transfer between kernel(s) and global memory(s)
BANK0          RD = 1024.000 KB            WR = 768.000 KB      

INFO: [SDx-EM 22] [Wall clock time: 20:59, Emulation time: 326.777 ms] Data transfer between kernel(s) and global memory(s)
BANK0          RD = 1024.000 KB            WR = 768.000 KB      

INFO: [SDx-EM 22] [Wall clock time: 21:04, Emulation time: 331.048 ms] Data transfer between kernel(s) and global memory(s)
BANK0          RD = 1152.000 KB            WR = 896.000 KB      

INFO: [SDx-EM 22] [Wall clock time: 21:09, Emulation time: 335.358 ms] Data transfer between kernel(s) and global memory(s)
BANK0          RD = 1152.000 KB            WR = 896.000 KB      

INFO: [SDx-EM 22] [Wall clock time: 21:14, Emulation time: 339.683 ms] Data transfer between kernel(s) and global memory(s)
BANK0          RD = 1152.000 KB            WR = 896.000 KB      

INFO: [SDx-EM 22] [Wall clock time: 21:20, Emulation time: 344.035 ms] Data transfer between kernel(s) and global memory(s)
BANK0          RD = 1152.000 KB            WR = 896.000 KB      

INFO: [SDx-EM 22] [Wall clock time: 21:25, Emulation time: 348.366 ms] Data transfer between kernel(s) and global memory(s)
BANK0          RD = 1152.000 KB            WR = 896.000 KB      

INFO: [SDx-EM 22] [Wall clock time: 21:30, Emulation time: 352.692 ms] Data transfer between kernel(s) and global memory(s)
BANK0          RD = 1152.000 KB            WR = 896.000 KB      

INFO: [SDx-EM 22] [Wall clock time: 21:35, Emulation time: 357.019 ms] Data transfer between kernel(s) and global memory(s)
BANK0          RD = 1152.000 KB            WR = 896.000 KB      

INFO: [SDx-EM 22] [Wall clock time: 21:40, Emulation time: 361.345 ms] Data transfer between kernel(s) and global memory(s)
BANK0          RD = 1152.000 KB            WR = 896.000 KB      

INFO: [SDx-EM 22] [Wall clock time: 21:45, Emulation time: 365.673 ms] Data transfer between kernel(s) and global memory(s)
BANK0          RD = 1152.000 KB            WR = 896.000 KB      

INFO: [SDx-EM 22] [Wall clock time: 21:51, Emulation time: 370.039 ms] Data transfer between kernel(s) and global memory(s)
BANK0          RD = 1152.000 KB            WR = 896.000 KB      

INFO: [SDx-EM 22] [Wall clock time: 21:56, Emulation time: 374.379 ms] Data transfer between kernel(s) and global memory(s)
BANK0          RD = 1152.000 KB            WR = 896.000 KB      

INFO: [SDx-EM 22] [Wall clock time: 22:01, Emulation time: 378.699 ms] Data transfer between kernel(s) and global memory(s)
BANK0          RD = 1280.000 KB            WR = 1024.000 KB     

INFO: [SDx-EM 22] [Wall clock time: 22:06, Emulation time: 383.049 ms] Data transfer between kernel(s) and global memory(s)
BANK0          RD = 1280.000 KB            WR = 1024.000 KB     

INFO: [SDx-EM 22] [Wall clock time: 22:11, Emulation time: 387.396 ms] Data transfer between kernel(s) and global memory(s)
BANK0          RD = 1280.000 KB            WR = 1024.000 KB     

INFO: [SDx-EM 22] [Wall clock time: 22:16, Emulation time: 391.748 ms] Data transfer between kernel(s) and global memory(s)
BANK0          RD = 1280.000 KB            WR = 1024.000 KB     

INFO: [SDx-EM 22] [Wall clock time: 22:22, Emulation time: 396.111 ms] Data transfer between kernel(s) and global memory(s)
BANK0          RD = 1280.000 KB            WR = 1024.000 KB     

INFO: [SDx-EM 22] [Wall clock time: 22:27, Emulation time: 400.472 ms] Data transfer between kernel(s) and global memory(s)
BANK0          RD = 1280.000 KB            WR = 1024.000 KB     

INFO: [SDx-EM 22] [Wall clock time: 22:32, Emulation time: 404.799 ms] Data transfer between kernel(s) and global memory(s)
BANK0          RD = 1280.000 KB            WR = 1024.000 KB     

INFO: [SDx-EM 22] [Wall clock time: 22:37, Emulation time: 409.098 ms] Data transfer between kernel(s) and global memory(s)
BANK0          RD = 1280.000 KB            WR = 1024.000 KB     

INFO: [SDx-EM 22] [Wall clock time: 22:42, Emulation time: 413.391 ms] Data transfer between kernel(s) and global memory(s)
BANK0          RD = 1280.000 KB            WR = 1024.000 KB     

INFO: [SDx-EM 22] [Wall clock time: 22:47, Emulation time: 417.688 ms] Data transfer between kernel(s) and global memory(s)
BANK0          RD = 1280.000 KB            WR = 1024.000 KB     

INFO: [SDx-EM 22] [Wall clock time: 22:53, Emulation time: 421.955 ms] Data transfer between kernel(s) and global memory(s)
BANK0          RD = 1408.000 KB            WR = 1152.000 KB     

INFO: [SDx-EM 22] [Wall clock time: 22:58, Emulation time: 426.251 ms] Data transfer between kernel(s) and global memory(s)
BANK0          RD = 1408.000 KB            WR = 1152.000 KB     

INFO: [SDx-EM 22] [Wall clock time: 23:03, Emulation time: 430.563 ms] Data transfer between kernel(s) and global memory(s)
BANK0          RD = 1408.000 KB            WR = 1152.000 KB     

INFO: [SDx-EM 22] [Wall clock time: 23:08, Emulation time: 434.876 ms] Data transfer between kernel(s) and global memory(s)
BANK0          RD = 1408.000 KB            WR = 1152.000 KB     

INFO: [SDx-EM 22] [Wall clock time: 23:13, Emulation time: 439.188 ms] Data transfer between kernel(s) and global memory(s)
BANK0          RD = 1408.000 KB            WR = 1152.000 KB     

INFO: [SDx-EM 22] [Wall clock time: 23:18, Emulation time: 443.494 ms] Data transfer between kernel(s) and global memory(s)
BANK0          RD = 1408.000 KB            WR = 1152.000 KB     

INFO: [SDx-EM 22] [Wall clock time: 23:24, Emulation time: 447.856 ms] Data transfer between kernel(s) and global memory(s)
BANK0          RD = 1408.000 KB            WR = 1152.000 KB     

INFO: [SDx-EM 22] [Wall clock time: 23:29, Emulation time: 452.219 ms] Data transfer between kernel(s) and global memory(s)
BANK0          RD = 1408.000 KB            WR = 1152.000 KB     

INFO: [SDx-EM 22] [Wall clock time: 23:34, Emulation time: 456.588 ms] Data transfer between kernel(s) and global memory(s)
BANK0          RD = 1408.000 KB            WR = 1152.000 KB     

INFO: [SDx-EM 22] [Wall clock time: 23:39, Emulation time: 460.943 ms] Data transfer between kernel(s) and global memory(s)
BANK0          RD = 1408.000 KB            WR = 1152.000 KB     

INFO: [SDx-EM 22] [Wall clock time: 23:44, Emulation time: 465.297 ms] Data transfer between kernel(s) and global memory(s)
BANK0          RD = 1408.000 KB            WR = 1152.000 KB     

INFO: [SDx-EM 22] [Wall clock time: 23:49, Emulation time: 469.628 ms] Data transfer between kernel(s) and global memory(s)
BANK0          RD = 1536.000 KB            WR = 1280.000 KB     

INFO: [SDx-EM 22] [Wall clock time: 23:55, Emulation time: 473.986 ms] Data transfer between kernel(s) and global memory(s)
BANK0          RD = 1536.000 KB            WR = 1280.000 KB     

INFO: [SDx-EM 22] [Wall clock time: 00:00, Emulation time: 478.345 ms] Data transfer between kernel(s) and global memory(s)
BANK0          RD = 1536.000 KB            WR = 1280.000 KB     

INFO: [SDx-EM 22] [Wall clock time: 00:05, Emulation time: 482.703 ms] Data transfer between kernel(s) and global memory(s)
BANK0          RD = 1536.000 KB            WR = 1280.000 KB     

INFO: [SDx-EM 22] [Wall clock time: 00:10, Emulation time: 487.063 ms] Data transfer between kernel(s) and global memory(s)
BANK0          RD = 1536.000 KB            WR = 1280.000 KB     

INFO: [SDx-EM 22] [Wall clock time: 00:15, Emulation time: 491.423 ms] Data transfer between kernel(s) and global memory(s)
BANK0          RD = 1536.000 KB            WR = 1280.000 KB     

INFO: [SDx-EM 22] [Wall clock time: 00:20, Emulation time: 495.781 ms] Data transfer between kernel(s) and global memory(s)
BANK0          RD = 1536.000 KB            WR = 1280.000 KB     

INFO: [SDx-EM 22] [Wall clock time: 00:26, Emulation time: 500.139 ms] Data transfer between kernel(s) and global memory(s)
BANK0          RD = 1536.000 KB            WR = 1280.000 KB     

INFO: [SDx-EM 22] [Wall clock time: 00:31, Emulation time: 504.504 ms] Data transfer between kernel(s) and global memory(s)
BANK0          RD = 1536.000 KB            WR = 1280.000 KB     

INFO: [SDx-EM 22] [Wall clock time: 00:36, Emulation time: 508.861 ms] Data transfer between kernel(s) and global memory(s)
BANK0          RD = 1536.000 KB            WR = 1280.000 KB     

INFO: [SDx-EM 22] [Wall clock time: 00:41, Emulation time: 513.22 ms] Data transfer between kernel(s) and global memory(s)
BANK0          RD = 1536.000 KB            WR = 1280.000 KB     

INFO: [SDx-EM 22] [Wall clock time: 00:46, Emulation time: 517.558 ms] Data transfer between kernel(s) and global memory(s)
BANK0          RD = 1664.000 KB            WR = 1408.000 KB     

INFO: [SDx-EM 22] [Wall clock time: 00:51, Emulation time: 521.918 ms] Data transfer between kernel(s) and global memory(s)
BANK0          RD = 1664.000 KB            WR = 1408.000 KB     

INFO: [SDx-EM 22] [Wall clock time: 00:57, Emulation time: 526.29 ms] Data transfer between kernel(s) and global memory(s)
BANK0          RD = 1664.000 KB            WR = 1408.000 KB     

INFO: [SDx-EM 22] [Wall clock time: 01:02, Emulation time: 530.673 ms] Data transfer between kernel(s) and global memory(s)
BANK0          RD = 1664.000 KB            WR = 1408.000 KB     

INFO: [SDx-EM 22] [Wall clock time: 01:07, Emulation time: 535.057 ms] Data transfer between kernel(s) and global memory(s)
BANK0          RD = 1664.000 KB            WR = 1408.000 KB     

INFO: [SDx-EM 22] [Wall clock time: 01:12, Emulation time: 539.444 ms] Data transfer between kernel(s) and global memory(s)
BANK0          RD = 1664.000 KB            WR = 1408.000 KB     

INFO: [SDx-EM 22] [Wall clock time: 01:17, Emulation time: 543.829 ms] Data transfer between kernel(s) and global memory(s)
BANK0          RD = 1664.000 KB            WR = 1408.000 KB     

INFO: [SDx-EM 22] [Wall clock time: 01:22, Emulation time: 548.214 ms] Data transfer between kernel(s) and global memory(s)
BANK0          RD = 1664.000 KB            WR = 1408.000 KB     

INFO: [SDx-EM 22] [Wall clock time: 01:28, Emulation time: 552.601 ms] Data transfer between kernel(s) and global memory(s)
BANK0          RD = 1664.000 KB            WR = 1408.000 KB     

INFO: [SDx-EM 22] [Wall clock time: 01:33, Emulation time: 556.981 ms] Data transfer between kernel(s) and global memory(s)
BANK0          RD = 1664.000 KB            WR = 1408.000 KB     

INFO: [SDx-EM 22] [Wall clock time: 01:38, Emulation time: 561.342 ms] Data transfer between kernel(s) and global memory(s)
BANK0          RD = 1664.000 KB            WR = 1408.000 KB     

INFO: [SDx-EM 22] [Wall clock time: 01:43, Emulation time: 565.675 ms] Data transfer between kernel(s) and global memory(s)
BANK0          RD = 1792.000 KB            WR = 1536.000 KB     

INFO: [SDx-EM 22] [Wall clock time: 01:48, Emulation time: 570.03 ms] Data transfer between kernel(s) and global memory(s)
BANK0          RD = 1792.000 KB            WR = 1536.000 KB     

INFO: [SDx-EM 22] [Wall clock time: 01:53, Emulation time: 574.386 ms] Data transfer between kernel(s) and global memory(s)
BANK0          RD = 1792.000 KB            WR = 1536.000 KB     

INFO: [SDx-EM 22] [Wall clock time: 01:59, Emulation time: 578.74 ms] Data transfer between kernel(s) and global memory(s)
BANK0          RD = 1792.000 KB            WR = 1536.000 KB     

INFO: [SDx-EM 22] [Wall clock time: 02:04, Emulation time: 583.096 ms] Data transfer between kernel(s) and global memory(s)
BANK0          RD = 1792.000 KB            WR = 1536.000 KB     

INFO: [SDx-EM 22] [Wall clock time: 02:09, Emulation time: 587.451 ms] Data transfer between kernel(s) and global memory(s)
BANK0          RD = 1792.000 KB            WR = 1536.000 KB     

INFO: [SDx-EM 22] [Wall clock time: 02:14, Emulation time: 591.806 ms] Data transfer between kernel(s) and global memory(s)
BANK0          RD = 1792.000 KB            WR = 1536.000 KB     

INFO: [SDx-EM 22] [Wall clock time: 02:19, Emulation time: 596.163 ms] Data transfer between kernel(s) and global memory(s)
BANK0          RD = 1792.000 KB            WR = 1536.000 KB     

INFO: [SDx-EM 22] [Wall clock time: 02:24, Emulation time: 600.517 ms] Data transfer between kernel(s) and global memory(s)
BANK0          RD = 1792.000 KB            WR = 1536.000 KB     

INFO: [SDx-EM 22] [Wall clock time: 02:30, Emulation time: 604.873 ms] Data transfer between kernel(s) and global memory(s)
BANK0          RD = 1792.000 KB            WR = 1536.000 KB     

INFO: [SDx-EM 22] [Wall clock time: 02:35, Emulation time: 609.228 ms] Data transfer between kernel(s) and global memory(s)
BANK0          RD = 1920.000 KB            WR = 1664.000 KB     

INFO: [SDx-EM 22] [Wall clock time: 02:40, Emulation time: 613.583 ms] Data transfer between kernel(s) and global memory(s)
BANK0          RD = 1920.000 KB            WR = 1664.000 KB     

INFO: [SDx-EM 22] [Wall clock time: 02:45, Emulation time: 617.937 ms] Data transfer between kernel(s) and global memory(s)
BANK0          RD = 1920.000 KB            WR = 1664.000 KB     

INFO: [SDx-EM 22] [Wall clock time: 02:50, Emulation time: 622.291 ms] Data transfer between kernel(s) and global memory(s)
BANK0          RD = 1920.000 KB            WR = 1664.000 KB     

INFO: [SDx-EM 22] [Wall clock time: 02:55, Emulation time: 626.648 ms] Data transfer between kernel(s) and global memory(s)
BANK0          RD = 1920.000 KB            WR = 1664.000 KB     

INFO: [SDx-EM 22] [Wall clock time: 03:01, Emulation time: 631.026 ms] Data transfer between kernel(s) and global memory(s)
BANK0          RD = 1920.000 KB            WR = 1664.000 KB     

INFO: [SDx-EM 22] [Wall clock time: 03:06, Emulation time: 635.381 ms] Data transfer between kernel(s) and global memory(s)
BANK0          RD = 1920.000 KB            WR = 1664.000 KB     

INFO: [SDx-EM 22] [Wall clock time: 03:11, Emulation time: 639.737 ms] Data transfer between kernel(s) and global memory(s)
BANK0          RD = 1920.000 KB            WR = 1664.000 KB     

INFO: [SDx-EM 22] [Wall clock time: 03:16, Emulation time: 644.092 ms] Data transfer between kernel(s) and global memory(s)
BANK0          RD = 1920.000 KB            WR = 1664.000 KB     

INFO: [SDx-EM 22] [Wall clock time: 03:21, Emulation time: 648.48 ms] Data transfer between kernel(s) and global memory(s)
BANK0          RD = 1920.000 KB            WR = 1664.000 KB     

INFO: [SDx-EM 22] [Wall clock time: 03:26, Emulation time: 652.991 ms] Data transfer between kernel(s) and global memory(s)
BANK0          RD = 1920.000 KB            WR = 1664.000 KB     

INFO: [SDx-EM 22] [Wall clock time: 03:32, Emulation time: 657.546 ms] Data transfer between kernel(s) and global memory(s)
BANK0          RD = 2048.000 KB            WR = 1792.000 KB     

INFO: [SDx-EM 22] [Wall clock time: 03:37, Emulation time: 662.137 ms] Data transfer between kernel(s) and global memory(s)
BANK0          RD = 2048.000 KB            WR = 1792.000 KB     

INFO: [SDx-EM 22] [Wall clock time: 03:42, Emulation time: 666.729 ms] Data transfer between kernel(s) and global memory(s)
BANK0          RD = 2048.000 KB            WR = 1792.000 KB     

INFO: [SDx-EM 22] [Wall clock time: 03:47, Emulation time: 671.318 ms] Data transfer between kernel(s) and global memory(s)
BANK0          RD = 2048.000 KB            WR = 1792.000 KB     

INFO: [SDx-EM 22] [Wall clock time: 03:52, Emulation time: 675.91 ms] Data transfer between kernel(s) and global memory(s)
BANK0          RD = 2048.000 KB            WR = 1792.000 KB     

INFO: [SDx-EM 22] [Wall clock time: 03:57, Emulation time: 680.499 ms] Data transfer between kernel(s) and global memory(s)
BANK0          RD = 2048.000 KB            WR = 1792.000 KB     

INFO: [SDx-EM 22] [Wall clock time: 04:03, Emulation time: 685.089 ms] Data transfer between kernel(s) and global memory(s)
BANK0          RD = 2048.000 KB            WR = 1792.000 KB     

INFO: [SDx-EM 22] [Wall clock time: 04:08, Emulation time: 689.676 ms] Data transfer between kernel(s) and global memory(s)
BANK0          RD = 2048.000 KB            WR = 1792.000 KB     

INFO: [SDx-EM 22] [Wall clock time: 04:13, Emulation time: 694.263 ms] Data transfer between kernel(s) and global memory(s)
BANK0          RD = 2048.000 KB            WR = 1792.000 KB     

INFO: [SDx-EM 22] [Wall clock time: 04:18, Emulation time: 698.852 ms] Data transfer between kernel(s) and global memory(s)
BANK0          RD = 2048.000 KB            WR = 1792.000 KB     

INFO: [SDx-EM 22] [Wall clock time: 04:23, Emulation time: 703.544 ms] Data transfer between kernel(s) and global memory(s)
BANK0          RD = 2176.000 KB            WR = 1920.000 KB     

INFO: [SDx-EM 22] [Wall clock time: 04:28, Emulation time: 707.977 ms] Data transfer between kernel(s) and global memory(s)
BANK0          RD = 2176.000 KB            WR = 1920.000 KB     

INFO: [SDx-EM 22] [Wall clock time: 04:34, Emulation time: 712.416 ms] Data transfer between kernel(s) and global memory(s)
BANK0          RD = 2176.000 KB            WR = 1920.000 KB     

INFO: [SDx-EM 22] [Wall clock time: 04:39, Emulation time: 716.647 ms] Data transfer between kernel(s) and global memory(s)
BANK0          RD = 2176.000 KB            WR = 1920.000 KB     

INFO: [SDx-EM 22] [Wall clock time: 04:44, Emulation time: 720.931 ms] Data transfer between kernel(s) and global memory(s)
BANK0          RD = 2176.000 KB            WR = 1920.000 KB     

INFO: [SDx-EM 22] [Wall clock time: 04:49, Emulation time: 725.356 ms] Data transfer between kernel(s) and global memory(s)
BANK0          RD = 2176.000 KB            WR = 1920.000 KB     

INFO: [SDx-EM 22] [Wall clock time: 04:54, Emulation time: 729.824 ms] Data transfer between kernel(s) and global memory(s)
BANK0          RD = 2176.000 KB            WR = 1920.000 KB     

INFO: [SDx-EM 22] [Wall clock time: 04:59, Emulation time: 734.374 ms] Data transfer between kernel(s) and global memory(s)
BANK0          RD = 2176.000 KB            WR = 1920.000 KB     

INFO: [SDx-EM 22] [Wall clock time: 05:05, Emulation time: 738.848 ms] Data transfer between kernel(s) and global memory(s)
BANK0          RD = 2176.000 KB            WR = 1920.000 KB     

INFO: [SDx-EM 22] [Wall clock time: 05:10, Emulation time: 743.402 ms] Data transfer between kernel(s) and global memory(s)
BANK0          RD = 2176.000 KB            WR = 1920.000 KB     

INFO: [SDx-EM 22] [Wall clock time: 05:15, Emulation time: 748.15 ms] Data transfer between kernel(s) and global memory(s)
BANK0          RD = 2176.000 KB            WR = 1920.000 KB     

INFO: [SDx-EM 22] [Wall clock time: 05:20, Emulation time: 752.853 ms] Data transfer between kernel(s) and global memory(s)
BANK0          RD = 2304.000 KB            WR = 2048.000 KB     

INFO: [SDx-EM 22] [Wall clock time: 05:25, Emulation time: 757.364 ms] Data transfer between kernel(s) and global memory(s)
BANK0          RD = 2304.000 KB            WR = 2048.000 KB     

INFO: [SDx-EM 22] [Wall clock time: 05:30, Emulation time: 761.905 ms] Data transfer between kernel(s) and global memory(s)
BANK0          RD = 2304.000 KB            WR = 2048.000 KB     

INFO: [SDx-EM 22] [Wall clock time: 05:36, Emulation time: 766.435 ms] Data transfer between kernel(s) and global memory(s)
BANK0          RD = 2304.000 KB            WR = 2048.000 KB     

INFO: [SDx-EM 22] [Wall clock time: 05:41, Emulation time: 770.975 ms] Data transfer between kernel(s) and global memory(s)
BANK0          RD = 2304.000 KB            WR = 2048.000 KB     

INFO: [SDx-EM 22] [Wall clock time: 05:46, Emulation time: 775.516 ms] Data transfer between kernel(s) and global memory(s)
BANK0          RD = 2304.000 KB            WR = 2048.000 KB     

INFO: [SDx-EM 22] [Wall clock time: 05:51, Emulation time: 780.062 ms] Data transfer between kernel(s) and global memory(s)
BANK0          RD = 2304.000 KB            WR = 2048.000 KB     

INFO: [SDx-EM 22] [Wall clock time: 05:56, Emulation time: 784.604 ms] Data transfer between kernel(s) and global memory(s)
BANK0          RD = 2304.000 KB            WR = 2048.000 KB     

INFO: [SDx-EM 22] [Wall clock time: 06:01, Emulation time: 789.143 ms] Data transfer between kernel(s) and global memory(s)
BANK0          RD = 2304.000 KB            WR = 2048.000 KB     

INFO: [SDx-EM 22] [Wall clock time: 06:07, Emulation time: 793.674 ms] Data transfer between kernel(s) and global memory(s)
BANK0          RD = 2304.000 KB            WR = 2048.000 KB     

INFO: [SDx-EM 22] [Wall clock time: 06:12, Emulation time: 798.176 ms] Data transfer between kernel(s) and global memory(s)
BANK0          RD = 2432.000 KB            WR = 2176.000 KB     

INFO: [SDx-EM 22] [Wall clock time: 06:17, Emulation time: 802.724 ms] Data transfer between kernel(s) and global memory(s)
BANK0          RD = 2432.000 KB            WR = 2176.000 KB     

INFO: [SDx-EM 22] [Wall clock time: 06:22, Emulation time: 807.27 ms] Data transfer between kernel(s) and global memory(s)
BANK0          RD = 2432.000 KB            WR = 2176.000 KB     

INFO: [SDx-EM 22] [Wall clock time: 06:27, Emulation time: 811.816 ms] Data transfer between kernel(s) and global memory(s)
BANK0          RD = 2432.000 KB            WR = 2176.000 KB     

INFO: [SDx-EM 22] [Wall clock time: 06:32, Emulation time: 816.361 ms] Data transfer between kernel(s) and global memory(s)
BANK0          RD = 2432.000 KB            WR = 2176.000 KB     

INFO: [SDx-EM 22] [Wall clock time: 06:38, Emulation time: 820.907 ms] Data transfer between kernel(s) and global memory(s)
BANK0          RD = 2432.000 KB            WR = 2176.000 KB     

INFO: [SDx-EM 22] [Wall clock time: 06:43, Emulation time: 825.444 ms] Data transfer between kernel(s) and global memory(s)
BANK0          RD = 2432.000 KB            WR = 2176.000 KB     

INFO: [SDx-EM 22] [Wall clock time: 06:48, Emulation time: 830.004 ms] Data transfer between kernel(s) and global memory(s)
BANK0          RD = 2432.000 KB            WR = 2176.000 KB     

INFO: [SDx-EM 22] [Wall clock time: 06:53, Emulation time: 834.472 ms] Data transfer between kernel(s) and global memory(s)
BANK0          RD = 2432.000 KB            WR = 2176.000 KB     

INFO: [SDx-EM 22] [Wall clock time: 06:58, Emulation time: 838.999 ms] Data transfer between kernel(s) and global memory(s)
BANK0          RD = 2432.000 KB            WR = 2176.000 KB     

INFO: [SDx-EM 22] [Wall clock time: 07:03, Emulation time: 843.418 ms] Data transfer between kernel(s) and global memory(s)
BANK0          RD = 2560.000 KB            WR = 2304.000 KB     

INFO: [SDx-EM 22] [Wall clock time: 07:09, Emulation time: 847.874 ms] Data transfer between kernel(s) and global memory(s)
BANK0          RD = 2560.000 KB            WR = 2304.000 KB     

INFO: [SDx-EM 22] [Wall clock time: 07:14, Emulation time: 852.249 ms] Data transfer between kernel(s) and global memory(s)
BANK0          RD = 2560.000 KB            WR = 2304.000 KB     

INFO: [SDx-EM 22] [Wall clock time: 07:19, Emulation time: 856.791 ms] Data transfer between kernel(s) and global memory(s)
BANK0          RD = 2560.000 KB            WR = 2304.000 KB     

INFO: [SDx-EM 22] [Wall clock time: 07:24, Emulation time: 861.194 ms] Data transfer between kernel(s) and global memory(s)
BANK0          RD = 2560.000 KB            WR = 2304.000 KB     

INFO: [SDx-EM 22] [Wall clock time: 07:29, Emulation time: 865.747 ms] Data transfer between kernel(s) and global memory(s)
BANK0          RD = 2560.000 KB            WR = 2304.000 KB     

INFO: [SDx-EM 22] [Wall clock time: 07:34, Emulation time: 870.415 ms] Data transfer between kernel(s) and global memory(s)
BANK0          RD = 2560.000 KB            WR = 2304.000 KB     

INFO: [SDx-EM 22] [Wall clock time: 07:40, Emulation time: 875.078 ms] Data transfer between kernel(s) and global memory(s)
BANK0          RD = 2560.000 KB            WR = 2304.000 KB     

INFO: [SDx-EM 22] [Wall clock time: 07:45, Emulation time: 879.757 ms] Data transfer between kernel(s) and global memory(s)
BANK0          RD = 2560.000 KB            WR = 2304.000 KB     

INFO: [SDx-EM 22] [Wall clock time: 07:50, Emulation time: 884.421 ms] Data transfer between kernel(s) and global memory(s)
BANK0          RD = 2560.000 KB            WR = 2304.000 KB     

INFO: [SDx-EM 22] [Wall clock time: 07:55, Emulation time: 889.094 ms] Data transfer between kernel(s) and global memory(s)
BANK0          RD = 2560.000 KB            WR = 2304.000 KB     

INFO: [SDx-EM 22] [Wall clock time: 08:00, Emulation time: 893.749 ms] Data transfer between kernel(s) and global memory(s)
BANK0          RD = 2688.000 KB            WR = 2432.000 KB     

INFO: [SDx-EM 22] [Wall clock time: 08:05, Emulation time: 898.418 ms] Data transfer between kernel(s) and global memory(s)
BANK0          RD = 2688.000 KB            WR = 2432.000 KB     

INFO: [SDx-EM 22] [Wall clock time: 08:11, Emulation time: 902.971 ms] Data transfer between kernel(s) and global memory(s)
BANK0          RD = 2688.000 KB            WR = 2432.000 KB     

INFO: [SDx-EM 22] [Wall clock time: 08:16, Emulation time: 907.45 ms] Data transfer between kernel(s) and global memory(s)
BANK0          RD = 2688.000 KB            WR = 2432.000 KB     

INFO: [SDx-EM 22] [Wall clock time: 08:21, Emulation time: 912.007 ms] Data transfer between kernel(s) and global memory(s)
BANK0          RD = 2688.000 KB            WR = 2432.000 KB     

INFO: [SDx-EM 22] [Wall clock time: 08:26, Emulation time: 916.397 ms] Data transfer between kernel(s) and global memory(s)
BANK0          RD = 2688.000 KB            WR = 2432.000 KB     

INFO: [SDx-EM 22] [Wall clock time: 08:31, Emulation time: 920.706 ms] Data transfer between kernel(s) and global memory(s)
BANK0          RD = 2688.000 KB            WR = 2432.000 KB     

INFO: [SDx-EM 22] [Wall clock time: 08:36, Emulation time: 925.252 ms] Data transfer between kernel(s) and global memory(s)
BANK0          RD = 2688.000 KB            WR = 2432.000 KB     

INFO: [SDx-EM 22] [Wall clock time: 08:42, Emulation time: 929.661 ms] Data transfer between kernel(s) and global memory(s)
BANK0          RD = 2688.000 KB            WR = 2432.000 KB     

INFO: [SDx-EM 22] [Wall clock time: 08:47, Emulation time: 934.152 ms] Data transfer between kernel(s) and global memory(s)
BANK0          RD = 2688.000 KB            WR = 2432.000 KB     

INFO: [SDx-EM 22] [Wall clock time: 08:52, Emulation time: 938.671 ms] Data transfer between kernel(s) and global memory(s)
BANK0          RD = 2816.000 KB            WR = 2560.000 KB     

INFO: [SDx-EM 22] [Wall clock time: 08:57, Emulation time: 943.216 ms] Data transfer between kernel(s) and global memory(s)
BANK0          RD = 2816.000 KB            WR = 2560.000 KB     

INFO: [SDx-EM 22] [Wall clock time: 09:02, Emulation time: 947.751 ms] Data transfer between kernel(s) and global memory(s)
BANK0          RD = 2816.000 KB            WR = 2560.000 KB     

INFO: [SDx-EM 22] [Wall clock time: 09:07, Emulation time: 952.298 ms] Data transfer between kernel(s) and global memory(s)
BANK0          RD = 2816.000 KB            WR = 2560.000 KB     

INFO: [SDx-EM 22] [Wall clock time: 09:13, Emulation time: 956.841 ms] Data transfer between kernel(s) and global memory(s)
BANK0          RD = 2816.000 KB            WR = 2560.000 KB     

INFO: [SDx-EM 22] [Wall clock time: 09:18, Emulation time: 961.384 ms] Data transfer between kernel(s) and global memory(s)
BANK0          RD = 2816.000 KB            WR = 2560.000 KB     

INFO: [SDx-EM 22] [Wall clock time: 09:23, Emulation time: 965.925 ms] Data transfer between kernel(s) and global memory(s)
BANK0          RD = 2816.000 KB            WR = 2560.000 KB     

INFO: [SDx-EM 22] [Wall clock time: 09:28, Emulation time: 970.47 ms] Data transfer between kernel(s) and global memory(s)
BANK0          RD = 2816.000 KB            WR = 2560.000 KB     

INFO: [SDx-EM 22] [Wall clock time: 09:33, Emulation time: 974.995 ms] Data transfer between kernel(s) and global memory(s)
BANK0          RD = 2816.000 KB            WR = 2560.000 KB     

INFO: [SDx-EM 22] [Wall clock time: 09:38, Emulation time: 979.542 ms] Data transfer between kernel(s) and global memory(s)
BANK0          RD = 2816.000 KB            WR = 2560.000 KB     

INFO: [SDx-EM 22] [Wall clock time: 09:44, Emulation time: 984.059 ms] Data transfer between kernel(s) and global memory(s)
BANK0          RD = 2944.000 KB            WR = 2688.000 KB     

INFO: [SDx-EM 22] [Wall clock time: 09:49, Emulation time: 988.594 ms] Data transfer between kernel(s) and global memory(s)
BANK0          RD = 2944.000 KB            WR = 2688.000 KB     

INFO: [SDx-EM 22] [Wall clock time: 09:54, Emulation time: 993.13 ms] Data transfer between kernel(s) and global memory(s)
BANK0          RD = 2944.000 KB            WR = 2688.000 KB     

INFO: [SDx-EM 22] [Wall clock time: 09:59, Emulation time: 997.67 ms] Data transfer between kernel(s) and global memory(s)
BANK0          RD = 2944.000 KB            WR = 2688.000 KB     

INFO: [SDx-EM 22] [Wall clock time: 10:04, Emulation time: 1002.21 ms] Data transfer between kernel(s) and global memory(s)
BANK0          RD = 2944.000 KB            WR = 2688.000 KB     

INFO: [SDx-EM 22] [Wall clock time: 10:09, Emulation time: 1006.75 ms] Data transfer between kernel(s) and global memory(s)
BANK0          RD = 2944.000 KB            WR = 2688.000 KB     

INFO: [SDx-EM 22] [Wall clock time: 10:15, Emulation time: 1011.29 ms] Data transfer between kernel(s) and global memory(s)
BANK0          RD = 2944.000 KB            WR = 2688.000 KB     

