INFO: Found 1 platforms
INFO: Selected platform 0 from Xilinx
INFO: Selected xilinx:adm-pcie-7v3:1ddr:3.0 as the target device
INFO: Loading blur-cosim-unroll4-tile128x128.xclbin
INFO: Found 1 platforms
INFO: Selected platform 0 from Xilinx
INFO: Selected xilinx:adm-pcie-7v3:1ddr:3.0 as the target device
INFO: Loading blur-cosim-unroll4-tile128x128.xclbin
INFO: [SDx-EM 01] Hardware emulation runs detailed simulation underneath. It may take long time for large data set. Please use a small dataset for faster execution. You can still get performance trend for your kernel with smaller dataset.
host: tile_num_dim0 = 16, tile_num_dim1 = 8
host: var_blur_y_extent_0 = 1998, var_blur_y_extent_1 = 998
host: var_blur_y_min_0 = 0, var_blur_y_min_1 = 0
Info: Emulation mode.
INFO: [SDx-EM 22] [Wall clock time: 13:45, Emulation time: 0.693398 ms] Data transfer between kernel(s) and global memory(s)
BANK0          RD = 64.000 KB              WR = 0.000 KB        

INFO: [SDx-EM 22] [Wall clock time: 13:50, Emulation time: 1.38253 ms] Data transfer between kernel(s) and global memory(s)
BANK0          RD = 64.000 KB              WR = 0.000 KB        

INFO: [SDx-EM 22] [Wall clock time: 13:55, Emulation time: 3.25203 ms] Data transfer between kernel(s) and global memory(s)
BANK0          RD = 128.000 KB             WR = 64.000 KB       

INFO: [SDx-EM 22] [Wall clock time: 14:00, Emulation time: 6.61417 ms] Data transfer between kernel(s) and global memory(s)
BANK0          RD = 192.000 KB             WR = 128.000 KB      

INFO: [SDx-EM 22] [Wall clock time: 14:06, Emulation time: 10.2343 ms] Data transfer between kernel(s) and global memory(s)
BANK0          RD = 288.000 KB             WR = 224.000 KB      

INFO: [SDx-EM 22] [Wall clock time: 14:11, Emulation time: 13.8867 ms] Data transfer between kernel(s) and global memory(s)
BANK0          RD = 384.000 KB             WR = 320.000 KB      

INFO: [SDx-EM 22] [Wall clock time: 14:16, Emulation time: 17.464 ms] Data transfer between kernel(s) and global memory(s)
BANK0          RD = 448.000 KB             WR = 384.000 KB      

INFO: [SDx-EM 22] [Wall clock time: 14:21, Emulation time: 21.3303 ms] Data transfer between kernel(s) and global memory(s)
BANK0          RD = 544.000 KB             WR = 480.000 KB      

INFO: [SDx-EM 22] [Wall clock time: 14:26, Emulation time: 25.4283 ms] Data transfer between kernel(s) and global memory(s)
BANK0          RD = 640.000 KB             WR = 576.000 KB      

INFO: [SDx-EM 22] [Wall clock time: 14:31, Emulation time: 29.5371 ms] Data transfer between kernel(s) and global memory(s)
BANK0          RD = 736.000 KB             WR = 672.000 KB      

INFO: [SDx-EM 22] [Wall clock time: 14:37, Emulation time: 33.5672 ms] Data transfer between kernel(s) and global memory(s)
BANK0          RD = 832.000 KB             WR = 768.000 KB      

INFO: [SDx-EM 22] [Wall clock time: 14:42, Emulation time: 37.6459 ms] Data transfer between kernel(s) and global memory(s)
BANK0          RD = 928.000 KB             WR = 864.000 KB      

INFO: [SDx-EM 22] [Wall clock time: 14:47, Emulation time: 41.7234 ms] Data transfer between kernel(s) and global memory(s)
BANK0          RD = 1024.000 KB            WR = 960.000 KB      

INFO: [SDx-EM 22] [Wall clock time: 14:52, Emulation time: 45.7655 ms] Data transfer between kernel(s) and global memory(s)
BANK0          RD = 1120.000 KB            WR = 1056.000 KB     

INFO: [SDx-EM 22] [Wall clock time: 14:57, Emulation time: 49.8248 ms] Data transfer between kernel(s) and global memory(s)
BANK0          RD = 1216.000 KB            WR = 1152.000 KB     

INFO: [SDx-EM 22] [Wall clock time: 15:02, Emulation time: 53.8534 ms] Data transfer between kernel(s) and global memory(s)
BANK0          RD = 1312.000 KB            WR = 1248.000 KB     

INFO: [SDx-EM 22] [Wall clock time: 15:08, Emulation time: 57.9028 ms] Data transfer between kernel(s) and global memory(s)
BANK0          RD = 1408.000 KB            WR = 1344.000 KB     

INFO: [SDx-EM 22] [Wall clock time: 15:13, Emulation time: 61.9837 ms] Data transfer between kernel(s) and global memory(s)
BANK0          RD = 1504.000 KB            WR = 1440.000 KB     

INFO: [SDx-EM 22] [Wall clock time: 15:18, Emulation time: 66.0799 ms] Data transfer between kernel(s) and global memory(s)
BANK0          RD = 1600.000 KB            WR = 1536.000 KB     

INFO: [SDx-EM 22] [Wall clock time: 15:23, Emulation time: 70.2128 ms] Data transfer between kernel(s) and global memory(s)
BANK0          RD = 1696.000 KB            WR = 1632.000 KB     

INFO: [SDx-EM 22] [Wall clock time: 15:28, Emulation time: 74.4047 ms] Data transfer between kernel(s) and global memory(s)
BANK0          RD = 1792.000 KB            WR = 1728.000 KB     

INFO: [SDx-EM 22] [Wall clock time: 15:33, Emulation time: 78.5744 ms] Data transfer between kernel(s) and global memory(s)
BANK0          RD = 1888.000 KB            WR = 1824.000 KB     

INFO: [SDx-EM 22] [Wall clock time: 15:39, Emulation time: 82.7188 ms] Data transfer between kernel(s) and global memory(s)
BANK0          RD = 1984.000 KB            WR = 1920.000 KB     

INFO: [SDx-EM 22] [Wall clock time: 15:44, Emulation time: 86.7815 ms] Data transfer between kernel(s) and global memory(s)
BANK0          RD = 2080.000 KB            WR = 2016.000 KB     

INFO: [SDx-EM 22] [Wall clock time: 15:49, Emulation time: 90.7747 ms] Data transfer between kernel(s) and global memory(s)
BANK0          RD = 2176.000 KB            WR = 2112.000 KB     

INFO: [SDx-EM 22] [Wall clock time: 15:54, Emulation time: 94.7384 ms] Data transfer between kernel(s) and global memory(s)
BANK0          RD = 2240.000 KB            WR = 2176.000 KB     

INFO: [SDx-EM 22] [Wall clock time: 15:59, Emulation time: 98.6677 ms] Data transfer between kernel(s) and global memory(s)
BANK0          RD = 2336.000 KB            WR = 2272.000 KB     

INFO: [SDx-EM 22] [Wall clock time: 16:04, Emulation time: 102.616 ms] Data transfer between kernel(s) and global memory(s)
BANK0          RD = 2432.000 KB            WR = 2368.000 KB     

INFO: [SDx-EM 22] [Wall clock time: 16:10, Emulation time: 106.531 ms] Data transfer between kernel(s) and global memory(s)
BANK0          RD = 2528.000 KB            WR = 2464.000 KB     

INFO: [SDx-EM 22] [Wall clock time: 16:15, Emulation time: 110.468 ms] Data transfer between kernel(s) and global memory(s)
BANK0          RD = 2624.000 KB            WR = 2560.000 KB     

INFO: [SDx-EM 22] [Wall clock time: 16:20, Emulation time: 114.403 ms] Data transfer between kernel(s) and global memory(s)
BANK0          RD = 2720.000 KB            WR = 2656.000 KB     

INFO: [SDx-EM 22] [Wall clock time: 16:25, Emulation time: 118.333 ms] Data transfer between kernel(s) and global memory(s)
BANK0          RD = 2816.000 KB            WR = 2752.000 KB     

INFO: [SDx-EM 22] [Wall clock time: 16:30, Emulation time: 122.249 ms] Data transfer between kernel(s) and global memory(s)
BANK0          RD = 2911.000 KB            WR = 2834.000 KB     

INFO: [SDx-EM 22] [Wall clock time: 16:35, Emulation time: 126.162 ms] Data transfer between kernel(s) and global memory(s)
BANK0          RD = 2976.000 KB            WR = 2912.000 KB     

INFO: [SDx-EM 22] [Wall clock time: 16:41, Emulation time: 130.063 ms] Data transfer between kernel(s) and global memory(s)
BANK0          RD = 3072.000 KB            WR = 3008.000 KB     

INFO: [SDx-EM 22] [Wall clock time: 16:46, Emulation time: 133.955 ms] Data transfer between kernel(s) and global memory(s)
BANK0          RD = 3168.000 KB            WR = 3104.000 KB     

INFO: [SDx-EM 22] [Wall clock time: 16:51, Emulation time: 137.84 ms] Data transfer between kernel(s) and global memory(s)
BANK0          RD = 3264.000 KB            WR = 3200.000 KB     

INFO: [SDx-EM 22] [Wall clock time: 16:56, Emulation time: 141.725 ms] Data transfer between kernel(s) and global memory(s)
BANK0          RD = 3360.000 KB            WR = 3296.000 KB     

INFO: [SDx-EM 22] [Wall clock time: 17:01, Emulation time: 145.539 ms] Data transfer between kernel(s) and global memory(s)
BANK0          RD = 3424.000 KB            WR = 3360.000 KB     

INFO: [SDx-EM 22] [Wall clock time: 17:06, Emulation time: 149.45 ms] Data transfer between kernel(s) and global memory(s)
BANK0          RD = 3520.000 KB            WR = 3456.000 KB     

INFO: [SDx-EM 22] [Wall clock time: 17:12, Emulation time: 153.532 ms] Data transfer between kernel(s) and global memory(s)
BANK0          RD = 3616.000 KB            WR = 3552.000 KB     

INFO: [SDx-EM 22] [Wall clock time: 17:17, Emulation time: 157.725 ms] Data transfer between kernel(s) and global memory(s)
BANK0          RD = 3712.000 KB            WR = 3648.000 KB     

INFO: [SDx-EM 22] [Wall clock time: 17:22, Emulation time: 161.932 ms] Data transfer between kernel(s) and global memory(s)
BANK0          RD = 3808.000 KB            WR = 3744.000 KB     

INFO: [SDx-EM 22] [Wall clock time: 17:27, Emulation time: 166.163 ms] Data transfer between kernel(s) and global memory(s)
BANK0          RD = 3904.000 KB            WR = 3840.000 KB     

INFO: [SDx-EM 22] [Wall clock time: 17:32, Emulation time: 170.368 ms] Data transfer between kernel(s) and global memory(s)
BANK0          RD = 4032.000 KB            WR = 3968.000 KB     

INFO: [SDx-EM 22] [Wall clock time: 17:37, Emulation time: 174.585 ms] Data transfer between kernel(s) and global memory(s)
BANK0          RD = 4096.000 KB            WR = 4064.000 KB     

PCIe write time: 18589.061000 us
Kernel run time: 14349988737.979000 us
PCIe read  time: 23851.534000 us
Total run  time: 14350031242.155001 us
Kernel runtime: 14353257187.771999 us
  2   3   4   5   6   7   8   9  10  11 
  3   4   5   6   7   8   9  10  11  12 
  4   5   6   7   8   9  10  11  12  13 
  5   6   7   8   9  10  11  12  13  14 
  6   7   8   9  10  11  12  13  14  15 
  7   8   9  10  11  12  13  14  15  16 
  8   9  10  11  12  13  14  15  16  17 
  9  10  11  12  13  14  15  16  17  18 
 10  11  12  13  14  15  16  17  18  19 
 11  12  13  14  15  16  17  18  19  20 
 12  13  14  15  16  17  18  19  20  21 
 13  14  15  16  17  18  19  20  21  22 
 14  15  16  17  18  19  20  21  22  23 
 15  16  17  18  19  20  21  22  23  24 
 16  17  18  19  20  21  22  23  24  25 
 17  18  19  20  21  22  23  24  25  26 
 18  19  20  21  22  23  24  25  26  27 
 19  20  21  22  23  24  25  26  27  28 
 20  21  22  23  24  25  26  27  28  29 
 21  22  23  24  25  26  27  28  29  30 
Kernel runtime: 14353257187.771999 us
INFO: [SDx-EM 22] [Wall clock time: 17:39, Emulation time: 175.814 ms] Data transfer between kernel(s) and global memory(s)
BANK0          RD = 4096.000 KB            WR = 4096.000 KB     

