INFO: Found 1 platforms
INFO: Selected platform 0 from Xilinx
INFO: Selected xilinx:adm-pcie-7v3:1ddr:3.0 as the target device
INFO: Loading blur-cosim-unroll4-tile256x128.xclbin
INFO: Found 1 platforms
INFO: Selected platform 0 from Xilinx
INFO: Selected xilinx:adm-pcie-7v3:1ddr:3.0 as the target device
INFO: Loading blur-cosim-unroll4-tile256x128.xclbin
INFO: [SDx-EM 01] Hardware emulation runs detailed simulation underneath. It may take long time for large data set. Please use a small dataset for faster execution. You can still get performance trend for your kernel with smaller dataset.
host: tile_num_dim0 = 8, tile_num_dim1 = 8
host: var_blur_y_extent_0 = 1998, var_blur_y_extent_1 = 998
host: var_blur_y_min_0 = 0, var_blur_y_min_1 = 0
Info: Emulation mode.
INFO: [SDx-EM 22] [Wall clock time: 13:45, Emulation time: 0.698843 ms] Data transfer between kernel(s) and global memory(s)
BANK0          RD = 128.000 KB             WR = 0.000 KB        

INFO: [SDx-EM 22] [Wall clock time: 13:50, Emulation time: 1.40905 ms] Data transfer between kernel(s) and global memory(s)
BANK0          RD = 128.000 KB             WR = 0.000 KB        

INFO: [SDx-EM 22] [Wall clock time: 13:55, Emulation time: 3.04887 ms] Data transfer between kernel(s) and global memory(s)
BANK0          RD = 128.000 KB             WR = 0.000 KB        

INFO: [SDx-EM 22] [Wall clock time: 14:00, Emulation time: 5.64742 ms] Data transfer between kernel(s) and global memory(s)
BANK0          RD = 192.000 KB             WR = 64.000 KB       

INFO: [SDx-EM 22] [Wall clock time: 14:06, Emulation time: 8.77745 ms] Data transfer between kernel(s) and global memory(s)
BANK0          RD = 192.000 KB             WR = 64.000 KB       

INFO: [SDx-EM 22] [Wall clock time: 14:11, Emulation time: 11.7753 ms] Data transfer between kernel(s) and global memory(s)
BANK0          RD = 256.000 KB             WR = 128.000 KB      

INFO: [SDx-EM 22] [Wall clock time: 14:16, Emulation time: 14.8582 ms] Data transfer between kernel(s) and global memory(s)
BANK0          RD = 256.000 KB             WR = 128.000 KB      

INFO: [SDx-EM 22] [Wall clock time: 14:21, Emulation time: 17.9262 ms] Data transfer between kernel(s) and global memory(s)
BANK0          RD = 320.000 KB             WR = 192.000 KB      

INFO: [SDx-EM 22] [Wall clock time: 14:26, Emulation time: 20.9676 ms] Data transfer between kernel(s) and global memory(s)
BANK0          RD = 320.000 KB             WR = 192.000 KB      

INFO: [SDx-EM 22] [Wall clock time: 14:31, Emulation time: 23.9488 ms] Data transfer between kernel(s) and global memory(s)
BANK0          RD = 384.000 KB             WR = 256.000 KB      

INFO: [SDx-EM 22] [Wall clock time: 14:37, Emulation time: 26.9334 ms] Data transfer between kernel(s) and global memory(s)
BANK0          RD = 384.000 KB             WR = 256.000 KB      

INFO: [SDx-EM 22] [Wall clock time: 14:42, Emulation time: 29.5838 ms] Data transfer between kernel(s) and global memory(s)
BANK0          RD = 448.000 KB             WR = 320.000 KB      

INFO: [SDx-EM 22] [Wall clock time: 14:47, Emulation time: 32.5395 ms] Data transfer between kernel(s) and global memory(s)
BANK0          RD = 512.000 KB             WR = 384.000 KB      

INFO: [SDx-EM 22] [Wall clock time: 14:52, Emulation time: 35.5909 ms] Data transfer between kernel(s) and global memory(s)
BANK0          RD = 512.000 KB             WR = 384.000 KB      

INFO: [SDx-EM 22] [Wall clock time: 14:57, Emulation time: 38.5833 ms] Data transfer between kernel(s) and global memory(s)
BANK0          RD = 576.000 KB             WR = 448.000 KB      

INFO: [SDx-EM 22] [Wall clock time: 15:02, Emulation time: 41.6367 ms] Data transfer between kernel(s) and global memory(s)
BANK0          RD = 576.000 KB             WR = 448.000 KB      

INFO: [SDx-EM 22] [Wall clock time: 15:08, Emulation time: 44.6515 ms] Data transfer between kernel(s) and global memory(s)
BANK0          RD = 640.000 KB             WR = 512.000 KB      

INFO: [SDx-EM 22] [Wall clock time: 15:13, Emulation time: 47.5723 ms] Data transfer between kernel(s) and global memory(s)
BANK0          RD = 640.000 KB             WR = 512.000 KB      

INFO: [SDx-EM 22] [Wall clock time: 15:18, Emulation time: 50.4375 ms] Data transfer between kernel(s) and global memory(s)
BANK0          RD = 704.000 KB             WR = 576.000 KB      

INFO: [SDx-EM 22] [Wall clock time: 15:23, Emulation time: 53.088 ms] Data transfer between kernel(s) and global memory(s)
BANK0          RD = 704.000 KB             WR = 576.000 KB      

INFO: [SDx-EM 22] [Wall clock time: 15:28, Emulation time: 55.8139 ms] Data transfer between kernel(s) and global memory(s)
BANK0          RD = 768.000 KB             WR = 640.000 KB      

INFO: [SDx-EM 22] [Wall clock time: 15:33, Emulation time: 58.5419 ms] Data transfer between kernel(s) and global memory(s)
BANK0          RD = 768.000 KB             WR = 640.000 KB      

INFO: [SDx-EM 22] [Wall clock time: 15:39, Emulation time: 61.5492 ms] Data transfer between kernel(s) and global memory(s)
BANK0          RD = 832.000 KB             WR = 704.000 KB      

INFO: [SDx-EM 22] [Wall clock time: 15:44, Emulation time: 64.4874 ms] Data transfer between kernel(s) and global memory(s)
BANK0          RD = 832.000 KB             WR = 704.000 KB      

INFO: [SDx-EM 22] [Wall clock time: 15:49, Emulation time: 67.5197 ms] Data transfer between kernel(s) and global memory(s)
BANK0          RD = 896.000 KB             WR = 768.000 KB      

INFO: [SDx-EM 22] [Wall clock time: 15:54, Emulation time: 70.5948 ms] Data transfer between kernel(s) and global memory(s)
BANK0          RD = 960.000 KB             WR = 832.000 KB      

INFO: [SDx-EM 22] [Wall clock time: 15:59, Emulation time: 73.6854 ms] Data transfer between kernel(s) and global memory(s)
BANK0          RD = 960.000 KB             WR = 832.000 KB      

INFO: [SDx-EM 22] [Wall clock time: 16:04, Emulation time: 76.7644 ms] Data transfer between kernel(s) and global memory(s)
BANK0          RD = 1024.000 KB            WR = 896.000 KB      

INFO: [SDx-EM 22] [Wall clock time: 16:10, Emulation time: 79.8918 ms] Data transfer between kernel(s) and global memory(s)
BANK0          RD = 1024.000 KB            WR = 896.000 KB      

INFO: [SDx-EM 22] [Wall clock time: 16:15, Emulation time: 82.9006 ms] Data transfer between kernel(s) and global memory(s)
BANK0          RD = 1088.000 KB            WR = 960.000 KB      

INFO: [SDx-EM 22] [Wall clock time: 16:20, Emulation time: 85.9358 ms] Data transfer between kernel(s) and global memory(s)
BANK0          RD = 1088.000 KB            WR = 960.000 KB      

INFO: [SDx-EM 22] [Wall clock time: 16:25, Emulation time: 89.1425 ms] Data transfer between kernel(s) and global memory(s)
BANK0          RD = 1152.000 KB            WR = 1024.000 KB     

INFO: [SDx-EM 22] [Wall clock time: 16:30, Emulation time: 92.3423 ms] Data transfer between kernel(s) and global memory(s)
BANK0          RD = 1216.000 KB            WR = 1088.000 KB     

INFO: [SDx-EM 22] [Wall clock time: 16:35, Emulation time: 95.5546 ms] Data transfer between kernel(s) and global memory(s)
BANK0          RD = 1216.000 KB            WR = 1088.000 KB     

INFO: [SDx-EM 22] [Wall clock time: 16:41, Emulation time: 98.7525 ms] Data transfer between kernel(s) and global memory(s)
BANK0          RD = 1280.000 KB            WR = 1152.000 KB     

INFO: [SDx-EM 22] [Wall clock time: 16:46, Emulation time: 101.966 ms] Data transfer between kernel(s) and global memory(s)
BANK0          RD = 1280.000 KB            WR = 1152.000 KB     

INFO: [SDx-EM 22] [Wall clock time: 16:51, Emulation time: 105.174 ms] Data transfer between kernel(s) and global memory(s)
BANK0          RD = 1344.000 KB            WR = 1216.000 KB     

INFO: [SDx-EM 22] [Wall clock time: 16:56, Emulation time: 108.391 ms] Data transfer between kernel(s) and global memory(s)
BANK0          RD = 1408.000 KB            WR = 1280.000 KB     

INFO: [SDx-EM 22] [Wall clock time: 17:01, Emulation time: 111.782 ms] Data transfer between kernel(s) and global memory(s)
BANK0          RD = 1408.000 KB            WR = 1280.000 KB     

INFO: [SDx-EM 22] [Wall clock time: 17:06, Emulation time: 115.198 ms] Data transfer between kernel(s) and global memory(s)
BANK0          RD = 1472.000 KB            WR = 1344.000 KB     

INFO: [SDx-EM 22] [Wall clock time: 17:12, Emulation time: 118.722 ms] Data transfer between kernel(s) and global memory(s)
BANK0          RD = 1472.000 KB            WR = 1344.000 KB     

INFO: [SDx-EM 22] [Wall clock time: 17:17, Emulation time: 122.302 ms] Data transfer between kernel(s) and global memory(s)
BANK0          RD = 1536.000 KB            WR = 1408.000 KB     

INFO: [SDx-EM 22] [Wall clock time: 17:22, Emulation time: 125.887 ms] Data transfer between kernel(s) and global memory(s)
BANK0          RD = 1600.000 KB            WR = 1472.000 KB     

INFO: [SDx-EM 22] [Wall clock time: 17:27, Emulation time: 129.487 ms] Data transfer between kernel(s) and global memory(s)
BANK0          RD = 1600.000 KB            WR = 1472.000 KB     

INFO: [SDx-EM 22] [Wall clock time: 17:32, Emulation time: 133.073 ms] Data transfer between kernel(s) and global memory(s)
BANK0          RD = 1664.000 KB            WR = 1536.000 KB     

INFO: [SDx-EM 22] [Wall clock time: 17:37, Emulation time: 136.651 ms] Data transfer between kernel(s) and global memory(s)
BANK0          RD = 1728.000 KB            WR = 1600.000 KB     

INFO: [SDx-EM 22] [Wall clock time: 17:43, Emulation time: 140.314 ms] Data transfer between kernel(s) and global memory(s)
BANK0          RD = 1728.000 KB            WR = 1600.000 KB     

INFO: [SDx-EM 22] [Wall clock time: 17:48, Emulation time: 144.011 ms] Data transfer between kernel(s) and global memory(s)
BANK0          RD = 1792.000 KB            WR = 1664.000 KB     

INFO: [SDx-EM 22] [Wall clock time: 17:53, Emulation time: 147.797 ms] Data transfer between kernel(s) and global memory(s)
BANK0          RD = 1856.000 KB            WR = 1728.000 KB     

INFO: [SDx-EM 22] [Wall clock time: 17:58, Emulation time: 151.626 ms] Data transfer between kernel(s) and global memory(s)
BANK0          RD = 1920.000 KB            WR = 1792.000 KB     

INFO: [SDx-EM 22] [Wall clock time: 18:03, Emulation time: 155.467 ms] Data transfer between kernel(s) and global memory(s)
BANK0          RD = 1920.000 KB            WR = 1792.000 KB     

INFO: [SDx-EM 22] [Wall clock time: 18:08, Emulation time: 159.298 ms] Data transfer between kernel(s) and global memory(s)
BANK0          RD = 1984.000 KB            WR = 1856.000 KB     

INFO: [SDx-EM 22] [Wall clock time: 18:14, Emulation time: 163.133 ms] Data transfer between kernel(s) and global memory(s)
BANK0          RD = 2048.000 KB            WR = 1920.000 KB     

INFO: [SDx-EM 22] [Wall clock time: 18:19, Emulation time: 166.971 ms] Data transfer between kernel(s) and global memory(s)
BANK0          RD = 2048.000 KB            WR = 1920.000 KB     

INFO: [SDx-EM 22] [Wall clock time: 18:24, Emulation time: 170.826 ms] Data transfer between kernel(s) and global memory(s)
BANK0          RD = 2112.000 KB            WR = 1984.000 KB     

INFO: [SDx-EM 22] [Wall clock time: 18:29, Emulation time: 174.569 ms] Data transfer between kernel(s) and global memory(s)
BANK0          RD = 2176.000 KB            WR = 2048.000 KB     

INFO: [SDx-EM 22] [Wall clock time: 18:34, Emulation time: 178.437 ms] Data transfer between kernel(s) and global memory(s)
BANK0          RD = 2176.000 KB            WR = 2048.000 KB     

INFO: [SDx-EM 22] [Wall clock time: 18:39, Emulation time: 182.358 ms] Data transfer between kernel(s) and global memory(s)
BANK0          RD = 2240.000 KB            WR = 2112.000 KB     

INFO: [SDx-EM 22] [Wall clock time: 18:45, Emulation time: 186.296 ms] Data transfer between kernel(s) and global memory(s)
BANK0          RD = 2304.000 KB            WR = 2176.000 KB     

INFO: [SDx-EM 22] [Wall clock time: 18:50, Emulation time: 190.131 ms] Data transfer between kernel(s) and global memory(s)
BANK0          RD = 2368.000 KB            WR = 2240.000 KB     

INFO: [SDx-EM 22] [Wall clock time: 18:55, Emulation time: 193.973 ms] Data transfer between kernel(s) and global memory(s)
BANK0          RD = 2368.000 KB            WR = 2240.000 KB     

INFO: [SDx-EM 22] [Wall clock time: 19:00, Emulation time: 197.866 ms] Data transfer between kernel(s) and global memory(s)
BANK0          RD = 2432.000 KB            WR = 2304.000 KB     

INFO: [SDx-EM 22] [Wall clock time: 19:05, Emulation time: 201.738 ms] Data transfer between kernel(s) and global memory(s)
BANK0          RD = 2496.000 KB            WR = 2368.000 KB     

INFO: [SDx-EM 22] [Wall clock time: 19:10, Emulation time: 205.567 ms] Data transfer between kernel(s) and global memory(s)
BANK0          RD = 2513.000 KB            WR = 2372.000 KB     

INFO: [SDx-EM 22] [Wall clock time: 19:16, Emulation time: 209.377 ms] Data transfer between kernel(s) and global memory(s)
BANK0          RD = 2560.000 KB            WR = 2432.000 KB     

INFO: [SDx-EM 22] [Wall clock time: 19:21, Emulation time: 213.214 ms] Data transfer between kernel(s) and global memory(s)
BANK0          RD = 2624.000 KB            WR = 2496.000 KB     

INFO: [SDx-EM 22] [Wall clock time: 19:26, Emulation time: 217.055 ms] Data transfer between kernel(s) and global memory(s)
BANK0          RD = 2688.000 KB            WR = 2560.000 KB     

INFO: [SDx-EM 22] [Wall clock time: 19:31, Emulation time: 220.807 ms] Data transfer between kernel(s) and global memory(s)
BANK0          RD = 2688.000 KB            WR = 2560.000 KB     

INFO: [SDx-EM 22] [Wall clock time: 19:36, Emulation time: 224.685 ms] Data transfer between kernel(s) and global memory(s)
BANK0          RD = 2752.000 KB            WR = 2624.000 KB     

INFO: [SDx-EM 22] [Wall clock time: 19:41, Emulation time: 228.501 ms] Data transfer between kernel(s) and global memory(s)
BANK0          RD = 2816.000 KB            WR = 2688.000 KB     

INFO: [SDx-EM 22] [Wall clock time: 19:47, Emulation time: 232.344 ms] Data transfer between kernel(s) and global memory(s)
BANK0          RD = 2816.000 KB            WR = 2688.000 KB     

INFO: [SDx-EM 22] [Wall clock time: 19:52, Emulation time: 236.141 ms] Data transfer between kernel(s) and global memory(s)
BANK0          RD = 2880.000 KB            WR = 2752.000 KB     

INFO: [SDx-EM 22] [Wall clock time: 19:57, Emulation time: 240.041 ms] Data transfer between kernel(s) and global memory(s)
BANK0          RD = 2944.000 KB            WR = 2816.000 KB     

INFO: [SDx-EM 22] [Wall clock time: 20:02, Emulation time: 243.888 ms] Data transfer between kernel(s) and global memory(s)
BANK0          RD = 3008.000 KB            WR = 2880.000 KB     

INFO: [SDx-EM 22] [Wall clock time: 20:07, Emulation time: 247.704 ms] Data transfer between kernel(s) and global memory(s)
BANK0          RD = 3008.000 KB            WR = 2880.000 KB     

INFO: [SDx-EM 22] [Wall clock time: 20:12, Emulation time: 251.487 ms] Data transfer between kernel(s) and global memory(s)
BANK0          RD = 3072.000 KB            WR = 2944.000 KB     

INFO: [SDx-EM 22] [Wall clock time: 20:18, Emulation time: 255.382 ms] Data transfer between kernel(s) and global memory(s)
BANK0          RD = 3136.000 KB            WR = 3008.000 KB     

INFO: [SDx-EM 22] [Wall clock time: 20:23, Emulation time: 259.34 ms] Data transfer between kernel(s) and global memory(s)
BANK0          RD = 3136.000 KB            WR = 3008.000 KB     

INFO: [SDx-EM 22] [Wall clock time: 20:28, Emulation time: 263.205 ms] Data transfer between kernel(s) and global memory(s)
BANK0          RD = 3200.000 KB            WR = 3072.000 KB     

INFO: [SDx-EM 22] [Wall clock time: 20:33, Emulation time: 266.981 ms] Data transfer between kernel(s) and global memory(s)
BANK0          RD = 3264.000 KB            WR = 3136.000 KB     

INFO: [SDx-EM 22] [Wall clock time: 20:38, Emulation time: 270.819 ms] Data transfer between kernel(s) and global memory(s)
BANK0          RD = 3328.000 KB            WR = 3200.000 KB     

INFO: [SDx-EM 22] [Wall clock time: 20:43, Emulation time: 274.707 ms] Data transfer between kernel(s) and global memory(s)
BANK0          RD = 3328.000 KB            WR = 3200.000 KB     

INFO: [SDx-EM 22] [Wall clock time: 20:49, Emulation time: 278.73 ms] Data transfer between kernel(s) and global memory(s)
BANK0          RD = 3392.000 KB            WR = 3264.000 KB     

INFO: [SDx-EM 22] [Wall clock time: 20:54, Emulation time: 282.784 ms] Data transfer between kernel(s) and global memory(s)
BANK0          RD = 3456.000 KB            WR = 3328.000 KB     

INFO: [SDx-EM 22] [Wall clock time: 20:59, Emulation time: 286.7 ms] Data transfer between kernel(s) and global memory(s)
BANK0          RD = 3471.000 KB            WR = 3332.000 KB     

INFO: [SDx-EM 22] [Wall clock time: 21:04, Emulation time: 290.64 ms] Data transfer between kernel(s) and global memory(s)
BANK0          RD = 3520.000 KB            WR = 3392.000 KB     

INFO: [SDx-EM 22] [Wall clock time: 21:09, Emulation time: 294.613 ms] Data transfer between kernel(s) and global memory(s)
BANK0          RD = 3584.000 KB            WR = 3456.000 KB     

INFO: [SDx-EM 22] [Wall clock time: 21:14, Emulation time: 298.616 ms] Data transfer between kernel(s) and global memory(s)
BANK0          RD = 3648.000 KB            WR = 3520.000 KB     

INFO: [SDx-EM 22] [Wall clock time: 21:20, Emulation time: 302.683 ms] Data transfer between kernel(s) and global memory(s)
BANK0          RD = 3648.000 KB            WR = 3520.000 KB     

INFO: [SDx-EM 22] [Wall clock time: 21:25, Emulation time: 306.731 ms] Data transfer between kernel(s) and global memory(s)
BANK0          RD = 3712.000 KB            WR = 3584.000 KB     

INFO: [SDx-EM 22] [Wall clock time: 21:30, Emulation time: 310.79 ms] Data transfer between kernel(s) and global memory(s)
BANK0          RD = 3776.000 KB            WR = 3648.000 KB     

INFO: [SDx-EM 22] [Wall clock time: 21:35, Emulation time: 314.846 ms] Data transfer between kernel(s) and global memory(s)
BANK0          RD = 3840.000 KB            WR = 3712.000 KB     

INFO: [SDx-EM 22] [Wall clock time: 21:40, Emulation time: 318.91 ms] Data transfer between kernel(s) and global memory(s)
BANK0          RD = 3840.000 KB            WR = 3712.000 KB     

INFO: [SDx-EM 22] [Wall clock time: 21:45, Emulation time: 322.964 ms] Data transfer between kernel(s) and global memory(s)
BANK0          RD = 3904.000 KB            WR = 3776.000 KB     

INFO: [SDx-EM 22] [Wall clock time: 21:51, Emulation time: 327 ms] Data transfer between kernel(s) and global memory(s)
BANK0          RD = 3968.000 KB            WR = 3840.000 KB     

INFO: [SDx-EM 22] [Wall clock time: 21:56, Emulation time: 331.058 ms] Data transfer between kernel(s) and global memory(s)
BANK0          RD = 4032.000 KB            WR = 3904.000 KB     

INFO: [SDx-EM 22] [Wall clock time: 22:01, Emulation time: 335.062 ms] Data transfer between kernel(s) and global memory(s)
BANK0          RD = 4032.000 KB            WR = 3904.000 KB     

INFO: [SDx-EM 22] [Wall clock time: 22:06, Emulation time: 339.106 ms] Data transfer between kernel(s) and global memory(s)
BANK0          RD = 4096.000 KB            WR = 3968.000 KB     

INFO: [SDx-EM 22] [Wall clock time: 22:11, Emulation time: 343.192 ms] Data transfer between kernel(s) and global memory(s)
BANK0          RD = 4096.000 KB            WR = 4032.000 KB     

PCIe write time: 12238.601000 us
Kernel run time: 30924909766.479000 us
PCIe read  time: 24906.628000 us
Total run  time: 30924946970.255001 us
Kernel runtime: 30928161448.993000 us
  2   3   4   5   6   7   8   9  10  11 
  3   4   5   6   7   8   9  10  11  12 
  4   5   6   7   8   9  10  11  12  13 
  5   6   7   8   9  10  11  12  13  14 
  6   7   8   9  10  11  12  13  14  15 
  7   8   9  10  11  12  13  14  15  16 
  8   9  10  11  12  13  14  15  16  17 
  9  10  11  12  13  14  15  16  17  18 
 10  11  12  13  14  15  16  17  18  19 
 11  12  13  14  15  16  17  18  19  20 
 12  13  14  15  16  17  18  19  20  21 
 13  14  15  16  17  18  19  20  21  22 
 14  15  16  17  18  19  20  21  22  23 
 15  16  17  18  19  20  21  22  23  24 
 16  17  18  19  20  21  22  23  24  25 
 17  18  19  20  21  22  23  24  25  26 
 18  19  20  21  22  23  24  25  26  27 
 19  20  21  22  23  24  25  26  27  28 
 20  21  22  23  24  25  26  27  28  29 
 21  22  23  24  25  26  27  28  29  30 
Kernel runtime: 30928161448.993000 us
INFO: [SDx-EM 22] [Wall clock time: 22:15, Emulation time: 346.217 ms] Data transfer between kernel(s) and global memory(s)
BANK0          RD = 4096.000 KB            WR = 4096.000 KB     

