INFO: Found 1 platforms
INFO: Selected platform 0 from Xilinx
INFO: Selected xilinx:adm-pcie-7v3:1ddr:3.0 as the target device
INFO: Loading ../../bit/blur-line-cosim-tile128x128.xclbin
INFO: Found 1 platforms
INFO: Selected platform 0 from Xilinx
INFO: Selected xilinx:adm-pcie-7v3:1ddr:3.0 as the target device
INFO: Loading ../../bit/blur-line-cosim-tile128x128.xclbin
INFO: [SDx-EM 01] Hardware emulation runs detailed simulation underneath. It may take long time for large data set. Please use a small dataset for faster execution. You can still get performance trend for your kernel with smaller dataset.
host: tile_num_dim0 = 16, tile_num_dim1 = 8
host: var_blur_y_extent_0 = 1998, var_blur_y_extent_1 = 998
host: var_blur_y_min_0 = 0, var_blur_y_min_1 = 0
Info: Emulation mode.
INFO: [SDx-EM 22] [Wall clock time: 14:25, Emulation time: 4.21205 ms] Data transfer between kernel(s) and global memory(s)
BANK0          RD = 1664.000 KB            WR = 1600.000 KB     

INFO: [SDx-EM 22] [Wall clock time: 14:31, Emulation time: 8.47275 ms] Data transfer between kernel(s) and global memory(s)
BANK0          RD = 3296.000 KB            WR = 3232.000 KB     

PCIe write time: 4246.943000 us
Kernel run time: 781281304.510000 us
PCIe read  time: 26903.072000 us
Total run  time: 781312490.539000 us
Kernel runtime: 782277902.718000 us
  2   3   4   5   6   7   8   9  10  11 
  3   4   5   6   7   8   9  10  11  12 
  4   5   6   7   8   9  10  11  12  13 
  5   6   7   8   9  10  11  12  13  14 
  6   7   8   9  10  11  12  13  14  15 
  7   8   9  10  11  12  13  14  15  16 
  8   9  10  11  12  13  14  15  16  17 
  9  10  11  12  13  14  15  16  17  18 
 10  11  12  13  14  15  16  17  18  19 
 11  12  13  14  15  16  17  18  19  20 
 12  13  14  15  16  17  18  19  20  21 
 13  14  15  16  17  18  19  20  21  22 
 14  15  16  17  18  19  20  21  22  23 
 15  16  17  18  19  20  21  22  23  24 
 16  17  18  19  20  21  22  23  24  25 
 17  18  19  20  21  22  23  24  25  26 
 18  19  20  21  22  23  24  25  26  27 
 19  20  21  22  23  24  25  26  27  28 
 20  21  22  23  24  25  26  27  28  29 
 21  22  23  24  25  26  27  28  29  30 
Kernel runtime: 782277902.718000 us
INFO: [SDx-EM 22] [Wall clock time: 14:33, Emulation time: 10.6933 ms] Data transfer between kernel(s) and global memory(s)
BANK0          RD = 4096.000 KB            WR = 4096.000 KB     

