INFO: Found 1 platforms
INFO: Selected platform 0 from Xilinx
INFO: Selected xilinx:adm-pcie-7v3:1ddr:3.0 as the target device
INFO: Loading blur-cosim-unroll1-tile256x64.xclbin
INFO: Found 1 platforms
INFO: Selected platform 0 from Xilinx
INFO: Selected xilinx:adm-pcie-7v3:1ddr:3.0 as the target device
INFO: Loading blur-cosim-unroll1-tile256x64.xclbin
INFO: [SDx-EM 01] Hardware emulation runs detailed simulation underneath. It may take long time for large data set. Please use a small dataset for faster execution. You can still get performance trend for your kernel with smaller dataset.
host: tile_num_dim0 = 8, tile_num_dim1 = 17
host: var_blur_y_extent_0 = 1998, var_blur_y_extent_1 = 998
host: var_blur_y_min_0 = 0, var_blur_y_min_1 = 0
Info: Emulation mode.
INFO: [SDx-EM 22] [Wall clock time: 13:45, Emulation time: 0.652133 ms] Data transfer between kernel(s) and global memory(s)
BANK0          RD = 64.000 KB              WR = 0.000 KB        

INFO: [SDx-EM 22] [Wall clock time: 13:50, Emulation time: 1.27475 ms] Data transfer between kernel(s) and global memory(s)
BANK0          RD = 64.000 KB              WR = 0.000 KB        

INFO: [SDx-EM 22] [Wall clock time: 13:55, Emulation time: 2.80021 ms] Data transfer between kernel(s) and global memory(s)
BANK0          RD = 64.000 KB              WR = 0.000 KB        

INFO: [SDx-EM 22] [Wall clock time: 14:00, Emulation time: 5.31546 ms] Data transfer between kernel(s) and global memory(s)
BANK0          RD = 64.000 KB              WR = 0.000 KB        

INFO: [SDx-EM 22] [Wall clock time: 14:06, Emulation time: 8.24609 ms] Data transfer between kernel(s) and global memory(s)
BANK0          RD = 64.000 KB              WR = 0.000 KB        

INFO: [SDx-EM 22] [Wall clock time: 14:11, Emulation time: 11.1007 ms] Data transfer between kernel(s) and global memory(s)
BANK0          RD = 64.000 KB              WR = 0.000 KB        

INFO: [SDx-EM 22] [Wall clock time: 14:16, Emulation time: 13.8108 ms] Data transfer between kernel(s) and global memory(s)
BANK0          RD = 64.000 KB              WR = 0.000 KB        

INFO: [SDx-EM 22] [Wall clock time: 14:21, Emulation time: 16.6524 ms] Data transfer between kernel(s) and global memory(s)
BANK0          RD = 64.000 KB              WR = 0.000 KB        

INFO: [SDx-EM 22] [Wall clock time: 14:26, Emulation time: 19.5977 ms] Data transfer between kernel(s) and global memory(s)
BANK0          RD = 64.000 KB              WR = 0.000 KB        

INFO: [SDx-EM 22] [Wall clock time: 14:31, Emulation time: 22.4956 ms] Data transfer between kernel(s) and global memory(s)
BANK0          RD = 64.000 KB              WR = 0.000 KB        

INFO: [SDx-EM 22] [Wall clock time: 14:37, Emulation time: 25.1786 ms] Data transfer between kernel(s) and global memory(s)
BANK0          RD = 64.000 KB              WR = 0.000 KB        

INFO: [SDx-EM 22] [Wall clock time: 14:42, Emulation time: 27.9676 ms] Data transfer between kernel(s) and global memory(s)
BANK0          RD = 64.000 KB              WR = 0.000 KB        

INFO: [SDx-EM 22] [Wall clock time: 14:47, Emulation time: 30.7323 ms] Data transfer between kernel(s) and global memory(s)
BANK0          RD = 64.000 KB              WR = 0.000 KB        

INFO: [SDx-EM 22] [Wall clock time: 14:52, Emulation time: 33.5324 ms] Data transfer between kernel(s) and global memory(s)
BANK0          RD = 64.000 KB              WR = 0.000 KB        

INFO: [SDx-EM 22] [Wall clock time: 14:57, Emulation time: 36.3601 ms] Data transfer between kernel(s) and global memory(s)
BANK0          RD = 64.000 KB              WR = 0.000 KB        

INFO: [SDx-EM 22] [Wall clock time: 15:02, Emulation time: 39.2143 ms] Data transfer between kernel(s) and global memory(s)
BANK0          RD = 64.000 KB              WR = 0.000 KB        

INFO: [SDx-EM 22] [Wall clock time: 15:08, Emulation time: 42.0742 ms] Data transfer between kernel(s) and global memory(s)
BANK0          RD = 64.000 KB              WR = 0.000 KB        

INFO: [SDx-EM 22] [Wall clock time: 15:13, Emulation time: 44.9637 ms] Data transfer between kernel(s) and global memory(s)
BANK0          RD = 96.000 KB              WR = 32.000 KB       

INFO: [SDx-EM 22] [Wall clock time: 15:18, Emulation time: 47.8117 ms] Data transfer between kernel(s) and global memory(s)
BANK0          RD = 96.000 KB              WR = 32.000 KB       

INFO: [SDx-EM 22] [Wall clock time: 15:23, Emulation time: 50.687 ms] Data transfer between kernel(s) and global memory(s)
BANK0          RD = 96.000 KB              WR = 32.000 KB       

INFO: [SDx-EM 22] [Wall clock time: 15:28, Emulation time: 53.544 ms] Data transfer between kernel(s) and global memory(s)
BANK0          RD = 96.000 KB              WR = 32.000 KB       

INFO: [SDx-EM 22] [Wall clock time: 15:33, Emulation time: 56.3712 ms] Data transfer between kernel(s) and global memory(s)
BANK0          RD = 96.000 KB              WR = 32.000 KB       

INFO: [SDx-EM 22] [Wall clock time: 15:39, Emulation time: 59.2069 ms] Data transfer between kernel(s) and global memory(s)
BANK0          RD = 96.000 KB              WR = 32.000 KB       

INFO: [SDx-EM 22] [Wall clock time: 15:44, Emulation time: 62.0368 ms] Data transfer between kernel(s) and global memory(s)
BANK0          RD = 96.000 KB              WR = 32.000 KB       

INFO: [SDx-EM 22] [Wall clock time: 15:49, Emulation time: 64.8217 ms] Data transfer between kernel(s) and global memory(s)
BANK0          RD = 96.000 KB              WR = 32.000 KB       

INFO: [SDx-EM 22] [Wall clock time: 15:54, Emulation time: 67.3844 ms] Data transfer between kernel(s) and global memory(s)
BANK0          RD = 96.000 KB              WR = 32.000 KB       

INFO: [SDx-EM 22] [Wall clock time: 15:59, Emulation time: 69.8682 ms] Data transfer between kernel(s) and global memory(s)
BANK0          RD = 96.000 KB              WR = 32.000 KB       

INFO: [SDx-EM 22] [Wall clock time: 16:04, Emulation time: 72.5455 ms] Data transfer between kernel(s) and global memory(s)
BANK0          RD = 96.000 KB              WR = 32.000 KB       

INFO: [SDx-EM 22] [Wall clock time: 16:10, Emulation time: 75.1539 ms] Data transfer between kernel(s) and global memory(s)
BANK0          RD = 96.000 KB              WR = 32.000 KB       

INFO: [SDx-EM 22] [Wall clock time: 16:15, Emulation time: 77.8777 ms] Data transfer between kernel(s) and global memory(s)
BANK0          RD = 96.000 KB              WR = 32.000 KB       

INFO: [SDx-EM 22] [Wall clock time: 16:20, Emulation time: 80.5865 ms] Data transfer between kernel(s) and global memory(s)
BANK0          RD = 96.000 KB              WR = 32.000 KB       

INFO: [SDx-EM 22] [Wall clock time: 16:25, Emulation time: 83.5586 ms] Data transfer between kernel(s) and global memory(s)
BANK0          RD = 96.000 KB              WR = 32.000 KB       

INFO: [SDx-EM 22] [Wall clock time: 16:30, Emulation time: 86.5273 ms] Data transfer between kernel(s) and global memory(s)
BANK0          RD = 96.000 KB              WR = 32.000 KB       

INFO: [SDx-EM 22] [Wall clock time: 16:35, Emulation time: 89.5235 ms] Data transfer between kernel(s) and global memory(s)
BANK0          RD = 128.000 KB             WR = 64.000 KB       

INFO: [SDx-EM 22] [Wall clock time: 16:41, Emulation time: 92.5091 ms] Data transfer between kernel(s) and global memory(s)
BANK0          RD = 128.000 KB             WR = 64.000 KB       

INFO: [SDx-EM 22] [Wall clock time: 16:46, Emulation time: 95.484 ms] Data transfer between kernel(s) and global memory(s)
BANK0          RD = 128.000 KB             WR = 64.000 KB       

INFO: [SDx-EM 22] [Wall clock time: 16:51, Emulation time: 98.4726 ms] Data transfer between kernel(s) and global memory(s)
BANK0          RD = 128.000 KB             WR = 64.000 KB       

INFO: [SDx-EM 22] [Wall clock time: 16:56, Emulation time: 101.478 ms] Data transfer between kernel(s) and global memory(s)
BANK0          RD = 128.000 KB             WR = 64.000 KB       

INFO: [SDx-EM 22] [Wall clock time: 17:01, Emulation time: 104.652 ms] Data transfer between kernel(s) and global memory(s)
BANK0          RD = 128.000 KB             WR = 64.000 KB       

INFO: [SDx-EM 22] [Wall clock time: 17:06, Emulation time: 107.877 ms] Data transfer between kernel(s) and global memory(s)
BANK0          RD = 128.000 KB             WR = 64.000 KB       

INFO: [SDx-EM 22] [Wall clock time: 17:12, Emulation time: 111.216 ms] Data transfer between kernel(s) and global memory(s)
BANK0          RD = 128.000 KB             WR = 64.000 KB       

INFO: [SDx-EM 22] [Wall clock time: 17:17, Emulation time: 114.662 ms] Data transfer between kernel(s) and global memory(s)
BANK0          RD = 128.000 KB             WR = 64.000 KB       

INFO: [SDx-EM 22] [Wall clock time: 17:22, Emulation time: 118.104 ms] Data transfer between kernel(s) and global memory(s)
BANK0          RD = 128.000 KB             WR = 64.000 KB       

INFO: [SDx-EM 22] [Wall clock time: 17:27, Emulation time: 121.546 ms] Data transfer between kernel(s) and global memory(s)
BANK0          RD = 128.000 KB             WR = 64.000 KB       

INFO: [SDx-EM 22] [Wall clock time: 17:32, Emulation time: 124.99 ms] Data transfer between kernel(s) and global memory(s)
BANK0          RD = 128.000 KB             WR = 64.000 KB       

INFO: [SDx-EM 22] [Wall clock time: 17:37, Emulation time: 128.433 ms] Data transfer between kernel(s) and global memory(s)
BANK0          RD = 128.000 KB             WR = 64.000 KB       

INFO: [SDx-EM 22] [Wall clock time: 17:43, Emulation time: 131.833 ms] Data transfer between kernel(s) and global memory(s)
BANK0          RD = 128.000 KB             WR = 64.000 KB       

INFO: [SDx-EM 22] [Wall clock time: 17:48, Emulation time: 135.462 ms] Data transfer between kernel(s) and global memory(s)
BANK0          RD = 160.000 KB             WR = 96.000 KB       

INFO: [SDx-EM 22] [Wall clock time: 17:53, Emulation time: 139.183 ms] Data transfer between kernel(s) and global memory(s)
BANK0          RD = 160.000 KB             WR = 96.000 KB       

INFO: [SDx-EM 22] [Wall clock time: 17:58, Emulation time: 142.964 ms] Data transfer between kernel(s) and global memory(s)
BANK0          RD = 160.000 KB             WR = 96.000 KB       

INFO: [SDx-EM 22] [Wall clock time: 18:03, Emulation time: 146.742 ms] Data transfer between kernel(s) and global memory(s)
BANK0          RD = 160.000 KB             WR = 96.000 KB       

INFO: [SDx-EM 22] [Wall clock time: 18:08, Emulation time: 150.519 ms] Data transfer between kernel(s) and global memory(s)
BANK0          RD = 160.000 KB             WR = 96.000 KB       

INFO: [SDx-EM 22] [Wall clock time: 18:14, Emulation time: 154.298 ms] Data transfer between kernel(s) and global memory(s)
BANK0          RD = 160.000 KB             WR = 96.000 KB       

INFO: [SDx-EM 22] [Wall clock time: 18:19, Emulation time: 158.074 ms] Data transfer between kernel(s) and global memory(s)
BANK0          RD = 160.000 KB             WR = 96.000 KB       

INFO: [SDx-EM 22] [Wall clock time: 18:24, Emulation time: 161.832 ms] Data transfer between kernel(s) and global memory(s)
BANK0          RD = 160.000 KB             WR = 96.000 KB       

INFO: [SDx-EM 22] [Wall clock time: 18:29, Emulation time: 165.636 ms] Data transfer between kernel(s) and global memory(s)
BANK0          RD = 160.000 KB             WR = 96.000 KB       

INFO: [SDx-EM 22] [Wall clock time: 18:34, Emulation time: 169.508 ms] Data transfer between kernel(s) and global memory(s)
BANK0          RD = 160.000 KB             WR = 96.000 KB       

INFO: [SDx-EM 22] [Wall clock time: 18:39, Emulation time: 173.338 ms] Data transfer between kernel(s) and global memory(s)
BANK0          RD = 160.000 KB             WR = 96.000 KB       

INFO: [SDx-EM 22] [Wall clock time: 18:45, Emulation time: 177.09 ms] Data transfer between kernel(s) and global memory(s)
BANK0          RD = 160.000 KB             WR = 96.000 KB       

INFO: [SDx-EM 22] [Wall clock time: 18:50, Emulation time: 180.954 ms] Data transfer between kernel(s) and global memory(s)
BANK0          RD = 192.000 KB             WR = 128.000 KB      

INFO: [SDx-EM 22] [Wall clock time: 18:55, Emulation time: 184.718 ms] Data transfer between kernel(s) and global memory(s)
BANK0          RD = 192.000 KB             WR = 128.000 KB      

INFO: [SDx-EM 22] [Wall clock time: 19:00, Emulation time: 188.566 ms] Data transfer between kernel(s) and global memory(s)
BANK0          RD = 192.000 KB             WR = 128.000 KB      

INFO: [SDx-EM 22] [Wall clock time: 19:05, Emulation time: 192.417 ms] Data transfer between kernel(s) and global memory(s)
BANK0          RD = 192.000 KB             WR = 128.000 KB      

INFO: [SDx-EM 22] [Wall clock time: 19:10, Emulation time: 196.246 ms] Data transfer between kernel(s) and global memory(s)
BANK0          RD = 192.000 KB             WR = 128.000 KB      

INFO: [SDx-EM 22] [Wall clock time: 19:16, Emulation time: 200.035 ms] Data transfer between kernel(s) and global memory(s)
BANK0          RD = 192.000 KB             WR = 128.000 KB      

INFO: [SDx-EM 22] [Wall clock time: 19:21, Emulation time: 203.823 ms] Data transfer between kernel(s) and global memory(s)
BANK0          RD = 192.000 KB             WR = 128.000 KB      

INFO: [SDx-EM 22] [Wall clock time: 19:26, Emulation time: 207.672 ms] Data transfer between kernel(s) and global memory(s)
BANK0          RD = 192.000 KB             WR = 128.000 KB      

INFO: [SDx-EM 22] [Wall clock time: 19:31, Emulation time: 211.469 ms] Data transfer between kernel(s) and global memory(s)
BANK0          RD = 192.000 KB             WR = 128.000 KB      

INFO: [SDx-EM 22] [Wall clock time: 19:36, Emulation time: 215.267 ms] Data transfer between kernel(s) and global memory(s)
BANK0          RD = 192.000 KB             WR = 128.000 KB      

INFO: [SDx-EM 22] [Wall clock time: 19:41, Emulation time: 219.109 ms] Data transfer between kernel(s) and global memory(s)
BANK0          RD = 192.000 KB             WR = 128.000 KB      

INFO: [SDx-EM 22] [Wall clock time: 19:47, Emulation time: 222.946 ms] Data transfer between kernel(s) and global memory(s)
BANK0          RD = 224.000 KB             WR = 160.000 KB      

INFO: [SDx-EM 22] [Wall clock time: 19:52, Emulation time: 226.763 ms] Data transfer between kernel(s) and global memory(s)
BANK0          RD = 224.000 KB             WR = 160.000 KB      

INFO: [SDx-EM 22] [Wall clock time: 19:57, Emulation time: 230.529 ms] Data transfer between kernel(s) and global memory(s)
BANK0          RD = 224.000 KB             WR = 160.000 KB      

INFO: [SDx-EM 22] [Wall clock time: 20:02, Emulation time: 234.342 ms] Data transfer between kernel(s) and global memory(s)
BANK0          RD = 224.000 KB             WR = 160.000 KB      

INFO: [SDx-EM 22] [Wall clock time: 20:07, Emulation time: 238.172 ms] Data transfer between kernel(s) and global memory(s)
BANK0          RD = 224.000 KB             WR = 160.000 KB      

INFO: [SDx-EM 22] [Wall clock time: 20:12, Emulation time: 241.817 ms] Data transfer between kernel(s) and global memory(s)
BANK0          RD = 224.000 KB             WR = 160.000 KB      

INFO: [SDx-EM 22] [Wall clock time: 20:18, Emulation time: 245.659 ms] Data transfer between kernel(s) and global memory(s)
BANK0          RD = 224.000 KB             WR = 160.000 KB      

INFO: [SDx-EM 22] [Wall clock time: 20:23, Emulation time: 249.588 ms] Data transfer between kernel(s) and global memory(s)
BANK0          RD = 224.000 KB             WR = 160.000 KB      

INFO: [SDx-EM 22] [Wall clock time: 20:28, Emulation time: 253.497 ms] Data transfer between kernel(s) and global memory(s)
BANK0          RD = 224.000 KB             WR = 160.000 KB      

INFO: [SDx-EM 22] [Wall clock time: 20:33, Emulation time: 257.234 ms] Data transfer between kernel(s) and global memory(s)
BANK0          RD = 224.000 KB             WR = 160.000 KB      

INFO: [SDx-EM 22] [Wall clock time: 20:38, Emulation time: 261.037 ms] Data transfer between kernel(s) and global memory(s)
BANK0          RD = 224.000 KB             WR = 160.000 KB      

INFO: [SDx-EM 22] [Wall clock time: 20:43, Emulation time: 264.942 ms] Data transfer between kernel(s) and global memory(s)
BANK0          RD = 224.000 KB             WR = 160.000 KB      

INFO: [SDx-EM 22] [Wall clock time: 20:49, Emulation time: 268.958 ms] Data transfer between kernel(s) and global memory(s)
BANK0          RD = 256.000 KB             WR = 192.000 KB      

INFO: [SDx-EM 22] [Wall clock time: 20:54, Emulation time: 272.907 ms] Data transfer between kernel(s) and global memory(s)
BANK0          RD = 256.000 KB             WR = 192.000 KB      

INFO: [SDx-EM 22] [Wall clock time: 20:59, Emulation time: 276.929 ms] Data transfer between kernel(s) and global memory(s)
BANK0          RD = 256.000 KB             WR = 192.000 KB      

INFO: [SDx-EM 22] [Wall clock time: 21:04, Emulation time: 280.848 ms] Data transfer between kernel(s) and global memory(s)
BANK0          RD = 256.000 KB             WR = 192.000 KB      

INFO: [SDx-EM 22] [Wall clock time: 21:09, Emulation time: 284.815 ms] Data transfer between kernel(s) and global memory(s)
BANK0          RD = 256.000 KB             WR = 192.000 KB      

INFO: [SDx-EM 22] [Wall clock time: 21:14, Emulation time: 288.788 ms] Data transfer between kernel(s) and global memory(s)
BANK0          RD = 256.000 KB             WR = 192.000 KB      

INFO: [SDx-EM 22] [Wall clock time: 21:20, Emulation time: 292.871 ms] Data transfer between kernel(s) and global memory(s)
BANK0          RD = 256.000 KB             WR = 192.000 KB      

INFO: [SDx-EM 22] [Wall clock time: 21:25, Emulation time: 296.966 ms] Data transfer between kernel(s) and global memory(s)
BANK0          RD = 256.000 KB             WR = 192.000 KB      

INFO: [SDx-EM 22] [Wall clock time: 21:30, Emulation time: 301.055 ms] Data transfer between kernel(s) and global memory(s)
BANK0          RD = 256.000 KB             WR = 192.000 KB      

INFO: [SDx-EM 22] [Wall clock time: 21:35, Emulation time: 305.147 ms] Data transfer between kernel(s) and global memory(s)
BANK0          RD = 256.000 KB             WR = 192.000 KB      

INFO: [SDx-EM 22] [Wall clock time: 21:40, Emulation time: 309.241 ms] Data transfer between kernel(s) and global memory(s)
BANK0          RD = 256.000 KB             WR = 192.000 KB      

INFO: [SDx-EM 22] [Wall clock time: 21:45, Emulation time: 313.355 ms] Data transfer between kernel(s) and global memory(s)
BANK0          RD = 288.000 KB             WR = 224.000 KB      

INFO: [SDx-EM 22] [Wall clock time: 21:51, Emulation time: 317.382 ms] Data transfer between kernel(s) and global memory(s)
BANK0          RD = 288.000 KB             WR = 224.000 KB      

INFO: [SDx-EM 22] [Wall clock time: 21:56, Emulation time: 321.455 ms] Data transfer between kernel(s) and global memory(s)
BANK0          RD = 288.000 KB             WR = 224.000 KB      

INFO: [SDx-EM 22] [Wall clock time: 22:01, Emulation time: 325.497 ms] Data transfer between kernel(s) and global memory(s)
BANK0          RD = 288.000 KB             WR = 224.000 KB      

INFO: [SDx-EM 22] [Wall clock time: 22:06, Emulation time: 329.561 ms] Data transfer between kernel(s) and global memory(s)
BANK0          RD = 288.000 KB             WR = 224.000 KB      

INFO: [SDx-EM 22] [Wall clock time: 22:11, Emulation time: 333.606 ms] Data transfer between kernel(s) and global memory(s)
BANK0          RD = 288.000 KB             WR = 224.000 KB      

INFO: [SDx-EM 22] [Wall clock time: 22:16, Emulation time: 337.692 ms] Data transfer between kernel(s) and global memory(s)
BANK0          RD = 288.000 KB             WR = 224.000 KB      

INFO: [SDx-EM 22] [Wall clock time: 22:22, Emulation time: 341.835 ms] Data transfer between kernel(s) and global memory(s)
BANK0          RD = 288.000 KB             WR = 224.000 KB      

INFO: [SDx-EM 22] [Wall clock time: 22:27, Emulation time: 345.966 ms] Data transfer between kernel(s) and global memory(s)
BANK0          RD = 288.000 KB             WR = 224.000 KB      

