INFO: Found 1 platforms
INFO: Selected platform 0 from Xilinx
INFO: Selected xilinx:adm-pcie-7v3:1ddr:3.0 as the target device
INFO: Loading blur-cosim-unroll1-tile64x256.xclbin
INFO: Found 1 platforms
INFO: Selected platform 0 from Xilinx
INFO: Selected xilinx:adm-pcie-7v3:1ddr:3.0 as the target device
INFO: Loading blur-cosim-unroll1-tile64x256.xclbin
INFO: [SDx-EM 01] Hardware emulation runs detailed simulation underneath. It may take long time for large data set. Please use a small dataset for faster execution. You can still get performance trend for your kernel with smaller dataset.
host: tile_num_dim0 = 33, tile_num_dim1 = 4
host: var_blur_y_extent_0 = 1998, var_blur_y_extent_1 = 998
host: var_blur_y_min_0 = 0, var_blur_y_min_1 = 0
Info: Emulation mode.
INFO: [SDx-EM 22] [Wall clock time: 13:45, Emulation time: 3.19134 ms] Data transfer between kernel(s) and global memory(s)
BANK0          RD = 64.000 KB              WR = 0.000 KB        

INFO: [SDx-EM 22] [Wall clock time: 13:50, Emulation time: 6.51074 ms] Data transfer between kernel(s) and global memory(s)
BANK0          RD = 64.000 KB              WR = 0.000 KB        

INFO: [SDx-EM 22] [Wall clock time: 13:55, Emulation time: 9.44954 ms] Data transfer between kernel(s) and global memory(s)
BANK0          RD = 64.000 KB              WR = 0.000 KB        

INFO: [SDx-EM 22] [Wall clock time: 14:00, Emulation time: 13.3148 ms] Data transfer between kernel(s) and global memory(s)
BANK0          RD = 96.000 KB              WR = 32.000 KB       

INFO: [SDx-EM 22] [Wall clock time: 14:06, Emulation time: 17.671 ms] Data transfer between kernel(s) and global memory(s)
BANK0          RD = 96.000 KB              WR = 32.000 KB       

INFO: [SDx-EM 22] [Wall clock time: 14:11, Emulation time: 21.9144 ms] Data transfer between kernel(s) and global memory(s)
BANK0          RD = 128.000 KB             WR = 64.000 KB       

INFO: [SDx-EM 22] [Wall clock time: 14:16, Emulation time: 26.2705 ms] Data transfer between kernel(s) and global memory(s)
BANK0          RD = 128.000 KB             WR = 64.000 KB       

INFO: [SDx-EM 22] [Wall clock time: 14:21, Emulation time: 30.7997 ms] Data transfer between kernel(s) and global memory(s)
BANK0          RD = 128.000 KB             WR = 64.000 KB       

INFO: [SDx-EM 22] [Wall clock time: 14:26, Emulation time: 35.028 ms] Data transfer between kernel(s) and global memory(s)
BANK0          RD = 160.000 KB             WR = 96.000 KB       

INFO: [SDx-EM 22] [Wall clock time: 14:31, Emulation time: 39.3322 ms] Data transfer between kernel(s) and global memory(s)
BANK0          RD = 160.000 KB             WR = 96.000 KB       

INFO: [SDx-EM 22] [Wall clock time: 14:37, Emulation time: 43.6048 ms] Data transfer between kernel(s) and global memory(s)
BANK0          RD = 192.000 KB             WR = 128.000 KB      

INFO: [SDx-EM 22] [Wall clock time: 14:42, Emulation time: 47.8801 ms] Data transfer between kernel(s) and global memory(s)
BANK0          RD = 192.000 KB             WR = 128.000 KB      

INFO: [SDx-EM 22] [Wall clock time: 14:47, Emulation time: 52.1682 ms] Data transfer between kernel(s) and global memory(s)
BANK0          RD = 192.000 KB             WR = 128.000 KB      

INFO: [SDx-EM 22] [Wall clock time: 14:52, Emulation time: 56.5055 ms] Data transfer between kernel(s) and global memory(s)
BANK0          RD = 224.000 KB             WR = 160.000 KB      

INFO: [SDx-EM 22] [Wall clock time: 14:57, Emulation time: 60.8795 ms] Data transfer between kernel(s) and global memory(s)
BANK0          RD = 224.000 KB             WR = 160.000 KB      

INFO: [SDx-EM 22] [Wall clock time: 15:02, Emulation time: 65.1508 ms] Data transfer between kernel(s) and global memory(s)
BANK0          RD = 256.000 KB             WR = 192.000 KB      

INFO: [SDx-EM 22] [Wall clock time: 15:08, Emulation time: 69.4356 ms] Data transfer between kernel(s) and global memory(s)
BANK0          RD = 256.000 KB             WR = 192.000 KB      

INFO: [SDx-EM 22] [Wall clock time: 15:13, Emulation time: 73.7108 ms] Data transfer between kernel(s) and global memory(s)
BANK0          RD = 256.000 KB             WR = 192.000 KB      

INFO: [SDx-EM 22] [Wall clock time: 15:18, Emulation time: 78.0234 ms] Data transfer between kernel(s) and global memory(s)
BANK0          RD = 288.000 KB             WR = 224.000 KB      

INFO: [SDx-EM 22] [Wall clock time: 15:23, Emulation time: 82.4279 ms] Data transfer between kernel(s) and global memory(s)
BANK0          RD = 288.000 KB             WR = 224.000 KB      

INFO: [SDx-EM 22] [Wall clock time: 15:28, Emulation time: 86.8738 ms] Data transfer between kernel(s) and global memory(s)
BANK0          RD = 320.000 KB             WR = 256.000 KB      

INFO: [SDx-EM 22] [Wall clock time: 15:33, Emulation time: 91.304 ms] Data transfer between kernel(s) and global memory(s)
BANK0          RD = 320.000 KB             WR = 256.000 KB      

INFO: [SDx-EM 22] [Wall clock time: 15:39, Emulation time: 95.6026 ms] Data transfer between kernel(s) and global memory(s)
BANK0          RD = 320.000 KB             WR = 256.000 KB      

INFO: [SDx-EM 22] [Wall clock time: 15:44, Emulation time: 99.8453 ms] Data transfer between kernel(s) and global memory(s)
BANK0          RD = 352.000 KB             WR = 288.000 KB      

INFO: [SDx-EM 22] [Wall clock time: 15:49, Emulation time: 104.121 ms] Data transfer between kernel(s) and global memory(s)
BANK0          RD = 352.000 KB             WR = 288.000 KB      

INFO: [SDx-EM 22] [Wall clock time: 15:54, Emulation time: 108.391 ms] Data transfer between kernel(s) and global memory(s)
BANK0          RD = 384.000 KB             WR = 320.000 KB      

INFO: [SDx-EM 22] [Wall clock time: 15:59, Emulation time: 112.729 ms] Data transfer between kernel(s) and global memory(s)
BANK0          RD = 384.000 KB             WR = 320.000 KB      

INFO: [SDx-EM 22] [Wall clock time: 16:04, Emulation time: 117.057 ms] Data transfer between kernel(s) and global memory(s)
BANK0          RD = 384.000 KB             WR = 320.000 KB      

INFO: [SDx-EM 22] [Wall clock time: 16:10, Emulation time: 121.44 ms] Data transfer between kernel(s) and global memory(s)
BANK0          RD = 416.000 KB             WR = 352.000 KB      

INFO: [SDx-EM 22] [Wall clock time: 16:15, Emulation time: 125.804 ms] Data transfer between kernel(s) and global memory(s)
BANK0          RD = 416.000 KB             WR = 352.000 KB      

INFO: [SDx-EM 22] [Wall clock time: 16:20, Emulation time: 130.144 ms] Data transfer between kernel(s) and global memory(s)
BANK0          RD = 448.000 KB             WR = 384.000 KB      

INFO: [SDx-EM 22] [Wall clock time: 16:25, Emulation time: 134.677 ms] Data transfer between kernel(s) and global memory(s)
BANK0          RD = 448.000 KB             WR = 384.000 KB      

INFO: [SDx-EM 22] [Wall clock time: 16:30, Emulation time: 139.191 ms] Data transfer between kernel(s) and global memory(s)
BANK0          RD = 448.000 KB             WR = 384.000 KB      

INFO: [SDx-EM 22] [Wall clock time: 16:35, Emulation time: 143.675 ms] Data transfer between kernel(s) and global memory(s)
BANK0          RD = 480.000 KB             WR = 416.000 KB      

INFO: [SDx-EM 22] [Wall clock time: 16:41, Emulation time: 148.17 ms] Data transfer between kernel(s) and global memory(s)
BANK0          RD = 480.000 KB             WR = 416.000 KB      

INFO: [SDx-EM 22] [Wall clock time: 16:46, Emulation time: 152.644 ms] Data transfer between kernel(s) and global memory(s)
BANK0          RD = 512.000 KB             WR = 448.000 KB      

INFO: [SDx-EM 22] [Wall clock time: 16:51, Emulation time: 157.137 ms] Data transfer between kernel(s) and global memory(s)
BANK0          RD = 512.000 KB             WR = 448.000 KB      

INFO: [SDx-EM 22] [Wall clock time: 16:56, Emulation time: 161.628 ms] Data transfer between kernel(s) and global memory(s)
BANK0          RD = 512.000 KB             WR = 448.000 KB      

INFO: [SDx-EM 22] [Wall clock time: 17:01, Emulation time: 166.199 ms] Data transfer between kernel(s) and global memory(s)
BANK0          RD = 544.000 KB             WR = 480.000 KB      

INFO: [SDx-EM 22] [Wall clock time: 17:06, Emulation time: 170.647 ms] Data transfer between kernel(s) and global memory(s)
BANK0          RD = 544.000 KB             WR = 480.000 KB      

INFO: [SDx-EM 22] [Wall clock time: 17:12, Emulation time: 175.4 ms] Data transfer between kernel(s) and global memory(s)
BANK0          RD = 576.000 KB             WR = 512.000 KB      

INFO: [SDx-EM 22] [Wall clock time: 17:17, Emulation time: 180.249 ms] Data transfer between kernel(s) and global memory(s)
BANK0          RD = 576.000 KB             WR = 512.000 KB      

INFO: [SDx-EM 22] [Wall clock time: 17:22, Emulation time: 185.089 ms] Data transfer between kernel(s) and global memory(s)
BANK0          RD = 608.000 KB             WR = 544.000 KB      

INFO: [SDx-EM 22] [Wall clock time: 17:27, Emulation time: 189.952 ms] Data transfer between kernel(s) and global memory(s)
BANK0          RD = 608.000 KB             WR = 544.000 KB      

INFO: [SDx-EM 22] [Wall clock time: 17:32, Emulation time: 194.795 ms] Data transfer between kernel(s) and global memory(s)
BANK0          RD = 640.000 KB             WR = 576.000 KB      

INFO: [SDx-EM 22] [Wall clock time: 17:37, Emulation time: 199.647 ms] Data transfer between kernel(s) and global memory(s)
BANK0          RD = 640.000 KB             WR = 576.000 KB      

INFO: [SDx-EM 22] [Wall clock time: 17:43, Emulation time: 204.523 ms] Data transfer between kernel(s) and global memory(s)
BANK0          RD = 640.000 KB             WR = 576.000 KB      

INFO: [SDx-EM 22] [Wall clock time: 17:48, Emulation time: 209.406 ms] Data transfer between kernel(s) and global memory(s)
BANK0          RD = 672.000 KB             WR = 608.000 KB      

INFO: [SDx-EM 22] [Wall clock time: 17:53, Emulation time: 214.349 ms] Data transfer between kernel(s) and global memory(s)
BANK0          RD = 672.000 KB             WR = 608.000 KB      

INFO: [SDx-EM 22] [Wall clock time: 17:58, Emulation time: 219.284 ms] Data transfer between kernel(s) and global memory(s)
BANK0          RD = 704.000 KB             WR = 640.000 KB      

INFO: [SDx-EM 22] [Wall clock time: 18:03, Emulation time: 224.229 ms] Data transfer between kernel(s) and global memory(s)
BANK0          RD = 704.000 KB             WR = 640.000 KB      

INFO: [SDx-EM 22] [Wall clock time: 18:08, Emulation time: 229.167 ms] Data transfer between kernel(s) and global memory(s)
BANK0          RD = 736.000 KB             WR = 672.000 KB      

INFO: [SDx-EM 22] [Wall clock time: 18:14, Emulation time: 234.098 ms] Data transfer between kernel(s) and global memory(s)
BANK0          RD = 736.000 KB             WR = 672.000 KB      

INFO: [SDx-EM 22] [Wall clock time: 18:19, Emulation time: 239.043 ms] Data transfer between kernel(s) and global memory(s)
BANK0          RD = 768.000 KB             WR = 704.000 KB      

INFO: [SDx-EM 22] [Wall clock time: 18:24, Emulation time: 244.004 ms] Data transfer between kernel(s) and global memory(s)
BANK0          RD = 768.000 KB             WR = 704.000 KB      

INFO: [SDx-EM 22] [Wall clock time: 18:29, Emulation time: 248.962 ms] Data transfer between kernel(s) and global memory(s)
BANK0          RD = 800.000 KB             WR = 736.000 KB      

INFO: [SDx-EM 22] [Wall clock time: 18:34, Emulation time: 253.932 ms] Data transfer between kernel(s) and global memory(s)
BANK0          RD = 800.000 KB             WR = 736.000 KB      

INFO: [SDx-EM 22] [Wall clock time: 18:39, Emulation time: 258.886 ms] Data transfer between kernel(s) and global memory(s)
BANK0          RD = 800.000 KB             WR = 736.000 KB      

INFO: [SDx-EM 22] [Wall clock time: 18:45, Emulation time: 263.83 ms] Data transfer between kernel(s) and global memory(s)
BANK0          RD = 832.000 KB             WR = 768.000 KB      

INFO: [SDx-EM 22] [Wall clock time: 18:50, Emulation time: 268.799 ms] Data transfer between kernel(s) and global memory(s)
BANK0          RD = 832.000 KB             WR = 768.000 KB      

INFO: [SDx-EM 22] [Wall clock time: 18:55, Emulation time: 273.744 ms] Data transfer between kernel(s) and global memory(s)
BANK0          RD = 864.000 KB             WR = 800.000 KB      

INFO: [SDx-EM 22] [Wall clock time: 19:00, Emulation time: 278.705 ms] Data transfer between kernel(s) and global memory(s)
BANK0          RD = 864.000 KB             WR = 800.000 KB      

INFO: [SDx-EM 22] [Wall clock time: 19:05, Emulation time: 283.641 ms] Data transfer between kernel(s) and global memory(s)
BANK0          RD = 896.000 KB             WR = 832.000 KB      

INFO: [SDx-EM 22] [Wall clock time: 19:10, Emulation time: 288.593 ms] Data transfer between kernel(s) and global memory(s)
BANK0          RD = 896.000 KB             WR = 832.000 KB      

INFO: [SDx-EM 22] [Wall clock time: 19:16, Emulation time: 293.538 ms] Data transfer between kernel(s) and global memory(s)
BANK0          RD = 928.000 KB             WR = 864.000 KB      

INFO: [SDx-EM 22] [Wall clock time: 19:21, Emulation time: 298.495 ms] Data transfer between kernel(s) and global memory(s)
BANK0          RD = 928.000 KB             WR = 864.000 KB      

INFO: [SDx-EM 22] [Wall clock time: 19:26, Emulation time: 303.422 ms] Data transfer between kernel(s) and global memory(s)
BANK0          RD = 960.000 KB             WR = 896.000 KB      

INFO: [SDx-EM 22] [Wall clock time: 19:31, Emulation time: 308.365 ms] Data transfer between kernel(s) and global memory(s)
BANK0          RD = 960.000 KB             WR = 896.000 KB      

INFO: [SDx-EM 22] [Wall clock time: 19:36, Emulation time: 313.327 ms] Data transfer between kernel(s) and global memory(s)
BANK0          RD = 960.000 KB             WR = 896.000 KB      

INFO: [SDx-EM 22] [Wall clock time: 19:41, Emulation time: 318.273 ms] Data transfer between kernel(s) and global memory(s)
BANK0          RD = 992.000 KB             WR = 928.000 KB      

INFO: [SDx-EM 22] [Wall clock time: 19:47, Emulation time: 323.222 ms] Data transfer between kernel(s) and global memory(s)
BANK0          RD = 992.000 KB             WR = 928.000 KB      

INFO: [SDx-EM 22] [Wall clock time: 19:52, Emulation time: 328.161 ms] Data transfer between kernel(s) and global memory(s)
BANK0          RD = 1024.000 KB            WR = 960.000 KB      

INFO: [SDx-EM 22] [Wall clock time: 19:57, Emulation time: 333.104 ms] Data transfer between kernel(s) and global memory(s)
BANK0          RD = 1024.000 KB            WR = 960.000 KB      

INFO: [SDx-EM 22] [Wall clock time: 20:02, Emulation time: 338.055 ms] Data transfer between kernel(s) and global memory(s)
BANK0          RD = 1056.000 KB            WR = 992.000 KB      

INFO: [SDx-EM 22] [Wall clock time: 20:07, Emulation time: 343.014 ms] Data transfer between kernel(s) and global memory(s)
BANK0          RD = 1056.000 KB            WR = 992.000 KB      

INFO: [SDx-EM 22] [Wall clock time: 20:12, Emulation time: 347.972 ms] Data transfer between kernel(s) and global memory(s)
BANK0          RD = 1088.000 KB            WR = 1024.000 KB     

INFO: [SDx-EM 22] [Wall clock time: 20:18, Emulation time: 352.956 ms] Data transfer between kernel(s) and global memory(s)
BANK0          RD = 1088.000 KB            WR = 1024.000 KB     

INFO: [SDx-EM 22] [Wall clock time: 20:23, Emulation time: 357.883 ms] Data transfer between kernel(s) and global memory(s)
BANK0          RD = 1120.000 KB            WR = 1056.000 KB     

INFO: [SDx-EM 22] [Wall clock time: 20:28, Emulation time: 362.834 ms] Data transfer between kernel(s) and global memory(s)
BANK0          RD = 1120.000 KB            WR = 1056.000 KB     

INFO: [SDx-EM 22] [Wall clock time: 20:33, Emulation time: 367.79 ms] Data transfer between kernel(s) and global memory(s)
BANK0          RD = 1120.000 KB            WR = 1056.000 KB     

INFO: [SDx-EM 22] [Wall clock time: 20:38, Emulation time: 372.747 ms] Data transfer between kernel(s) and global memory(s)
BANK0          RD = 1152.000 KB            WR = 1088.000 KB     

INFO: [SDx-EM 22] [Wall clock time: 20:43, Emulation time: 377.741 ms] Data transfer between kernel(s) and global memory(s)
BANK0          RD = 1152.000 KB            WR = 1088.000 KB     

INFO: [SDx-EM 22] [Wall clock time: 20:49, Emulation time: 382.728 ms] Data transfer between kernel(s) and global memory(s)
BANK0          RD = 1184.000 KB            WR = 1120.000 KB     

INFO: [SDx-EM 22] [Wall clock time: 20:54, Emulation time: 387.719 ms] Data transfer between kernel(s) and global memory(s)
BANK0          RD = 1184.000 KB            WR = 1120.000 KB     

INFO: [SDx-EM 22] [Wall clock time: 20:59, Emulation time: 392.713 ms] Data transfer between kernel(s) and global memory(s)
BANK0          RD = 1216.000 KB            WR = 1152.000 KB     

INFO: [SDx-EM 22] [Wall clock time: 21:04, Emulation time: 397.706 ms] Data transfer between kernel(s) and global memory(s)
BANK0          RD = 1216.000 KB            WR = 1152.000 KB     

INFO: [SDx-EM 22] [Wall clock time: 21:09, Emulation time: 402.706 ms] Data transfer between kernel(s) and global memory(s)
BANK0          RD = 1248.000 KB            WR = 1184.000 KB     

INFO: [SDx-EM 22] [Wall clock time: 21:14, Emulation time: 407.722 ms] Data transfer between kernel(s) and global memory(s)
BANK0          RD = 1248.000 KB            WR = 1184.000 KB     

INFO: [SDx-EM 22] [Wall clock time: 21:20, Emulation time: 412.761 ms] Data transfer between kernel(s) and global memory(s)
BANK0          RD = 1280.000 KB            WR = 1216.000 KB     

INFO: [SDx-EM 22] [Wall clock time: 21:25, Emulation time: 417.796 ms] Data transfer between kernel(s) and global memory(s)
BANK0          RD = 1280.000 KB            WR = 1216.000 KB     

INFO: [SDx-EM 22] [Wall clock time: 21:30, Emulation time: 422.811 ms] Data transfer between kernel(s) and global memory(s)
BANK0          RD = 1312.000 KB            WR = 1248.000 KB     

INFO: [SDx-EM 22] [Wall clock time: 21:35, Emulation time: 427.826 ms] Data transfer between kernel(s) and global memory(s)
BANK0          RD = 1312.000 KB            WR = 1248.000 KB     

INFO: [SDx-EM 22] [Wall clock time: 21:40, Emulation time: 432.835 ms] Data transfer between kernel(s) and global memory(s)
BANK0          RD = 1344.000 KB            WR = 1280.000 KB     

INFO: [SDx-EM 22] [Wall clock time: 21:45, Emulation time: 437.86 ms] Data transfer between kernel(s) and global memory(s)
BANK0          RD = 1344.000 KB            WR = 1280.000 KB     

INFO: [SDx-EM 22] [Wall clock time: 21:51, Emulation time: 442.896 ms] Data transfer between kernel(s) and global memory(s)
BANK0          RD = 1344.000 KB            WR = 1280.000 KB     

INFO: [SDx-EM 22] [Wall clock time: 21:56, Emulation time: 447.917 ms] Data transfer between kernel(s) and global memory(s)
BANK0          RD = 1376.000 KB            WR = 1312.000 KB     

INFO: [SDx-EM 22] [Wall clock time: 22:01, Emulation time: 452.945 ms] Data transfer between kernel(s) and global memory(s)
BANK0          RD = 1376.000 KB            WR = 1312.000 KB     

INFO: [SDx-EM 22] [Wall clock time: 22:06, Emulation time: 457.967 ms] Data transfer between kernel(s) and global memory(s)
BANK0          RD = 1408.000 KB            WR = 1344.000 KB     

INFO: [SDx-EM 22] [Wall clock time: 22:11, Emulation time: 462.997 ms] Data transfer between kernel(s) and global memory(s)
BANK0          RD = 1408.000 KB            WR = 1344.000 KB     

INFO: [SDx-EM 22] [Wall clock time: 22:16, Emulation time: 468.038 ms] Data transfer between kernel(s) and global memory(s)
BANK0          RD = 1440.000 KB            WR = 1376.000 KB     

INFO: [SDx-EM 22] [Wall clock time: 22:22, Emulation time: 473.091 ms] Data transfer between kernel(s) and global memory(s)
BANK0          RD = 1440.000 KB            WR = 1376.000 KB     

INFO: [SDx-EM 22] [Wall clock time: 22:27, Emulation time: 478.123 ms] Data transfer between kernel(s) and global memory(s)
BANK0          RD = 1472.000 KB            WR = 1408.000 KB     

