INFO: Found 1 platforms
INFO: Selected platform 0 from Xilinx
INFO: Selected xilinx:adm-pcie-7v3:1ddr:3.0 as the target device
INFO: Loading blur-cosim-unroll4-tile64x128.xclbin
INFO: Found 1 platforms
INFO: Selected platform 0 from Xilinx
INFO: Selected xilinx:adm-pcie-7v3:1ddr:3.0 as the target device
INFO: Loading blur-cosim-unroll4-tile64x128.xclbin
INFO: [SDx-EM 01] Hardware emulation runs detailed simulation underneath. It may take long time for large data set. Please use a small dataset for faster execution. You can still get performance trend for your kernel with smaller dataset.
host: tile_num_dim0 = 33, tile_num_dim1 = 8
host: var_blur_y_extent_0 = 1998, var_blur_y_extent_1 = 998
host: var_blur_y_min_0 = 0, var_blur_y_min_1 = 0
Info: Emulation mode.
INFO: [SDx-EM 22] [Wall clock time: 13:45, Emulation time: 0.628683 ms] Data transfer between kernel(s) and global memory(s)
BANK0          RD = 948.000 KB             WR = 913.000 KB      

INFO: [SDx-EM 22] [Wall clock time: 13:50, Emulation time: 1.24812 ms] Data transfer between kernel(s) and global memory(s)
BANK0          RD = 1888.000 KB            WR = 1846.000 KB     

INFO: [SDx-EM 22] [Wall clock time: 13:55, Emulation time: 2.42923 ms] Data transfer between kernel(s) and global memory(s)
BANK0          RD = 3650.000 KB            WR = 3617.000 KB     

PCIe write time: 9180.289000 us
Kernel run time: 1001935357.185000 us
PCIe read  time: 29528.967000 us
Total run  time: 1001974120.575000 us
Kernel runtime: 1005155896.024000 us
  2   3   4   5   6   7   8   9  10  11 
  3   4   5   6   7   8   9  10  11  12 
  4   5   6   7   8   9  10  11  12  13 
  5   6   7   8   9  10  11  12  13  14 
  6   7   8   9  10  11  12  13  14  15 
  7   8   9  10  11  12  13  14  15  16 
  8   9  10  11  12  13  14  15  16  17 
  9  10  11  12  13  14  15  16  17  18 
 10  11  12  13  14  15  16  17  18  19 
 11  12  13  14  15  16  17  18  19  20 
 12  13  14  15  16  17  18  19  20  21 
 13  14  15  16  17  18  19  20  21  22 
 14  15  16  17  18  19  20  21  22  23 
 15  16  17  18  19  20  21  22  23  24 
 16  17  18  19  20  21  22  23  24  25 
 17  18  19  20  21  22  23  24  25  26 
 18  19  20  21  22  23  24  25  26  27 
 19  20  21  22  23  24  25  26  27  28 
 20  21  22  23  24  25  26  27  28  29 
 21  22  23  24  25  26  27  28  29  30 
Kernel runtime: 1005155896.024000 us
INFO: [SDx-EM 22] [Wall clock time: 13:57, Emulation time: 2.829 ms] Data transfer between kernel(s) and global memory(s)
BANK0          RD = 4224.000 KB            WR = 4224.000 KB     

