INFO: Found 1 platforms
INFO: Selected platform 0 from Xilinx
INFO: Selected xilinx:adm-pcie-7v3:1ddr:3.0 as the target device
INFO: Loading blur-cosim-unroll1-tile256x256.xclbin
INFO: Found 1 platforms
INFO: Selected platform 0 from Xilinx
INFO: Selected xilinx:adm-pcie-7v3:1ddr:3.0 as the target device
INFO: Loading blur-cosim-unroll1-tile256x256.xclbin
INFO: [SDx-EM 01] Hardware emulation runs detailed simulation underneath. It may take long time for large data set. Please use a small dataset for faster execution. You can still get performance trend for your kernel with smaller dataset.
host: tile_num_dim0 = 8, tile_num_dim1 = 4
host: var_blur_y_extent_0 = 1998, var_blur_y_extent_1 = 998
host: var_blur_y_min_0 = 0, var_blur_y_min_1 = 0
Info: Emulation mode.
INFO: [SDx-EM 22] [Wall clock time: 13:45, Emulation time: 0.876053 ms] Data transfer between kernel(s) and global memory(s)
BANK0          RD = 256.000 KB             WR = 0.000 KB        

INFO: [SDx-EM 22] [Wall clock time: 13:50, Emulation time: 1.64441 ms] Data transfer between kernel(s) and global memory(s)
BANK0          RD = 256.000 KB             WR = 0.000 KB        

INFO: [SDx-EM 22] [Wall clock time: 13:55, Emulation time: 3.44063 ms] Data transfer between kernel(s) and global memory(s)
BANK0          RD = 256.000 KB             WR = 0.000 KB        

INFO: [SDx-EM 22] [Wall clock time: 14:00, Emulation time: 6.18055 ms] Data transfer between kernel(s) and global memory(s)
BANK0          RD = 256.000 KB             WR = 0.000 KB        

INFO: [SDx-EM 22] [Wall clock time: 14:06, Emulation time: 9.44915 ms] Data transfer between kernel(s) and global memory(s)
BANK0          RD = 256.000 KB             WR = 0.000 KB        

INFO: [SDx-EM 22] [Wall clock time: 14:11, Emulation time: 12.6842 ms] Data transfer between kernel(s) and global memory(s)
BANK0          RD = 256.000 KB             WR = 0.000 KB        

INFO: [SDx-EM 22] [Wall clock time: 14:16, Emulation time: 15.6666 ms] Data transfer between kernel(s) and global memory(s)
BANK0          RD = 256.000 KB             WR = 0.000 KB        

INFO: [SDx-EM 22] [Wall clock time: 14:21, Emulation time: 18.8428 ms] Data transfer between kernel(s) and global memory(s)
BANK0          RD = 256.000 KB             WR = 0.000 KB        

INFO: [SDx-EM 22] [Wall clock time: 14:26, Emulation time: 21.8671 ms] Data transfer between kernel(s) and global memory(s)
BANK0          RD = 256.000 KB             WR = 0.000 KB        

INFO: [SDx-EM 22] [Wall clock time: 14:31, Emulation time: 24.8824 ms] Data transfer between kernel(s) and global memory(s)
BANK0          RD = 256.000 KB             WR = 0.000 KB        

INFO: [SDx-EM 22] [Wall clock time: 14:37, Emulation time: 28.071 ms] Data transfer between kernel(s) and global memory(s)
BANK0          RD = 256.000 KB             WR = 0.000 KB        

INFO: [SDx-EM 22] [Wall clock time: 14:42, Emulation time: 31.3904 ms] Data transfer between kernel(s) and global memory(s)
BANK0          RD = 256.000 KB             WR = 0.000 KB        

INFO: [SDx-EM 22] [Wall clock time: 14:47, Emulation time: 34.7026 ms] Data transfer between kernel(s) and global memory(s)
BANK0          RD = 256.000 KB             WR = 0.000 KB        

INFO: [SDx-EM 22] [Wall clock time: 14:52, Emulation time: 38.0017 ms] Data transfer between kernel(s) and global memory(s)
BANK0          RD = 256.000 KB             WR = 0.000 KB        

INFO: [SDx-EM 22] [Wall clock time: 14:57, Emulation time: 41.2913 ms] Data transfer between kernel(s) and global memory(s)
BANK0          RD = 256.000 KB             WR = 0.000 KB        

INFO: [SDx-EM 22] [Wall clock time: 15:02, Emulation time: 44.2935 ms] Data transfer between kernel(s) and global memory(s)
BANK0          RD = 256.000 KB             WR = 0.000 KB        

INFO: [SDx-EM 22] [Wall clock time: 15:08, Emulation time: 47.5999 ms] Data transfer between kernel(s) and global memory(s)
BANK0          RD = 256.000 KB             WR = 0.000 KB        

INFO: [SDx-EM 22] [Wall clock time: 15:13, Emulation time: 50.922 ms] Data transfer between kernel(s) and global memory(s)
BANK0          RD = 256.000 KB             WR = 0.000 KB        

INFO: [SDx-EM 22] [Wall clock time: 15:18, Emulation time: 54.1764 ms] Data transfer between kernel(s) and global memory(s)
BANK0          RD = 256.000 KB             WR = 0.000 KB        

INFO: [SDx-EM 22] [Wall clock time: 15:23, Emulation time: 57.5249 ms] Data transfer between kernel(s) and global memory(s)
BANK0          RD = 256.000 KB             WR = 0.000 KB        

INFO: [SDx-EM 22] [Wall clock time: 15:28, Emulation time: 60.854 ms] Data transfer between kernel(s) and global memory(s)
BANK0          RD = 256.000 KB             WR = 0.000 KB        

INFO: [SDx-EM 22] [Wall clock time: 15:33, Emulation time: 64.1753 ms] Data transfer between kernel(s) and global memory(s)
BANK0          RD = 256.000 KB             WR = 0.000 KB        

INFO: [SDx-EM 22] [Wall clock time: 15:39, Emulation time: 67.5007 ms] Data transfer between kernel(s) and global memory(s)
BANK0          RD = 256.000 KB             WR = 0.000 KB        

INFO: [SDx-EM 22] [Wall clock time: 15:44, Emulation time: 70.833 ms] Data transfer between kernel(s) and global memory(s)
BANK0          RD = 256.000 KB             WR = 0.000 KB        

INFO: [SDx-EM 22] [Wall clock time: 15:49, Emulation time: 73.7213 ms] Data transfer between kernel(s) and global memory(s)
BANK0          RD = 256.000 KB             WR = 0.000 KB        

INFO: [SDx-EM 22] [Wall clock time: 15:54, Emulation time: 76.9379 ms] Data transfer between kernel(s) and global memory(s)
BANK0          RD = 256.000 KB             WR = 0.000 KB        

INFO: [SDx-EM 22] [Wall clock time: 15:59, Emulation time: 80.1966 ms] Data transfer between kernel(s) and global memory(s)
BANK0          RD = 256.000 KB             WR = 0.000 KB        

INFO: [SDx-EM 22] [Wall clock time: 16:04, Emulation time: 83.3691 ms] Data transfer between kernel(s) and global memory(s)
BANK0          RD = 256.000 KB             WR = 0.000 KB        

INFO: [SDx-EM 22] [Wall clock time: 16:10, Emulation time: 86.6495 ms] Data transfer between kernel(s) and global memory(s)
BANK0          RD = 256.000 KB             WR = 0.000 KB        

INFO: [SDx-EM 22] [Wall clock time: 16:15, Emulation time: 89.9555 ms] Data transfer between kernel(s) and global memory(s)
BANK0          RD = 256.000 KB             WR = 0.000 KB        

INFO: [SDx-EM 22] [Wall clock time: 16:20, Emulation time: 93.2832 ms] Data transfer between kernel(s) and global memory(s)
BANK0          RD = 256.000 KB             WR = 0.000 KB        

INFO: [SDx-EM 22] [Wall clock time: 16:25, Emulation time: 96.7061 ms] Data transfer between kernel(s) and global memory(s)
BANK0          RD = 256.000 KB             WR = 0.000 KB        

INFO: [SDx-EM 22] [Wall clock time: 16:30, Emulation time: 100.125 ms] Data transfer between kernel(s) and global memory(s)
BANK0          RD = 256.000 KB             WR = 0.000 KB        

INFO: [SDx-EM 22] [Wall clock time: 16:35, Emulation time: 103.548 ms] Data transfer between kernel(s) and global memory(s)
BANK0          RD = 256.000 KB             WR = 0.000 KB        

INFO: [SDx-EM 22] [Wall clock time: 16:41, Emulation time: 106.974 ms] Data transfer between kernel(s) and global memory(s)
BANK0          RD = 256.000 KB             WR = 0.000 KB        

INFO: [SDx-EM 22] [Wall clock time: 16:46, Emulation time: 110.394 ms] Data transfer between kernel(s) and global memory(s)
BANK0          RD = 256.000 KB             WR = 0.000 KB        

INFO: [SDx-EM 22] [Wall clock time: 16:51, Emulation time: 113.828 ms] Data transfer between kernel(s) and global memory(s)
BANK0          RD = 256.000 KB             WR = 0.000 KB        

INFO: [SDx-EM 22] [Wall clock time: 16:56, Emulation time: 117.27 ms] Data transfer between kernel(s) and global memory(s)
BANK0          RD = 256.000 KB             WR = 0.000 KB        

INFO: [SDx-EM 22] [Wall clock time: 17:01, Emulation time: 120.828 ms] Data transfer between kernel(s) and global memory(s)
BANK0          RD = 256.000 KB             WR = 0.000 KB        

INFO: [SDx-EM 22] [Wall clock time: 17:06, Emulation time: 124.413 ms] Data transfer between kernel(s) and global memory(s)
BANK0          RD = 256.000 KB             WR = 0.000 KB        

INFO: [SDx-EM 22] [Wall clock time: 17:12, Emulation time: 128.092 ms] Data transfer between kernel(s) and global memory(s)
BANK0          RD = 256.000 KB             WR = 0.000 KB        

INFO: [SDx-EM 22] [Wall clock time: 17:17, Emulation time: 131.841 ms] Data transfer between kernel(s) and global memory(s)
BANK0          RD = 256.000 KB             WR = 0.000 KB        

INFO: [SDx-EM 22] [Wall clock time: 17:22, Emulation time: 135.588 ms] Data transfer between kernel(s) and global memory(s)
BANK0          RD = 256.000 KB             WR = 0.000 KB        

INFO: [SDx-EM 22] [Wall clock time: 17:27, Emulation time: 139.334 ms] Data transfer between kernel(s) and global memory(s)
BANK0          RD = 256.000 KB             WR = 0.000 KB        

INFO: [SDx-EM 22] [Wall clock time: 17:32, Emulation time: 143.083 ms] Data transfer between kernel(s) and global memory(s)
BANK0          RD = 256.000 KB             WR = 0.000 KB        

INFO: [SDx-EM 22] [Wall clock time: 17:37, Emulation time: 146.827 ms] Data transfer between kernel(s) and global memory(s)
BANK0          RD = 256.000 KB             WR = 0.000 KB        

INFO: [SDx-EM 22] [Wall clock time: 17:43, Emulation time: 150.641 ms] Data transfer between kernel(s) and global memory(s)
BANK0          RD = 256.000 KB             WR = 0.000 KB        

INFO: [SDx-EM 22] [Wall clock time: 17:48, Emulation time: 154.494 ms] Data transfer between kernel(s) and global memory(s)
BANK0          RD = 256.000 KB             WR = 0.000 KB        

INFO: [SDx-EM 22] [Wall clock time: 17:53, Emulation time: 158.435 ms] Data transfer between kernel(s) and global memory(s)
BANK0          RD = 256.000 KB             WR = 0.000 KB        

INFO: [SDx-EM 22] [Wall clock time: 17:58, Emulation time: 162.421 ms] Data transfer between kernel(s) and global memory(s)
BANK0          RD = 256.000 KB             WR = 0.000 KB        

INFO: [SDx-EM 22] [Wall clock time: 18:03, Emulation time: 166.408 ms] Data transfer between kernel(s) and global memory(s)
BANK0          RD = 256.000 KB             WR = 0.000 KB        

INFO: [SDx-EM 22] [Wall clock time: 18:08, Emulation time: 170.392 ms] Data transfer between kernel(s) and global memory(s)
BANK0          RD = 256.000 KB             WR = 0.000 KB        

INFO: [SDx-EM 22] [Wall clock time: 18:14, Emulation time: 174.355 ms] Data transfer between kernel(s) and global memory(s)
BANK0          RD = 384.000 KB             WR = 128.000 KB      

INFO: [SDx-EM 22] [Wall clock time: 18:19, Emulation time: 178.297 ms] Data transfer between kernel(s) and global memory(s)
BANK0          RD = 384.000 KB             WR = 128.000 KB      

INFO: [SDx-EM 22] [Wall clock time: 18:24, Emulation time: 181.998 ms] Data transfer between kernel(s) and global memory(s)
BANK0          RD = 384.000 KB             WR = 128.000 KB      

INFO: [SDx-EM 22] [Wall clock time: 18:29, Emulation time: 185.897 ms] Data transfer between kernel(s) and global memory(s)
BANK0          RD = 384.000 KB             WR = 128.000 KB      

INFO: [SDx-EM 22] [Wall clock time: 18:34, Emulation time: 189.754 ms] Data transfer between kernel(s) and global memory(s)
BANK0          RD = 384.000 KB             WR = 128.000 KB      

INFO: [SDx-EM 22] [Wall clock time: 18:39, Emulation time: 193.545 ms] Data transfer between kernel(s) and global memory(s)
BANK0          RD = 384.000 KB             WR = 128.000 KB      

INFO: [SDx-EM 22] [Wall clock time: 18:45, Emulation time: 197.343 ms] Data transfer between kernel(s) and global memory(s)
BANK0          RD = 384.000 KB             WR = 128.000 KB      

INFO: [SDx-EM 22] [Wall clock time: 18:50, Emulation time: 201.263 ms] Data transfer between kernel(s) and global memory(s)
BANK0          RD = 384.000 KB             WR = 128.000 KB      

INFO: [SDx-EM 22] [Wall clock time: 18:55, Emulation time: 205.037 ms] Data transfer between kernel(s) and global memory(s)
BANK0          RD = 384.000 KB             WR = 128.000 KB      

INFO: [SDx-EM 22] [Wall clock time: 19:00, Emulation time: 208.753 ms] Data transfer between kernel(s) and global memory(s)
BANK0          RD = 384.000 KB             WR = 128.000 KB      

INFO: [SDx-EM 22] [Wall clock time: 19:05, Emulation time: 212.699 ms] Data transfer between kernel(s) and global memory(s)
BANK0          RD = 384.000 KB             WR = 128.000 KB      

INFO: [SDx-EM 22] [Wall clock time: 19:10, Emulation time: 216.435 ms] Data transfer between kernel(s) and global memory(s)
BANK0          RD = 384.000 KB             WR = 128.000 KB      

INFO: [SDx-EM 22] [Wall clock time: 19:16, Emulation time: 220.31 ms] Data transfer between kernel(s) and global memory(s)
BANK0          RD = 384.000 KB             WR = 128.000 KB      

INFO: [SDx-EM 22] [Wall clock time: 19:21, Emulation time: 224.24 ms] Data transfer between kernel(s) and global memory(s)
BANK0          RD = 384.000 KB             WR = 128.000 KB      

INFO: [SDx-EM 22] [Wall clock time: 19:26, Emulation time: 228.096 ms] Data transfer between kernel(s) and global memory(s)
BANK0          RD = 384.000 KB             WR = 128.000 KB      

INFO: [SDx-EM 22] [Wall clock time: 19:31, Emulation time: 231.948 ms] Data transfer between kernel(s) and global memory(s)
BANK0          RD = 384.000 KB             WR = 128.000 KB      

INFO: [SDx-EM 22] [Wall clock time: 19:36, Emulation time: 235.938 ms] Data transfer between kernel(s) and global memory(s)
BANK0          RD = 384.000 KB             WR = 128.000 KB      

INFO: [SDx-EM 22] [Wall clock time: 19:41, Emulation time: 239.972 ms] Data transfer between kernel(s) and global memory(s)
BANK0          RD = 384.000 KB             WR = 128.000 KB      

INFO: [SDx-EM 22] [Wall clock time: 19:47, Emulation time: 243.95 ms] Data transfer between kernel(s) and global memory(s)
BANK0          RD = 384.000 KB             WR = 128.000 KB      

INFO: [SDx-EM 22] [Wall clock time: 19:52, Emulation time: 247.739 ms] Data transfer between kernel(s) and global memory(s)
BANK0          RD = 384.000 KB             WR = 128.000 KB      

INFO: [SDx-EM 22] [Wall clock time: 19:57, Emulation time: 251.662 ms] Data transfer between kernel(s) and global memory(s)
BANK0          RD = 384.000 KB             WR = 128.000 KB      

INFO: [SDx-EM 22] [Wall clock time: 20:02, Emulation time: 255.494 ms] Data transfer between kernel(s) and global memory(s)
BANK0          RD = 384.000 KB             WR = 128.000 KB      

INFO: [SDx-EM 22] [Wall clock time: 20:07, Emulation time: 259.472 ms] Data transfer between kernel(s) and global memory(s)
BANK0          RD = 384.000 KB             WR = 128.000 KB      

INFO: [SDx-EM 22] [Wall clock time: 20:12, Emulation time: 263.381 ms] Data transfer between kernel(s) and global memory(s)
BANK0          RD = 384.000 KB             WR = 128.000 KB      

INFO: [SDx-EM 22] [Wall clock time: 20:18, Emulation time: 267.332 ms] Data transfer between kernel(s) and global memory(s)
BANK0          RD = 384.000 KB             WR = 128.000 KB      

INFO: [SDx-EM 22] [Wall clock time: 20:23, Emulation time: 270.862 ms] Data transfer between kernel(s) and global memory(s)
BANK0          RD = 384.000 KB             WR = 128.000 KB      

INFO: [SDx-EM 22] [Wall clock time: 20:28, Emulation time: 274.673 ms] Data transfer between kernel(s) and global memory(s)
BANK0          RD = 384.000 KB             WR = 128.000 KB      

INFO: [SDx-EM 22] [Wall clock time: 20:33, Emulation time: 278.64 ms] Data transfer between kernel(s) and global memory(s)
BANK0          RD = 384.000 KB             WR = 128.000 KB      

INFO: [SDx-EM 22] [Wall clock time: 20:38, Emulation time: 282.598 ms] Data transfer between kernel(s) and global memory(s)
BANK0          RD = 384.000 KB             WR = 128.000 KB      

INFO: [SDx-EM 22] [Wall clock time: 20:43, Emulation time: 286.581 ms] Data transfer between kernel(s) and global memory(s)
BANK0          RD = 384.000 KB             WR = 128.000 KB      

INFO: [SDx-EM 22] [Wall clock time: 20:49, Emulation time: 290.593 ms] Data transfer between kernel(s) and global memory(s)
BANK0          RD = 384.000 KB             WR = 128.000 KB      

INFO: [SDx-EM 22] [Wall clock time: 20:54, Emulation time: 294.61 ms] Data transfer between kernel(s) and global memory(s)
BANK0          RD = 384.000 KB             WR = 128.000 KB      

INFO: [SDx-EM 22] [Wall clock time: 20:59, Emulation time: 298.612 ms] Data transfer between kernel(s) and global memory(s)
BANK0          RD = 384.000 KB             WR = 128.000 KB      

INFO: [SDx-EM 22] [Wall clock time: 21:04, Emulation time: 302.629 ms] Data transfer between kernel(s) and global memory(s)
BANK0          RD = 384.000 KB             WR = 128.000 KB      

INFO: [SDx-EM 22] [Wall clock time: 21:09, Emulation time: 306.628 ms] Data transfer between kernel(s) and global memory(s)
BANK0          RD = 384.000 KB             WR = 128.000 KB      

INFO: [SDx-EM 22] [Wall clock time: 21:14, Emulation time: 310.547 ms] Data transfer between kernel(s) and global memory(s)
BANK0          RD = 384.000 KB             WR = 128.000 KB      

INFO: [SDx-EM 22] [Wall clock time: 21:20, Emulation time: 314.484 ms] Data transfer between kernel(s) and global memory(s)
BANK0          RD = 384.000 KB             WR = 128.000 KB      

INFO: [SDx-EM 22] [Wall clock time: 21:25, Emulation time: 318.468 ms] Data transfer between kernel(s) and global memory(s)
BANK0          RD = 384.000 KB             WR = 128.000 KB      

INFO: [SDx-EM 22] [Wall clock time: 21:30, Emulation time: 322.438 ms] Data transfer between kernel(s) and global memory(s)
BANK0          RD = 384.000 KB             WR = 128.000 KB      

INFO: [SDx-EM 22] [Wall clock time: 21:35, Emulation time: 326.426 ms] Data transfer between kernel(s) and global memory(s)
BANK0          RD = 384.000 KB             WR = 128.000 KB      

INFO: [SDx-EM 22] [Wall clock time: 21:40, Emulation time: 330.392 ms] Data transfer between kernel(s) and global memory(s)
BANK0          RD = 384.000 KB             WR = 128.000 KB      

INFO: [SDx-EM 22] [Wall clock time: 21:45, Emulation time: 334.373 ms] Data transfer between kernel(s) and global memory(s)
BANK0          RD = 384.000 KB             WR = 128.000 KB      

INFO: [SDx-EM 22] [Wall clock time: 21:51, Emulation time: 338.373 ms] Data transfer between kernel(s) and global memory(s)
BANK0          RD = 384.000 KB             WR = 128.000 KB      

INFO: [SDx-EM 22] [Wall clock time: 21:56, Emulation time: 342.45 ms] Data transfer between kernel(s) and global memory(s)
BANK0          RD = 384.000 KB             WR = 128.000 KB      

INFO: [SDx-EM 22] [Wall clock time: 22:01, Emulation time: 346.506 ms] Data transfer between kernel(s) and global memory(s)
BANK0          RD = 384.000 KB             WR = 128.000 KB      

INFO: [SDx-EM 22] [Wall clock time: 22:06, Emulation time: 350.59 ms] Data transfer between kernel(s) and global memory(s)
BANK0          RD = 512.000 KB             WR = 256.000 KB      

INFO: [SDx-EM 22] [Wall clock time: 22:11, Emulation time: 354.603 ms] Data transfer between kernel(s) and global memory(s)
BANK0          RD = 512.000 KB             WR = 256.000 KB      

INFO: [SDx-EM 22] [Wall clock time: 22:16, Emulation time: 358.691 ms] Data transfer between kernel(s) and global memory(s)
BANK0          RD = 512.000 KB             WR = 256.000 KB      

INFO: [SDx-EM 22] [Wall clock time: 22:22, Emulation time: 362.828 ms] Data transfer between kernel(s) and global memory(s)
BANK0          RD = 512.000 KB             WR = 256.000 KB      

INFO: [SDx-EM 22] [Wall clock time: 22:27, Emulation time: 366.984 ms] Data transfer between kernel(s) and global memory(s)
BANK0          RD = 512.000 KB             WR = 256.000 KB      

