INFO: Found 1 platforms
INFO: Selected platform 0 from Xilinx
INFO: Selected xilinx:adm-pcie-7v3:1ddr:3.0 as the target device
INFO: Loading curved-cosim-unroll32-tile128x128.xclbin
INFO: Found 1 platforms
INFO: Selected platform 0 from Xilinx
INFO: Selected xilinx:adm-pcie-7v3:1ddr:3.0 as the target device
INFO: Loading curved-cosim-unroll32-tile128x128.xclbin
INFO: [SDx-EM 01] Hardware emulation runs detailed simulation underneath. It may take long time for large data set. Please use a small dataset for faster execution. You can still get performance trend for your kernel with smaller dataset.
Info: Emulation mode.
INFO: [SDx-EM 22] [Wall clock time: 23:42, Emulation time: 0.104308 ms] Data transfer between kernel(s) and global memory(s)
BANK0          RD = 19.039 KB              WR = 0.000 KB        

INFO: [SDx-EM 22] [Wall clock time: 23:47, Emulation time: 0.208163 ms] Data transfer between kernel(s) and global memory(s)
BANK0          RD = 38.695 KB              WR = 0.000 KB        

INFO: [SDx-EM 22] [Wall clock time: 23:52, Emulation time: 0.309872 ms] Data transfer between kernel(s) and global memory(s)
BANK0          RD = 57.930 KB              WR = 0.000 KB        

INFO: [SDx-EM 22] [Wall clock time: 23:57, Emulation time: 0.373218 ms] Data transfer between kernel(s) and global memory(s)
BANK0          RD = 69.926 KB              WR = 0.000 KB        

INFO: [SDx-EM 22] [Wall clock time: 00:02, Emulation time: 0.458918 ms] Data transfer between kernel(s) and global memory(s)
BANK0          RD = 86.160 KB              WR = 0.000 KB        

INFO: [SDx-EM 22] [Wall clock time: 00:07, Emulation time: 0.548003 ms] Data transfer between kernel(s) and global memory(s)
BANK0          RD = 103.055 KB             WR = 0.000 KB        

INFO: [SDx-EM 22] [Wall clock time: 00:13, Emulation time: 0.643553 ms] Data transfer between kernel(s) and global memory(s)
BANK0          RD = 121.211 KB             WR = 0.000 KB        

INFO: [SDx-EM 22] [Wall clock time: 00:18, Emulation time: 0.716858 ms] Data transfer between kernel(s) and global memory(s)
BANK0          RD = 314.875 KB             WR = 151.875 KB      

INFO: [SDx-EM 22] [Wall clock time: 00:23, Emulation time: 0.765748 ms] Data transfer between kernel(s) and global memory(s)
BANK0          RD = 578.000 KB             WR = 543.875 KB      

INFO: [SDx-EM 22] [Wall clock time: 00:28, Emulation time: 0.818413 ms] Data transfer between kernel(s) and global memory(s)
BANK0          RD = 845.875 KB             WR = 967.875 KB      

INFO: [SDx-EM 22] [Wall clock time: 00:33, Emulation time: 0.870398 ms] Data transfer between kernel(s) and global memory(s)
BANK0          RD = 1122.000 KB            WR = 1380.875 KB     

INFO: [SDx-EM 22] [Wall clock time: 00:38, Emulation time: 0.921388 ms] Data transfer between kernel(s) and global memory(s)
BANK0          RD = 1393.875 KB            WR = 1783.875 KB     

INFO: [SDx-EM 22] [Wall clock time: 00:44, Emulation time: 0.970268 ms] Data transfer between kernel(s) and global memory(s)
BANK0          RD = 1656.875 KB            WR = 2167.875 KB     

INFO: [SDx-EM 22] [Wall clock time: 00:49, Emulation time: 1.02013 ms] Data transfer between kernel(s) and global memory(s)
BANK0          RD = 1922.000 KB            WR = 2567.875 KB     

INFO: [SDx-EM 22] [Wall clock time: 00:54, Emulation time: 1.06878 ms] Data transfer between kernel(s) and global memory(s)
BANK0          RD = 2178.000 KB            WR = 2955.875 KB     

INFO: [SDx-EM 22] [Wall clock time: 00:59, Emulation time: 1.11661 ms] Data transfer between kernel(s) and global memory(s)
BANK0          RD = 2434.000 KB            WR = 3334.875 KB     

INFO: [SDx-EM 22] [Wall clock time: 01:04, Emulation time: 1.1666 ms] Data transfer between kernel(s) and global memory(s)
BANK0          RD = 2690.000 KB            WR = 3735.875 KB     

INFO: [SDx-EM 22] [Wall clock time: 01:09, Emulation time: 1.21507 ms] Data transfer between kernel(s) and global memory(s)
BANK0          RD = 2946.000 KB            WR = 4121.875 KB     

INFO: [SDx-EM 22] [Wall clock time: 01:15, Emulation time: 1.26188 ms] Data transfer between kernel(s) and global memory(s)
BANK0          RD = 3202.000 KB            WR = 4489.875 KB     

INFO: [SDx-EM 22] [Wall clock time: 01:20, Emulation time: 1.30952 ms] Data transfer between kernel(s) and global memory(s)
BANK0          RD = 3458.000 KB            WR = 4866.875 KB     

INFO: [SDx-EM 22] [Wall clock time: 01:25, Emulation time: 1.35558 ms] Data transfer between kernel(s) and global memory(s)
BANK0          RD = 3689.875 KB            WR = 5239.875 KB     

INFO: [SDx-EM 22] [Wall clock time: 01:30, Emulation time: 1.40368 ms] Data transfer between kernel(s) and global memory(s)
BANK0          RD = 3943.875 KB            WR = 5621.875 KB     

INFO: [SDx-EM 22] [Wall clock time: 01:35, Emulation time: 1.45162 ms] Data transfer between kernel(s) and global memory(s)
BANK0          RD = 4195.000 KB            WR = 6002.000 KB     

INFO: [SDx-EM 22] [Wall clock time: 01:40, Emulation time: 1.49659 ms] Data transfer between kernel(s) and global memory(s)
BANK0          RD = 4450.000 KB            WR = 6353.875 KB     

INFO: [SDx-EM 22] [Wall clock time: 01:46, Emulation time: 1.54443 ms] Data transfer between kernel(s) and global memory(s)
BANK0          RD = 4702.875 KB            WR = 6727.875 KB     

INFO: [SDx-EM 22] [Wall clock time: 01:51, Emulation time: 1.5946 ms] Data transfer between kernel(s) and global memory(s)
BANK0          RD = 4962.000 KB            WR = 7136.875 KB     

INFO: [SDx-EM 22] [Wall clock time: 01:56, Emulation time: 1.64116 ms] Data transfer between kernel(s) and global memory(s)
BANK0          RD = 5215.875 KB            WR = 7495.875 KB     

INFO: [SDx-EM 22] [Wall clock time: 02:01, Emulation time: 1.68915 ms] Data transfer between kernel(s) and global memory(s)
BANK0          RD = 5467.875 KB            WR = 7879.875 KB     

INFO: [SDx-EM 22] [Wall clock time: 02:06, Emulation time: 1.73643 ms] Data transfer between kernel(s) and global memory(s)
BANK0          RD = 5710.875 KB            WR = 8263.875 KB     

INFO: [SDx-EM 22] [Wall clock time: 02:11, Emulation time: 1.78436 ms] Data transfer between kernel(s) and global memory(s)
BANK0          RD = 5962.875 KB            WR = 8647.875 KB     

INFO: [SDx-EM 22] [Wall clock time: 02:17, Emulation time: 1.83232 ms] Data transfer between kernel(s) and global memory(s)
BANK0          RD = 6213.875 KB            WR = 9028.875 KB     

INFO: [SDx-EM 22] [Wall clock time: 02:22, Emulation time: 1.87996 ms] Data transfer between kernel(s) and global memory(s)
BANK0          RD = 6466.000 KB            WR = 9408.000 KB     

INFO: [SDx-EM 22] [Wall clock time: 02:27, Emulation time: 1.92573 ms] Data transfer between kernel(s) and global memory(s)
BANK0          RD = 6722.000 KB            WR = 9765.875 KB     

INFO: [SDx-EM 22] [Wall clock time: 02:32, Emulation time: 1.97354 ms] Data transfer between kernel(s) and global memory(s)
BANK0          RD = 6978.000 KB            WR = 10144.875 KB    

INFO: [SDx-EM 22] [Wall clock time: 02:37, Emulation time: 2.02194 ms] Data transfer between kernel(s) and global memory(s)
BANK0          RD = 7234.000 KB            WR = 10529.875 KB    

INFO: [SDx-EM 22] [Wall clock time: 02:42, Emulation time: 2.07126 ms] Data transfer between kernel(s) and global memory(s)
BANK0          RD = 7490.000 KB            WR = 10923.875 KB    

INFO: [SDx-EM 22] [Wall clock time: 02:48, Emulation time: 2.12011 ms] Data transfer between kernel(s) and global memory(s)
BANK0          RD = 7746.000 KB            WR = 11313.875 KB    

INFO: [SDx-EM 22] [Wall clock time: 02:53, Emulation time: 2.16724 ms] Data transfer between kernel(s) and global memory(s)
BANK0          RD = 8002.000 KB            WR = 11684.875 KB    

INFO: [SDx-EM 22] [Wall clock time: 02:58, Emulation time: 2.21731 ms] Data transfer between kernel(s) and global memory(s)
BANK0          RD = 8258.000 KB            WR = 12087.875 KB    

INFO: [SDx-EM 22] [Wall clock time: 03:03, Emulation time: 2.2656 ms] Data transfer between kernel(s) and global memory(s)
BANK0          RD = 8514.000 KB            WR = 12471.875 KB    

INFO: [SDx-EM 22] [Wall clock time: 03:08, Emulation time: 2.31579 ms] Data transfer between kernel(s) and global memory(s)
BANK0          RD = 8778.875 KB            WR = 12871.875 KB    

INFO: [SDx-EM 22] [Wall clock time: 03:13, Emulation time: 2.36435 ms] Data transfer between kernel(s) and global memory(s)
BANK0          RD = 9037.875 KB            WR = 13255.875 KB    

INFO: [SDx-EM 22] [Wall clock time: 03:19, Emulation time: 2.41156 ms] Data transfer between kernel(s) and global memory(s)
BANK0          RD = 9282.000 KB            WR = 13632.000 KB    

