INFO: Found 1 platforms
INFO: Selected platform 0 from Xilinx
INFO: Selected xilinx:adm-pcie-7v3:1ddr:3.0 as the target device
INFO: Loading curved-cosim-unroll64-tile64x256.xclbin
INFO: Found 1 platforms
INFO: Selected platform 0 from Xilinx
INFO: Selected xilinx:adm-pcie-7v3:1ddr:3.0 as the target device
INFO: Loading curved-cosim-unroll64-tile64x256.xclbin
INFO: [SDx-EM 01] Hardware emulation runs detailed simulation underneath. It may take long time for large data set. Please use a small dataset for faster execution. You can still get performance trend for your kernel with smaller dataset.
Info: Emulation mode.
INFO: [SDx-EM 22] [Wall clock time: 23:42, Emulation time: 0.0466925 ms] Data transfer between kernel(s) and global memory(s)
BANK0          RD = 8.125 KB               WR = 0.000 KB        

INFO: [SDx-EM 22] [Wall clock time: 23:47, Emulation time: 0.0898875 ms] Data transfer between kernel(s) and global memory(s)
BANK0          RD = 16.312 KB              WR = 0.000 KB        

INFO: [SDx-EM 22] [Wall clock time: 23:52, Emulation time: 0.133447 ms] Data transfer between kernel(s) and global memory(s)
BANK0          RD = 24.480 KB              WR = 0.000 KB        

INFO: [SDx-EM 22] [Wall clock time: 23:57, Emulation time: 0.173833 ms] Data transfer between kernel(s) and global memory(s)
BANK0          RD = 32.242 KB              WR = 0.000 KB        

INFO: [SDx-EM 22] [Wall clock time: 00:02, Emulation time: 0.212268 ms] Data transfer between kernel(s) and global memory(s)
BANK0          RD = 39.496 KB              WR = 0.000 KB        

INFO: [SDx-EM 22] [Wall clock time: 00:07, Emulation time: 0.250003 ms] Data transfer between kernel(s) and global memory(s)
BANK0          RD = 46.613 KB              WR = 0.000 KB        

INFO: [SDx-EM 22] [Wall clock time: 00:13, Emulation time: 0.287393 ms] Data transfer between kernel(s) and global memory(s)
BANK0          RD = 53.664 KB              WR = 0.000 KB        

INFO: [SDx-EM 22] [Wall clock time: 00:18, Emulation time: 0.329818 ms] Data transfer between kernel(s) and global memory(s)
BANK0          RD = 61.699 KB              WR = 0.000 KB        

INFO: [SDx-EM 22] [Wall clock time: 00:23, Emulation time: 0.372623 ms] Data transfer between kernel(s) and global memory(s)
BANK0          RD = 69.809 KB              WR = 0.000 KB        

INFO: [SDx-EM 22] [Wall clock time: 00:28, Emulation time: 0.415853 ms] Data transfer between kernel(s) and global memory(s)
BANK0          RD = 78.000 KB              WR = 0.000 KB        

INFO: [SDx-EM 22] [Wall clock time: 00:33, Emulation time: 0.458578 ms] Data transfer between kernel(s) and global memory(s)
BANK0          RD = 86.094 KB              WR = 0.000 KB        

INFO: [SDx-EM 22] [Wall clock time: 00:38, Emulation time: 0.500738 ms] Data transfer between kernel(s) and global memory(s)
BANK0          RD = 94.074 KB              WR = 0.000 KB        

INFO: [SDx-EM 22] [Wall clock time: 00:44, Emulation time: 0.544168 ms] Data transfer between kernel(s) and global memory(s)
BANK0          RD = 102.305 KB             WR = 0.000 KB        

INFO: [SDx-EM 22] [Wall clock time: 00:49, Emulation time: 0.586288 ms] Data transfer between kernel(s) and global memory(s)
BANK0          RD = 110.281 KB             WR = 0.000 KB        

INFO: [SDx-EM 22] [Wall clock time: 00:54, Emulation time: 0.628283 ms] Data transfer between kernel(s) and global memory(s)
BANK0          RD = 118.230 KB             WR = 0.000 KB        

INFO: [SDx-EM 22] [Wall clock time: 00:59, Emulation time: 0.670112 ms] Data transfer between kernel(s) and global memory(s)
BANK0          RD = 126.148 KB             WR = 0.000 KB        

INFO: [SDx-EM 22] [Wall clock time: 01:04, Emulation time: 0.711068 ms] Data transfer between kernel(s) and global memory(s)
BANK0          RD = 134.020 KB             WR = 0.000 KB        

INFO: [SDx-EM 22] [Wall clock time: 01:09, Emulation time: 0.753693 ms] Data transfer between kernel(s) and global memory(s)
BANK0          RD = 142.094 KB             WR = 0.000 KB        

INFO: [SDx-EM 22] [Wall clock time: 01:15, Emulation time: 0.792728 ms] Data transfer between kernel(s) and global memory(s)
BANK0          RD = 149.465 KB             WR = 0.000 KB        

INFO: [SDx-EM 22] [Wall clock time: 01:20, Emulation time: 0.833028 ms] Data transfer between kernel(s) and global memory(s)
BANK0          RD = 157.086 KB             WR = 0.000 KB        

INFO: [SDx-EM 22] [Wall clock time: 01:25, Emulation time: 0.874083 ms] Data transfer between kernel(s) and global memory(s)
BANK0          RD = 164.852 KB             WR = 0.000 KB        

INFO: [SDx-EM 22] [Wall clock time: 01:30, Emulation time: 0.913638 ms] Data transfer between kernel(s) and global memory(s)
BANK0          RD = 172.324 KB             WR = 0.000 KB        

INFO: [SDx-EM 22] [Wall clock time: 01:35, Emulation time: 0.952103 ms] Data transfer between kernel(s) and global memory(s)
BANK0          RD = 179.586 KB             WR = 0.000 KB        

INFO: [SDx-EM 22] [Wall clock time: 01:40, Emulation time: 0.990298 ms] Data transfer between kernel(s) and global memory(s)
BANK0          RD = 186.875 KB             WR = 0.000 KB        

INFO: [SDx-EM 22] [Wall clock time: 01:46, Emulation time: 1.02964 ms] Data transfer between kernel(s) and global memory(s)
BANK0          RD = 194.352 KB             WR = 0.000 KB        

INFO: [SDx-EM 22] [Wall clock time: 01:51, Emulation time: 1.06949 ms] Data transfer between kernel(s) and global memory(s)
BANK0          RD = 201.883 KB             WR = 0.000 KB        

INFO: [SDx-EM 22] [Wall clock time: 01:56, Emulation time: 1.10883 ms] Data transfer between kernel(s) and global memory(s)
BANK0          RD = 209.316 KB             WR = 0.000 KB        

INFO: [SDx-EM 22] [Wall clock time: 02:01, Emulation time: 1.14788 ms] Data transfer between kernel(s) and global memory(s)
BANK0          RD = 216.691 KB             WR = 0.000 KB        

INFO: [SDx-EM 22] [Wall clock time: 02:06, Emulation time: 1.18681 ms] Data transfer between kernel(s) and global memory(s)
BANK0          RD = 224.043 KB             WR = 0.000 KB        

INFO: [SDx-EM 22] [Wall clock time: 02:11, Emulation time: 1.22603 ms] Data transfer between kernel(s) and global memory(s)
BANK0          RD = 231.562 KB             WR = 0.000 KB        

INFO: [SDx-EM 22] [Wall clock time: 02:17, Emulation time: 1.26568 ms] Data transfer between kernel(s) and global memory(s)
BANK0          RD = 239.070 KB             WR = 0.000 KB        

INFO: [SDx-EM 22] [Wall clock time: 02:22, Emulation time: 1.3029 ms] Data transfer between kernel(s) and global memory(s)
BANK0          RD = 246.086 KB             WR = 0.000 KB        

INFO: [SDx-EM 22] [Wall clock time: 02:27, Emulation time: 1.34208 ms] Data transfer between kernel(s) and global memory(s)
BANK0          RD = 253.484 KB             WR = 0.000 KB        

INFO: [SDx-EM 22] [Wall clock time: 02:32, Emulation time: 1.38172 ms] Data transfer between kernel(s) and global memory(s)
BANK0          RD = 317.875 KB             WR = 0.000 KB        

INFO: [SDx-EM 22] [Wall clock time: 02:37, Emulation time: 1.40983 ms] Data transfer between kernel(s) and global memory(s)
BANK0          RD = 484.000 KB             WR = 208.875 KB      

INFO: [SDx-EM 22] [Wall clock time: 02:42, Emulation time: 1.43743 ms] Data transfer between kernel(s) and global memory(s)
BANK0          RD = 613.000 KB             WR = 434.875 KB      

INFO: [SDx-EM 22] [Wall clock time: 02:48, Emulation time: 1.46398 ms] Data transfer between kernel(s) and global memory(s)
BANK0          RD = 770.875 KB             WR = 631.875 KB      

INFO: [SDx-EM 22] [Wall clock time: 02:53, Emulation time: 1.4912 ms] Data transfer between kernel(s) and global memory(s)
BANK0          RD = 900.000 KB             WR = 862.875 KB      

INFO: [SDx-EM 22] [Wall clock time: 02:58, Emulation time: 1.51701 ms] Data transfer between kernel(s) and global memory(s)
BANK0          RD = 1042.875 KB            WR = 1063.875 KB     

INFO: [SDx-EM 22] [Wall clock time: 03:03, Emulation time: 1.54329 ms] Data transfer between kernel(s) and global memory(s)
BANK0          RD = 1188.000 KB            WR = 1271.875 KB     

INFO: [SDx-EM 22] [Wall clock time: 03:08, Emulation time: 1.56929 ms] Data transfer between kernel(s) and global memory(s)
BANK0          RD = 1316.000 KB            WR = 1482.875 KB     

INFO: [SDx-EM 22] [Wall clock time: 03:13, Emulation time: 1.59557 ms] Data transfer between kernel(s) and global memory(s)
BANK0          RD = 1459.875 KB            WR = 1687.875 KB     

INFO: [SDx-EM 22] [Wall clock time: 03:19, Emulation time: 1.62153 ms] Data transfer between kernel(s) and global memory(s)
BANK0          RD = 1604.000 KB            WR = 1892.875 KB     

