INFO: Found 1 platforms
INFO: Selected platform 0 from Xilinx
INFO: Selected xilinx:adm-pcie-7v3:1ddr:3.0 as the target device
INFO: Loading curved-cosim-unroll16-tile256x128.xclbin
INFO: Found 1 platforms
INFO: Selected platform 0 from Xilinx
INFO: Selected xilinx:adm-pcie-7v3:1ddr:3.0 as the target device
INFO: Loading curved-cosim-unroll16-tile256x128.xclbin
INFO: [SDx-EM 01] Hardware emulation runs detailed simulation underneath. It may take long time for large data set. Please use a small dataset for faster execution. You can still get performance trend for your kernel with smaller dataset.
Info: Emulation mode.
INFO: [SDx-EM 22] [Wall clock time: 23:41, Emulation time: 0.162543 ms] Data transfer between kernel(s) and global memory(s)
BANK0          RD = 30.035 KB              WR = 0.000 KB        

INFO: [SDx-EM 22] [Wall clock time: 23:47, Emulation time: 0.327058 ms] Data transfer between kernel(s) and global memory(s)
BANK0          RD = 61.160 KB              WR = 0.000 KB        

INFO: [SDx-EM 22] [Wall clock time: 23:52, Emulation time: 0.424558 ms] Data transfer between kernel(s) and global memory(s)
BANK0          RD = 443.875 KB             WR = 332.875 KB      

INFO: [SDx-EM 22] [Wall clock time: 23:57, Emulation time: 0.482753 ms] Data transfer between kernel(s) and global memory(s)
BANK0          RD = 655.875 KB             WR = 679.875 KB      

INFO: [SDx-EM 22] [Wall clock time: 00:02, Emulation time: 0.552253 ms] Data transfer between kernel(s) and global memory(s)
BANK0          RD = 953.875 KB             WR = 1097.875 KB     

INFO: [SDx-EM 22] [Wall clock time: 00:07, Emulation time: 0.626743 ms] Data transfer between kernel(s) and global memory(s)
BANK0          RD = 1229.875 KB            WR = 1542.875 KB     

INFO: [SDx-EM 22] [Wall clock time: 00:12, Emulation time: 0.703088 ms] Data transfer between kernel(s) and global memory(s)
BANK0          RD = 1537.000 KB            WR = 2003.875 KB     

INFO: [SDx-EM 22] [Wall clock time: 00:18, Emulation time: 0.782803 ms] Data transfer between kernel(s) and global memory(s)
BANK0          RD = 1857.000 KB            WR = 2481.875 KB     

INFO: [SDx-EM 22] [Wall clock time: 00:23, Emulation time: 0.864808 ms] Data transfer between kernel(s) and global memory(s)
BANK0          RD = 2177.000 KB            WR = 2972.875 KB     

INFO: [SDx-EM 22] [Wall clock time: 00:28, Emulation time: 0.949818 ms] Data transfer between kernel(s) and global memory(s)
BANK0          RD = 2534.875 KB            WR = 3472.875 KB     

INFO: [SDx-EM 22] [Wall clock time: 00:33, Emulation time: 1.03142 ms] Data transfer between kernel(s) and global memory(s)
BANK0          RD = 2864.875 KB            WR = 3968.875 KB     

INFO: [SDx-EM 22] [Wall clock time: 00:38, Emulation time: 1.11361 ms] Data transfer between kernel(s) and global memory(s)
BANK0          RD = 3197.875 KB            WR = 4462.875 KB     

INFO: [SDx-EM 22] [Wall clock time: 00:43, Emulation time: 1.1956 ms] Data transfer between kernel(s) and global memory(s)
BANK0          RD = 3521.000 KB            WR = 4953.875 KB     

INFO: [SDx-EM 22] [Wall clock time: 00:49, Emulation time: 1.27941 ms] Data transfer between kernel(s) and global memory(s)
BANK0          RD = 3841.000 KB            WR = 5456.875 KB     

INFO: [SDx-EM 22] [Wall clock time: 00:54, Emulation time: 1.36703 ms] Data transfer between kernel(s) and global memory(s)
BANK0          RD = 4203.875 KB            WR = 5977.875 KB     

INFO: [SDx-EM 22] [Wall clock time: 00:59, Emulation time: 1.45064 ms] Data transfer between kernel(s) and global memory(s)
BANK0          RD = 4545.000 KB            WR = 6481.875 KB     

INFO: [SDx-EM 22] [Wall clock time: 01:04, Emulation time: 1.53143 ms] Data transfer between kernel(s) and global memory(s)
BANK0          RD = 4865.000 KB            WR = 6966.875 KB     

INFO: [SDx-EM 22] [Wall clock time: 01:09, Emulation time: 1.61452 ms] Data transfer between kernel(s) and global memory(s)
BANK0          RD = 5185.000 KB            WR = 7464.875 KB     

INFO: [SDx-EM 22] [Wall clock time: 01:14, Emulation time: 1.69823 ms] Data transfer between kernel(s) and global memory(s)
BANK0          RD = 5505.000 KB            WR = 7968.000 KB     

INFO: [SDx-EM 22] [Wall clock time: 01:20, Emulation time: 1.78188 ms] Data transfer between kernel(s) and global memory(s)
BANK0          RD = 5856.875 KB            WR = 8455.875 KB     

INFO: [SDx-EM 22] [Wall clock time: 01:25, Emulation time: 1.86646 ms] Data transfer between kernel(s) and global memory(s)
BANK0          RD = 6204.875 KB            WR = 8973.875 KB     

INFO: [SDx-EM 22] [Wall clock time: 01:30, Emulation time: 1.95014 ms] Data transfer between kernel(s) and global memory(s)
BANK0          RD = 6529.000 KB            WR = 9475.875 KB     

INFO: [SDx-EM 22] [Wall clock time: 01:35, Emulation time: 2.03285 ms] Data transfer between kernel(s) and global memory(s)
BANK0          RD = 6849.000 KB            WR = 9972.875 KB     

INFO: [SDx-EM 22] [Wall clock time: 01:40, Emulation time: 2.12005 ms] Data transfer between kernel(s) and global memory(s)
BANK0          RD = 7211.875 KB            WR = 10490.875 KB    

INFO: [SDx-EM 22] [Wall clock time: 01:45, Emulation time: 2.20302 ms] Data transfer between kernel(s) and global memory(s)
BANK0          RD = 7549.875 KB            WR = 10990.875 KB    

INFO: [SDx-EM 22] [Wall clock time: 01:51, Emulation time: 2.2902 ms] Data transfer between kernel(s) and global memory(s)
BANK0          RD = 7873.000 KB            WR = 11514.875 KB    

INFO: [SDx-EM 22] [Wall clock time: 01:56, Emulation time: 2.37007 ms] Data transfer between kernel(s) and global memory(s)
BANK0          RD = 8193.000 KB            WR = 11993.875 KB    

INFO: [SDx-EM 22] [Wall clock time: 02:01, Emulation time: 2.45239 ms] Data transfer between kernel(s) and global memory(s)
BANK0          RD = 8517.875 KB            WR = 12482.875 KB    

INFO: [SDx-EM 22] [Wall clock time: 02:06, Emulation time: 2.53589 ms] Data transfer between kernel(s) and global memory(s)
BANK0          RD = 8871.875 KB            WR = 12977.875 KB    

INFO: [SDx-EM 22] [Wall clock time: 02:11, Emulation time: 2.61684 ms] Data transfer between kernel(s) and global memory(s)
BANK0          RD = 9196.875 KB            WR = 13468.875 KB    

INFO: [SDx-EM 22] [Wall clock time: 02:16, Emulation time: 2.6998 ms] Data transfer between kernel(s) and global memory(s)
BANK0          RD = 9534.875 KB            WR = 13967.875 KB    

INFO: [SDx-EM 22] [Wall clock time: 02:22, Emulation time: 2.77955 ms] Data transfer between kernel(s) and global memory(s)
BANK0          RD = 9852.875 KB            WR = 14445.875 KB    

INFO: [SDx-EM 22] [Wall clock time: 02:27, Emulation time: 2.8595 ms] Data transfer between kernel(s) and global memory(s)
BANK0          RD = 10171.875 KB           WR = 14924.875 KB    

INFO: [SDx-EM 22] [Wall clock time: 02:32, Emulation time: 2.94247 ms] Data transfer between kernel(s) and global memory(s)
BANK0          RD = 10497.000 KB           WR = 15422.875 KB    

INFO: [SDx-EM 22] [Wall clock time: 02:37, Emulation time: 3.02925 ms] Data transfer between kernel(s) and global memory(s)
BANK0          RD = 10823.875 KB           WR = 15939.875 KB    

INFO: [SDx-EM 22] [Wall clock time: 02:42, Emulation time: 3.11239 ms] Data transfer between kernel(s) and global memory(s)
BANK0          RD = 11173.875 KB           WR = 16428.875 KB    

INFO: [SDx-EM 22] [Wall clock time: 02:47, Emulation time: 3.19513 ms] Data transfer between kernel(s) and global memory(s)
BANK0          RD = 11510.875 KB           WR = 16935.875 KB    

INFO: [SDx-EM 22] [Wall clock time: 02:53, Emulation time: 3.2816 ms] Data transfer between kernel(s) and global memory(s)
BANK0          RD = 11841.000 KB           WR = 17455.875 KB    

INFO: [SDx-EM 22] [Wall clock time: 02:58, Emulation time: 3.36918 ms] Data transfer between kernel(s) and global memory(s)
BANK0          RD = 12200.875 KB           WR = 17972.875 KB    

INFO: [SDx-EM 22] [Wall clock time: 03:03, Emulation time: 3.46801 ms] Data transfer between kernel(s) and global memory(s)
BANK0          RD = 12601.875 KB           WR = 18570.875 KB    

PCIe write time: 36630.293000 us
Kernel run time: 12598123504.976000 us
PCIe read  time: 767971.121000 us
INFO: [SDx-EM 22] [Wall clock time: 03:06, Emulation time: 3.5415 ms] Data transfer between kernel(s) and global memory(s)
BANK0          RD = 12737.000 KB           WR = 19008.000 KB    

