INFO: Found 1 platforms
INFO: Selected platform 0 from Xilinx
INFO: Selected xilinx:adm-pcie-7v3:1ddr:3.0 as the target device
INFO: Loading curved-cosim-unroll64-tile256x64.xclbin
INFO: Found 1 platforms
INFO: Selected platform 0 from Xilinx
INFO: Selected xilinx:adm-pcie-7v3:1ddr:3.0 as the target device
INFO: Loading curved-cosim-unroll64-tile256x64.xclbin
INFO: [SDx-EM 01] Hardware emulation runs detailed simulation underneath. It may take long time for large data set. Please use a small dataset for faster execution. You can still get performance trend for your kernel with smaller dataset.
Info: Emulation mode.
INFO: [SDx-EM 22] [Wall clock time: 23:42, Emulation time: 0.0510975 ms] Data transfer between kernel(s) and global memory(s)
BANK0          RD = 8.898 KB               WR = 0.000 KB        

INFO: [SDx-EM 22] [Wall clock time: 23:47, Emulation time: 0.0998775 ms] Data transfer between kernel(s) and global memory(s)
BANK0          RD = 18.176 KB              WR = 0.000 KB        

INFO: [SDx-EM 22] [Wall clock time: 23:52, Emulation time: 0.148473 ms] Data transfer between kernel(s) and global memory(s)
BANK0          RD = 27.414 KB              WR = 0.000 KB        

INFO: [SDx-EM 22] [Wall clock time: 23:57, Emulation time: 0.183703 ms] Data transfer between kernel(s) and global memory(s)
BANK0          RD = 34.043 KB              WR = 0.000 KB        

INFO: [SDx-EM 22] [Wall clock time: 00:02, Emulation time: 0.224353 ms] Data transfer between kernel(s) and global memory(s)
BANK0          RD = 41.730 KB              WR = 0.000 KB        

INFO: [SDx-EM 22] [Wall clock time: 00:07, Emulation time: 0.268732 ms] Data transfer between kernel(s) and global memory(s)
BANK0          RD = 50.148 KB              WR = 0.000 KB        

INFO: [SDx-EM 22] [Wall clock time: 00:13, Emulation time: 0.312953 ms] Data transfer between kernel(s) and global memory(s)
BANK0          RD = 58.531 KB              WR = 0.000 KB        

INFO: [SDx-EM 22] [Wall clock time: 00:18, Emulation time: 0.358878 ms] Data transfer between kernel(s) and global memory(s)
BANK0          RD = 67.250 KB              WR = 0.000 KB        

INFO: [SDx-EM 22] [Wall clock time: 00:23, Emulation time: 0.405943 ms] Data transfer between kernel(s) and global memory(s)
BANK0          RD = 76.191 KB              WR = 0.000 KB        

INFO: [SDx-EM 22] [Wall clock time: 00:28, Emulation time: 0.452448 ms] Data transfer between kernel(s) and global memory(s)
BANK0          RD = 85.020 KB              WR = 0.000 KB        

INFO: [SDx-EM 22] [Wall clock time: 00:33, Emulation time: 0.498278 ms] Data transfer between kernel(s) and global memory(s)
BANK0          RD = 93.594 KB              WR = 0.000 KB        

INFO: [SDx-EM 22] [Wall clock time: 00:38, Emulation time: 0.544113 ms] Data transfer between kernel(s) and global memory(s)
BANK0          RD = 102.293 KB             WR = 0.000 KB        

INFO: [SDx-EM 22] [Wall clock time: 00:44, Emulation time: 0.589663 ms] Data transfer between kernel(s) and global memory(s)
BANK0          RD = 110.938 KB             WR = 0.000 KB        

INFO: [SDx-EM 22] [Wall clock time: 00:49, Emulation time: 0.635238 ms] Data transfer between kernel(s) and global memory(s)
BANK0          RD = 119.590 KB             WR = 0.000 KB        

INFO: [SDx-EM 22] [Wall clock time: 00:54, Emulation time: 0.679732 ms] Data transfer between kernel(s) and global memory(s)
BANK0          RD = 128.027 KB             WR = 0.000 KB        

INFO: [SDx-EM 22] [Wall clock time: 00:59, Emulation time: 0.725248 ms] Data transfer between kernel(s) and global memory(s)
BANK0          RD = 136.664 KB             WR = 0.000 KB        

INFO: [SDx-EM 22] [Wall clock time: 01:04, Emulation time: 0.770813 ms] Data transfer between kernel(s) and global memory(s)
BANK0          RD = 145.312 KB             WR = 0.000 KB        

INFO: [SDx-EM 22] [Wall clock time: 01:09, Emulation time: 0.814493 ms] Data transfer between kernel(s) and global memory(s)
BANK0          RD = 153.590 KB             WR = 0.000 KB        

INFO: [SDx-EM 22] [Wall clock time: 01:15, Emulation time: 0.858677 ms] Data transfer between kernel(s) and global memory(s)
BANK0          RD = 161.969 KB             WR = 0.000 KB        

INFO: [SDx-EM 22] [Wall clock time: 01:20, Emulation time: 0.903073 ms] Data transfer between kernel(s) and global memory(s)
BANK0          RD = 170.387 KB             WR = 0.000 KB        

INFO: [SDx-EM 22] [Wall clock time: 01:25, Emulation time: 0.947543 ms] Data transfer between kernel(s) and global memory(s)
BANK0          RD = 178.812 KB             WR = 0.000 KB        

INFO: [SDx-EM 22] [Wall clock time: 01:30, Emulation time: 0.990158 ms] Data transfer between kernel(s) and global memory(s)
BANK0          RD = 186.875 KB             WR = 0.000 KB        

INFO: [SDx-EM 22] [Wall clock time: 01:35, Emulation time: 1.03341 ms] Data transfer between kernel(s) and global memory(s)
BANK0          RD = 195.062 KB             WR = 0.000 KB        

INFO: [SDx-EM 22] [Wall clock time: 01:40, Emulation time: 1.07727 ms] Data transfer between kernel(s) and global memory(s)
BANK0          RD = 203.277 KB             WR = 0.000 KB        

INFO: [SDx-EM 22] [Wall clock time: 01:46, Emulation time: 1.11986 ms] Data transfer between kernel(s) and global memory(s)
BANK0          RD = 211.344 KB             WR = 0.000 KB        

INFO: [SDx-EM 22] [Wall clock time: 01:51, Emulation time: 1.16248 ms] Data transfer between kernel(s) and global memory(s)
BANK0          RD = 219.438 KB             WR = 0.000 KB        

INFO: [SDx-EM 22] [Wall clock time: 01:56, Emulation time: 1.20516 ms] Data transfer between kernel(s) and global memory(s)
BANK0          RD = 227.562 KB             WR = 0.000 KB        

INFO: [SDx-EM 22] [Wall clock time: 02:01, Emulation time: 1.24668 ms] Data transfer between kernel(s) and global memory(s)
BANK0          RD = 235.484 KB             WR = 0.000 KB        

INFO: [SDx-EM 22] [Wall clock time: 02:06, Emulation time: 1.2894 ms] Data transfer between kernel(s) and global memory(s)
BANK0          RD = 243.574 KB             WR = 0.000 KB        

INFO: [SDx-EM 22] [Wall clock time: 02:11, Emulation time: 1.33181 ms] Data transfer between kernel(s) and global memory(s)
BANK0          RD = 251.605 KB             WR = 0.000 KB        

INFO: [SDx-EM 22] [Wall clock time: 02:17, Emulation time: 1.37511 ms] Data transfer between kernel(s) and global memory(s)
BANK0          RD = 259.812 KB             WR = 0.000 KB        

INFO: [SDx-EM 22] [Wall clock time: 02:22, Emulation time: 1.40752 ms] Data transfer between kernel(s) and global memory(s)
BANK0          RD = 456.875 KB             WR = 197.875 KB      

INFO: [SDx-EM 22] [Wall clock time: 02:27, Emulation time: 1.43726 ms] Data transfer between kernel(s) and global memory(s)
BANK0          RD = 612.000 KB             WR = 433.000 KB      

INFO: [SDx-EM 22] [Wall clock time: 02:32, Emulation time: 1.46721 ms] Data transfer between kernel(s) and global memory(s)
BANK0          RD = 772.000 KB             WR = 672.000 KB      

INFO: [SDx-EM 22] [Wall clock time: 02:37, Emulation time: 1.49729 ms] Data transfer between kernel(s) and global memory(s)
BANK0          RD = 932.000 KB             WR = 912.000 KB      

INFO: [SDx-EM 22] [Wall clock time: 02:42, Emulation time: 1.52698 ms] Data transfer between kernel(s) and global memory(s)
BANK0          RD = 1092.000 KB            WR = 1146.875 KB     

INFO: [SDx-EM 22] [Wall clock time: 02:48, Emulation time: 1.5554 ms] Data transfer between kernel(s) and global memory(s)
BANK0          RD = 1252.000 KB            WR = 1367.875 KB     

INFO: [SDx-EM 22] [Wall clock time: 02:53, Emulation time: 1.58536 ms] Data transfer between kernel(s) and global memory(s)
BANK0          RD = 1412.000 KB            WR = 1605.875 KB     

INFO: [SDx-EM 22] [Wall clock time: 02:58, Emulation time: 1.61522 ms] Data transfer between kernel(s) and global memory(s)
BANK0          RD = 1572.000 KB            WR = 1841.875 KB     

INFO: [SDx-EM 22] [Wall clock time: 03:03, Emulation time: 1.64493 ms] Data transfer between kernel(s) and global memory(s)
BANK0          RD = 1728.875 KB            WR = 2071.875 KB     

INFO: [SDx-EM 22] [Wall clock time: 03:08, Emulation time: 1.67403 ms] Data transfer between kernel(s) and global memory(s)
BANK0          RD = 1875.875 KB            WR = 2311.875 KB     

INFO: [SDx-EM 22] [Wall clock time: 03:13, Emulation time: 1.70327 ms] Data transfer between kernel(s) and global memory(s)
BANK0          RD = 2023.875 KB            WR = 2548.875 KB     

INFO: [SDx-EM 22] [Wall clock time: 03:19, Emulation time: 1.73271 ms] Data transfer between kernel(s) and global memory(s)
BANK0          RD = 2180.000 KB            WR = 2782.875 KB     

