INFO: Found 1 platforms
INFO: Selected platform 0 from Xilinx
INFO: Selected xilinx:adm-pcie-7v3:1ddr:3.0 as the target device
INFO: Loading curved-cosim-unroll32-tile64x128.xclbin
INFO: Found 1 platforms
INFO: Selected platform 0 from Xilinx
INFO: Selected xilinx:adm-pcie-7v3:1ddr:3.0 as the target device
INFO: Loading curved-cosim-unroll32-tile64x128.xclbin
INFO: [SDx-EM 01] Hardware emulation runs detailed simulation underneath. It may take long time for large data set. Please use a small dataset for faster execution. You can still get performance trend for your kernel with smaller dataset.
Info: Emulation mode.
INFO: [SDx-EM 22] [Wall clock time: 23:42, Emulation time: 0.0821225 ms] Data transfer between kernel(s) and global memory(s)
BANK0          RD = 14.832 KB              WR = 0.000 KB        

INFO: [SDx-EM 22] [Wall clock time: 23:47, Emulation time: 0.161397 ms] Data transfer between kernel(s) and global memory(s)
BANK0          RD = 29.812 KB              WR = 0.000 KB        

INFO: [SDx-EM 22] [Wall clock time: 23:52, Emulation time: 0.247372 ms] Data transfer between kernel(s) and global memory(s)
BANK0          RD = 46.102 KB              WR = 0.000 KB        

INFO: [SDx-EM 22] [Wall clock time: 23:57, Emulation time: 0.342842 ms] Data transfer between kernel(s) and global memory(s)
BANK0          RD = 64.242 KB              WR = 0.000 KB        

INFO: [SDx-EM 22] [Wall clock time: 00:02, Emulation time: 0.423638 ms] Data transfer between kernel(s) and global memory(s)
BANK0          RD = 79.520 KB              WR = 0.000 KB        

INFO: [SDx-EM 22] [Wall clock time: 00:07, Emulation time: 0.498368 ms] Data transfer between kernel(s) and global memory(s)
BANK0          RD = 93.613 KB              WR = 0.000 KB        

INFO: [SDx-EM 22] [Wall clock time: 00:13, Emulation time: 0.571303 ms] Data transfer between kernel(s) and global memory(s)
BANK0          RD = 107.480 KB             WR = 0.000 KB        

INFO: [SDx-EM 22] [Wall clock time: 00:18, Emulation time: 0.658933 ms] Data transfer between kernel(s) and global memory(s)
BANK0          RD = 124.090 KB             WR = 0.000 KB        

INFO: [SDx-EM 22] [Wall clock time: 00:23, Emulation time: 0.718548 ms] Data transfer between kernel(s) and global memory(s)
BANK0          RD = 320.875 KB             WR = 223.875 KB      

INFO: [SDx-EM 22] [Wall clock time: 00:28, Emulation time: 0.763083 ms] Data transfer between kernel(s) and global memory(s)
BANK0          RD = 594.000 KB             WR = 644.875 KB      

INFO: [SDx-EM 22] [Wall clock time: 00:33, Emulation time: 0.805988 ms] Data transfer between kernel(s) and global memory(s)
BANK0          RD = 860.875 KB             WR = 1039.875 KB     

INFO: [SDx-EM 22] [Wall clock time: 00:38, Emulation time: 0.848063 ms] Data transfer between kernel(s) and global memory(s)
BANK0          RD = 1122.000 KB            WR = 1434.875 KB     

INFO: [SDx-EM 22] [Wall clock time: 00:44, Emulation time: 0.889053 ms] Data transfer between kernel(s) and global memory(s)
BANK0          RD = 1378.000 KB            WR = 1815.875 KB     

INFO: [SDx-EM 22] [Wall clock time: 00:49, Emulation time: 0.929608 ms] Data transfer between kernel(s) and global memory(s)
BANK0          RD = 1625.875 KB            WR = 2191.875 KB     

INFO: [SDx-EM 22] [Wall clock time: 00:54, Emulation time: 0.970128 ms] Data transfer between kernel(s) and global memory(s)
BANK0          RD = 1874.000 KB            WR = 2569.000 KB     

INFO: [SDx-EM 22] [Wall clock time: 00:59, Emulation time: 1.01051 ms] Data transfer between kernel(s) and global memory(s)
BANK0          RD = 2130.000 KB            WR = 2945.875 KB     

INFO: [SDx-EM 22] [Wall clock time: 01:04, Emulation time: 1.04881 ms] Data transfer between kernel(s) and global memory(s)
BANK0          RD = 2368.875 KB            WR = 3295.875 KB     

INFO: [SDx-EM 22] [Wall clock time: 01:09, Emulation time: 1.08705 ms] Data transfer between kernel(s) and global memory(s)
BANK0          RD = 2602.875 KB            WR = 3655.875 KB     

INFO: [SDx-EM 22] [Wall clock time: 01:15, Emulation time: 1.12498 ms] Data transfer between kernel(s) and global memory(s)
BANK0          RD = 2834.000 KB            WR = 4009.000 KB     

INFO: [SDx-EM 22] [Wall clock time: 01:20, Emulation time: 1.16359 ms] Data transfer between kernel(s) and global memory(s)
BANK0          RD = 3074.000 KB            WR = 4368.000 KB     

INFO: [SDx-EM 22] [Wall clock time: 01:25, Emulation time: 1.20108 ms] Data transfer between kernel(s) and global memory(s)
BANK0          RD = 3313.875 KB            WR = 4711.875 KB     

INFO: [SDx-EM 22] [Wall clock time: 01:30, Emulation time: 1.24075 ms] Data transfer between kernel(s) and global memory(s)
BANK0          RD = 3554.000 KB            WR = 5088.000 KB     

INFO: [SDx-EM 22] [Wall clock time: 01:35, Emulation time: 1.28029 ms] Data transfer between kernel(s) and global memory(s)
BANK0          RD = 3799.875 KB            WR = 5454.875 KB     

INFO: [SDx-EM 22] [Wall clock time: 01:40, Emulation time: 1.31904 ms] Data transfer between kernel(s) and global memory(s)
BANK0          RD = 4040.875 KB            WR = 5814.875 KB     

INFO: [SDx-EM 22] [Wall clock time: 01:46, Emulation time: 1.35838 ms] Data transfer between kernel(s) and global memory(s)
BANK0          RD = 4288.875 KB            WR = 6175.875 KB     

INFO: [SDx-EM 22] [Wall clock time: 01:51, Emulation time: 1.39688 ms] Data transfer between kernel(s) and global memory(s)
BANK0          RD = 4525.875 KB            WR = 6535.875 KB     

INFO: [SDx-EM 22] [Wall clock time: 01:56, Emulation time: 1.43811 ms] Data transfer between kernel(s) and global memory(s)
BANK0          RD = 4781.875 KB            WR = 6919.875 KB     

INFO: [SDx-EM 22] [Wall clock time: 02:01, Emulation time: 1.47651 ms] Data transfer between kernel(s) and global memory(s)
BANK0          RD = 5017.875 KB            WR = 7279.875 KB     

INFO: [SDx-EM 22] [Wall clock time: 02:06, Emulation time: 1.51583 ms] Data transfer between kernel(s) and global memory(s)
BANK0          RD = 5264.875 KB            WR = 7639.875 KB     

INFO: [SDx-EM 22] [Wall clock time: 02:11, Emulation time: 1.55478 ms] Data transfer between kernel(s) and global memory(s)
BANK0          RD = 5506.000 KB            WR = 8008.875 KB     

INFO: [SDx-EM 22] [Wall clock time: 02:17, Emulation time: 1.59443 ms] Data transfer between kernel(s) and global memory(s)
BANK0          RD = 5746.000 KB            WR = 8376.000 KB     

INFO: [SDx-EM 22] [Wall clock time: 02:22, Emulation time: 1.63223 ms] Data transfer between kernel(s) and global memory(s)
BANK0          RD = 5986.000 KB            WR = 8729.875 KB     

INFO: [SDx-EM 22] [Wall clock time: 02:27, Emulation time: 1.67034 ms] Data transfer between kernel(s) and global memory(s)
BANK0          RD = 6221.875 KB            WR = 9079.875 KB     

INFO: [SDx-EM 22] [Wall clock time: 02:32, Emulation time: 1.70887 ms] Data transfer between kernel(s) and global memory(s)
BANK0          RD = 6459.875 KB            WR = 9439.875 KB     

INFO: [SDx-EM 22] [Wall clock time: 02:37, Emulation time: 1.74867 ms] Data transfer between kernel(s) and global memory(s)
BANK0          RD = 6706.000 KB            WR = 9812.875 KB     

INFO: [SDx-EM 22] [Wall clock time: 02:42, Emulation time: 1.7852 ms] Data transfer between kernel(s) and global memory(s)
BANK0          RD = 6930.000 KB            WR = 10152.000 KB    

INFO: [SDx-EM 22] [Wall clock time: 02:48, Emulation time: 1.82191 ms] Data transfer between kernel(s) and global memory(s)
BANK0          RD = 7157.875 KB            WR = 10492.875 KB    

INFO: [SDx-EM 22] [Wall clock time: 02:53, Emulation time: 1.85788 ms] Data transfer between kernel(s) and global memory(s)
BANK0          RD = 7380.000 KB            WR = 10826.875 KB    

INFO: [SDx-EM 22] [Wall clock time: 02:58, Emulation time: 1.89373 ms] Data transfer between kernel(s) and global memory(s)
BANK0          RD = 7602.000 KB            WR = 11160.000 KB    

INFO: [SDx-EM 22] [Wall clock time: 03:03, Emulation time: 1.92837 ms] Data transfer between kernel(s) and global memory(s)
BANK0          RD = 7821.875 KB            WR = 11479.875 KB    

INFO: [SDx-EM 22] [Wall clock time: 03:08, Emulation time: 1.96311 ms] Data transfer between kernel(s) and global memory(s)
BANK0          RD = 8034.000 KB            WR = 11808.000 KB    

INFO: [SDx-EM 22] [Wall clock time: 03:13, Emulation time: 1.9982 ms] Data transfer between kernel(s) and global memory(s)
BANK0          RD = 8255.875 KB            WR = 12127.875 KB    

INFO: [SDx-EM 22] [Wall clock time: 03:19, Emulation time: 2.03341 ms] Data transfer between kernel(s) and global memory(s)
BANK0          RD = 8468.875 KB            WR = 12459.875 KB    

