INFO: Found 1 platforms
INFO: Selected platform 0 from Xilinx
INFO: Selected xilinx:adm-pcie-7v3:1ddr:3.0 as the target device
INFO: Loading curved-cosim-unroll32-tile256x64.xclbin
INFO: Found 1 platforms
INFO: Selected platform 0 from Xilinx
INFO: Selected xilinx:adm-pcie-7v3:1ddr:3.0 as the target device
INFO: Loading curved-cosim-unroll32-tile256x64.xclbin
INFO: [SDx-EM 01] Hardware emulation runs detailed simulation underneath. It may take long time for large data set. Please use a small dataset for faster execution. You can still get performance trend for your kernel with smaller dataset.
Info: Emulation mode.
INFO: [SDx-EM 22] [Wall clock time: 23:42, Emulation time: 0.0797375 ms] Data transfer between kernel(s) and global memory(s)
BANK0          RD = 14.367 KB              WR = 0.000 KB        

INFO: [SDx-EM 22] [Wall clock time: 23:47, Emulation time: 0.158853 ms] Data transfer between kernel(s) and global memory(s)
BANK0          RD = 29.316 KB              WR = 0.000 KB        

INFO: [SDx-EM 22] [Wall clock time: 23:52, Emulation time: 0.240668 ms] Data transfer between kernel(s) and global memory(s)
BANK0          RD = 44.793 KB              WR = 0.000 KB        

INFO: [SDx-EM 22] [Wall clock time: 23:57, Emulation time: 0.315997 ms] Data transfer between kernel(s) and global memory(s)
BANK0          RD = 59.125 KB              WR = 0.000 KB        

INFO: [SDx-EM 22] [Wall clock time: 00:02, Emulation time: 0.391683 ms] Data transfer between kernel(s) and global memory(s)
BANK0          RD = 73.406 KB              WR = 0.000 KB        

INFO: [SDx-EM 22] [Wall clock time: 00:07, Emulation time: 0.465473 ms] Data transfer between kernel(s) and global memory(s)
BANK0          RD = 87.438 KB              WR = 0.000 KB        

INFO: [SDx-EM 22] [Wall clock time: 00:13, Emulation time: 0.536092 ms] Data transfer between kernel(s) and global memory(s)
BANK0          RD = 100.855 KB             WR = 0.000 KB        

INFO: [SDx-EM 22] [Wall clock time: 00:18, Emulation time: 0.617888 ms] Data transfer between kernel(s) and global memory(s)
BANK0          RD = 116.324 KB             WR = 0.000 KB        

INFO: [SDx-EM 22] [Wall clock time: 00:23, Emulation time: 0.696028 ms] Data transfer between kernel(s) and global memory(s)
BANK0          RD = 194.000 KB             WR = 0.000 KB        

INFO: [SDx-EM 22] [Wall clock time: 00:28, Emulation time: 0.741863 ms] Data transfer between kernel(s) and global memory(s)
BANK0          RD = 450.000 KB             WR = 353.875 KB      

INFO: [SDx-EM 22] [Wall clock time: 00:33, Emulation time: 0.788628 ms] Data transfer between kernel(s) and global memory(s)
BANK0          RD = 689.875 KB             WR = 727.875 KB      

INFO: [SDx-EM 22] [Wall clock time: 00:38, Emulation time: 0.833278 ms] Data transfer between kernel(s) and global memory(s)
BANK0          RD = 930.000 KB             WR = 1082.875 KB     

INFO: [SDx-EM 22] [Wall clock time: 00:44, Emulation time: 0.878063 ms] Data transfer between kernel(s) and global memory(s)
BANK0          RD = 1156.000 KB            WR = 1443.875 KB     

INFO: [SDx-EM 22] [Wall clock time: 00:49, Emulation time: 0.921878 ms] Data transfer between kernel(s) and global memory(s)
BANK0          RD = 1398.875 KB            WR = 1783.875 KB     

INFO: [SDx-EM 22] [Wall clock time: 00:54, Emulation time: 0.966538 ms] Data transfer between kernel(s) and global memory(s)
BANK0          RD = 1634.000 KB            WR = 2143.875 KB     

INFO: [SDx-EM 22] [Wall clock time: 00:59, Emulation time: 1.00944 ms] Data transfer between kernel(s) and global memory(s)
BANK0          RD = 1858.000 KB            WR = 2485.875 KB     

INFO: [SDx-EM 22] [Wall clock time: 01:04, Emulation time: 1.05175 ms] Data transfer between kernel(s) and global memory(s)
BANK0          RD = 2082.000 KB            WR = 2822.875 KB     

INFO: [SDx-EM 22] [Wall clock time: 01:09, Emulation time: 1.09146 ms] Data transfer between kernel(s) and global memory(s)
BANK0          RD = 2300.875 KB            WR = 3127.875 KB     

INFO: [SDx-EM 22] [Wall clock time: 01:15, Emulation time: 1.13375 ms] Data transfer between kernel(s) and global memory(s)
BANK0          RD = 2525.875 KB            WR = 3463.875 KB     

INFO: [SDx-EM 22] [Wall clock time: 01:20, Emulation time: 1.17546 ms] Data transfer between kernel(s) and global memory(s)
BANK0          RD = 2742.875 KB            WR = 3799.875 KB     

INFO: [SDx-EM 22] [Wall clock time: 01:25, Emulation time: 1.21733 ms] Data transfer between kernel(s) and global memory(s)
BANK0          RD = 2961.875 KB            WR = 4135.875 KB     

INFO: [SDx-EM 22] [Wall clock time: 01:30, Emulation time: 1.25937 ms] Data transfer between kernel(s) and global memory(s)
BANK0          RD = 3182.875 KB            WR = 4471.875 KB     

INFO: [SDx-EM 22] [Wall clock time: 01:35, Emulation time: 1.30089 ms] Data transfer between kernel(s) and global memory(s)
BANK0          RD = 3396.875 KB            WR = 4804.875 KB     

INFO: [SDx-EM 22] [Wall clock time: 01:40, Emulation time: 1.34313 ms] Data transfer between kernel(s) and global memory(s)
BANK0          RD = 3620.875 KB            WR = 5139.875 KB     

INFO: [SDx-EM 22] [Wall clock time: 01:46, Emulation time: 1.38417 ms] Data transfer between kernel(s) and global memory(s)
BANK0          RD = 3842.000 KB            WR = 5465.875 KB     

INFO: [SDx-EM 22] [Wall clock time: 01:51, Emulation time: 1.42366 ms] Data transfer between kernel(s) and global memory(s)
BANK0          RD = 4062.875 KB            WR = 5767.875 KB     

INFO: [SDx-EM 22] [Wall clock time: 01:56, Emulation time: 1.46665 ms] Data transfer between kernel(s) and global memory(s)
BANK0          RD = 4290.000 KB            WR = 6115.875 KB     

INFO: [SDx-EM 22] [Wall clock time: 02:01, Emulation time: 1.5079 ms] Data transfer between kernel(s) and global memory(s)
BANK0          RD = 4506.875 KB            WR = 6439.875 KB     

INFO: [SDx-EM 22] [Wall clock time: 02:06, Emulation time: 1.55017 ms] Data transfer between kernel(s) and global memory(s)
BANK0          RD = 4730.875 KB            WR = 6775.875 KB     

INFO: [SDx-EM 22] [Wall clock time: 02:11, Emulation time: 1.59206 ms] Data transfer between kernel(s) and global memory(s)
BANK0          RD = 4949.875 KB            WR = 7111.875 KB     

INFO: [SDx-EM 22] [Wall clock time: 02:17, Emulation time: 1.63344 ms] Data transfer between kernel(s) and global memory(s)
BANK0          RD = 5162.875 KB            WR = 7447.875 KB     

INFO: [SDx-EM 22] [Wall clock time: 02:22, Emulation time: 1.67383 ms] Data transfer between kernel(s) and global memory(s)
BANK0          RD = 5378.000 KB            WR = 7767.875 KB     

INFO: [SDx-EM 22] [Wall clock time: 02:27, Emulation time: 1.71494 ms] Data transfer between kernel(s) and global memory(s)
BANK0          RD = 5602.000 KB            WR = 8091.875 KB     

INFO: [SDx-EM 22] [Wall clock time: 02:32, Emulation time: 1.75746 ms] Data transfer between kernel(s) and global memory(s)
BANK0          RD = 5826.000 KB            WR = 8429.875 KB     

INFO: [SDx-EM 22] [Wall clock time: 02:37, Emulation time: 1.79792 ms] Data transfer between kernel(s) and global memory(s)
BANK0          RD = 6044.875 KB            WR = 8743.875 KB     

INFO: [SDx-EM 22] [Wall clock time: 02:42, Emulation time: 1.84007 ms] Data transfer between kernel(s) and global memory(s)
BANK0          RD = 6266.875 KB            WR = 9079.875 KB     

INFO: [SDx-EM 22] [Wall clock time: 02:48, Emulation time: 1.88173 ms] Data transfer between kernel(s) and global memory(s)
BANK0          RD = 6482.875 KB            WR = 9415.875 KB     

INFO: [SDx-EM 22] [Wall clock time: 02:53, Emulation time: 1.92233 ms] Data transfer between kernel(s) and global memory(s)
BANK0          RD = 6690.000 KB            WR = 9744.000 KB     

INFO: [SDx-EM 22] [Wall clock time: 02:58, Emulation time: 1.96161 ms] Data transfer between kernel(s) and global memory(s)
BANK0          RD = 6914.000 KB            WR = 10049.875 KB    

INFO: [SDx-EM 22] [Wall clock time: 03:03, Emulation time: 2.00246 ms] Data transfer between kernel(s) and global memory(s)
BANK0          RD = 7122.875 KB            WR = 10375.875 KB    

INFO: [SDx-EM 22] [Wall clock time: 03:08, Emulation time: 2.04209 ms] Data transfer between kernel(s) and global memory(s)
BANK0          RD = 7330.000 KB            WR = 10694.875 KB    

INFO: [SDx-EM 22] [Wall clock time: 03:13, Emulation time: 2.08106 ms] Data transfer between kernel(s) and global memory(s)
BANK0          RD = 7539.875 KB            WR = 10999.875 KB    

INFO: [SDx-EM 22] [Wall clock time: 03:19, Emulation time: 2.12127 ms] Data transfer between kernel(s) and global memory(s)
BANK0          RD = 7746.000 KB            WR = 11325.875 KB    

