INFO: Found 1 platforms
INFO: Selected platform 0 from Xilinx
INFO: Selected xilinx:adm-pcie-7v3:1ddr:3.0 as the target device
INFO: Loading curved-cosim-unroll16-tile128x256.xclbin
INFO: Found 1 platforms
INFO: Selected platform 0 from Xilinx
INFO: Selected xilinx:adm-pcie-7v3:1ddr:3.0 as the target device
INFO: Loading curved-cosim-unroll16-tile128x256.xclbin
INFO: [SDx-EM 01] Hardware emulation runs detailed simulation underneath. It may take long time for large data set. Please use a small dataset for faster execution. You can still get performance trend for your kernel with smaller dataset.
Info: Emulation mode.
INFO: [SDx-EM 22] [Wall clock time: 23:41, Emulation time: 0.140868 ms] Data transfer between kernel(s) and global memory(s)
BANK0          RD = 25.930 KB              WR = 0.000 KB        

INFO: [SDx-EM 22] [Wall clock time: 23:47, Emulation time: 0.292943 ms] Data transfer between kernel(s) and global memory(s)
BANK0          RD = 54.750 KB              WR = 0.000 KB        

INFO: [SDx-EM 22] [Wall clock time: 23:52, Emulation time: 0.402628 ms] Data transfer between kernel(s) and global memory(s)
BANK0          RD = 340.875 KB             WR = 199.875 KB      

INFO: [SDx-EM 22] [Wall clock time: 23:57, Emulation time: 0.485993 ms] Data transfer between kernel(s) and global memory(s)
BANK0          RD = 685.875 KB             WR = 702.875 KB      

INFO: [SDx-EM 22] [Wall clock time: 00:02, Emulation time: 0.557617 ms] Data transfer between kernel(s) and global memory(s)
BANK0          RD = 961.000 KB             WR = 1133.875 KB     

INFO: [SDx-EM 22] [Wall clock time: 00:07, Emulation time: 0.626308 ms] Data transfer between kernel(s) and global memory(s)
BANK0          RD = 1229.875 KB            WR = 1542.875 KB     

INFO: [SDx-EM 22] [Wall clock time: 00:12, Emulation time: 0.691533 ms] Data transfer between kernel(s) and global memory(s)
BANK0          RD = 1499.875 KB            WR = 1927.875 KB     

INFO: [SDx-EM 22] [Wall clock time: 00:18, Emulation time: 0.775953 ms] Data transfer between kernel(s) and global memory(s)
BANK0          RD = 1847.875 KB            WR = 2440.875 KB     

INFO: [SDx-EM 22] [Wall clock time: 00:23, Emulation time: 0.854778 ms] Data transfer between kernel(s) and global memory(s)
BANK0          RD = 2159.875 KB            WR = 2912.875 KB     

INFO: [SDx-EM 22] [Wall clock time: 00:28, Emulation time: 0.933083 ms] Data transfer between kernel(s) and global memory(s)
BANK0          RD = 2468.875 KB            WR = 3367.875 KB     

INFO: [SDx-EM 22] [Wall clock time: 00:33, Emulation time: 1.01077 ms] Data transfer between kernel(s) and global memory(s)
BANK0          RD = 2764.875 KB            WR = 3846.875 KB     

INFO: [SDx-EM 22] [Wall clock time: 00:38, Emulation time: 1.09027 ms] Data transfer between kernel(s) and global memory(s)
BANK0          RD = 3077.875 KB            WR = 4322.875 KB     

INFO: [SDx-EM 22] [Wall clock time: 00:43, Emulation time: 1.17223 ms] Data transfer between kernel(s) and global memory(s)
BANK0          RD = 3420.875 KB            WR = 4807.875 KB     

INFO: [SDx-EM 22] [Wall clock time: 00:49, Emulation time: 1.25213 ms] Data transfer between kernel(s) and global memory(s)
BANK0          RD = 3738.875 KB            WR = 5287.875 KB     

INFO: [SDx-EM 22] [Wall clock time: 00:54, Emulation time: 1.33179 ms] Data transfer between kernel(s) and global memory(s)
BANK0          RD = 4052.875 KB            WR = 5767.875 KB     

INFO: [SDx-EM 22] [Wall clock time: 00:59, Emulation time: 1.41443 ms] Data transfer between kernel(s) and global memory(s)
BANK0          RD = 4393.875 KB            WR = 6262.875 KB     

INFO: [SDx-EM 22] [Wall clock time: 01:04, Emulation time: 1.49489 ms] Data transfer between kernel(s) and global memory(s)
BANK0          RD = 4715.875 KB            WR = 6746.875 KB     

INFO: [SDx-EM 22] [Wall clock time: 01:09, Emulation time: 1.57661 ms] Data transfer between kernel(s) and global memory(s)
BANK0          RD = 5045.875 KB            WR = 7238.875 KB     

INFO: [SDx-EM 22] [Wall clock time: 01:14, Emulation time: 1.65819 ms] Data transfer between kernel(s) and global memory(s)
BANK0          RD = 5375.875 KB            WR = 7727.875 KB     

INFO: [SDx-EM 22] [Wall clock time: 01:20, Emulation time: 1.73797 ms] Data transfer between kernel(s) and global memory(s)
BANK0          RD = 5693.875 KB            WR = 8205.875 KB     

INFO: [SDx-EM 22] [Wall clock time: 01:25, Emulation time: 1.82091 ms] Data transfer between kernel(s) and global memory(s)
BANK0          RD = 6017.000 KB            WR = 8703.875 KB     

INFO: [SDx-EM 22] [Wall clock time: 01:30, Emulation time: 1.90089 ms] Data transfer between kernel(s) and global memory(s)
BANK0          RD = 6337.000 KB            WR = 9182.875 KB     

INFO: [SDx-EM 22] [Wall clock time: 01:35, Emulation time: 1.9843 ms] Data transfer between kernel(s) and global memory(s)
BANK0          RD = 6657.000 KB            WR = 9683.875 KB     

INFO: [SDx-EM 22] [Wall clock time: 01:40, Emulation time: 2.06348 ms] Data transfer between kernel(s) and global memory(s)
BANK0          RD = 6977.000 KB            WR = 10157.875 KB    

INFO: [SDx-EM 22] [Wall clock time: 01:45, Emulation time: 2.14143 ms] Data transfer between kernel(s) and global memory(s)
BANK0          RD = 7297.000 KB            WR = 10624.875 KB    

INFO: [SDx-EM 22] [Wall clock time: 01:51, Emulation time: 2.21831 ms] Data transfer between kernel(s) and global memory(s)
BANK0          RD = 7611.875 KB            WR = 11084.875 KB    

INFO: [SDx-EM 22] [Wall clock time: 01:56, Emulation time: 2.30312 ms] Data transfer between kernel(s) and global memory(s)
BANK0          RD = 7937.000 KB            WR = 11593.875 KB    

INFO: [SDx-EM 22] [Wall clock time: 02:01, Emulation time: 2.38877 ms] Data transfer between kernel(s) and global memory(s)
BANK0          RD = 8272.875 KB            WR = 12103.875 KB    

INFO: [SDx-EM 22] [Wall clock time: 02:06, Emulation time: 2.46225 ms] Data transfer between kernel(s) and global memory(s)
BANK0          RD = 8577.000 KB            WR = 12546.875 KB    

INFO: [SDx-EM 22] [Wall clock time: 02:11, Emulation time: 2.54055 ms] Data transfer between kernel(s) and global memory(s)
BANK0          RD = 8897.000 KB            WR = 13015.875 KB    

INFO: [SDx-EM 22] [Wall clock time: 02:16, Emulation time: 2.61843 ms] Data transfer between kernel(s) and global memory(s)
BANK0          RD = 9209.875 KB            WR = 13481.875 KB    

INFO: [SDx-EM 22] [Wall clock time: 02:22, Emulation time: 2.69926 ms] Data transfer between kernel(s) and global memory(s)
BANK0          RD = 9533.875 KB            WR = 13966.875 KB    

INFO: [SDx-EM 22] [Wall clock time: 02:27, Emulation time: 2.78151 ms] Data transfer between kernel(s) and global memory(s)
BANK0          RD = 9857.000 KB            WR = 14459.875 KB    

INFO: [SDx-EM 22] [Wall clock time: 02:32, Emulation time: 2.86378 ms] Data transfer between kernel(s) and global memory(s)
BANK0          RD = 10177.000 KB           WR = 14953.875 KB    

INFO: [SDx-EM 22] [Wall clock time: 02:37, Emulation time: 2.93951 ms] Data transfer between kernel(s) and global memory(s)
BANK0          RD = 10493.875 KB           WR = 15406.875 KB    

INFO: [SDx-EM 22] [Wall clock time: 02:42, Emulation time: 3.01739 ms] Data transfer between kernel(s) and global memory(s)
BANK0          RD = 10799.875 KB           WR = 15872.875 KB    

INFO: [SDx-EM 22] [Wall clock time: 02:47, Emulation time: 3.09691 ms] Data transfer between kernel(s) and global memory(s)
BANK0          RD = 11115.875 KB           WR = 16346.875 KB    

INFO: [SDx-EM 22] [Wall clock time: 02:53, Emulation time: 3.18054 ms] Data transfer between kernel(s) and global memory(s)
BANK0          RD = 11457.000 KB           WR = 16850.875 KB    

INFO: [SDx-EM 22] [Wall clock time: 02:58, Emulation time: 3.26113 ms] Data transfer between kernel(s) and global memory(s)
BANK0          RD = 11777.000 KB           WR = 17333.875 KB    

INFO: [SDx-EM 22] [Wall clock time: 03:03, Emulation time: 3.33917 ms] Data transfer between kernel(s) and global memory(s)
BANK0          RD = 12088.875 KB           WR = 17800.875 KB    

INFO: [SDx-EM 22] [Wall clock time: 03:08, Emulation time: 3.41818 ms] Data transfer between kernel(s) and global memory(s)
BANK0          RD = 12401.875 KB           WR = 18274.875 KB    

INFO: [SDx-EM 22] [Wall clock time: 03:13, Emulation time: 3.49607 ms] Data transfer between kernel(s) and global memory(s)
BANK0          RD = 12707.875 KB           WR = 18727.875 KB    

INFO: [SDx-EM 22] [Wall clock time: 03:18, Emulation time: 3.58602 ms] Data transfer between kernel(s) and global memory(s)
BANK0          RD = 13057.000 KB           WR = 19281.875 KB    

