INFO: Found 1 platforms
INFO: Selected platform 0 from Xilinx
INFO: Selected xilinx:adm-pcie-7v3:1ddr:3.0 as the target device
INFO: Loading curved-cosim-unroll64-tile128x64.xclbin
INFO: Found 1 platforms
INFO: Selected platform 0 from Xilinx
INFO: Selected xilinx:adm-pcie-7v3:1ddr:3.0 as the target device
INFO: Loading curved-cosim-unroll64-tile128x64.xclbin
INFO: [SDx-EM 01] Hardware emulation runs detailed simulation underneath. It may take long time for large data set. Please use a small dataset for faster execution. You can still get performance trend for your kernel with smaller dataset.
Info: Emulation mode.
INFO: [SDx-EM 22] [Wall clock time: 23:42, Emulation time: 0.0609225 ms] Data transfer between kernel(s) and global memory(s)
BANK0          RD = 10.820 KB              WR = 0.000 KB        

INFO: [SDx-EM 22] [Wall clock time: 23:47, Emulation time: 0.117258 ms] Data transfer between kernel(s) and global memory(s)
BANK0          RD = 21.445 KB              WR = 0.000 KB        

INFO: [SDx-EM 22] [Wall clock time: 23:52, Emulation time: 0.171717 ms] Data transfer between kernel(s) and global memory(s)
BANK0          RD = 31.828 KB              WR = 0.000 KB        

INFO: [SDx-EM 22] [Wall clock time: 23:57, Emulation time: 0.205838 ms] Data transfer between kernel(s) and global memory(s)
BANK0          RD = 38.242 KB              WR = 0.000 KB        

INFO: [SDx-EM 22] [Wall clock time: 00:02, Emulation time: 0.249933 ms] Data transfer between kernel(s) and global memory(s)
BANK0          RD = 46.602 KB              WR = 0.000 KB        

INFO: [SDx-EM 22] [Wall clock time: 00:07, Emulation time: 0.297838 ms] Data transfer between kernel(s) and global memory(s)
BANK0          RD = 55.707 KB              WR = 0.000 KB        

INFO: [SDx-EM 22] [Wall clock time: 00:13, Emulation time: 0.348953 ms] Data transfer between kernel(s) and global memory(s)
BANK0          RD = 65.312 KB              WR = 0.000 KB        

INFO: [SDx-EM 22] [Wall clock time: 00:18, Emulation time: 0.397663 ms] Data transfer between kernel(s) and global memory(s)
BANK0          RD = 74.574 KB              WR = 0.000 KB        

INFO: [SDx-EM 22] [Wall clock time: 00:23, Emulation time: 0.447018 ms] Data transfer between kernel(s) and global memory(s)
BANK0          RD = 83.961 KB              WR = 0.000 KB        

INFO: [SDx-EM 22] [Wall clock time: 00:28, Emulation time: 0.497523 ms] Data transfer between kernel(s) and global memory(s)
BANK0          RD = 93.500 KB              WR = 0.000 KB        

INFO: [SDx-EM 22] [Wall clock time: 00:33, Emulation time: 0.548773 ms] Data transfer between kernel(s) and global memory(s)
BANK0          RD = 103.203 KB             WR = 0.000 KB        

INFO: [SDx-EM 22] [Wall clock time: 00:38, Emulation time: 0.597947 ms] Data transfer between kernel(s) and global memory(s)
BANK0          RD = 112.559 KB             WR = 0.000 KB        

INFO: [SDx-EM 22] [Wall clock time: 00:44, Emulation time: 0.649723 ms] Data transfer between kernel(s) and global memory(s)
BANK0          RD = 122.293 KB             WR = 0.000 KB        

INFO: [SDx-EM 22] [Wall clock time: 00:49, Emulation time: 0.699108 ms] Data transfer between kernel(s) and global memory(s)
BANK0          RD = 131.684 KB             WR = 0.000 KB        

INFO: [SDx-EM 22] [Wall clock time: 00:54, Emulation time: 0.748843 ms] Data transfer between kernel(s) and global memory(s)
BANK0          RD = 141.148 KB             WR = 0.000 KB        

INFO: [SDx-EM 22] [Wall clock time: 00:59, Emulation time: 0.798033 ms] Data transfer between kernel(s) and global memory(s)
BANK0          RD = 150.375 KB             WR = 0.000 KB        

INFO: [SDx-EM 22] [Wall clock time: 01:04, Emulation time: 0.847433 ms] Data transfer between kernel(s) and global memory(s)
BANK0          RD = 159.773 KB             WR = 0.000 KB        

INFO: [SDx-EM 22] [Wall clock time: 01:09, Emulation time: 0.896228 ms] Data transfer between kernel(s) and global memory(s)
BANK0          RD = 169.051 KB             WR = 0.000 KB        

INFO: [SDx-EM 22] [Wall clock time: 01:15, Emulation time: 0.943563 ms] Data transfer between kernel(s) and global memory(s)
BANK0          RD = 178.043 KB             WR = 0.000 KB        

INFO: [SDx-EM 22] [Wall clock time: 01:20, Emulation time: 0.992302 ms] Data transfer between kernel(s) and global memory(s)
BANK0          RD = 187.188 KB             WR = 0.000 KB        

INFO: [SDx-EM 22] [Wall clock time: 01:25, Emulation time: 1.03977 ms] Data transfer between kernel(s) and global memory(s)
BANK0          RD = 196.203 KB             WR = 0.000 KB        

INFO: [SDx-EM 22] [Wall clock time: 01:30, Emulation time: 1.08733 ms] Data transfer between kernel(s) and global memory(s)
BANK0          RD = 205.242 KB             WR = 0.000 KB        

INFO: [SDx-EM 22] [Wall clock time: 01:35, Emulation time: 1.13454 ms] Data transfer between kernel(s) and global memory(s)
BANK0          RD = 214.211 KB             WR = 0.000 KB        

INFO: [SDx-EM 22] [Wall clock time: 01:40, Emulation time: 1.18108 ms] Data transfer between kernel(s) and global memory(s)
BANK0          RD = 223.047 KB             WR = 0.000 KB        

INFO: [SDx-EM 22] [Wall clock time: 01:46, Emulation time: 1.22834 ms] Data transfer between kernel(s) and global memory(s)
BANK0          RD = 231.902 KB             WR = 0.000 KB        

INFO: [SDx-EM 22] [Wall clock time: 01:51, Emulation time: 1.27528 ms] Data transfer between kernel(s) and global memory(s)
BANK0          RD = 240.816 KB             WR = 0.000 KB        

INFO: [SDx-EM 22] [Wall clock time: 01:56, Emulation time: 1.3219 ms] Data transfer between kernel(s) and global memory(s)
BANK0          RD = 249.672 KB             WR = 0.000 KB        

INFO: [SDx-EM 22] [Wall clock time: 02:01, Emulation time: 1.36792 ms] Data transfer between kernel(s) and global memory(s)
BANK0          RD = 258.406 KB             WR = 0.000 KB        

INFO: [SDx-EM 22] [Wall clock time: 02:06, Emulation time: 1.40217 ms] Data transfer between kernel(s) and global memory(s)
BANK0          RD = 433.875 KB             WR = 199.875 KB      

INFO: [SDx-EM 22] [Wall clock time: 02:11, Emulation time: 1.43175 ms] Data transfer between kernel(s) and global memory(s)
BANK0          RD = 612.000 KB             WR = 480.000 KB      

INFO: [SDx-EM 22] [Wall clock time: 02:17, Emulation time: 1.46177 ms] Data transfer between kernel(s) and global memory(s)
BANK0          RD = 804.000 KB             WR = 759.875 KB      

INFO: [SDx-EM 22] [Wall clock time: 02:22, Emulation time: 1.49032 ms] Data transfer between kernel(s) and global memory(s)
BANK0          RD = 980.000 KB             WR = 1025.875 KB     

INFO: [SDx-EM 22] [Wall clock time: 02:27, Emulation time: 1.51939 ms] Data transfer between kernel(s) and global memory(s)
BANK0          RD = 1156.000 KB            WR = 1296.000 KB     

INFO: [SDx-EM 22] [Wall clock time: 02:32, Emulation time: 1.5481 ms] Data transfer between kernel(s) and global memory(s)
BANK0          RD = 1332.000 KB            WR = 1562.000 KB     

INFO: [SDx-EM 22] [Wall clock time: 02:37, Emulation time: 1.57792 ms] Data transfer between kernel(s) and global memory(s)
BANK0          RD = 1524.000 KB            WR = 1840.875 KB     

INFO: [SDx-EM 22] [Wall clock time: 02:42, Emulation time: 1.60732 ms] Data transfer between kernel(s) and global memory(s)
BANK0          RD = 1700.000 KB            WR = 2112.000 KB     

INFO: [SDx-EM 22] [Wall clock time: 02:48, Emulation time: 1.63654 ms] Data transfer between kernel(s) and global memory(s)
BANK0          RD = 1884.875 KB            WR = 2383.875 KB     

INFO: [SDx-EM 22] [Wall clock time: 02:53, Emulation time: 1.66494 ms] Data transfer between kernel(s) and global memory(s)
BANK0          RD = 2060.875 KB            WR = 2647.875 KB     

INFO: [SDx-EM 22] [Wall clock time: 02:58, Emulation time: 1.69399 ms] Data transfer between kernel(s) and global memory(s)
BANK0          RD = 2244.000 KB            WR = 2920.875 KB     

INFO: [SDx-EM 22] [Wall clock time: 03:03, Emulation time: 1.7234 ms] Data transfer between kernel(s) and global memory(s)
BANK0          RD = 2420.000 KB            WR = 3192.000 KB     

INFO: [SDx-EM 22] [Wall clock time: 03:08, Emulation time: 1.75244 ms] Data transfer between kernel(s) and global memory(s)
BANK0          RD = 2602.875 KB            WR = 3462.875 KB     

INFO: [SDx-EM 22] [Wall clock time: 03:13, Emulation time: 1.78094 ms] Data transfer between kernel(s) and global memory(s)
BANK0          RD = 2779.875 KB            WR = 3727.875 KB     

INFO: [SDx-EM 22] [Wall clock time: 03:19, Emulation time: 1.80927 ms] Data transfer between kernel(s) and global memory(s)
BANK0          RD = 2954.875 KB            WR = 3991.875 KB     

