INFO: Found 1 platforms
INFO: Selected platform 0 from Xilinx
INFO: Selected xilinx:adm-pcie-7v3:1ddr:3.0 as the target device
INFO: Loading curved-cosim-unroll32-tile64x256.xclbin
INFO: Found 1 platforms
INFO: Selected platform 0 from Xilinx
INFO: Selected xilinx:adm-pcie-7v3:1ddr:3.0 as the target device
INFO: Loading curved-cosim-unroll32-tile64x256.xclbin
INFO: [SDx-EM 01] Hardware emulation runs detailed simulation underneath. It may take long time for large data set. Please use a small dataset for faster execution. You can still get performance trend for your kernel with smaller dataset.
Info: Emulation mode.
INFO: [SDx-EM 22] [Wall clock time: 23:42, Emulation time: 0.0844075 ms] Data transfer between kernel(s) and global memory(s)
BANK0          RD = 15.281 KB              WR = 0.000 KB        

INFO: [SDx-EM 22] [Wall clock time: 23:47, Emulation time: 0.162913 ms] Data transfer between kernel(s) and global memory(s)
BANK0          RD = 30.109 KB              WR = 0.000 KB        

INFO: [SDx-EM 22] [Wall clock time: 23:52, Emulation time: 0.242688 ms] Data transfer between kernel(s) and global memory(s)
BANK0          RD = 45.188 KB              WR = 0.000 KB        

INFO: [SDx-EM 22] [Wall clock time: 23:57, Emulation time: 0.319933 ms] Data transfer between kernel(s) and global memory(s)
BANK0          RD = 59.895 KB              WR = 0.000 KB        

INFO: [SDx-EM 22] [Wall clock time: 00:02, Emulation time: 0.394593 ms] Data transfer between kernel(s) and global memory(s)
BANK0          RD = 73.973 KB              WR = 0.000 KB        

INFO: [SDx-EM 22] [Wall clock time: 00:07, Emulation time: 0.466658 ms] Data transfer between kernel(s) and global memory(s)
BANK0          RD = 87.672 KB              WR = 0.000 KB        

INFO: [SDx-EM 22] [Wall clock time: 00:13, Emulation time: 0.538517 ms] Data transfer between kernel(s) and global memory(s)
BANK0          RD = 101.328 KB             WR = 0.000 KB        

INFO: [SDx-EM 22] [Wall clock time: 00:18, Emulation time: 0.620188 ms] Data transfer between kernel(s) and global memory(s)
BANK0          RD = 116.773 KB             WR = 0.000 KB        

INFO: [SDx-EM 22] [Wall clock time: 00:23, Emulation time: 0.697028 ms] Data transfer between kernel(s) and global memory(s)
BANK0          RD = 198.875 KB             WR = 4.875 KB        

INFO: [SDx-EM 22] [Wall clock time: 00:28, Emulation time: 0.740778 ms] Data transfer between kernel(s) and global memory(s)
BANK0          RD = 439.875 KB             WR = 343.875 KB      

INFO: [SDx-EM 22] [Wall clock time: 00:33, Emulation time: 0.784698 ms] Data transfer between kernel(s) and global memory(s)
BANK0          RD = 674.000 KB             WR = 696.875 KB      

INFO: [SDx-EM 22] [Wall clock time: 00:38, Emulation time: 0.828628 ms] Data transfer between kernel(s) and global memory(s)
BANK0          RD = 898.000 KB             WR = 1049.875 KB     

INFO: [SDx-EM 22] [Wall clock time: 00:44, Emulation time: 0.871968 ms] Data transfer between kernel(s) and global memory(s)
BANK0          RD = 1124.000 KB            WR = 1394.875 KB     

INFO: [SDx-EM 22] [Wall clock time: 00:49, Emulation time: 0.912063 ms] Data transfer between kernel(s) and global memory(s)
BANK0          RD = 1346.000 KB            WR = 1710.875 KB     

INFO: [SDx-EM 22] [Wall clock time: 00:54, Emulation time: 0.954628 ms] Data transfer between kernel(s) and global memory(s)
BANK0          RD = 1570.000 KB            WR = 2049.875 KB     

INFO: [SDx-EM 22] [Wall clock time: 00:59, Emulation time: 0.996853 ms] Data transfer between kernel(s) and global memory(s)
BANK0          RD = 1794.000 KB            WR = 2384.875 KB     

INFO: [SDx-EM 22] [Wall clock time: 01:04, Emulation time: 1.03726 ms] Data transfer between kernel(s) and global memory(s)
BANK0          RD = 2015.875 KB            WR = 2695.875 KB     

INFO: [SDx-EM 22] [Wall clock time: 01:09, Emulation time: 1.07933 ms] Data transfer between kernel(s) and global memory(s)
BANK0          RD = 2237.875 KB            WR = 3031.875 KB     

INFO: [SDx-EM 22] [Wall clock time: 01:15, Emulation time: 1.12123 ms] Data transfer between kernel(s) and global memory(s)
BANK0          RD = 2456.875 KB            WR = 3367.875 KB     

INFO: [SDx-EM 22] [Wall clock time: 01:20, Emulation time: 1.16215 ms] Data transfer between kernel(s) and global memory(s)
BANK0          RD = 2663.875 KB            WR = 3702.875 KB     

INFO: [SDx-EM 22] [Wall clock time: 01:25, Emulation time: 1.20177 ms] Data transfer between kernel(s) and global memory(s)
BANK0          RD = 2882.000 KB            WR = 4012.875 KB     

INFO: [SDx-EM 22] [Wall clock time: 01:30, Emulation time: 1.24202 ms] Data transfer between kernel(s) and global memory(s)
BANK0          RD = 3096.875 KB            WR = 4327.875 KB     

INFO: [SDx-EM 22] [Wall clock time: 01:35, Emulation time: 1.2841 ms] Data transfer between kernel(s) and global memory(s)
BANK0          RD = 3317.875 KB            WR = 4663.875 KB     

INFO: [SDx-EM 22] [Wall clock time: 01:40, Emulation time: 1.32605 ms] Data transfer between kernel(s) and global memory(s)
BANK0          RD = 3538.875 KB            WR = 4999.875 KB     

INFO: [SDx-EM 22] [Wall clock time: 01:46, Emulation time: 1.36705 ms] Data transfer between kernel(s) and global memory(s)
BANK0          RD = 3747.000 KB            WR = 5330.000 KB     

INFO: [SDx-EM 22] [Wall clock time: 01:51, Emulation time: 1.40658 ms] Data transfer between kernel(s) and global memory(s)
BANK0          RD = 3970.000 KB            WR = 5639.875 KB     

INFO: [SDx-EM 22] [Wall clock time: 01:56, Emulation time: 1.44707 ms] Data transfer between kernel(s) and global memory(s)
BANK0          RD = 4181.875 KB            WR = 5959.875 KB     

INFO: [SDx-EM 22] [Wall clock time: 02:01, Emulation time: 1.48784 ms] Data transfer between kernel(s) and global memory(s)
BANK0          RD = 4387.000 KB            WR = 6290.000 KB     

INFO: [SDx-EM 22] [Wall clock time: 02:06, Emulation time: 1.52772 ms] Data transfer between kernel(s) and global memory(s)
BANK0          RD = 4610.000 KB            WR = 6603.875 KB     

INFO: [SDx-EM 22] [Wall clock time: 02:11, Emulation time: 1.56716 ms] Data transfer between kernel(s) and global memory(s)
BANK0          RD = 4812.875 KB            WR = 6919.875 KB     

INFO: [SDx-EM 22] [Wall clock time: 02:17, Emulation time: 1.60797 ms] Data transfer between kernel(s) and global memory(s)
BANK0          RD = 5026.000 KB            WR = 7245.875 KB     

INFO: [SDx-EM 22] [Wall clock time: 02:22, Emulation time: 1.64989 ms] Data transfer between kernel(s) and global memory(s)
BANK0          RD = 5250.000 KB            WR = 7577.875 KB     

INFO: [SDx-EM 22] [Wall clock time: 02:27, Emulation time: 1.69271 ms] Data transfer between kernel(s) and global memory(s)
BANK0          RD = 5474.000 KB            WR = 7920.000 KB     

INFO: [SDx-EM 22] [Wall clock time: 02:32, Emulation time: 1.73352 ms] Data transfer between kernel(s) and global memory(s)
BANK0          RD = 5698.000 KB            WR = 8240.875 KB     

INFO: [SDx-EM 22] [Wall clock time: 02:37, Emulation time: 1.77316 ms] Data transfer between kernel(s) and global memory(s)
BANK0          RD = 5908.875 KB            WR = 8551.875 KB     

INFO: [SDx-EM 22] [Wall clock time: 02:42, Emulation time: 1.81437 ms] Data transfer between kernel(s) and global memory(s)
BANK0          RD = 6119.875 KB            WR = 8886.875 KB     

INFO: [SDx-EM 22] [Wall clock time: 02:48, Emulation time: 1.855 ms] Data transfer between kernel(s) and global memory(s)
BANK0          RD = 6338.000 KB            WR = 9207.875 KB     

INFO: [SDx-EM 22] [Wall clock time: 02:53, Emulation time: 1.89648 ms] Data transfer between kernel(s) and global memory(s)
BANK0          RD = 6562.000 KB            WR = 9535.875 KB     

INFO: [SDx-EM 22] [Wall clock time: 02:58, Emulation time: 1.93578 ms] Data transfer between kernel(s) and global memory(s)
BANK0          RD = 6767.875 KB            WR = 9847.875 KB     

INFO: [SDx-EM 22] [Wall clock time: 03:03, Emulation time: 1.97536 ms] Data transfer between kernel(s) and global memory(s)
BANK0          RD = 6978.000 KB            WR = 10163.875 KB    

INFO: [SDx-EM 22] [Wall clock time: 03:08, Emulation time: 2.01782 ms] Data transfer between kernel(s) and global memory(s)
BANK0          RD = 7202.000 KB            WR = 10501.875 KB    

INFO: [SDx-EM 22] [Wall clock time: 03:13, Emulation time: 2.05864 ms] Data transfer between kernel(s) and global memory(s)
BANK0          RD = 7426.000 KB            WR = 10822.875 KB    

INFO: [SDx-EM 22] [Wall clock time: 03:19, Emulation time: 2.09899 ms] Data transfer between kernel(s) and global memory(s)
BANK0          RD = 7633.875 KB            WR = 11143.875 KB    

