INFO: Found 1 platforms
INFO: Selected platform 0 from Xilinx
INFO: Selected xilinx:adm-pcie-7v3:1ddr:3.0 as the target device
INFO: Loading edge-cosim-unroll8-tile256x128.xclbin
INFO: Found 1 platforms
INFO: Selected platform 0 from Xilinx
INFO: Selected xilinx:adm-pcie-7v3:1ddr:3.0 as the target device
INFO: Loading edge-cosim-unroll8-tile256x128.xclbin
INFO: [SDx-EM 01] Hardware emulation runs detailed simulation underneath. It may take long time for large data set. Please use a small dataset for faster execution. You can still get performance trend for your kernel with smaller dataset.
host: tile_num_dim0 = 8, tile_num_dim1 = 8
host: var_edge_y_extent_0 = 1998, var_edge_y_extent_1 = 998
host: var_edge_y_min_0 = 0, var_edge_y_min_1 = 0
Info: Emulation mode.
INFO: [SDx-EM 22] [Wall clock time: 13:47, Emulation time: 1.97458 ms] Data transfer between kernel(s) and global memory(s)
BANK0          RD = 96.000 KB              WR = 32.000 KB       

INFO: [SDx-EM 22] [Wall clock time: 13:52, Emulation time: 6.05694 ms] Data transfer between kernel(s) and global memory(s)
BANK0          RD = 192.000 KB             WR = 128.000 KB      

INFO: [SDx-EM 22] [Wall clock time: 13:57, Emulation time: 10.1254 ms] Data transfer between kernel(s) and global memory(s)
BANK0          RD = 288.000 KB             WR = 224.000 KB      

INFO: [SDx-EM 22] [Wall clock time: 14:03, Emulation time: 14.164 ms] Data transfer between kernel(s) and global memory(s)
BANK0          RD = 384.000 KB             WR = 320.000 KB      

INFO: [SDx-EM 22] [Wall clock time: 14:08, Emulation time: 18.2288 ms] Data transfer between kernel(s) and global memory(s)
BANK0          RD = 480.000 KB             WR = 416.000 KB      

INFO: [SDx-EM 22] [Wall clock time: 14:13, Emulation time: 22.3203 ms] Data transfer between kernel(s) and global memory(s)
BANK0          RD = 576.000 KB             WR = 512.000 KB      

INFO: [SDx-EM 22] [Wall clock time: 14:18, Emulation time: 26.459 ms] Data transfer between kernel(s) and global memory(s)
BANK0          RD = 672.000 KB             WR = 608.000 KB      

INFO: [SDx-EM 22] [Wall clock time: 14:23, Emulation time: 30.5142 ms] Data transfer between kernel(s) and global memory(s)
BANK0          RD = 768.000 KB             WR = 704.000 KB      

INFO: [SDx-EM 22] [Wall clock time: 14:28, Emulation time: 34.6306 ms] Data transfer between kernel(s) and global memory(s)
BANK0          RD = 864.000 KB             WR = 800.000 KB      

INFO: [SDx-EM 22] [Wall clock time: 14:34, Emulation time: 38.7375 ms] Data transfer between kernel(s) and global memory(s)
BANK0          RD = 960.000 KB             WR = 896.000 KB      

INFO: [SDx-EM 22] [Wall clock time: 14:39, Emulation time: 42.8173 ms] Data transfer between kernel(s) and global memory(s)
BANK0          RD = 1056.000 KB            WR = 992.000 KB      

INFO: [SDx-EM 22] [Wall clock time: 14:44, Emulation time: 46.9192 ms] Data transfer between kernel(s) and global memory(s)
BANK0          RD = 1152.000 KB            WR = 1088.000 KB     

INFO: [SDx-EM 22] [Wall clock time: 14:49, Emulation time: 50.9835 ms] Data transfer between kernel(s) and global memory(s)
BANK0          RD = 1248.000 KB            WR = 1184.000 KB     

INFO: [SDx-EM 22] [Wall clock time: 14:54, Emulation time: 55.0575 ms] Data transfer between kernel(s) and global memory(s)
BANK0          RD = 1344.000 KB            WR = 1280.000 KB     

INFO: [SDx-EM 22] [Wall clock time: 14:59, Emulation time: 59.1319 ms] Data transfer between kernel(s) and global memory(s)
BANK0          RD = 1440.000 KB            WR = 1376.000 KB     

INFO: [SDx-EM 22] [Wall clock time: 15:05, Emulation time: 63.2749 ms] Data transfer between kernel(s) and global memory(s)
BANK0          RD = 1536.000 KB            WR = 1472.000 KB     

INFO: [SDx-EM 22] [Wall clock time: 15:10, Emulation time: 67.4319 ms] Data transfer between kernel(s) and global memory(s)
BANK0          RD = 1632.000 KB            WR = 1568.000 KB     

INFO: [SDx-EM 22] [Wall clock time: 15:15, Emulation time: 71.5142 ms] Data transfer between kernel(s) and global memory(s)
BANK0          RD = 1728.000 KB            WR = 1664.000 KB     

INFO: [SDx-EM 22] [Wall clock time: 15:20, Emulation time: 75.58 ms] Data transfer between kernel(s) and global memory(s)
BANK0          RD = 1824.000 KB            WR = 1760.000 KB     

INFO: [SDx-EM 22] [Wall clock time: 15:25, Emulation time: 79.7162 ms] Data transfer between kernel(s) and global memory(s)
BANK0          RD = 1920.000 KB            WR = 1856.000 KB     

INFO: [SDx-EM 22] [Wall clock time: 15:30, Emulation time: 83.8119 ms] Data transfer between kernel(s) and global memory(s)
BANK0          RD = 2016.000 KB            WR = 1952.000 KB     

INFO: [SDx-EM 22] [Wall clock time: 15:36, Emulation time: 87.8584 ms] Data transfer between kernel(s) and global memory(s)
BANK0          RD = 2048.000 KB            WR = 2016.000 KB     

PCIe write time: 2846.100000 us
Kernel run time: 6824836317.241000 us
PCIe read  time: 18584.536000 us
Total run  time: 6824857789.640000 us
Kernel runtime: 6827805808.552000 us
INFO: [SDx-EM 22] [Wall clock time: 15:36, Emulation time: 87.921 ms] Data transfer between kernel(s) and global memory(s)
BANK0          RD = 2048.000 KB            WR = 2048.000 KB     

