INFO: Found 1 platforms
INFO: Selected platform 0 from Xilinx
INFO: Selected xilinx:adm-pcie-7v3:1ddr:3.0 as the target device
INFO: Loading edge-cosim-unroll1-tile256x128.xclbin
INFO: Found 1 platforms
INFO: Selected platform 0 from Xilinx
INFO: Selected xilinx:adm-pcie-7v3:1ddr:3.0 as the target device
INFO: Loading edge-cosim-unroll1-tile256x128.xclbin
INFO: [SDx-EM 01] Hardware emulation runs detailed simulation underneath. It may take long time for large data set. Please use a small dataset for faster execution. You can still get performance trend for your kernel with smaller dataset.
host: tile_num_dim0 = 8, tile_num_dim1 = 8
host: var_edge_y_extent_0 = 1998, var_edge_y_extent_1 = 998
host: var_edge_y_min_0 = 0, var_edge_y_min_1 = 0
Info: Emulation mode.
INFO: [SDx-EM 22] [Wall clock time: 13:47, Emulation time: 2.40086 ms] Data transfer between kernel(s) and global memory(s)
BANK0          RD = 64.000 KB              WR = 0.000 KB        

INFO: [SDx-EM 22] [Wall clock time: 13:52, Emulation time: 6.58364 ms] Data transfer between kernel(s) and global memory(s)
BANK0          RD = 64.000 KB              WR = 0.000 KB        

INFO: [SDx-EM 22] [Wall clock time: 13:57, Emulation time: 10.7706 ms] Data transfer between kernel(s) and global memory(s)
BANK0          RD = 64.000 KB              WR = 0.000 KB        

INFO: [SDx-EM 22] [Wall clock time: 14:03, Emulation time: 14.9497 ms] Data transfer between kernel(s) and global memory(s)
BANK0          RD = 64.000 KB              WR = 0.000 KB        

INFO: [SDx-EM 22] [Wall clock time: 14:08, Emulation time: 19.1368 ms] Data transfer between kernel(s) and global memory(s)
BANK0          RD = 64.000 KB              WR = 0.000 KB        

INFO: [SDx-EM 22] [Wall clock time: 14:13, Emulation time: 23.3163 ms] Data transfer between kernel(s) and global memory(s)
BANK0          RD = 64.000 KB              WR = 0.000 KB        

INFO: [SDx-EM 22] [Wall clock time: 14:18, Emulation time: 27.4999 ms] Data transfer between kernel(s) and global memory(s)
BANK0          RD = 64.000 KB              WR = 0.000 KB        

INFO: [SDx-EM 22] [Wall clock time: 14:23, Emulation time: 31.6829 ms] Data transfer between kernel(s) and global memory(s)
BANK0          RD = 64.000 KB              WR = 0.000 KB        

INFO: [SDx-EM 22] [Wall clock time: 14:28, Emulation time: 35.8688 ms] Data transfer between kernel(s) and global memory(s)
BANK0          RD = 64.000 KB              WR = 0.000 KB        

INFO: [SDx-EM 22] [Wall clock time: 14:34, Emulation time: 40.054 ms] Data transfer between kernel(s) and global memory(s)
BANK0          RD = 64.000 KB              WR = 0.000 KB        

INFO: [SDx-EM 22] [Wall clock time: 14:39, Emulation time: 44.2368 ms] Data transfer between kernel(s) and global memory(s)
BANK0          RD = 64.000 KB              WR = 0.000 KB        

INFO: [SDx-EM 22] [Wall clock time: 14:44, Emulation time: 48.4231 ms] Data transfer between kernel(s) and global memory(s)
BANK0          RD = 64.000 KB              WR = 0.000 KB        

INFO: [SDx-EM 22] [Wall clock time: 14:49, Emulation time: 52.6071 ms] Data transfer between kernel(s) and global memory(s)
BANK0          RD = 64.000 KB              WR = 0.000 KB        

INFO: [SDx-EM 22] [Wall clock time: 14:54, Emulation time: 56.7934 ms] Data transfer between kernel(s) and global memory(s)
BANK0          RD = 64.000 KB              WR = 0.000 KB        

INFO: [SDx-EM 22] [Wall clock time: 14:59, Emulation time: 60.979 ms] Data transfer between kernel(s) and global memory(s)
BANK0          RD = 64.000 KB              WR = 0.000 KB        

INFO: [SDx-EM 22] [Wall clock time: 15:05, Emulation time: 65.161 ms] Data transfer between kernel(s) and global memory(s)
BANK0          RD = 64.000 KB              WR = 0.000 KB        

INFO: [SDx-EM 22] [Wall clock time: 15:10, Emulation time: 69.3514 ms] Data transfer between kernel(s) and global memory(s)
BANK0          RD = 64.000 KB              WR = 0.000 KB        

INFO: [SDx-EM 22] [Wall clock time: 15:15, Emulation time: 73.5352 ms] Data transfer between kernel(s) and global memory(s)
BANK0          RD = 64.000 KB              WR = 0.000 KB        

INFO: [SDx-EM 22] [Wall clock time: 15:20, Emulation time: 77.7175 ms] Data transfer between kernel(s) and global memory(s)
BANK0          RD = 64.000 KB              WR = 0.000 KB        

INFO: [SDx-EM 22] [Wall clock time: 15:25, Emulation time: 81.8978 ms] Data transfer between kernel(s) and global memory(s)
BANK0          RD = 64.000 KB              WR = 0.000 KB        

INFO: [SDx-EM 22] [Wall clock time: 15:30, Emulation time: 86.0855 ms] Data transfer between kernel(s) and global memory(s)
BANK0          RD = 64.000 KB              WR = 0.000 KB        

INFO: [SDx-EM 22] [Wall clock time: 15:36, Emulation time: 90.2374 ms] Data transfer between kernel(s) and global memory(s)
BANK0          RD = 96.000 KB              WR = 32.000 KB       

INFO: [SDx-EM 22] [Wall clock time: 15:41, Emulation time: 94.4356 ms] Data transfer between kernel(s) and global memory(s)
BANK0          RD = 96.000 KB              WR = 32.000 KB       

INFO: [SDx-EM 22] [Wall clock time: 15:46, Emulation time: 98.5218 ms] Data transfer between kernel(s) and global memory(s)
BANK0          RD = 96.000 KB              WR = 32.000 KB       

INFO: [SDx-EM 22] [Wall clock time: 15:51, Emulation time: 102.617 ms] Data transfer between kernel(s) and global memory(s)
BANK0          RD = 96.000 KB              WR = 32.000 KB       

INFO: [SDx-EM 22] [Wall clock time: 15:56, Emulation time: 106.751 ms] Data transfer between kernel(s) and global memory(s)
BANK0          RD = 96.000 KB              WR = 32.000 KB       

INFO: [SDx-EM 22] [Wall clock time: 16:01, Emulation time: 110.895 ms] Data transfer between kernel(s) and global memory(s)
BANK0          RD = 96.000 KB              WR = 32.000 KB       

INFO: [SDx-EM 22] [Wall clock time: 16:07, Emulation time: 115.09 ms] Data transfer between kernel(s) and global memory(s)
BANK0          RD = 96.000 KB              WR = 32.000 KB       

INFO: [SDx-EM 22] [Wall clock time: 16:12, Emulation time: 119.236 ms] Data transfer between kernel(s) and global memory(s)
BANK0          RD = 96.000 KB              WR = 32.000 KB       

INFO: [SDx-EM 22] [Wall clock time: 16:17, Emulation time: 123.403 ms] Data transfer between kernel(s) and global memory(s)
BANK0          RD = 96.000 KB              WR = 32.000 KB       

INFO: [SDx-EM 22] [Wall clock time: 16:22, Emulation time: 127.542 ms] Data transfer between kernel(s) and global memory(s)
BANK0          RD = 96.000 KB              WR = 32.000 KB       

INFO: [SDx-EM 22] [Wall clock time: 16:27, Emulation time: 131.628 ms] Data transfer between kernel(s) and global memory(s)
BANK0          RD = 96.000 KB              WR = 32.000 KB       

INFO: [SDx-EM 22] [Wall clock time: 16:32, Emulation time: 135.757 ms] Data transfer between kernel(s) and global memory(s)
BANK0          RD = 96.000 KB              WR = 32.000 KB       

INFO: [SDx-EM 22] [Wall clock time: 16:38, Emulation time: 139.876 ms] Data transfer between kernel(s) and global memory(s)
BANK0          RD = 96.000 KB              WR = 32.000 KB       

INFO: [SDx-EM 22] [Wall clock time: 16:43, Emulation time: 143.983 ms] Data transfer between kernel(s) and global memory(s)
BANK0          RD = 96.000 KB              WR = 32.000 KB       

INFO: [SDx-EM 22] [Wall clock time: 16:48, Emulation time: 148.099 ms] Data transfer between kernel(s) and global memory(s)
BANK0          RD = 96.000 KB              WR = 32.000 KB       

INFO: [SDx-EM 22] [Wall clock time: 16:53, Emulation time: 152.226 ms] Data transfer between kernel(s) and global memory(s)
BANK0          RD = 96.000 KB              WR = 32.000 KB       

INFO: [SDx-EM 22] [Wall clock time: 16:58, Emulation time: 156.385 ms] Data transfer between kernel(s) and global memory(s)
BANK0          RD = 96.000 KB              WR = 32.000 KB       

INFO: [SDx-EM 22] [Wall clock time: 17:03, Emulation time: 160.501 ms] Data transfer between kernel(s) and global memory(s)
BANK0          RD = 96.000 KB              WR = 32.000 KB       

INFO: [SDx-EM 22] [Wall clock time: 17:09, Emulation time: 164.596 ms] Data transfer between kernel(s) and global memory(s)
BANK0          RD = 96.000 KB              WR = 32.000 KB       

INFO: [SDx-EM 22] [Wall clock time: 17:14, Emulation time: 168.714 ms] Data transfer between kernel(s) and global memory(s)
BANK0          RD = 96.000 KB              WR = 32.000 KB       

INFO: [SDx-EM 22] [Wall clock time: 17:19, Emulation time: 172.811 ms] Data transfer between kernel(s) and global memory(s)
BANK0          RD = 96.000 KB              WR = 32.000 KB       

INFO: [SDx-EM 22] [Wall clock time: 17:24, Emulation time: 176.928 ms] Data transfer between kernel(s) and global memory(s)
BANK0          RD = 128.000 KB             WR = 64.000 KB       

INFO: [SDx-EM 22] [Wall clock time: 17:29, Emulation time: 181.092 ms] Data transfer between kernel(s) and global memory(s)
BANK0          RD = 128.000 KB             WR = 64.000 KB       

INFO: [SDx-EM 22] [Wall clock time: 17:34, Emulation time: 185.204 ms] Data transfer between kernel(s) and global memory(s)
BANK0          RD = 128.000 KB             WR = 64.000 KB       

INFO: [SDx-EM 22] [Wall clock time: 17:40, Emulation time: 189.313 ms] Data transfer between kernel(s) and global memory(s)
BANK0          RD = 128.000 KB             WR = 64.000 KB       

INFO: [SDx-EM 22] [Wall clock time: 17:45, Emulation time: 193.427 ms] Data transfer between kernel(s) and global memory(s)
BANK0          RD = 128.000 KB             WR = 64.000 KB       

INFO: [SDx-EM 22] [Wall clock time: 17:50, Emulation time: 197.528 ms] Data transfer between kernel(s) and global memory(s)
BANK0          RD = 128.000 KB             WR = 64.000 KB       

INFO: [SDx-EM 22] [Wall clock time: 17:55, Emulation time: 201.648 ms] Data transfer between kernel(s) and global memory(s)
BANK0          RD = 128.000 KB             WR = 64.000 KB       

INFO: [SDx-EM 22] [Wall clock time: 18:00, Emulation time: 205.775 ms] Data transfer between kernel(s) and global memory(s)
BANK0          RD = 128.000 KB             WR = 64.000 KB       

INFO: [SDx-EM 22] [Wall clock time: 18:05, Emulation time: 209.867 ms] Data transfer between kernel(s) and global memory(s)
BANK0          RD = 128.000 KB             WR = 64.000 KB       

INFO: [SDx-EM 22] [Wall clock time: 18:11, Emulation time: 213.955 ms] Data transfer between kernel(s) and global memory(s)
BANK0          RD = 128.000 KB             WR = 64.000 KB       

INFO: [SDx-EM 22] [Wall clock time: 18:16, Emulation time: 218.056 ms] Data transfer between kernel(s) and global memory(s)
BANK0          RD = 128.000 KB             WR = 64.000 KB       

INFO: [SDx-EM 22] [Wall clock time: 18:21, Emulation time: 222.164 ms] Data transfer between kernel(s) and global memory(s)
BANK0          RD = 128.000 KB             WR = 64.000 KB       

INFO: [SDx-EM 22] [Wall clock time: 18:26, Emulation time: 226.272 ms] Data transfer between kernel(s) and global memory(s)
BANK0          RD = 128.000 KB             WR = 64.000 KB       

INFO: [SDx-EM 22] [Wall clock time: 18:31, Emulation time: 230.4 ms] Data transfer between kernel(s) and global memory(s)
BANK0          RD = 128.000 KB             WR = 64.000 KB       

INFO: [SDx-EM 22] [Wall clock time: 18:36, Emulation time: 234.498 ms] Data transfer between kernel(s) and global memory(s)
BANK0          RD = 128.000 KB             WR = 64.000 KB       

INFO: [SDx-EM 22] [Wall clock time: 18:42, Emulation time: 238.594 ms] Data transfer between kernel(s) and global memory(s)
BANK0          RD = 128.000 KB             WR = 64.000 KB       

INFO: [SDx-EM 22] [Wall clock time: 18:47, Emulation time: 242.685 ms] Data transfer between kernel(s) and global memory(s)
BANK0          RD = 128.000 KB             WR = 64.000 KB       

INFO: [SDx-EM 22] [Wall clock time: 18:52, Emulation time: 246.804 ms] Data transfer between kernel(s) and global memory(s)
BANK0          RD = 128.000 KB             WR = 64.000 KB       

INFO: [SDx-EM 22] [Wall clock time: 18:57, Emulation time: 250.945 ms] Data transfer between kernel(s) and global memory(s)
BANK0          RD = 128.000 KB             WR = 64.000 KB       

INFO: [SDx-EM 22] [Wall clock time: 19:02, Emulation time: 255.049 ms] Data transfer between kernel(s) and global memory(s)
BANK0          RD = 128.000 KB             WR = 64.000 KB       

INFO: [SDx-EM 22] [Wall clock time: 19:07, Emulation time: 259.206 ms] Data transfer between kernel(s) and global memory(s)
BANK0          RD = 128.000 KB             WR = 64.000 KB       

INFO: [SDx-EM 22] [Wall clock time: 19:13, Emulation time: 263.365 ms] Data transfer between kernel(s) and global memory(s)
BANK0          RD = 160.000 KB             WR = 96.000 KB       

INFO: [SDx-EM 22] [Wall clock time: 19:18, Emulation time: 267.508 ms] Data transfer between kernel(s) and global memory(s)
BANK0          RD = 160.000 KB             WR = 96.000 KB       

INFO: [SDx-EM 22] [Wall clock time: 19:23, Emulation time: 271.616 ms] Data transfer between kernel(s) and global memory(s)
BANK0          RD = 160.000 KB             WR = 96.000 KB       

INFO: [SDx-EM 22] [Wall clock time: 19:28, Emulation time: 275.763 ms] Data transfer between kernel(s) and global memory(s)
BANK0          RD = 160.000 KB             WR = 96.000 KB       

INFO: [SDx-EM 22] [Wall clock time: 19:33, Emulation time: 279.902 ms] Data transfer between kernel(s) and global memory(s)
BANK0          RD = 160.000 KB             WR = 96.000 KB       

INFO: [SDx-EM 22] [Wall clock time: 19:38, Emulation time: 284.055 ms] Data transfer between kernel(s) and global memory(s)
BANK0          RD = 160.000 KB             WR = 96.000 KB       

INFO: [SDx-EM 22] [Wall clock time: 19:44, Emulation time: 288.148 ms] Data transfer between kernel(s) and global memory(s)
BANK0          RD = 160.000 KB             WR = 96.000 KB       

INFO: [SDx-EM 22] [Wall clock time: 19:49, Emulation time: 292.243 ms] Data transfer between kernel(s) and global memory(s)
BANK0          RD = 160.000 KB             WR = 96.000 KB       

INFO: [SDx-EM 22] [Wall clock time: 19:54, Emulation time: 296.332 ms] Data transfer between kernel(s) and global memory(s)
BANK0          RD = 160.000 KB             WR = 96.000 KB       

INFO: [SDx-EM 22] [Wall clock time: 19:59, Emulation time: 300.445 ms] Data transfer between kernel(s) and global memory(s)
BANK0          RD = 160.000 KB             WR = 96.000 KB       

INFO: [SDx-EM 22] [Wall clock time: 20:04, Emulation time: 304.538 ms] Data transfer between kernel(s) and global memory(s)
BANK0          RD = 160.000 KB             WR = 96.000 KB       

INFO: [SDx-EM 22] [Wall clock time: 20:09, Emulation time: 308.635 ms] Data transfer between kernel(s) and global memory(s)
BANK0          RD = 160.000 KB             WR = 96.000 KB       

INFO: [SDx-EM 22] [Wall clock time: 20:15, Emulation time: 312.735 ms] Data transfer between kernel(s) and global memory(s)
BANK0          RD = 160.000 KB             WR = 96.000 KB       

INFO: [SDx-EM 22] [Wall clock time: 20:20, Emulation time: 316.848 ms] Data transfer between kernel(s) and global memory(s)
BANK0          RD = 160.000 KB             WR = 96.000 KB       

INFO: [SDx-EM 22] [Wall clock time: 20:25, Emulation time: 320.938 ms] Data transfer between kernel(s) and global memory(s)
BANK0          RD = 160.000 KB             WR = 96.000 KB       

INFO: [SDx-EM 22] [Wall clock time: 20:30, Emulation time: 325.039 ms] Data transfer between kernel(s) and global memory(s)
BANK0          RD = 160.000 KB             WR = 96.000 KB       

INFO: [SDx-EM 22] [Wall clock time: 20:35, Emulation time: 329.182 ms] Data transfer between kernel(s) and global memory(s)
BANK0          RD = 160.000 KB             WR = 96.000 KB       

INFO: [SDx-EM 22] [Wall clock time: 20:40, Emulation time: 333.302 ms] Data transfer between kernel(s) and global memory(s)
BANK0          RD = 160.000 KB             WR = 96.000 KB       

INFO: [SDx-EM 22] [Wall clock time: 20:46, Emulation time: 337.442 ms] Data transfer between kernel(s) and global memory(s)
BANK0          RD = 160.000 KB             WR = 96.000 KB       

INFO: [SDx-EM 22] [Wall clock time: 20:51, Emulation time: 341.58 ms] Data transfer between kernel(s) and global memory(s)
BANK0          RD = 160.000 KB             WR = 96.000 KB       

INFO: [SDx-EM 22] [Wall clock time: 20:56, Emulation time: 345.69 ms] Data transfer between kernel(s) and global memory(s)
BANK0          RD = 160.000 KB             WR = 96.000 KB       

INFO: [SDx-EM 22] [Wall clock time: 21:01, Emulation time: 349.802 ms] Data transfer between kernel(s) and global memory(s)
BANK0          RD = 192.000 KB             WR = 128.000 KB      

INFO: [SDx-EM 22] [Wall clock time: 21:06, Emulation time: 353.895 ms] Data transfer between kernel(s) and global memory(s)
BANK0          RD = 192.000 KB             WR = 128.000 KB      

INFO: [SDx-EM 22] [Wall clock time: 21:11, Emulation time: 357.985 ms] Data transfer between kernel(s) and global memory(s)
BANK0          RD = 192.000 KB             WR = 128.000 KB      

INFO: [SDx-EM 22] [Wall clock time: 21:17, Emulation time: 362.102 ms] Data transfer between kernel(s) and global memory(s)
BANK0          RD = 192.000 KB             WR = 128.000 KB      

INFO: [SDx-EM 22] [Wall clock time: 21:22, Emulation time: 366.272 ms] Data transfer between kernel(s) and global memory(s)
BANK0          RD = 192.000 KB             WR = 128.000 KB      

INFO: [SDx-EM 22] [Wall clock time: 21:27, Emulation time: 370.384 ms] Data transfer between kernel(s) and global memory(s)
BANK0          RD = 192.000 KB             WR = 128.000 KB      

INFO: [SDx-EM 22] [Wall clock time: 21:32, Emulation time: 374.477 ms] Data transfer between kernel(s) and global memory(s)
BANK0          RD = 192.000 KB             WR = 128.000 KB      

INFO: [SDx-EM 22] [Wall clock time: 21:37, Emulation time: 378.566 ms] Data transfer between kernel(s) and global memory(s)
BANK0          RD = 192.000 KB             WR = 128.000 KB      

INFO: [SDx-EM 22] [Wall clock time: 21:42, Emulation time: 382.665 ms] Data transfer between kernel(s) and global memory(s)
BANK0          RD = 192.000 KB             WR = 128.000 KB      

INFO: [SDx-EM 22] [Wall clock time: 21:48, Emulation time: 386.786 ms] Data transfer between kernel(s) and global memory(s)
BANK0          RD = 192.000 KB             WR = 128.000 KB      

INFO: [SDx-EM 22] [Wall clock time: 21:53, Emulation time: 390.875 ms] Data transfer between kernel(s) and global memory(s)
BANK0          RD = 192.000 KB             WR = 128.000 KB      

INFO: [SDx-EM 22] [Wall clock time: 21:58, Emulation time: 394.99 ms] Data transfer between kernel(s) and global memory(s)
BANK0          RD = 192.000 KB             WR = 128.000 KB      

INFO: [SDx-EM 22] [Wall clock time: 22:03, Emulation time: 399.122 ms] Data transfer between kernel(s) and global memory(s)
BANK0          RD = 192.000 KB             WR = 128.000 KB      

INFO: [SDx-EM 22] [Wall clock time: 22:08, Emulation time: 403.227 ms] Data transfer between kernel(s) and global memory(s)
BANK0          RD = 192.000 KB             WR = 128.000 KB      

INFO: [SDx-EM 22] [Wall clock time: 22:13, Emulation time: 407.385 ms] Data transfer between kernel(s) and global memory(s)
BANK0          RD = 192.000 KB             WR = 128.000 KB      

INFO: [SDx-EM 22] [Wall clock time: 22:19, Emulation time: 411.497 ms] Data transfer between kernel(s) and global memory(s)
BANK0          RD = 192.000 KB             WR = 128.000 KB      

INFO: [SDx-EM 22] [Wall clock time: 22:24, Emulation time: 415.625 ms] Data transfer between kernel(s) and global memory(s)
BANK0          RD = 192.000 KB             WR = 128.000 KB      

