INFO: Found 1 platforms
INFO: Selected platform 0 from Xilinx
INFO: Selected xilinx:adm-pcie-7v3:1ddr:3.0 as the target device
INFO: Loading edge-cosim-unroll8-tile256x64.xclbin
INFO: Found 1 platforms
INFO: Selected platform 0 from Xilinx
INFO: Selected xilinx:adm-pcie-7v3:1ddr:3.0 as the target device
INFO: Loading edge-cosim-unroll8-tile256x64.xclbin
INFO: [SDx-EM 01] Hardware emulation runs detailed simulation underneath. It may take long time for large data set. Please use a small dataset for faster execution. You can still get performance trend for your kernel with smaller dataset.
host: tile_num_dim0 = 8, tile_num_dim1 = 17
host: var_edge_y_extent_0 = 1998, var_edge_y_extent_1 = 998
host: var_edge_y_min_0 = 0, var_edge_y_min_1 = 0
Info: Emulation mode.
INFO: [SDx-EM 22] [Wall clock time: 13:47, Emulation time: 1.69849 ms] Data transfer between kernel(s) and global memory(s)
BANK0          RD = 64.000 KB              WR = 32.000 KB       

INFO: [SDx-EM 22] [Wall clock time: 13:52, Emulation time: 5.76157 ms] Data transfer between kernel(s) and global memory(s)
BANK0          RD = 160.000 KB             WR = 128.000 KB      

INFO: [SDx-EM 22] [Wall clock time: 13:57, Emulation time: 9.85985 ms] Data transfer between kernel(s) and global memory(s)
BANK0          RD = 256.000 KB             WR = 224.000 KB      

INFO: [SDx-EM 22] [Wall clock time: 14:03, Emulation time: 13.9375 ms] Data transfer between kernel(s) and global memory(s)
BANK0          RD = 336.000 KB             WR = 304.000 KB      

INFO: [SDx-EM 22] [Wall clock time: 14:08, Emulation time: 17.9803 ms] Data transfer between kernel(s) and global memory(s)
BANK0          RD = 432.000 KB             WR = 400.000 KB      

INFO: [SDx-EM 22] [Wall clock time: 14:13, Emulation time: 21.9459 ms] Data transfer between kernel(s) and global memory(s)
BANK0          RD = 528.000 KB             WR = 496.000 KB      

INFO: [SDx-EM 22] [Wall clock time: 14:18, Emulation time: 26.0486 ms] Data transfer between kernel(s) and global memory(s)
BANK0          RD = 624.000 KB             WR = 592.000 KB      

INFO: [SDx-EM 22] [Wall clock time: 14:23, Emulation time: 30.1238 ms] Data transfer between kernel(s) and global memory(s)
BANK0          RD = 720.000 KB             WR = 688.000 KB      

INFO: [SDx-EM 22] [Wall clock time: 14:28, Emulation time: 34.1192 ms] Data transfer between kernel(s) and global memory(s)
BANK0          RD = 800.000 KB             WR = 768.000 KB      

INFO: [SDx-EM 22] [Wall clock time: 14:34, Emulation time: 38.1936 ms] Data transfer between kernel(s) and global memory(s)
BANK0          RD = 896.000 KB             WR = 864.000 KB      

INFO: [SDx-EM 22] [Wall clock time: 14:39, Emulation time: 42.3109 ms] Data transfer between kernel(s) and global memory(s)
BANK0          RD = 992.000 KB             WR = 960.000 KB      

INFO: [SDx-EM 22] [Wall clock time: 14:44, Emulation time: 46.415 ms] Data transfer between kernel(s) and global memory(s)
BANK0          RD = 1088.000 KB            WR = 1056.000 KB     

INFO: [SDx-EM 22] [Wall clock time: 14:49, Emulation time: 50.4759 ms] Data transfer between kernel(s) and global memory(s)
BANK0          RD = 1184.000 KB            WR = 1152.000 KB     

INFO: [SDx-EM 22] [Wall clock time: 14:54, Emulation time: 54.5476 ms] Data transfer between kernel(s) and global memory(s)
BANK0          RD = 1280.000 KB            WR = 1248.000 KB     

INFO: [SDx-EM 22] [Wall clock time: 14:59, Emulation time: 58.653 ms] Data transfer between kernel(s) and global memory(s)
BANK0          RD = 1376.000 KB            WR = 1344.000 KB     

INFO: [SDx-EM 22] [Wall clock time: 15:05, Emulation time: 62.7154 ms] Data transfer between kernel(s) and global memory(s)
BANK0          RD = 1456.000 KB            WR = 1424.000 KB     

INFO: [SDx-EM 22] [Wall clock time: 15:10, Emulation time: 66.8507 ms] Data transfer between kernel(s) and global memory(s)
BANK0          RD = 1552.000 KB            WR = 1520.000 KB     

INFO: [SDx-EM 22] [Wall clock time: 15:15, Emulation time: 70.985 ms] Data transfer between kernel(s) and global memory(s)
BANK0          RD = 1648.000 KB            WR = 1616.000 KB     

INFO: [SDx-EM 22] [Wall clock time: 15:20, Emulation time: 75.0626 ms] Data transfer between kernel(s) and global memory(s)
BANK0          RD = 1744.000 KB            WR = 1712.000 KB     

INFO: [SDx-EM 22] [Wall clock time: 15:25, Emulation time: 79.0779 ms] Data transfer between kernel(s) and global memory(s)
BANK0          RD = 1840.000 KB            WR = 1808.000 KB     

INFO: [SDx-EM 22] [Wall clock time: 15:30, Emulation time: 83.1535 ms] Data transfer between kernel(s) and global memory(s)
BANK0          RD = 1936.000 KB            WR = 1904.000 KB     

INFO: [SDx-EM 22] [Wall clock time: 15:36, Emulation time: 87.2928 ms] Data transfer between kernel(s) and global memory(s)
BANK0          RD = 2032.000 KB            WR = 2000.000 KB     

INFO: [SDx-EM 22] [Wall clock time: 15:41, Emulation time: 91.4357 ms] Data transfer between kernel(s) and global memory(s)
BANK0          RD = 2128.000 KB            WR = 2096.000 KB     

PCIe write time: 8286.553000 us
Kernel run time: 7386001059.806000 us
PCIe read  time: 19349.105000 us
Total run  time: 7386028755.680000 us
Kernel runtime: 7388981605.846000 us
INFO: [SDx-EM 22] [Wall clock time: 15:45, Emulation time: 94.8754 ms] Data transfer between kernel(s) and global memory(s)
BANK0          RD = 2176.000 KB            WR = 2176.000 KB     

