INFO: Found 1 platforms
INFO: Selected platform 0 from Xilinx
INFO: Selected xilinx:adm-pcie-7v3:1ddr:3.0 as the target device
INFO: Loading edge-cosim-unroll8-tile64x64.xclbin
INFO: Found 1 platforms
INFO: Selected platform 0 from Xilinx
INFO: Selected xilinx:adm-pcie-7v3:1ddr:3.0 as the target device
INFO: Loading edge-cosim-unroll8-tile64x64.xclbin
INFO: [SDx-EM 01] Hardware emulation runs detailed simulation underneath. It may take long time for large data set. Please use a small dataset for faster execution. You can still get performance trend for your kernel with smaller dataset.
host: tile_num_dim0 = 33, tile_num_dim1 = 17
host: var_edge_y_extent_0 = 1998, var_edge_y_extent_1 = 998
host: var_edge_y_min_0 = 0, var_edge_y_min_1 = 0
Info: Emulation mode.
PCIe write time: 6674.233000 us
Kernel run time: 295756359.852000 us
PCIe read  time: 20796.844000 us
Total run  time: 295783870.093000 us
Kernel runtime: 298737814.879000 us
INFO: [SDx-EM 22] [Wall clock time: 13:47, Emulation time: 1.61472 ms] Data transfer between kernel(s) and global memory(s)
BANK0          RD = 2244.000 KB            WR = 2244.000 KB     

