INFO: Found 1 platforms
INFO: Selected platform 0 from Xilinx
INFO: Selected xilinx:adm-pcie-7v3:1ddr:3.0 as the target device
INFO: Loading edge-cosim-unroll16-tile64x128.xclbin
INFO: Found 1 platforms
INFO: Selected platform 0 from Xilinx
INFO: Selected xilinx:adm-pcie-7v3:1ddr:3.0 as the target device
INFO: Loading edge-cosim-unroll16-tile64x128.xclbin
INFO: [SDx-EM 01] Hardware emulation runs detailed simulation underneath. It may take long time for large data set. Please use a small dataset for faster execution. You can still get performance trend for your kernel with smaller dataset.
host: tile_num_dim0 = 33, tile_num_dim1 = 8
host: var_edge_y_extent_0 = 1998, var_edge_y_extent_1 = 998
host: var_edge_y_min_0 = 0, var_edge_y_min_1 = 0
Info: Emulation mode.
PCIe write time: 8291.204000 us
Kernel run time: 267329344.198000 us
PCIe read  time: 20122.102000 us
Total run  time: 267357796.895000 us
Kernel runtime: 270344638.567000 us
INFO: [SDx-EM 22] [Wall clock time: 13:46, Emulation time: 0.753613 ms] Data transfer between kernel(s) and global memory(s)
BANK0          RD = 2112.000 KB            WR = 2112.000 KB     

