INFO: Found 1 platforms
INFO: Selected platform 0 from Xilinx
INFO: Selected xilinx:adm-pcie-7v3:1ddr:3.0 as the target device
INFO: Loading edge-cosim-unroll1-tile64x64.xclbin
INFO: Found 1 platforms
INFO: Selected platform 0 from Xilinx
INFO: Selected xilinx:adm-pcie-7v3:1ddr:3.0 as the target device
INFO: Loading edge-cosim-unroll1-tile64x64.xclbin
INFO: [SDx-EM 01] Hardware emulation runs detailed simulation underneath. It may take long time for large data set. Please use a small dataset for faster execution. You can still get performance trend for your kernel with smaller dataset.
host: tile_num_dim0 = 33, tile_num_dim1 = 17
host: var_edge_y_extent_0 = 1998, var_edge_y_extent_1 = 998
host: var_edge_y_min_0 = 0, var_edge_y_min_1 = 0
Info: Emulation mode.
INFO: [SDx-EM 22] [Wall clock time: 13:47, Emulation time: 4.15023 ms] Data transfer between kernel(s) and global memory(s)
BANK0          RD = 12.000 KB              WR = 4.000 KB        

INFO: [SDx-EM 22] [Wall clock time: 13:52, Emulation time: 9.13296 ms] Data transfer between kernel(s) and global memory(s)
BANK0          RD = 20.000 KB              WR = 12.000 KB       

INFO: [SDx-EM 22] [Wall clock time: 13:57, Emulation time: 14.1383 ms] Data transfer between kernel(s) and global memory(s)
BANK0          RD = 28.000 KB              WR = 20.000 KB       

INFO: [SDx-EM 22] [Wall clock time: 14:03, Emulation time: 19.1388 ms] Data transfer between kernel(s) and global memory(s)
BANK0          RD = 32.000 KB              WR = 24.000 KB       

INFO: [SDx-EM 22] [Wall clock time: 14:08, Emulation time: 24.1606 ms] Data transfer between kernel(s) and global memory(s)
BANK0          RD = 40.000 KB              WR = 32.000 KB       

INFO: [SDx-EM 22] [Wall clock time: 14:13, Emulation time: 29.1694 ms] Data transfer between kernel(s) and global memory(s)
BANK0          RD = 48.000 KB              WR = 40.000 KB       

INFO: [SDx-EM 22] [Wall clock time: 14:18, Emulation time: 34.1953 ms] Data transfer between kernel(s) and global memory(s)
BANK0          RD = 56.000 KB              WR = 48.000 KB       

INFO: [SDx-EM 22] [Wall clock time: 14:23, Emulation time: 39.2031 ms] Data transfer between kernel(s) and global memory(s)
BANK0          RD = 64.000 KB              WR = 56.000 KB       

INFO: [SDx-EM 22] [Wall clock time: 14:28, Emulation time: 44.2119 ms] Data transfer between kernel(s) and global memory(s)
BANK0          RD = 68.000 KB              WR = 60.000 KB       

INFO: [SDx-EM 22] [Wall clock time: 14:34, Emulation time: 49.2276 ms] Data transfer between kernel(s) and global memory(s)
BANK0          RD = 76.000 KB              WR = 68.000 KB       

INFO: [SDx-EM 22] [Wall clock time: 14:39, Emulation time: 54.2274 ms] Data transfer between kernel(s) and global memory(s)
BANK0          RD = 84.000 KB              WR = 76.000 KB       

INFO: [SDx-EM 22] [Wall clock time: 14:44, Emulation time: 59.2416 ms] Data transfer between kernel(s) and global memory(s)
BANK0          RD = 92.000 KB              WR = 84.000 KB       

INFO: [SDx-EM 22] [Wall clock time: 14:49, Emulation time: 64.255 ms] Data transfer between kernel(s) and global memory(s)
BANK0          RD = 100.000 KB             WR = 92.000 KB       

INFO: [SDx-EM 22] [Wall clock time: 14:54, Emulation time: 69.282 ms] Data transfer between kernel(s) and global memory(s)
BANK0          RD = 108.000 KB             WR = 100.000 KB      

INFO: [SDx-EM 22] [Wall clock time: 14:59, Emulation time: 74.3053 ms] Data transfer between kernel(s) and global memory(s)
BANK0          RD = 112.000 KB             WR = 104.000 KB      

INFO: [SDx-EM 22] [Wall clock time: 15:05, Emulation time: 79.3261 ms] Data transfer between kernel(s) and global memory(s)
BANK0          RD = 120.000 KB             WR = 112.000 KB      

INFO: [SDx-EM 22] [Wall clock time: 15:10, Emulation time: 84.3384 ms] Data transfer between kernel(s) and global memory(s)
BANK0          RD = 128.000 KB             WR = 120.000 KB      

INFO: [SDx-EM 22] [Wall clock time: 15:15, Emulation time: 89.3534 ms] Data transfer between kernel(s) and global memory(s)
BANK0          RD = 136.000 KB             WR = 128.000 KB      

INFO: [SDx-EM 22] [Wall clock time: 15:20, Emulation time: 94.3851 ms] Data transfer between kernel(s) and global memory(s)
BANK0          RD = 144.000 KB             WR = 136.000 KB      

INFO: [SDx-EM 22] [Wall clock time: 15:25, Emulation time: 99.4301 ms] Data transfer between kernel(s) and global memory(s)
BANK0          RD = 148.000 KB             WR = 140.000 KB      

INFO: [SDx-EM 22] [Wall clock time: 15:30, Emulation time: 104.467 ms] Data transfer between kernel(s) and global memory(s)
BANK0          RD = 156.000 KB             WR = 148.000 KB      

INFO: [SDx-EM 22] [Wall clock time: 15:36, Emulation time: 109.492 ms] Data transfer between kernel(s) and global memory(s)
BANK0          RD = 164.000 KB             WR = 156.000 KB      

INFO: [SDx-EM 22] [Wall clock time: 15:41, Emulation time: 114.513 ms] Data transfer between kernel(s) and global memory(s)
BANK0          RD = 172.000 KB             WR = 164.000 KB      

INFO: [SDx-EM 22] [Wall clock time: 15:46, Emulation time: 119.536 ms] Data transfer between kernel(s) and global memory(s)
BANK0          RD = 180.000 KB             WR = 172.000 KB      

INFO: [SDx-EM 22] [Wall clock time: 15:51, Emulation time: 124.564 ms] Data transfer between kernel(s) and global memory(s)
BANK0          RD = 184.000 KB             WR = 176.000 KB      

INFO: [SDx-EM 22] [Wall clock time: 15:56, Emulation time: 129.61 ms] Data transfer between kernel(s) and global memory(s)
BANK0          RD = 192.000 KB             WR = 184.000 KB      

INFO: [SDx-EM 22] [Wall clock time: 16:01, Emulation time: 134.648 ms] Data transfer between kernel(s) and global memory(s)
BANK0          RD = 200.000 KB             WR = 192.000 KB      

INFO: [SDx-EM 22] [Wall clock time: 16:07, Emulation time: 139.675 ms] Data transfer between kernel(s) and global memory(s)
BANK0          RD = 208.000 KB             WR = 200.000 KB      

INFO: [SDx-EM 22] [Wall clock time: 16:12, Emulation time: 144.722 ms] Data transfer between kernel(s) and global memory(s)
BANK0          RD = 216.000 KB             WR = 208.000 KB      

INFO: [SDx-EM 22] [Wall clock time: 16:17, Emulation time: 149.765 ms] Data transfer between kernel(s) and global memory(s)
BANK0          RD = 224.000 KB             WR = 216.000 KB      

INFO: [SDx-EM 22] [Wall clock time: 16:22, Emulation time: 154.788 ms] Data transfer between kernel(s) and global memory(s)
BANK0          RD = 228.000 KB             WR = 220.000 KB      

INFO: [SDx-EM 22] [Wall clock time: 16:27, Emulation time: 159.815 ms] Data transfer between kernel(s) and global memory(s)
BANK0          RD = 236.000 KB             WR = 228.000 KB      

INFO: [SDx-EM 22] [Wall clock time: 16:32, Emulation time: 164.845 ms] Data transfer between kernel(s) and global memory(s)
BANK0          RD = 244.000 KB             WR = 236.000 KB      

INFO: [SDx-EM 22] [Wall clock time: 16:38, Emulation time: 169.901 ms] Data transfer between kernel(s) and global memory(s)
BANK0          RD = 252.000 KB             WR = 244.000 KB      

INFO: [SDx-EM 22] [Wall clock time: 16:43, Emulation time: 174.943 ms] Data transfer between kernel(s) and global memory(s)
BANK0          RD = 260.000 KB             WR = 252.000 KB      

INFO: [SDx-EM 22] [Wall clock time: 16:48, Emulation time: 179.97 ms] Data transfer between kernel(s) and global memory(s)
BANK0          RD = 268.000 KB             WR = 260.000 KB      

INFO: [SDx-EM 22] [Wall clock time: 16:53, Emulation time: 185.015 ms] Data transfer between kernel(s) and global memory(s)
BANK0          RD = 272.000 KB             WR = 264.000 KB      

INFO: [SDx-EM 22] [Wall clock time: 16:58, Emulation time: 190.045 ms] Data transfer between kernel(s) and global memory(s)
BANK0          RD = 280.000 KB             WR = 272.000 KB      

INFO: [SDx-EM 22] [Wall clock time: 17:03, Emulation time: 195.088 ms] Data transfer between kernel(s) and global memory(s)
BANK0          RD = 288.000 KB             WR = 280.000 KB      

INFO: [SDx-EM 22] [Wall clock time: 17:09, Emulation time: 200.116 ms] Data transfer between kernel(s) and global memory(s)
BANK0          RD = 296.000 KB             WR = 288.000 KB      

INFO: [SDx-EM 22] [Wall clock time: 17:14, Emulation time: 205.165 ms] Data transfer between kernel(s) and global memory(s)
BANK0          RD = 304.000 KB             WR = 296.000 KB      

INFO: [SDx-EM 22] [Wall clock time: 17:19, Emulation time: 210.193 ms] Data transfer between kernel(s) and global memory(s)
BANK0          RD = 308.000 KB             WR = 300.000 KB      

INFO: [SDx-EM 22] [Wall clock time: 17:24, Emulation time: 215.229 ms] Data transfer between kernel(s) and global memory(s)
BANK0          RD = 316.000 KB             WR = 308.000 KB      

INFO: [SDx-EM 22] [Wall clock time: 17:29, Emulation time: 220.262 ms] Data transfer between kernel(s) and global memory(s)
BANK0          RD = 324.000 KB             WR = 316.000 KB      

INFO: [SDx-EM 22] [Wall clock time: 17:34, Emulation time: 225.316 ms] Data transfer between kernel(s) and global memory(s)
BANK0          RD = 332.000 KB             WR = 324.000 KB      

INFO: [SDx-EM 22] [Wall clock time: 17:40, Emulation time: 230.344 ms] Data transfer between kernel(s) and global memory(s)
BANK0          RD = 340.000 KB             WR = 332.000 KB      

INFO: [SDx-EM 22] [Wall clock time: 17:45, Emulation time: 235.386 ms] Data transfer between kernel(s) and global memory(s)
BANK0          RD = 348.000 KB             WR = 340.000 KB      

INFO: [SDx-EM 22] [Wall clock time: 17:50, Emulation time: 240.428 ms] Data transfer between kernel(s) and global memory(s)
BANK0          RD = 352.000 KB             WR = 344.000 KB      

INFO: [SDx-EM 22] [Wall clock time: 17:55, Emulation time: 245.456 ms] Data transfer between kernel(s) and global memory(s)
BANK0          RD = 360.000 KB             WR = 352.000 KB      

INFO: [SDx-EM 22] [Wall clock time: 18:00, Emulation time: 250.492 ms] Data transfer between kernel(s) and global memory(s)
BANK0          RD = 368.000 KB             WR = 360.000 KB      

INFO: [SDx-EM 22] [Wall clock time: 18:05, Emulation time: 255.513 ms] Data transfer between kernel(s) and global memory(s)
BANK0          RD = 376.000 KB             WR = 368.000 KB      

INFO: [SDx-EM 22] [Wall clock time: 18:11, Emulation time: 260.532 ms] Data transfer between kernel(s) and global memory(s)
BANK0          RD = 384.000 KB             WR = 376.000 KB      

INFO: [SDx-EM 22] [Wall clock time: 18:16, Emulation time: 265.562 ms] Data transfer between kernel(s) and global memory(s)
BANK0          RD = 388.000 KB             WR = 380.000 KB      

INFO: [SDx-EM 22] [Wall clock time: 18:21, Emulation time: 270.588 ms] Data transfer between kernel(s) and global memory(s)
BANK0          RD = 396.000 KB             WR = 388.000 KB      

INFO: [SDx-EM 22] [Wall clock time: 18:26, Emulation time: 275.64 ms] Data transfer between kernel(s) and global memory(s)
BANK0          RD = 404.000 KB             WR = 396.000 KB      

INFO: [SDx-EM 22] [Wall clock time: 18:31, Emulation time: 280.69 ms] Data transfer between kernel(s) and global memory(s)
BANK0          RD = 412.000 KB             WR = 404.000 KB      

INFO: [SDx-EM 22] [Wall clock time: 18:36, Emulation time: 285.722 ms] Data transfer between kernel(s) and global memory(s)
BANK0          RD = 420.000 KB             WR = 412.000 KB      

INFO: [SDx-EM 22] [Wall clock time: 18:42, Emulation time: 290.752 ms] Data transfer between kernel(s) and global memory(s)
BANK0          RD = 428.000 KB             WR = 420.000 KB      

INFO: [SDx-EM 22] [Wall clock time: 18:47, Emulation time: 295.791 ms] Data transfer between kernel(s) and global memory(s)
BANK0          RD = 432.000 KB             WR = 424.000 KB      

INFO: [SDx-EM 22] [Wall clock time: 18:52, Emulation time: 300.826 ms] Data transfer between kernel(s) and global memory(s)
BANK0          RD = 440.000 KB             WR = 432.000 KB      

INFO: [SDx-EM 22] [Wall clock time: 18:57, Emulation time: 305.868 ms] Data transfer between kernel(s) and global memory(s)
BANK0          RD = 448.000 KB             WR = 440.000 KB      

INFO: [SDx-EM 22] [Wall clock time: 19:02, Emulation time: 310.9 ms] Data transfer between kernel(s) and global memory(s)
BANK0          RD = 456.000 KB             WR = 448.000 KB      

INFO: [SDx-EM 22] [Wall clock time: 19:07, Emulation time: 315.931 ms] Data transfer between kernel(s) and global memory(s)
BANK0          RD = 464.000 KB             WR = 456.000 KB      

INFO: [SDx-EM 22] [Wall clock time: 19:13, Emulation time: 320.958 ms] Data transfer between kernel(s) and global memory(s)
BANK0          RD = 468.000 KB             WR = 460.000 KB      

INFO: [SDx-EM 22] [Wall clock time: 19:18, Emulation time: 325.984 ms] Data transfer between kernel(s) and global memory(s)
BANK0          RD = 476.000 KB             WR = 468.000 KB      

INFO: [SDx-EM 22] [Wall clock time: 19:23, Emulation time: 331.028 ms] Data transfer between kernel(s) and global memory(s)
BANK0          RD = 484.000 KB             WR = 476.000 KB      

INFO: [SDx-EM 22] [Wall clock time: 19:28, Emulation time: 336.064 ms] Data transfer between kernel(s) and global memory(s)
BANK0          RD = 492.000 KB             WR = 484.000 KB      

INFO: [SDx-EM 22] [Wall clock time: 19:33, Emulation time: 341.095 ms] Data transfer between kernel(s) and global memory(s)
BANK0          RD = 500.000 KB             WR = 492.000 KB      

INFO: [SDx-EM 22] [Wall clock time: 19:38, Emulation time: 346.125 ms] Data transfer between kernel(s) and global memory(s)
BANK0          RD = 508.000 KB             WR = 500.000 KB      

INFO: [SDx-EM 22] [Wall clock time: 19:44, Emulation time: 351.158 ms] Data transfer between kernel(s) and global memory(s)
BANK0          RD = 512.000 KB             WR = 504.000 KB      

INFO: [SDx-EM 22] [Wall clock time: 19:49, Emulation time: 356.181 ms] Data transfer between kernel(s) and global memory(s)
BANK0          RD = 520.000 KB             WR = 512.000 KB      

INFO: [SDx-EM 22] [Wall clock time: 19:54, Emulation time: 361.205 ms] Data transfer between kernel(s) and global memory(s)
BANK0          RD = 528.000 KB             WR = 520.000 KB      

INFO: [SDx-EM 22] [Wall clock time: 19:59, Emulation time: 366.245 ms] Data transfer between kernel(s) and global memory(s)
BANK0          RD = 536.000 KB             WR = 528.000 KB      

INFO: [SDx-EM 22] [Wall clock time: 20:04, Emulation time: 371.276 ms] Data transfer between kernel(s) and global memory(s)
BANK0          RD = 544.000 KB             WR = 536.000 KB      

INFO: [SDx-EM 22] [Wall clock time: 20:09, Emulation time: 376.305 ms] Data transfer between kernel(s) and global memory(s)
BANK0          RD = 548.000 KB             WR = 540.000 KB      

INFO: [SDx-EM 22] [Wall clock time: 20:15, Emulation time: 381.337 ms] Data transfer between kernel(s) and global memory(s)
BANK0          RD = 556.000 KB             WR = 548.000 KB      

INFO: [SDx-EM 22] [Wall clock time: 20:20, Emulation time: 386.37 ms] Data transfer between kernel(s) and global memory(s)
BANK0          RD = 564.000 KB             WR = 556.000 KB      

INFO: [SDx-EM 22] [Wall clock time: 20:25, Emulation time: 391.395 ms] Data transfer between kernel(s) and global memory(s)
BANK0          RD = 572.000 KB             WR = 564.000 KB      

INFO: [SDx-EM 22] [Wall clock time: 20:30, Emulation time: 396.422 ms] Data transfer between kernel(s) and global memory(s)
BANK0          RD = 580.000 KB             WR = 572.000 KB      

INFO: [SDx-EM 22] [Wall clock time: 20:35, Emulation time: 401.45 ms] Data transfer between kernel(s) and global memory(s)
BANK0          RD = 588.000 KB             WR = 580.000 KB      

INFO: [SDx-EM 22] [Wall clock time: 20:40, Emulation time: 406.498 ms] Data transfer between kernel(s) and global memory(s)
BANK0          RD = 592.000 KB             WR = 584.000 KB      

INFO: [SDx-EM 22] [Wall clock time: 20:46, Emulation time: 411.532 ms] Data transfer between kernel(s) and global memory(s)
BANK0          RD = 600.000 KB             WR = 592.000 KB      

INFO: [SDx-EM 22] [Wall clock time: 20:51, Emulation time: 416.569 ms] Data transfer between kernel(s) and global memory(s)
BANK0          RD = 608.000 KB             WR = 600.000 KB      

INFO: [SDx-EM 22] [Wall clock time: 20:56, Emulation time: 421.608 ms] Data transfer between kernel(s) and global memory(s)
BANK0          RD = 616.000 KB             WR = 608.000 KB      

INFO: [SDx-EM 22] [Wall clock time: 21:01, Emulation time: 426.635 ms] Data transfer between kernel(s) and global memory(s)
BANK0          RD = 624.000 KB             WR = 616.000 KB      

INFO: [SDx-EM 22] [Wall clock time: 21:06, Emulation time: 431.695 ms] Data transfer between kernel(s) and global memory(s)
BANK0          RD = 628.000 KB             WR = 620.000 KB      

INFO: [SDx-EM 22] [Wall clock time: 21:11, Emulation time: 436.752 ms] Data transfer between kernel(s) and global memory(s)
BANK0          RD = 636.000 KB             WR = 628.000 KB      

INFO: [SDx-EM 22] [Wall clock time: 21:17, Emulation time: 441.786 ms] Data transfer between kernel(s) and global memory(s)
BANK0          RD = 644.000 KB             WR = 636.000 KB      

INFO: [SDx-EM 22] [Wall clock time: 21:22, Emulation time: 446.829 ms] Data transfer between kernel(s) and global memory(s)
BANK0          RD = 652.000 KB             WR = 644.000 KB      

INFO: [SDx-EM 22] [Wall clock time: 21:27, Emulation time: 451.876 ms] Data transfer between kernel(s) and global memory(s)
BANK0          RD = 660.000 KB             WR = 652.000 KB      

INFO: [SDx-EM 22] [Wall clock time: 21:32, Emulation time: 456.916 ms] Data transfer between kernel(s) and global memory(s)
BANK0          RD = 668.000 KB             WR = 660.000 KB      

INFO: [SDx-EM 22] [Wall clock time: 21:37, Emulation time: 461.939 ms] Data transfer between kernel(s) and global memory(s)
BANK0          RD = 672.000 KB             WR = 664.000 KB      

INFO: [SDx-EM 22] [Wall clock time: 21:42, Emulation time: 466.969 ms] Data transfer between kernel(s) and global memory(s)
BANK0          RD = 680.000 KB             WR = 672.000 KB      

INFO: [SDx-EM 22] [Wall clock time: 21:48, Emulation time: 472.003 ms] Data transfer between kernel(s) and global memory(s)
BANK0          RD = 688.000 KB             WR = 680.000 KB      

INFO: [SDx-EM 22] [Wall clock time: 21:53, Emulation time: 477.027 ms] Data transfer between kernel(s) and global memory(s)
BANK0          RD = 696.000 KB             WR = 688.000 KB      

INFO: [SDx-EM 22] [Wall clock time: 21:58, Emulation time: 482.056 ms] Data transfer between kernel(s) and global memory(s)
BANK0          RD = 704.000 KB             WR = 696.000 KB      

INFO: [SDx-EM 22] [Wall clock time: 22:03, Emulation time: 487.087 ms] Data transfer between kernel(s) and global memory(s)
BANK0          RD = 708.000 KB             WR = 700.000 KB      

INFO: [SDx-EM 22] [Wall clock time: 22:08, Emulation time: 492.126 ms] Data transfer between kernel(s) and global memory(s)
BANK0          RD = 716.000 KB             WR = 708.000 KB      

INFO: [SDx-EM 22] [Wall clock time: 22:13, Emulation time: 497.181 ms] Data transfer between kernel(s) and global memory(s)
BANK0          RD = 724.000 KB             WR = 716.000 KB      

INFO: [SDx-EM 22] [Wall clock time: 22:19, Emulation time: 502.223 ms] Data transfer between kernel(s) and global memory(s)
BANK0          RD = 732.000 KB             WR = 724.000 KB      

INFO: [SDx-EM 22] [Wall clock time: 22:24, Emulation time: 507.277 ms] Data transfer between kernel(s) and global memory(s)
BANK0          RD = 740.000 KB             WR = 732.000 KB      

