INFO: Found 1 platforms
INFO: Selected platform 0 from Xilinx
INFO: Selected xilinx:adm-pcie-7v3:1ddr:3.0 as the target device
INFO: Loading edge-cosim-unroll1-tile64x128.xclbin
INFO: Found 1 platforms
INFO: Selected platform 0 from Xilinx
INFO: Selected xilinx:adm-pcie-7v3:1ddr:3.0 as the target device
INFO: Loading edge-cosim-unroll1-tile64x128.xclbin
INFO: [SDx-EM 01] Hardware emulation runs detailed simulation underneath. It may take long time for large data set. Please use a small dataset for faster execution. You can still get performance trend for your kernel with smaller dataset.
host: tile_num_dim0 = 33, tile_num_dim1 = 8
host: var_edge_y_extent_0 = 1998, var_edge_y_extent_1 = 998
host: var_edge_y_min_0 = 0, var_edge_y_min_1 = 0
Info: Emulation mode.
INFO: [SDx-EM 22] [Wall clock time: 13:47, Emulation time: 3.4683 ms] Data transfer between kernel(s) and global memory(s)
BANK0          RD = 16.000 KB              WR = 0.000 KB        

INFO: [SDx-EM 22] [Wall clock time: 13:52, Emulation time: 8.43446 ms] Data transfer between kernel(s) and global memory(s)
BANK0          RD = 24.000 KB              WR = 8.000 KB        

INFO: [SDx-EM 22] [Wall clock time: 13:57, Emulation time: 13.4444 ms] Data transfer between kernel(s) and global memory(s)
BANK0          RD = 32.000 KB              WR = 16.000 KB       

INFO: [SDx-EM 22] [Wall clock time: 14:03, Emulation time: 18.3794 ms] Data transfer between kernel(s) and global memory(s)
BANK0          RD = 40.000 KB              WR = 24.000 KB       

INFO: [SDx-EM 22] [Wall clock time: 14:08, Emulation time: 23.3642 ms] Data transfer between kernel(s) and global memory(s)
BANK0          RD = 48.000 KB              WR = 32.000 KB       

INFO: [SDx-EM 22] [Wall clock time: 14:13, Emulation time: 28.379 ms] Data transfer between kernel(s) and global memory(s)
BANK0          RD = 56.000 KB              WR = 40.000 KB       

INFO: [SDx-EM 22] [Wall clock time: 14:18, Emulation time: 33.3818 ms] Data transfer between kernel(s) and global memory(s)
BANK0          RD = 64.000 KB              WR = 48.000 KB       

INFO: [SDx-EM 22] [Wall clock time: 14:23, Emulation time: 38.3708 ms] Data transfer between kernel(s) and global memory(s)
BANK0          RD = 72.000 KB              WR = 56.000 KB       

INFO: [SDx-EM 22] [Wall clock time: 14:28, Emulation time: 43.3867 ms] Data transfer between kernel(s) and global memory(s)
BANK0          RD = 72.000 KB              WR = 56.000 KB       

INFO: [SDx-EM 22] [Wall clock time: 14:34, Emulation time: 48.4665 ms] Data transfer between kernel(s) and global memory(s)
BANK0          RD = 80.000 KB              WR = 64.000 KB       

INFO: [SDx-EM 22] [Wall clock time: 14:39, Emulation time: 53.4011 ms] Data transfer between kernel(s) and global memory(s)
BANK0          RD = 88.000 KB              WR = 72.000 KB       

INFO: [SDx-EM 22] [Wall clock time: 14:44, Emulation time: 58.3415 ms] Data transfer between kernel(s) and global memory(s)
BANK0          RD = 96.000 KB              WR = 80.000 KB       

INFO: [SDx-EM 22] [Wall clock time: 14:49, Emulation time: 63.2623 ms] Data transfer between kernel(s) and global memory(s)
BANK0          RD = 104.000 KB             WR = 88.000 KB       

INFO: [SDx-EM 22] [Wall clock time: 14:54, Emulation time: 68.2666 ms] Data transfer between kernel(s) and global memory(s)
BANK0          RD = 112.000 KB             WR = 96.000 KB       

INFO: [SDx-EM 22] [Wall clock time: 14:59, Emulation time: 73.2266 ms] Data transfer between kernel(s) and global memory(s)
BANK0          RD = 120.000 KB             WR = 104.000 KB      

INFO: [SDx-EM 22] [Wall clock time: 15:05, Emulation time: 78.1123 ms] Data transfer between kernel(s) and global memory(s)
BANK0          RD = 128.000 KB             WR = 112.000 KB      

INFO: [SDx-EM 22] [Wall clock time: 15:10, Emulation time: 83.0569 ms] Data transfer between kernel(s) and global memory(s)
BANK0          RD = 136.000 KB             WR = 120.000 KB      

INFO: [SDx-EM 22] [Wall clock time: 15:15, Emulation time: 87.9671 ms] Data transfer between kernel(s) and global memory(s)
BANK0          RD = 144.000 KB             WR = 128.000 KB      

INFO: [SDx-EM 22] [Wall clock time: 15:20, Emulation time: 92.9092 ms] Data transfer between kernel(s) and global memory(s)
BANK0          RD = 152.000 KB             WR = 136.000 KB      

INFO: [SDx-EM 22] [Wall clock time: 15:25, Emulation time: 97.8598 ms] Data transfer between kernel(s) and global memory(s)
BANK0          RD = 152.000 KB             WR = 136.000 KB      

INFO: [SDx-EM 22] [Wall clock time: 15:30, Emulation time: 102.814 ms] Data transfer between kernel(s) and global memory(s)
BANK0          RD = 160.000 KB             WR = 144.000 KB      

INFO: [SDx-EM 22] [Wall clock time: 15:36, Emulation time: 107.776 ms] Data transfer between kernel(s) and global memory(s)
BANK0          RD = 168.000 KB             WR = 152.000 KB      

INFO: [SDx-EM 22] [Wall clock time: 15:41, Emulation time: 112.699 ms] Data transfer between kernel(s) and global memory(s)
BANK0          RD = 176.000 KB             WR = 160.000 KB      

INFO: [SDx-EM 22] [Wall clock time: 15:46, Emulation time: 117.661 ms] Data transfer between kernel(s) and global memory(s)
BANK0          RD = 184.000 KB             WR = 168.000 KB      

INFO: [SDx-EM 22] [Wall clock time: 15:51, Emulation time: 122.615 ms] Data transfer between kernel(s) and global memory(s)
BANK0          RD = 192.000 KB             WR = 176.000 KB      

INFO: [SDx-EM 22] [Wall clock time: 15:56, Emulation time: 127.592 ms] Data transfer between kernel(s) and global memory(s)
BANK0          RD = 200.000 KB             WR = 184.000 KB      

INFO: [SDx-EM 22] [Wall clock time: 16:01, Emulation time: 132.612 ms] Data transfer between kernel(s) and global memory(s)
BANK0          RD = 208.000 KB             WR = 192.000 KB      

INFO: [SDx-EM 22] [Wall clock time: 16:07, Emulation time: 137.563 ms] Data transfer between kernel(s) and global memory(s)
BANK0          RD = 216.000 KB             WR = 200.000 KB      

INFO: [SDx-EM 22] [Wall clock time: 16:12, Emulation time: 142.595 ms] Data transfer between kernel(s) and global memory(s)
BANK0          RD = 224.000 KB             WR = 208.000 KB      

INFO: [SDx-EM 22] [Wall clock time: 16:17, Emulation time: 147.625 ms] Data transfer between kernel(s) and global memory(s)
BANK0          RD = 232.000 KB             WR = 216.000 KB      

INFO: [SDx-EM 22] [Wall clock time: 16:22, Emulation time: 152.612 ms] Data transfer between kernel(s) and global memory(s)
BANK0          RD = 232.000 KB             WR = 216.000 KB      

INFO: [SDx-EM 22] [Wall clock time: 16:27, Emulation time: 157.572 ms] Data transfer between kernel(s) and global memory(s)
BANK0          RD = 240.000 KB             WR = 224.000 KB      

INFO: [SDx-EM 22] [Wall clock time: 16:32, Emulation time: 162.545 ms] Data transfer between kernel(s) and global memory(s)
BANK0          RD = 248.000 KB             WR = 232.000 KB      

INFO: [SDx-EM 22] [Wall clock time: 16:38, Emulation time: 167.525 ms] Data transfer between kernel(s) and global memory(s)
BANK0          RD = 256.000 KB             WR = 240.000 KB      

INFO: [SDx-EM 22] [Wall clock time: 16:43, Emulation time: 172.513 ms] Data transfer between kernel(s) and global memory(s)
BANK0          RD = 264.000 KB             WR = 248.000 KB      

INFO: [SDx-EM 22] [Wall clock time: 16:48, Emulation time: 177.516 ms] Data transfer between kernel(s) and global memory(s)
BANK0          RD = 272.000 KB             WR = 256.000 KB      

INFO: [SDx-EM 22] [Wall clock time: 16:53, Emulation time: 182.501 ms] Data transfer between kernel(s) and global memory(s)
BANK0          RD = 280.000 KB             WR = 264.000 KB      

INFO: [SDx-EM 22] [Wall clock time: 16:58, Emulation time: 187.439 ms] Data transfer between kernel(s) and global memory(s)
BANK0          RD = 288.000 KB             WR = 272.000 KB      

INFO: [SDx-EM 22] [Wall clock time: 17:03, Emulation time: 192.435 ms] Data transfer between kernel(s) and global memory(s)
BANK0          RD = 296.000 KB             WR = 280.000 KB      

INFO: [SDx-EM 22] [Wall clock time: 17:09, Emulation time: 197.415 ms] Data transfer between kernel(s) and global memory(s)
BANK0          RD = 304.000 KB             WR = 288.000 KB      

INFO: [SDx-EM 22] [Wall clock time: 17:14, Emulation time: 202.448 ms] Data transfer between kernel(s) and global memory(s)
BANK0          RD = 312.000 KB             WR = 296.000 KB      

INFO: [SDx-EM 22] [Wall clock time: 17:19, Emulation time: 207.411 ms] Data transfer between kernel(s) and global memory(s)
BANK0          RD = 320.000 KB             WR = 304.000 KB      

INFO: [SDx-EM 22] [Wall clock time: 17:24, Emulation time: 212.425 ms] Data transfer between kernel(s) and global memory(s)
BANK0          RD = 320.000 KB             WR = 304.000 KB      

INFO: [SDx-EM 22] [Wall clock time: 17:29, Emulation time: 217.384 ms] Data transfer between kernel(s) and global memory(s)
BANK0          RD = 328.000 KB             WR = 312.000 KB      

INFO: [SDx-EM 22] [Wall clock time: 17:34, Emulation time: 222.418 ms] Data transfer between kernel(s) and global memory(s)
BANK0          RD = 336.000 KB             WR = 320.000 KB      

INFO: [SDx-EM 22] [Wall clock time: 17:40, Emulation time: 227.36 ms] Data transfer between kernel(s) and global memory(s)
BANK0          RD = 344.000 KB             WR = 328.000 KB      

INFO: [SDx-EM 22] [Wall clock time: 17:45, Emulation time: 232.305 ms] Data transfer between kernel(s) and global memory(s)
BANK0          RD = 352.000 KB             WR = 336.000 KB      

INFO: [SDx-EM 22] [Wall clock time: 17:50, Emulation time: 237.249 ms] Data transfer between kernel(s) and global memory(s)
BANK0          RD = 360.000 KB             WR = 344.000 KB      

INFO: [SDx-EM 22] [Wall clock time: 17:55, Emulation time: 242.301 ms] Data transfer between kernel(s) and global memory(s)
BANK0          RD = 368.000 KB             WR = 352.000 KB      

INFO: [SDx-EM 22] [Wall clock time: 18:00, Emulation time: 247.323 ms] Data transfer between kernel(s) and global memory(s)
BANK0          RD = 376.000 KB             WR = 360.000 KB      

INFO: [SDx-EM 22] [Wall clock time: 18:05, Emulation time: 252.314 ms] Data transfer between kernel(s) and global memory(s)
BANK0          RD = 384.000 KB             WR = 368.000 KB      

INFO: [SDx-EM 22] [Wall clock time: 18:11, Emulation time: 257.322 ms] Data transfer between kernel(s) and global memory(s)
BANK0          RD = 392.000 KB             WR = 376.000 KB      

INFO: [SDx-EM 22] [Wall clock time: 18:16, Emulation time: 262.335 ms] Data transfer between kernel(s) and global memory(s)
BANK0          RD = 400.000 KB             WR = 384.000 KB      

INFO: [SDx-EM 22] [Wall clock time: 18:21, Emulation time: 267.397 ms] Data transfer between kernel(s) and global memory(s)
BANK0          RD = 408.000 KB             WR = 392.000 KB      

INFO: [SDx-EM 22] [Wall clock time: 18:26, Emulation time: 272.463 ms] Data transfer between kernel(s) and global memory(s)
BANK0          RD = 408.000 KB             WR = 392.000 KB      

INFO: [SDx-EM 22] [Wall clock time: 18:31, Emulation time: 277.426 ms] Data transfer between kernel(s) and global memory(s)
BANK0          RD = 416.000 KB             WR = 400.000 KB      

INFO: [SDx-EM 22] [Wall clock time: 18:36, Emulation time: 282.438 ms] Data transfer between kernel(s) and global memory(s)
BANK0          RD = 424.000 KB             WR = 408.000 KB      

INFO: [SDx-EM 22] [Wall clock time: 18:42, Emulation time: 287.393 ms] Data transfer between kernel(s) and global memory(s)
BANK0          RD = 432.000 KB             WR = 416.000 KB      

INFO: [SDx-EM 22] [Wall clock time: 18:47, Emulation time: 292.387 ms] Data transfer between kernel(s) and global memory(s)
BANK0          RD = 440.000 KB             WR = 424.000 KB      

INFO: [SDx-EM 22] [Wall clock time: 18:52, Emulation time: 297.393 ms] Data transfer between kernel(s) and global memory(s)
BANK0          RD = 448.000 KB             WR = 432.000 KB      

INFO: [SDx-EM 22] [Wall clock time: 18:57, Emulation time: 302.36 ms] Data transfer between kernel(s) and global memory(s)
BANK0          RD = 456.000 KB             WR = 440.000 KB      

INFO: [SDx-EM 22] [Wall clock time: 19:02, Emulation time: 307.403 ms] Data transfer between kernel(s) and global memory(s)
BANK0          RD = 464.000 KB             WR = 448.000 KB      

INFO: [SDx-EM 22] [Wall clock time: 19:07, Emulation time: 312.465 ms] Data transfer between kernel(s) and global memory(s)
BANK0          RD = 472.000 KB             WR = 456.000 KB      

INFO: [SDx-EM 22] [Wall clock time: 19:13, Emulation time: 317.523 ms] Data transfer between kernel(s) and global memory(s)
BANK0          RD = 480.000 KB             WR = 464.000 KB      

INFO: [SDx-EM 22] [Wall clock time: 19:18, Emulation time: 322.583 ms] Data transfer between kernel(s) and global memory(s)
BANK0          RD = 488.000 KB             WR = 472.000 KB      

INFO: [SDx-EM 22] [Wall clock time: 19:23, Emulation time: 327.598 ms] Data transfer between kernel(s) and global memory(s)
BANK0          RD = 496.000 KB             WR = 480.000 KB      

INFO: [SDx-EM 22] [Wall clock time: 19:28, Emulation time: 332.586 ms] Data transfer between kernel(s) and global memory(s)
BANK0          RD = 504.000 KB             WR = 488.000 KB      

INFO: [SDx-EM 22] [Wall clock time: 19:33, Emulation time: 337.554 ms] Data transfer between kernel(s) and global memory(s)
BANK0          RD = 504.000 KB             WR = 488.000 KB      

INFO: [SDx-EM 22] [Wall clock time: 19:38, Emulation time: 342.499 ms] Data transfer between kernel(s) and global memory(s)
BANK0          RD = 512.000 KB             WR = 496.000 KB      

INFO: [SDx-EM 22] [Wall clock time: 19:44, Emulation time: 347.506 ms] Data transfer between kernel(s) and global memory(s)
BANK0          RD = 520.000 KB             WR = 504.000 KB      

INFO: [SDx-EM 22] [Wall clock time: 19:49, Emulation time: 352.464 ms] Data transfer between kernel(s) and global memory(s)
BANK0          RD = 528.000 KB             WR = 512.000 KB      

INFO: [SDx-EM 22] [Wall clock time: 19:54, Emulation time: 357.47 ms] Data transfer between kernel(s) and global memory(s)
BANK0          RD = 536.000 KB             WR = 520.000 KB      

INFO: [SDx-EM 22] [Wall clock time: 19:59, Emulation time: 362.488 ms] Data transfer between kernel(s) and global memory(s)
BANK0          RD = 544.000 KB             WR = 528.000 KB      

INFO: [SDx-EM 22] [Wall clock time: 20:04, Emulation time: 367.467 ms] Data transfer between kernel(s) and global memory(s)
BANK0          RD = 552.000 KB             WR = 536.000 KB      

INFO: [SDx-EM 22] [Wall clock time: 20:09, Emulation time: 372.477 ms] Data transfer between kernel(s) and global memory(s)
BANK0          RD = 560.000 KB             WR = 544.000 KB      

INFO: [SDx-EM 22] [Wall clock time: 20:15, Emulation time: 377.436 ms] Data transfer between kernel(s) and global memory(s)
BANK0          RD = 568.000 KB             WR = 552.000 KB      

INFO: [SDx-EM 22] [Wall clock time: 20:20, Emulation time: 382.446 ms] Data transfer between kernel(s) and global memory(s)
BANK0          RD = 576.000 KB             WR = 560.000 KB      

INFO: [SDx-EM 22] [Wall clock time: 20:25, Emulation time: 387.464 ms] Data transfer between kernel(s) and global memory(s)
BANK0          RD = 584.000 KB             WR = 568.000 KB      

INFO: [SDx-EM 22] [Wall clock time: 20:30, Emulation time: 392.495 ms] Data transfer between kernel(s) and global memory(s)
BANK0          RD = 584.000 KB             WR = 568.000 KB      

INFO: [SDx-EM 22] [Wall clock time: 20:35, Emulation time: 397.535 ms] Data transfer between kernel(s) and global memory(s)
BANK0          RD = 592.000 KB             WR = 576.000 KB      

INFO: [SDx-EM 22] [Wall clock time: 20:40, Emulation time: 402.513 ms] Data transfer between kernel(s) and global memory(s)
BANK0          RD = 600.000 KB             WR = 584.000 KB      

INFO: [SDx-EM 22] [Wall clock time: 20:46, Emulation time: 407.516 ms] Data transfer between kernel(s) and global memory(s)
BANK0          RD = 608.000 KB             WR = 592.000 KB      

INFO: [SDx-EM 22] [Wall clock time: 20:51, Emulation time: 412.531 ms] Data transfer between kernel(s) and global memory(s)
BANK0          RD = 616.000 KB             WR = 600.000 KB      

INFO: [SDx-EM 22] [Wall clock time: 20:56, Emulation time: 417.507 ms] Data transfer between kernel(s) and global memory(s)
BANK0          RD = 624.000 KB             WR = 608.000 KB      

INFO: [SDx-EM 22] [Wall clock time: 21:01, Emulation time: 422.543 ms] Data transfer between kernel(s) and global memory(s)
BANK0          RD = 632.000 KB             WR = 616.000 KB      

INFO: [SDx-EM 22] [Wall clock time: 21:06, Emulation time: 427.546 ms] Data transfer between kernel(s) and global memory(s)
BANK0          RD = 640.000 KB             WR = 624.000 KB      

INFO: [SDx-EM 22] [Wall clock time: 21:11, Emulation time: 432.515 ms] Data transfer between kernel(s) and global memory(s)
BANK0          RD = 648.000 KB             WR = 632.000 KB      

INFO: [SDx-EM 22] [Wall clock time: 21:17, Emulation time: 437.479 ms] Data transfer between kernel(s) and global memory(s)
BANK0          RD = 656.000 KB             WR = 640.000 KB      

INFO: [SDx-EM 22] [Wall clock time: 21:22, Emulation time: 442.425 ms] Data transfer between kernel(s) and global memory(s)
BANK0          RD = 664.000 KB             WR = 648.000 KB      

INFO: [SDx-EM 22] [Wall clock time: 21:27, Emulation time: 447.392 ms] Data transfer between kernel(s) and global memory(s)
BANK0          RD = 672.000 KB             WR = 656.000 KB      

INFO: [SDx-EM 22] [Wall clock time: 21:32, Emulation time: 452.369 ms] Data transfer between kernel(s) and global memory(s)
BANK0          RD = 672.000 KB             WR = 656.000 KB      

INFO: [SDx-EM 22] [Wall clock time: 21:37, Emulation time: 457.335 ms] Data transfer between kernel(s) and global memory(s)
BANK0          RD = 680.000 KB             WR = 664.000 KB      

INFO: [SDx-EM 22] [Wall clock time: 21:42, Emulation time: 462.275 ms] Data transfer between kernel(s) and global memory(s)
BANK0          RD = 688.000 KB             WR = 672.000 KB      

INFO: [SDx-EM 22] [Wall clock time: 21:48, Emulation time: 467.256 ms] Data transfer between kernel(s) and global memory(s)
BANK0          RD = 696.000 KB             WR = 680.000 KB      

INFO: [SDx-EM 22] [Wall clock time: 21:53, Emulation time: 472.239 ms] Data transfer between kernel(s) and global memory(s)
BANK0          RD = 704.000 KB             WR = 688.000 KB      

INFO: [SDx-EM 22] [Wall clock time: 21:58, Emulation time: 477.178 ms] Data transfer between kernel(s) and global memory(s)
BANK0          RD = 712.000 KB             WR = 696.000 KB      

INFO: [SDx-EM 22] [Wall clock time: 22:03, Emulation time: 482.209 ms] Data transfer between kernel(s) and global memory(s)
BANK0          RD = 720.000 KB             WR = 704.000 KB      

INFO: [SDx-EM 22] [Wall clock time: 22:08, Emulation time: 487.157 ms] Data transfer between kernel(s) and global memory(s)
BANK0          RD = 728.000 KB             WR = 712.000 KB      

INFO: [SDx-EM 22] [Wall clock time: 22:13, Emulation time: 492.202 ms] Data transfer between kernel(s) and global memory(s)
BANK0          RD = 736.000 KB             WR = 720.000 KB      

INFO: [SDx-EM 22] [Wall clock time: 22:19, Emulation time: 497.168 ms] Data transfer between kernel(s) and global memory(s)
BANK0          RD = 744.000 KB             WR = 728.000 KB      

INFO: [SDx-EM 22] [Wall clock time: 22:24, Emulation time: 502.14 ms] Data transfer between kernel(s) and global memory(s)
BANK0          RD = 752.000 KB             WR = 736.000 KB      

