INFO: Found 1 platforms
INFO: Selected platform 0 from Xilinx
INFO: Selected xilinx:adm-pcie-7v3:1ddr:3.0 as the target device
INFO: Loading gaussian-cosim-unroll64-tile256x256.xclbin
INFO: Found 1 platforms
INFO: Selected platform 0 from Xilinx
INFO: Selected xilinx:adm-pcie-7v3:1ddr:3.0 as the target device
INFO: Loading gaussian-cosim-unroll64-tile256x256.xclbin
INFO: [SDx-EM 01] Hardware emulation runs detailed simulation underneath. It may take long time for large data set. Please use a small dataset for faster execution. You can still get performance trend for your kernel with smaller dataset.
host: tile_num_dim0 = 8, tile_num_dim1 = 4
host: var_gaussian_y_extent_0 = 1996, var_gaussian_y_extent_1 = 996
host: var_gaussian_y_min_0 = 0, var_gaussian_y_min_1 = 0
Info: Emulation mode.
INFO: [SDx-EM 22] [Wall clock time: 15:40, Emulation time: 0.261327 ms] Data transfer between kernel(s) and global memory(s)
BANK0          RD = 1686.000 KB            WR = 1416.000 KB     

INFO: [SDx-EM 22] [Wall clock time: 15:45, Emulation time: 0.516962 ms] Data transfer between kernel(s) and global memory(s)
BANK0          RD = 3221.000 KB            WR = 2952.000 KB     

PCIe write time: 12308.991000 us
Kernel run time: 723558998.106000 us
PCIe read  time: 37469.878000 us
Total run  time: 723608828.745000 us
Kernel runtime: 725907026.427000 us
INFO: [SDx-EM 22] [Wall clock time: 15:47, Emulation time: 0.689143 ms] Data transfer between kernel(s) and global memory(s)
BANK0          RD = 4096.000 KB            WR = 4096.000 KB     

