INFO: Found 1 platforms
INFO: Selected platform 0 from Xilinx
INFO: Selected xilinx:adm-pcie-7v3:1ddr:3.0 as the target device
INFO: Loading gaussian-cosim-unroll16-tile64x64.xclbin
INFO: Found 1 platforms
INFO: Selected platform 0 from Xilinx
INFO: Selected xilinx:adm-pcie-7v3:1ddr:3.0 as the target device
INFO: Loading gaussian-cosim-unroll16-tile64x64.xclbin
INFO: [SDx-EM 01] Hardware emulation runs detailed simulation underneath. It may take long time for large data set. Please use a small dataset for faster execution. You can still get performance trend for your kernel with smaller dataset.
host: tile_num_dim0 = 34, tile_num_dim1 = 17
host: var_gaussian_y_extent_0 = 1996, var_gaussian_y_extent_1 = 996
host: var_gaussian_y_min_0 = 0, var_gaussian_y_min_1 = 0
Info: Emulation mode.
INFO: [SDx-EM 22] [Wall clock time: 15:40, Emulation time: 0.526393 ms] Data transfer between kernel(s) and global memory(s)
BANK0          RD = 2160.000 KB            WR = 2144.000 KB     

INFO: [SDx-EM 22] [Wall clock time: 15:45, Emulation time: 1.10571 ms] Data transfer between kernel(s) and global memory(s)
BANK0          RD = 4550.000 KB            WR = 4534.000 KB     

PCIe write time: 4790.779000 us
Kernel run time: 626371386.621000 us
PCIe read  time: 34289.460000 us
Total run  time: 626410491.297000 us
Kernel runtime: 628276256.455000 us
INFO: [SDx-EM 22] [Wall clock time: 15:45, Emulation time: 1.12746 ms] Data transfer between kernel(s) and global memory(s)
BANK0          RD = 4624.000 KB            WR = 4624.000 KB     

