INFO: Found 1 platforms
INFO: Selected platform 0 from Xilinx
INFO: Selected xilinx:adm-pcie-7v3:1ddr:3.0 as the target device
INFO: Loading gaussian-cosim-unroll1-tile256x128.xclbin
INFO: Found 1 platforms
INFO: Selected platform 0 from Xilinx
INFO: Selected xilinx:adm-pcie-7v3:1ddr:3.0 as the target device
INFO: Loading gaussian-cosim-unroll1-tile256x128.xclbin
INFO: [SDx-EM 01] Hardware emulation runs detailed simulation underneath. It may take long time for large data set. Please use a small dataset for faster execution. You can still get performance trend for your kernel with smaller dataset.
host: tile_num_dim0 = 8, tile_num_dim1 = 9
host: var_gaussian_y_extent_0 = 1996, var_gaussian_y_extent_1 = 996
host: var_gaussian_y_min_0 = 0, var_gaussian_y_min_1 = 0
Info: Emulation mode.
INFO: [SDx-EM 22] [Wall clock time: 15:40, Emulation time: 1.11428 ms] Data transfer between kernel(s) and global memory(s)
BANK0          RD = 128.000 KB             WR = 0.000 KB        

INFO: [SDx-EM 22] [Wall clock time: 15:45, Emulation time: 2.15405 ms] Data transfer between kernel(s) and global memory(s)
BANK0          RD = 128.000 KB             WR = 0.000 KB        

INFO: [SDx-EM 22] [Wall clock time: 15:50, Emulation time: 4.89021 ms] Data transfer between kernel(s) and global memory(s)
BANK0          RD = 128.000 KB             WR = 0.000 KB        

INFO: [SDx-EM 22] [Wall clock time: 15:55, Emulation time: 8.04664 ms] Data transfer between kernel(s) and global memory(s)
BANK0          RD = 128.000 KB             WR = 0.000 KB        

INFO: [SDx-EM 22] [Wall clock time: 16:00, Emulation time: 11.2727 ms] Data transfer between kernel(s) and global memory(s)
BANK0          RD = 128.000 KB             WR = 0.000 KB        

INFO: [SDx-EM 22] [Wall clock time: 16:06, Emulation time: 14.5114 ms] Data transfer between kernel(s) and global memory(s)
BANK0          RD = 128.000 KB             WR = 0.000 KB        

INFO: [SDx-EM 22] [Wall clock time: 16:11, Emulation time: 17.7507 ms] Data transfer between kernel(s) and global memory(s)
BANK0          RD = 128.000 KB             WR = 0.000 KB        

INFO: [SDx-EM 22] [Wall clock time: 16:16, Emulation time: 20.9936 ms] Data transfer between kernel(s) and global memory(s)
BANK0          RD = 128.000 KB             WR = 0.000 KB        

INFO: [SDx-EM 22] [Wall clock time: 16:21, Emulation time: 24.2497 ms] Data transfer between kernel(s) and global memory(s)
BANK0          RD = 128.000 KB             WR = 0.000 KB        

INFO: [SDx-EM 22] [Wall clock time: 16:26, Emulation time: 27.4697 ms] Data transfer between kernel(s) and global memory(s)
BANK0          RD = 128.000 KB             WR = 0.000 KB        

INFO: [SDx-EM 22] [Wall clock time: 16:31, Emulation time: 30.7319 ms] Data transfer between kernel(s) and global memory(s)
BANK0          RD = 128.000 KB             WR = 0.000 KB        

INFO: [SDx-EM 22] [Wall clock time: 16:37, Emulation time: 33.965 ms] Data transfer between kernel(s) and global memory(s)
BANK0          RD = 128.000 KB             WR = 0.000 KB        

INFO: [SDx-EM 22] [Wall clock time: 16:42, Emulation time: 37.2223 ms] Data transfer between kernel(s) and global memory(s)
BANK0          RD = 128.000 KB             WR = 0.000 KB        

INFO: [SDx-EM 22] [Wall clock time: 16:47, Emulation time: 40.4653 ms] Data transfer between kernel(s) and global memory(s)
BANK0          RD = 128.000 KB             WR = 0.000 KB        

INFO: [SDx-EM 22] [Wall clock time: 16:52, Emulation time: 43.7245 ms] Data transfer between kernel(s) and global memory(s)
BANK0          RD = 128.000 KB             WR = 0.000 KB        

INFO: [SDx-EM 22] [Wall clock time: 16:57, Emulation time: 46.9592 ms] Data transfer between kernel(s) and global memory(s)
BANK0          RD = 128.000 KB             WR = 0.000 KB        

INFO: [SDx-EM 22] [Wall clock time: 17:02, Emulation time: 50.1994 ms] Data transfer between kernel(s) and global memory(s)
BANK0          RD = 128.000 KB             WR = 0.000 KB        

INFO: [SDx-EM 22] [Wall clock time: 17:08, Emulation time: 53.4315 ms] Data transfer between kernel(s) and global memory(s)
BANK0          RD = 128.000 KB             WR = 0.000 KB        

INFO: [SDx-EM 22] [Wall clock time: 17:13, Emulation time: 56.7211 ms] Data transfer between kernel(s) and global memory(s)
BANK0          RD = 128.000 KB             WR = 0.000 KB        

INFO: [SDx-EM 22] [Wall clock time: 17:18, Emulation time: 60.0083 ms] Data transfer between kernel(s) and global memory(s)
BANK0          RD = 128.000 KB             WR = 0.000 KB        

INFO: [SDx-EM 22] [Wall clock time: 17:23, Emulation time: 63.3049 ms] Data transfer between kernel(s) and global memory(s)
BANK0          RD = 128.000 KB             WR = 0.000 KB        

INFO: [SDx-EM 22] [Wall clock time: 17:28, Emulation time: 66.6008 ms] Data transfer between kernel(s) and global memory(s)
BANK0          RD = 128.000 KB             WR = 0.000 KB        

INFO: [SDx-EM 22] [Wall clock time: 17:33, Emulation time: 69.9273 ms] Data transfer between kernel(s) and global memory(s)
BANK0          RD = 128.000 KB             WR = 0.000 KB        

INFO: [SDx-EM 22] [Wall clock time: 17:39, Emulation time: 73.2673 ms] Data transfer between kernel(s) and global memory(s)
BANK0          RD = 128.000 KB             WR = 0.000 KB        

INFO: [SDx-EM 22] [Wall clock time: 17:44, Emulation time: 76.6071 ms] Data transfer between kernel(s) and global memory(s)
BANK0          RD = 128.000 KB             WR = 0.000 KB        

INFO: [SDx-EM 22] [Wall clock time: 17:49, Emulation time: 79.9377 ms] Data transfer between kernel(s) and global memory(s)
BANK0          RD = 128.000 KB             WR = 0.000 KB        

INFO: [SDx-EM 22] [Wall clock time: 17:54, Emulation time: 83.2582 ms] Data transfer between kernel(s) and global memory(s)
BANK0          RD = 128.000 KB             WR = 0.000 KB        

INFO: [SDx-EM 22] [Wall clock time: 17:59, Emulation time: 86.5693 ms] Data transfer between kernel(s) and global memory(s)
BANK0          RD = 128.000 KB             WR = 0.000 KB        

INFO: [SDx-EM 22] [Wall clock time: 18:04, Emulation time: 89.8845 ms] Data transfer between kernel(s) and global memory(s)
BANK0          RD = 128.000 KB             WR = 0.000 KB        

INFO: [SDx-EM 22] [Wall clock time: 18:10, Emulation time: 93.2045 ms] Data transfer between kernel(s) and global memory(s)
BANK0          RD = 128.000 KB             WR = 0.000 KB        

INFO: [SDx-EM 22] [Wall clock time: 18:15, Emulation time: 96.5285 ms] Data transfer between kernel(s) and global memory(s)
BANK0          RD = 128.000 KB             WR = 0.000 KB        

INFO: [SDx-EM 22] [Wall clock time: 18:20, Emulation time: 99.8539 ms] Data transfer between kernel(s) and global memory(s)
BANK0          RD = 128.000 KB             WR = 0.000 KB        

INFO: [SDx-EM 22] [Wall clock time: 18:25, Emulation time: 103.18 ms] Data transfer between kernel(s) and global memory(s)
BANK0          RD = 128.000 KB             WR = 0.000 KB        

INFO: [SDx-EM 22] [Wall clock time: 18:30, Emulation time: 106.5 ms] Data transfer between kernel(s) and global memory(s)
BANK0          RD = 128.000 KB             WR = 0.000 KB        

INFO: [SDx-EM 22] [Wall clock time: 18:35, Emulation time: 109.82 ms] Data transfer between kernel(s) and global memory(s)
BANK0          RD = 128.000 KB             WR = 0.000 KB        

INFO: [SDx-EM 22] [Wall clock time: 18:41, Emulation time: 113.155 ms] Data transfer between kernel(s) and global memory(s)
BANK0          RD = 128.000 KB             WR = 0.000 KB        

INFO: [SDx-EM 22] [Wall clock time: 18:46, Emulation time: 116.477 ms] Data transfer between kernel(s) and global memory(s)
BANK0          RD = 128.000 KB             WR = 0.000 KB        

INFO: [SDx-EM 22] [Wall clock time: 18:51, Emulation time: 119.793 ms] Data transfer between kernel(s) and global memory(s)
BANK0          RD = 128.000 KB             WR = 0.000 KB        

INFO: [SDx-EM 22] [Wall clock time: 18:56, Emulation time: 123.117 ms] Data transfer between kernel(s) and global memory(s)
BANK0          RD = 128.000 KB             WR = 0.000 KB        

INFO: [SDx-EM 22] [Wall clock time: 19:01, Emulation time: 126.444 ms] Data transfer between kernel(s) and global memory(s)
BANK0          RD = 128.000 KB             WR = 0.000 KB        

INFO: [SDx-EM 22] [Wall clock time: 19:06, Emulation time: 129.771 ms] Data transfer between kernel(s) and global memory(s)
BANK0          RD = 128.000 KB             WR = 0.000 KB        

INFO: [SDx-EM 22] [Wall clock time: 19:12, Emulation time: 133.118 ms] Data transfer between kernel(s) and global memory(s)
BANK0          RD = 128.000 KB             WR = 0.000 KB        

INFO: [SDx-EM 22] [Wall clock time: 19:17, Emulation time: 136.448 ms] Data transfer between kernel(s) and global memory(s)
BANK0          RD = 128.000 KB             WR = 0.000 KB        

INFO: [SDx-EM 22] [Wall clock time: 19:22, Emulation time: 139.778 ms] Data transfer between kernel(s) and global memory(s)
BANK0          RD = 128.000 KB             WR = 0.000 KB        

INFO: [SDx-EM 22] [Wall clock time: 19:27, Emulation time: 143.118 ms] Data transfer between kernel(s) and global memory(s)
BANK0          RD = 128.000 KB             WR = 0.000 KB        

INFO: [SDx-EM 22] [Wall clock time: 19:32, Emulation time: 146.444 ms] Data transfer between kernel(s) and global memory(s)
BANK0          RD = 128.000 KB             WR = 0.000 KB        

INFO: [SDx-EM 22] [Wall clock time: 19:37, Emulation time: 149.766 ms] Data transfer between kernel(s) and global memory(s)
BANK0          RD = 128.000 KB             WR = 0.000 KB        

INFO: [SDx-EM 22] [Wall clock time: 19:43, Emulation time: 153.089 ms] Data transfer between kernel(s) and global memory(s)
BANK0          RD = 128.000 KB             WR = 0.000 KB        

INFO: [SDx-EM 22] [Wall clock time: 19:48, Emulation time: 156.418 ms] Data transfer between kernel(s) and global memory(s)
BANK0          RD = 128.000 KB             WR = 0.000 KB        

INFO: [SDx-EM 22] [Wall clock time: 19:53, Emulation time: 159.764 ms] Data transfer between kernel(s) and global memory(s)
BANK0          RD = 128.000 KB             WR = 0.000 KB        

INFO: [SDx-EM 22] [Wall clock time: 19:58, Emulation time: 163.098 ms] Data transfer between kernel(s) and global memory(s)
BANK0          RD = 128.000 KB             WR = 0.000 KB        

INFO: [SDx-EM 22] [Wall clock time: 20:03, Emulation time: 166.42 ms] Data transfer between kernel(s) and global memory(s)
BANK0          RD = 128.000 KB             WR = 0.000 KB        

INFO: [SDx-EM 22] [Wall clock time: 20:08, Emulation time: 169.762 ms] Data transfer between kernel(s) and global memory(s)
BANK0          RD = 128.000 KB             WR = 0.000 KB        

INFO: [SDx-EM 22] [Wall clock time: 20:14, Emulation time: 173.112 ms] Data transfer between kernel(s) and global memory(s)
BANK0          RD = 128.000 KB             WR = 0.000 KB        

INFO: [SDx-EM 22] [Wall clock time: 20:19, Emulation time: 176.509 ms] Data transfer between kernel(s) and global memory(s)
BANK0          RD = 192.000 KB             WR = 64.000 KB       

INFO: [SDx-EM 22] [Wall clock time: 20:24, Emulation time: 179.892 ms] Data transfer between kernel(s) and global memory(s)
BANK0          RD = 192.000 KB             WR = 64.000 KB       

INFO: [SDx-EM 22] [Wall clock time: 20:29, Emulation time: 183.231 ms] Data transfer between kernel(s) and global memory(s)
BANK0          RD = 192.000 KB             WR = 64.000 KB       

INFO: [SDx-EM 22] [Wall clock time: 20:34, Emulation time: 186.567 ms] Data transfer between kernel(s) and global memory(s)
BANK0          RD = 192.000 KB             WR = 64.000 KB       

INFO: [SDx-EM 22] [Wall clock time: 20:39, Emulation time: 189.905 ms] Data transfer between kernel(s) and global memory(s)
BANK0          RD = 192.000 KB             WR = 64.000 KB       

INFO: [SDx-EM 22] [Wall clock time: 20:45, Emulation time: 193.246 ms] Data transfer between kernel(s) and global memory(s)
BANK0          RD = 192.000 KB             WR = 64.000 KB       

INFO: [SDx-EM 22] [Wall clock time: 20:50, Emulation time: 196.588 ms] Data transfer between kernel(s) and global memory(s)
BANK0          RD = 192.000 KB             WR = 64.000 KB       

INFO: [SDx-EM 22] [Wall clock time: 20:55, Emulation time: 199.933 ms] Data transfer between kernel(s) and global memory(s)
BANK0          RD = 192.000 KB             WR = 64.000 KB       

INFO: [SDx-EM 22] [Wall clock time: 21:00, Emulation time: 203.264 ms] Data transfer between kernel(s) and global memory(s)
BANK0          RD = 192.000 KB             WR = 64.000 KB       

INFO: [SDx-EM 22] [Wall clock time: 21:05, Emulation time: 206.605 ms] Data transfer between kernel(s) and global memory(s)
BANK0          RD = 192.000 KB             WR = 64.000 KB       

INFO: [SDx-EM 22] [Wall clock time: 21:10, Emulation time: 209.95 ms] Data transfer between kernel(s) and global memory(s)
BANK0          RD = 192.000 KB             WR = 64.000 KB       

INFO: [SDx-EM 22] [Wall clock time: 21:16, Emulation time: 213.287 ms] Data transfer between kernel(s) and global memory(s)
BANK0          RD = 192.000 KB             WR = 64.000 KB       

INFO: [SDx-EM 22] [Wall clock time: 21:21, Emulation time: 216.633 ms] Data transfer between kernel(s) and global memory(s)
BANK0          RD = 192.000 KB             WR = 64.000 KB       

INFO: [SDx-EM 22] [Wall clock time: 21:26, Emulation time: 219.97 ms] Data transfer between kernel(s) and global memory(s)
BANK0          RD = 192.000 KB             WR = 64.000 KB       

INFO: [SDx-EM 22] [Wall clock time: 21:31, Emulation time: 223.307 ms] Data transfer between kernel(s) and global memory(s)
BANK0          RD = 192.000 KB             WR = 64.000 KB       

INFO: [SDx-EM 22] [Wall clock time: 21:36, Emulation time: 226.635 ms] Data transfer between kernel(s) and global memory(s)
BANK0          RD = 192.000 KB             WR = 64.000 KB       

INFO: [SDx-EM 22] [Wall clock time: 21:41, Emulation time: 229.972 ms] Data transfer between kernel(s) and global memory(s)
BANK0          RD = 192.000 KB             WR = 64.000 KB       

INFO: [SDx-EM 22] [Wall clock time: 21:47, Emulation time: 233.309 ms] Data transfer between kernel(s) and global memory(s)
BANK0          RD = 192.000 KB             WR = 64.000 KB       

INFO: [SDx-EM 22] [Wall clock time: 21:52, Emulation time: 236.649 ms] Data transfer between kernel(s) and global memory(s)
BANK0          RD = 192.000 KB             WR = 64.000 KB       

INFO: [SDx-EM 22] [Wall clock time: 21:57, Emulation time: 239.975 ms] Data transfer between kernel(s) and global memory(s)
BANK0          RD = 192.000 KB             WR = 64.000 KB       

INFO: [SDx-EM 22] [Wall clock time: 22:02, Emulation time: 243.304 ms] Data transfer between kernel(s) and global memory(s)
BANK0          RD = 192.000 KB             WR = 64.000 KB       

INFO: [SDx-EM 22] [Wall clock time: 22:07, Emulation time: 246.636 ms] Data transfer between kernel(s) and global memory(s)
BANK0          RD = 192.000 KB             WR = 64.000 KB       

INFO: [SDx-EM 22] [Wall clock time: 22:12, Emulation time: 249.968 ms] Data transfer between kernel(s) and global memory(s)
BANK0          RD = 192.000 KB             WR = 64.000 KB       

INFO: [SDx-EM 22] [Wall clock time: 22:18, Emulation time: 253.291 ms] Data transfer between kernel(s) and global memory(s)
BANK0          RD = 192.000 KB             WR = 64.000 KB       

INFO: [SDx-EM 22] [Wall clock time: 22:23, Emulation time: 256.613 ms] Data transfer between kernel(s) and global memory(s)
BANK0          RD = 192.000 KB             WR = 64.000 KB       

INFO: [SDx-EM 22] [Wall clock time: 22:28, Emulation time: 259.935 ms] Data transfer between kernel(s) and global memory(s)
BANK0          RD = 192.000 KB             WR = 64.000 KB       

