INFO: Found 1 platforms
INFO: Selected platform 0 from Xilinx
INFO: Selected xilinx:adm-pcie-7v3:1ddr:3.0 as the target device
INFO: Loading gaussian-cosim-unroll32-tile64x128.xclbin
INFO: Found 1 platforms
INFO: Selected platform 0 from Xilinx
INFO: Selected xilinx:adm-pcie-7v3:1ddr:3.0 as the target device
INFO: Loading gaussian-cosim-unroll32-tile64x128.xclbin
INFO: [SDx-EM 01] Hardware emulation runs detailed simulation underneath. It may take long time for large data set. Please use a small dataset for faster execution. You can still get performance trend for your kernel with smaller dataset.
host: tile_num_dim0 = 34, tile_num_dim1 = 9
host: var_gaussian_y_extent_0 = 1996, var_gaussian_y_extent_1 = 996
host: var_gaussian_y_min_0 = 0, var_gaussian_y_min_1 = 0
Info: Emulation mode.
INFO: [SDx-EM 22] [Wall clock time: 15:40, Emulation time: 0.290382 ms] Data transfer between kernel(s) and global memory(s)
BANK0          RD = 2368.000 KB            WR = 2337.000 KB     

INFO: [SDx-EM 22] [Wall clock time: 15:45, Emulation time: 0.554717 ms] Data transfer between kernel(s) and global memory(s)
BANK0          RD = 4549.000 KB            WR = 4518.000 KB     

PCIe write time: 5303.826000 us
Kernel run time: 654392589.234000 us
PCIe read  time: 46106.498000 us
Total run  time: 654444038.971000 us
Kernel runtime: 656508285.507000 us
INFO: [SDx-EM 22] [Wall clock time: 15:46, Emulation time: 0.600763 ms] Data transfer between kernel(s) and global memory(s)
BANK0          RD = 4896.000 KB            WR = 4896.000 KB     

