INFO: Found 1 platforms
INFO: Selected platform 0 from Xilinx
INFO: Selected xilinx:adm-pcie-7v3:1ddr:3.0 as the target device
INFO: Loading gaussian-cosim-unroll8-tile256x128.xclbin
INFO: Found 1 platforms
INFO: Selected platform 0 from Xilinx
INFO: Selected xilinx:adm-pcie-7v3:1ddr:3.0 as the target device
INFO: Loading gaussian-cosim-unroll8-tile256x128.xclbin
INFO: [SDx-EM 01] Hardware emulation runs detailed simulation underneath. It may take long time for large data set. Please use a small dataset for faster execution. You can still get performance trend for your kernel with smaller dataset.
host: tile_num_dim0 = 8, tile_num_dim1 = 9
host: var_gaussian_y_extent_0 = 1996, var_gaussian_y_extent_1 = 996
host: var_gaussian_y_min_0 = 0, var_gaussian_y_min_1 = 0
Info: Emulation mode.
INFO: [SDx-EM 22] [Wall clock time: 15:40, Emulation time: 0.614938 ms] Data transfer between kernel(s) and global memory(s)
BANK0          RD = 128.000 KB             WR = 0.000 KB        

INFO: [SDx-EM 22] [Wall clock time: 15:45, Emulation time: 1.25003 ms] Data transfer between kernel(s) and global memory(s)
BANK0          RD = 128.000 KB             WR = 0.000 KB        

INFO: [SDx-EM 22] [Wall clock time: 15:50, Emulation time: 3.83671 ms] Data transfer between kernel(s) and global memory(s)
BANK0          RD = 192.000 KB             WR = 64.000 KB       

INFO: [SDx-EM 22] [Wall clock time: 15:55, Emulation time: 6.76914 ms] Data transfer between kernel(s) and global memory(s)
BANK0          RD = 256.000 KB             WR = 128.000 KB      

INFO: [SDx-EM 22] [Wall clock time: 16:00, Emulation time: 9.4892 ms] Data transfer between kernel(s) and global memory(s)
BANK0          RD = 320.000 KB             WR = 192.000 KB      

INFO: [SDx-EM 22] [Wall clock time: 16:06, Emulation time: 12.3225 ms] Data transfer between kernel(s) and global memory(s)
BANK0          RD = 384.000 KB             WR = 256.000 KB      

INFO: [SDx-EM 22] [Wall clock time: 16:11, Emulation time: 15.2211 ms] Data transfer between kernel(s) and global memory(s)
BANK0          RD = 448.000 KB             WR = 320.000 KB      

INFO: [SDx-EM 22] [Wall clock time: 16:16, Emulation time: 18.0402 ms] Data transfer between kernel(s) and global memory(s)
BANK0          RD = 512.000 KB             WR = 384.000 KB      

INFO: [SDx-EM 22] [Wall clock time: 16:21, Emulation time: 20.8409 ms] Data transfer between kernel(s) and global memory(s)
BANK0          RD = 576.000 KB             WR = 448.000 KB      

INFO: [SDx-EM 22] [Wall clock time: 16:26, Emulation time: 23.6334 ms] Data transfer between kernel(s) and global memory(s)
BANK0          RD = 640.000 KB             WR = 512.000 KB      

INFO: [SDx-EM 22] [Wall clock time: 16:31, Emulation time: 26.5093 ms] Data transfer between kernel(s) and global memory(s)
BANK0          RD = 704.000 KB             WR = 576.000 KB      

INFO: [SDx-EM 22] [Wall clock time: 16:37, Emulation time: 29.5076 ms] Data transfer between kernel(s) and global memory(s)
BANK0          RD = 768.000 KB             WR = 640.000 KB      

INFO: [SDx-EM 22] [Wall clock time: 16:42, Emulation time: 32.4005 ms] Data transfer between kernel(s) and global memory(s)
BANK0          RD = 832.000 KB             WR = 704.000 KB      

INFO: [SDx-EM 22] [Wall clock time: 16:47, Emulation time: 35.1499 ms] Data transfer between kernel(s) and global memory(s)
BANK0          RD = 896.000 KB             WR = 768.000 KB      

INFO: [SDx-EM 22] [Wall clock time: 16:52, Emulation time: 37.8954 ms] Data transfer between kernel(s) and global memory(s)
BANK0          RD = 960.000 KB             WR = 832.000 KB      

INFO: [SDx-EM 22] [Wall clock time: 16:57, Emulation time: 40.8187 ms] Data transfer between kernel(s) and global memory(s)
BANK0          RD = 1024.000 KB            WR = 896.000 KB      

INFO: [SDx-EM 22] [Wall clock time: 17:02, Emulation time: 43.5999 ms] Data transfer between kernel(s) and global memory(s)
BANK0          RD = 1088.000 KB            WR = 960.000 KB      

INFO: [SDx-EM 22] [Wall clock time: 17:08, Emulation time: 46.499 ms] Data transfer between kernel(s) and global memory(s)
BANK0          RD = 1152.000 KB            WR = 1024.000 KB     

INFO: [SDx-EM 22] [Wall clock time: 17:13, Emulation time: 49.6066 ms] Data transfer between kernel(s) and global memory(s)
BANK0          RD = 1280.000 KB            WR = 1152.000 KB     

INFO: [SDx-EM 22] [Wall clock time: 17:18, Emulation time: 52.8119 ms] Data transfer between kernel(s) and global memory(s)
BANK0          RD = 1344.000 KB            WR = 1216.000 KB     

INFO: [SDx-EM 22] [Wall clock time: 17:23, Emulation time: 56.0753 ms] Data transfer between kernel(s) and global memory(s)
BANK0          RD = 1408.000 KB            WR = 1280.000 KB     

INFO: [SDx-EM 22] [Wall clock time: 17:28, Emulation time: 59.2434 ms] Data transfer between kernel(s) and global memory(s)
BANK0          RD = 1472.000 KB            WR = 1344.000 KB     

INFO: [SDx-EM 22] [Wall clock time: 17:33, Emulation time: 62.4934 ms] Data transfer between kernel(s) and global memory(s)
BANK0          RD = 1536.000 KB            WR = 1408.000 KB     

INFO: [SDx-EM 22] [Wall clock time: 17:39, Emulation time: 65.6992 ms] Data transfer between kernel(s) and global memory(s)
BANK0          RD = 1600.000 KB            WR = 1472.000 KB     

INFO: [SDx-EM 22] [Wall clock time: 17:44, Emulation time: 68.897 ms] Data transfer between kernel(s) and global memory(s)
BANK0          RD = 1728.000 KB            WR = 1600.000 KB     

INFO: [SDx-EM 22] [Wall clock time: 17:49, Emulation time: 72.2546 ms] Data transfer between kernel(s) and global memory(s)
BANK0          RD = 1792.000 KB            WR = 1664.000 KB     

INFO: [SDx-EM 22] [Wall clock time: 17:54, Emulation time: 75.5993 ms] Data transfer between kernel(s) and global memory(s)
BANK0          RD = 1856.000 KB            WR = 1728.000 KB     

INFO: [SDx-EM 22] [Wall clock time: 17:59, Emulation time: 78.9251 ms] Data transfer between kernel(s) and global memory(s)
BANK0          RD = 1920.000 KB            WR = 1792.000 KB     

INFO: [SDx-EM 22] [Wall clock time: 18:04, Emulation time: 82.2833 ms] Data transfer between kernel(s) and global memory(s)
BANK0          RD = 1984.000 KB            WR = 1856.000 KB     

INFO: [SDx-EM 22] [Wall clock time: 18:10, Emulation time: 85.6894 ms] Data transfer between kernel(s) and global memory(s)
BANK0          RD = 2112.000 KB            WR = 1984.000 KB     

INFO: [SDx-EM 22] [Wall clock time: 18:15, Emulation time: 89.1148 ms] Data transfer between kernel(s) and global memory(s)
BANK0          RD = 2176.000 KB            WR = 2048.000 KB     

INFO: [SDx-EM 22] [Wall clock time: 18:20, Emulation time: 92.5952 ms] Data transfer between kernel(s) and global memory(s)
BANK0          RD = 2240.000 KB            WR = 2112.000 KB     

INFO: [SDx-EM 22] [Wall clock time: 18:25, Emulation time: 96.0549 ms] Data transfer between kernel(s) and global memory(s)
BANK0          RD = 2304.000 KB            WR = 2176.000 KB     

INFO: [SDx-EM 22] [Wall clock time: 18:30, Emulation time: 99.4597 ms] Data transfer between kernel(s) and global memory(s)
BANK0          RD = 2432.000 KB            WR = 2304.000 KB     

INFO: [SDx-EM 22] [Wall clock time: 18:35, Emulation time: 102.905 ms] Data transfer between kernel(s) and global memory(s)
BANK0          RD = 2496.000 KB            WR = 2368.000 KB     

INFO: [SDx-EM 22] [Wall clock time: 18:41, Emulation time: 106.396 ms] Data transfer between kernel(s) and global memory(s)
BANK0          RD = 2560.000 KB            WR = 2432.000 KB     

INFO: [SDx-EM 22] [Wall clock time: 18:46, Emulation time: 109.888 ms] Data transfer between kernel(s) and global memory(s)
BANK0          RD = 2682.000 KB            WR = 2560.000 KB     

INFO: [SDx-EM 22] [Wall clock time: 18:51, Emulation time: 113.349 ms] Data transfer between kernel(s) and global memory(s)
BANK0          RD = 2752.000 KB            WR = 2624.000 KB     

INFO: [SDx-EM 22] [Wall clock time: 18:56, Emulation time: 116.731 ms] Data transfer between kernel(s) and global memory(s)
BANK0          RD = 2816.000 KB            WR = 2688.000 KB     

INFO: [SDx-EM 22] [Wall clock time: 19:01, Emulation time: 120.136 ms] Data transfer between kernel(s) and global memory(s)
BANK0          RD = 2880.000 KB            WR = 2752.000 KB     

INFO: [SDx-EM 22] [Wall clock time: 19:06, Emulation time: 123.561 ms] Data transfer between kernel(s) and global memory(s)
BANK0          RD = 2944.000 KB            WR = 2816.000 KB     

INFO: [SDx-EM 22] [Wall clock time: 19:12, Emulation time: 126.935 ms] Data transfer between kernel(s) and global memory(s)
BANK0          RD = 3072.000 KB            WR = 2944.000 KB     

INFO: [SDx-EM 22] [Wall clock time: 19:17, Emulation time: 130.374 ms] Data transfer between kernel(s) and global memory(s)
BANK0          RD = 3136.000 KB            WR = 3008.000 KB     

INFO: [SDx-EM 22] [Wall clock time: 19:22, Emulation time: 133.863 ms] Data transfer between kernel(s) and global memory(s)
BANK0          RD = 3200.000 KB            WR = 3072.000 KB     

INFO: [SDx-EM 22] [Wall clock time: 19:27, Emulation time: 137.287 ms] Data transfer between kernel(s) and global memory(s)
BANK0          RD = 3264.000 KB            WR = 3136.000 KB     

INFO: [SDx-EM 22] [Wall clock time: 19:32, Emulation time: 140.679 ms] Data transfer between kernel(s) and global memory(s)
BANK0          RD = 3392.000 KB            WR = 3264.000 KB     

INFO: [SDx-EM 22] [Wall clock time: 19:37, Emulation time: 144.12 ms] Data transfer between kernel(s) and global memory(s)
BANK0          RD = 3456.000 KB            WR = 3328.000 KB     

INFO: [SDx-EM 22] [Wall clock time: 19:43, Emulation time: 147.502 ms] Data transfer between kernel(s) and global memory(s)
BANK0          RD = 3520.000 KB            WR = 3392.000 KB     

INFO: [SDx-EM 22] [Wall clock time: 19:48, Emulation time: 150.89 ms] Data transfer between kernel(s) and global memory(s)
BANK0          RD = 3584.000 KB            WR = 3456.000 KB     

INFO: [SDx-EM 22] [Wall clock time: 19:53, Emulation time: 154.278 ms] Data transfer between kernel(s) and global memory(s)
BANK0          RD = 3712.000 KB            WR = 3584.000 KB     

INFO: [SDx-EM 22] [Wall clock time: 19:58, Emulation time: 157.708 ms] Data transfer between kernel(s) and global memory(s)
BANK0          RD = 3776.000 KB            WR = 3648.000 KB     

INFO: [SDx-EM 22] [Wall clock time: 20:03, Emulation time: 161.11 ms] Data transfer between kernel(s) and global memory(s)
BANK0          RD = 3840.000 KB            WR = 3712.000 KB     

INFO: [SDx-EM 22] [Wall clock time: 20:08, Emulation time: 164.568 ms] Data transfer between kernel(s) and global memory(s)
BANK0          RD = 3904.000 KB            WR = 3776.000 KB     

INFO: [SDx-EM 22] [Wall clock time: 20:14, Emulation time: 167.973 ms] Data transfer between kernel(s) and global memory(s)
BANK0          RD = 4032.000 KB            WR = 3904.000 KB     

INFO: [SDx-EM 22] [Wall clock time: 20:19, Emulation time: 171.339 ms] Data transfer between kernel(s) and global memory(s)
BANK0          RD = 4096.000 KB            WR = 3968.000 KB     

INFO: [SDx-EM 22] [Wall clock time: 20:24, Emulation time: 174.726 ms] Data transfer between kernel(s) and global memory(s)
BANK0          RD = 4160.000 KB            WR = 4032.000 KB     

INFO: [SDx-EM 22] [Wall clock time: 20:29, Emulation time: 178.238 ms] Data transfer between kernel(s) and global memory(s)
BANK0          RD = 4224.000 KB            WR = 4096.000 KB     

INFO: [SDx-EM 22] [Wall clock time: 20:34, Emulation time: 181.834 ms] Data transfer between kernel(s) and global memory(s)
BANK0          RD = 4352.000 KB            WR = 4224.000 KB     

INFO: [SDx-EM 22] [Wall clock time: 20:39, Emulation time: 185.41 ms] Data transfer between kernel(s) and global memory(s)
BANK0          RD = 4416.000 KB            WR = 4288.000 KB     

INFO: [SDx-EM 22] [Wall clock time: 20:45, Emulation time: 189.022 ms] Data transfer between kernel(s) and global memory(s)
BANK0          RD = 4480.000 KB            WR = 4352.000 KB     

INFO: [SDx-EM 22] [Wall clock time: 20:50, Emulation time: 192.603 ms] Data transfer between kernel(s) and global memory(s)
BANK0          RD = 4608.000 KB            WR = 4480.000 KB     

INFO: [SDx-EM 22] [Wall clock time: 20:55, Emulation time: 196.205 ms] Data transfer between kernel(s) and global memory(s)
BANK0          RD = 4608.000 KB            WR = 4544.000 KB     

PCIe write time: 8336.794000 us
Kernel run time: 19355069753.431999 us
PCIe read  time: 26939.952000 us
Total run  time: 19355105066.784000 us
Kernel runtime: 19357027672.406998 us
INFO: [SDx-EM 22] [Wall clock time: 20:57, Emulation time: 197.775 ms] Data transfer between kernel(s) and global memory(s)
BANK0          RD = 4608.000 KB            WR = 4608.000 KB     

