INFO: Found 1 platforms
INFO: Selected platform 0 from Xilinx
INFO: Selected xilinx:adm-pcie-7v3:1ddr:3.0 as the target device
INFO: Loading gaussian-cosim-unroll64-tile128x256.xclbin
INFO: Found 1 platforms
INFO: Selected platform 0 from Xilinx
INFO: Selected xilinx:adm-pcie-7v3:1ddr:3.0 as the target device
INFO: Loading gaussian-cosim-unroll64-tile128x256.xclbin
INFO: [SDx-EM 01] Hardware emulation runs detailed simulation underneath. It may take long time for large data set. Please use a small dataset for faster execution. You can still get performance trend for your kernel with smaller dataset.
host: tile_num_dim0 = 17, tile_num_dim1 = 4
host: var_gaussian_y_extent_0 = 1996, var_gaussian_y_extent_1 = 996
host: var_gaussian_y_min_0 = 0, var_gaussian_y_min_1 = 0
Info: Emulation mode.
INFO: [SDx-EM 22] [Wall clock time: 15:40, Emulation time: 0.264387 ms] Data transfer between kernel(s) and global memory(s)
BANK0          RD = 1728.000 KB            WR = 1575.000 KB     

INFO: [SDx-EM 22] [Wall clock time: 15:45, Emulation time: 0.524383 ms] Data transfer between kernel(s) and global memory(s)
BANK0          RD = 3390.000 KB            WR = 3208.000 KB     

PCIe write time: 11119.631000 us
Kernel run time: 724365774.522000 us
PCIe read  time: 39549.372000 us
Total run  time: 724416488.769000 us
Kernel runtime: 726661131.882000 us
INFO: [SDx-EM 22] [Wall clock time: 15:47, Emulation time: 0.693378 ms] Data transfer between kernel(s) and global memory(s)
BANK0          RD = 4352.000 KB            WR = 4352.000 KB     

