INFO: Found 1 platforms
INFO: Selected platform 0 from Xilinx
INFO: Selected xilinx:adm-pcie-7v3:1ddr:3.0 as the target device
INFO: Loading /tmp/tmp.NOyt2nlRN9-sdaccel-2016.3-halide1-tmp/bit/gaussian-hls-cosim.xclbin
INFO: Found 1 platforms
INFO: Selected platform 0 from Xilinx
INFO: Selected xilinx:adm-pcie-7v3:1ddr:3.0 as the target device
INFO: Loading /tmp/tmp.NOyt2nlRN9-sdaccel-2016.3-halide1-tmp/bit/gaussian-hls-cosim.xclbin
INFO: [SDx-EM 01] Hardware emulation runs detailed simulation underneath. It may take long time for large data set. Please use a small dataset for faster execution. You can still get performance trend for your kernel with smaller dataset.
host: tile_num_dim0 = 17, tile_num_dim1 = 9
host: var_gaussian_y_extent_0 = 1996, var_gaussian_y_extent_1 = 996
host: var_gaussian_y_min_0 = 0, var_gaussian_y_min_1 = 0
Info: Emulation mode.
INFO: [SDx-EM 22] [Wall clock time: 14:55, Emulation time: 1.2138 ms] Data transfer between kernel(s) and global memory(s)
BANK0          RD = 3168.000 KB            WR = 3104.000 KB     

PCIe write time: 4640.378000 us
Kernel run time: 470028395.836000 us
PCIe read  time: 36658.943000 us
Total run  time: 470069716.372000 us
Kernel runtime: 472308305.014000 us
INFO: [SDx-EM 22] [Wall clock time: 14:58, Emulation time: 1.90471 ms] Data transfer between kernel(s) and global memory(s)
BANK0          RD = 4896.000 KB            WR = 4896.000 KB     

