INFO: Found 1 platforms
INFO: Selected platform 0 from Xilinx
INFO: Selected xilinx:adm-pcie-7v3:1ddr:3.0 as the target device
INFO: Loading gaussian-cosim-unroll1-tile256x64.xclbin
INFO: Found 1 platforms
INFO: Selected platform 0 from Xilinx
INFO: Selected xilinx:adm-pcie-7v3:1ddr:3.0 as the target device
INFO: Loading gaussian-cosim-unroll1-tile256x64.xclbin
INFO: [SDx-EM 01] Hardware emulation runs detailed simulation underneath. It may take long time for large data set. Please use a small dataset for faster execution. You can still get performance trend for your kernel with smaller dataset.
host: tile_num_dim0 = 8, tile_num_dim1 = 17
host: var_gaussian_y_extent_0 = 1996, var_gaussian_y_extent_1 = 996
host: var_gaussian_y_min_0 = 0, var_gaussian_y_min_1 = 0
Info: Emulation mode.
INFO: [SDx-EM 22] [Wall clock time: 15:40, Emulation time: 0.671868 ms] Data transfer between kernel(s) and global memory(s)
BANK0          RD = 64.000 KB              WR = 0.000 KB        

INFO: [SDx-EM 22] [Wall clock time: 15:45, Emulation time: 1.3942 ms] Data transfer between kernel(s) and global memory(s)
BANK0          RD = 64.000 KB              WR = 0.000 KB        

INFO: [SDx-EM 22] [Wall clock time: 15:50, Emulation time: 4.02384 ms] Data transfer between kernel(s) and global memory(s)
BANK0          RD = 64.000 KB              WR = 0.000 KB        

INFO: [SDx-EM 22] [Wall clock time: 15:55, Emulation time: 7.00521 ms] Data transfer between kernel(s) and global memory(s)
BANK0          RD = 64.000 KB              WR = 0.000 KB        

INFO: [SDx-EM 22] [Wall clock time: 16:00, Emulation time: 9.85668 ms] Data transfer between kernel(s) and global memory(s)
BANK0          RD = 64.000 KB              WR = 0.000 KB        

INFO: [SDx-EM 22] [Wall clock time: 16:06, Emulation time: 12.7152 ms] Data transfer between kernel(s) and global memory(s)
BANK0          RD = 64.000 KB              WR = 0.000 KB        

INFO: [SDx-EM 22] [Wall clock time: 16:11, Emulation time: 15.5122 ms] Data transfer between kernel(s) and global memory(s)
BANK0          RD = 64.000 KB              WR = 0.000 KB        

INFO: [SDx-EM 22] [Wall clock time: 16:16, Emulation time: 18.3832 ms] Data transfer between kernel(s) and global memory(s)
BANK0          RD = 64.000 KB              WR = 0.000 KB        

INFO: [SDx-EM 22] [Wall clock time: 16:21, Emulation time: 21.1669 ms] Data transfer between kernel(s) and global memory(s)
BANK0          RD = 64.000 KB              WR = 0.000 KB        

INFO: [SDx-EM 22] [Wall clock time: 16:26, Emulation time: 24.0241 ms] Data transfer between kernel(s) and global memory(s)
BANK0          RD = 64.000 KB              WR = 0.000 KB        

INFO: [SDx-EM 22] [Wall clock time: 16:31, Emulation time: 27.0387 ms] Data transfer between kernel(s) and global memory(s)
BANK0          RD = 64.000 KB              WR = 0.000 KB        

INFO: [SDx-EM 22] [Wall clock time: 16:37, Emulation time: 29.8385 ms] Data transfer between kernel(s) and global memory(s)
BANK0          RD = 64.000 KB              WR = 0.000 KB        

INFO: [SDx-EM 22] [Wall clock time: 16:42, Emulation time: 32.6091 ms] Data transfer between kernel(s) and global memory(s)
BANK0          RD = 64.000 KB              WR = 0.000 KB        

INFO: [SDx-EM 22] [Wall clock time: 16:47, Emulation time: 35.4345 ms] Data transfer between kernel(s) and global memory(s)
BANK0          RD = 64.000 KB              WR = 0.000 KB        

INFO: [SDx-EM 22] [Wall clock time: 16:52, Emulation time: 38.1669 ms] Data transfer between kernel(s) and global memory(s)
BANK0          RD = 64.000 KB              WR = 0.000 KB        

INFO: [SDx-EM 22] [Wall clock time: 16:57, Emulation time: 41.0027 ms] Data transfer between kernel(s) and global memory(s)
BANK0          RD = 64.000 KB              WR = 0.000 KB        

INFO: [SDx-EM 22] [Wall clock time: 17:02, Emulation time: 43.7362 ms] Data transfer between kernel(s) and global memory(s)
BANK0          RD = 64.000 KB              WR = 0.000 KB        

INFO: [SDx-EM 22] [Wall clock time: 17:08, Emulation time: 46.5153 ms] Data transfer between kernel(s) and global memory(s)
BANK0          RD = 64.000 KB              WR = 0.000 KB        

INFO: [SDx-EM 22] [Wall clock time: 17:13, Emulation time: 49.5358 ms] Data transfer between kernel(s) and global memory(s)
BANK0          RD = 64.000 KB              WR = 0.000 KB        

INFO: [SDx-EM 22] [Wall clock time: 17:18, Emulation time: 52.6298 ms] Data transfer between kernel(s) and global memory(s)
BANK0          RD = 64.000 KB              WR = 0.000 KB        

INFO: [SDx-EM 22] [Wall clock time: 17:23, Emulation time: 55.7013 ms] Data transfer between kernel(s) and global memory(s)
BANK0          RD = 64.000 KB              WR = 0.000 KB        

INFO: [SDx-EM 22] [Wall clock time: 17:28, Emulation time: 58.7923 ms] Data transfer between kernel(s) and global memory(s)
BANK0          RD = 64.000 KB              WR = 0.000 KB        

INFO: [SDx-EM 22] [Wall clock time: 17:33, Emulation time: 61.8799 ms] Data transfer between kernel(s) and global memory(s)
BANK0          RD = 64.000 KB              WR = 0.000 KB        

INFO: [SDx-EM 22] [Wall clock time: 17:39, Emulation time: 64.933 ms] Data transfer between kernel(s) and global memory(s)
BANK0          RD = 64.000 KB              WR = 0.000 KB        

INFO: [SDx-EM 22] [Wall clock time: 17:44, Emulation time: 67.9918 ms] Data transfer between kernel(s) and global memory(s)
BANK0          RD = 64.000 KB              WR = 0.000 KB        

INFO: [SDx-EM 22] [Wall clock time: 17:49, Emulation time: 71.2778 ms] Data transfer between kernel(s) and global memory(s)
BANK0          RD = 64.000 KB              WR = 0.000 KB        

INFO: [SDx-EM 22] [Wall clock time: 17:54, Emulation time: 74.4588 ms] Data transfer between kernel(s) and global memory(s)
BANK0          RD = 64.000 KB              WR = 0.000 KB        

INFO: [SDx-EM 22] [Wall clock time: 17:59, Emulation time: 77.7165 ms] Data transfer between kernel(s) and global memory(s)
BANK0          RD = 64.000 KB              WR = 0.000 KB        

INFO: [SDx-EM 22] [Wall clock time: 18:04, Emulation time: 81.0088 ms] Data transfer between kernel(s) and global memory(s)
BANK0          RD = 64.000 KB              WR = 0.000 KB        

INFO: [SDx-EM 22] [Wall clock time: 18:10, Emulation time: 84.304 ms] Data transfer between kernel(s) and global memory(s)
BANK0          RD = 64.000 KB              WR = 0.000 KB        

INFO: [SDx-EM 22] [Wall clock time: 18:15, Emulation time: 87.6469 ms] Data transfer between kernel(s) and global memory(s)
BANK0          RD = 64.000 KB              WR = 0.000 KB        

INFO: [SDx-EM 22] [Wall clock time: 18:20, Emulation time: 91.0659 ms] Data transfer between kernel(s) and global memory(s)
BANK0          RD = 96.000 KB              WR = 32.000 KB       

INFO: [SDx-EM 22] [Wall clock time: 18:25, Emulation time: 94.4647 ms] Data transfer between kernel(s) and global memory(s)
BANK0          RD = 96.000 KB              WR = 32.000 KB       

INFO: [SDx-EM 22] [Wall clock time: 18:30, Emulation time: 97.8028 ms] Data transfer between kernel(s) and global memory(s)
BANK0          RD = 96.000 KB              WR = 32.000 KB       

INFO: [SDx-EM 22] [Wall clock time: 18:35, Emulation time: 101.125 ms] Data transfer between kernel(s) and global memory(s)
BANK0          RD = 96.000 KB              WR = 32.000 KB       

INFO: [SDx-EM 22] [Wall clock time: 18:41, Emulation time: 104.412 ms] Data transfer between kernel(s) and global memory(s)
BANK0          RD = 96.000 KB              WR = 32.000 KB       

INFO: [SDx-EM 22] [Wall clock time: 18:46, Emulation time: 107.742 ms] Data transfer between kernel(s) and global memory(s)
BANK0          RD = 96.000 KB              WR = 32.000 KB       

INFO: [SDx-EM 22] [Wall clock time: 18:51, Emulation time: 111.051 ms] Data transfer between kernel(s) and global memory(s)
BANK0          RD = 96.000 KB              WR = 32.000 KB       

INFO: [SDx-EM 22] [Wall clock time: 18:56, Emulation time: 114.326 ms] Data transfer between kernel(s) and global memory(s)
BANK0          RD = 96.000 KB              WR = 32.000 KB       

INFO: [SDx-EM 22] [Wall clock time: 19:01, Emulation time: 117.606 ms] Data transfer between kernel(s) and global memory(s)
BANK0          RD = 96.000 KB              WR = 32.000 KB       

INFO: [SDx-EM 22] [Wall clock time: 19:06, Emulation time: 120.89 ms] Data transfer between kernel(s) and global memory(s)
BANK0          RD = 96.000 KB              WR = 32.000 KB       

INFO: [SDx-EM 22] [Wall clock time: 19:12, Emulation time: 124.163 ms] Data transfer between kernel(s) and global memory(s)
BANK0          RD = 96.000 KB              WR = 32.000 KB       

INFO: [SDx-EM 22] [Wall clock time: 19:17, Emulation time: 127.464 ms] Data transfer between kernel(s) and global memory(s)
BANK0          RD = 96.000 KB              WR = 32.000 KB       

INFO: [SDx-EM 22] [Wall clock time: 19:22, Emulation time: 130.783 ms] Data transfer between kernel(s) and global memory(s)
BANK0          RD = 96.000 KB              WR = 32.000 KB       

INFO: [SDx-EM 22] [Wall clock time: 19:27, Emulation time: 134.097 ms] Data transfer between kernel(s) and global memory(s)
BANK0          RD = 96.000 KB              WR = 32.000 KB       

INFO: [SDx-EM 22] [Wall clock time: 19:32, Emulation time: 137.411 ms] Data transfer between kernel(s) and global memory(s)
BANK0          RD = 96.000 KB              WR = 32.000 KB       

INFO: [SDx-EM 22] [Wall clock time: 19:37, Emulation time: 140.722 ms] Data transfer between kernel(s) and global memory(s)
BANK0          RD = 96.000 KB              WR = 32.000 KB       

INFO: [SDx-EM 22] [Wall clock time: 19:43, Emulation time: 144.068 ms] Data transfer between kernel(s) and global memory(s)
BANK0          RD = 96.000 KB              WR = 32.000 KB       

INFO: [SDx-EM 22] [Wall clock time: 19:48, Emulation time: 147.399 ms] Data transfer between kernel(s) and global memory(s)
BANK0          RD = 96.000 KB              WR = 32.000 KB       

INFO: [SDx-EM 22] [Wall clock time: 19:53, Emulation time: 150.735 ms] Data transfer between kernel(s) and global memory(s)
BANK0          RD = 96.000 KB              WR = 32.000 KB       

INFO: [SDx-EM 22] [Wall clock time: 19:58, Emulation time: 154.027 ms] Data transfer between kernel(s) and global memory(s)
BANK0          RD = 96.000 KB              WR = 32.000 KB       

INFO: [SDx-EM 22] [Wall clock time: 20:03, Emulation time: 157.28 ms] Data transfer between kernel(s) and global memory(s)
BANK0          RD = 96.000 KB              WR = 32.000 KB       

INFO: [SDx-EM 22] [Wall clock time: 20:08, Emulation time: 160.601 ms] Data transfer between kernel(s) and global memory(s)
BANK0          RD = 96.000 KB              WR = 32.000 KB       

INFO: [SDx-EM 22] [Wall clock time: 20:14, Emulation time: 163.897 ms] Data transfer between kernel(s) and global memory(s)
BANK0          RD = 96.000 KB              WR = 32.000 KB       

INFO: [SDx-EM 22] [Wall clock time: 20:19, Emulation time: 167.197 ms] Data transfer between kernel(s) and global memory(s)
BANK0          RD = 96.000 KB              WR = 32.000 KB       

INFO: [SDx-EM 22] [Wall clock time: 20:24, Emulation time: 170.476 ms] Data transfer between kernel(s) and global memory(s)
BANK0          RD = 96.000 KB              WR = 32.000 KB       

INFO: [SDx-EM 22] [Wall clock time: 20:29, Emulation time: 173.76 ms] Data transfer between kernel(s) and global memory(s)
BANK0          RD = 96.000 KB              WR = 32.000 KB       

INFO: [SDx-EM 22] [Wall clock time: 20:34, Emulation time: 177.051 ms] Data transfer between kernel(s) and global memory(s)
BANK0          RD = 96.000 KB              WR = 32.000 KB       

INFO: [SDx-EM 22] [Wall clock time: 20:39, Emulation time: 180.452 ms] Data transfer between kernel(s) and global memory(s)
BANK0          RD = 96.000 KB              WR = 32.000 KB       

INFO: [SDx-EM 22] [Wall clock time: 20:45, Emulation time: 183.843 ms] Data transfer between kernel(s) and global memory(s)
BANK0          RD = 128.000 KB             WR = 64.000 KB       

INFO: [SDx-EM 22] [Wall clock time: 20:50, Emulation time: 187.202 ms] Data transfer between kernel(s) and global memory(s)
BANK0          RD = 128.000 KB             WR = 64.000 KB       

INFO: [SDx-EM 22] [Wall clock time: 20:55, Emulation time: 190.553 ms] Data transfer between kernel(s) and global memory(s)
BANK0          RD = 128.000 KB             WR = 64.000 KB       

INFO: [SDx-EM 22] [Wall clock time: 21:00, Emulation time: 193.911 ms] Data transfer between kernel(s) and global memory(s)
BANK0          RD = 128.000 KB             WR = 64.000 KB       

INFO: [SDx-EM 22] [Wall clock time: 21:05, Emulation time: 197.199 ms] Data transfer between kernel(s) and global memory(s)
BANK0          RD = 128.000 KB             WR = 64.000 KB       

INFO: [SDx-EM 22] [Wall clock time: 21:10, Emulation time: 200.502 ms] Data transfer between kernel(s) and global memory(s)
BANK0          RD = 128.000 KB             WR = 64.000 KB       

INFO: [SDx-EM 22] [Wall clock time: 21:16, Emulation time: 203.773 ms] Data transfer between kernel(s) and global memory(s)
BANK0          RD = 128.000 KB             WR = 64.000 KB       

INFO: [SDx-EM 22] [Wall clock time: 21:21, Emulation time: 207.062 ms] Data transfer between kernel(s) and global memory(s)
BANK0          RD = 128.000 KB             WR = 64.000 KB       

INFO: [SDx-EM 22] [Wall clock time: 21:26, Emulation time: 210.321 ms] Data transfer between kernel(s) and global memory(s)
BANK0          RD = 128.000 KB             WR = 64.000 KB       

INFO: [SDx-EM 22] [Wall clock time: 21:31, Emulation time: 213.629 ms] Data transfer between kernel(s) and global memory(s)
BANK0          RD = 128.000 KB             WR = 64.000 KB       

INFO: [SDx-EM 22] [Wall clock time: 21:36, Emulation time: 216.878 ms] Data transfer between kernel(s) and global memory(s)
BANK0          RD = 128.000 KB             WR = 64.000 KB       

INFO: [SDx-EM 22] [Wall clock time: 21:41, Emulation time: 220.171 ms] Data transfer between kernel(s) and global memory(s)
BANK0          RD = 128.000 KB             WR = 64.000 KB       

INFO: [SDx-EM 22] [Wall clock time: 21:47, Emulation time: 223.442 ms] Data transfer between kernel(s) and global memory(s)
BANK0          RD = 128.000 KB             WR = 64.000 KB       

INFO: [SDx-EM 22] [Wall clock time: 21:52, Emulation time: 226.71 ms] Data transfer between kernel(s) and global memory(s)
BANK0          RD = 128.000 KB             WR = 64.000 KB       

INFO: [SDx-EM 22] [Wall clock time: 21:57, Emulation time: 229.997 ms] Data transfer between kernel(s) and global memory(s)
BANK0          RD = 128.000 KB             WR = 64.000 KB       

INFO: [SDx-EM 22] [Wall clock time: 22:02, Emulation time: 233.303 ms] Data transfer between kernel(s) and global memory(s)
BANK0          RD = 128.000 KB             WR = 64.000 KB       

INFO: [SDx-EM 22] [Wall clock time: 22:07, Emulation time: 236.583 ms] Data transfer between kernel(s) and global memory(s)
BANK0          RD = 128.000 KB             WR = 64.000 KB       

INFO: [SDx-EM 22] [Wall clock time: 22:12, Emulation time: 239.925 ms] Data transfer between kernel(s) and global memory(s)
BANK0          RD = 128.000 KB             WR = 64.000 KB       

INFO: [SDx-EM 22] [Wall clock time: 22:18, Emulation time: 243.245 ms] Data transfer between kernel(s) and global memory(s)
BANK0          RD = 128.000 KB             WR = 64.000 KB       

INFO: [SDx-EM 22] [Wall clock time: 22:23, Emulation time: 246.545 ms] Data transfer between kernel(s) and global memory(s)
BANK0          RD = 128.000 KB             WR = 64.000 KB       

INFO: [SDx-EM 22] [Wall clock time: 22:28, Emulation time: 249.829 ms] Data transfer between kernel(s) and global memory(s)
BANK0          RD = 128.000 KB             WR = 64.000 KB       

