INFO: Found 1 platforms
INFO: Selected platform 0 from Xilinx
INFO: Selected xilinx:adm-pcie-7v3:1ddr:3.0 as the target device
INFO: Loading gradient-cosim-unroll64-tile256x64.xclbin
INFO: Found 1 platforms
INFO: Selected platform 0 from Xilinx
INFO: Selected xilinx:adm-pcie-7v3:1ddr:3.0 as the target device
INFO: Loading gradient-cosim-unroll64-tile256x64.xclbin
INFO: [SDx-EM 01] Hardware emulation runs detailed simulation underneath. It may take long time for large data set. Please use a small dataset for faster execution. You can still get performance trend for your kernel with smaller dataset.
host: tile_num_dim0 = 8, tile_num_dim1 = 17
host: var_f_extent_0 = 1998, var_f_extent_1 = 998
host: var_f_min_0 = 0, var_f_min_1 = 0
Info: Emulation mode.
INFO: [SDx-EM 22] [Wall clock time: 21:11, Emulation time: 0.0102025 ms] Data transfer between kernel(s) and global memory(s)
BANK0          RD = 78.000 KB              WR = 0.000 KB        

INFO: [SDx-EM 22] [Wall clock time: 21:17, Emulation time: 0.0204575 ms] Data transfer between kernel(s) and global memory(s)
BANK0          RD = 192.000 KB             WR = 20.000 KB       

INFO: [SDx-EM 22] [Wall clock time: 21:22, Emulation time: 0.0313425 ms] Data transfer between kernel(s) and global memory(s)
BANK0          RD = 256.000 KB             WR = 93.000 KB       

INFO: [SDx-EM 22] [Wall clock time: 21:27, Emulation time: 0.0423175 ms] Data transfer between kernel(s) and global memory(s)
BANK0          RD = 320.000 KB             WR = 166.000 KB      

INFO: [SDx-EM 22] [Wall clock time: 21:32, Emulation time: 0.0534425 ms] Data transfer between kernel(s) and global memory(s)
BANK0          RD = 384.000 KB             WR = 241.000 KB      

INFO: [SDx-EM 22] [Wall clock time: 21:37, Emulation time: 0.0645375 ms] Data transfer between kernel(s) and global memory(s)
BANK0          RD = 448.000 KB             WR = 316.000 KB      

INFO: [SDx-EM 22] [Wall clock time: 21:42, Emulation time: 0.0755125 ms] Data transfer between kernel(s) and global memory(s)
BANK0          RD = 513.000 KB             WR = 386.000 KB      

INFO: [SDx-EM 22] [Wall clock time: 21:48, Emulation time: 0.0858325 ms] Data transfer between kernel(s) and global memory(s)
BANK0          RD = 580.000 KB             WR = 453.000 KB      

INFO: [SDx-EM 22] [Wall clock time: 21:53, Emulation time: 0.0961625 ms] Data transfer between kernel(s) and global memory(s)
BANK0          RD = 647.000 KB             WR = 519.000 KB      

INFO: [SDx-EM 22] [Wall clock time: 21:58, Emulation time: 0.106738 ms] Data transfer between kernel(s) and global memory(s)
BANK0          RD = 717.000 KB             WR = 584.000 KB      

INFO: [SDx-EM 22] [Wall clock time: 22:03, Emulation time: 0.117158 ms] Data transfer between kernel(s) and global memory(s)
BANK0          RD = 785.000 KB             WR = 648.000 KB      

INFO: [SDx-EM 22] [Wall clock time: 22:08, Emulation time: 0.127923 ms] Data transfer between kernel(s) and global memory(s)
BANK0          RD = 857.000 KB             WR = 712.000 KB      

INFO: [SDx-EM 22] [Wall clock time: 22:13, Emulation time: 0.138978 ms] Data transfer between kernel(s) and global memory(s)
BANK0          RD = 934.000 KB             WR = 776.000 KB      

INFO: [SDx-EM 22] [Wall clock time: 22:19, Emulation time: 0.149833 ms] Data transfer between kernel(s) and global memory(s)
BANK0          RD = 1007.000 KB            WR = 840.000 KB      

INFO: [SDx-EM 22] [Wall clock time: 22:24, Emulation time: 0.160188 ms] Data transfer between kernel(s) and global memory(s)
BANK0          RD = 1074.000 KB            WR = 904.000 KB      

INFO: [SDx-EM 22] [Wall clock time: 22:29, Emulation time: 0.170743 ms] Data transfer between kernel(s) and global memory(s)
BANK0          RD = 1144.000 KB            WR = 968.000 KB      

INFO: [SDx-EM 22] [Wall clock time: 22:34, Emulation time: 0.181198 ms] Data transfer between kernel(s) and global memory(s)
BANK0          RD = 1213.000 KB            WR = 1032.000 KB     

INFO: [SDx-EM 22] [Wall clock time: 22:39, Emulation time: 0.192308 ms] Data transfer between kernel(s) and global memory(s)
BANK0          RD = 1280.000 KB            WR = 1112.000 KB     

INFO: [SDx-EM 22] [Wall clock time: 22:44, Emulation time: 0.202933 ms] Data transfer between kernel(s) and global memory(s)
BANK0          RD = 1344.000 KB            WR = 1181.000 KB     

INFO: [SDx-EM 22] [Wall clock time: 22:50, Emulation time: 0.214083 ms] Data transfer between kernel(s) and global memory(s)
BANK0          RD = 1408.000 KB            WR = 1256.000 KB     

INFO: [SDx-EM 22] [Wall clock time: 22:55, Emulation time: 0.225233 ms] Data transfer between kernel(s) and global memory(s)
BANK0          RD = 1472.000 KB            WR = 1332.000 KB     

INFO: [SDx-EM 22] [Wall clock time: 23:00, Emulation time: 0.236408 ms] Data transfer between kernel(s) and global memory(s)
BANK0          RD = 1536.000 KB            WR = 1407.000 KB     

INFO: [SDx-EM 22] [Wall clock time: 23:05, Emulation time: 0.247383 ms] Data transfer between kernel(s) and global memory(s)
BANK0          RD = 1605.000 KB            WR = 1478.000 KB     

INFO: [SDx-EM 22] [Wall clock time: 23:10, Emulation time: 0.259493 ms] Data transfer between kernel(s) and global memory(s)
BANK0          RD = 1694.000 KB            WR = 1544.000 KB     

INFO: [SDx-EM 22] [Wall clock time: 23:15, Emulation time: 0.273458 ms] Data transfer between kernel(s) and global memory(s)
BANK0          RD = 1792.000 KB            WR = 1628.000 KB     

INFO: [SDx-EM 22] [Wall clock time: 23:21, Emulation time: 0.288398 ms] Data transfer between kernel(s) and global memory(s)
BANK0          RD = 1869.000 KB            WR = 1736.000 KB     

INFO: [SDx-EM 22] [Wall clock time: 23:26, Emulation time: 0.304663 ms] Data transfer between kernel(s) and global memory(s)
BANK0          RD = 1984.000 KB            WR = 1830.000 KB     

INFO: [SDx-EM 22] [Wall clock time: 23:31, Emulation time: 0.321293 ms] Data transfer between kernel(s) and global memory(s)
BANK0          RD = 2094.000 KB            WR = 1928.000 KB     

INFO: [SDx-EM 22] [Wall clock time: 23:36, Emulation time: 0.338613 ms] Data transfer between kernel(s) and global memory(s)
BANK0          RD = 2186.000 KB            WR = 2056.000 KB     

INFO: [SDx-EM 22] [Wall clock time: 23:41, Emulation time: 0.356652 ms] Data transfer between kernel(s) and global memory(s)
BANK0          RD = 2304.000 KB            WR = 2166.000 KB     

INFO: [SDx-EM 22] [Wall clock time: 23:46, Emulation time: 0.375117 ms] Data transfer between kernel(s) and global memory(s)
BANK0          RD = 2432.000 KB            WR = 2276.000 KB     

INFO: [SDx-EM 22] [Wall clock time: 23:52, Emulation time: 0.395013 ms] Data transfer between kernel(s) and global memory(s)
BANK0          RD = 2560.000 KB            WR = 2401.000 KB     

INFO: [SDx-EM 22] [Wall clock time: 23:57, Emulation time: 0.416218 ms] Data transfer between kernel(s) and global memory(s)
BANK0          RD = 2688.000 KB            WR = 2540.000 KB     

INFO: [SDx-EM 22] [Wall clock time: 00:02, Emulation time: 0.437568 ms] Data transfer between kernel(s) and global memory(s)
BANK0          RD = 2816.000 KB            WR = 2680.000 KB     

INFO: [SDx-EM 22] [Wall clock time: 00:07, Emulation time: 0.462668 ms] Data transfer between kernel(s) and global memory(s)
BANK0          RD = 2992.000 KB            WR = 2824.000 KB     

INFO: [SDx-EM 22] [Wall clock time: 00:12, Emulation time: 0.489053 ms] Data transfer between kernel(s) and global memory(s)
BANK0          RD = 3136.000 KB            WR = 3009.000 KB     

INFO: [SDx-EM 22] [Wall clock time: 00:17, Emulation time: 0.514488 ms] Data transfer between kernel(s) and global memory(s)
BANK0          RD = 3328.000 KB            WR = 3152.000 KB     

INFO: [SDx-EM 22] [Wall clock time: 00:23, Emulation time: 0.540898 ms] Data transfer between kernel(s) and global memory(s)
BANK0          RD = 3472.000 KB            WR = 3336.000 KB     

INFO: [SDx-EM 22] [Wall clock time: 00:28, Emulation time: 0.566403 ms] Data transfer between kernel(s) and global memory(s)
BANK0          RD = 3648.000 KB            WR = 3488.000 KB     

INFO: [SDx-EM 22] [Wall clock time: 00:33, Emulation time: 0.591627 ms] Data transfer between kernel(s) and global memory(s)
BANK0          RD = 3796.000 KB            WR = 3656.000 KB     

INFO: [SDx-EM 22] [Wall clock time: 00:38, Emulation time: 0.618158 ms] Data transfer between kernel(s) and global memory(s)
BANK0          RD = 3968.000 KB            WR = 3821.000 KB     

INFO: [SDx-EM 22] [Wall clock time: 00:43, Emulation time: 0.643703 ms] Data transfer between kernel(s) and global memory(s)
BANK0          RD = 4136.000 KB            WR = 3976.000 KB     

INFO: [SDx-EM 22] [Wall clock time: 00:48, Emulation time: 0.672493 ms] Data transfer between kernel(s) and global memory(s)
BANK0          RD = 4310.000 KB            WR = 4168.000 KB     

INFO: [SDx-EM 22] [Wall clock time: 00:54, Emulation time: 0.702253 ms] Data transfer between kernel(s) and global memory(s)
BANK0          RD = 4495.000 KB            WR = 4360.000 KB     

INFO: [SDx-EM 22] [Wall clock time: 00:59, Emulation time: 0.735823 ms] Data transfer between kernel(s) and global memory(s)
BANK0          RD = 4728.000 KB            WR = 4552.000 KB     

INFO: [SDx-EM 22] [Wall clock time: 01:04, Emulation time: 0.770678 ms] Data transfer between kernel(s) and global memory(s)
BANK0          RD = 4928.000 KB            WR = 4794.000 KB     

INFO: [SDx-EM 22] [Wall clock time: 01:09, Emulation time: 0.804408 ms] Data transfer between kernel(s) and global memory(s)
BANK0          RD = 5151.000 KB            WR = 5000.000 KB     

INFO: [SDx-EM 22] [Wall clock time: 01:14, Emulation time: 0.839223 ms] Data transfer between kernel(s) and global memory(s)
BANK0          RD = 5376.000 KB            WR = 5220.000 KB     

INFO: [SDx-EM 22] [Wall clock time: 01:19, Emulation time: 0.873518 ms] Data transfer between kernel(s) and global memory(s)
BANK0          RD = 5580.000 KB            WR = 5448.000 KB     

INFO: [SDx-EM 22] [Wall clock time: 01:25, Emulation time: 0.908262 ms] Data transfer between kernel(s) and global memory(s)
BANK0          RD = 5824.000 KB            WR = 5651.000 KB     

INFO: [SDx-EM 22] [Wall clock time: 01:30, Emulation time: 0.943513 ms] Data transfer between kernel(s) and global memory(s)
BANK0          RD = 6020.000 KB            WR = 5893.000 KB     

INFO: [SDx-EM 22] [Wall clock time: 01:35, Emulation time: 0.977758 ms] Data transfer between kernel(s) and global memory(s)
BANK0          RD = 6262.000 KB            WR = 6088.000 KB     

INFO: [SDx-EM 22] [Wall clock time: 01:40, Emulation time: 1.01323 ms] Data transfer between kernel(s) and global memory(s)
BANK0          RD = 6464.000 KB            WR = 6334.000 KB     

INFO: [SDx-EM 22] [Wall clock time: 01:45, Emulation time: 1.04746 ms] Data transfer between kernel(s) and global memory(s)
BANK0          RD = 6698.000 KB            WR = 6536.000 KB     

INFO: [SDx-EM 22] [Wall clock time: 01:50, Emulation time: 1.08251 ms] Data transfer between kernel(s) and global memory(s)
BANK0          RD = 6912.000 KB            WR = 6767.000 KB     

INFO: [SDx-EM 22] [Wall clock time: 01:56, Emulation time: 1.11677 ms] Data transfer between kernel(s) and global memory(s)
BANK0          RD = 7129.000 KB            WR = 6984.000 KB     

INFO: [SDx-EM 22] [Wall clock time: 02:01, Emulation time: 1.15147 ms] Data transfer between kernel(s) and global memory(s)
BANK0          RD = 7360.000 KB            WR = 7198.000 KB     

INFO: [SDx-EM 22] [Wall clock time: 02:06, Emulation time: 1.1871 ms] Data transfer between kernel(s) and global memory(s)
BANK0          RD = 7574.000 KB            WR = 7432.000 KB     

INFO: [SDx-EM 22] [Wall clock time: 02:11, Emulation time: 1.22476 ms] Data transfer between kernel(s) and global memory(s)
BANK0          RD = 7808.000 KB            WR = 7674.000 KB     

INFO: [SDx-EM 22] [Wall clock time: 02:16, Emulation time: 1.26164 ms] Data transfer between kernel(s) and global memory(s)
BANK0          RD = 8064.000 KB            WR = 7893.000 KB     

INFO: [SDx-EM 22] [Wall clock time: 02:21, Emulation time: 1.29936 ms] Data transfer between kernel(s) and global memory(s)
BANK0          RD = 8293.000 KB            WR = 8136.000 KB     

INFO: [SDx-EM 22] [Wall clock time: 02:27, Emulation time: 1.33966 ms] Data transfer between kernel(s) and global memory(s)
BANK0          RD = 8549.000 KB            WR = 8392.000 KB     

PCIe write time: 1130048.761000 us
Kernel run time: 19505583750.491001 us
PCIe read  time: 1883193.850000 us
Total run  time: 19508597052.107002 us
Kernel runtime: 19587530490.385002 us
INFO: [SDx-EM 22] [Wall clock time: 02:32, Emulation time: 1.37967 ms] Data transfer between kernel(s) and global memory(s)
BANK0          RD = 8704.000 KB            WR = 8704.000 KB     

