INFO: Found 1 platforms
INFO: Selected platform 0 from Xilinx
INFO: Selected xilinx:adm-pcie-7v3:1ddr:3.0 as the target device
INFO: Loading gradient-cosim-unroll4-tile128x256.xclbin
INFO: Found 1 platforms
INFO: Selected platform 0 from Xilinx
INFO: Selected xilinx:adm-pcie-7v3:1ddr:3.0 as the target device
INFO: Loading gradient-cosim-unroll4-tile128x256.xclbin
INFO: [SDx-EM 01] Hardware emulation runs detailed simulation underneath. It may take long time for large data set. Please use a small dataset for faster execution. You can still get performance trend for your kernel with smaller dataset.
host: tile_num_dim0 = 16, tile_num_dim1 = 4
host: var_f_extent_0 = 1998, var_f_extent_1 = 998
host: var_f_min_0 = 0, var_f_min_1 = 0
Info: Emulation mode.
INFO: [SDx-EM 22] [Wall clock time: 21:11, Emulation time: 0.123263 ms] Data transfer between kernel(s) and global memory(s)
BANK0          RD = 420.000 KB             WR = 159.000 KB      

INFO: [SDx-EM 22] [Wall clock time: 21:16, Emulation time: 0.238813 ms] Data transfer between kernel(s) and global memory(s)
BANK0          RD = 768.000 KB             WR = 512.000 KB      

INFO: [SDx-EM 22] [Wall clock time: 21:22, Emulation time: 0.353183 ms] Data transfer between kernel(s) and global memory(s)
BANK0          RD = 1146.000 KB            WR = 896.000 KB      

INFO: [SDx-EM 22] [Wall clock time: 21:27, Emulation time: 0.468898 ms] Data transfer between kernel(s) and global memory(s)
BANK0          RD = 1489.000 KB            WR = 1251.000 KB     

INFO: [SDx-EM 22] [Wall clock time: 21:32, Emulation time: 0.583813 ms] Data transfer between kernel(s) and global memory(s)
BANK0          RD = 1829.000 KB            WR = 1569.000 KB     

INFO: [SDx-EM 22] [Wall clock time: 21:37, Emulation time: 0.699983 ms] Data transfer between kernel(s) and global memory(s)
BANK0          RD = 2176.000 KB            WR = 1920.000 KB     

INFO: [SDx-EM 22] [Wall clock time: 21:42, Emulation time: 0.814453 ms] Data transfer between kernel(s) and global memory(s)
BANK0          RD = 2559.000 KB            WR = 2304.000 KB     

INFO: [SDx-EM 22] [Wall clock time: 21:47, Emulation time: 0.929143 ms] Data transfer between kernel(s) and global memory(s)
BANK0          RD = 2897.000 KB            WR = 2659.000 KB     

INFO: [SDx-EM 22] [Wall clock time: 21:53, Emulation time: 1.04444 ms] Data transfer between kernel(s) and global memory(s)
BANK0          RD = 3239.000 KB            WR = 2980.000 KB     

INFO: [SDx-EM 22] [Wall clock time: 21:58, Emulation time: 1.15946 ms] Data transfer between kernel(s) and global memory(s)
BANK0          RD = 3584.000 KB            WR = 3328.000 KB     

INFO: [SDx-EM 22] [Wall clock time: 22:03, Emulation time: 1.27451 ms] Data transfer between kernel(s) and global memory(s)
BANK0          RD = 3966.000 KB            WR = 3712.000 KB     

INFO: [SDx-EM 22] [Wall clock time: 22:08, Emulation time: 1.39208 ms] Data transfer between kernel(s) and global memory(s)
BANK0          RD = 4317.000 KB            WR = 4084.000 KB     

INFO: [SDx-EM 22] [Wall clock time: 22:13, Emulation time: 1.50791 ms] Data transfer between kernel(s) and global memory(s)
BANK0          RD = 4660.000 KB            WR = 4408.000 KB     

INFO: [SDx-EM 22] [Wall clock time: 22:18, Emulation time: 1.62313 ms] Data transfer between kernel(s) and global memory(s)
BANK0          RD = 4992.000 KB            WR = 4736.000 KB     

INFO: [SDx-EM 22] [Wall clock time: 22:24, Emulation time: 1.73801 ms] Data transfer between kernel(s) and global memory(s)
BANK0          RD = 5376.000 KB            WR = 5120.000 KB     

INFO: [SDx-EM 22] [Wall clock time: 22:29, Emulation time: 1.85329 ms] Data transfer between kernel(s) and global memory(s)
BANK0          RD = 5729.000 KB            WR = 5498.000 KB     

INFO: [SDx-EM 22] [Wall clock time: 22:34, Emulation time: 1.97024 ms] Data transfer between kernel(s) and global memory(s)
BANK0          RD = 6077.000 KB            WR = 5829.000 KB     

INFO: [SDx-EM 22] [Wall clock time: 22:39, Emulation time: 2.09242 ms] Data transfer between kernel(s) and global memory(s)
BANK0          RD = 6447.000 KB            WR = 6192.000 KB     

INFO: [SDx-EM 22] [Wall clock time: 22:44, Emulation time: 2.21495 ms] Data transfer between kernel(s) and global memory(s)
BANK0          RD = 6819.000 KB            WR = 6557.000 KB     

INFO: [SDx-EM 22] [Wall clock time: 22:49, Emulation time: 2.33738 ms] Data transfer between kernel(s) and global memory(s)
BANK0          RD = 7186.000 KB            WR = 6920.000 KB     

INFO: [SDx-EM 22] [Wall clock time: 22:55, Emulation time: 2.46012 ms] Data transfer between kernel(s) and global memory(s)
BANK0          RD = 7552.000 KB            WR = 7296.000 KB     

INFO: [SDx-EM 22] [Wall clock time: 23:00, Emulation time: 2.58211 ms] Data transfer between kernel(s) and global memory(s)
BANK0          RD = 7936.000 KB            WR = 7680.000 KB     

INFO: [SDx-EM 22] [Wall clock time: 23:05, Emulation time: 2.72345 ms] Data transfer between kernel(s) and global memory(s)
BANK0          RD = 8192.000 KB            WR = 8133.000 KB     

PCIe write time: 35650.894000 us
Kernel run time: 7146240256.647000 us
PCIe read  time: 315625.604000 us
Total run  time: 7146591575.010000 us
Kernel runtime: 7210425690.068000 us
INFO: [SDx-EM 22] [Wall clock time: 23:05, Emulation time: 2.73351 ms] Data transfer between kernel(s) and global memory(s)
BANK0          RD = 8192.000 KB            WR = 8192.000 KB     

