INFO: Found 1 platforms
INFO: Selected platform 0 from Xilinx
INFO: Selected xilinx:adm-pcie-7v3:1ddr:3.0 as the target device
INFO: Loading ../../bit/gradient-line-cosim-tile128x128.xclbin
INFO: Found 1 platforms
INFO: Selected platform 0 from Xilinx
INFO: Selected xilinx:adm-pcie-7v3:1ddr:3.0 as the target device
INFO: Loading ../../bit/gradient-line-cosim-tile128x128.xclbin
INFO: [SDx-EM 01] Hardware emulation runs detailed simulation underneath. It may take long time for large data set. Please use a small dataset for faster execution. You can still get performance trend for your kernel with smaller dataset.
host: tile_num_dim0 = 16, tile_num_dim1 = 8
host: var_f_extent_0 = 1998, var_f_extent_1 = 998
host: var_f_min_0 = 0, var_f_min_1 = 0
Info: Emulation mode.
INFO: [SDx-EM 22] [Wall clock time: 14:25, Emulation time: 1.91198 ms] Data transfer between kernel(s) and global memory(s)
BANK0          RD = 1536.000 KB            WR = 1408.000 KB     

INFO: [SDx-EM 22] [Wall clock time: 14:31, Emulation time: 3.81533 ms] Data transfer between kernel(s) and global memory(s)
BANK0          RD = 3008.000 KB            WR = 2880.000 KB     

INFO: [SDx-EM 22] [Wall clock time: 14:36, Emulation time: 5.7192 ms] Data transfer between kernel(s) and global memory(s)
BANK0          RD = 4480.000 KB            WR = 4352.000 KB     

INFO: [SDx-EM 22] [Wall clock time: 14:41, Emulation time: 7.79404 ms] Data transfer between kernel(s) and global memory(s)
BANK0          RD = 6016.000 KB            WR = 5888.000 KB     

INFO: [SDx-EM 22] [Wall clock time: 14:46, Emulation time: 9.90805 ms] Data transfer between kernel(s) and global memory(s)
BANK0          RD = 7680.000 KB            WR = 7552.000 KB     

PCIe write time: 8032.046000 us
Kernel run time: 1667601345.464000 us
PCIe read  time: 43442.579000 us
Total run  time: 1667652848.627000 us
Kernel runtime: 1668770182.312000 us
INFO: [SDx-EM 22] [Wall clock time: 14:48, Emulation time: 10.7367 ms] Data transfer between kernel(s) and global memory(s)
BANK0          RD = 8192.000 KB            WR = 8192.000 KB     

