INFO: Found 1 platforms
INFO: Selected platform 0 from Xilinx
INFO: Selected xilinx:adm-pcie-7v3:1ddr:3.0 as the target device
INFO: Loading gradient-cosim-unroll32-tile64x256.xclbin
INFO: Found 1 platforms
INFO: Selected platform 0 from Xilinx
INFO: Selected xilinx:adm-pcie-7v3:1ddr:3.0 as the target device
INFO: Loading gradient-cosim-unroll32-tile64x256.xclbin
INFO: [SDx-EM 01] Hardware emulation runs detailed simulation underneath. It may take long time for large data set. Please use a small dataset for faster execution. You can still get performance trend for your kernel with smaller dataset.
host: tile_num_dim0 = 33, tile_num_dim1 = 4
host: var_f_extent_0 = 1998, var_f_extent_1 = 998
host: var_f_min_0 = 0, var_f_min_1 = 0
Info: Emulation mode.
INFO: [SDx-EM 22] [Wall clock time: 21:11, Emulation time: 0.0178525 ms] Data transfer between kernel(s) and global memory(s)
BANK0          RD = 165.000 KB             WR = 8.000 KB        

INFO: [SDx-EM 22] [Wall clock time: 21:16, Emulation time: 0.0372175 ms] Data transfer between kernel(s) and global memory(s)
BANK0          RD = 283.000 KB             WR = 136.000 KB      

INFO: [SDx-EM 22] [Wall clock time: 21:22, Emulation time: 0.0567575 ms] Data transfer between kernel(s) and global memory(s)
BANK0          RD = 403.000 KB             WR = 264.000 KB      

INFO: [SDx-EM 22] [Wall clock time: 21:27, Emulation time: 0.0760025 ms] Data transfer between kernel(s) and global memory(s)
BANK0          RD = 519.000 KB             WR = 392.000 KB      

INFO: [SDx-EM 22] [Wall clock time: 21:32, Emulation time: 0.0958175 ms] Data transfer between kernel(s) and global memory(s)
BANK0          RD = 643.000 KB             WR = 516.000 KB      

INFO: [SDx-EM 22] [Wall clock time: 21:37, Emulation time: 0.115648 ms] Data transfer between kernel(s) and global memory(s)
BANK0          RD = 768.000 KB             WR = 640.000 KB      

INFO: [SDx-EM 22] [Wall clock time: 21:42, Emulation time: 0.134943 ms] Data transfer between kernel(s) and global memory(s)
BANK0          RD = 896.000 KB             WR = 761.000 KB      

INFO: [SDx-EM 22] [Wall clock time: 21:47, Emulation time: 0.154088 ms] Data transfer between kernel(s) and global memory(s)
BANK0          RD = 1024.000 KB            WR = 878.000 KB      

INFO: [SDx-EM 22] [Wall clock time: 21:53, Emulation time: 0.173148 ms] Data transfer between kernel(s) and global memory(s)
BANK0          RD = 1152.000 KB            WR = 994.000 KB      

INFO: [SDx-EM 22] [Wall clock time: 21:58, Emulation time: 0.192793 ms] Data transfer between kernel(s) and global memory(s)
BANK0          RD = 1280.000 KB            WR = 1117.000 KB     

INFO: [SDx-EM 22] [Wall clock time: 22:03, Emulation time: 0.212508 ms] Data transfer between kernel(s) and global memory(s)
BANK0          RD = 1408.000 KB            WR = 1240.000 KB     

INFO: [SDx-EM 22] [Wall clock time: 22:08, Emulation time: 0.232167 ms] Data transfer between kernel(s) and global memory(s)
BANK0          RD = 1536.000 KB            WR = 1362.000 KB     

INFO: [SDx-EM 22] [Wall clock time: 22:13, Emulation time: 0.251567 ms] Data transfer between kernel(s) and global memory(s)
BANK0          RD = 1657.000 KB            WR = 1480.000 KB     

INFO: [SDx-EM 22] [Wall clock time: 22:18, Emulation time: 0.270792 ms] Data transfer between kernel(s) and global memory(s)
BANK0          RD = 1774.000 KB            WR = 1608.000 KB     

INFO: [SDx-EM 22] [Wall clock time: 22:24, Emulation time: 0.290303 ms] Data transfer between kernel(s) and global memory(s)
BANK0          RD = 1893.000 KB            WR = 1736.000 KB     

INFO: [SDx-EM 22] [Wall clock time: 22:29, Emulation time: 0.309733 ms] Data transfer between kernel(s) and global memory(s)
BANK0          RD = 2012.000 KB            WR = 1864.000 KB     

INFO: [SDx-EM 22] [Wall clock time: 22:34, Emulation time: 0.329192 ms] Data transfer between kernel(s) and global memory(s)
BANK0          RD = 2131.000 KB            WR = 1992.000 KB     

INFO: [SDx-EM 22] [Wall clock time: 22:39, Emulation time: 0.348967 ms] Data transfer between kernel(s) and global memory(s)
BANK0          RD = 2254.000 KB            WR = 2120.000 KB     

INFO: [SDx-EM 22] [Wall clock time: 22:44, Emulation time: 0.368433 ms] Data transfer between kernel(s) and global memory(s)
BANK0          RD = 2373.000 KB            WR = 2246.000 KB     

INFO: [SDx-EM 22] [Wall clock time: 22:49, Emulation time: 0.388378 ms] Data transfer between kernel(s) and global memory(s)
BANK0          RD = 2498.000 KB            WR = 2371.000 KB     

INFO: [SDx-EM 22] [Wall clock time: 22:55, Emulation time: 0.408388 ms] Data transfer between kernel(s) and global memory(s)
BANK0          RD = 2624.000 KB            WR = 2497.000 KB     

INFO: [SDx-EM 22] [Wall clock time: 23:00, Emulation time: 0.428108 ms] Data transfer between kernel(s) and global memory(s)
BANK0          RD = 2752.000 KB            WR = 2623.000 KB     

INFO: [SDx-EM 22] [Wall clock time: 23:05, Emulation time: 0.447493 ms] Data transfer between kernel(s) and global memory(s)
BANK0          RD = 2880.000 KB            WR = 2743.000 KB     

INFO: [SDx-EM 22] [Wall clock time: 23:10, Emulation time: 0.466718 ms] Data transfer between kernel(s) and global memory(s)
BANK0          RD = 3008.000 KB            WR = 2860.000 KB     

INFO: [SDx-EM 22] [Wall clock time: 23:15, Emulation time: 0.486468 ms] Data transfer between kernel(s) and global memory(s)
BANK0          RD = 3136.000 KB            WR = 2984.000 KB     

INFO: [SDx-EM 22] [Wall clock time: 23:20, Emulation time: 0.507108 ms] Data transfer between kernel(s) and global memory(s)
BANK0          RD = 3264.000 KB            WR = 3117.000 KB     

INFO: [SDx-EM 22] [Wall clock time: 23:26, Emulation time: 0.528308 ms] Data transfer between kernel(s) and global memory(s)
BANK0          RD = 3392.000 KB            WR = 3255.000 KB     

INFO: [SDx-EM 22] [Wall clock time: 23:31, Emulation time: 0.551198 ms] Data transfer between kernel(s) and global memory(s)
BANK0          RD = 3539.000 KB            WR = 3400.000 KB     

INFO: [SDx-EM 22] [Wall clock time: 23:36, Emulation time: 0.575323 ms] Data transfer between kernel(s) and global memory(s)
BANK0          RD = 3712.000 KB            WR = 3539.000 KB     

INFO: [SDx-EM 22] [Wall clock time: 23:41, Emulation time: 0.601137 ms] Data transfer between kernel(s) and global memory(s)
BANK0          RD = 3853.000 KB            WR = 3720.000 KB     

INFO: [SDx-EM 22] [Wall clock time: 23:46, Emulation time: 0.625067 ms] Data transfer between kernel(s) and global memory(s)
BANK0          RD = 4027.000 KB            WR = 3848.000 KB     

INFO: [SDx-EM 22] [Wall clock time: 23:51, Emulation time: 0.650508 ms] Data transfer between kernel(s) and global memory(s)
BANK0          RD = 4160.000 KB            WR = 4033.000 KB     

INFO: [SDx-EM 22] [Wall clock time: 23:57, Emulation time: 0.67468 ms] Data transfer between kernel(s) and global memory(s)
BANK0          RD = 4337.000 KB            WR = 4168.000 KB     

INFO: [SDx-EM 22] [Wall clock time: 00:02, Emulation time: 0.701953 ms] Data transfer between kernel(s) and global memory(s)
BANK0          RD = 4491.000 KB            WR = 4360.000 KB     

INFO: [SDx-EM 22] [Wall clock time: 00:07, Emulation time: 0.735298 ms] Data transfer between kernel(s) and global memory(s)
BANK0          RD = 4722.000 KB            WR = 4552.000 KB     

INFO: [SDx-EM 22] [Wall clock time: 00:12, Emulation time: 0.774303 ms] Data transfer between kernel(s) and global memory(s)
BANK0          RD = 4961.000 KB            WR = 4808.000 KB     

INFO: [SDx-EM 22] [Wall clock time: 00:17, Emulation time: 0.816702 ms] Data transfer between kernel(s) and global memory(s)
BANK0          RD = 5242.000 KB            WR = 5064.000 KB     

INFO: [SDx-EM 22] [Wall clock time: 00:22, Emulation time: 0.862098 ms] Data transfer between kernel(s) and global memory(s)
BANK0          RD = 5504.000 KB            WR = 5376.000 KB     

INFO: [SDx-EM 22] [Wall clock time: 00:28, Emulation time: 0.907388 ms] Data transfer between kernel(s) and global memory(s)
BANK0          RD = 5817.000 KB            WR = 5640.000 KB     

INFO: [SDx-EM 22] [Wall clock time: 00:33, Emulation time: 0.955058 ms] Data transfer between kernel(s) and global memory(s)
BANK0          RD = 6102.000 KB            WR = 5960.000 KB     

INFO: [SDx-EM 22] [Wall clock time: 00:38, Emulation time: 1.00298 ms] Data transfer between kernel(s) and global memory(s)
BANK0          RD = 6400.000 KB            WR = 6268.000 KB     

INFO: [SDx-EM 22] [Wall clock time: 00:43, Emulation time: 1.05077 ms] Data transfer between kernel(s) and global memory(s)
BANK0          RD = 6720.000 KB            WR = 6560.000 KB     

INFO: [SDx-EM 22] [Wall clock time: 00:48, Emulation time: 1.09967 ms] Data transfer between kernel(s) and global memory(s)
BANK0          RD = 7040.000 KB            WR = 6863.000 KB     

INFO: [SDx-EM 22] [Wall clock time: 00:53, Emulation time: 1.1486 ms] Data transfer between kernel(s) and global memory(s)
BANK0          RD = 7341.000 KB            WR = 7176.000 KB     

INFO: [SDx-EM 22] [Wall clock time: 00:59, Emulation time: 1.19762 ms] Data transfer between kernel(s) and global memory(s)
BANK0          RD = 7643.000 KB            WR = 7496.000 KB     

INFO: [SDx-EM 22] [Wall clock time: 01:04, Emulation time: 1.24804 ms] Data transfer between kernel(s) and global memory(s)
BANK0          RD = 7963.000 KB            WR = 7816.000 KB     

INFO: [SDx-EM 22] [Wall clock time: 01:09, Emulation time: 1.30679 ms] Data transfer between kernel(s) and global memory(s)
BANK0          RD = 8324.000 KB            WR = 8197.000 KB     

PCIe write time: 555712.746000 us
Kernel run time: 14726227850.452000 us
PCIe read  time: 1150983.020000 us
Total run  time: 14727934606.010000 us
Kernel runtime: 14798791124.921000 us
INFO: [SDx-EM 22] [Wall clock time: 01:12, Emulation time: 1.33925 ms] Data transfer between kernel(s) and global memory(s)
BANK0          RD = 8448.000 KB            WR = 8448.000 KB     

