INFO: Found 1 platforms
INFO: Selected platform 0 from Xilinx
INFO: Selected xilinx:adm-pcie-7v3:1ddr:3.0 as the target device
INFO: Loading gradient-cosim-unroll16-tile64x128.xclbin
INFO: Found 1 platforms
INFO: Selected platform 0 from Xilinx
INFO: Selected xilinx:adm-pcie-7v3:1ddr:3.0 as the target device
INFO: Loading gradient-cosim-unroll16-tile64x128.xclbin
INFO: [SDx-EM 01] Hardware emulation runs detailed simulation underneath. It may take long time for large data set. Please use a small dataset for faster execution. You can still get performance trend for your kernel with smaller dataset.
host: tile_num_dim0 = 33, tile_num_dim1 = 8
host: var_f_extent_0 = 1998, var_f_extent_1 = 998
host: var_f_min_0 = 0, var_f_min_1 = 0
Info: Emulation mode.
INFO: [SDx-EM 22] [Wall clock time: 21:11, Emulation time: 0.0338025 ms] Data transfer between kernel(s) and global memory(s)
BANK0          RD = 243.000 KB             WR = 168.000 KB      

INFO: [SDx-EM 22] [Wall clock time: 21:16, Emulation time: 0.0672725 ms] Data transfer between kernel(s) and global memory(s)
BANK0          RD = 480.000 KB             WR = 410.000 KB      

INFO: [SDx-EM 22] [Wall clock time: 21:22, Emulation time: 0.100578 ms] Data transfer between kernel(s) and global memory(s)
BANK0          RD = 714.000 KB             WR = 648.000 KB      

INFO: [SDx-EM 22] [Wall clock time: 21:27, Emulation time: 0.134593 ms] Data transfer between kernel(s) and global memory(s)
BANK0          RD = 960.000 KB             WR = 887.000 KB      

INFO: [SDx-EM 22] [Wall clock time: 21:32, Emulation time: 0.168143 ms] Data transfer between kernel(s) and global memory(s)
BANK0          RD = 1194.000 KB            WR = 1128.000 KB     

INFO: [SDx-EM 22] [Wall clock time: 21:37, Emulation time: 0.201303 ms] Data transfer between kernel(s) and global memory(s)
BANK0          RD = 1439.000 KB            WR = 1352.000 KB     

INFO: [SDx-EM 22] [Wall clock time: 21:42, Emulation time: 0.235198 ms] Data transfer between kernel(s) and global memory(s)
BANK0          RD = 1669.000 KB            WR = 1606.000 KB     

INFO: [SDx-EM 22] [Wall clock time: 21:47, Emulation time: 0.268953 ms] Data transfer between kernel(s) and global memory(s)
BANK0          RD = 1920.000 KB            WR = 1836.000 KB     

INFO: [SDx-EM 22] [Wall clock time: 21:53, Emulation time: 0.302163 ms] Data transfer between kernel(s) and global memory(s)
BANK0          RD = 2144.000 KB            WR = 2080.000 KB     

INFO: [SDx-EM 22] [Wall clock time: 21:58, Emulation time: 0.335058 ms] Data transfer between kernel(s) and global memory(s)
BANK0          RD = 2382.000 KB            WR = 2312.000 KB     

INFO: [SDx-EM 22] [Wall clock time: 22:03, Emulation time: 0.368023 ms] Data transfer between kernel(s) and global memory(s)
BANK0          RD = 2624.000 KB            WR = 2538.000 KB     

INFO: [SDx-EM 22] [Wall clock time: 22:08, Emulation time: 0.401668 ms] Data transfer between kernel(s) and global memory(s)
BANK0          RD = 2850.000 KB            WR = 2788.000 KB     

INFO: [SDx-EM 22] [Wall clock time: 22:13, Emulation time: 0.434953 ms] Data transfer between kernel(s) and global memory(s)
BANK0          RD = 3096.000 KB            WR = 3016.000 KB     

INFO: [SDx-EM 22] [Wall clock time: 22:18, Emulation time: 0.468183 ms] Data transfer between kernel(s) and global memory(s)
BANK0          RD = 3328.000 KB            WR = 3259.000 KB     

INFO: [SDx-EM 22] [Wall clock time: 22:24, Emulation time: 0.501422 ms] Data transfer between kernel(s) and global memory(s)
BANK0          RD = 3562.000 KB            WR = 3496.000 KB     

INFO: [SDx-EM 22] [Wall clock time: 22:29, Emulation time: 0.534768 ms] Data transfer between kernel(s) and global memory(s)
BANK0          RD = 3808.000 KB            WR = 3729.000 KB     

INFO: [SDx-EM 22] [Wall clock time: 22:34, Emulation time: 0.568783 ms] Data transfer between kernel(s) and global memory(s)
BANK0          RD = 4041.000 KB            WR = 3976.000 KB     

INFO: [SDx-EM 22] [Wall clock time: 22:39, Emulation time: 0.602612 ms] Data transfer between kernel(s) and global memory(s)
BANK0          RD = 4288.000 KB            WR = 4212.000 KB     

INFO: [SDx-EM 22] [Wall clock time: 22:44, Emulation time: 0.636728 ms] Data transfer between kernel(s) and global memory(s)
BANK0          RD = 4525.000 KB            WR = 4456.000 KB     

INFO: [SDx-EM 22] [Wall clock time: 22:49, Emulation time: 0.670818 ms] Data transfer between kernel(s) and global memory(s)
BANK0          RD = 4768.000 KB            WR = 4699.000 KB     

INFO: [SDx-EM 22] [Wall clock time: 22:55, Emulation time: 0.704902 ms] Data transfer between kernel(s) and global memory(s)
BANK0          RD = 5013.000 KB            WR = 4936.000 KB     

INFO: [SDx-EM 22] [Wall clock time: 23:00, Emulation time: 0.739093 ms] Data transfer between kernel(s) and global memory(s)
BANK0          RD = 5248.000 KB            WR = 5184.000 KB     

INFO: [SDx-EM 22] [Wall clock time: 23:05, Emulation time: 0.772278 ms] Data transfer between kernel(s) and global memory(s)
BANK0          RD = 5491.000 KB            WR = 5416.000 KB     

INFO: [SDx-EM 22] [Wall clock time: 23:10, Emulation time: 0.805848 ms] Data transfer between kernel(s) and global memory(s)
BANK0          RD = 5728.000 KB            WR = 5658.000 KB     

INFO: [SDx-EM 22] [Wall clock time: 23:15, Emulation time: 0.839483 ms] Data transfer between kernel(s) and global memory(s)
BANK0          RD = 5966.000 KB            WR = 5896.000 KB     

INFO: [SDx-EM 22] [Wall clock time: 23:20, Emulation time: 0.874232 ms] Data transfer between kernel(s) and global memory(s)
BANK0          RD = 6208.000 KB            WR = 6145.000 KB     

INFO: [SDx-EM 22] [Wall clock time: 23:26, Emulation time: 0.908903 ms] Data transfer between kernel(s) and global memory(s)
BANK0          RD = 6464.000 KB            WR = 6389.000 KB     

INFO: [SDx-EM 22] [Wall clock time: 23:31, Emulation time: 0.945993 ms] Data transfer between kernel(s) and global memory(s)
BANK0          RD = 6720.000 KB            WR = 6656.000 KB     

INFO: [SDx-EM 22] [Wall clock time: 23:36, Emulation time: 0.987688 ms] Data transfer between kernel(s) and global memory(s)
BANK0          RD = 7018.000 KB            WR = 6952.000 KB     

INFO: [SDx-EM 22] [Wall clock time: 23:41, Emulation time: 1.03016 ms] Data transfer between kernel(s) and global memory(s)
BANK0          RD = 7328.000 KB            WR = 7249.000 KB     

INFO: [SDx-EM 22] [Wall clock time: 23:46, Emulation time: 1.07446 ms] Data transfer between kernel(s) and global memory(s)
BANK0          RD = 7640.000 KB            WR = 7560.000 KB     

INFO: [SDx-EM 22] [Wall clock time: 23:51, Emulation time: 1.1196 ms] Data transfer between kernel(s) and global memory(s)
BANK0          RD = 7962.000 KB            WR = 7880.000 KB     

INFO: [SDx-EM 22] [Wall clock time: 23:57, Emulation time: 1.16439 ms] Data transfer between kernel(s) and global memory(s)
BANK0          RD = 8278.000 KB            WR = 8200.000 KB     

PCIe write time: 187130.797000 us
Kernel run time: 10433205801.881001 us
PCIe read  time: 1290449.964000 us
Total run  time: 10434683443.456999 us
Kernel runtime: 10501275494.621000 us
INFO: [SDx-EM 22] [Wall clock time: 00:00, Emulation time: 1.19616 ms] Data transfer between kernel(s) and global memory(s)
BANK0          RD = 8448.000 KB            WR = 8448.000 KB     

