INFO: Found 1 platforms
INFO: Selected platform 0 from Xilinx
INFO: Selected xilinx:adm-pcie-7v3:1ddr:3.0 as the target device
INFO: Loading gradient-cosim-unroll8-tile256x128.xclbin
INFO: Found 1 platforms
INFO: Selected platform 0 from Xilinx
INFO: Selected xilinx:adm-pcie-7v3:1ddr:3.0 as the target device
INFO: Loading gradient-cosim-unroll8-tile256x128.xclbin
INFO: [SDx-EM 01] Hardware emulation runs detailed simulation underneath. It may take long time for large data set. Please use a small dataset for faster execution. You can still get performance trend for your kernel with smaller dataset.
host: tile_num_dim0 = 8, tile_num_dim1 = 8
host: var_f_extent_0 = 1998, var_f_extent_1 = 998
host: var_f_min_0 = 0, var_f_min_1 = 0
Info: Emulation mode.
INFO: [SDx-EM 22] [Wall clock time: 22:36, Emulation time: 0.0711075 ms] Data transfer between kernel(s) and global memory(s)
BANK0          RD = 423.000 KB             WR = 147.000 KB      

INFO: [SDx-EM 22] [Wall clock time: 22:41, Emulation time: 0.134483 ms] Data transfer between kernel(s) and global memory(s)
BANK0          RD = 803.000 KB             WR = 520.000 KB      

INFO: [SDx-EM 22] [Wall clock time: 22:47, Emulation time: 0.199777 ms] Data transfer between kernel(s) and global memory(s)
BANK0          RD = 1195.000 KB            WR = 921.000 KB      

INFO: [SDx-EM 22] [Wall clock time: 22:52, Emulation time: 0.262728 ms] Data transfer between kernel(s) and global memory(s)
BANK0          RD = 1571.000 KB            WR = 1288.000 KB     

INFO: [SDx-EM 22] [Wall clock time: 22:57, Emulation time: 0.326533 ms] Data transfer between kernel(s) and global memory(s)
BANK0          RD = 1954.000 KB            WR = 1672.000 KB     

INFO: [SDx-EM 22] [Wall clock time: 23:02, Emulation time: 0.390473 ms] Data transfer between kernel(s) and global memory(s)
BANK0          RD = 2337.000 KB            WR = 2056.000 KB     

INFO: [SDx-EM 22] [Wall clock time: 23:07, Emulation time: 0.453988 ms] Data transfer between kernel(s) and global memory(s)
BANK0          RD = 2717.000 KB            WR = 2440.000 KB     

INFO: [SDx-EM 22] [Wall clock time: 23:12, Emulation time: 0.518543 ms] Data transfer between kernel(s) and global memory(s)
BANK0          RD = 3104.000 KB            WR = 2824.000 KB     

INFO: [SDx-EM 22] [Wall clock time: 23:18, Emulation time: 0.584873 ms] Data transfer between kernel(s) and global memory(s)
BANK0          RD = 3502.000 KB            WR = 3231.000 KB     

INFO: [SDx-EM 22] [Wall clock time: 23:23, Emulation time: 0.651623 ms] Data transfer between kernel(s) and global memory(s)
BANK0          RD = 3903.000 KB            WR = 3643.000 KB     

INFO: [SDx-EM 22] [Wall clock time: 23:28, Emulation time: 0.721343 ms] Data transfer between kernel(s) and global memory(s)
BANK0          RD = 4322.000 KB            WR = 4087.000 KB     

INFO: [SDx-EM 22] [Wall clock time: 23:33, Emulation time: 0.795833 ms] Data transfer between kernel(s) and global memory(s)
BANK0          RD = 4766.000 KB            WR = 4488.000 KB     

INFO: [SDx-EM 22] [Wall clock time: 23:38, Emulation time: 0.877883 ms] Data transfer between kernel(s) and global memory(s)
BANK0          RD = 5248.000 KB            WR = 4992.000 KB     

INFO: [SDx-EM 22] [Wall clock time: 23:43, Emulation time: 0.957813 ms] Data transfer between kernel(s) and global memory(s)
BANK0          RD = 5740.000 KB            WR = 5504.000 KB     

INFO: [SDx-EM 22] [Wall clock time: 23:49, Emulation time: 1.04305 ms] Data transfer between kernel(s) and global memory(s)
BANK0          RD = 6250.000 KB            WR = 6016.000 KB     

INFO: [SDx-EM 22] [Wall clock time: 23:54, Emulation time: 1.1267 ms] Data transfer between kernel(s) and global memory(s)
BANK0          RD = 6751.000 KB            WR = 6513.000 KB     

INFO: [SDx-EM 22] [Wall clock time: 23:59, Emulation time: 1.20979 ms] Data transfer between kernel(s) and global memory(s)
BANK0          RD = 7249.000 KB            WR = 7001.000 KB     

INFO: [SDx-EM 22] [Wall clock time: 00:04, Emulation time: 1.31751 ms] Data transfer between kernel(s) and global memory(s)
BANK0          RD = 7894.000 KB            WR = 7650.000 KB     

PCIe write time: 118990.240000 us
Kernel run time: 5779083593.219000 us
PCIe read  time: 265187.242000 us
Total run  time: 5779467821.613000 us
Kernel runtime: 5782262596.245999 us
INFO: [SDx-EM 22] [Wall clock time: 00:08, Emulation time: 1.40383 ms] Data transfer between kernel(s) and global memory(s)
BANK0          RD = 8192.000 KB            WR = 8192.000 KB     

