INFO: Found 1 platforms
INFO: Selected platform 0 from Xilinx
INFO: Selected xilinx:adm-pcie-7v3:1ddr:3.0 as the target device
INFO: Loading gradient-cosim-unroll32-tile64x64.xclbin
INFO: Found 1 platforms
INFO: Selected platform 0 from Xilinx
INFO: Selected xilinx:adm-pcie-7v3:1ddr:3.0 as the target device
INFO: Loading gradient-cosim-unroll32-tile64x64.xclbin
INFO: [SDx-EM 01] Hardware emulation runs detailed simulation underneath. It may take long time for large data set. Please use a small dataset for faster execution. You can still get performance trend for your kernel with smaller dataset.
host: tile_num_dim0 = 33, tile_num_dim1 = 17
host: var_f_extent_0 = 1998, var_f_extent_1 = 998
host: var_f_min_0 = 0, var_f_min_1 = 0
Info: Emulation mode.
INFO: [SDx-EM 22] [Wall clock time: 21:11, Emulation time: 0.0188275 ms] Data transfer between kernel(s) and global memory(s)
BANK0          RD = 128.000 KB             WR = 97.000 KB       

INFO: [SDx-EM 22] [Wall clock time: 21:16, Emulation time: 0.0367325 ms] Data transfer between kernel(s) and global memory(s)
BANK0          RD = 277.000 KB             WR = 246.000 KB      

INFO: [SDx-EM 22] [Wall clock time: 21:22, Emulation time: 0.0552325 ms] Data transfer between kernel(s) and global memory(s)
BANK0          RD = 432.000 KB             WR = 400.000 KB      

INFO: [SDx-EM 22] [Wall clock time: 21:27, Emulation time: 0.0733725 ms] Data transfer between kernel(s) and global memory(s)
BANK0          RD = 578.000 KB             WR = 548.000 KB      

INFO: [SDx-EM 22] [Wall clock time: 21:32, Emulation time: 0.0913825 ms] Data transfer between kernel(s) and global memory(s)
BANK0          RD = 729.000 KB             WR = 696.000 KB      

INFO: [SDx-EM 22] [Wall clock time: 21:37, Emulation time: 0.109358 ms] Data transfer between kernel(s) and global memory(s)
BANK0          RD = 880.000 KB             WR = 844.000 KB      

INFO: [SDx-EM 22] [Wall clock time: 21:42, Emulation time: 0.127573 ms] Data transfer between kernel(s) and global memory(s)
BANK0          RD = 1025.000 KB            WR = 994.000 KB      

INFO: [SDx-EM 22] [Wall clock time: 21:47, Emulation time: 0.145193 ms] Data transfer between kernel(s) and global memory(s)
BANK0          RD = 1171.000 KB            WR = 1140.000 KB     

INFO: [SDx-EM 22] [Wall clock time: 21:53, Emulation time: 0.163288 ms] Data transfer between kernel(s) and global memory(s)
BANK0          RD = 1323.000 KB            WR = 1288.000 KB     

INFO: [SDx-EM 22] [Wall clock time: 21:58, Emulation time: 0.182003 ms] Data transfer between kernel(s) and global memory(s)
BANK0          RD = 1474.000 KB            WR = 1443.000 KB     

INFO: [SDx-EM 22] [Wall clock time: 22:03, Emulation time: 0.199988 ms] Data transfer between kernel(s) and global memory(s)
BANK0          RD = 1625.000 KB            WR = 1592.000 KB     

INFO: [SDx-EM 22] [Wall clock time: 22:08, Emulation time: 0.218457 ms] Data transfer between kernel(s) and global memory(s)
BANK0          RD = 1776.000 KB            WR = 1744.000 KB     

INFO: [SDx-EM 22] [Wall clock time: 22:13, Emulation time: 0.236473 ms] Data transfer between kernel(s) and global memory(s)
BANK0          RD = 1924.000 KB            WR = 1893.000 KB     

INFO: [SDx-EM 22] [Wall clock time: 22:18, Emulation time: 0.254678 ms] Data transfer between kernel(s) and global memory(s)
BANK0          RD = 2077.000 KB            WR = 2040.000 KB     

INFO: [SDx-EM 22] [Wall clock time: 22:24, Emulation time: 0.272798 ms] Data transfer between kernel(s) and global memory(s)
BANK0          RD = 2224.000 KB            WR = 2192.000 KB     

INFO: [SDx-EM 22] [Wall clock time: 22:29, Emulation time: 0.290723 ms] Data transfer between kernel(s) and global memory(s)
BANK0          RD = 2371.000 KB            WR = 2340.000 KB     

INFO: [SDx-EM 22] [Wall clock time: 22:34, Emulation time: 0.308983 ms] Data transfer between kernel(s) and global memory(s)
BANK0          RD = 2525.000 KB            WR = 2488.000 KB     

INFO: [SDx-EM 22] [Wall clock time: 22:39, Emulation time: 0.327403 ms] Data transfer between kernel(s) and global memory(s)
BANK0          RD = 2673.000 KB            WR = 2642.000 KB     

INFO: [SDx-EM 22] [Wall clock time: 22:44, Emulation time: 0.345552 ms] Data transfer between kernel(s) and global memory(s)
BANK0          RD = 2826.000 KB            WR = 2792.000 KB     

INFO: [SDx-EM 22] [Wall clock time: 22:49, Emulation time: 0.364098 ms] Data transfer between kernel(s) and global memory(s)
BANK0          RD = 2976.000 KB            WR = 2945.000 KB     

INFO: [SDx-EM 22] [Wall clock time: 22:55, Emulation time: 0.382258 ms] Data transfer between kernel(s) and global memory(s)
BANK0          RD = 3128.000 KB            WR = 3096.000 KB     

INFO: [SDx-EM 22] [Wall clock time: 23:00, Emulation time: 0.400683 ms] Data transfer between kernel(s) and global memory(s)
BANK0          RD = 3280.000 KB            WR = 3248.000 KB     

INFO: [SDx-EM 22] [Wall clock time: 23:05, Emulation time: 0.420618 ms] Data transfer between kernel(s) and global memory(s)
BANK0          RD = 3442.000 KB            WR = 3411.000 KB     

INFO: [SDx-EM 22] [Wall clock time: 23:10, Emulation time: 0.442007 ms] Data transfer between kernel(s) and global memory(s)
BANK0          RD = 3619.000 KB            WR = 3588.000 KB     

INFO: [SDx-EM 22] [Wall clock time: 23:15, Emulation time: 0.464543 ms] Data transfer between kernel(s) and global memory(s)
BANK0          RD = 3808.000 KB            WR = 3776.000 KB     

INFO: [SDx-EM 22] [Wall clock time: 23:20, Emulation time: 0.489623 ms] Data transfer between kernel(s) and global memory(s)
BANK0          RD = 4016.000 KB            WR = 3983.000 KB     

INFO: [SDx-EM 22] [Wall clock time: 23:26, Emulation time: 0.516173 ms] Data transfer between kernel(s) and global memory(s)
BANK0          RD = 4232.000 KB            WR = 4200.000 KB     

INFO: [SDx-EM 22] [Wall clock time: 23:31, Emulation time: 0.545053 ms] Data transfer between kernel(s) and global memory(s)
BANK0          RD = 4470.000 KB            WR = 4438.000 KB     

INFO: [SDx-EM 22] [Wall clock time: 23:36, Emulation time: 0.575808 ms] Data transfer between kernel(s) and global memory(s)
BANK0          RD = 4722.000 KB            WR = 4691.000 KB     

INFO: [SDx-EM 22] [Wall clock time: 23:41, Emulation time: 0.606693 ms] Data transfer between kernel(s) and global memory(s)
BANK0          RD = 4976.000 KB            WR = 4946.000 KB     

INFO: [SDx-EM 22] [Wall clock time: 23:46, Emulation time: 0.638423 ms] Data transfer between kernel(s) and global memory(s)
BANK0          RD = 5241.000 KB            WR = 5208.000 KB     

INFO: [SDx-EM 22] [Wall clock time: 23:51, Emulation time: 0.671957 ms] Data transfer between kernel(s) and global memory(s)
BANK0          RD = 5520.000 KB            WR = 5484.000 KB     

INFO: [SDx-EM 22] [Wall clock time: 23:57, Emulation time: 0.709268 ms] Data transfer between kernel(s) and global memory(s)
BANK0          RD = 5824.000 KB            WR = 5792.000 KB     

INFO: [SDx-EM 22] [Wall clock time: 00:02, Emulation time: 0.745727 ms] Data transfer between kernel(s) and global memory(s)
BANK0          RD = 6128.000 KB            WR = 6095.000 KB     

INFO: [SDx-EM 22] [Wall clock time: 00:07, Emulation time: 0.789432 ms] Data transfer between kernel(s) and global memory(s)
BANK0          RD = 6485.000 KB            WR = 6454.000 KB     

INFO: [SDx-EM 22] [Wall clock time: 00:12, Emulation time: 0.833638 ms] Data transfer between kernel(s) and global memory(s)
BANK0          RD = 6848.000 KB            WR = 6817.000 KB     

INFO: [SDx-EM 22] [Wall clock time: 00:17, Emulation time: 0.877153 ms] Data transfer between kernel(s) and global memory(s)
BANK0          RD = 7210.000 KB            WR = 7176.000 KB     

INFO: [SDx-EM 22] [Wall clock time: 00:22, Emulation time: 0.921288 ms] Data transfer between kernel(s) and global memory(s)
BANK0          RD = 7572.000 KB            WR = 7541.000 KB     

INFO: [SDx-EM 22] [Wall clock time: 00:28, Emulation time: 0.965103 ms] Data transfer between kernel(s) and global memory(s)
BANK0          RD = 7936.000 KB            WR = 7904.000 KB     

INFO: [SDx-EM 22] [Wall clock time: 00:33, Emulation time: 1.00869 ms] Data transfer between kernel(s) and global memory(s)
BANK0          RD = 8293.000 KB            WR = 8262.000 KB     

INFO: [SDx-EM 22] [Wall clock time: 00:38, Emulation time: 1.05747 ms] Data transfer between kernel(s) and global memory(s)
BANK0          RD = 8697.000 KB            WR = 8664.000 KB     

PCIe write time: 588707.744000 us
Kernel run time: 12926628545.738001 us
PCIe read  time: 1565643.595000 us
Total run  time: 12928782952.879002 us
Kernel runtime: 13000392256.714001 us
INFO: [SDx-EM 22] [Wall clock time: 00:42, Emulation time: 1.09563 ms] Data transfer between kernel(s) and global memory(s)
BANK0          RD = 8976.000 KB            WR = 8976.000 KB     

