INFO: Found 1 platforms
INFO: Selected platform 0 from Xilinx
INFO: Selected xilinx:adm-pcie-7v3:1ddr:3.0 as the target device
INFO: Loading gradient-cosim-unroll2-tile64x128.xclbin
INFO: Found 1 platforms
INFO: Selected platform 0 from Xilinx
INFO: Selected xilinx:adm-pcie-7v3:1ddr:3.0 as the target device
INFO: Loading gradient-cosim-unroll2-tile64x128.xclbin
INFO: [SDx-EM 01] Hardware emulation runs detailed simulation underneath. It may take long time for large data set. Please use a small dataset for faster execution. You can still get performance trend for your kernel with smaller dataset.
host: tile_num_dim0 = 33, tile_num_dim1 = 8
host: var_f_extent_0 = 1998, var_f_extent_1 = 998
host: var_f_min_0 = 0, var_f_min_1 = 0
Info: Emulation mode.
INFO: [SDx-EM 22] [Wall clock time: 21:11, Emulation time: 0.189688 ms] Data transfer between kernel(s) and global memory(s)
BANK0          RD = 309.000 KB             WR = 230.000 KB      

INFO: [SDx-EM 22] [Wall clock time: 21:16, Emulation time: 0.375898 ms] Data transfer between kernel(s) and global memory(s)
BANK0          RD = 576.000 KB             WR = 512.000 KB      

INFO: [SDx-EM 22] [Wall clock time: 21:22, Emulation time: 0.560583 ms] Data transfer between kernel(s) and global memory(s)
BANK0          RD = 864.000 KB             WR = 799.000 KB      

INFO: [SDx-EM 22] [Wall clock time: 21:27, Emulation time: 0.748203 ms] Data transfer between kernel(s) and global memory(s)
BANK0          RD = 1149.000 KB            WR = 1072.000 KB     

INFO: [SDx-EM 22] [Wall clock time: 21:32, Emulation time: 0.932688 ms] Data transfer between kernel(s) and global memory(s)
BANK0          RD = 1408.000 KB            WR = 1344.000 KB     

INFO: [SDx-EM 22] [Wall clock time: 21:37, Emulation time: 1.116 ms] Data transfer between kernel(s) and global memory(s)
BANK0          RD = 1696.000 KB            WR = 1631.000 KB     

INFO: [SDx-EM 22] [Wall clock time: 21:42, Emulation time: 1.30283 ms] Data transfer between kernel(s) and global memory(s)
BANK0          RD = 1979.000 KB            WR = 1902.000 KB     

INFO: [SDx-EM 22] [Wall clock time: 21:47, Emulation time: 1.49353 ms] Data transfer between kernel(s) and global memory(s)
BANK0          RD = 2263.000 KB            WR = 2185.000 KB     

INFO: [SDx-EM 22] [Wall clock time: 21:53, Emulation time: 1.67835 ms] Data transfer between kernel(s) and global memory(s)
BANK0          RD = 2528.000 KB            WR = 2464.000 KB     

INFO: [SDx-EM 22] [Wall clock time: 21:58, Emulation time: 1.86312 ms] Data transfer between kernel(s) and global memory(s)
BANK0          RD = 2816.000 KB            WR = 2749.000 KB     

INFO: [SDx-EM 22] [Wall clock time: 22:03, Emulation time: 2.04878 ms] Data transfer between kernel(s) and global memory(s)
BANK0          RD = 3095.000 KB            WR = 3017.000 KB     

INFO: [SDx-EM 22] [Wall clock time: 22:08, Emulation time: 2.23678 ms] Data transfer between kernel(s) and global memory(s)
BANK0          RD = 3360.000 KB            WR = 3296.000 KB     

INFO: [SDx-EM 22] [Wall clock time: 22:13, Emulation time: 2.42351 ms] Data transfer between kernel(s) and global memory(s)
BANK0          RD = 3648.000 KB            WR = 3584.000 KB     

INFO: [SDx-EM 22] [Wall clock time: 22:18, Emulation time: 2.60906 ms] Data transfer between kernel(s) and global memory(s)
BANK0          RD = 3936.000 KB            WR = 3864.000 KB     

INFO: [SDx-EM 22] [Wall clock time: 22:24, Emulation time: 2.79456 ms] Data transfer between kernel(s) and global memory(s)
BANK0          RD = 4204.000 KB            WR = 4131.000 KB     

INFO: [SDx-EM 22] [Wall clock time: 22:29, Emulation time: 2.98389 ms] Data transfer between kernel(s) and global memory(s)
BANK0          RD = 4480.000 KB            WR = 4416.000 KB     

INFO: [SDx-EM 22] [Wall clock time: 22:34, Emulation time: 3.17517 ms] Data transfer between kernel(s) and global memory(s)
BANK0          RD = 4768.000 KB            WR = 4704.000 KB     

INFO: [SDx-EM 22] [Wall clock time: 22:39, Emulation time: 3.37118 ms] Data transfer between kernel(s) and global memory(s)
BANK0          RD = 5067.000 KB            WR = 4995.000 KB     

INFO: [SDx-EM 22] [Wall clock time: 22:44, Emulation time: 3.57512 ms] Data transfer between kernel(s) and global memory(s)
BANK0          RD = 5376.000 KB            WR = 5312.000 KB     

INFO: [SDx-EM 22] [Wall clock time: 22:49, Emulation time: 3.77249 ms] Data transfer between kernel(s) and global memory(s)
BANK0          RD = 5664.000 KB            WR = 5600.000 KB     

INFO: [SDx-EM 22] [Wall clock time: 22:55, Emulation time: 3.96923 ms] Data transfer between kernel(s) and global memory(s)
BANK0          RD = 5962.000 KB            WR = 5891.000 KB     

INFO: [SDx-EM 22] [Wall clock time: 23:00, Emulation time: 4.16306 ms] Data transfer between kernel(s) and global memory(s)
BANK0          RD = 6262.000 KB            WR = 6184.000 KB     

INFO: [SDx-EM 22] [Wall clock time: 23:05, Emulation time: 4.36541 ms] Data transfer between kernel(s) and global memory(s)
BANK0          RD = 6560.000 KB            WR = 6496.000 KB     

INFO: [SDx-EM 22] [Wall clock time: 23:10, Emulation time: 4.57023 ms] Data transfer between kernel(s) and global memory(s)
BANK0          RD = 6874.000 KB            WR = 6796.000 KB     

INFO: [SDx-EM 22] [Wall clock time: 23:15, Emulation time: 4.77781 ms] Data transfer between kernel(s) and global memory(s)
BANK0          RD = 7168.000 KB            WR = 7104.000 KB     

INFO: [SDx-EM 22] [Wall clock time: 23:20, Emulation time: 4.99222 ms] Data transfer between kernel(s) and global memory(s)
BANK0          RD = 7488.000 KB            WR = 7424.000 KB     

INFO: [SDx-EM 22] [Wall clock time: 23:26, Emulation time: 5.22061 ms] Data transfer between kernel(s) and global memory(s)
BANK0          RD = 7840.000 KB            WR = 7776.000 KB     

INFO: [SDx-EM 22] [Wall clock time: 23:31, Emulation time: 5.46151 ms] Data transfer between kernel(s) and global memory(s)
BANK0          RD = 8192.000 KB            WR = 8128.000 KB     

PCIe write time: 26308.263000 us
Kernel run time: 8915611170.775999 us
PCIe read  time: 319018.523000 us
Total run  time: 8915956538.914001 us
Kernel runtime: 8979837215.639999 us
INFO: [SDx-EM 22] [Wall clock time: 23:35, Emulation time: 5.66684 ms] Data transfer between kernel(s) and global memory(s)
BANK0          RD = 8448.000 KB            WR = 8448.000 KB     

