INFO: Found 1 platforms
INFO: Selected platform 0 from Xilinx
INFO: Selected xilinx:adm-pcie-7v3:1ddr:3.0 as the target device
INFO: Loading gradient-cosim-unroll1-tile256x128.xclbin
INFO: Found 1 platforms
INFO: Selected platform 0 from Xilinx
INFO: Selected xilinx:adm-pcie-7v3:1ddr:3.0 as the target device
INFO: Loading gradient-cosim-unroll1-tile256x128.xclbin
INFO: [SDx-EM 01] Hardware emulation runs detailed simulation underneath. It may take long time for large data set. Please use a small dataset for faster execution. You can still get performance trend for your kernel with smaller dataset.
host: tile_num_dim0 = 8, tile_num_dim1 = 8
host: var_f_extent_0 = 1998, var_f_extent_1 = 998
host: var_f_min_0 = 0, var_f_min_1 = 0
Info: Emulation mode.
INFO: [SDx-EM 22] [Wall clock time: 21:11, Emulation time: 0.329807 ms] Data transfer between kernel(s) and global memory(s)
BANK0          RD = 384.000 KB             WR = 120.000 KB      

INFO: [SDx-EM 22] [Wall clock time: 21:16, Emulation time: 0.632318 ms] Data transfer between kernel(s) and global memory(s)
BANK0          RD = 600.000 KB             WR = 327.000 KB      

INFO: [SDx-EM 22] [Wall clock time: 21:22, Emulation time: 0.933153 ms] Data transfer between kernel(s) and global memory(s)
BANK0          RD = 804.000 KB             WR = 531.000 KB      

INFO: [SDx-EM 22] [Wall clock time: 21:27, Emulation time: 1.23499 ms] Data transfer between kernel(s) and global memory(s)
BANK0          RD = 1024.000 KB            WR = 768.000 KB      

INFO: [SDx-EM 22] [Wall clock time: 21:32, Emulation time: 1.5411 ms] Data transfer between kernel(s) and global memory(s)
BANK0          RD = 1280.000 KB            WR = 1024.000 KB     

INFO: [SDx-EM 22] [Wall clock time: 21:37, Emulation time: 1.83913 ms] Data transfer between kernel(s) and global memory(s)
BANK0          RD = 1536.000 KB            WR = 1280.000 KB     

INFO: [SDx-EM 22] [Wall clock time: 21:42, Emulation time: 2.13838 ms] Data transfer between kernel(s) and global memory(s)
BANK0          RD = 1757.000 KB            WR = 1484.000 KB     

INFO: [SDx-EM 22] [Wall clock time: 21:47, Emulation time: 2.43744 ms] Data transfer between kernel(s) and global memory(s)
BANK0          RD = 1959.000 KB            WR = 1686.000 KB     

INFO: [SDx-EM 22] [Wall clock time: 21:53, Emulation time: 2.74849 ms] Data transfer between kernel(s) and global memory(s)
BANK0          RD = 2176.000 KB            WR = 1920.000 KB     

INFO: [SDx-EM 22] [Wall clock time: 21:58, Emulation time: 3.05106 ms] Data transfer between kernel(s) and global memory(s)
BANK0          RD = 2432.000 KB            WR = 2176.000 KB     

INFO: [SDx-EM 22] [Wall clock time: 22:03, Emulation time: 3.34797 ms] Data transfer between kernel(s) and global memory(s)
BANK0          RD = 2688.000 KB            WR = 2432.000 KB     

INFO: [SDx-EM 22] [Wall clock time: 22:08, Emulation time: 3.64807 ms] Data transfer between kernel(s) and global memory(s)
BANK0          RD = 2920.000 KB            WR = 2647.000 KB     

INFO: [SDx-EM 22] [Wall clock time: 22:13, Emulation time: 3.95188 ms] Data transfer between kernel(s) and global memory(s)
BANK0          RD = 3129.000 KB            WR = 2856.000 KB     

INFO: [SDx-EM 22] [Wall clock time: 22:18, Emulation time: 4.25803 ms] Data transfer between kernel(s) and global memory(s)
BANK0          RD = 3328.000 KB            WR = 3072.000 KB     

INFO: [SDx-EM 22] [Wall clock time: 22:24, Emulation time: 4.55742 ms] Data transfer between kernel(s) and global memory(s)
BANK0          RD = 3584.000 KB            WR = 3328.000 KB     

INFO: [SDx-EM 22] [Wall clock time: 22:29, Emulation time: 4.85767 ms] Data transfer between kernel(s) and global memory(s)
BANK0          RD = 3840.000 KB            WR = 3584.000 KB     

