INFO: Found 1 platforms
INFO: Selected platform 0 from Xilinx
INFO: Selected xilinx:adm-pcie-7v3:1ddr:3.0 as the target device
INFO: Loading gradient-cosim-unroll16-tile256x256.xclbin
INFO: Found 1 platforms
INFO: Selected platform 0 from Xilinx
INFO: Selected xilinx:adm-pcie-7v3:1ddr:3.0 as the target device
INFO: Loading gradient-cosim-unroll16-tile256x256.xclbin
INFO: [SDx-EM 01] Hardware emulation runs detailed simulation underneath. It may take long time for large data set. Please use a small dataset for faster execution. You can still get performance trend for your kernel with smaller dataset.
host: tile_num_dim0 = 8, tile_num_dim1 = 4
host: var_f_extent_0 = 1998, var_f_extent_1 = 998
host: var_f_min_0 = 0, var_f_min_1 = 0
Info: Emulation mode.
INFO: [SDx-EM 22] [Wall clock time: 21:11, Emulation time: 0.0393075 ms] Data transfer between kernel(s) and global memory(s)
BANK0          RD = 441.000 KB             WR = 0.000 KB        

INFO: [SDx-EM 22] [Wall clock time: 21:16, Emulation time: 0.0722725 ms] Data transfer between kernel(s) and global memory(s)
BANK0          RD = 768.000 KB             WR = 80.000 KB       

INFO: [SDx-EM 22] [Wall clock time: 21:22, Emulation time: 0.110073 ms] Data transfer between kernel(s) and global memory(s)
BANK0          RD = 1024.000 KB            WR = 274.000 KB      

INFO: [SDx-EM 22] [Wall clock time: 21:27, Emulation time: 0.149013 ms] Data transfer between kernel(s) and global memory(s)
BANK0          RD = 1224.000 KB            WR = 520.000 KB      

INFO: [SDx-EM 22] [Wall clock time: 21:32, Emulation time: 0.187908 ms] Data transfer between kernel(s) and global memory(s)
BANK0          RD = 1420.000 KB            WR = 776.000 KB      

INFO: [SDx-EM 22] [Wall clock time: 21:37, Emulation time: 0.226748 ms] Data transfer between kernel(s) and global memory(s)
BANK0          RD = 1615.000 KB            WR = 1032.000 KB     

INFO: [SDx-EM 22] [Wall clock time: 21:42, Emulation time: 0.265853 ms] Data transfer between kernel(s) and global memory(s)
BANK0          RD = 1813.000 KB            WR = 1288.000 KB     

INFO: [SDx-EM 22] [Wall clock time: 21:47, Emulation time: 0.304073 ms] Data transfer between kernel(s) and global memory(s)
BANK0          RD = 2048.000 KB            WR = 1500.000 KB     

INFO: [SDx-EM 22] [Wall clock time: 21:53, Emulation time: 0.340118 ms] Data transfer between kernel(s) and global memory(s)
BANK0          RD = 2304.000 KB            WR = 1676.000 KB     

INFO: [SDx-EM 22] [Wall clock time: 21:58, Emulation time: 0.375793 ms] Data transfer between kernel(s) and global memory(s)
BANK0          RD = 2560.000 KB            WR = 1847.000 KB     

INFO: [SDx-EM 22] [Wall clock time: 22:03, Emulation time: 0.414308 ms] Data transfer between kernel(s) and global memory(s)
BANK0          RD = 2798.000 KB            WR = 2056.000 KB     

INFO: [SDx-EM 22] [Wall clock time: 22:08, Emulation time: 0.452568 ms] Data transfer between kernel(s) and global memory(s)
BANK0          RD = 2986.000 KB            WR = 2312.000 KB     

INFO: [SDx-EM 22] [Wall clock time: 22:13, Emulation time: 0.491173 ms] Data transfer between kernel(s) and global memory(s)
BANK0          RD = 3179.000 KB            WR = 2568.000 KB     

INFO: [SDx-EM 22] [Wall clock time: 22:18, Emulation time: 0.530177 ms] Data transfer between kernel(s) and global memory(s)
BANK0          RD = 3376.000 KB            WR = 2824.000 KB     

INFO: [SDx-EM 22] [Wall clock time: 22:24, Emulation time: 0.569343 ms] Data transfer between kernel(s) and global memory(s)
BANK0          RD = 3584.000 KB            WR = 3069.000 KB     

INFO: [SDx-EM 22] [Wall clock time: 22:29, Emulation time: 0.607108 ms] Data transfer between kernel(s) and global memory(s)
BANK0          RD = 3840.000 KB            WR = 3263.000 KB     

INFO: [SDx-EM 22] [Wall clock time: 22:34, Emulation time: 0.643808 ms] Data transfer between kernel(s) and global memory(s)
BANK0          RD = 4096.000 KB            WR = 3445.000 KB     

INFO: [SDx-EM 22] [Wall clock time: 22:39, Emulation time: 0.681488 ms] Data transfer between kernel(s) and global memory(s)
BANK0          RD = 4352.000 KB            WR = 3638.000 KB     

INFO: [SDx-EM 22] [Wall clock time: 22:44, Emulation time: 0.721263 ms] Data transfer between kernel(s) and global memory(s)
BANK0          RD = 4604.000 KB            WR = 3848.000 KB     

INFO: [SDx-EM 22] [Wall clock time: 22:49, Emulation time: 0.760428 ms] Data transfer between kernel(s) and global memory(s)
BANK0          RD = 4804.000 KB            WR = 4104.000 KB     

INFO: [SDx-EM 22] [Wall clock time: 22:55, Emulation time: 0.800403 ms] Data transfer between kernel(s) and global memory(s)
BANK0          RD = 5013.000 KB            WR = 4360.000 KB     

INFO: [SDx-EM 22] [Wall clock time: 23:00, Emulation time: 0.840353 ms] Data transfer between kernel(s) and global memory(s)
BANK0          RD = 5222.000 KB            WR = 4616.000 KB     

INFO: [SDx-EM 22] [Wall clock time: 23:05, Emulation time: 0.880328 ms] Data transfer between kernel(s) and global memory(s)
BANK0          RD = 5432.000 KB            WR = 4872.000 KB     

INFO: [SDx-EM 22] [Wall clock time: 23:10, Emulation time: 0.920218 ms] Data transfer between kernel(s) and global memory(s)
BANK0          RD = 5640.000 KB            WR = 5128.000 KB     

INFO: [SDx-EM 22] [Wall clock time: 23:15, Emulation time: 0.957498 ms] Data transfer between kernel(s) and global memory(s)
BANK0          RD = 5888.000 KB            WR = 5320.000 KB     

INFO: [SDx-EM 22] [Wall clock time: 23:20, Emulation time: 0.997563 ms] Data transfer between kernel(s) and global memory(s)
BANK0          RD = 6144.000 KB            WR = 5537.000 KB     

INFO: [SDx-EM 22] [Wall clock time: 23:26, Emulation time: 1.03854 ms] Data transfer between kernel(s) and global memory(s)
BANK0          RD = 6400.000 KB            WR = 5765.000 KB     

INFO: [SDx-EM 22] [Wall clock time: 23:31, Emulation time: 1.08484 ms] Data transfer between kernel(s) and global memory(s)
BANK0          RD = 6656.000 KB            WR = 6048.000 KB     

INFO: [SDx-EM 22] [Wall clock time: 23:36, Emulation time: 1.13482 ms] Data transfer between kernel(s) and global memory(s)
BANK0          RD = 6912.000 KB            WR = 6370.000 KB     

INFO: [SDx-EM 22] [Wall clock time: 23:41, Emulation time: 1.18711 ms] Data transfer between kernel(s) and global memory(s)
BANK0          RD = 7236.000 KB            WR = 6664.000 KB     

INFO: [SDx-EM 22] [Wall clock time: 23:46, Emulation time: 1.23694 ms] Data transfer between kernel(s) and global memory(s)
BANK0          RD = 7568.000 KB            WR = 6920.000 KB     

INFO: [SDx-EM 22] [Wall clock time: 23:51, Emulation time: 1.2875 ms] Data transfer between kernel(s) and global memory(s)
BANK0          RD = 7910.000 KB            WR = 7176.000 KB     

INFO: [SDx-EM 22] [Wall clock time: 23:57, Emulation time: 1.34106 ms] Data transfer between kernel(s) and global memory(s)
BANK0          RD = 8192.000 KB            WR = 7522.000 KB     

INFO: [SDx-EM 22] [Wall clock time: 00:02, Emulation time: 1.39882 ms] Data transfer between kernel(s) and global memory(s)
BANK0          RD = 8192.000 KB            WR = 8125.000 KB     

PCIe write time: 167733.314000 us
Kernel run time: 10570435961.784000 us
PCIe read  time: 683419.682000 us
Total run  time: 10571287169.343000 us
Kernel runtime: 10636755625.047998 us
INFO: [SDx-EM 22] [Wall clock time: 00:02, Emulation time: 1.40545 ms] Data transfer between kernel(s) and global memory(s)
BANK0          RD = 8192.000 KB            WR = 8192.000 KB     

