INFO: Found 1 platforms
INFO: Selected platform 0 from Xilinx
INFO: Selected xilinx:adm-pcie-7v3:1ddr:3.0 as the target device
INFO: Loading gradient-cosim-unroll8-tile256x64.xclbin
INFO: Found 1 platforms
INFO: Selected platform 0 from Xilinx
INFO: Selected xilinx:adm-pcie-7v3:1ddr:3.0 as the target device
INFO: Loading gradient-cosim-unroll8-tile256x64.xclbin
INFO: [SDx-EM 01] Hardware emulation runs detailed simulation underneath. It may take long time for large data set. Please use a small dataset for faster execution. You can still get performance trend for your kernel with smaller dataset.
host: tile_num_dim0 = 8, tile_num_dim1 = 17
host: var_f_extent_0 = 1998, var_f_extent_1 = 998
host: var_f_min_0 = 0, var_f_min_1 = 0
Info: Emulation mode.
INFO: [SDx-EM 22] [Wall clock time: 22:36, Emulation time: 0.0665525 ms] Data transfer between kernel(s) and global memory(s)
BANK0          RD = 384.000 KB             WR = 253.000 KB      

INFO: [SDx-EM 22] [Wall clock time: 22:42, Emulation time: 0.128218 ms] Data transfer between kernel(s) and global memory(s)
BANK0          RD = 736.000 KB             WR = 584.000 KB      

INFO: [SDx-EM 22] [Wall clock time: 22:47, Emulation time: 0.190573 ms] Data transfer between kernel(s) and global memory(s)
BANK0          RD = 1088.000 KB            WR = 960.000 KB      

INFO: [SDx-EM 22] [Wall clock time: 22:52, Emulation time: 0.251872 ms] Data transfer between kernel(s) and global memory(s)
BANK0          RD = 1449.000 KB            WR = 1301.000 KB     

INFO: [SDx-EM 22] [Wall clock time: 22:57, Emulation time: 0.313887 ms] Data transfer between kernel(s) and global memory(s)
BANK0          RD = 1792.000 KB            WR = 1664.000 KB     

INFO: [SDx-EM 22] [Wall clock time: 23:02, Emulation time: 0.376778 ms] Data transfer between kernel(s) and global memory(s)
BANK0          RD = 2169.000 KB            WR = 2033.000 KB     

INFO: [SDx-EM 22] [Wall clock time: 23:07, Emulation time: 0.438663 ms] Data transfer between kernel(s) and global memory(s)
BANK0          RD = 2519.000 KB            WR = 2376.000 KB     

INFO: [SDx-EM 22] [Wall clock time: 23:13, Emulation time: 0.501572 ms] Data transfer between kernel(s) and global memory(s)
BANK0          RD = 2880.000 KB            WR = 2752.000 KB     

INFO: [SDx-EM 22] [Wall clock time: 23:18, Emulation time: 0.576967 ms] Data transfer between kernel(s) and global memory(s)
BANK0          RD = 3321.000 KB            WR = 3185.000 KB     

INFO: [SDx-EM 22] [Wall clock time: 23:23, Emulation time: 0.665613 ms] Data transfer between kernel(s) and global memory(s)
BANK0          RD = 3831.000 KB            WR = 3694.000 KB     

INFO: [SDx-EM 22] [Wall clock time: 23:28, Emulation time: 0.757273 ms] Data transfer between kernel(s) and global memory(s)
BANK0          RD = 4352.000 KB            WR = 4224.000 KB     

INFO: [SDx-EM 22] [Wall clock time: 23:33, Emulation time: 0.857128 ms] Data transfer between kernel(s) and global memory(s)
BANK0          RD = 4928.000 KB            WR = 4800.000 KB     

INFO: [SDx-EM 22] [Wall clock time: 23:38, Emulation time: 0.959833 ms] Data transfer between kernel(s) and global memory(s)
BANK0          RD = 5509.000 KB            WR = 5382.000 KB     

INFO: [SDx-EM 22] [Wall clock time: 23:44, Emulation time: 1.06696 ms] Data transfer between kernel(s) and global memory(s)
BANK0          RD = 6141.000 KB            WR = 6008.000 KB     

INFO: [SDx-EM 22] [Wall clock time: 23:49, Emulation time: 1.18055 ms] Data transfer between kernel(s) and global memory(s)
BANK0          RD = 6784.000 KB            WR = 6656.000 KB     

INFO: [SDx-EM 22] [Wall clock time: 23:54, Emulation time: 1.30349 ms] Data transfer between kernel(s) and global memory(s)
BANK0          RD = 7488.000 KB            WR = 7360.000 KB     

INFO: [SDx-EM 22] [Wall clock time: 23:59, Emulation time: 1.43064 ms] Data transfer between kernel(s) and global memory(s)
BANK0          RD = 8233.000 KB            WR = 8086.000 KB     

PCIe write time: 121096.796000 us
Kernel run time: 5443449262.602000 us
PCIe read  time: 380072.180000 us
Total run  time: 5443950484.099000 us
Kernel runtime: 5446756641.837000 us
INFO: [SDx-EM 22] [Wall clock time: 00:02, Emulation time: 1.53293 ms] Data transfer between kernel(s) and global memory(s)
BANK0          RD = 8704.000 KB            WR = 8704.000 KB     

