INFO: Found 1 platforms
INFO: Selected platform 0 from Xilinx
INFO: Selected xilinx:adm-pcie-7v3:1ddr:3.0 as the target device
INFO: Loading gradient-cosim-unroll8-tile64x64.xclbin
INFO: Found 1 platforms
INFO: Selected platform 0 from Xilinx
INFO: Selected xilinx:adm-pcie-7v3:1ddr:3.0 as the target device
INFO: Loading gradient-cosim-unroll8-tile64x64.xclbin
INFO: [SDx-EM 01] Hardware emulation runs detailed simulation underneath. It may take long time for large data set. Please use a small dataset for faster execution. You can still get performance trend for your kernel with smaller dataset.
host: tile_num_dim0 = 33, tile_num_dim1 = 17
host: var_f_extent_0 = 1998, var_f_extent_1 = 998
host: var_f_min_0 = 0, var_f_min_1 = 0
Info: Emulation mode.
INFO: [SDx-EM 22] [Wall clock time: 22:36, Emulation time: 0.0624775 ms] Data transfer between kernel(s) and global memory(s)
BANK0          RD = 303.000 KB             WR = 264.000 KB      

INFO: [SDx-EM 22] [Wall clock time: 22:42, Emulation time: 0.124013 ms] Data transfer between kernel(s) and global memory(s)
BANK0          RD = 608.000 KB             WR = 576.000 KB      

INFO: [SDx-EM 22] [Wall clock time: 22:47, Emulation time: 0.184813 ms] Data transfer between kernel(s) and global memory(s)
BANK0          RD = 910.000 KB             WR = 872.000 KB      

INFO: [SDx-EM 22] [Wall clock time: 22:52, Emulation time: 0.245823 ms] Data transfer between kernel(s) and global memory(s)
BANK0          RD = 1212.000 KB            WR = 1176.000 KB     

INFO: [SDx-EM 22] [Wall clock time: 22:57, Emulation time: 0.306533 ms] Data transfer between kernel(s) and global memory(s)
BANK0          RD = 1510.000 KB            WR = 1479.000 KB     

INFO: [SDx-EM 22] [Wall clock time: 23:02, Emulation time: 0.367593 ms] Data transfer between kernel(s) and global memory(s)
BANK0          RD = 1813.000 KB            WR = 1782.000 KB     

INFO: [SDx-EM 22] [Wall clock time: 23:07, Emulation time: 0.428658 ms] Data transfer between kernel(s) and global memory(s)
BANK0          RD = 2115.000 KB            WR = 2085.000 KB     

INFO: [SDx-EM 22] [Wall clock time: 23:13, Emulation time: 0.490528 ms] Data transfer between kernel(s) and global memory(s)
BANK0          RD = 2428.000 KB            WR = 2392.000 KB     

INFO: [SDx-EM 22] [Wall clock time: 23:18, Emulation time: 0.553907 ms] Data transfer between kernel(s) and global memory(s)
BANK0          RD = 2736.000 KB            WR = 2705.000 KB     

INFO: [SDx-EM 22] [Wall clock time: 23:23, Emulation time: 0.618493 ms] Data transfer between kernel(s) and global memory(s)
BANK0          RD = 3058.000 KB            WR = 3027.000 KB     

INFO: [SDx-EM 22] [Wall clock time: 23:28, Emulation time: 0.686648 ms] Data transfer between kernel(s) and global memory(s)
BANK0          RD = 3400.000 KB            WR = 3368.000 KB     

INFO: [SDx-EM 22] [Wall clock time: 23:33, Emulation time: 0.760268 ms] Data transfer between kernel(s) and global memory(s)
BANK0          RD = 3763.000 KB            WR = 3732.000 KB     

INFO: [SDx-EM 22] [Wall clock time: 23:38, Emulation time: 0.839998 ms] Data transfer between kernel(s) and global memory(s)
BANK0          RD = 4160.000 KB            WR = 4128.000 KB     

INFO: [SDx-EM 22] [Wall clock time: 23:44, Emulation time: 0.921168 ms] Data transfer between kernel(s) and global memory(s)
BANK0          RD = 4562.000 KB            WR = 4531.000 KB     

INFO: [SDx-EM 22] [Wall clock time: 23:49, Emulation time: 1.00072 ms] Data transfer between kernel(s) and global memory(s)
BANK0          RD = 4960.000 KB            WR = 4928.000 KB     

INFO: [SDx-EM 22] [Wall clock time: 23:54, Emulation time: 1.07912 ms] Data transfer between kernel(s) and global memory(s)
BANK0          RD = 5348.000 KB            WR = 5317.000 KB     

INFO: [SDx-EM 22] [Wall clock time: 23:59, Emulation time: 1.16113 ms] Data transfer between kernel(s) and global memory(s)
BANK0          RD = 5760.000 KB            WR = 5728.000 KB     

INFO: [SDx-EM 22] [Wall clock time: 00:04, Emulation time: 1.2599 ms] Data transfer between kernel(s) and global memory(s)
BANK0          RD = 6249.000 KB            WR = 6216.000 KB     

INFO: [SDx-EM 22] [Wall clock time: 00:09, Emulation time: 1.37761 ms] Data transfer between kernel(s) and global memory(s)
BANK0          RD = 6832.000 KB            WR = 6800.000 KB     

INFO: [SDx-EM 22] [Wall clock time: 00:15, Emulation time: 1.50846 ms] Data transfer between kernel(s) and global memory(s)
BANK0          RD = 7488.000 KB            WR = 7456.000 KB     

INFO: [SDx-EM 22] [Wall clock time: 00:20, Emulation time: 1.65052 ms] Data transfer between kernel(s) and global memory(s)
BANK0          RD = 8192.000 KB            WR = 8160.000 KB     

PCIe write time: 118830.302000 us
Kernel run time: 6776632990.739000 us
PCIe read  time: 404951.927000 us
Total run  time: 6777156829.587000 us
Kernel runtime: 6779894144.488000 us
INFO: [SDx-EM 22] [Wall clock time: 00:24, Emulation time: 1.81496 ms] Data transfer between kernel(s) and global memory(s)
BANK0          RD = 8976.000 KB            WR = 8976.000 KB     

