INFO: Found 1 platforms
INFO: Selected platform 0 from Xilinx
INFO: Selected xilinx:adm-pcie-7v3:1ddr:3.0 as the target device
INFO: Loading gradient-cosim-unroll2-tile256x128.xclbin
INFO: Found 1 platforms
INFO: Selected platform 0 from Xilinx
INFO: Selected xilinx:adm-pcie-7v3:1ddr:3.0 as the target device
INFO: Loading gradient-cosim-unroll2-tile256x128.xclbin
INFO: [SDx-EM 01] Hardware emulation runs detailed simulation underneath. It may take long time for large data set. Please use a small dataset for faster execution. You can still get performance trend for your kernel with smaller dataset.
host: tile_num_dim0 = 8, tile_num_dim1 = 8
host: var_f_extent_0 = 1998, var_f_extent_1 = 998
host: var_f_min_0 = 0, var_f_min_1 = 0
Info: Emulation mode.
INFO: [SDx-EM 22] [Wall clock time: 21:11, Emulation time: 0.202013 ms] Data transfer between kernel(s) and global memory(s)
BANK0          RD = 384.000 KB             WR = 128.000 KB      

INFO: [SDx-EM 22] [Wall clock time: 21:16, Emulation time: 0.391538 ms] Data transfer between kernel(s) and global memory(s)
BANK0          RD = 656.000 KB             WR = 388.000 KB      

INFO: [SDx-EM 22] [Wall clock time: 21:22, Emulation time: 0.580228 ms] Data transfer between kernel(s) and global memory(s)
BANK0          RD = 968.000 KB             WR = 710.000 KB      

INFO: [SDx-EM 22] [Wall clock time: 21:27, Emulation time: 0.771858 ms] Data transfer between kernel(s) and global memory(s)
BANK0          RD = 1280.000 KB            WR = 1024.000 KB     

INFO: [SDx-EM 22] [Wall clock time: 21:32, Emulation time: 0.960698 ms] Data transfer between kernel(s) and global memory(s)
BANK0          RD = 1536.000 KB            WR = 1280.000 KB     

INFO: [SDx-EM 22] [Wall clock time: 21:37, Emulation time: 1.14449 ms] Data transfer between kernel(s) and global memory(s)
BANK0          RD = 1797.000 KB            WR = 1537.000 KB     

INFO: [SDx-EM 22] [Wall clock time: 21:42, Emulation time: 1.33264 ms] Data transfer between kernel(s) and global memory(s)
BANK0          RD = 2117.000 KB            WR = 1858.000 KB     

INFO: [SDx-EM 22] [Wall clock time: 21:47, Emulation time: 1.52334 ms] Data transfer between kernel(s) and global memory(s)
BANK0          RD = 2431.000 KB            WR = 2176.000 KB     

INFO: [SDx-EM 22] [Wall clock time: 21:53, Emulation time: 1.71343 ms] Data transfer between kernel(s) and global memory(s)
BANK0          RD = 2688.000 KB            WR = 2432.000 KB     

INFO: [SDx-EM 22] [Wall clock time: 21:58, Emulation time: 1.90155 ms] Data transfer between kernel(s) and global memory(s)
BANK0          RD = 2969.000 KB            WR = 2699.000 KB     

INFO: [SDx-EM 22] [Wall clock time: 22:03, Emulation time: 2.09212 ms] Data transfer between kernel(s) and global memory(s)
BANK0          RD = 3283.000 KB            WR = 3028.000 KB     

INFO: [SDx-EM 22] [Wall clock time: 22:08, Emulation time: 2.28055 ms] Data transfer between kernel(s) and global memory(s)
BANK0          RD = 3584.000 KB            WR = 3328.000 KB     

INFO: [SDx-EM 22] [Wall clock time: 22:13, Emulation time: 2.47226 ms] Data transfer between kernel(s) and global memory(s)
BANK0          RD = 3840.000 KB            WR = 3584.000 KB     

INFO: [SDx-EM 22] [Wall clock time: 22:18, Emulation time: 2.65788 ms] Data transfer between kernel(s) and global memory(s)
BANK0          RD = 4128.000 KB            WR = 3859.000 KB     

INFO: [SDx-EM 22] [Wall clock time: 22:24, Emulation time: 2.84869 ms] Data transfer between kernel(s) and global memory(s)
BANK0          RD = 4442.000 KB            WR = 4188.000 KB     

INFO: [SDx-EM 22] [Wall clock time: 22:29, Emulation time: 3.03595 ms] Data transfer between kernel(s) and global memory(s)
BANK0          RD = 4736.000 KB            WR = 4480.000 KB     

INFO: [SDx-EM 22] [Wall clock time: 22:34, Emulation time: 3.23118 ms] Data transfer between kernel(s) and global memory(s)
BANK0          RD = 4992.000 KB            WR = 4736.000 KB     

INFO: [SDx-EM 22] [Wall clock time: 22:39, Emulation time: 3.43212 ms] Data transfer between kernel(s) and global memory(s)
BANK0          RD = 5331.000 KB            WR = 5075.000 KB     

INFO: [SDx-EM 22] [Wall clock time: 22:44, Emulation time: 3.6334 ms] Data transfer between kernel(s) and global memory(s)
BANK0          RD = 5632.000 KB            WR = 5376.000 KB     

INFO: [SDx-EM 22] [Wall clock time: 22:49, Emulation time: 3.83263 ms] Data transfer between kernel(s) and global memory(s)
BANK0          RD = 5925.000 KB            WR = 5658.000 KB     

INFO: [SDx-EM 22] [Wall clock time: 22:55, Emulation time: 4.03095 ms] Data transfer between kernel(s) and global memory(s)
BANK0          RD = 6258.000 KB            WR = 6010.000 KB     

INFO: [SDx-EM 22] [Wall clock time: 23:00, Emulation time: 4.23607 ms] Data transfer between kernel(s) and global memory(s)
BANK0          RD = 6528.000 KB            WR = 6272.000 KB     

INFO: [SDx-EM 22] [Wall clock time: 23:05, Emulation time: 4.43773 ms] Data transfer between kernel(s) and global memory(s)
BANK0          RD = 6868.000 KB            WR = 6613.000 KB     

INFO: [SDx-EM 22] [Wall clock time: 23:10, Emulation time: 4.65945 ms] Data transfer between kernel(s) and global memory(s)
BANK0          RD = 7168.000 KB            WR = 6912.000 KB     

INFO: [SDx-EM 22] [Wall clock time: 23:15, Emulation time: 4.88046 ms] Data transfer between kernel(s) and global memory(s)
BANK0          RD = 7552.000 KB            WR = 7296.000 KB     

INFO: [SDx-EM 22] [Wall clock time: 23:20, Emulation time: 5.11737 ms] Data transfer between kernel(s) and global memory(s)
BANK0          RD = 7916.000 KB            WR = 7666.000 KB     

INFO: [SDx-EM 22] [Wall clock time: 23:26, Emulation time: 5.35997 ms] Data transfer between kernel(s) and global memory(s)
BANK0          RD = 8192.000 KB            WR = 8023.000 KB     

PCIe write time: 82160.436000 us
Kernel run time: 8472432412.697999 us
PCIe read  time: 191237.056000 us
Total run  time: 8472705861.696000 us
Kernel runtime: 8536892667.584000 us
INFO: [SDx-EM 22] [Wall clock time: 23:27, Emulation time: 5.45735 ms] Data transfer between kernel(s) and global memory(s)
BANK0          RD = 8192.000 KB            WR = 8192.000 KB     

