INFO: Found 1 platforms
INFO: Selected platform 0 from Xilinx
INFO: Selected xilinx:adm-pcie-7v3:1ddr:3.0 as the target device
INFO: Loading bit/gradient-cosim.xclbin
INFO: Found 1 platforms
INFO: Selected platform 0 from Xilinx
INFO: Selected xilinx:adm-pcie-7v3:1ddr:3.0 as the target device
INFO: Loading bit/gradient-cosim.xclbin
INFO: [SDx-EM 01] Hardware emulation runs detailed simulation underneath. It may take long time for large data set. Please use a small dataset for faster execution. You can still get performance trend for your kernel with smaller dataset.
host: tile_num_dim0 = 16, tile_num_dim1 = 8
host: var_f_extent_0 = 1998, var_f_extent_1 = 998
host: var_f_min_0 = 0, var_f_min_1 = 0
Info: Emulation mode.
INFO: [SDx-EM 22] [Wall clock time: 13:59, Emulation time: 0.202298 ms] Data transfer between kernel(s) and global memory(s)
BANK0          RD = 1312.000 KB            WR = 1160.000 KB     

INFO: [SDx-EM 22] [Wall clock time: 14:04, Emulation time: 0.392817 ms] Data transfer between kernel(s) and global memory(s)
BANK0          RD = 2513.000 KB            WR = 2376.000 KB     

INFO: [SDx-EM 22] [Wall clock time: 14:09, Emulation time: 0.585378 ms] Data transfer between kernel(s) and global memory(s)
BANK0          RD = 3740.000 KB            WR = 3592.000 KB     

INFO: [SDx-EM 22] [Wall clock time: 14:14, Emulation time: 0.770423 ms] Data transfer between kernel(s) and global memory(s)
BANK0          RD = 4928.000 KB            WR = 4757.000 KB     

INFO: [SDx-EM 22] [Wall clock time: 14:19, Emulation time: 0.950578 ms] Data transfer between kernel(s) and global memory(s)
BANK0          RD = 6068.000 KB            WR = 5896.000 KB     

INFO: [SDx-EM 22] [Wall clock time: 14:24, Emulation time: 1.12188 ms] Data transfer between kernel(s) and global memory(s)
BANK0          RD = 7153.000 KB            WR = 6984.000 KB     

INFO: [SDx-EM 22] [Wall clock time: 14:30, Emulation time: 1.29457 ms] Data transfer between kernel(s) and global memory(s)
BANK0          RD = 8192.000 KB            WR = 8119.000 KB     

PCIe write time: 44134.117000 us
Kernel run time: 2178501491.863000 us
PCIe read  time: 91908.549000 us
Total run  time: 2178637565.598000 us
Kernel runtime: 2181838672.357000 us
INFO: [SDx-EM 22] [Wall clock time: 14:30, Emulation time: 1.30466 ms] Data transfer between kernel(s) and global memory(s)
BANK0          RD = 8192.000 KB            WR = 8192.000 KB     

