INFO: Found 1 platforms
INFO: Selected platform 0 from Xilinx
INFO: Selected xilinx:adm-pcie-7v3:1ddr:3.0 as the target device
INFO: Loading gradient-cosim-unroll16-tile128x128.xclbin
INFO: Found 1 platforms
INFO: Selected platform 0 from Xilinx
INFO: Selected xilinx:adm-pcie-7v3:1ddr:3.0 as the target device
INFO: Loading gradient-cosim-unroll16-tile128x128.xclbin
INFO: [SDx-EM 01] Hardware emulation runs detailed simulation underneath. It may take long time for large data set. Please use a small dataset for faster execution. You can still get performance trend for your kernel with smaller dataset.
host: tile_num_dim0 = 16, tile_num_dim1 = 8
host: var_f_extent_0 = 1998, var_f_extent_1 = 998
host: var_f_min_0 = 0, var_f_min_1 = 0
Info: Emulation mode.
INFO: [SDx-EM 22] [Wall clock time: 21:11, Emulation time: 0.0365775 ms] Data transfer between kernel(s) and global memory(s)
BANK0          RD = 275.000 KB             WR = 136.000 KB      

INFO: [SDx-EM 22] [Wall clock time: 21:16, Emulation time: 0.0741175 ms] Data transfer between kernel(s) and global memory(s)
BANK0          RD = 512.000 KB             WR = 374.000 KB      

INFO: [SDx-EM 22] [Wall clock time: 21:22, Emulation time: 0.110898 ms] Data transfer between kernel(s) and global memory(s)
BANK0          RD = 768.000 KB             WR = 592.000 KB      

INFO: [SDx-EM 22] [Wall clock time: 21:27, Emulation time: 0.148973 ms] Data transfer between kernel(s) and global memory(s)
BANK0          RD = 996.000 KB             WR = 840.000 KB      

INFO: [SDx-EM 22] [Wall clock time: 21:32, Emulation time: 0.185393 ms] Data transfer between kernel(s) and global memory(s)
BANK0          RD = 1216.000 KB            WR = 1081.000 KB     

INFO: [SDx-EM 22] [Wall clock time: 21:37, Emulation time: 0.221923 ms] Data transfer between kernel(s) and global memory(s)
BANK0          RD = 1472.000 KB            WR = 1297.000 KB     

INFO: [SDx-EM 22] [Wall clock time: 21:42, Emulation time: 0.259512 ms] Data transfer between kernel(s) and global memory(s)
BANK0          RD = 1695.000 KB            WR = 1544.000 KB     

INFO: [SDx-EM 22] [Wall clock time: 21:47, Emulation time: 0.297127 ms] Data transfer between kernel(s) and global memory(s)
BANK0          RD = 1920.000 KB            WR = 1792.000 KB     

INFO: [SDx-EM 22] [Wall clock time: 21:53, Emulation time: 0.332913 ms] Data transfer between kernel(s) and global memory(s)
BANK0          RD = 2176.000 KB            WR = 2001.000 KB     

INFO: [SDx-EM 22] [Wall clock time: 21:58, Emulation time: 0.370193 ms] Data transfer between kernel(s) and global memory(s)
BANK0          RD = 2395.000 KB            WR = 2248.000 KB     

INFO: [SDx-EM 22] [Wall clock time: 22:03, Emulation time: 0.407428 ms] Data transfer between kernel(s) and global memory(s)
BANK0          RD = 2624.000 KB            WR = 2490.000 KB     

INFO: [SDx-EM 22] [Wall clock time: 22:08, Emulation time: 0.443918 ms] Data transfer between kernel(s) and global memory(s)
BANK0          RD = 2880.000 KB            WR = 2705.000 KB     

INFO: [SDx-EM 22] [Wall clock time: 22:13, Emulation time: 0.481318 ms] Data transfer between kernel(s) and global memory(s)
BANK0          RD = 3100.000 KB            WR = 2952.000 KB     

INFO: [SDx-EM 22] [Wall clock time: 22:18, Emulation time: 0.518073 ms] Data transfer between kernel(s) and global memory(s)
BANK0          RD = 3328.000 KB            WR = 3190.000 KB     

INFO: [SDx-EM 22] [Wall clock time: 22:24, Emulation time: 0.554563 ms] Data transfer between kernel(s) and global memory(s)
BANK0          RD = 3581.000 KB            WR = 3400.000 KB     

INFO: [SDx-EM 22] [Wall clock time: 22:29, Emulation time: 0.592078 ms] Data transfer between kernel(s) and global memory(s)
BANK0          RD = 3801.000 KB            WR = 3656.000 KB     

INFO: [SDx-EM 22] [Wall clock time: 22:34, Emulation time: 0.628688 ms] Data transfer between kernel(s) and global memory(s)
BANK0          RD = 4032.000 KB            WR = 3890.000 KB     

INFO: [SDx-EM 22] [Wall clock time: 22:39, Emulation time: 0.665673 ms] Data transfer between kernel(s) and global memory(s)
BANK0          RD = 4287.000 KB            WR = 4104.000 KB     

INFO: [SDx-EM 22] [Wall clock time: 22:44, Emulation time: 0.703873 ms] Data transfer between kernel(s) and global memory(s)
BANK0          RD = 4515.000 KB            WR = 4360.000 KB     

INFO: [SDx-EM 22] [Wall clock time: 22:49, Emulation time: 0.742283 ms] Data transfer between kernel(s) and global memory(s)
BANK0          RD = 4747.000 KB            WR = 4616.000 KB     

INFO: [SDx-EM 22] [Wall clock time: 22:55, Emulation time: 0.779363 ms] Data transfer between kernel(s) and global memory(s)
BANK0          RD = 4992.000 KB            WR = 4843.000 KB     

INFO: [SDx-EM 22] [Wall clock time: 23:00, Emulation time: 0.816933 ms] Data transfer between kernel(s) and global memory(s)
BANK0          RD = 5245.000 KB            WR = 5064.000 KB     

INFO: [SDx-EM 22] [Wall clock time: 23:05, Emulation time: 0.857613 ms] Data transfer between kernel(s) and global memory(s)
BANK0          RD = 5504.000 KB            WR = 5329.000 KB     

INFO: [SDx-EM 22] [Wall clock time: 23:10, Emulation time: 0.902753 ms] Data transfer between kernel(s) and global memory(s)
BANK0          RD = 5760.000 KB            WR = 5633.000 KB     

INFO: [SDx-EM 22] [Wall clock time: 23:15, Emulation time: 0.948323 ms] Data transfer between kernel(s) and global memory(s)
BANK0          RD = 6080.000 KB            WR = 5904.000 KB     

INFO: [SDx-EM 22] [Wall clock time: 23:20, Emulation time: 0.998998 ms] Data transfer between kernel(s) and global memory(s)
BANK0          RD = 6400.000 KB            WR = 6226.000 KB     

INFO: [SDx-EM 22] [Wall clock time: 23:26, Emulation time: 1.05607 ms] Data transfer between kernel(s) and global memory(s)
BANK0          RD = 6743.000 KB            WR = 6600.000 KB     

INFO: [SDx-EM 22] [Wall clock time: 23:31, Emulation time: 1.11571 ms] Data transfer between kernel(s) and global memory(s)
BANK0          RD = 7116.000 KB            WR = 6984.000 KB     

INFO: [SDx-EM 22] [Wall clock time: 23:36, Emulation time: 1.17937 ms] Data transfer between kernel(s) and global memory(s)
BANK0          RD = 7539.000 KB            WR = 7368.000 KB     

INFO: [SDx-EM 22] [Wall clock time: 23:41, Emulation time: 1.24761 ms] Data transfer between kernel(s) and global memory(s)
BANK0          RD = 7957.000 KB            WR = 7816.000 KB     

PCIe write time: 253816.328000 us
Kernel run time: 9522429010.821001 us
PCIe read  time: 509355.334000 us
Total run  time: 9523192236.021999 us
Kernel runtime: 9590138961.551001 us
INFO: [SDx-EM 22] [Wall clock time: 23:45, Emulation time: 1.2988 ms] Data transfer between kernel(s) and global memory(s)
BANK0          RD = 8192.000 KB            WR = 8192.000 KB     

