INFO: Found 1 platforms
INFO: Selected platform 0 from Xilinx
INFO: Selected xilinx:adm-pcie-7v3:1ddr:3.0 as the target device
INFO: Loading gradient-cosim-unroll32-tile64x128.xclbin
INFO: Found 1 platforms
INFO: Selected platform 0 from Xilinx
INFO: Selected xilinx:adm-pcie-7v3:1ddr:3.0 as the target device
INFO: Loading gradient-cosim-unroll32-tile64x128.xclbin
INFO: [SDx-EM 01] Hardware emulation runs detailed simulation underneath. It may take long time for large data set. Please use a small dataset for faster execution. You can still get performance trend for your kernel with smaller dataset.
host: tile_num_dim0 = 33, tile_num_dim1 = 8
host: var_f_extent_0 = 1998, var_f_extent_1 = 998
host: var_f_min_0 = 0, var_f_min_1 = 0
Info: Emulation mode.
INFO: [SDx-EM 22] [Wall clock time: 21:11, Emulation time: 0.0191325 ms] Data transfer between kernel(s) and global memory(s)
BANK0          RD = 133.000 KB             WR = 70.000 KB       

INFO: [SDx-EM 22] [Wall clock time: 21:16, Emulation time: 0.0379725 ms] Data transfer between kernel(s) and global memory(s)
BANK0          RD = 271.000 KB             WR = 200.000 KB      

INFO: [SDx-EM 22] [Wall clock time: 21:22, Emulation time: 0.0578975 ms] Data transfer between kernel(s) and global memory(s)
BANK0          RD = 416.000 KB             WR = 342.000 KB      

INFO: [SDx-EM 22] [Wall clock time: 21:27, Emulation time: 0.0774375 ms] Data transfer between kernel(s) and global memory(s)
BANK0          RD = 546.000 KB             WR = 484.000 KB      

INFO: [SDx-EM 22] [Wall clock time: 21:32, Emulation time: 0.0968025 ms] Data transfer between kernel(s) and global memory(s)
BANK0          RD = 691.000 KB             WR = 616.000 KB      

INFO: [SDx-EM 22] [Wall clock time: 21:37, Emulation time: 0.117003 ms] Data transfer between kernel(s) and global memory(s)
BANK0          RD = 832.000 KB             WR = 764.000 KB      

INFO: [SDx-EM 22] [Wall clock time: 21:42, Emulation time: 0.136643 ms] Data transfer between kernel(s) and global memory(s)
BANK0          RD = 970.000 KB             WR = 904.000 KB      

INFO: [SDx-EM 22] [Wall clock time: 21:47, Emulation time: 0.155668 ms] Data transfer between kernel(s) and global memory(s)
BANK0          RD = 1111.000 KB            WR = 1032.000 KB     

INFO: [SDx-EM 22] [Wall clock time: 21:53, Emulation time: 0.175263 ms] Data transfer between kernel(s) and global memory(s)
BANK0          RD = 1248.000 KB            WR = 1177.000 KB     

INFO: [SDx-EM 22] [Wall clock time: 21:58, Emulation time: 0.194693 ms] Data transfer between kernel(s) and global memory(s)
BANK0          RD = 1381.000 KB            WR = 1318.000 KB     

INFO: [SDx-EM 22] [Wall clock time: 22:03, Emulation time: 0.213778 ms] Data transfer between kernel(s) and global memory(s)
BANK0          RD = 1522.000 KB            WR = 1448.000 KB     

INFO: [SDx-EM 22] [Wall clock time: 22:08, Emulation time: 0.233913 ms] Data transfer between kernel(s) and global memory(s)
BANK0          RD = 1664.000 KB            WR = 1594.000 KB     

INFO: [SDx-EM 22] [Wall clock time: 22:13, Emulation time: 0.253663 ms] Data transfer between kernel(s) and global memory(s)
BANK0          RD = 1801.000 KB            WR = 1736.000 KB     

INFO: [SDx-EM 22] [Wall clock time: 22:18, Emulation time: 0.273338 ms] Data transfer between kernel(s) and global memory(s)
BANK0          RD = 1950.000 KB            WR = 1864.000 KB     

INFO: [SDx-EM 22] [Wall clock time: 22:24, Emulation time: 0.292928 ms] Data transfer between kernel(s) and global memory(s)
BANK0          RD = 2080.000 KB            WR = 2015.000 KB     

INFO: [SDx-EM 22] [Wall clock time: 22:29, Emulation time: 0.312223 ms] Data transfer between kernel(s) and global memory(s)
BANK0          RD = 2218.000 KB            WR = 2152.000 KB     

INFO: [SDx-EM 22] [Wall clock time: 22:34, Emulation time: 0.331493 ms] Data transfer between kernel(s) and global memory(s)
BANK0          RD = 2362.000 KB            WR = 2280.000 KB     

INFO: [SDx-EM 22] [Wall clock time: 22:39, Emulation time: 0.351538 ms] Data transfer between kernel(s) and global memory(s)
BANK0          RD = 2496.000 KB            WR = 2432.000 KB     

INFO: [SDx-EM 22] [Wall clock time: 22:44, Emulation time: 0.370888 ms] Data transfer between kernel(s) and global memory(s)
BANK0          RD = 2635.000 KB            WR = 2568.000 KB     

INFO: [SDx-EM 22] [Wall clock time: 22:49, Emulation time: 0.390543 ms] Data transfer between kernel(s) and global memory(s)
BANK0          RD = 2784.000 KB            WR = 2701.000 KB     

INFO: [SDx-EM 22] [Wall clock time: 22:55, Emulation time: 0.410638 ms] Data transfer between kernel(s) and global memory(s)
BANK0          RD = 2914.000 KB            WR = 2851.000 KB     

INFO: [SDx-EM 22] [Wall clock time: 23:00, Emulation time: 0.429758 ms] Data transfer between kernel(s) and global memory(s)
BANK0          RD = 3056.000 KB            WR = 2984.000 KB     

INFO: [SDx-EM 22] [Wall clock time: 23:05, Emulation time: 0.451463 ms] Data transfer between kernel(s) and global memory(s)
BANK0          RD = 3206.000 KB            WR = 3143.000 KB     

INFO: [SDx-EM 22] [Wall clock time: 23:10, Emulation time: 0.474348 ms] Data transfer between kernel(s) and global memory(s)
BANK0          RD = 3370.000 KB            WR = 3304.000 KB     

INFO: [SDx-EM 22] [Wall clock time: 23:15, Emulation time: 0.498487 ms] Data transfer between kernel(s) and global memory(s)
BANK0          RD = 3550.000 KB            WR = 3464.000 KB     

INFO: [SDx-EM 22] [Wall clock time: 23:20, Emulation time: 0.526053 ms] Data transfer between kernel(s) and global memory(s)
BANK0          RD = 3744.000 KB            WR = 3668.000 KB     

INFO: [SDx-EM 22] [Wall clock time: 23:26, Emulation time: 0.555118 ms] Data transfer between kernel(s) and global memory(s)
BANK0          RD = 3943.000 KB            WR = 3879.000 KB     

INFO: [SDx-EM 22] [Wall clock time: 23:31, Emulation time: 0.586338 ms] Data transfer between kernel(s) and global memory(s)
BANK0          RD = 4162.000 KB            WR = 4100.000 KB     

INFO: [SDx-EM 22] [Wall clock time: 23:36, Emulation time: 0.618768 ms] Data transfer between kernel(s) and global memory(s)
BANK0          RD = 4398.000 KB            WR = 4328.000 KB     

INFO: [SDx-EM 22] [Wall clock time: 23:41, Emulation time: 0.651763 ms] Data transfer between kernel(s) and global memory(s)
BANK0          RD = 4640.000 KB            WR = 4560.000 KB     

INFO: [SDx-EM 22] [Wall clock time: 23:46, Emulation time: 0.686203 ms] Data transfer between kernel(s) and global memory(s)
BANK0          RD = 4877.000 KB            WR = 4808.000 KB     

INFO: [SDx-EM 22] [Wall clock time: 23:51, Emulation time: 0.722333 ms] Data transfer between kernel(s) and global memory(s)
BANK0          RD = 5133.000 KB            WR = 5064.000 KB     

INFO: [SDx-EM 22] [Wall clock time: 23:57, Emulation time: 0.763243 ms] Data transfer between kernel(s) and global memory(s)
BANK0          RD = 5427.000 KB            WR = 5352.000 KB     

INFO: [SDx-EM 22] [Wall clock time: 00:02, Emulation time: 0.803038 ms] Data transfer between kernel(s) and global memory(s)
BANK0          RD = 5705.000 KB            WR = 5640.000 KB     

INFO: [SDx-EM 22] [Wall clock time: 00:07, Emulation time: 0.849848 ms] Data transfer between kernel(s) and global memory(s)
BANK0          RD = 6047.000 KB            WR = 5960.000 KB     

INFO: [SDx-EM 22] [Wall clock time: 00:12, Emulation time: 0.897038 ms] Data transfer between kernel(s) and global memory(s)
BANK0          RD = 6370.000 KB            WR = 6308.000 KB     

INFO: [SDx-EM 22] [Wall clock time: 00:17, Emulation time: 0.942483 ms] Data transfer between kernel(s) and global memory(s)
BANK0          RD = 6695.000 KB            WR = 6632.000 KB     

INFO: [SDx-EM 22] [Wall clock time: 00:22, Emulation time: 0.988408 ms] Data transfer between kernel(s) and global memory(s)
BANK0          RD = 7027.000 KB            WR = 6952.000 KB     

INFO: [SDx-EM 22] [Wall clock time: 00:28, Emulation time: 1.03645 ms] Data transfer between kernel(s) and global memory(s)
BANK0          RD = 7360.000 KB            WR = 7297.000 KB     

INFO: [SDx-EM 22] [Wall clock time: 00:33, Emulation time: 1.08428 ms] Data transfer between kernel(s) and global memory(s)
BANK0          RD = 7712.000 KB            WR = 7634.000 KB     

INFO: [SDx-EM 22] [Wall clock time: 00:38, Emulation time: 1.13225 ms] Data transfer between kernel(s) and global memory(s)
BANK0          RD = 8047.000 KB            WR = 7976.000 KB     

INFO: [SDx-EM 22] [Wall clock time: 00:43, Emulation time: 1.18163 ms] Data transfer between kernel(s) and global memory(s)
BANK0          RD = 8397.000 KB            WR = 8328.000 KB     

PCIe write time: 526566.616000 us
Kernel run time: 13097625766.653000 us
PCIe read  time: 1436991.685000 us
Total run  time: 13099589378.046999 us
Kernel runtime: 13170434804.824001 us
INFO: [SDx-EM 22] [Wall clock time: 00:45, Emulation time: 1.19616 ms] Data transfer between kernel(s) and global memory(s)
BANK0          RD = 8448.000 KB            WR = 8448.000 KB     

