INFO: Found 1 platforms
INFO: Selected platform 0 from Xilinx
INFO: Selected xilinx:adm-pcie-7v3:1ddr:3.0 as the target device
INFO: Loading gradient-cosim-unroll16-tile128x256.xclbin
INFO: Found 1 platforms
INFO: Selected platform 0 from Xilinx
INFO: Selected xilinx:adm-pcie-7v3:1ddr:3.0 as the target device
INFO: Loading gradient-cosim-unroll16-tile128x256.xclbin
INFO: [SDx-EM 01] Hardware emulation runs detailed simulation underneath. It may take long time for large data set. Please use a small dataset for faster execution. You can still get performance trend for your kernel with smaller dataset.
host: tile_num_dim0 = 16, tile_num_dim1 = 4
host: var_f_extent_0 = 1998, var_f_extent_1 = 998
host: var_f_min_0 = 0, var_f_min_1 = 0
Info: Emulation mode.
INFO: [SDx-EM 22] [Wall clock time: 21:11, Emulation time: 0.0350725 ms] Data transfer between kernel(s) and global memory(s)
BANK0          RD = 380.000 KB             WR = 8.000 KB        

INFO: [SDx-EM 22] [Wall clock time: 21:16, Emulation time: 0.0729675 ms] Data transfer between kernel(s) and global memory(s)
BANK0          RD = 577.000 KB             WR = 264.000 KB      

INFO: [SDx-EM 22] [Wall clock time: 21:22, Emulation time: 0.111757 ms] Data transfer between kernel(s) and global memory(s)
BANK0          RD = 785.000 KB             WR = 520.000 KB      

INFO: [SDx-EM 22] [Wall clock time: 21:27, Emulation time: 0.148658 ms] Data transfer between kernel(s) and global memory(s)
BANK0          RD = 1024.000 KB            WR = 726.000 KB      

INFO: [SDx-EM 22] [Wall clock time: 21:32, Emulation time: 0.184723 ms] Data transfer between kernel(s) and global memory(s)
BANK0          RD = 1280.000 KB            WR = 913.000 KB      

INFO: [SDx-EM 22] [Wall clock time: 21:37, Emulation time: 0.223188 ms] Data transfer between kernel(s) and global memory(s)
BANK0          RD = 1486.000 KB            WR = 1160.000 KB     

INFO: [SDx-EM 22] [Wall clock time: 21:42, Emulation time: 0.261828 ms] Data transfer between kernel(s) and global memory(s)
BANK0          RD = 1692.000 KB            WR = 1416.000 KB     

INFO: [SDx-EM 22] [Wall clock time: 21:47, Emulation time: 0.299503 ms] Data transfer between kernel(s) and global memory(s)
BANK0          RD = 1920.000 KB            WR = 1640.000 KB     

INFO: [SDx-EM 22] [Wall clock time: 21:53, Emulation time: 0.333928 ms] Data transfer between kernel(s) and global memory(s)
BANK0          RD = 2176.000 KB            WR = 1810.000 KB     

INFO: [SDx-EM 22] [Wall clock time: 21:58, Emulation time: 0.371443 ms] Data transfer between kernel(s) and global memory(s)
BANK0          RD = 2370.000 KB            WR = 2056.000 KB     

INFO: [SDx-EM 22] [Wall clock time: 22:03, Emulation time: 0.409888 ms] Data transfer between kernel(s) and global memory(s)
BANK0          RD = 2574.000 KB            WR = 2312.000 KB     

INFO: [SDx-EM 22] [Wall clock time: 22:08, Emulation time: 0.446858 ms] Data transfer between kernel(s) and global memory(s)
BANK0          RD = 2816.000 KB            WR = 2517.000 KB     

INFO: [SDx-EM 22] [Wall clock time: 22:13, Emulation time: 0.482818 ms] Data transfer between kernel(s) and global memory(s)
BANK0          RD = 3071.000 KB            WR = 2696.000 KB     

INFO: [SDx-EM 22] [Wall clock time: 22:18, Emulation time: 0.520933 ms] Data transfer between kernel(s) and global memory(s)
BANK0          RD = 3270.000 KB            WR = 2952.000 KB     

INFO: [SDx-EM 22] [Wall clock time: 22:24, Emulation time: 0.559662 ms] Data transfer between kernel(s) and global memory(s)
BANK0          RD = 3478.000 KB            WR = 3208.000 KB     

INFO: [SDx-EM 22] [Wall clock time: 22:29, Emulation time: 0.597278 ms] Data transfer between kernel(s) and global memory(s)
BANK0          RD = 3712.000 KB            WR = 3426.000 KB     

INFO: [SDx-EM 22] [Wall clock time: 22:34, Emulation time: 0.633053 ms] Data transfer between kernel(s) and global memory(s)
BANK0          RD = 3968.000 KB            WR = 3610.000 KB     

INFO: [SDx-EM 22] [Wall clock time: 22:39, Emulation time: 0.671408 ms] Data transfer between kernel(s) and global memory(s)
BANK0          RD = 4183.000 KB            WR = 3848.000 KB     

INFO: [SDx-EM 22] [Wall clock time: 22:44, Emulation time: 0.710483 ms] Data transfer between kernel(s) and global memory(s)
BANK0          RD = 4394.000 KB            WR = 4104.000 KB     

INFO: [SDx-EM 22] [Wall clock time: 22:49, Emulation time: 0.749413 ms] Data transfer between kernel(s) and global memory(s)
BANK0          RD = 4608.000 KB            WR = 4352.000 KB     

INFO: [SDx-EM 22] [Wall clock time: 22:55, Emulation time: 0.786403 ms] Data transfer between kernel(s) and global memory(s)
BANK0          RD = 4864.000 KB            WR = 4550.000 KB     

INFO: [SDx-EM 22] [Wall clock time: 23:00, Emulation time: 0.824043 ms] Data transfer between kernel(s) and global memory(s)
BANK0          RD = 5120.000 KB            WR = 4754.000 KB     

INFO: [SDx-EM 22] [Wall clock time: 23:05, Emulation time: 0.863352 ms] Data transfer between kernel(s) and global memory(s)
BANK0          RD = 5337.000 KB            WR = 5000.000 KB     

INFO: [SDx-EM 22] [Wall clock time: 23:10, Emulation time: 0.902313 ms] Data transfer between kernel(s) and global memory(s)
BANK0          RD = 5547.000 KB            WR = 5256.000 KB     

INFO: [SDx-EM 22] [Wall clock time: 23:15, Emulation time: 0.939752 ms] Data transfer between kernel(s) and global memory(s)
BANK0          RD = 5760.000 KB            WR = 5490.000 KB     

INFO: [SDx-EM 22] [Wall clock time: 23:20, Emulation time: 0.978103 ms] Data transfer between kernel(s) and global memory(s)
BANK0          RD = 6016.000 KB            WR = 5701.000 KB     

INFO: [SDx-EM 22] [Wall clock time: 23:26, Emulation time: 1.01664 ms] Data transfer between kernel(s) and global memory(s)
BANK0          RD = 6272.000 KB            WR = 5914.000 KB     

INFO: [SDx-EM 22] [Wall clock time: 23:31, Emulation time: 1.0612 ms] Data transfer between kernel(s) and global memory(s)
BANK0          RD = 6528.000 KB            WR = 6190.000 KB     

INFO: [SDx-EM 22] [Wall clock time: 23:36, Emulation time: 1.11093 ms] Data transfer between kernel(s) and global memory(s)
BANK0          RD = 6784.000 KB            WR = 6521.000 KB     

INFO: [SDx-EM 22] [Wall clock time: 23:41, Emulation time: 1.16032 ms] Data transfer between kernel(s) and global memory(s)
BANK0          RD = 7112.000 KB            WR = 6792.000 KB     

INFO: [SDx-EM 22] [Wall clock time: 23:46, Emulation time: 1.21113 ms] Data transfer between kernel(s) and global memory(s)
BANK0          RD = 7424.000 KB            WR = 7094.000 KB     

INFO: [SDx-EM 22] [Wall clock time: 23:51, Emulation time: 1.26246 ms] Data transfer between kernel(s) and global memory(s)
BANK0          RD = 7696.000 KB            WR = 7432.000 KB     

INFO: [SDx-EM 22] [Wall clock time: 23:57, Emulation time: 1.31312 ms] Data transfer between kernel(s) and global memory(s)
BANK0          RD = 8053.000 KB            WR = 7688.000 KB     

INFO: [SDx-EM 22] [Wall clock time: 00:02, Emulation time: 1.36894 ms] Data transfer between kernel(s) and global memory(s)
BANK0          RD = 8192.000 KB            WR = 8173.000 KB     

PCIe write time: 249645.333000 us
Kernel run time: 10546533315.426001 us
PCIe read  time: 641847.086000 us
Total run  time: 10547424858.556000 us
Kernel runtime: 10613375366.403999 us
INFO: [SDx-EM 22] [Wall clock time: 00:02, Emulation time: 1.37108 ms] Data transfer between kernel(s) and global memory(s)
BANK0          RD = 8192.000 KB            WR = 8192.000 KB     

