INFO: Found 1 platforms
INFO: Selected platform 0 from Xilinx
INFO: Selected xilinx:adm-pcie-7v3:1ddr:3.0 as the target device
INFO: Loading gradient-cosim-unroll64-tile128x128.xclbin
INFO: Found 1 platforms
INFO: Selected platform 0 from Xilinx
INFO: Selected xilinx:adm-pcie-7v3:1ddr:3.0 as the target device
INFO: Loading gradient-cosim-unroll64-tile128x128.xclbin
INFO: [SDx-EM 01] Hardware emulation runs detailed simulation underneath. It may take long time for large data set. Please use a small dataset for faster execution. You can still get performance trend for your kernel with smaller dataset.
host: tile_num_dim0 = 16, tile_num_dim1 = 8
host: var_f_extent_0 = 1998, var_f_extent_1 = 998
host: var_f_min_0 = 0, var_f_min_1 = 0
Info: Emulation mode.
INFO: [SDx-EM 22] [Wall clock time: 21:11, Emulation time: 0.0098825 ms] Data transfer between kernel(s) and global memory(s)
BANK0          RD = 74.000 KB              WR = 0.000 KB        

INFO: [SDx-EM 22] [Wall clock time: 21:17, Emulation time: 0.0192575 ms] Data transfer between kernel(s) and global memory(s)
BANK0          RD = 183.000 KB             WR = 8.000 KB        

INFO: [SDx-EM 22] [Wall clock time: 21:22, Emulation time: 0.0296225 ms] Data transfer between kernel(s) and global memory(s)
BANK0          RD = 250.000 KB             WR = 72.000 KB       

INFO: [SDx-EM 22] [Wall clock time: 21:27, Emulation time: 0.0394475 ms] Data transfer between kernel(s) and global memory(s)
BANK0          RD = 311.000 KB             WR = 136.000 KB      

INFO: [SDx-EM 22] [Wall clock time: 21:32, Emulation time: 0.0501375 ms] Data transfer between kernel(s) and global memory(s)
BANK0          RD = 382.000 KB             WR = 200.000 KB      

INFO: [SDx-EM 22] [Wall clock time: 21:37, Emulation time: 0.0607275 ms] Data transfer between kernel(s) and global memory(s)
BANK0          RD = 448.000 KB             WR = 275.000 KB      

INFO: [SDx-EM 22] [Wall clock time: 21:42, Emulation time: 0.0712175 ms] Data transfer between kernel(s) and global memory(s)
BANK0          RD = 512.000 KB             WR = 344.000 KB      

INFO: [SDx-EM 22] [Wall clock time: 21:48, Emulation time: 0.0812325 ms] Data transfer between kernel(s) and global memory(s)
BANK0          RD = 576.000 KB             WR = 407.000 KB      

INFO: [SDx-EM 22] [Wall clock time: 21:53, Emulation time: 0.0917925 ms] Data transfer between kernel(s) and global memory(s)
BANK0          RD = 640.000 KB             WR = 476.000 KB      

INFO: [SDx-EM 22] [Wall clock time: 21:58, Emulation time: 0.102282 ms] Data transfer between kernel(s) and global memory(s)
BANK0          RD = 704.000 KB             WR = 544.000 KB      

INFO: [SDx-EM 22] [Wall clock time: 22:03, Emulation time: 0.112733 ms] Data transfer between kernel(s) and global memory(s)
BANK0          RD = 768.000 KB             WR = 612.000 KB      

INFO: [SDx-EM 22] [Wall clock time: 22:08, Emulation time: 0.123292 ms] Data transfer between kernel(s) and global memory(s)
BANK0          RD = 832.000 KB             WR = 681.000 KB      

INFO: [SDx-EM 22] [Wall clock time: 22:13, Emulation time: 0.133893 ms] Data transfer between kernel(s) and global memory(s)
BANK0          RD = 896.000 KB             WR = 750.000 KB      

INFO: [SDx-EM 22] [Wall clock time: 22:19, Emulation time: 0.144338 ms] Data transfer between kernel(s) and global memory(s)
BANK0          RD = 960.000 KB             WR = 818.000 KB      

INFO: [SDx-EM 22] [Wall clock time: 22:24, Emulation time: 0.154768 ms] Data transfer between kernel(s) and global memory(s)
BANK0          RD = 1024.000 KB            WR = 885.000 KB      

INFO: [SDx-EM 22] [Wall clock time: 22:29, Emulation time: 0.164578 ms] Data transfer between kernel(s) and global memory(s)
BANK0          RD = 1088.000 KB            WR = 946.000 KB      

INFO: [SDx-EM 22] [Wall clock time: 22:34, Emulation time: 0.174652 ms] Data transfer between kernel(s) and global memory(s)
BANK0          RD = 1152.000 KB            WR = 1010.000 KB     

INFO: [SDx-EM 22] [Wall clock time: 22:39, Emulation time: 0.185317 ms] Data transfer between kernel(s) and global memory(s)
BANK0          RD = 1216.000 KB            WR = 1080.000 KB     

INFO: [SDx-EM 22] [Wall clock time: 22:44, Emulation time: 0.195403 ms] Data transfer between kernel(s) and global memory(s)
BANK0          RD = 1280.000 KB            WR = 1144.000 KB     

INFO: [SDx-EM 22] [Wall clock time: 22:50, Emulation time: 0.206052 ms] Data transfer between kernel(s) and global memory(s)
BANK0          RD = 1344.000 KB            WR = 1214.000 KB     

INFO: [SDx-EM 22] [Wall clock time: 22:55, Emulation time: 0.216663 ms] Data transfer between kernel(s) and global memory(s)
BANK0          RD = 1408.000 KB            WR = 1281.000 KB     

INFO: [SDx-EM 22] [Wall clock time: 23:00, Emulation time: 0.227093 ms] Data transfer between kernel(s) and global memory(s)
BANK0          RD = 1476.000 KB            WR = 1349.000 KB     

INFO: [SDx-EM 22] [Wall clock time: 23:05, Emulation time: 0.237278 ms] Data transfer between kernel(s) and global memory(s)
BANK0          RD = 1541.000 KB            WR = 1414.000 KB     

INFO: [SDx-EM 22] [Wall clock time: 23:10, Emulation time: 0.247613 ms] Data transfer between kernel(s) and global memory(s)
BANK0          RD = 1608.000 KB            WR = 1480.000 KB     

INFO: [SDx-EM 22] [Wall clock time: 23:15, Emulation time: 0.258028 ms] Data transfer between kernel(s) and global memory(s)
BANK0          RD = 1676.000 KB            WR = 1544.000 KB     

INFO: [SDx-EM 22] [Wall clock time: 23:21, Emulation time: 0.268767 ms] Data transfer between kernel(s) and global memory(s)
BANK0          RD = 1748.000 KB            WR = 1608.000 KB     

INFO: [SDx-EM 22] [Wall clock time: 23:26, Emulation time: 0.279928 ms] Data transfer between kernel(s) and global memory(s)
BANK0          RD = 1826.000 KB            WR = 1672.000 KB     

INFO: [SDx-EM 22] [Wall clock time: 23:31, Emulation time: 0.292358 ms] Data transfer between kernel(s) and global memory(s)
BANK0          RD = 1919.000 KB            WR = 1736.000 KB     

INFO: [SDx-EM 22] [Wall clock time: 23:36, Emulation time: 0.305558 ms] Data transfer between kernel(s) and global memory(s)
BANK0          RD = 1984.000 KB            WR = 1839.000 KB     

INFO: [SDx-EM 22] [Wall clock time: 23:41, Emulation time: 0.318142 ms] Data transfer between kernel(s) and global memory(s)
BANK0          RD = 2055.000 KB            WR = 1927.000 KB     

INFO: [SDx-EM 22] [Wall clock time: 23:46, Emulation time: 0.331222 ms] Data transfer between kernel(s) and global memory(s)
BANK0          RD = 2156.000 KB            WR = 1992.000 KB     

INFO: [SDx-EM 22] [Wall clock time: 23:52, Emulation time: 0.344143 ms] Data transfer between kernel(s) and global memory(s)
BANK0          RD = 2240.000 KB            WR = 2077.000 KB     

INFO: [SDx-EM 22] [Wall clock time: 23:57, Emulation time: 0.357798 ms] Data transfer between kernel(s) and global memory(s)
BANK0          RD = 2304.000 KB            WR = 2176.000 KB     

INFO: [SDx-EM 22] [Wall clock time: 00:02, Emulation time: 0.371518 ms] Data transfer between kernel(s) and global memory(s)
BANK0          RD = 2411.000 KB            WR = 2248.000 KB     

INFO: [SDx-EM 22] [Wall clock time: 00:07, Emulation time: 0.389293 ms] Data transfer between kernel(s) and global memory(s)
BANK0          RD = 2509.000 KB            WR = 2376.000 KB     

INFO: [SDx-EM 22] [Wall clock time: 00:12, Emulation time: 0.409663 ms] Data transfer between kernel(s) and global memory(s)
BANK0          RD = 2640.000 KB            WR = 2504.000 KB     

INFO: [SDx-EM 22] [Wall clock time: 00:17, Emulation time: 0.431508 ms] Data transfer between kernel(s) and global memory(s)
BANK0          RD = 2788.000 KB            WR = 2632.000 KB     

INFO: [SDx-EM 22] [Wall clock time: 00:23, Emulation time: 0.454723 ms] Data transfer between kernel(s) and global memory(s)
BANK0          RD = 2944.000 KB            WR = 2776.000 KB     

INFO: [SDx-EM 22] [Wall clock time: 00:28, Emulation time: 0.478538 ms] Data transfer between kernel(s) and global memory(s)
BANK0          RD = 3072.000 KB            WR = 2943.000 KB     

INFO: [SDx-EM 22] [Wall clock time: 00:33, Emulation time: 0.501862 ms] Data transfer between kernel(s) and global memory(s)
BANK0          RD = 3233.000 KB            WR = 3080.000 KB     

INFO: [SDx-EM 22] [Wall clock time: 00:38, Emulation time: 0.526633 ms] Data transfer between kernel(s) and global memory(s)
BANK0          RD = 3392.000 KB            WR = 3238.000 KB     

INFO: [SDx-EM 22] [Wall clock time: 00:43, Emulation time: 0.550583 ms] Data transfer between kernel(s) and global memory(s)
BANK0          RD = 3531.000 KB            WR = 3400.000 KB     

INFO: [SDx-EM 22] [Wall clock time: 00:48, Emulation time: 0.575433 ms] Data transfer between kernel(s) and global memory(s)
BANK0          RD = 3712.000 KB            WR = 3540.000 KB     

INFO: [SDx-EM 22] [Wall clock time: 00:54, Emulation time: 0.600313 ms] Data transfer between kernel(s) and global memory(s)
BANK0          RD = 3842.000 KB            WR = 3716.000 KB     

INFO: [SDx-EM 22] [Wall clock time: 00:59, Emulation time: 0.624663 ms] Data transfer between kernel(s) and global memory(s)
BANK0          RD = 4022.000 KB            WR = 3848.000 KB     

INFO: [SDx-EM 22] [Wall clock time: 01:04, Emulation time: 0.649768 ms] Data transfer between kernel(s) and global memory(s)
BANK0          RD = 4160.000 KB            WR = 4027.000 KB     

INFO: [SDx-EM 22] [Wall clock time: 01:09, Emulation time: 0.678413 ms] Data transfer between kernel(s) and global memory(s)
BANK0          RD = 4352.000 KB            WR = 4202.000 KB     

INFO: [SDx-EM 22] [Wall clock time: 01:14, Emulation time: 0.709703 ms] Data transfer between kernel(s) and global memory(s)
BANK0          RD = 4544.000 KB            WR = 4405.000 KB     

INFO: [SDx-EM 22] [Wall clock time: 01:19, Emulation time: 0.742202 ms] Data transfer between kernel(s) and global memory(s)
BANK0          RD = 4746.000 KB            WR = 4616.000 KB     

INFO: [SDx-EM 22] [Wall clock time: 01:25, Emulation time: 0.774238 ms] Data transfer between kernel(s) and global memory(s)
BANK0          RD = 4960.000 KB            WR = 4808.000 KB     

INFO: [SDx-EM 22] [Wall clock time: 01:30, Emulation time: 0.807303 ms] Data transfer between kernel(s) and global memory(s)
BANK0          RD = 5184.000 KB            WR = 5010.000 KB     

INFO: [SDx-EM 22] [Wall clock time: 01:35, Emulation time: 0.841152 ms] Data transfer between kernel(s) and global memory(s)
BANK0          RD = 5376.000 KB            WR = 5240.000 KB     

INFO: [SDx-EM 22] [Wall clock time: 01:40, Emulation time: 0.874703 ms] Data transfer between kernel(s) and global memory(s)
BANK0          RD = 5595.000 KB            WR = 5448.000 KB     

INFO: [SDx-EM 22] [Wall clock time: 01:45, Emulation time: 0.908703 ms] Data transfer between kernel(s) and global memory(s)
BANK0          RD = 5824.000 KB            WR = 5656.000 KB     

INFO: [SDx-EM 22] [Wall clock time: 01:50, Emulation time: 0.942393 ms] Data transfer between kernel(s) and global memory(s)
BANK0          RD = 6016.000 KB            WR = 5884.000 KB     

INFO: [SDx-EM 22] [Wall clock time: 01:56, Emulation time: 0.975428 ms] Data transfer between kernel(s) and global memory(s)
BANK0          RD = 6232.000 KB            WR = 6088.000 KB     

INFO: [SDx-EM 22] [Wall clock time: 02:01, Emulation time: 1.00834 ms] Data transfer between kernel(s) and global memory(s)
BANK0          RD = 6457.000 KB            WR = 6280.000 KB     

INFO: [SDx-EM 22] [Wall clock time: 02:06, Emulation time: 1.04171 ms] Data transfer between kernel(s) and global memory(s)
BANK0          RD = 6656.000 KB            WR = 6507.000 KB     

INFO: [SDx-EM 22] [Wall clock time: 02:11, Emulation time: 1.07451 ms] Data transfer between kernel(s) and global memory(s)
BANK0          RD = 6850.000 KB            WR = 6723.000 KB     

INFO: [SDx-EM 22] [Wall clock time: 02:16, Emulation time: 1.10729 ms] Data transfer between kernel(s) and global memory(s)
BANK0          RD = 7073.000 KB            WR = 6920.000 KB     

INFO: [SDx-EM 22] [Wall clock time: 02:21, Emulation time: 1.14027 ms] Data transfer between kernel(s) and global memory(s)
BANK0          RD = 7296.000 KB            WR = 7122.000 KB     

INFO: [SDx-EM 22] [Wall clock time: 02:27, Emulation time: 1.17418 ms] Data transfer between kernel(s) and global memory(s)
BANK0          RD = 7488.000 KB            WR = 7352.000 KB     

INFO: [SDx-EM 22] [Wall clock time: 02:32, Emulation time: 1.20792 ms] Data transfer between kernel(s) and global memory(s)
BANK0          RD = 7710.000 KB            WR = 7560.000 KB     

INFO: [SDx-EM 22] [Wall clock time: 02:37, Emulation time: 1.24419 ms] Data transfer between kernel(s) and global memory(s)
BANK0          RD = 7936.000 KB            WR = 7794.000 KB     

INFO: [SDx-EM 22] [Wall clock time: 02:42, Emulation time: 1.28239 ms] Data transfer between kernel(s) and global memory(s)
BANK0          RD = 8192.000 KB            WR = 8027.000 KB     

PCIe write time: 1148540.088000 us
Kernel run time: 20271081012.302998 us
PCIe read  time: 1097424.409000 us
Total run  time: 20273327031.394001 us
Kernel runtime: 20351959452.091000 us
INFO: [SDx-EM 22] [Wall clock time: 02:44, Emulation time: 1.2988 ms] Data transfer between kernel(s) and global memory(s)
BANK0          RD = 8192.000 KB            WR = 8192.000 KB     

