INFO: Found 1 platforms
INFO: Selected platform 0 from Xilinx
INFO: Selected xilinx:adm-pcie-7v3:1ddr:3.0 as the target device
INFO: Loading gradient-cosim-unroll32-tile256x128.xclbin
INFO: Found 1 platforms
INFO: Selected platform 0 from Xilinx
INFO: Selected xilinx:adm-pcie-7v3:1ddr:3.0 as the target device
INFO: Loading gradient-cosim-unroll32-tile256x128.xclbin
INFO: [SDx-EM 01] Hardware emulation runs detailed simulation underneath. It may take long time for large data set. Please use a small dataset for faster execution. You can still get performance trend for your kernel with smaller dataset.
host: tile_num_dim0 = 8, tile_num_dim1 = 8
host: var_f_extent_0 = 1998, var_f_extent_1 = 998
host: var_f_min_0 = 0, var_f_min_1 = 0
Info: Emulation mode.
INFO: [SDx-EM 22] [Wall clock time: 21:11, Emulation time: 0.0196925 ms] Data transfer between kernel(s) and global memory(s)
BANK0          RD = 196.000 KB             WR = 0.000 KB        

INFO: [SDx-EM 22] [Wall clock time: 21:16, Emulation time: 0.0401575 ms] Data transfer between kernel(s) and global memory(s)
BANK0          RD = 384.000 KB             WR = 66.000 KB       

INFO: [SDx-EM 22] [Wall clock time: 21:22, Emulation time: 0.0615975 ms] Data transfer between kernel(s) and global memory(s)
BANK0          RD = 512.000 KB             WR = 195.000 KB      

INFO: [SDx-EM 22] [Wall clock time: 21:27, Emulation time: 0.0822125 ms] Data transfer between kernel(s) and global memory(s)
BANK0          RD = 640.000 KB             WR = 316.000 KB      

INFO: [SDx-EM 22] [Wall clock time: 21:32, Emulation time: 0.103593 ms] Data transfer between kernel(s) and global memory(s)
BANK0          RD = 768.000 KB             WR = 445.000 KB      

INFO: [SDx-EM 22] [Wall clock time: 21:37, Emulation time: 0.124883 ms] Data transfer between kernel(s) and global memory(s)
BANK0          RD = 896.000 KB             WR = 572.000 KB      

INFO: [SDx-EM 22] [Wall clock time: 21:42, Emulation time: 0.146253 ms] Data transfer between kernel(s) and global memory(s)
BANK0          RD = 1024.000 KB            WR = 701.000 KB      

INFO: [SDx-EM 22] [Wall clock time: 21:47, Emulation time: 0.165983 ms] Data transfer between kernel(s) and global memory(s)
BANK0          RD = 1152.000 KB            WR = 812.000 KB      

INFO: [SDx-EM 22] [Wall clock time: 21:53, Emulation time: 0.186783 ms] Data transfer between kernel(s) and global memory(s)
BANK0          RD = 1280.000 KB            WR = 935.000 KB      

INFO: [SDx-EM 22] [Wall clock time: 21:58, Emulation time: 0.206943 ms] Data transfer between kernel(s) and global memory(s)
BANK0          RD = 1408.000 KB            WR = 1051.000 KB     

INFO: [SDx-EM 22] [Wall clock time: 22:03, Emulation time: 0.228223 ms] Data transfer between kernel(s) and global memory(s)
BANK0          RD = 1536.000 KB            WR = 1179.000 KB     

INFO: [SDx-EM 22] [Wall clock time: 22:08, Emulation time: 0.248648 ms] Data transfer between kernel(s) and global memory(s)
BANK0          RD = 1664.000 KB            WR = 1297.000 KB     

INFO: [SDx-EM 22] [Wall clock time: 22:13, Emulation time: 0.270118 ms] Data transfer between kernel(s) and global memory(s)
BANK0          RD = 1792.000 KB            WR = 1427.000 KB     

INFO: [SDx-EM 22] [Wall clock time: 22:18, Emulation time: 0.291513 ms] Data transfer between kernel(s) and global memory(s)
BANK0          RD = 1920.000 KB            WR = 1556.000 KB     

INFO: [SDx-EM 22] [Wall clock time: 22:24, Emulation time: 0.313012 ms] Data transfer between kernel(s) and global memory(s)
BANK0          RD = 2048.000 KB            WR = 1686.000 KB     

INFO: [SDx-EM 22] [Wall clock time: 22:29, Emulation time: 0.332398 ms] Data transfer between kernel(s) and global memory(s)
BANK0          RD = 2159.000 KB            WR = 1800.000 KB     

INFO: [SDx-EM 22] [Wall clock time: 22:34, Emulation time: 0.353223 ms] Data transfer between kernel(s) and global memory(s)
BANK0          RD = 2281.000 KB            WR = 1928.000 KB     

INFO: [SDx-EM 22] [Wall clock time: 22:39, Emulation time: 0.374903 ms] Data transfer between kernel(s) and global memory(s)
BANK0          RD = 2414.000 KB            WR = 2056.000 KB     

INFO: [SDx-EM 22] [Wall clock time: 22:44, Emulation time: 0.395843 ms] Data transfer between kernel(s) and global memory(s)
BANK0          RD = 2537.000 KB            WR = 2184.000 KB     

INFO: [SDx-EM 22] [Wall clock time: 22:49, Emulation time: 0.417373 ms] Data transfer between kernel(s) and global memory(s)
BANK0          RD = 2668.000 KB            WR = 2312.000 KB     

INFO: [SDx-EM 22] [Wall clock time: 22:55, Emulation time: 0.439013 ms] Data transfer between kernel(s) and global memory(s)
BANK0          RD = 2800.000 KB            WR = 2440.000 KB     

INFO: [SDx-EM 22] [Wall clock time: 23:00, Emulation time: 0.460748 ms] Data transfer between kernel(s) and global memory(s)
BANK0          RD = 2933.000 KB            WR = 2568.000 KB     

INFO: [SDx-EM 22] [Wall clock time: 23:05, Emulation time: 0.483683 ms] Data transfer between kernel(s) and global memory(s)
BANK0          RD = 3072.000 KB            WR = 2712.000 KB     

INFO: [SDx-EM 22] [Wall clock time: 23:10, Emulation time: 0.508313 ms] Data transfer between kernel(s) and global memory(s)
BANK0          RD = 3200.000 KB            WR = 2875.000 KB     

INFO: [SDx-EM 22] [Wall clock time: 23:15, Emulation time: 0.534793 ms] Data transfer between kernel(s) and global memory(s)
BANK0          RD = 3328.000 KB            WR = 3057.000 KB     

INFO: [SDx-EM 22] [Wall clock time: 23:20, Emulation time: 0.562763 ms] Data transfer between kernel(s) and global memory(s)
BANK0          RD = 3517.000 KB            WR = 3208.000 KB     

INFO: [SDx-EM 22] [Wall clock time: 23:26, Emulation time: 0.594398 ms] Data transfer between kernel(s) and global memory(s)
BANK0          RD = 3712.000 KB            WR = 3396.000 KB     

INFO: [SDx-EM 22] [Wall clock time: 23:31, Emulation time: 0.627088 ms] Data transfer between kernel(s) and global memory(s)
BANK0          RD = 3906.000 KB            WR = 3592.000 KB     

INFO: [SDx-EM 22] [Wall clock time: 23:36, Emulation time: 0.662538 ms] Data transfer between kernel(s) and global memory(s)
BANK0          RD = 4096.000 KB            WR = 3824.000 KB     

INFO: [SDx-EM 22] [Wall clock time: 23:41, Emulation time: 0.697203 ms] Data transfer between kernel(s) and global memory(s)
BANK0          RD = 4352.000 KB            WR = 3996.000 KB     

INFO: [SDx-EM 22] [Wall clock time: 23:46, Emulation time: 0.733688 ms] Data transfer between kernel(s) and global memory(s)
BANK0          RD = 4546.000 KB            WR = 4232.000 KB     

INFO: [SDx-EM 22] [Wall clock time: 23:51, Emulation time: 0.773798 ms] Data transfer between kernel(s) and global memory(s)
BANK0          RD = 4771.000 KB            WR = 4488.000 KB     

INFO: [SDx-EM 22] [Wall clock time: 23:57, Emulation time: 0.816632 ms] Data transfer between kernel(s) and global memory(s)
BANK0          RD = 5029.000 KB            WR = 4744.000 KB     

INFO: [SDx-EM 22] [Wall clock time: 00:02, Emulation time: 0.858623 ms] Data transfer between kernel(s) and global memory(s)
BANK0          RD = 5278.000 KB            WR = 5000.000 KB     

INFO: [SDx-EM 22] [Wall clock time: 00:07, Emulation time: 0.908133 ms] Data transfer between kernel(s) and global memory(s)
BANK0          RD = 5620.000 KB            WR = 5256.000 KB     

INFO: [SDx-EM 22] [Wall clock time: 00:12, Emulation time: 0.960053 ms] Data transfer between kernel(s) and global memory(s)
BANK0          RD = 5888.000 KB            WR = 5607.000 KB     

INFO: [SDx-EM 22] [Wall clock time: 00:17, Emulation time: 1.00893 ms] Data transfer between kernel(s) and global memory(s)
BANK0          RD = 6188.000 KB            WR = 5896.000 KB     

INFO: [SDx-EM 22] [Wall clock time: 00:22, Emulation time: 1.05896 ms] Data transfer between kernel(s) and global memory(s)
BANK0          RD = 6528.000 KB            WR = 6167.000 KB     

INFO: [SDx-EM 22] [Wall clock time: 00:28, Emulation time: 1.11081 ms] Data transfer between kernel(s) and global memory(s)
BANK0          RD = 6784.000 KB            WR = 6520.000 KB     

INFO: [SDx-EM 22] [Wall clock time: 00:33, Emulation time: 1.15978 ms] Data transfer between kernel(s) and global memory(s)
BANK0          RD = 7105.000 KB            WR = 6792.000 KB     

INFO: [SDx-EM 22] [Wall clock time: 00:38, Emulation time: 1.21029 ms] Data transfer between kernel(s) and global memory(s)
BANK0          RD = 7424.000 KB            WR = 7086.000 KB     

INFO: [SDx-EM 22] [Wall clock time: 00:43, Emulation time: 1.26333 ms] Data transfer between kernel(s) and global memory(s)
BANK0          RD = 7707.000 KB            WR = 7432.000 KB     

INFO: [SDx-EM 22] [Wall clock time: 00:48, Emulation time: 1.32154 ms] Data transfer between kernel(s) and global memory(s)
BANK0          RD = 8064.000 KB            WR = 7775.000 KB     

PCIe write time: 562589.875000 us
Kernel run time: 13583677680.975000 us
PCIe read  time: 713288.810000 us
Total run  time: 13584953612.765999 us
Kernel runtime: 13656111876.598001 us
INFO: [SDx-EM 22] [Wall clock time: 00:53, Emulation time: 1.37108 ms] Data transfer between kernel(s) and global memory(s)
BANK0          RD = 8192.000 KB            WR = 8192.000 KB     

