INFO: Found 1 platforms
INFO: Selected platform 0 from Xilinx
INFO: Selected xilinx:adm-pcie-7v3:1ddr:3.0 as the target device
INFO: Loading sharpen-cosim-unroll1-tile128x128.xclbin
INFO: Found 1 platforms
INFO: Selected platform 0 from Xilinx
INFO: Selected xilinx:adm-pcie-7v3:1ddr:3.0 as the target device
INFO: Loading sharpen-cosim-unroll1-tile128x128.xclbin
INFO: [SDx-EM 01] Hardware emulation runs detailed simulation underneath. It may take long time for large data set. Please use a small dataset for faster execution. You can still get performance trend for your kernel with smaller dataset.
host: tile_num_dim0 = 16, tile_num_dim1 = 8
host: var_sharpen_y_extent_0 = 1998, var_sharpen_y_extent_1 = 998
host: var_sharpen_y_min_0 = 0, var_sharpen_y_min_1 = 0
Info: Emulation mode.
INFO: [SDx-EM 22] [Wall clock time: 20:21, Emulation time: 2.94888 ms] Data transfer between kernel(s) and global memory(s)
BANK0          RD = 64.000 KB              WR = 0.000 KB        

INFO: [SDx-EM 22] [Wall clock time: 20:26, Emulation time: 7.49572 ms] Data transfer between kernel(s) and global memory(s)
BANK0          RD = 64.000 KB              WR = 0.000 KB        

INFO: [SDx-EM 22] [Wall clock time: 20:31, Emulation time: 12.2724 ms] Data transfer between kernel(s) and global memory(s)
BANK0          RD = 64.000 KB              WR = 0.000 KB        

INFO: [SDx-EM 22] [Wall clock time: 20:37, Emulation time: 17.043 ms] Data transfer between kernel(s) and global memory(s)
BANK0          RD = 64.000 KB              WR = 0.000 KB        

INFO: [SDx-EM 22] [Wall clock time: 20:42, Emulation time: 21.8131 ms] Data transfer between kernel(s) and global memory(s)
BANK0          RD = 64.000 KB              WR = 0.000 KB        

INFO: [SDx-EM 22] [Wall clock time: 20:47, Emulation time: 26.5786 ms] Data transfer between kernel(s) and global memory(s)
BANK0          RD = 96.000 KB              WR = 32.000 KB       

INFO: [SDx-EM 22] [Wall clock time: 20:52, Emulation time: 31.355 ms] Data transfer between kernel(s) and global memory(s)
BANK0          RD = 96.000 KB              WR = 32.000 KB       

INFO: [SDx-EM 22] [Wall clock time: 20:57, Emulation time: 36.1465 ms] Data transfer between kernel(s) and global memory(s)
BANK0          RD = 96.000 KB              WR = 32.000 KB       

INFO: [SDx-EM 22] [Wall clock time: 21:02, Emulation time: 40.9378 ms] Data transfer between kernel(s) and global memory(s)
BANK0          RD = 96.000 KB              WR = 32.000 KB       

INFO: [SDx-EM 22] [Wall clock time: 21:08, Emulation time: 45.7125 ms] Data transfer between kernel(s) and global memory(s)
BANK0          RD = 128.000 KB             WR = 64.000 KB       

INFO: [SDx-EM 22] [Wall clock time: 21:13, Emulation time: 50.4933 ms] Data transfer between kernel(s) and global memory(s)
BANK0          RD = 128.000 KB             WR = 64.000 KB       

INFO: [SDx-EM 22] [Wall clock time: 21:18, Emulation time: 55.2675 ms] Data transfer between kernel(s) and global memory(s)
BANK0          RD = 128.000 KB             WR = 64.000 KB       

INFO: [SDx-EM 22] [Wall clock time: 21:23, Emulation time: 60.0535 ms] Data transfer between kernel(s) and global memory(s)
BANK0          RD = 128.000 KB             WR = 64.000 KB       

INFO: [SDx-EM 22] [Wall clock time: 21:28, Emulation time: 64.8387 ms] Data transfer between kernel(s) and global memory(s)
BANK0          RD = 128.000 KB             WR = 64.000 KB       

INFO: [SDx-EM 22] [Wall clock time: 21:33, Emulation time: 69.6138 ms] Data transfer between kernel(s) and global memory(s)
BANK0          RD = 160.000 KB             WR = 96.000 KB       

INFO: [SDx-EM 22] [Wall clock time: 21:39, Emulation time: 74.3981 ms] Data transfer between kernel(s) and global memory(s)
BANK0          RD = 160.000 KB             WR = 96.000 KB       

INFO: [SDx-EM 22] [Wall clock time: 21:44, Emulation time: 79.1845 ms] Data transfer between kernel(s) and global memory(s)
BANK0          RD = 160.000 KB             WR = 96.000 KB       

INFO: [SDx-EM 22] [Wall clock time: 21:49, Emulation time: 83.9819 ms] Data transfer between kernel(s) and global memory(s)
BANK0          RD = 160.000 KB             WR = 96.000 KB       

INFO: [SDx-EM 22] [Wall clock time: 21:54, Emulation time: 88.7814 ms] Data transfer between kernel(s) and global memory(s)
BANK0          RD = 192.000 KB             WR = 128.000 KB      

INFO: [SDx-EM 22] [Wall clock time: 21:59, Emulation time: 93.5809 ms] Data transfer between kernel(s) and global memory(s)
BANK0          RD = 192.000 KB             WR = 128.000 KB      

INFO: [SDx-EM 22] [Wall clock time: 22:04, Emulation time: 98.3793 ms] Data transfer between kernel(s) and global memory(s)
BANK0          RD = 192.000 KB             WR = 128.000 KB      

INFO: [SDx-EM 22] [Wall clock time: 22:10, Emulation time: 103.184 ms] Data transfer between kernel(s) and global memory(s)
BANK0          RD = 192.000 KB             WR = 128.000 KB      

INFO: [SDx-EM 22] [Wall clock time: 22:15, Emulation time: 107.982 ms] Data transfer between kernel(s) and global memory(s)
BANK0          RD = 192.000 KB             WR = 128.000 KB      

INFO: [SDx-EM 22] [Wall clock time: 22:20, Emulation time: 112.773 ms] Data transfer between kernel(s) and global memory(s)
BANK0          RD = 224.000 KB             WR = 160.000 KB      

INFO: [SDx-EM 22] [Wall clock time: 22:25, Emulation time: 117.576 ms] Data transfer between kernel(s) and global memory(s)
BANK0          RD = 224.000 KB             WR = 160.000 KB      

INFO: [SDx-EM 22] [Wall clock time: 22:30, Emulation time: 122.368 ms] Data transfer between kernel(s) and global memory(s)
BANK0          RD = 224.000 KB             WR = 160.000 KB      

