INFO: Found 1 platforms
INFO: Selected platform 0 from Xilinx
INFO: Selected xilinx:adm-pcie-7v3:1ddr:3.0 as the target device
INFO: Loading sharpen-cosim-unroll8-tile256x64.xclbin
INFO: Found 1 platforms
INFO: Selected platform 0 from Xilinx
INFO: Selected xilinx:adm-pcie-7v3:1ddr:3.0 as the target device
INFO: Loading sharpen-cosim-unroll8-tile256x64.xclbin
INFO: [SDx-EM 01] Hardware emulation runs detailed simulation underneath. It may take long time for large data set. Please use a small dataset for faster execution. You can still get performance trend for your kernel with smaller dataset.
host: tile_num_dim0 = 8, tile_num_dim1 = 17
host: var_sharpen_y_extent_0 = 1998, var_sharpen_y_extent_1 = 998
host: var_sharpen_y_min_0 = 0, var_sharpen_y_min_1 = 0
Info: Emulation mode.
INFO: [SDx-EM 22] [Wall clock time: 20:21, Emulation time: 1.76182 ms] Data transfer between kernel(s) and global memory(s)
BANK0          RD = 128.000 KB             WR = 64.000 KB       

INFO: [SDx-EM 22] [Wall clock time: 20:26, Emulation time: 5.6375 ms] Data transfer between kernel(s) and global memory(s)
BANK0          RD = 320.000 KB             WR = 256.000 KB      

INFO: [SDx-EM 22] [Wall clock time: 20:31, Emulation time: 9.80711 ms] Data transfer between kernel(s) and global memory(s)
BANK0          RD = 512.000 KB             WR = 448.000 KB      

INFO: [SDx-EM 22] [Wall clock time: 20:37, Emulation time: 13.9222 ms] Data transfer between kernel(s) and global memory(s)
BANK0          RD = 672.000 KB             WR = 608.000 KB      

INFO: [SDx-EM 22] [Wall clock time: 20:42, Emulation time: 18.0385 ms] Data transfer between kernel(s) and global memory(s)
BANK0          RD = 864.000 KB             WR = 800.000 KB      

INFO: [SDx-EM 22] [Wall clock time: 20:47, Emulation time: 22.1505 ms] Data transfer between kernel(s) and global memory(s)
BANK0          RD = 1056.000 KB            WR = 992.000 KB      

INFO: [SDx-EM 22] [Wall clock time: 20:52, Emulation time: 26.286 ms] Data transfer between kernel(s) and global memory(s)
BANK0          RD = 1248.000 KB            WR = 1184.000 KB     

INFO: [SDx-EM 22] [Wall clock time: 20:57, Emulation time: 30.4236 ms] Data transfer between kernel(s) and global memory(s)
BANK0          RD = 1440.000 KB            WR = 1376.000 KB     

INFO: [SDx-EM 22] [Wall clock time: 21:02, Emulation time: 34.5592 ms] Data transfer between kernel(s) and global memory(s)
BANK0          RD = 1632.000 KB            WR = 1568.000 KB     

INFO: [SDx-EM 22] [Wall clock time: 21:08, Emulation time: 38.6907 ms] Data transfer between kernel(s) and global memory(s)
BANK0          RD = 1824.000 KB            WR = 1760.000 KB     

INFO: [SDx-EM 22] [Wall clock time: 21:13, Emulation time: 42.8267 ms] Data transfer between kernel(s) and global memory(s)
BANK0          RD = 2016.000 KB            WR = 1952.000 KB     

INFO: [SDx-EM 22] [Wall clock time: 21:18, Emulation time: 46.9597 ms] Data transfer between kernel(s) and global memory(s)
BANK0          RD = 2208.000 KB            WR = 2144.000 KB     

INFO: [SDx-EM 22] [Wall clock time: 21:23, Emulation time: 51.0802 ms] Data transfer between kernel(s) and global memory(s)
BANK0          RD = 2400.000 KB            WR = 2336.000 KB     

INFO: [SDx-EM 22] [Wall clock time: 21:28, Emulation time: 55.1941 ms] Data transfer between kernel(s) and global memory(s)
BANK0          RD = 2592.000 KB            WR = 2528.000 KB     

INFO: [SDx-EM 22] [Wall clock time: 21:33, Emulation time: 59.3259 ms] Data transfer between kernel(s) and global memory(s)
BANK0          RD = 2784.000 KB            WR = 2720.000 KB     

INFO: [SDx-EM 22] [Wall clock time: 21:39, Emulation time: 63.4762 ms] Data transfer between kernel(s) and global memory(s)
BANK0          RD = 2944.000 KB            WR = 2880.000 KB     

INFO: [SDx-EM 22] [Wall clock time: 21:44, Emulation time: 67.6273 ms] Data transfer between kernel(s) and global memory(s)
BANK0          RD = 3136.000 KB            WR = 3072.000 KB     

INFO: [SDx-EM 22] [Wall clock time: 21:49, Emulation time: 71.7752 ms] Data transfer between kernel(s) and global memory(s)
BANK0          RD = 3328.000 KB            WR = 3264.000 KB     

INFO: [SDx-EM 22] [Wall clock time: 21:54, Emulation time: 75.9124 ms] Data transfer between kernel(s) and global memory(s)
BANK0          RD = 3520.000 KB            WR = 3456.000 KB     

INFO: [SDx-EM 22] [Wall clock time: 21:59, Emulation time: 80.0616 ms] Data transfer between kernel(s) and global memory(s)
BANK0          RD = 3712.000 KB            WR = 3648.000 KB     

INFO: [SDx-EM 22] [Wall clock time: 22:04, Emulation time: 84.1846 ms] Data transfer between kernel(s) and global memory(s)
BANK0          RD = 3904.000 KB            WR = 3840.000 KB     

INFO: [SDx-EM 22] [Wall clock time: 22:10, Emulation time: 88.3057 ms] Data transfer between kernel(s) and global memory(s)
BANK0          RD = 4096.000 KB            WR = 4032.000 KB     

INFO: [SDx-EM 22] [Wall clock time: 22:15, Emulation time: 92.5268 ms] Data transfer between kernel(s) and global memory(s)
BANK0          RD = 4288.000 KB            WR = 4224.000 KB     

PCIe write time: 18310.352000 us
Kernel run time: 7301596051.526000 us
PCIe read  time: 24808.312000 us
Total run  time: 7301639234.286000 us
Kernel runtime: 7306381208.736000 us
INFO: [SDx-EM 22] [Wall clock time: 22:18, Emulation time: 94.8767 ms] Data transfer between kernel(s) and global memory(s)
BANK0          RD = 4352.000 KB            WR = 4352.000 KB     

