INFO: Found 1 platforms
INFO: Selected platform 0 from Xilinx
INFO: Selected xilinx:adm-pcie-7v3:1ddr:3.0 as the target device
INFO: Loading sharpen-cosim-unroll1-tile128x256.xclbin
INFO: Found 1 platforms
INFO: Selected platform 0 from Xilinx
INFO: Selected xilinx:adm-pcie-7v3:1ddr:3.0 as the target device
INFO: Loading sharpen-cosim-unroll1-tile128x256.xclbin
INFO: [SDx-EM 01] Hardware emulation runs detailed simulation underneath. It may take long time for large data set. Please use a small dataset for faster execution. You can still get performance trend for your kernel with smaller dataset.
host: tile_num_dim0 = 16, tile_num_dim1 = 4
host: var_sharpen_y_extent_0 = 1998, var_sharpen_y_extent_1 = 998
host: var_sharpen_y_min_0 = 0, var_sharpen_y_min_1 = 0
Info: Emulation mode.
INFO: [SDx-EM 22] [Wall clock time: 20:21, Emulation time: 3.45879 ms] Data transfer between kernel(s) and global memory(s)
BANK0          RD = 128.000 KB             WR = 0.000 KB        

INFO: [SDx-EM 22] [Wall clock time: 20:26, Emulation time: 8.08769 ms] Data transfer between kernel(s) and global memory(s)
BANK0          RD = 128.000 KB             WR = 0.000 KB        

INFO: [SDx-EM 22] [Wall clock time: 20:31, Emulation time: 12.9076 ms] Data transfer between kernel(s) and global memory(s)
BANK0          RD = 128.000 KB             WR = 0.000 KB        

INFO: [SDx-EM 22] [Wall clock time: 20:37, Emulation time: 17.7304 ms] Data transfer between kernel(s) and global memory(s)
BANK0          RD = 128.000 KB             WR = 0.000 KB        

INFO: [SDx-EM 22] [Wall clock time: 20:42, Emulation time: 22.5571 ms] Data transfer between kernel(s) and global memory(s)
BANK0          RD = 128.000 KB             WR = 0.000 KB        

INFO: [SDx-EM 22] [Wall clock time: 20:47, Emulation time: 27.3836 ms] Data transfer between kernel(s) and global memory(s)
BANK0          RD = 128.000 KB             WR = 0.000 KB        

INFO: [SDx-EM 22] [Wall clock time: 20:52, Emulation time: 32.2639 ms] Data transfer between kernel(s) and global memory(s)
BANK0          RD = 128.000 KB             WR = 0.000 KB        

INFO: [SDx-EM 22] [Wall clock time: 20:57, Emulation time: 37.1468 ms] Data transfer between kernel(s) and global memory(s)
BANK0          RD = 128.000 KB             WR = 0.000 KB        

INFO: [SDx-EM 22] [Wall clock time: 21:02, Emulation time: 42.0514 ms] Data transfer between kernel(s) and global memory(s)
BANK0          RD = 128.000 KB             WR = 0.000 KB        

INFO: [SDx-EM 22] [Wall clock time: 21:08, Emulation time: 46.9354 ms] Data transfer between kernel(s) and global memory(s)
BANK0          RD = 192.000 KB             WR = 64.000 KB       

INFO: [SDx-EM 22] [Wall clock time: 21:13, Emulation time: 51.8264 ms] Data transfer between kernel(s) and global memory(s)
BANK0          RD = 192.000 KB             WR = 64.000 KB       

INFO: [SDx-EM 22] [Wall clock time: 21:18, Emulation time: 56.723 ms] Data transfer between kernel(s) and global memory(s)
BANK0          RD = 192.000 KB             WR = 64.000 KB       

INFO: [SDx-EM 22] [Wall clock time: 21:23, Emulation time: 61.6236 ms] Data transfer between kernel(s) and global memory(s)
BANK0          RD = 192.000 KB             WR = 64.000 KB       

INFO: [SDx-EM 22] [Wall clock time: 21:28, Emulation time: 66.5256 ms] Data transfer between kernel(s) and global memory(s)
BANK0          RD = 192.000 KB             WR = 64.000 KB       

INFO: [SDx-EM 22] [Wall clock time: 21:33, Emulation time: 71.4168 ms] Data transfer between kernel(s) and global memory(s)
BANK0          RD = 192.000 KB             WR = 64.000 KB       

INFO: [SDx-EM 22] [Wall clock time: 21:39, Emulation time: 76.3003 ms] Data transfer between kernel(s) and global memory(s)
BANK0          RD = 192.000 KB             WR = 64.000 KB       

INFO: [SDx-EM 22] [Wall clock time: 21:44, Emulation time: 81.188 ms] Data transfer between kernel(s) and global memory(s)
BANK0          RD = 192.000 KB             WR = 64.000 KB       

INFO: [SDx-EM 22] [Wall clock time: 21:49, Emulation time: 86.0723 ms] Data transfer between kernel(s) and global memory(s)
BANK0          RD = 192.000 KB             WR = 64.000 KB       

INFO: [SDx-EM 22] [Wall clock time: 21:54, Emulation time: 90.8896 ms] Data transfer between kernel(s) and global memory(s)
BANK0          RD = 256.000 KB             WR = 128.000 KB      

INFO: [SDx-EM 22] [Wall clock time: 21:59, Emulation time: 95.7261 ms] Data transfer between kernel(s) and global memory(s)
BANK0          RD = 256.000 KB             WR = 128.000 KB      

INFO: [SDx-EM 22] [Wall clock time: 22:04, Emulation time: 100.564 ms] Data transfer between kernel(s) and global memory(s)
BANK0          RD = 256.000 KB             WR = 128.000 KB      

INFO: [SDx-EM 22] [Wall clock time: 22:10, Emulation time: 105.415 ms] Data transfer between kernel(s) and global memory(s)
BANK0          RD = 256.000 KB             WR = 128.000 KB      

INFO: [SDx-EM 22] [Wall clock time: 22:15, Emulation time: 110.254 ms] Data transfer between kernel(s) and global memory(s)
BANK0          RD = 256.000 KB             WR = 128.000 KB      

INFO: [SDx-EM 22] [Wall clock time: 22:20, Emulation time: 115.082 ms] Data transfer between kernel(s) and global memory(s)
BANK0          RD = 256.000 KB             WR = 128.000 KB      

INFO: [SDx-EM 22] [Wall clock time: 22:25, Emulation time: 119.923 ms] Data transfer between kernel(s) and global memory(s)
BANK0          RD = 256.000 KB             WR = 128.000 KB      

INFO: [SDx-EM 22] [Wall clock time: 22:30, Emulation time: 124.75 ms] Data transfer between kernel(s) and global memory(s)
BANK0          RD = 256.000 KB             WR = 128.000 KB      

