INFO: Found 1 platforms
INFO: Selected platform 0 from Xilinx
INFO: Selected xilinx:adm-pcie-7v3:1ddr:3.0 as the target device
INFO: Loading sharpen-cosim-unroll16-tile256x128.xclbin
INFO: Found 1 platforms
INFO: Selected platform 0 from Xilinx
INFO: Selected xilinx:adm-pcie-7v3:1ddr:3.0 as the target device
INFO: Loading sharpen-cosim-unroll16-tile256x128.xclbin
INFO: [SDx-EM 01] Hardware emulation runs detailed simulation underneath. It may take long time for large data set. Please use a small dataset for faster execution. You can still get performance trend for your kernel with smaller dataset.
host: tile_num_dim0 = 8, tile_num_dim1 = 8
host: var_sharpen_y_extent_0 = 1998, var_sharpen_y_extent_1 = 998
host: var_sharpen_y_min_0 = 0, var_sharpen_y_min_1 = 0
Info: Emulation mode.
INFO: [SDx-EM 22] [Wall clock time: 20:21, Emulation time: 0.630058 ms] Data transfer between kernel(s) and global memory(s)
BANK0          RD = 3697.000 KB            WR = 3555.000 KB     

PCIe write time: 4577.510000 us
Kernel run time: 343412538.771000 us
PCIe read  time: 34286.249000 us
Total run  time: 343451448.209000 us
Kernel runtime: 348158846.903000 us
INFO: [SDx-EM 22] [Wall clock time: 20:22, Emulation time: 0.717773 ms] Data transfer between kernel(s) and global memory(s)
BANK0          RD = 4096.000 KB            WR = 4096.000 KB     

