INFO: Found 1 platforms
INFO: Selected platform 0 from Xilinx
INFO: Selected xilinx:adm-pcie-7v3:1ddr:3.0 as the target device
INFO: Loading sharpen-cosim-unroll8-tile128x64.xclbin
INFO: Found 1 platforms
INFO: Selected platform 0 from Xilinx
INFO: Selected xilinx:adm-pcie-7v3:1ddr:3.0 as the target device
INFO: Loading sharpen-cosim-unroll8-tile128x64.xclbin
INFO: [SDx-EM 01] Hardware emulation runs detailed simulation underneath. It may take long time for large data set. Please use a small dataset for faster execution. You can still get performance trend for your kernel with smaller dataset.
host: tile_num_dim0 = 16, tile_num_dim1 = 17
host: var_sharpen_y_extent_0 = 1998, var_sharpen_y_extent_1 = 998
host: var_sharpen_y_min_0 = 0, var_sharpen_y_min_1 = 0
Info: Emulation mode.
INFO: [SDx-EM 22] [Wall clock time: 20:21, Emulation time: 0.910513 ms] Data transfer between kernel(s) and global memory(s)
BANK0          RD = 2640.000 KB            WR = 2608.000 KB     

PCIe write time: 8764.480000 us
Kernel run time: 402779758.974000 us
PCIe read  time: 25853.241000 us
Total run  time: 402814429.478000 us
Kernel runtime: 407498351.575000 us
INFO: [SDx-EM 22] [Wall clock time: 20:23, Emulation time: 1.50833 ms] Data transfer between kernel(s) and global memory(s)
BANK0          RD = 4352.000 KB            WR = 4352.000 KB     

