INFO: Found 1 platforms
INFO: Selected platform 0 from Xilinx
INFO: Selected xilinx:adm-pcie-7v3:1ddr:3.0 as the target device
INFO: Loading bit/sharpen-cosim-unroll32-tile224x202-ki32-ko32.xclbin
INFO: Found 1 platforms
INFO: Selected platform 0 from Xilinx
INFO: Selected xilinx:adm-pcie-7v3:1ddr:3.0 as the target device
INFO: Loading bit/sharpen-cosim-unroll32-tile224x202-ki32-ko32.xclbin
INFO: [SDx-EM 01] Hardware emulation runs detailed simulation underneath. It may take long time for large data set. Please use a small dataset for faster execution. You can still get performance trend for your kernel with smaller dataset.
host: tile_num_dim0 = 9, tile_num_dim1 = 5
host: var_sharpen_y_extent_0 = 1998, var_sharpen_y_extent_1 = 998
host: var_sharpen_y_min_0 = 0, var_sharpen_y_min_1 = 0
Info: Emulation mode.
PCIe write time: 18008.929000 us
Kernel run time: 240352225.169000 us
PCIe read  time: 53043.658000 us
Total run  time: 240423315.111000 us
Kernel runtime: 242081436.787000 us
INFO: [SDx-EM 22] [Wall clock time: 12:32, Emulation time: 0.656203 ms] Data transfer between kernel(s) and global memory(s)
BANK0          RD = 3976.875 KB            WR = 3976.875 KB     

