INFO: Found 1 platforms
INFO: Selected platform 0 from Xilinx
INFO: Selected xilinx:adm-pcie-7v3:1ddr:3.0 as the target device
INFO: Loading sharpen-cosim-unroll64-tile64x128.xclbin
INFO: Found 1 platforms
INFO: Selected platform 0 from Xilinx
INFO: Selected xilinx:adm-pcie-7v3:1ddr:3.0 as the target device
INFO: Loading sharpen-cosim-unroll64-tile64x128.xclbin
INFO: [SDx-EM 01] Hardware emulation runs detailed simulation underneath. It may take long time for large data set. Please use a small dataset for faster execution. You can still get performance trend for your kernel with smaller dataset.
host: tile_num_dim0 = 33, tile_num_dim1 = 8
host: var_sharpen_y_extent_0 = 1998, var_sharpen_y_extent_1 = 998
host: var_sharpen_y_min_0 = 0, var_sharpen_y_min_1 = 0
Info: Emulation mode.
INFO: [SDx-EM 22] [Wall clock time: 20:21, Emulation time: 0.426403 ms] Data transfer between kernel(s) and global memory(s)
BANK0          RD = 3490.000 KB            WR = 3459.000 KB     

PCIe write time: 15374.184000 us
Kernel run time: 356729840.004000 us
PCIe read  time: 32754.286000 us
Total run  time: 356778025.796000 us
Kernel runtime: 361567538.940000 us
INFO: [SDx-EM 22] [Wall clock time: 20:22, Emulation time: 0.519323 ms] Data transfer between kernel(s) and global memory(s)
BANK0          RD = 4224.000 KB            WR = 4224.000 KB     

