INFO: Found 1 platforms
INFO: Selected platform 0 from Xilinx
INFO: Selected xilinx:adm-pcie-7v3:1ddr:3.0 as the target device
INFO: Loading threshold-cosim-unroll32-tile128x128.xclbin
INFO: Found 1 platforms
INFO: Selected platform 0 from Xilinx
INFO: Selected xilinx:adm-pcie-7v3:1ddr:3.0 as the target device
INFO: Loading threshold-cosim-unroll32-tile128x128.xclbin
INFO: [SDx-EM 01] Hardware emulation runs detailed simulation underneath. It may take long time for large data set. Please use a small dataset for faster execution. You can still get performance trend for your kernel with smaller dataset.
host: tile_num_dim0 = 16, tile_num_dim1 = 8
host: var_threshold_y_extent_0 = 1998, var_threshold_y_extent_1 = 998
host: var_threshold_y_min_0 = 0, var_threshold_y_min_1 = 0
Info: Emulation mode.
PCIe write time: 28070.518000 us
Kernel run time: 263676659.308000 us
PCIe read  time: 23548.806000 us
Total run  time: 263728336.731000 us
Kernel runtime: 267154379.183000 us
INFO: [SDx-EM 22] [Wall clock time: 20:20, Emulation time: 0.420228 ms] Data transfer between kernel(s) and global memory(s)
BANK0          RD = 2048.000 KB            WR = 2048.000 KB     

