INFO: Found 1 platforms
INFO: Selected platform 0 from Xilinx
INFO: Selected xilinx:adm-pcie-7v3:1ddr:3.0 as the target device
INFO: Loading threshold-cosim-unroll64-tile64x128.xclbin
INFO: Found 1 platforms
INFO: Selected platform 0 from Xilinx
INFO: Selected xilinx:adm-pcie-7v3:1ddr:3.0 as the target device
INFO: Loading threshold-cosim-unroll64-tile64x128.xclbin
INFO: [SDx-EM 01] Hardware emulation runs detailed simulation underneath. It may take long time for large data set. Please use a small dataset for faster execution. You can still get performance trend for your kernel with smaller dataset.
host: tile_num_dim0 = 33, tile_num_dim1 = 8
host: var_threshold_y_extent_0 = 1998, var_threshold_y_extent_1 = 998
host: var_threshold_y_min_0 = 0, var_threshold_y_min_1 = 0
Info: Emulation mode.
INFO: [SDx-EM 22] [Wall clock time: 20:21, Emulation time: 0.166057 ms] Data transfer between kernel(s) and global memory(s)
BANK0          RD = 1003.000 KB            WR = 988.000 KB      

PCIe write time: 13583.726000 us
Kernel run time: 518287981.441000 us
PCIe read  time: 50162.572000 us
Total run  time: 518351770.312000 us
Kernel runtime: 521881203.708000 us
INFO: [SDx-EM 22] [Wall clock time: 20:24, Emulation time: 0.349033 ms] Data transfer between kernel(s) and global memory(s)
BANK0          RD = 2112.000 KB            WR = 2112.000 KB     

