INFO: Found 1 platforms
INFO: Selected platform 0 from Xilinx
INFO: Selected xilinx:adm-pcie-7v3:1ddr:3.0 as the target device
INFO: Loading threshold-cosim-unroll64-tile128x128.xclbin
INFO: Found 1 platforms
INFO: Selected platform 0 from Xilinx
INFO: Selected xilinx:adm-pcie-7v3:1ddr:3.0 as the target device
INFO: Loading threshold-cosim-unroll64-tile128x128.xclbin
INFO: [SDx-EM 01] Hardware emulation runs detailed simulation underneath. It may take long time for large data set. Please use a small dataset for faster execution. You can still get performance trend for your kernel with smaller dataset.
host: tile_num_dim0 = 16, tile_num_dim1 = 8
host: var_threshold_y_extent_0 = 1998, var_threshold_y_extent_1 = 998
host: var_threshold_y_min_0 = 0, var_threshold_y_min_1 = 0
Info: Emulation mode.
INFO: [SDx-EM 22] [Wall clock time: 20:21, Emulation time: 0.145833 ms] Data transfer between kernel(s) and global memory(s)
BANK0          RD = 1179.000 KB            WR = 1144.000 KB     

PCIe write time: 16857.598000 us
Kernel run time: 420929245.783000 us
PCIe read  time: 137019.559000 us
Total run  time: 421083175.223000 us
Kernel runtime: 424706171.048000 us
INFO: [SDx-EM 22] [Wall clock time: 20:23, Emulation time: 0.255443 ms] Data transfer between kernel(s) and global memory(s)
BANK0          RD = 2048.000 KB            WR = 2048.000 KB     

