INFO: Found 1 platforms
INFO: Selected platform 0 from Xilinx
INFO: Selected xilinx:adm-pcie-7v3:1ddr:3.0 as the target device
INFO: Loading threshold-cosim-unroll1-tile256x128.xclbin
INFO: Found 1 platforms
INFO: Selected platform 0 from Xilinx
INFO: Selected xilinx:adm-pcie-7v3:1ddr:3.0 as the target device
INFO: Loading threshold-cosim-unroll1-tile256x128.xclbin
INFO: [SDx-EM 01] Hardware emulation runs detailed simulation underneath. It may take long time for large data set. Please use a small dataset for faster execution. You can still get performance trend for your kernel with smaller dataset.
host: tile_num_dim0 = 8, tile_num_dim1 = 8
host: var_threshold_y_extent_0 = 1998, var_threshold_y_extent_1 = 998
host: var_threshold_y_min_0 = 0, var_threshold_y_min_1 = 0
Info: Emulation mode.
INFO: [SDx-EM 22] [Wall clock time: 20:21, Emulation time: 0.573627 ms] Data transfer between kernel(s) and global memory(s)
BANK0          RD = 64.000 KB              WR = 0.000 KB        

INFO: [SDx-EM 22] [Wall clock time: 20:26, Emulation time: 3.27562 ms] Data transfer between kernel(s) and global memory(s)
BANK0          RD = 64.000 KB              WR = 0.000 KB        

INFO: [SDx-EM 22] [Wall clock time: 20:31, Emulation time: 7.43746 ms] Data transfer between kernel(s) and global memory(s)
BANK0          RD = 64.000 KB              WR = 0.000 KB        

INFO: [SDx-EM 22] [Wall clock time: 20:36, Emulation time: 11.595 ms] Data transfer between kernel(s) and global memory(s)
BANK0          RD = 64.000 KB              WR = 0.000 KB        

INFO: [SDx-EM 22] [Wall clock time: 20:41, Emulation time: 15.7478 ms] Data transfer between kernel(s) and global memory(s)
BANK0          RD = 64.000 KB              WR = 0.000 KB        

INFO: [SDx-EM 22] [Wall clock time: 20:47, Emulation time: 19.8913 ms] Data transfer between kernel(s) and global memory(s)
BANK0          RD = 64.000 KB              WR = 0.000 KB        

INFO: [SDx-EM 22] [Wall clock time: 20:52, Emulation time: 24.0808 ms] Data transfer between kernel(s) and global memory(s)
BANK0          RD = 64.000 KB              WR = 0.000 KB        

INFO: [SDx-EM 22] [Wall clock time: 20:57, Emulation time: 28.3029 ms] Data transfer between kernel(s) and global memory(s)
BANK0          RD = 64.000 KB              WR = 0.000 KB        

INFO: [SDx-EM 22] [Wall clock time: 21:02, Emulation time: 32.5039 ms] Data transfer between kernel(s) and global memory(s)
BANK0          RD = 64.000 KB              WR = 0.000 KB        

INFO: [SDx-EM 22] [Wall clock time: 21:07, Emulation time: 36.6871 ms] Data transfer between kernel(s) and global memory(s)
BANK0          RD = 64.000 KB              WR = 0.000 KB        

INFO: [SDx-EM 22] [Wall clock time: 21:12, Emulation time: 40.8952 ms] Data transfer between kernel(s) and global memory(s)
BANK0          RD = 64.000 KB              WR = 0.000 KB        

INFO: [SDx-EM 22] [Wall clock time: 21:18, Emulation time: 45.0924 ms] Data transfer between kernel(s) and global memory(s)
BANK0          RD = 64.000 KB              WR = 0.000 KB        

INFO: [SDx-EM 22] [Wall clock time: 21:23, Emulation time: 49.2818 ms] Data transfer between kernel(s) and global memory(s)
BANK0          RD = 64.000 KB              WR = 0.000 KB        

INFO: [SDx-EM 22] [Wall clock time: 21:28, Emulation time: 53.4734 ms] Data transfer between kernel(s) and global memory(s)
BANK0          RD = 64.000 KB              WR = 0.000 KB        

INFO: [SDx-EM 22] [Wall clock time: 21:33, Emulation time: 57.6838 ms] Data transfer between kernel(s) and global memory(s)
BANK0          RD = 64.000 KB              WR = 0.000 KB        

INFO: [SDx-EM 22] [Wall clock time: 21:38, Emulation time: 61.8938 ms] Data transfer between kernel(s) and global memory(s)
BANK0          RD = 64.000 KB              WR = 0.000 KB        

INFO: [SDx-EM 22] [Wall clock time: 21:43, Emulation time: 66.1073 ms] Data transfer between kernel(s) and global memory(s)
BANK0          RD = 64.000 KB              WR = 0.000 KB        

INFO: [SDx-EM 22] [Wall clock time: 21:49, Emulation time: 70.3012 ms] Data transfer between kernel(s) and global memory(s)
BANK0          RD = 64.000 KB              WR = 0.000 KB        

INFO: [SDx-EM 22] [Wall clock time: 21:54, Emulation time: 74.5317 ms] Data transfer between kernel(s) and global memory(s)
BANK0          RD = 64.000 KB              WR = 0.000 KB        

INFO: [SDx-EM 22] [Wall clock time: 21:59, Emulation time: 78.7616 ms] Data transfer between kernel(s) and global memory(s)
BANK0          RD = 64.000 KB              WR = 0.000 KB        

INFO: [SDx-EM 22] [Wall clock time: 22:04, Emulation time: 82.9548 ms] Data transfer between kernel(s) and global memory(s)
BANK0          RD = 64.000 KB              WR = 0.000 KB        

INFO: [SDx-EM 22] [Wall clock time: 22:09, Emulation time: 87.1667 ms] Data transfer between kernel(s) and global memory(s)
BANK0          RD = 64.000 KB              WR = 0.000 KB        

INFO: [SDx-EM 22] [Wall clock time: 22:14, Emulation time: 91.3716 ms] Data transfer between kernel(s) and global memory(s)
BANK0          RD = 96.000 KB              WR = 32.000 KB       

INFO: [SDx-EM 22] [Wall clock time: 22:20, Emulation time: 95.5817 ms] Data transfer between kernel(s) and global memory(s)
BANK0          RD = 96.000 KB              WR = 32.000 KB       

INFO: [SDx-EM 22] [Wall clock time: 22:25, Emulation time: 99.7739 ms] Data transfer between kernel(s) and global memory(s)
BANK0          RD = 96.000 KB              WR = 32.000 KB       

INFO: [SDx-EM 22] [Wall clock time: 22:30, Emulation time: 103.979 ms] Data transfer between kernel(s) and global memory(s)
BANK0          RD = 96.000 KB              WR = 32.000 KB       

