INFO: Found 1 platforms
INFO: Selected platform 0 from Xilinx
INFO: Selected xilinx:adm-pcie-7v3:1ddr:3.0 as the target device
INFO: Loading threshold-cosim-unroll1-tile128x256.xclbin
INFO: Found 1 platforms
INFO: Selected platform 0 from Xilinx
INFO: Selected xilinx:adm-pcie-7v3:1ddr:3.0 as the target device
INFO: Loading threshold-cosim-unroll1-tile128x256.xclbin
INFO: [SDx-EM 01] Hardware emulation runs detailed simulation underneath. It may take long time for large data set. Please use a small dataset for faster execution. You can still get performance trend for your kernel with smaller dataset.
host: tile_num_dim0 = 16, tile_num_dim1 = 4
host: var_threshold_y_extent_0 = 1998, var_threshold_y_extent_1 = 998
host: var_threshold_y_min_0 = 0, var_threshold_y_min_1 = 0
Info: Emulation mode.
INFO: [SDx-EM 22] [Wall clock time: 20:21, Emulation time: 1.88944 ms] Data transfer between kernel(s) and global memory(s)
BANK0          RD = 64.000 KB              WR = 0.000 KB        

INFO: [SDx-EM 22] [Wall clock time: 20:26, Emulation time: 6.40912 ms] Data transfer between kernel(s) and global memory(s)
BANK0          RD = 64.000 KB              WR = 0.000 KB        

INFO: [SDx-EM 22] [Wall clock time: 20:31, Emulation time: 11.1422 ms] Data transfer between kernel(s) and global memory(s)
BANK0          RD = 64.000 KB              WR = 0.000 KB        

INFO: [SDx-EM 22] [Wall clock time: 20:36, Emulation time: 15.8766 ms] Data transfer between kernel(s) and global memory(s)
BANK0          RD = 64.000 KB              WR = 0.000 KB        

INFO: [SDx-EM 22] [Wall clock time: 20:41, Emulation time: 20.6142 ms] Data transfer between kernel(s) and global memory(s)
BANK0          RD = 64.000 KB              WR = 0.000 KB        

INFO: [SDx-EM 22] [Wall clock time: 20:47, Emulation time: 25.3617 ms] Data transfer between kernel(s) and global memory(s)
BANK0          RD = 64.000 KB              WR = 0.000 KB        

INFO: [SDx-EM 22] [Wall clock time: 20:52, Emulation time: 30.1092 ms] Data transfer between kernel(s) and global memory(s)
BANK0          RD = 64.000 KB              WR = 0.000 KB        

INFO: [SDx-EM 22] [Wall clock time: 20:57, Emulation time: 34.8629 ms] Data transfer between kernel(s) and global memory(s)
BANK0          RD = 64.000 KB              WR = 0.000 KB        

INFO: [SDx-EM 22] [Wall clock time: 21:02, Emulation time: 39.6079 ms] Data transfer between kernel(s) and global memory(s)
BANK0          RD = 64.000 KB              WR = 0.000 KB        

INFO: [SDx-EM 22] [Wall clock time: 21:07, Emulation time: 44.3436 ms] Data transfer between kernel(s) and global memory(s)
BANK0          RD = 64.000 KB              WR = 0.000 KB        

INFO: [SDx-EM 22] [Wall clock time: 21:12, Emulation time: 49.0232 ms] Data transfer between kernel(s) and global memory(s)
BANK0          RD = 96.000 KB              WR = 32.000 KB       

INFO: [SDx-EM 22] [Wall clock time: 21:18, Emulation time: 53.7457 ms] Data transfer between kernel(s) and global memory(s)
BANK0          RD = 96.000 KB              WR = 32.000 KB       

INFO: [SDx-EM 22] [Wall clock time: 21:23, Emulation time: 58.4329 ms] Data transfer between kernel(s) and global memory(s)
BANK0          RD = 96.000 KB              WR = 32.000 KB       

INFO: [SDx-EM 22] [Wall clock time: 21:28, Emulation time: 63.1679 ms] Data transfer between kernel(s) and global memory(s)
BANK0          RD = 96.000 KB              WR = 32.000 KB       

INFO: [SDx-EM 22] [Wall clock time: 21:33, Emulation time: 67.8509 ms] Data transfer between kernel(s) and global memory(s)
BANK0          RD = 96.000 KB              WR = 32.000 KB       

INFO: [SDx-EM 22] [Wall clock time: 21:38, Emulation time: 72.5454 ms] Data transfer between kernel(s) and global memory(s)
BANK0          RD = 96.000 KB              WR = 32.000 KB       

INFO: [SDx-EM 22] [Wall clock time: 21:43, Emulation time: 77.2581 ms] Data transfer between kernel(s) and global memory(s)
BANK0          RD = 96.000 KB              WR = 32.000 KB       

INFO: [SDx-EM 22] [Wall clock time: 21:49, Emulation time: 81.9754 ms] Data transfer between kernel(s) and global memory(s)
BANK0          RD = 96.000 KB              WR = 32.000 KB       

INFO: [SDx-EM 22] [Wall clock time: 21:54, Emulation time: 86.66 ms] Data transfer between kernel(s) and global memory(s)
BANK0          RD = 96.000 KB              WR = 32.000 KB       

INFO: [SDx-EM 22] [Wall clock time: 21:59, Emulation time: 91.3639 ms] Data transfer between kernel(s) and global memory(s)
BANK0          RD = 128.000 KB             WR = 64.000 KB       

INFO: [SDx-EM 22] [Wall clock time: 22:04, Emulation time: 96.0769 ms] Data transfer between kernel(s) and global memory(s)
BANK0          RD = 128.000 KB             WR = 64.000 KB       

INFO: [SDx-EM 22] [Wall clock time: 22:09, Emulation time: 100.804 ms] Data transfer between kernel(s) and global memory(s)
BANK0          RD = 128.000 KB             WR = 64.000 KB       

INFO: [SDx-EM 22] [Wall clock time: 22:14, Emulation time: 105.542 ms] Data transfer between kernel(s) and global memory(s)
BANK0          RD = 128.000 KB             WR = 64.000 KB       

INFO: [SDx-EM 22] [Wall clock time: 22:20, Emulation time: 110.304 ms] Data transfer between kernel(s) and global memory(s)
BANK0          RD = 128.000 KB             WR = 64.000 KB       

INFO: [SDx-EM 22] [Wall clock time: 22:25, Emulation time: 115.069 ms] Data transfer between kernel(s) and global memory(s)
BANK0          RD = 128.000 KB             WR = 64.000 KB       

INFO: [SDx-EM 22] [Wall clock time: 22:30, Emulation time: 119.787 ms] Data transfer between kernel(s) and global memory(s)
BANK0          RD = 128.000 KB             WR = 64.000 KB       

