

================================================================
== Vivado HLS Report for 'blur_kernel'
================================================================
* Date:           Tue Sep 12 20:53:22 2017

* Version:        2017.1 (Build 1846317 on Thu Jun 22 18:17:09 MDT 2017)
* Project:        blur_kernel
* Solution:       solution_OCL_REGION_0
* Product family: virtex7
* Target device:  xc7vx690tffg1157-2


================================================================
== Performance Estimates
================================================================
+ Timing (ns): 
    * Summary: 
    +--------+-------+----------+------------+
    |  Clock | Target| Estimated| Uncertainty|
    +--------+-------+----------+------------+
    |ap_clk  |   5.00|      4.89|        1.35|
    +--------+-------+----------+------------+

+ Latency (clock cycles): 
    * Summary: 
    +-----+-----+-----+-----+---------+
    |  Latency  |  Interval | Pipeline|
    | min | max | min | max |   Type  |
    +-----+-----+-----+-----+---------+
    |    ?|    ?|    ?|    ?|   none  |
    +-----+-----+-----+-----+---------+

    + Detail: 
        * Instance: 
        +--------------------+---------+-----+-------+-----+-------+---------+
        |                    |         |   Latency   |   Interval  | Pipeline|
        |      Instance      |  Module | min |  max  | min |  max  |   Type  |
        +--------------------+---------+-----+-------+-----+-------+---------+
        |grp_compute_fu_801  |compute  |    1|  25017|    1|  25017|   none  |
        |grp_store_fu_894    |store    |    1|   3253|    1|   3253|   none  |
        |grp_load_fu_936     |load     |    1|   3255|    1|   3255|   none  |
        +--------------------+---------+-----+-------+-----+-------+---------+

        * Loop: 
        +----------+-----+-----+-----------+-----------+-----------+------+----------+
        |          |  Latency  | Iteration |  Initiation Interval  | Trip |          |
        | Loop Name| min | max |  Latency  |  achieved |   target  | Count| Pipelined|
        +----------+-----+-----+-----------+-----------+-----------+------+----------+
        |- burst   |    ?|    ?| 5 ~ 25021 |          -|          -|     ?|    no    |
        +----------+-----+-----+-----------+-----------+-----------+------+----------+



================================================================
== Utilization Estimates
================================================================
* Summary: 
+-----------------+---------+-------+--------+--------+
|       Name      | BRAM_18K| DSP48E|   FF   |   LUT  |
+-----------------+---------+-------+--------+--------+
|DSP              |        -|      -|       -|       -|
|Expression       |        -|      -|       0|    1026|
|FIFO             |        -|      -|       -|       -|
|Instance         |       60|     16|    7707|    8211|
|Memory           |      520|      -|       0|       0|
|Multiplexer      |        -|      -|       -|    6386|
|Register         |        -|      -|    1474|       -|
+-----------------+---------+-------+--------+--------+
|Total            |      580|     16|    9181|   15623|
+-----------------+---------+-------+--------+--------+
|Available        |     2940|   3600|  866400|  433200|
+-----------------+---------+-------+--------+--------+
|Utilization (%)  |       19|   ~0  |       1|       3|
+-----------------+---------+-------+--------+--------+

+ Detail: 
    * Instance: 
    +-----------------------------+---------------------------+---------+-------+------+------+
    |           Instance          |           Module          | BRAM_18K| DSP48E|  FF  |  LUT |
    +-----------------------------+---------------------------+---------+-------+------+------+
    |blur_kernel_control_s_axi_U  |blur_kernel_control_s_axi  |        0|      0|   500|   872|
    |blur_kernel_gmem1_m_axi_U    |blur_kernel_gmem1_m_axi    |       30|      0|  1415|  1585|
    |blur_kernel_gmem2_m_axi_U    |blur_kernel_gmem2_m_axi    |       30|      0|  1415|  1585|
    |grp_compute_fu_801           |compute                    |        0|     16|  2908|  2626|
    |grp_load_fu_936              |load                       |        0|      0|   747|   783|
    |grp_store_fu_894             |store                      |        0|      0|   722|   760|
    +-----------------------------+---------------------------+---------+-------+------+------+
    |Total                        |                           |       60|     16|  7707|  8211|
    +-----------------------------+---------------------------+---------+-------+------+------+

    * DSP48: 
    N/A

    * Memory: 
    +-----------------+--------------------------+---------+---+----+------+-----+------+-------------+
    |      Memory     |          Module          | BRAM_18K| FF| LUT| Words| Bits| Banks| W*Bits*Banks|
    +-----------------+--------------------------+---------+---+----+------+-----+------+-------------+
    |FIFO_499_0_0_U   |blur_kernel_FIFO_499_0_0  |        1|  0|   0|   499|   16|     1|         7984|
    |FIFO_499_0_1_U   |blur_kernel_FIFO_499_0_0  |        1|  0|   0|   499|   16|     1|         7984|
    |FIFO_499_0_2_U   |blur_kernel_FIFO_499_0_0  |        1|  0|   0|   499|   16|     1|         7984|
    |FIFO_499_0_3_U   |blur_kernel_FIFO_499_0_0  |        1|  0|   0|   499|   16|     1|         7984|
    |FIFO_500_0_0_U   |blur_kernel_FIFO_500_0_0  |        1|  0|   0|   500|   16|     1|         8000|
    |FIFO_500_0_1_U   |blur_kernel_FIFO_500_0_0  |        1|  0|   0|   500|   16|     1|         8000|
    |FIFO_500_0_2_U   |blur_kernel_FIFO_500_0_0  |        1|  0|   0|   500|   16|     1|         8000|
    |FIFO_500_0_3_U   |blur_kernel_FIFO_500_0_0  |        1|  0|   0|   500|   16|     1|         8000|
    |input_0_0_0_U    |blur_kernel_input_0_0_0   |        4|  0|   0|  3126|   16|     1|        50016|
    |input_0_0_1_U    |blur_kernel_input_0_0_0   |        4|  0|   0|  3126|   16|     1|        50016|
    |input_0_0_2_U    |blur_kernel_input_0_0_0   |        4|  0|   0|  3126|   16|     1|        50016|
    |input_0_0_3_U    |blur_kernel_input_0_0_0   |        4|  0|   0|  3126|   16|     1|        50016|
    |input_0_0_4_U    |blur_kernel_input_0_0_0   |        4|  0|   0|  3126|   16|     1|        50016|
    |input_0_0_5_U    |blur_kernel_input_0_0_0   |        4|  0|   0|  3126|   16|     1|        50016|
    |input_0_0_6_U    |blur_kernel_input_0_0_0   |        4|  0|   0|  3126|   16|     1|        50016|
    |input_0_0_7_U    |blur_kernel_input_0_0_0   |        4|  0|   0|  3126|   16|     1|        50016|
    |input_0_0_8_U    |blur_kernel_input_0_0_0   |        4|  0|   0|  3126|   16|     1|        50016|
    |input_0_0_9_U    |blur_kernel_input_0_0_0   |        4|  0|   0|  3126|   16|     1|        50016|
    |input_0_0_10_U   |blur_kernel_input_0_0_0   |        4|  0|   0|  3126|   16|     1|        50016|
    |input_0_0_11_U   |blur_kernel_input_0_0_0   |        4|  0|   0|  3126|   16|     1|        50016|
    |input_0_0_12_U   |blur_kernel_input_0_0_0   |        4|  0|   0|  3126|   16|     1|        50016|
    |input_0_0_13_U   |blur_kernel_input_0_0_0   |        4|  0|   0|  3126|   16|     1|        50016|
    |input_0_0_14_U   |blur_kernel_input_0_0_0   |        4|  0|   0|  3126|   16|     1|        50016|
    |input_0_0_15_U   |blur_kernel_input_0_0_0   |        4|  0|   0|  3126|   16|     1|        50016|
    |input_0_0_16_U   |blur_kernel_input_0_0_0   |        4|  0|   0|  3126|   16|     1|        50016|
    |input_0_0_17_U   |blur_kernel_input_0_0_0   |        4|  0|   0|  3126|   16|     1|        50016|
    |input_0_0_18_U   |blur_kernel_input_0_0_0   |        4|  0|   0|  3126|   16|     1|        50016|
    |input_0_0_19_U   |blur_kernel_input_0_0_0   |        4|  0|   0|  3126|   16|     1|        50016|
    |input_0_0_20_U   |blur_kernel_input_0_0_0   |        4|  0|   0|  3126|   16|     1|        50016|
    |input_0_0_21_U   |blur_kernel_input_0_0_0   |        4|  0|   0|  3126|   16|     1|        50016|
    |input_0_0_22_U   |blur_kernel_input_0_0_0   |        4|  0|   0|  3126|   16|     1|        50016|
    |input_0_0_23_U   |blur_kernel_input_0_0_0   |        4|  0|   0|  3126|   16|     1|        50016|
    |input_0_0_24_U   |blur_kernel_input_0_0_0   |        4|  0|   0|  3126|   16|     1|        50016|
    |input_0_0_25_U   |blur_kernel_input_0_0_0   |        4|  0|   0|  3126|   16|     1|        50016|
    |input_0_0_26_U   |blur_kernel_input_0_0_0   |        4|  0|   0|  3126|   16|     1|        50016|
    |input_0_0_27_U   |blur_kernel_input_0_0_0   |        4|  0|   0|  3126|   16|     1|        50016|
    |input_0_0_28_U   |blur_kernel_input_0_0_0   |        4|  0|   0|  3126|   16|     1|        50016|
    |input_0_0_29_U   |blur_kernel_input_0_0_0   |        4|  0|   0|  3126|   16|     1|        50016|
    |input_0_0_30_U   |blur_kernel_input_0_0_0   |        4|  0|   0|  3126|   16|     1|        50016|
    |input_0_0_31_U   |blur_kernel_input_0_0_0   |        4|  0|   0|  3126|   16|     1|        50016|
    |input_1_0_0_U    |blur_kernel_input_0_0_0   |        4|  0|   0|  3126|   16|     1|        50016|
    |input_1_0_1_U    |blur_kernel_input_0_0_0   |        4|  0|   0|  3126|   16|     1|        50016|
    |input_1_0_2_U    |blur_kernel_input_0_0_0   |        4|  0|   0|  3126|   16|     1|        50016|
    |input_1_0_3_U    |blur_kernel_input_0_0_0   |        4|  0|   0|  3126|   16|     1|        50016|
    |input_1_0_4_U    |blur_kernel_input_0_0_0   |        4|  0|   0|  3126|   16|     1|        50016|
    |input_1_0_5_U    |blur_kernel_input_0_0_0   |        4|  0|   0|  3126|   16|     1|        50016|
    |input_1_0_6_U    |blur_kernel_input_0_0_0   |        4|  0|   0|  3126|   16|     1|        50016|
    |input_1_0_7_U    |blur_kernel_input_0_0_0   |        4|  0|   0|  3126|   16|     1|        50016|
    |input_1_0_8_U    |blur_kernel_input_0_0_0   |        4|  0|   0|  3126|   16|     1|        50016|
    |input_1_0_9_U    |blur_kernel_input_0_0_0   |        4|  0|   0|  3126|   16|     1|        50016|
    |input_1_0_10_U   |blur_kernel_input_0_0_0   |        4|  0|   0|  3126|   16|     1|        50016|
    |input_1_0_11_U   |blur_kernel_input_0_0_0   |        4|  0|   0|  3126|   16|     1|        50016|
    |input_1_0_12_U   |blur_kernel_input_0_0_0   |        4|  0|   0|  3126|   16|     1|        50016|
    |input_1_0_13_U   |blur_kernel_input_0_0_0   |        4|  0|   0|  3126|   16|     1|        50016|
    |input_1_0_14_U   |blur_kernel_input_0_0_0   |        4|  0|   0|  3126|   16|     1|        50016|
    |input_1_0_15_U   |blur_kernel_input_0_0_0   |        4|  0|   0|  3126|   16|     1|        50016|
    |input_1_0_16_U   |blur_kernel_input_0_0_0   |        4|  0|   0|  3126|   16|     1|        50016|
    |input_1_0_17_U   |blur_kernel_input_0_0_0   |        4|  0|   0|  3126|   16|     1|        50016|
    |input_1_0_18_U   |blur_kernel_input_0_0_0   |        4|  0|   0|  3126|   16|     1|        50016|
    |input_1_0_19_U   |blur_kernel_input_0_0_0   |        4|  0|   0|  3126|   16|     1|        50016|
    |input_1_0_20_U   |blur_kernel_input_0_0_0   |        4|  0|   0|  3126|   16|     1|        50016|
    |input_1_0_21_U   |blur_kernel_input_0_0_0   |        4|  0|   0|  3126|   16|     1|        50016|
    |input_1_0_22_U   |blur_kernel_input_0_0_0   |        4|  0|   0|  3126|   16|     1|        50016|
    |input_1_0_23_U   |blur_kernel_input_0_0_0   |        4|  0|   0|  3126|   16|     1|        50016|
    |input_1_0_24_U   |blur_kernel_input_0_0_0   |        4|  0|   0|  3126|   16|     1|        50016|
    |input_1_0_25_U   |blur_kernel_input_0_0_0   |        4|  0|   0|  3126|   16|     1|        50016|
    |input_1_0_26_U   |blur_kernel_input_0_0_0   |        4|  0|   0|  3126|   16|     1|        50016|
    |input_1_0_27_U   |blur_kernel_input_0_0_0   |        4|  0|   0|  3126|   16|     1|        50016|
    |input_1_0_28_U   |blur_kernel_input_0_0_0   |        4|  0|   0|  3126|   16|     1|        50016|
    |input_1_0_29_U   |blur_kernel_input_0_0_0   |        4|  0|   0|  3126|   16|     1|        50016|
    |input_1_0_30_U   |blur_kernel_input_0_0_0   |        4|  0|   0|  3126|   16|     1|        50016|
    |input_1_0_31_U   |blur_kernel_input_0_0_0   |        4|  0|   0|  3126|   16|     1|        50016|
    |output_0_0_0_U   |blur_kernel_input_0_0_0   |        4|  0|   0|  3126|   16|     1|        50016|
    |output_0_0_1_U   |blur_kernel_input_0_0_0   |        4|  0|   0|  3126|   16|     1|        50016|
    |output_0_0_2_U   |blur_kernel_input_0_0_0   |        4|  0|   0|  3126|   16|     1|        50016|
    |output_0_0_3_U   |blur_kernel_input_0_0_0   |        4|  0|   0|  3126|   16|     1|        50016|
    |output_0_0_4_U   |blur_kernel_input_0_0_0   |        4|  0|   0|  3126|   16|     1|        50016|
    |output_0_0_5_U   |blur_kernel_input_0_0_0   |        4|  0|   0|  3126|   16|     1|        50016|
    |output_0_0_6_U   |blur_kernel_input_0_0_0   |        4|  0|   0|  3126|   16|     1|        50016|
    |output_0_0_7_U   |blur_kernel_input_0_0_0   |        4|  0|   0|  3126|   16|     1|        50016|
    |output_0_0_8_U   |blur_kernel_input_0_0_0   |        4|  0|   0|  3126|   16|     1|        50016|
    |output_0_0_9_U   |blur_kernel_input_0_0_0   |        4|  0|   0|  3126|   16|     1|        50016|
    |output_0_0_10_U  |blur_kernel_input_0_0_0   |        4|  0|   0|  3126|   16|     1|        50016|
    |output_0_0_11_U  |blur_kernel_input_0_0_0   |        4|  0|   0|  3126|   16|     1|        50016|
    |output_0_0_12_U  |blur_kernel_input_0_0_0   |        4|  0|   0|  3126|   16|     1|        50016|
    |output_0_0_13_U  |blur_kernel_input_0_0_0   |        4|  0|   0|  3126|   16|     1|        50016|
    |output_0_0_14_U  |blur_kernel_input_0_0_0   |        4|  0|   0|  3126|   16|     1|        50016|
    |output_0_0_15_U  |blur_kernel_input_0_0_0   |        4|  0|   0|  3126|   16|     1|        50016|
    |output_0_0_16_U  |blur_kernel_input_0_0_0   |        4|  0|   0|  3126|   16|     1|        50016|
    |output_0_0_17_U  |blur_kernel_input_0_0_0   |        4|  0|   0|  3126|   16|     1|        50016|
    |output_0_0_18_U  |blur_kernel_input_0_0_0   |        4|  0|   0|  3126|   16|     1|        50016|
    |output_0_0_19_U  |blur_kernel_input_0_0_0   |        4|  0|   0|  3126|   16|     1|        50016|
    |output_0_0_20_U  |blur_kernel_input_0_0_0   |        4|  0|   0|  3126|   16|     1|        50016|
    |output_0_0_21_U  |blur_kernel_input_0_0_0   |        4|  0|   0|  3126|   16|     1|        50016|
    |output_0_0_22_U  |blur_kernel_input_0_0_0   |        4|  0|   0|  3126|   16|     1|        50016|
    |output_0_0_23_U  |blur_kernel_input_0_0_0   |        4|  0|   0|  3126|   16|     1|        50016|
    |output_0_0_24_U  |blur_kernel_input_0_0_0   |        4|  0|   0|  3126|   16|     1|        50016|
    |output_0_0_25_U  |blur_kernel_input_0_0_0   |        4|  0|   0|  3126|   16|     1|        50016|
    |output_0_0_26_U  |blur_kernel_input_0_0_0   |        4|  0|   0|  3126|   16|     1|        50016|
    |output_0_0_27_U  |blur_kernel_input_0_0_0   |        4|  0|   0|  3126|   16|     1|        50016|
    |output_0_0_28_U  |blur_kernel_input_0_0_0   |        4|  0|   0|  3126|   16|     1|        50016|
    |output_0_0_29_U  |blur_kernel_input_0_0_0   |        4|  0|   0|  3126|   16|     1|        50016|
    |output_0_0_30_U  |blur_kernel_input_0_0_0   |        4|  0|   0|  3126|   16|     1|        50016|
    |output_0_0_31_U  |blur_kernel_input_0_0_0   |        4|  0|   0|  3126|   16|     1|        50016|
    |output_1_0_0_U   |blur_kernel_input_0_0_0   |        4|  0|   0|  3126|   16|     1|        50016|
    |output_1_0_1_U   |blur_kernel_input_0_0_0   |        4|  0|   0|  3126|   16|     1|        50016|
    |output_1_0_2_U   |blur_kernel_input_0_0_0   |        4|  0|   0|  3126|   16|     1|        50016|
    |output_1_0_3_U   |blur_kernel_input_0_0_0   |        4|  0|   0|  3126|   16|     1|        50016|
    |output_1_0_4_U   |blur_kernel_input_0_0_0   |        4|  0|   0|  3126|   16|     1|        50016|
    |output_1_0_5_U   |blur_kernel_input_0_0_0   |        4|  0|   0|  3126|   16|     1|        50016|
    |output_1_0_6_U   |blur_kernel_input_0_0_0   |        4|  0|   0|  3126|   16|     1|        50016|
    |output_1_0_7_U   |blur_kernel_input_0_0_0   |        4|  0|   0|  3126|   16|     1|        50016|
    |output_1_0_8_U   |blur_kernel_input_0_0_0   |        4|  0|   0|  3126|   16|     1|        50016|
    |output_1_0_9_U   |blur_kernel_input_0_0_0   |        4|  0|   0|  3126|   16|     1|        50016|
    |output_1_0_10_U  |blur_kernel_input_0_0_0   |        4|  0|   0|  3126|   16|     1|        50016|
    |output_1_0_11_U  |blur_kernel_input_0_0_0   |        4|  0|   0|  3126|   16|     1|        50016|
    |output_1_0_12_U  |blur_kernel_input_0_0_0   |        4|  0|   0|  3126|   16|     1|        50016|
    |output_1_0_13_U  |blur_kernel_input_0_0_0   |        4|  0|   0|  3126|   16|     1|        50016|
    |output_1_0_14_U  |blur_kernel_input_0_0_0   |        4|  0|   0|  3126|   16|     1|        50016|
    |output_1_0_15_U  |blur_kernel_input_0_0_0   |        4|  0|   0|  3126|   16|     1|        50016|
    |output_1_0_16_U  |blur_kernel_input_0_0_0   |        4|  0|   0|  3126|   16|     1|        50016|
    |output_1_0_17_U  |blur_kernel_input_0_0_0   |        4|  0|   0|  3126|   16|     1|        50016|
    |output_1_0_18_U  |blur_kernel_input_0_0_0   |        4|  0|   0|  3126|   16|     1|        50016|
    |output_1_0_19_U  |blur_kernel_input_0_0_0   |        4|  0|   0|  3126|   16|     1|        50016|
    |output_1_0_20_U  |blur_kernel_input_0_0_0   |        4|  0|   0|  3126|   16|     1|        50016|
    |output_1_0_21_U  |blur_kernel_input_0_0_0   |        4|  0|   0|  3126|   16|     1|        50016|
    |output_1_0_22_U  |blur_kernel_input_0_0_0   |        4|  0|   0|  3126|   16|     1|        50016|
    |output_1_0_23_U  |blur_kernel_input_0_0_0   |        4|  0|   0|  3126|   16|     1|        50016|
    |output_1_0_24_U  |blur_kernel_input_0_0_0   |        4|  0|   0|  3126|   16|     1|        50016|
    |output_1_0_25_U  |blur_kernel_input_0_0_0   |        4|  0|   0|  3126|   16|     1|        50016|
    |output_1_0_26_U  |blur_kernel_input_0_0_0   |        4|  0|   0|  3126|   16|     1|        50016|
    |output_1_0_27_U  |blur_kernel_input_0_0_0   |        4|  0|   0|  3126|   16|     1|        50016|
    |output_1_0_28_U  |blur_kernel_input_0_0_0   |        4|  0|   0|  3126|   16|     1|        50016|
    |output_1_0_29_U  |blur_kernel_input_0_0_0   |        4|  0|   0|  3126|   16|     1|        50016|
    |output_1_0_30_U  |blur_kernel_input_0_0_0   |        4|  0|   0|  3126|   16|     1|        50016|
    |output_1_0_31_U  |blur_kernel_input_0_0_0   |        4|  0|   0|  3126|   16|     1|        50016|
    +-----------------+--------------------------+---------+---+----+------+-----+------+-------------+
    |Total            |                          |      520|  0|   0|404124| 2176|   136|      6465984|
    +-----------------+--------------------------+---------+---+----+------+-----+------+-------------+

    * FIFO: 
    N/A

    * Expression: 
    +-----------------------------------+----------+-------+---+----+------------+------------+
    |           Variable Name           | Operation| DSP48E| FF| LUT| Bitwidth P0| Bitwidth P1|
    +-----------------------------------+----------+-------+---+----+------------+------------+
    |burst_index_in_total_1_fu_1175_p2  |     +    |      0|  0|  38|           1|          31|
    |burst_index_load_1_fu_1249_p2      |     +    |      0|  0|  39|          32|           1|
    |burst_index_store_1_fu_1279_p2     |     +    |      0|  0|  39|          32|           1|
    |p_01_idx2_01_idx1_fu_1315_p2       |     +    |      0|  0|  71|          64|          64|
    |p_0_idx2_0_idx1_fu_1334_p2         |     +    |      0|  0|  71|          64|          64|
    |tmp_11_fu_1088_p2                  |     +    |      0|  0|  39|          32|           2|
    |tmp_12_fu_1094_p2                  |     +    |      0|  0|  39|          32|           1|
    |p_sum4_fu_1100_p2                  |     -    |      0|  0|  71|          12|          64|
    |p_sum_fu_1106_p2                   |     -    |      0|  0|  71|          12|          64|
    |compute_flag_fu_1197_p2            |    and   |      0|  0|   8|           1|           1|
    |load_flag_fu_1181_p2               |   icmp   |      0|  0|  18|          32|          32|
    |store_flag_fu_1213_p2              |   icmp   |      0|  0|  18|          30|           1|
    |tmp_13_fu_1170_p2                  |   icmp   |      0|  0|  18|          32|          32|
    |tmp_14_fu_1192_p2                  |   icmp   |      0|  0|  18|          32|          32|
    |tmp_16_fu_1259_p2                  |   icmp   |      0|  0|  29|          64|          64|
    |tmp_18_fu_1289_p2                  |   icmp   |      0|  0|  29|          64|          64|
    |tmp_s_fu_1186_p2                   |   icmp   |      0|  0|  18|          31|           1|
    |ap_block_state4_on_subcall_done    |    or    |      0|  0|   8|           1|           1|
    |burst_index_load_2_fu_1272_p3      |  select  |      0|  0|  32|           1|          32|
    |burst_index_store_2_fu_1302_p3     |  select  |      0|  0|  32|           1|          32|
    |p_01_idx2_01_idx1_v_fu_1309_p3     |  select  |      0|  0|  64|           1|          64|
    |p_0_idx2_0_idx1_v_fu_1328_p3       |  select  |      0|  0|  64|           1|          64|
    |p_23_idx_fu_1321_p3                |  select  |      0|  0|  64|           1|          64|
    |p_2_idx_fu_1340_p3                 |  select  |      0|  0|  64|           1|          64|
    |p_burst_index_load_1_fu_1264_p3    |  select  |      0|  0|  32|           1|           1|
    |p_burst_index_store_1_fu_1294_p3   |  select  |      0|  0|  32|           1|           1|
    +-----------------------------------+----------+-------+---+----+------------+------------+
    |Total                              |          |      0|  0|1026|         576|         842|
    +-----------------------------------+----------+-------+---+----+------------+------------+

    * Multiplexer: 
    +--------------------------------+----+-----------+-----+-----------+
    |              Name              | LUT| Input Size| Bits| Total Bits|
    +--------------------------------+----+-----------+-----+-----------+
    |FIFO_499_0_0_ce0                |   9|          2|    1|          2|
    |FIFO_499_0_0_ce1                |   9|          2|    1|          2|
    |FIFO_499_0_0_we1                |   9|          2|    1|          2|
    |FIFO_499_0_1_ce0                |   9|          2|    1|          2|
    |FIFO_499_0_1_ce1                |   9|          2|    1|          2|
    |FIFO_499_0_1_we1                |   9|          2|    1|          2|
    |FIFO_499_0_2_ce0                |   9|          2|    1|          2|
    |FIFO_499_0_2_ce1                |   9|          2|    1|          2|
    |FIFO_499_0_2_we1                |   9|          2|    1|          2|
    |FIFO_499_0_3_ce0                |   9|          2|    1|          2|
    |FIFO_499_0_3_ce1                |   9|          2|    1|          2|
    |FIFO_499_0_3_we1                |   9|          2|    1|          2|
    |FIFO_500_0_0_ce0                |   9|          2|    1|          2|
    |FIFO_500_0_0_ce1                |   9|          2|    1|          2|
    |FIFO_500_0_0_we1                |   9|          2|    1|          2|
    |FIFO_500_0_1_ce0                |   9|          2|    1|          2|
    |FIFO_500_0_1_ce1                |   9|          2|    1|          2|
    |FIFO_500_0_1_we1                |   9|          2|    1|          2|
    |FIFO_500_0_2_ce0                |   9|          2|    1|          2|
    |FIFO_500_0_2_ce1                |   9|          2|    1|          2|
    |FIFO_500_0_2_we1                |   9|          2|    1|          2|
    |FIFO_500_0_3_ce0                |   9|          2|    1|          2|
    |FIFO_500_0_3_ce1                |   9|          2|    1|          2|
    |FIFO_500_0_3_we1                |   9|          2|    1|          2|
    |FIFO_ptrs_0_2_fu_98             |   9|          2|   32|         64|
    |FIFO_ptrs_1_2_fu_102            |   9|          2|   32|         64|
    |ap_NS_fsm                       |  38|          7|    1|          7|
    |burst_index_in_total_reg_766    |   9|          2|   31|         62|
    |burst_index_load_reg_742        |   9|          2|   32|         64|
    |burst_index_store_reg_754       |   9|          2|   32|         64|
    |gmem1_AWVALID                   |   9|          2|    1|          2|
    |gmem1_BREADY                    |   9|          2|    1|          2|
    |gmem1_WVALID                    |   9|          2|    1|          2|
    |gmem2_ARVALID                   |   9|          2|    1|          2|
    |gmem2_RREADY                    |   9|          2|    1|          2|
    |grp_compute_fu_801_input_0_q0   |  15|          3|   16|         48|
    |grp_compute_fu_801_input_10_q0  |  15|          3|   16|         48|
    |grp_compute_fu_801_input_11_q0  |  15|          3|   16|         48|
    |grp_compute_fu_801_input_12_q0  |  15|          3|   16|         48|
    |grp_compute_fu_801_input_13_q0  |  15|          3|   16|         48|
    |grp_compute_fu_801_input_14_q0  |  15|          3|   16|         48|
    |grp_compute_fu_801_input_15_q0  |  15|          3|   16|         48|
    |grp_compute_fu_801_input_16_q0  |  15|          3|   16|         48|
    |grp_compute_fu_801_input_17_q0  |  15|          3|   16|         48|
    |grp_compute_fu_801_input_18_q0  |  15|          3|   16|         48|
    |grp_compute_fu_801_input_19_q0  |  15|          3|   16|         48|
    |grp_compute_fu_801_input_1_q0   |  15|          3|   16|         48|
    |grp_compute_fu_801_input_20_q0  |  15|          3|   16|         48|
    |grp_compute_fu_801_input_21_q0  |  15|          3|   16|         48|
    |grp_compute_fu_801_input_22_q0  |  15|          3|   16|         48|
    |grp_compute_fu_801_input_23_q0  |  15|          3|   16|         48|
    |grp_compute_fu_801_input_24_q0  |  15|          3|   16|         48|
    |grp_compute_fu_801_input_25_q0  |  15|          3|   16|         48|
    |grp_compute_fu_801_input_26_q0  |  15|          3|   16|         48|
    |grp_compute_fu_801_input_27_q0  |  15|          3|   16|         48|
    |grp_compute_fu_801_input_28_q0  |  15|          3|   16|         48|
    |grp_compute_fu_801_input_29_q0  |  15|          3|   16|         48|
    |grp_compute_fu_801_input_2_q0   |  15|          3|   16|         48|
    |grp_compute_fu_801_input_30_q0  |  15|          3|   16|         48|
    |grp_compute_fu_801_input_31_q0  |  15|          3|   16|         48|
    |grp_compute_fu_801_input_3_q0   |  15|          3|   16|         48|
    |grp_compute_fu_801_input_4_q0   |  15|          3|   16|         48|
    |grp_compute_fu_801_input_5_q0   |  15|          3|   16|         48|
    |grp_compute_fu_801_input_6_q0   |  15|          3|   16|         48|
    |grp_compute_fu_801_input_7_q0   |  15|          3|   16|         48|
    |grp_compute_fu_801_input_8_q0   |  15|          3|   16|         48|
    |grp_compute_fu_801_input_9_q0   |  15|          3|   16|         48|
    |grp_store_fu_894_from_0_q0      |  15|          3|   16|         48|
    |grp_store_fu_894_from_10_q0     |  15|          3|   16|         48|
    |grp_store_fu_894_from_11_q0     |  15|          3|   16|         48|
    |grp_store_fu_894_from_12_q0     |  15|          3|   16|         48|
    |grp_store_fu_894_from_13_q0     |  15|          3|   16|         48|
    |grp_store_fu_894_from_14_q0     |  15|          3|   16|         48|
    |grp_store_fu_894_from_15_q0     |  15|          3|   16|         48|
    |grp_store_fu_894_from_16_q0     |  15|          3|   16|         48|
    |grp_store_fu_894_from_17_q0     |  15|          3|   16|         48|
    |grp_store_fu_894_from_18_q0     |  15|          3|   16|         48|
    |grp_store_fu_894_from_19_q0     |  15|          3|   16|         48|
    |grp_store_fu_894_from_1_q0      |  15|          3|   16|         48|
    |grp_store_fu_894_from_20_q0     |  15|          3|   16|         48|
    |grp_store_fu_894_from_21_q0     |  15|          3|   16|         48|
    |grp_store_fu_894_from_22_q0     |  15|          3|   16|         48|
    |grp_store_fu_894_from_23_q0     |  15|          3|   16|         48|
    |grp_store_fu_894_from_24_q0     |  15|          3|   16|         48|
    |grp_store_fu_894_from_25_q0     |  15|          3|   16|         48|
    |grp_store_fu_894_from_26_q0     |  15|          3|   16|         48|
    |grp_store_fu_894_from_27_q0     |  15|          3|   16|         48|
    |grp_store_fu_894_from_28_q0     |  15|          3|   16|         48|
    |grp_store_fu_894_from_29_q0     |  15|          3|   16|         48|
    |grp_store_fu_894_from_2_q0      |  15|          3|   16|         48|
    |grp_store_fu_894_from_30_q0     |  15|          3|   16|         48|
    |grp_store_fu_894_from_31_q0     |  15|          3|   16|         48|
    |grp_store_fu_894_from_3_q0      |  15|          3|   16|         48|
    |grp_store_fu_894_from_4_q0      |  15|          3|   16|         48|
    |grp_store_fu_894_from_5_q0      |  15|          3|   16|         48|
    |grp_store_fu_894_from_6_q0      |  15|          3|   16|         48|
    |grp_store_fu_894_from_7_q0      |  15|          3|   16|         48|
    |grp_store_fu_894_from_8_q0      |  15|          3|   16|         48|
    |grp_store_fu_894_from_9_q0      |  15|          3|   16|         48|
    |i_base_0_2_fu_106               |   9|          2|   32|         64|
    |i_base_1_2_fu_110               |   9|          2|   32|         64|
    |i_base_2_2_fu_114               |   9|          2|   32|         64|
    |i_base_3_2_fu_118               |   9|          2|   32|         64|
    |input_0_0_0_address0            |  15|          3|   12|         36|
    |input_0_0_0_ce0                 |  15|          3|    1|          3|
    |input_0_0_0_we0                 |   9|          2|    1|          2|
    |input_0_0_10_address0           |  15|          3|   12|         36|
    |input_0_0_10_ce0                |  15|          3|    1|          3|
    |input_0_0_10_we0                |   9|          2|    1|          2|
    |input_0_0_11_address0           |  15|          3|   12|         36|
    |input_0_0_11_ce0                |  15|          3|    1|          3|
    |input_0_0_11_we0                |   9|          2|    1|          2|
    |input_0_0_12_address0           |  15|          3|   12|         36|
    |input_0_0_12_ce0                |  15|          3|    1|          3|
    |input_0_0_12_we0                |   9|          2|    1|          2|
    |input_0_0_13_address0           |  15|          3|   12|         36|
    |input_0_0_13_ce0                |  15|          3|    1|          3|
    |input_0_0_13_we0                |   9|          2|    1|          2|
    |input_0_0_14_address0           |  15|          3|   12|         36|
    |input_0_0_14_ce0                |  15|          3|    1|          3|
    |input_0_0_14_we0                |   9|          2|    1|          2|
    |input_0_0_15_address0           |  15|          3|   12|         36|
    |input_0_0_15_ce0                |  15|          3|    1|          3|
    |input_0_0_15_we0                |   9|          2|    1|          2|
    |input_0_0_16_address0           |  15|          3|   12|         36|
    |input_0_0_16_ce0                |  15|          3|    1|          3|
    |input_0_0_16_we0                |   9|          2|    1|          2|
    |input_0_0_17_address0           |  15|          3|   12|         36|
    |input_0_0_17_ce0                |  15|          3|    1|          3|
    |input_0_0_17_we0                |   9|          2|    1|          2|
    |input_0_0_18_address0           |  15|          3|   12|         36|
    |input_0_0_18_ce0                |  15|          3|    1|          3|
    |input_0_0_18_we0                |   9|          2|    1|          2|
    |input_0_0_19_address0           |  15|          3|   12|         36|
    |input_0_0_19_ce0                |  15|          3|    1|          3|
    |input_0_0_19_we0                |   9|          2|    1|          2|
    |input_0_0_1_address0            |  15|          3|   12|         36|
    |input_0_0_1_ce0                 |  15|          3|    1|          3|
    |input_0_0_1_we0                 |   9|          2|    1|          2|
    |input_0_0_20_address0           |  15|          3|   12|         36|
    |input_0_0_20_ce0                |  15|          3|    1|          3|
    |input_0_0_20_we0                |   9|          2|    1|          2|
    |input_0_0_21_address0           |  15|          3|   12|         36|
    |input_0_0_21_ce0                |  15|          3|    1|          3|
    |input_0_0_21_we0                |   9|          2|    1|          2|
    |input_0_0_22_address0           |  15|          3|   12|         36|
    |input_0_0_22_ce0                |  15|          3|    1|          3|
    |input_0_0_22_we0                |   9|          2|    1|          2|
    |input_0_0_23_address0           |  15|          3|   12|         36|
    |input_0_0_23_ce0                |  15|          3|    1|          3|
    |input_0_0_23_we0                |   9|          2|    1|          2|
    |input_0_0_24_address0           |  15|          3|   12|         36|
    |input_0_0_24_ce0                |  15|          3|    1|          3|
    |input_0_0_24_we0                |   9|          2|    1|          2|
    |input_0_0_25_address0           |  15|          3|   12|         36|
    |input_0_0_25_ce0                |  15|          3|    1|          3|
    |input_0_0_25_we0                |   9|          2|    1|          2|
    |input_0_0_26_address0           |  15|          3|   12|         36|
    |input_0_0_26_ce0                |  15|          3|    1|          3|
    |input_0_0_26_we0                |   9|          2|    1|          2|
    |input_0_0_27_address0           |  15|          3|   12|         36|
    |input_0_0_27_ce0                |  15|          3|    1|          3|
    |input_0_0_27_we0                |   9|          2|    1|          2|
    |input_0_0_28_address0           |  15|          3|   12|         36|
    |input_0_0_28_ce0                |  15|          3|    1|          3|
    |input_0_0_28_we0                |   9|          2|    1|          2|
    |input_0_0_29_address0           |  15|          3|   12|         36|
    |input_0_0_29_ce0                |  15|          3|    1|          3|
    |input_0_0_29_we0                |   9|          2|    1|          2|
    |input_0_0_2_address0            |  15|          3|   12|         36|
    |input_0_0_2_ce0                 |  15|          3|    1|          3|
    |input_0_0_2_we0                 |   9|          2|    1|          2|
    |input_0_0_30_address0           |  15|          3|   12|         36|
    |input_0_0_30_ce0                |  15|          3|    1|          3|
    |input_0_0_30_we0                |   9|          2|    1|          2|
    |input_0_0_31_address0           |  15|          3|   12|         36|
    |input_0_0_31_ce0                |  15|          3|    1|          3|
    |input_0_0_31_we0                |   9|          2|    1|          2|
    |input_0_0_3_address0            |  15|          3|   12|         36|
    |input_0_0_3_ce0                 |  15|          3|    1|          3|
    |input_0_0_3_we0                 |   9|          2|    1|          2|
    |input_0_0_4_address0            |  15|          3|   12|         36|
    |input_0_0_4_ce0                 |  15|          3|    1|          3|
    |input_0_0_4_we0                 |   9|          2|    1|          2|
    |input_0_0_5_address0            |  15|          3|   12|         36|
    |input_0_0_5_ce0                 |  15|          3|    1|          3|
    |input_0_0_5_we0                 |   9|          2|    1|          2|
    |input_0_0_6_address0            |  15|          3|   12|         36|
    |input_0_0_6_ce0                 |  15|          3|    1|          3|
    |input_0_0_6_we0                 |   9|          2|    1|          2|
    |input_0_0_7_address0            |  15|          3|   12|         36|
    |input_0_0_7_ce0                 |  15|          3|    1|          3|
    |input_0_0_7_we0                 |   9|          2|    1|          2|
    |input_0_0_8_address0            |  15|          3|   12|         36|
    |input_0_0_8_ce0                 |  15|          3|    1|          3|
    |input_0_0_8_we0                 |   9|          2|    1|          2|
    |input_0_0_9_address0            |  15|          3|   12|         36|
    |input_0_0_9_ce0                 |  15|          3|    1|          3|
    |input_0_0_9_we0                 |   9|          2|    1|          2|
    |input_1_0_0_address0            |  15|          3|   12|         36|
    |input_1_0_0_ce0                 |  15|          3|    1|          3|
    |input_1_0_0_we0                 |   9|          2|    1|          2|
    |input_1_0_10_address0           |  15|          3|   12|         36|
    |input_1_0_10_ce0                |  15|          3|    1|          3|
    |input_1_0_10_we0                |   9|          2|    1|          2|
    |input_1_0_11_address0           |  15|          3|   12|         36|
    |input_1_0_11_ce0                |  15|          3|    1|          3|
    |input_1_0_11_we0                |   9|          2|    1|          2|
    |input_1_0_12_address0           |  15|          3|   12|         36|
    |input_1_0_12_ce0                |  15|          3|    1|          3|
    |input_1_0_12_we0                |   9|          2|    1|          2|
    |input_1_0_13_address0           |  15|          3|   12|         36|
    |input_1_0_13_ce0                |  15|          3|    1|          3|
    |input_1_0_13_we0                |   9|          2|    1|          2|
    |input_1_0_14_address0           |  15|          3|   12|         36|
    |input_1_0_14_ce0                |  15|          3|    1|          3|
    |input_1_0_14_we0                |   9|          2|    1|          2|
    |input_1_0_15_address0           |  15|          3|   12|         36|
    |input_1_0_15_ce0                |  15|          3|    1|          3|
    |input_1_0_15_we0                |   9|          2|    1|          2|
    |input_1_0_16_address0           |  15|          3|   12|         36|
    |input_1_0_16_ce0                |  15|          3|    1|          3|
    |input_1_0_16_we0                |   9|          2|    1|          2|
    |input_1_0_17_address0           |  15|          3|   12|         36|
    |input_1_0_17_ce0                |  15|          3|    1|          3|
    |input_1_0_17_we0                |   9|          2|    1|          2|
    |input_1_0_18_address0           |  15|          3|   12|         36|
    |input_1_0_18_ce0                |  15|          3|    1|          3|
    |input_1_0_18_we0                |   9|          2|    1|          2|
    |input_1_0_19_address0           |  15|          3|   12|         36|
    |input_1_0_19_ce0                |  15|          3|    1|          3|
    |input_1_0_19_we0                |   9|          2|    1|          2|
    |input_1_0_1_address0            |  15|          3|   12|         36|
    |input_1_0_1_ce0                 |  15|          3|    1|          3|
    |input_1_0_1_we0                 |   9|          2|    1|          2|
    |input_1_0_20_address0           |  15|          3|   12|         36|
    |input_1_0_20_ce0                |  15|          3|    1|          3|
    |input_1_0_20_we0                |   9|          2|    1|          2|
    |input_1_0_21_address0           |  15|          3|   12|         36|
    |input_1_0_21_ce0                |  15|          3|    1|          3|
    |input_1_0_21_we0                |   9|          2|    1|          2|
    |input_1_0_22_address0           |  15|          3|   12|         36|
    |input_1_0_22_ce0                |  15|          3|    1|          3|
    |input_1_0_22_we0                |   9|          2|    1|          2|
    |input_1_0_23_address0           |  15|          3|   12|         36|
    |input_1_0_23_ce0                |  15|          3|    1|          3|
    |input_1_0_23_we0                |   9|          2|    1|          2|
    |input_1_0_24_address0           |  15|          3|   12|         36|
    |input_1_0_24_ce0                |  15|          3|    1|          3|
    |input_1_0_24_we0                |   9|          2|    1|          2|
    |input_1_0_25_address0           |  15|          3|   12|         36|
    |input_1_0_25_ce0                |  15|          3|    1|          3|
    |input_1_0_25_we0                |   9|          2|    1|          2|
    |input_1_0_26_address0           |  15|          3|   12|         36|
    |input_1_0_26_ce0                |  15|          3|    1|          3|
    |input_1_0_26_we0                |   9|          2|    1|          2|
    |input_1_0_27_address0           |  15|          3|   12|         36|
    |input_1_0_27_ce0                |  15|          3|    1|          3|
    |input_1_0_27_we0                |   9|          2|    1|          2|
    |input_1_0_28_address0           |  15|          3|   12|         36|
    |input_1_0_28_ce0                |  15|          3|    1|          3|
    |input_1_0_28_we0                |   9|          2|    1|          2|
    |input_1_0_29_address0           |  15|          3|   12|         36|
    |input_1_0_29_ce0                |  15|          3|    1|          3|
    |input_1_0_29_we0                |   9|          2|    1|          2|
    |input_1_0_2_address0            |  15|          3|   12|         36|
    |input_1_0_2_ce0                 |  15|          3|    1|          3|
    |input_1_0_2_we0                 |   9|          2|    1|          2|
    |input_1_0_30_address0           |  15|          3|   12|         36|
    |input_1_0_30_ce0                |  15|          3|    1|          3|
    |input_1_0_30_we0                |   9|          2|    1|          2|
    |input_1_0_31_address0           |  15|          3|   12|         36|
    |input_1_0_31_ce0                |  15|          3|    1|          3|
    |input_1_0_31_we0                |   9|          2|    1|          2|
    |input_1_0_3_address0            |  15|          3|   12|         36|
    |input_1_0_3_ce0                 |  15|          3|    1|          3|
    |input_1_0_3_we0                 |   9|          2|    1|          2|
    |input_1_0_4_address0            |  15|          3|   12|         36|
    |input_1_0_4_ce0                 |  15|          3|    1|          3|
    |input_1_0_4_we0                 |   9|          2|    1|          2|
    |input_1_0_5_address0            |  15|          3|   12|         36|
    |input_1_0_5_ce0                 |  15|          3|    1|          3|
    |input_1_0_5_we0                 |   9|          2|    1|          2|
    |input_1_0_6_address0            |  15|          3|   12|         36|
    |input_1_0_6_ce0                 |  15|          3|    1|          3|
    |input_1_0_6_we0                 |   9|          2|    1|          2|
    |input_1_0_7_address0            |  15|          3|   12|         36|
    |input_1_0_7_ce0                 |  15|          3|    1|          3|
    |input_1_0_7_we0                 |   9|          2|    1|          2|
    |input_1_0_8_address0            |  15|          3|   12|         36|
    |input_1_0_8_ce0                 |  15|          3|    1|          3|
    |input_1_0_8_we0                 |   9|          2|    1|          2|
    |input_1_0_9_address0            |  15|          3|   12|         36|
    |input_1_0_9_ce0                 |  15|          3|    1|          3|
    |input_1_0_9_we0                 |   9|          2|    1|          2|
    |j_base_0_2_fu_122               |   9|          2|   32|         64|
    |j_base_1_2_fu_126               |   9|          2|   32|         64|
    |j_base_2_2_fu_130               |   9|          2|   32|         64|
    |j_base_3_2_fu_134               |   9|          2|   32|         64|
    |output_0_0_0_address0           |  15|          3|   12|         36|
    |output_0_0_0_ce0                |  15|          3|    1|          3|
    |output_0_0_0_we0                |   9|          2|    1|          2|
    |output_0_0_10_address0          |  15|          3|   12|         36|
    |output_0_0_10_ce0               |  15|          3|    1|          3|
    |output_0_0_10_we0               |   9|          2|    1|          2|
    |output_0_0_11_address0          |  15|          3|   12|         36|
    |output_0_0_11_ce0               |  15|          3|    1|          3|
    |output_0_0_11_we0               |   9|          2|    1|          2|
    |output_0_0_12_address0          |  15|          3|   12|         36|
    |output_0_0_12_ce0               |  15|          3|    1|          3|
    |output_0_0_12_we0               |   9|          2|    1|          2|
    |output_0_0_13_address0          |  15|          3|   12|         36|
    |output_0_0_13_ce0               |  15|          3|    1|          3|
    |output_0_0_13_we0               |   9|          2|    1|          2|
    |output_0_0_14_address0          |  15|          3|   12|         36|
    |output_0_0_14_ce0               |  15|          3|    1|          3|
    |output_0_0_14_we0               |   9|          2|    1|          2|
    |output_0_0_15_address0          |  15|          3|   12|         36|
    |output_0_0_15_ce0               |  15|          3|    1|          3|
    |output_0_0_15_we0               |   9|          2|    1|          2|
    |output_0_0_16_address0          |  15|          3|   12|         36|
    |output_0_0_16_ce0               |  15|          3|    1|          3|
    |output_0_0_16_we0               |   9|          2|    1|          2|
    |output_0_0_17_address0          |  15|          3|   12|         36|
    |output_0_0_17_ce0               |  15|          3|    1|          3|
    |output_0_0_17_we0               |   9|          2|    1|          2|
    |output_0_0_18_address0          |  15|          3|   12|         36|
    |output_0_0_18_ce0               |  15|          3|    1|          3|
    |output_0_0_18_we0               |   9|          2|    1|          2|
    |output_0_0_19_address0          |  15|          3|   12|         36|
    |output_0_0_19_ce0               |  15|          3|    1|          3|
    |output_0_0_19_we0               |   9|          2|    1|          2|
    |output_0_0_1_address0           |  15|          3|   12|         36|
    |output_0_0_1_ce0                |  15|          3|    1|          3|
    |output_0_0_1_we0                |   9|          2|    1|          2|
    |output_0_0_20_address0          |  15|          3|   12|         36|
    |output_0_0_20_ce0               |  15|          3|    1|          3|
    |output_0_0_20_we0               |   9|          2|    1|          2|
    |output_0_0_21_address0          |  15|          3|   12|         36|
    |output_0_0_21_ce0               |  15|          3|    1|          3|
    |output_0_0_21_we0               |   9|          2|    1|          2|
    |output_0_0_22_address0          |  15|          3|   12|         36|
    |output_0_0_22_ce0               |  15|          3|    1|          3|
    |output_0_0_22_we0               |   9|          2|    1|          2|
    |output_0_0_23_address0          |  15|          3|   12|         36|
    |output_0_0_23_ce0               |  15|          3|    1|          3|
    |output_0_0_23_we0               |   9|          2|    1|          2|
    |output_0_0_24_address0          |  15|          3|   12|         36|
    |output_0_0_24_ce0               |  15|          3|    1|          3|
    |output_0_0_24_we0               |   9|          2|    1|          2|
    |output_0_0_25_address0          |  15|          3|   12|         36|
    |output_0_0_25_ce0               |  15|          3|    1|          3|
    |output_0_0_25_we0               |   9|          2|    1|          2|
    |output_0_0_26_address0          |  15|          3|   12|         36|
    |output_0_0_26_ce0               |  15|          3|    1|          3|
    |output_0_0_26_we0               |   9|          2|    1|          2|
    |output_0_0_27_address0          |  15|          3|   12|         36|
    |output_0_0_27_ce0               |  15|          3|    1|          3|
    |output_0_0_27_we0               |   9|          2|    1|          2|
    |output_0_0_28_address0          |  15|          3|   12|         36|
    |output_0_0_28_ce0               |  15|          3|    1|          3|
    |output_0_0_28_we0               |   9|          2|    1|          2|
    |output_0_0_29_address0          |  15|          3|   12|         36|
    |output_0_0_29_ce0               |  15|          3|    1|          3|
    |output_0_0_29_we0               |   9|          2|    1|          2|
    |output_0_0_2_address0           |  15|          3|   12|         36|
    |output_0_0_2_ce0                |  15|          3|    1|          3|
    |output_0_0_2_we0                |   9|          2|    1|          2|
    |output_0_0_30_address0          |  15|          3|   12|         36|
    |output_0_0_30_ce0               |  15|          3|    1|          3|
    |output_0_0_30_we0               |   9|          2|    1|          2|
    |output_0_0_31_address0          |  15|          3|   12|         36|
    |output_0_0_31_ce0               |  15|          3|    1|          3|
    |output_0_0_31_we0               |   9|          2|    1|          2|
    |output_0_0_3_address0           |  15|          3|   12|         36|
    |output_0_0_3_ce0                |  15|          3|    1|          3|
    |output_0_0_3_we0                |   9|          2|    1|          2|
    |output_0_0_4_address0           |  15|          3|   12|         36|
    |output_0_0_4_ce0                |  15|          3|    1|          3|
    |output_0_0_4_we0                |   9|          2|    1|          2|
    |output_0_0_5_address0           |  15|          3|   12|         36|
    |output_0_0_5_ce0                |  15|          3|    1|          3|
    |output_0_0_5_we0                |   9|          2|    1|          2|
    |output_0_0_6_address0           |  15|          3|   12|         36|
    |output_0_0_6_ce0                |  15|          3|    1|          3|
    |output_0_0_6_we0                |   9|          2|    1|          2|
    |output_0_0_7_address0           |  15|          3|   12|         36|
    |output_0_0_7_ce0                |  15|          3|    1|          3|
    |output_0_0_7_we0                |   9|          2|    1|          2|
    |output_0_0_8_address0           |  15|          3|   12|         36|
    |output_0_0_8_ce0                |  15|          3|    1|          3|
    |output_0_0_8_we0                |   9|          2|    1|          2|
    |output_0_0_9_address0           |  15|          3|   12|         36|
    |output_0_0_9_ce0                |  15|          3|    1|          3|
    |output_0_0_9_we0                |   9|          2|    1|          2|
    |output_1_0_0_address0           |  15|          3|   12|         36|
    |output_1_0_0_ce0                |  15|          3|    1|          3|
    |output_1_0_0_we0                |   9|          2|    1|          2|
    |output_1_0_10_address0          |  15|          3|   12|         36|
    |output_1_0_10_ce0               |  15|          3|    1|          3|
    |output_1_0_10_we0               |   9|          2|    1|          2|
    |output_1_0_11_address0          |  15|          3|   12|         36|
    |output_1_0_11_ce0               |  15|          3|    1|          3|
    |output_1_0_11_we0               |   9|          2|    1|          2|
    |output_1_0_12_address0          |  15|          3|   12|         36|
    |output_1_0_12_ce0               |  15|          3|    1|          3|
    |output_1_0_12_we0               |   9|          2|    1|          2|
    |output_1_0_13_address0          |  15|          3|   12|         36|
    |output_1_0_13_ce0               |  15|          3|    1|          3|
    |output_1_0_13_we0               |   9|          2|    1|          2|
    |output_1_0_14_address0          |  15|          3|   12|         36|
    |output_1_0_14_ce0               |  15|          3|    1|          3|
    |output_1_0_14_we0               |   9|          2|    1|          2|
    |output_1_0_15_address0          |  15|          3|   12|         36|
    |output_1_0_15_ce0               |  15|          3|    1|          3|
    |output_1_0_15_we0               |   9|          2|    1|          2|
    |output_1_0_16_address0          |  15|          3|   12|         36|
    |output_1_0_16_ce0               |  15|          3|    1|          3|
    |output_1_0_16_we0               |   9|          2|    1|          2|
    |output_1_0_17_address0          |  15|          3|   12|         36|
    |output_1_0_17_ce0               |  15|          3|    1|          3|
    |output_1_0_17_we0               |   9|          2|    1|          2|
    |output_1_0_18_address0          |  15|          3|   12|         36|
    |output_1_0_18_ce0               |  15|          3|    1|          3|
    |output_1_0_18_we0               |   9|          2|    1|          2|
    |output_1_0_19_address0          |  15|          3|   12|         36|
    |output_1_0_19_ce0               |  15|          3|    1|          3|
    |output_1_0_19_we0               |   9|          2|    1|          2|
    |output_1_0_1_address0           |  15|          3|   12|         36|
    |output_1_0_1_ce0                |  15|          3|    1|          3|
    |output_1_0_1_we0                |   9|          2|    1|          2|
    |output_1_0_20_address0          |  15|          3|   12|         36|
    |output_1_0_20_ce0               |  15|          3|    1|          3|
    |output_1_0_20_we0               |   9|          2|    1|          2|
    |output_1_0_21_address0          |  15|          3|   12|         36|
    |output_1_0_21_ce0               |  15|          3|    1|          3|
    |output_1_0_21_we0               |   9|          2|    1|          2|
    |output_1_0_22_address0          |  15|          3|   12|         36|
    |output_1_0_22_ce0               |  15|          3|    1|          3|
    |output_1_0_22_we0               |   9|          2|    1|          2|
    |output_1_0_23_address0          |  15|          3|   12|         36|
    |output_1_0_23_ce0               |  15|          3|    1|          3|
    |output_1_0_23_we0               |   9|          2|    1|          2|
    |output_1_0_24_address0          |  15|          3|   12|         36|
    |output_1_0_24_ce0               |  15|          3|    1|          3|
    |output_1_0_24_we0               |   9|          2|    1|          2|
    |output_1_0_25_address0          |  15|          3|   12|         36|
    |output_1_0_25_ce0               |  15|          3|    1|          3|
    |output_1_0_25_we0               |   9|          2|    1|          2|
    |output_1_0_26_address0          |  15|          3|   12|         36|
    |output_1_0_26_ce0               |  15|          3|    1|          3|
    |output_1_0_26_we0               |   9|          2|    1|          2|
    |output_1_0_27_address0          |  15|          3|   12|         36|
    |output_1_0_27_ce0               |  15|          3|    1|          3|
    |output_1_0_27_we0               |   9|          2|    1|          2|
    |output_1_0_28_address0          |  15|          3|   12|         36|
    |output_1_0_28_ce0               |  15|          3|    1|          3|
    |output_1_0_28_we0               |   9|          2|    1|          2|
    |output_1_0_29_address0          |  15|          3|   12|         36|
    |output_1_0_29_ce0               |  15|          3|    1|          3|
    |output_1_0_29_we0               |   9|          2|    1|          2|
    |output_1_0_2_address0           |  15|          3|   12|         36|
    |output_1_0_2_ce0                |  15|          3|    1|          3|
    |output_1_0_2_we0                |   9|          2|    1|          2|
    |output_1_0_30_address0          |  15|          3|   12|         36|
    |output_1_0_30_ce0               |  15|          3|    1|          3|
    |output_1_0_30_we0               |   9|          2|    1|          2|
    |output_1_0_31_address0          |  15|          3|   12|         36|
    |output_1_0_31_ce0               |  15|          3|    1|          3|
    |output_1_0_31_we0               |   9|          2|    1|          2|
    |output_1_0_3_address0           |  15|          3|   12|         36|
    |output_1_0_3_ce0                |  15|          3|    1|          3|
    |output_1_0_3_we0                |   9|          2|    1|          2|
    |output_1_0_4_address0           |  15|          3|   12|         36|
    |output_1_0_4_ce0                |  15|          3|    1|          3|
    |output_1_0_4_we0                |   9|          2|    1|          2|
    |output_1_0_5_address0           |  15|          3|   12|         36|
    |output_1_0_5_ce0                |  15|          3|    1|          3|
    |output_1_0_5_we0                |   9|          2|    1|          2|
    |output_1_0_6_address0           |  15|          3|   12|         36|
    |output_1_0_6_ce0                |  15|          3|    1|          3|
    |output_1_0_6_we0                |   9|          2|    1|          2|
    |output_1_0_7_address0           |  15|          3|   12|         36|
    |output_1_0_7_ce0                |  15|          3|    1|          3|
    |output_1_0_7_we0                |   9|          2|    1|          2|
    |output_1_0_8_address0           |  15|          3|   12|         36|
    |output_1_0_8_ce0                |  15|          3|    1|          3|
    |output_1_0_8_we0                |   9|          2|    1|          2|
    |output_1_0_9_address0           |  15|          3|   12|         36|
    |output_1_0_9_ce0                |  15|          3|    1|          3|
    |output_1_0_9_we0                |   9|          2|    1|          2|
    |p_01_idx_reg_777                |   9|          2|   64|        128|
    |p_0_idx_reg_789                 |   9|          2|   64|        128|
    +--------------------------------+----+-----------+-----+-----------+
    |Total                           |6386|       1311| 3389|       9471|
    +--------------------------------+----+-----------+-----+-----------+

    * Register: 
    +------------------------------------+----+----+-----+-----------+
    |                Name                | FF | LUT| Bits| Const Bits|
    +------------------------------------+----+----+-----+-----------+
    |FF_0_0_fu_650                       |  16|   0|   16|          0|
    |FF_0_1_fu_654                       |  16|   0|   16|          0|
    |FF_0_2_fu_658                       |  16|   0|   16|          0|
    |FF_0_3_fu_662                       |  16|   0|   16|          0|
    |FF_0_4_fu_666                       |  16|   0|   16|          0|
    |FF_0_5_fu_670                       |  16|   0|   16|          0|
    |FIFO_ptrs_0_2_fu_98                 |  32|   0|   32|          0|
    |FIFO_ptrs_0_2_load_reg_1519         |  32|   0|   32|          0|
    |FIFO_ptrs_1_2_fu_102                |  32|   0|   32|          0|
    |FIFO_ptrs_1_2_load_reg_1524         |  32|   0|   32|          0|
    |ap_CS_fsm                           |   6|   0|    6|          0|
    |ap_reg_grp_compute_fu_801_ap_start  |   1|   0|    1|          0|
    |ap_reg_grp_load_fu_936_ap_start     |   1|   0|    1|          0|
    |ap_reg_grp_store_fu_894_ap_start    |   1|   0|    1|          0|
    |ap_rst_n_inv                        |   1|   0|    1|          0|
    |burst_index_in_total_1_reg_1495     |  31|   0|   31|          0|
    |burst_index_in_total_reg_766        |  31|   0|   31|          0|
    |burst_index_load_2_reg_1574         |  32|   0|   32|          0|
    |burst_index_load_reg_742            |  32|   0|   32|          0|
    |burst_index_store_2_reg_1584        |  32|   0|   32|          0|
    |burst_index_store_reg_754           |  32|   0|   32|          0|
    |compute_flag_reg_1507               |   1|   0|    1|          0|
    |i_base_0_2_fu_106                   |  32|   0|   32|          0|
    |i_base_0_2_load_reg_1529            |  32|   0|   32|          0|
    |i_base_1_2_fu_110                   |  32|   0|   32|          0|
    |i_base_1_2_load_reg_1534            |  32|   0|   32|          0|
    |i_base_2_2_fu_114                   |  32|   0|   32|          0|
    |i_base_2_2_load_reg_1539            |  32|   0|   32|          0|
    |i_base_3_2_fu_118                   |  32|   0|   32|          0|
    |i_base_3_2_load_reg_1544            |  32|   0|   32|          0|
    |j_base_0_2_fu_122                   |  32|   0|   32|          0|
    |j_base_0_2_load_reg_1549            |  32|   0|   32|          0|
    |j_base_1_2_fu_126                   |  32|   0|   32|          0|
    |j_base_1_2_load_reg_1554            |  32|   0|   32|          0|
    |j_base_2_2_fu_130                   |  32|   0|   32|          0|
    |j_base_2_2_load_reg_1559            |  32|   0|   32|          0|
    |j_base_3_2_fu_134                   |  32|   0|   32|          0|
    |j_base_3_2_load_reg_1564            |  32|   0|   32|          0|
    |load_flag_reg_1500                  |   1|   0|    1|          0|
    |p_01_idx_reg_777                    |  64|   0|   64|          0|
    |p_0_idx_reg_789                     |  64|   0|   64|          0|
    |p_sum4_reg_1478                     |  64|   0|   64|          0|
    |p_sum_reg_1483                      |  64|   0|   64|          0|
    |store_flag_reg_1512                 |   1|   0|    1|          0|
    |tile_burst_num_read_reg_1422        |  64|   0|   64|          0|
    |tmp_11_reg_1468                     |  32|   0|   32|          0|
    |tmp_12_reg_1473                     |  32|   0|   32|          0|
    |tmp_16_reg_1569                     |   1|   0|    1|          0|
    |tmp_18_reg_1579                     |   1|   0|    1|          0|
    |tmp_reg_1488                        |   1|   0|    1|          0|
    |total_burst_num_read_reg_1417       |  32|   0|   32|          0|
    |var_input_V3_reg_1428               |  58|   0|   58|          0|
    |var_output_V1_reg_1433              |  58|   0|   58|          0|
    +------------------------------------+----+----+-----+-----------+
    |Total                               |1474|   0| 1474|          0|
    +------------------------------------+----+----+-----+-----------+



================================================================
== Interface
================================================================
* Summary: 
+-----------------------+-----+-----+------------+--------------+--------------+
|       RTL Ports       | Dir | Bits|  Protocol  | Source Object|    C Type    |
+-----------------------+-----+-----+------------+--------------+--------------+
|s_axi_control_AWVALID  |  in |    1|    s_axi   |    control   |    scalar    |
|s_axi_control_AWREADY  | out |    1|    s_axi   |    control   |    scalar    |
|s_axi_control_AWADDR   |  in |    7|    s_axi   |    control   |    scalar    |
|s_axi_control_WVALID   |  in |    1|    s_axi   |    control   |    scalar    |
|s_axi_control_WREADY   | out |    1|    s_axi   |    control   |    scalar    |
|s_axi_control_WDATA    |  in |   32|    s_axi   |    control   |    scalar    |
|s_axi_control_WSTRB    |  in |    4|    s_axi   |    control   |    scalar    |
|s_axi_control_ARVALID  |  in |    1|    s_axi   |    control   |    scalar    |
|s_axi_control_ARREADY  | out |    1|    s_axi   |    control   |    scalar    |
|s_axi_control_ARADDR   |  in |    7|    s_axi   |    control   |    scalar    |
|s_axi_control_RVALID   | out |    1|    s_axi   |    control   |    scalar    |
|s_axi_control_RREADY   |  in |    1|    s_axi   |    control   |    scalar    |
|s_axi_control_RDATA    | out |   32|    s_axi   |    control   |    scalar    |
|s_axi_control_RRESP    | out |    2|    s_axi   |    control   |    scalar    |
|s_axi_control_BVALID   | out |    1|    s_axi   |    control   |    scalar    |
|s_axi_control_BREADY   |  in |    1|    s_axi   |    control   |    scalar    |
|s_axi_control_BRESP    | out |    2|    s_axi   |    control   |    scalar    |
|ap_clk                 |  in |    1| ap_ctrl_hs |  blur_kernel | return value |
|ap_rst_n               |  in |    1| ap_ctrl_hs |  blur_kernel | return value |
|interrupt              | out |    1| ap_ctrl_hs |  blur_kernel | return value |
|m_axi_gmem1_AWVALID    | out |    1|    m_axi   |     gmem1    |    pointer   |
|m_axi_gmem1_AWREADY    |  in |    1|    m_axi   |     gmem1    |    pointer   |
|m_axi_gmem1_AWADDR     | out |   64|    m_axi   |     gmem1    |    pointer   |
|m_axi_gmem1_AWID       | out |    1|    m_axi   |     gmem1    |    pointer   |
|m_axi_gmem1_AWLEN      | out |    8|    m_axi   |     gmem1    |    pointer   |
|m_axi_gmem1_AWSIZE     | out |    3|    m_axi   |     gmem1    |    pointer   |
|m_axi_gmem1_AWBURST    | out |    2|    m_axi   |     gmem1    |    pointer   |
|m_axi_gmem1_AWLOCK     | out |    2|    m_axi   |     gmem1    |    pointer   |
|m_axi_gmem1_AWCACHE    | out |    4|    m_axi   |     gmem1    |    pointer   |
|m_axi_gmem1_AWPROT     | out |    3|    m_axi   |     gmem1    |    pointer   |
|m_axi_gmem1_AWQOS      | out |    4|    m_axi   |     gmem1    |    pointer   |
|m_axi_gmem1_AWREGION   | out |    4|    m_axi   |     gmem1    |    pointer   |
|m_axi_gmem1_AWUSER     | out |    1|    m_axi   |     gmem1    |    pointer   |
|m_axi_gmem1_WVALID     | out |    1|    m_axi   |     gmem1    |    pointer   |
|m_axi_gmem1_WREADY     |  in |    1|    m_axi   |     gmem1    |    pointer   |
|m_axi_gmem1_WDATA      | out |  512|    m_axi   |     gmem1    |    pointer   |
|m_axi_gmem1_WSTRB      | out |   64|    m_axi   |     gmem1    |    pointer   |
|m_axi_gmem1_WLAST      | out |    1|    m_axi   |     gmem1    |    pointer   |
|m_axi_gmem1_WID        | out |    1|    m_axi   |     gmem1    |    pointer   |
|m_axi_gmem1_WUSER      | out |    1|    m_axi   |     gmem1    |    pointer   |
|m_axi_gmem1_ARVALID    | out |    1|    m_axi   |     gmem1    |    pointer   |
|m_axi_gmem1_ARREADY    |  in |    1|    m_axi   |     gmem1    |    pointer   |
|m_axi_gmem1_ARADDR     | out |   64|    m_axi   |     gmem1    |    pointer   |
|m_axi_gmem1_ARID       | out |    1|    m_axi   |     gmem1    |    pointer   |
|m_axi_gmem1_ARLEN      | out |    8|    m_axi   |     gmem1    |    pointer   |
|m_axi_gmem1_ARSIZE     | out |    3|    m_axi   |     gmem1    |    pointer   |
|m_axi_gmem1_ARBURST    | out |    2|    m_axi   |     gmem1    |    pointer   |
|m_axi_gmem1_ARLOCK     | out |    2|    m_axi   |     gmem1    |    pointer   |
|m_axi_gmem1_ARCACHE    | out |    4|    m_axi   |     gmem1    |    pointer   |
|m_axi_gmem1_ARPROT     | out |    3|    m_axi   |     gmem1    |    pointer   |
|m_axi_gmem1_ARQOS      | out |    4|    m_axi   |     gmem1    |    pointer   |
|m_axi_gmem1_ARREGION   | out |    4|    m_axi   |     gmem1    |    pointer   |
|m_axi_gmem1_ARUSER     | out |    1|    m_axi   |     gmem1    |    pointer   |
|m_axi_gmem1_RVALID     |  in |    1|    m_axi   |     gmem1    |    pointer   |
|m_axi_gmem1_RREADY     | out |    1|    m_axi   |     gmem1    |    pointer   |
|m_axi_gmem1_RDATA      |  in |  512|    m_axi   |     gmem1    |    pointer   |
|m_axi_gmem1_RLAST      |  in |    1|    m_axi   |     gmem1    |    pointer   |
|m_axi_gmem1_RID        |  in |    1|    m_axi   |     gmem1    |    pointer   |
|m_axi_gmem1_RUSER      |  in |    1|    m_axi   |     gmem1    |    pointer   |
|m_axi_gmem1_RRESP      |  in |    2|    m_axi   |     gmem1    |    pointer   |
|m_axi_gmem1_BVALID     |  in |    1|    m_axi   |     gmem1    |    pointer   |
|m_axi_gmem1_BREADY     | out |    1|    m_axi   |     gmem1    |    pointer   |
|m_axi_gmem1_BRESP      |  in |    2|    m_axi   |     gmem1    |    pointer   |
|m_axi_gmem1_BID        |  in |    1|    m_axi   |     gmem1    |    pointer   |
|m_axi_gmem1_BUSER      |  in |    1|    m_axi   |     gmem1    |    pointer   |
|m_axi_gmem2_AWVALID    | out |    1|    m_axi   |     gmem2    |    pointer   |
|m_axi_gmem2_AWREADY    |  in |    1|    m_axi   |     gmem2    |    pointer   |
|m_axi_gmem2_AWADDR     | out |   64|    m_axi   |     gmem2    |    pointer   |
|m_axi_gmem2_AWID       | out |    1|    m_axi   |     gmem2    |    pointer   |
|m_axi_gmem2_AWLEN      | out |    8|    m_axi   |     gmem2    |    pointer   |
|m_axi_gmem2_AWSIZE     | out |    3|    m_axi   |     gmem2    |    pointer   |
|m_axi_gmem2_AWBURST    | out |    2|    m_axi   |     gmem2    |    pointer   |
|m_axi_gmem2_AWLOCK     | out |    2|    m_axi   |     gmem2    |    pointer   |
|m_axi_gmem2_AWCACHE    | out |    4|    m_axi   |     gmem2    |    pointer   |
|m_axi_gmem2_AWPROT     | out |    3|    m_axi   |     gmem2    |    pointer   |
|m_axi_gmem2_AWQOS      | out |    4|    m_axi   |     gmem2    |    pointer   |
|m_axi_gmem2_AWREGION   | out |    4|    m_axi   |     gmem2    |    pointer   |
|m_axi_gmem2_AWUSER     | out |    1|    m_axi   |     gmem2    |    pointer   |
|m_axi_gmem2_WVALID     | out |    1|    m_axi   |     gmem2    |    pointer   |
|m_axi_gmem2_WREADY     |  in |    1|    m_axi   |     gmem2    |    pointer   |
|m_axi_gmem2_WDATA      | out |  512|    m_axi   |     gmem2    |    pointer   |
|m_axi_gmem2_WSTRB      | out |   64|    m_axi   |     gmem2    |    pointer   |
|m_axi_gmem2_WLAST      | out |    1|    m_axi   |     gmem2    |    pointer   |
|m_axi_gmem2_WID        | out |    1|    m_axi   |     gmem2    |    pointer   |
|m_axi_gmem2_WUSER      | out |    1|    m_axi   |     gmem2    |    pointer   |
|m_axi_gmem2_ARVALID    | out |    1|    m_axi   |     gmem2    |    pointer   |
|m_axi_gmem2_ARREADY    |  in |    1|    m_axi   |     gmem2    |    pointer   |
|m_axi_gmem2_ARADDR     | out |   64|    m_axi   |     gmem2    |    pointer   |
|m_axi_gmem2_ARID       | out |    1|    m_axi   |     gmem2    |    pointer   |
|m_axi_gmem2_ARLEN      | out |    8|    m_axi   |     gmem2    |    pointer   |
|m_axi_gmem2_ARSIZE     | out |    3|    m_axi   |     gmem2    |    pointer   |
|m_axi_gmem2_ARBURST    | out |    2|    m_axi   |     gmem2    |    pointer   |
|m_axi_gmem2_ARLOCK     | out |    2|    m_axi   |     gmem2    |    pointer   |
|m_axi_gmem2_ARCACHE    | out |    4|    m_axi   |     gmem2    |    pointer   |
|m_axi_gmem2_ARPROT     | out |    3|    m_axi   |     gmem2    |    pointer   |
|m_axi_gmem2_ARQOS      | out |    4|    m_axi   |     gmem2    |    pointer   |
|m_axi_gmem2_ARREGION   | out |    4|    m_axi   |     gmem2    |    pointer   |
|m_axi_gmem2_ARUSER     | out |    1|    m_axi   |     gmem2    |    pointer   |
|m_axi_gmem2_RVALID     |  in |    1|    m_axi   |     gmem2    |    pointer   |
|m_axi_gmem2_RREADY     | out |    1|    m_axi   |     gmem2    |    pointer   |
|m_axi_gmem2_RDATA      |  in |  512|    m_axi   |     gmem2    |    pointer   |
|m_axi_gmem2_RLAST      |  in |    1|    m_axi   |     gmem2    |    pointer   |
|m_axi_gmem2_RID        |  in |    1|    m_axi   |     gmem2    |    pointer   |
|m_axi_gmem2_RUSER      |  in |    1|    m_axi   |     gmem2    |    pointer   |
|m_axi_gmem2_RRESP      |  in |    2|    m_axi   |     gmem2    |    pointer   |
|m_axi_gmem2_BVALID     |  in |    1|    m_axi   |     gmem2    |    pointer   |
|m_axi_gmem2_BREADY     | out |    1|    m_axi   |     gmem2    |    pointer   |
|m_axi_gmem2_BRESP      |  in |    2|    m_axi   |     gmem2    |    pointer   |
|m_axi_gmem2_BID        |  in |    1|    m_axi   |     gmem2    |    pointer   |
|m_axi_gmem2_BUSER      |  in |    1|    m_axi   |     gmem2    |    pointer   |
+-----------------------+-----+-----+------------+--------------+--------------+

