

================================================================
== Vivado HLS Report for 'jacobi2d_kernel'
================================================================
* Date:           Fri Sep 15 23:35:19 2017

* Version:        2017.1 (Build 1846317 on Thu Jun 22 18:17:09 MDT 2017)
* Project:        jacobi2d_kernel
* Solution:       solution_OCL_REGION_0
* Product family: virtex7
* Target device:  xc7vx690tffg1157-2


================================================================
== Performance Estimates
================================================================
+ Timing (ns): 
    * Summary: 
    +--------+-------+----------+------------+
    |  Clock | Target| Estimated| Uncertainty|
    +--------+-------+----------+------------+
    |ap_clk  |   5.00|      3.65|        1.35|
    +--------+-------+----------+------------+

+ Latency (clock cycles): 
    * Summary: 
    +-----+-----+-----+-----+---------+
    |  Latency  |  Interval | Pipeline|
    | min | max | min | max |   Type  |
    +-----+-----+-----+-----+---------+
    |    ?|    ?|    ?|    ?|   none  |
    +-----+-----+-----+-----+---------+

    + Detail: 
        * Instance: 
        +---------------------+---------+-----+-------+-----+-------+---------+
        |                     |         |   Latency   |   Interval  | Pipeline|
        |       Instance      |  Module | min |  max  | min |  max  |   Type  |
        +---------------------+---------+-----+-------+-----+-------+---------+
        |grp_compute_fu_1424  |compute  |    1|  12561|    1|  12561|   none  |
        |grp_store_fu_1691    |store    |    1|   6379|    1|   6379|   none  |
        |grp_load_fu_1717     |load     |    1|   6381|    1|   6381|   none  |
        +---------------------+---------+-----+-------+-----+-------+---------+

        * Loop: 
        +--------------------+-----+-----+-----------+-----------+-----------+------+----------+
        |                    |  Latency  | Iteration |  Initiation Interval  | Trip |          |
        |      Loop Name     | min | max |  Latency  |  achieved |   target  | Count| Pipelined|
        +--------------------+-----+-----+-----------+-----------+-----------+------+----------+
        |- memset_FIFO_ptrs  |    3|    3|          1|          1|          1|     4|    yes   |
        |- burst             |    ?|    ?| 5 ~ 12565 |          -|          -|     ?|    no    |
        +--------------------+-----+-----+-----------+-----------+-----------+------+----------+



================================================================
== Utilization Estimates
================================================================
* Summary: 
+-----------------+---------+-------+--------+--------+
|       Name      | BRAM_18K| DSP48E|   FF   |   LUT  |
+-----------------+---------+-------+--------+--------+
|DSP              |        -|      -|       -|       -|
|Expression       |        -|      -|       0|    1044|
|FIFO             |        -|      -|       -|       -|
|Instance         |       60|   2316|  258264|  193433|
|Memory           |     1136|      -|       0|       0|
|Multiplexer      |        -|      -|       -|    6323|
|Register         |        -|      -|    5542|       -|
+-----------------+---------+-------+--------+--------+
|Total            |     1196|   2316|  263806|  200800|
+-----------------+---------+-------+--------+--------+
|Available        |     2940|   3600|  866400|  433200|
+-----------------+---------+-------+--------+--------+
|Utilization (%)  |       40|     64|      30|      46|
+-----------------+---------+-------+--------+--------+

+ Detail: 
    * Instance: 
    +-----------------------------------+-------------------------------+---------+-------+--------+--------+
    |              Instance             |             Module            | BRAM_18K| DSP48E|   FF   |   LUT  |
    +-----------------------------------+-------------------------------+---------+-------+--------+--------+
    |grp_compute_fu_1424                |compute                        |        0|   2316|  253125|  187778|
    |jacobi2d_kernel_control_s_axi_U    |jacobi2d_kernel_control_s_axi  |        0|      0|     500|     872|
    |jacobi2d_kernel_gmem1_m_axi_U      |jacobi2d_kernel_gmem1_m_axi    |       30|      0|    1415|    1585|
    |jacobi2d_kernel_gmem2_m_axi_U      |jacobi2d_kernel_gmem2_m_axi    |       30|      0|    1415|    1585|
    |jacobi2d_kernel_mux_42_32_1_U1244  |jacobi2d_kernel_mux_42_32_1    |        0|      0|      84|      17|
    |jacobi2d_kernel_mux_42_32_1_U1245  |jacobi2d_kernel_mux_42_32_1    |        0|      0|      84|      17|
    |jacobi2d_kernel_mux_42_32_1_U1246  |jacobi2d_kernel_mux_42_32_1    |        0|      0|      84|      17|
    |jacobi2d_kernel_mux_42_32_1_U1247  |jacobi2d_kernel_mux_42_32_1    |        0|      0|      84|      17|
    |grp_load_fu_1717                   |load                           |        0|      0|     750|     784|
    |grp_store_fu_1691                  |store                          |        0|      0|     723|     761|
    +-----------------------------------+-------------------------------+---------+-------+--------+--------+
    |Total                              |                               |       60|   2316|  258264|  193433|
    +-----------------------------------+-------------------------------+---------+-------+--------+--------+

    * DSP48: 
    N/A

    * Memory: 
    +-----------------+-----------------------------+---------+---+----+------+-----+------+-------------+
    |      Memory     |            Module           | BRAM_18K| FF| LUT| Words| Bits| Banks| W*Bits*Banks|
    +-----------------+-----------------------------+---------+---+----+------+-----+------+-------------+
    |FIFO_60_0_0_U    |jacobi2d_kernel_FIFO_60_0_0  |        1|  0|   0|    60|   32|     1|         1920|
    |FIFO_60_0_1_U    |jacobi2d_kernel_FIFO_60_0_0  |        1|  0|   0|    60|   32|     1|         1920|
    |FIFO_61_0_0_U    |jacobi2d_kernel_FIFO_61_0_0  |        1|  0|   0|    61|   32|     1|         1952|
    |FIFO_61_0_1_U    |jacobi2d_kernel_FIFO_61_0_0  |        1|  0|   0|    61|   32|     1|         1952|
    |FIFO_61_0_2_U    |jacobi2d_kernel_FIFO_61_0_0  |        1|  0|   0|    61|   32|     1|         1952|
    |FIFO_61_0_3_U    |jacobi2d_kernel_FIFO_61_0_0  |        1|  0|   0|    61|   32|     1|         1952|
    |FIFO_61_0_4_U    |jacobi2d_kernel_FIFO_61_0_0  |        1|  0|   0|    61|   32|     1|         1952|
    |FIFO_61_0_5_U    |jacobi2d_kernel_FIFO_61_0_0  |        1|  0|   0|    61|   32|     1|         1952|
    |FIFO_61_0_6_U    |jacobi2d_kernel_FIFO_61_0_0  |        1|  0|   0|    61|   32|     1|         1952|
    |FIFO_61_0_7_U    |jacobi2d_kernel_FIFO_61_0_0  |        1|  0|   0|    61|   32|     1|         1952|
    |FIFO_61_0_8_U    |jacobi2d_kernel_FIFO_61_0_0  |        1|  0|   0|    61|   32|     1|         1952|
    |FIFO_61_0_9_U    |jacobi2d_kernel_FIFO_61_0_0  |        1|  0|   0|    61|   32|     1|         1952|
    |FIFO_61_0_10_U   |jacobi2d_kernel_FIFO_61_0_0  |        1|  0|   0|    61|   32|     1|         1952|
    |FIFO_61_0_11_U   |jacobi2d_kernel_FIFO_61_0_0  |        1|  0|   0|    61|   32|     1|         1952|
    |FIFO_61_0_12_U   |jacobi2d_kernel_FIFO_61_0_0  |        1|  0|   0|    61|   32|     1|         1952|
    |FIFO_61_0_13_U   |jacobi2d_kernel_FIFO_61_0_0  |        1|  0|   0|    61|   32|     1|         1952|
    |FIFO_61_0_14_U   |jacobi2d_kernel_FIFO_61_0_0  |        1|  0|   0|    61|   32|     1|         1952|
    |FIFO_61_0_15_U   |jacobi2d_kernel_FIFO_61_0_0  |        1|  0|   0|    61|   32|     1|         1952|
    |FIFO_61_0_16_U   |jacobi2d_kernel_FIFO_61_0_0  |        1|  0|   0|    61|   32|     1|         1952|
    |FIFO_61_0_17_U   |jacobi2d_kernel_FIFO_61_0_0  |        1|  0|   0|    61|   32|     1|         1952|
    |FIFO_61_0_18_U   |jacobi2d_kernel_FIFO_61_0_0  |        1|  0|   0|    61|   32|     1|         1952|
    |FIFO_61_0_19_U   |jacobi2d_kernel_FIFO_61_0_0  |        1|  0|   0|    61|   32|     1|         1952|
    |FIFO_61_0_20_U   |jacobi2d_kernel_FIFO_61_0_0  |        1|  0|   0|    61|   32|     1|         1952|
    |FIFO_61_0_21_U   |jacobi2d_kernel_FIFO_61_0_0  |        1|  0|   0|    61|   32|     1|         1952|
    |FIFO_61_0_22_U   |jacobi2d_kernel_FIFO_61_0_0  |        1|  0|   0|    61|   32|     1|         1952|
    |FIFO_61_0_23_U   |jacobi2d_kernel_FIFO_61_0_0  |        1|  0|   0|    61|   32|     1|         1952|
    |FIFO_61_0_24_U   |jacobi2d_kernel_FIFO_61_0_0  |        1|  0|   0|    61|   32|     1|         1952|
    |FIFO_61_0_25_U   |jacobi2d_kernel_FIFO_61_0_0  |        1|  0|   0|    61|   32|     1|         1952|
    |FIFO_61_0_26_U   |jacobi2d_kernel_FIFO_61_0_0  |        1|  0|   0|    61|   32|     1|         1952|
    |FIFO_61_0_27_U   |jacobi2d_kernel_FIFO_61_0_0  |        1|  0|   0|    61|   32|     1|         1952|
    |FIFO_61_0_28_U   |jacobi2d_kernel_FIFO_61_0_0  |        1|  0|   0|    61|   32|     1|         1952|
    |FIFO_61_0_29_U   |jacobi2d_kernel_FIFO_61_0_0  |        1|  0|   0|    61|   32|     1|         1952|
    |FIFO_61_0_30_U   |jacobi2d_kernel_FIFO_61_0_0  |        1|  0|   0|    61|   32|     1|         1952|
    |FIFO_61_0_31_U   |jacobi2d_kernel_FIFO_61_0_0  |        1|  0|   0|    61|   32|     1|         1952|
    |FIFO_61_0_32_U   |jacobi2d_kernel_FIFO_61_0_0  |        1|  0|   0|    61|   32|     1|         1952|
    |FIFO_61_0_33_U   |jacobi2d_kernel_FIFO_61_0_0  |        1|  0|   0|    61|   32|     1|         1952|
    |FIFO_61_0_34_U   |jacobi2d_kernel_FIFO_61_0_0  |        1|  0|   0|    61|   32|     1|         1952|
    |FIFO_61_0_35_U   |jacobi2d_kernel_FIFO_61_0_0  |        1|  0|   0|    61|   32|     1|         1952|
    |FIFO_61_0_36_U   |jacobi2d_kernel_FIFO_61_0_0  |        1|  0|   0|    61|   32|     1|         1952|
    |FIFO_61_0_37_U   |jacobi2d_kernel_FIFO_61_0_0  |        1|  0|   0|    61|   32|     1|         1952|
    |FIFO_61_0_38_U   |jacobi2d_kernel_FIFO_61_0_0  |        1|  0|   0|    61|   32|     1|         1952|
    |FIFO_61_0_39_U   |jacobi2d_kernel_FIFO_61_0_0  |        1|  0|   0|    61|   32|     1|         1952|
    |FIFO_61_0_40_U   |jacobi2d_kernel_FIFO_61_0_0  |        1|  0|   0|    61|   32|     1|         1952|
    |FIFO_61_0_41_U   |jacobi2d_kernel_FIFO_61_0_0  |        1|  0|   0|    61|   32|     1|         1952|
    |FIFO_61_0_42_U   |jacobi2d_kernel_FIFO_61_0_0  |        1|  0|   0|    61|   32|     1|         1952|
    |FIFO_61_0_43_U   |jacobi2d_kernel_FIFO_61_0_0  |        1|  0|   0|    61|   32|     1|         1952|
    |FIFO_61_0_44_U   |jacobi2d_kernel_FIFO_61_0_0  |        1|  0|   0|    61|   32|     1|         1952|
    |FIFO_61_0_45_U   |jacobi2d_kernel_FIFO_61_0_0  |        1|  0|   0|    61|   32|     1|         1952|
    |FIFO_62_0_0_U    |jacobi2d_kernel_FIFO_62_0_0  |        1|  0|   0|    62|   32|     1|         1984|
    |FIFO_62_0_1_U    |jacobi2d_kernel_FIFO_62_0_0  |        1|  0|   0|    62|   32|     1|         1984|
    |FIFO_62_0_2_U    |jacobi2d_kernel_FIFO_62_0_0  |        1|  0|   0|    62|   32|     1|         1984|
    |FIFO_62_0_3_U    |jacobi2d_kernel_FIFO_62_0_0  |        1|  0|   0|    62|   32|     1|         1984|
    |FIFO_62_0_4_U    |jacobi2d_kernel_FIFO_62_0_0  |        1|  0|   0|    62|   32|     1|         1984|
    |FIFO_62_0_5_U    |jacobi2d_kernel_FIFO_62_0_0  |        1|  0|   0|    62|   32|     1|         1984|
    |FIFO_62_0_6_U    |jacobi2d_kernel_FIFO_62_0_0  |        1|  0|   0|    62|   32|     1|         1984|
    |FIFO_62_0_7_U    |jacobi2d_kernel_FIFO_62_0_0  |        1|  0|   0|    62|   32|     1|         1984|
    |FIFO_62_0_8_U    |jacobi2d_kernel_FIFO_62_0_0  |        1|  0|   0|    62|   32|     1|         1984|
    |FIFO_62_0_9_U    |jacobi2d_kernel_FIFO_62_0_0  |        1|  0|   0|    62|   32|     1|         1984|
    |FIFO_62_0_10_U   |jacobi2d_kernel_FIFO_62_0_0  |        1|  0|   0|    62|   32|     1|         1984|
    |FIFO_62_0_11_U   |jacobi2d_kernel_FIFO_62_0_0  |        1|  0|   0|    62|   32|     1|         1984|
    |FIFO_62_0_12_U   |jacobi2d_kernel_FIFO_62_0_0  |        1|  0|   0|    62|   32|     1|         1984|
    |FIFO_62_0_13_U   |jacobi2d_kernel_FIFO_62_0_0  |        1|  0|   0|    62|   32|     1|         1984|
    |FIFO_62_0_14_U   |jacobi2d_kernel_FIFO_62_0_0  |        1|  0|   0|    62|   32|     1|         1984|
    |FIFO_62_0_15_U   |jacobi2d_kernel_FIFO_62_0_0  |        1|  0|   0|    62|   32|     1|         1984|
    |FIFO_62_0_16_U   |jacobi2d_kernel_FIFO_62_0_0  |        1|  0|   0|    62|   32|     1|         1984|
    |FIFO_62_0_17_U   |jacobi2d_kernel_FIFO_62_0_0  |        1|  0|   0|    62|   32|     1|         1984|
    |FIFO_62_0_18_U   |jacobi2d_kernel_FIFO_62_0_0  |        1|  0|   0|    62|   32|     1|         1984|
    |FIFO_62_0_19_U   |jacobi2d_kernel_FIFO_62_0_0  |        1|  0|   0|    62|   32|     1|         1984|
    |FIFO_62_0_20_U   |jacobi2d_kernel_FIFO_62_0_0  |        1|  0|   0|    62|   32|     1|         1984|
    |FIFO_62_0_21_U   |jacobi2d_kernel_FIFO_62_0_0  |        1|  0|   0|    62|   32|     1|         1984|
    |FIFO_62_0_22_U   |jacobi2d_kernel_FIFO_62_0_0  |        1|  0|   0|    62|   32|     1|         1984|
    |FIFO_62_0_23_U   |jacobi2d_kernel_FIFO_62_0_0  |        1|  0|   0|    62|   32|     1|         1984|
    |FIFO_62_0_24_U   |jacobi2d_kernel_FIFO_62_0_0  |        1|  0|   0|    62|   32|     1|         1984|
    |FIFO_62_0_25_U   |jacobi2d_kernel_FIFO_62_0_0  |        1|  0|   0|    62|   32|     1|         1984|
    |FIFO_62_0_26_U   |jacobi2d_kernel_FIFO_62_0_0  |        1|  0|   0|    62|   32|     1|         1984|
    |FIFO_62_0_27_U   |jacobi2d_kernel_FIFO_62_0_0  |        1|  0|   0|    62|   32|     1|         1984|
    |FIFO_62_0_28_U   |jacobi2d_kernel_FIFO_62_0_0  |        1|  0|   0|    62|   32|     1|         1984|
    |FIFO_62_0_29_U   |jacobi2d_kernel_FIFO_62_0_0  |        1|  0|   0|    62|   32|     1|         1984|
    |FIFO_62_0_30_U   |jacobi2d_kernel_FIFO_62_0_0  |        1|  0|   0|    62|   32|     1|         1984|
    |FIFO_62_0_31_U   |jacobi2d_kernel_FIFO_62_0_0  |        1|  0|   0|    62|   32|     1|         1984|
    |FIFO_62_0_32_U   |jacobi2d_kernel_FIFO_62_0_0  |        1|  0|   0|    62|   32|     1|         1984|
    |FIFO_62_0_33_U   |jacobi2d_kernel_FIFO_62_0_0  |        1|  0|   0|    62|   32|     1|         1984|
    |FIFO_62_0_34_U   |jacobi2d_kernel_FIFO_62_0_0  |        1|  0|   0|    62|   32|     1|         1984|
    |FIFO_62_0_35_U   |jacobi2d_kernel_FIFO_62_0_0  |        1|  0|   0|    62|   32|     1|         1984|
    |FIFO_62_0_36_U   |jacobi2d_kernel_FIFO_62_0_0  |        1|  0|   0|    62|   32|     1|         1984|
    |FIFO_62_0_37_U   |jacobi2d_kernel_FIFO_62_0_0  |        1|  0|   0|    62|   32|     1|         1984|
    |FIFO_62_0_38_U   |jacobi2d_kernel_FIFO_62_0_0  |        1|  0|   0|    62|   32|     1|         1984|
    |FIFO_62_0_39_U   |jacobi2d_kernel_FIFO_62_0_0  |        1|  0|   0|    62|   32|     1|         1984|
    |FIFO_62_0_40_U   |jacobi2d_kernel_FIFO_62_0_0  |        1|  0|   0|    62|   32|     1|         1984|
    |FIFO_62_0_41_U   |jacobi2d_kernel_FIFO_62_0_0  |        1|  0|   0|    62|   32|     1|         1984|
    |FIFO_62_0_42_U   |jacobi2d_kernel_FIFO_62_0_0  |        1|  0|   0|    62|   32|     1|         1984|
    |FIFO_62_0_43_U   |jacobi2d_kernel_FIFO_62_0_0  |        1|  0|   0|    62|   32|     1|         1984|
    |FIFO_62_0_44_U   |jacobi2d_kernel_FIFO_62_0_0  |        1|  0|   0|    62|   32|     1|         1984|
    |FIFO_62_0_45_U   |jacobi2d_kernel_FIFO_62_0_0  |        1|  0|   0|    62|   32|     1|         1984|
    |FIFO_62_0_46_U   |jacobi2d_kernel_FIFO_62_0_0  |        1|  0|   0|    62|   32|     1|         1984|
    |FIFO_62_0_47_U   |jacobi2d_kernel_FIFO_62_0_0  |        1|  0|   0|    62|   32|     1|         1984|
    |FIFO_62_0_48_U   |jacobi2d_kernel_FIFO_62_0_0  |        1|  0|   0|    62|   32|     1|         1984|
    |FIFO_62_0_49_U   |jacobi2d_kernel_FIFO_62_0_0  |        1|  0|   0|    62|   32|     1|         1984|
    |FIFO_62_0_50_U   |jacobi2d_kernel_FIFO_62_0_0  |        1|  0|   0|    62|   32|     1|         1984|
    |FIFO_62_0_51_U   |jacobi2d_kernel_FIFO_62_0_0  |        1|  0|   0|    62|   32|     1|         1984|
    |FIFO_62_0_52_U   |jacobi2d_kernel_FIFO_62_0_0  |        1|  0|   0|    62|   32|     1|         1984|
    |FIFO_62_0_53_U   |jacobi2d_kernel_FIFO_62_0_0  |        1|  0|   0|    62|   32|     1|         1984|
    |FIFO_62_0_54_U   |jacobi2d_kernel_FIFO_62_0_0  |        1|  0|   0|    62|   32|     1|         1984|
    |FIFO_62_0_55_U   |jacobi2d_kernel_FIFO_62_0_0  |        1|  0|   0|    62|   32|     1|         1984|
    |FIFO_63_0_0_U    |jacobi2d_kernel_FIFO_63_0_0  |        1|  0|   0|    63|   32|     1|         2016|
    |FIFO_63_0_1_U    |jacobi2d_kernel_FIFO_63_0_0  |        1|  0|   0|    63|   32|     1|         2016|
    |FIFO_63_0_2_U    |jacobi2d_kernel_FIFO_63_0_0  |        1|  0|   0|    63|   32|     1|         2016|
    |FIFO_63_0_3_U    |jacobi2d_kernel_FIFO_63_0_0  |        1|  0|   0|    63|   32|     1|         2016|
    |FIFO_63_0_4_U    |jacobi2d_kernel_FIFO_63_0_0  |        1|  0|   0|    63|   32|     1|         2016|
    |FIFO_63_0_5_U    |jacobi2d_kernel_FIFO_63_0_0  |        1|  0|   0|    63|   32|     1|         2016|
    |FIFO_63_0_6_U    |jacobi2d_kernel_FIFO_63_0_0  |        1|  0|   0|    63|   32|     1|         2016|
    |FIFO_63_0_7_U    |jacobi2d_kernel_FIFO_63_0_0  |        1|  0|   0|    63|   32|     1|         2016|
    |input_0_0_0_U    |jacobi2d_kernel_input_0_0_0  |       16|  0|   0|  6252|   32|     1|       200064|
    |input_0_0_1_U    |jacobi2d_kernel_input_0_0_0  |       16|  0|   0|  6252|   32|     1|       200064|
    |input_0_0_2_U    |jacobi2d_kernel_input_0_0_0  |       16|  0|   0|  6252|   32|     1|       200064|
    |input_0_0_3_U    |jacobi2d_kernel_input_0_0_0  |       16|  0|   0|  6252|   32|     1|       200064|
    |input_0_0_4_U    |jacobi2d_kernel_input_0_0_0  |       16|  0|   0|  6252|   32|     1|       200064|
    |input_0_0_5_U    |jacobi2d_kernel_input_0_0_0  |       16|  0|   0|  6252|   32|     1|       200064|
    |input_0_0_6_U    |jacobi2d_kernel_input_0_0_0  |       16|  0|   0|  6252|   32|     1|       200064|
    |input_0_0_7_U    |jacobi2d_kernel_input_0_0_0  |       16|  0|   0|  6252|   32|     1|       200064|
    |input_0_0_8_U    |jacobi2d_kernel_input_0_0_0  |       16|  0|   0|  6252|   32|     1|       200064|
    |input_0_0_9_U    |jacobi2d_kernel_input_0_0_0  |       16|  0|   0|  6252|   32|     1|       200064|
    |input_0_0_10_U   |jacobi2d_kernel_input_0_0_0  |       16|  0|   0|  6252|   32|     1|       200064|
    |input_0_0_11_U   |jacobi2d_kernel_input_0_0_0  |       16|  0|   0|  6252|   32|     1|       200064|
    |input_0_0_12_U   |jacobi2d_kernel_input_0_0_0  |       16|  0|   0|  6252|   32|     1|       200064|
    |input_0_0_13_U   |jacobi2d_kernel_input_0_0_0  |       16|  0|   0|  6252|   32|     1|       200064|
    |input_0_0_14_U   |jacobi2d_kernel_input_0_0_0  |       16|  0|   0|  6252|   32|     1|       200064|
    |input_0_0_15_U   |jacobi2d_kernel_input_0_0_0  |       16|  0|   0|  6252|   32|     1|       200064|
    |input_1_0_0_U    |jacobi2d_kernel_input_0_0_0  |       16|  0|   0|  6252|   32|     1|       200064|
    |input_1_0_1_U    |jacobi2d_kernel_input_0_0_0  |       16|  0|   0|  6252|   32|     1|       200064|
    |input_1_0_2_U    |jacobi2d_kernel_input_0_0_0  |       16|  0|   0|  6252|   32|     1|       200064|
    |input_1_0_3_U    |jacobi2d_kernel_input_0_0_0  |       16|  0|   0|  6252|   32|     1|       200064|
    |input_1_0_4_U    |jacobi2d_kernel_input_0_0_0  |       16|  0|   0|  6252|   32|     1|       200064|
    |input_1_0_5_U    |jacobi2d_kernel_input_0_0_0  |       16|  0|   0|  6252|   32|     1|       200064|
    |input_1_0_6_U    |jacobi2d_kernel_input_0_0_0  |       16|  0|   0|  6252|   32|     1|       200064|
    |input_1_0_7_U    |jacobi2d_kernel_input_0_0_0  |       16|  0|   0|  6252|   32|     1|       200064|
    |input_1_0_8_U    |jacobi2d_kernel_input_0_0_0  |       16|  0|   0|  6252|   32|     1|       200064|
    |input_1_0_9_U    |jacobi2d_kernel_input_0_0_0  |       16|  0|   0|  6252|   32|     1|       200064|
    |input_1_0_10_U   |jacobi2d_kernel_input_0_0_0  |       16|  0|   0|  6252|   32|     1|       200064|
    |input_1_0_11_U   |jacobi2d_kernel_input_0_0_0  |       16|  0|   0|  6252|   32|     1|       200064|
    |input_1_0_12_U   |jacobi2d_kernel_input_0_0_0  |       16|  0|   0|  6252|   32|     1|       200064|
    |input_1_0_13_U   |jacobi2d_kernel_input_0_0_0  |       16|  0|   0|  6252|   32|     1|       200064|
    |input_1_0_14_U   |jacobi2d_kernel_input_0_0_0  |       16|  0|   0|  6252|   32|     1|       200064|
    |input_1_0_15_U   |jacobi2d_kernel_input_0_0_0  |       16|  0|   0|  6252|   32|     1|       200064|
    |output_0_0_0_U   |jacobi2d_kernel_input_0_0_0  |       16|  0|   0|  6252|   32|     1|       200064|
    |output_0_0_1_U   |jacobi2d_kernel_input_0_0_0  |       16|  0|   0|  6252|   32|     1|       200064|
    |output_0_0_2_U   |jacobi2d_kernel_input_0_0_0  |       16|  0|   0|  6252|   32|     1|       200064|
    |output_0_0_3_U   |jacobi2d_kernel_input_0_0_0  |       16|  0|   0|  6252|   32|     1|       200064|
    |output_0_0_4_U   |jacobi2d_kernel_input_0_0_0  |       16|  0|   0|  6252|   32|     1|       200064|
    |output_0_0_5_U   |jacobi2d_kernel_input_0_0_0  |       16|  0|   0|  6252|   32|     1|       200064|
    |output_0_0_6_U   |jacobi2d_kernel_input_0_0_0  |       16|  0|   0|  6252|   32|     1|       200064|
    |output_0_0_7_U   |jacobi2d_kernel_input_0_0_0  |       16|  0|   0|  6252|   32|     1|       200064|
    |output_0_0_8_U   |jacobi2d_kernel_input_0_0_0  |       16|  0|   0|  6252|   32|     1|       200064|
    |output_0_0_9_U   |jacobi2d_kernel_input_0_0_0  |       16|  0|   0|  6252|   32|     1|       200064|
    |output_0_0_10_U  |jacobi2d_kernel_input_0_0_0  |       16|  0|   0|  6252|   32|     1|       200064|
    |output_0_0_11_U  |jacobi2d_kernel_input_0_0_0  |       16|  0|   0|  6252|   32|     1|       200064|
    |output_0_0_12_U  |jacobi2d_kernel_input_0_0_0  |       16|  0|   0|  6252|   32|     1|       200064|
    |output_0_0_13_U  |jacobi2d_kernel_input_0_0_0  |       16|  0|   0|  6252|   32|     1|       200064|
    |output_0_0_14_U  |jacobi2d_kernel_input_0_0_0  |       16|  0|   0|  6252|   32|     1|       200064|
    |output_0_0_15_U  |jacobi2d_kernel_input_0_0_0  |       16|  0|   0|  6252|   32|     1|       200064|
    |output_1_0_0_U   |jacobi2d_kernel_input_0_0_0  |       16|  0|   0|  6252|   32|     1|       200064|
    |output_1_0_1_U   |jacobi2d_kernel_input_0_0_0  |       16|  0|   0|  6252|   32|     1|       200064|
    |output_1_0_2_U   |jacobi2d_kernel_input_0_0_0  |       16|  0|   0|  6252|   32|     1|       200064|
    |output_1_0_3_U   |jacobi2d_kernel_input_0_0_0  |       16|  0|   0|  6252|   32|     1|       200064|
    |output_1_0_4_U   |jacobi2d_kernel_input_0_0_0  |       16|  0|   0|  6252|   32|     1|       200064|
    |output_1_0_5_U   |jacobi2d_kernel_input_0_0_0  |       16|  0|   0|  6252|   32|     1|       200064|
    |output_1_0_6_U   |jacobi2d_kernel_input_0_0_0  |       16|  0|   0|  6252|   32|     1|       200064|
    |output_1_0_7_U   |jacobi2d_kernel_input_0_0_0  |       16|  0|   0|  6252|   32|     1|       200064|
    |output_1_0_8_U   |jacobi2d_kernel_input_0_0_0  |       16|  0|   0|  6252|   32|     1|       200064|
    |output_1_0_9_U   |jacobi2d_kernel_input_0_0_0  |       16|  0|   0|  6252|   32|     1|       200064|
    |output_1_0_10_U  |jacobi2d_kernel_input_0_0_0  |       16|  0|   0|  6252|   32|     1|       200064|
    |output_1_0_11_U  |jacobi2d_kernel_input_0_0_0  |       16|  0|   0|  6252|   32|     1|       200064|
    |output_1_0_12_U  |jacobi2d_kernel_input_0_0_0  |       16|  0|   0|  6252|   32|     1|       200064|
    |output_1_0_13_U  |jacobi2d_kernel_input_0_0_0  |       16|  0|   0|  6252|   32|     1|       200064|
    |output_1_0_14_U  |jacobi2d_kernel_input_0_0_0  |       16|  0|   0|  6252|   32|     1|       200064|
    |output_1_0_15_U  |jacobi2d_kernel_input_0_0_0  |       16|  0|   0|  6252|   32|     1|       200064|
    +-----------------+-----------------------------+---------+---+----+------+-----+------+-------------+
    |Total            |                             |     1136|  0|   0|407030| 5632|   176|     13024960|
    +-----------------+-----------------------------+---------+---+----+------+-----+------+-------------+

    * FIFO: 
    N/A

    * Expression: 
    +-----------------------------------+----------+-------+---+----+------------+------------+
    |           Variable Name           | Operation| DSP48E| FF| LUT| Bitwidth P0| Bitwidth P1|
    +-----------------------------------+----------+-------+---+----+------------+------------+
    |burst_index_in_total_1_fu_2172_p2  |     +    |      0|  0|  38|           1|          31|
    |burst_index_load_1_fu_2276_p2      |     +    |      0|  0|  39|          32|           1|
    |burst_index_store_1_fu_2306_p2     |     +    |      0|  0|  39|          32|           1|
    |indvarinc_fu_1955_p2               |     +    |      0|  0|  10|           2|           1|
    |p_01_idx2_01_idx1_fu_2342_p2       |     +    |      0|  0|  71|          64|          64|
    |p_0_idx2_0_idx1_fu_2361_p2         |     +    |      0|  0|  71|          64|          64|
    |tmp_8_fu_2043_p2                   |     +    |      0|  0|  39|          32|           2|
    |tmp_9_fu_2048_p2                   |     +    |      0|  0|  39|          32|           1|
    |p_sum4_fu_2053_p2                  |     -    |      0|  0|  71|          13|          64|
    |p_sum_fu_2058_p2                   |     -    |      0|  0|  71|          13|          64|
    |compute_flag_fu_2194_p2            |    and   |      0|  0|   8|           1|           1|
    |load_flag_fu_2178_p2               |   icmp   |      0|  0|  18|          32|          32|
    |store_flag_fu_2210_p2              |   icmp   |      0|  0|  18|          30|           1|
    |tmp_1_fu_2167_p2                   |   icmp   |      0|  0|  18|          32|          32|
    |tmp_2_fu_2183_p2                   |   icmp   |      0|  0|  18|          31|           1|
    |tmp_3_fu_2189_p2                   |   icmp   |      0|  0|  18|          32|          32|
    |tmp_5_fu_2316_p2                   |   icmp   |      0|  0|  29|          64|          64|
    |tmp_7_fu_2286_p2                   |   icmp   |      0|  0|  29|          64|          64|
    |tmp_s_fu_2017_p2                   |   icmp   |      0|  0|   8|           2|           2|
    |ap_block_state6_on_subcall_done    |    or    |      0|  0|   8|           1|           1|
    |burst_index_load_2_fu_2299_p3      |  select  |      0|  0|  32|           1|          32|
    |burst_index_store_2_fu_2329_p3     |  select  |      0|  0|  32|           1|          32|
    |p_01_idx2_01_idx1_v_fu_2336_p3     |  select  |      0|  0|  64|           1|          64|
    |p_0_idx2_0_idx1_v_fu_2355_p3       |  select  |      0|  0|  64|           1|          64|
    |p_23_idx_fu_2348_p3                |  select  |      0|  0|  64|           1|          64|
    |p_2_idx_fu_2367_p3                 |  select  |      0|  0|  64|           1|          64|
    |p_burst_index_load_1_fu_2291_p3    |  select  |      0|  0|  32|           1|           1|
    |p_burst_index_store_1_fu_2321_p3   |  select  |      0|  0|  32|           1|           1|
    +-----------------------------------+----------+-------+---+----+------------+------------+
    |Total                              |          |      0|  0|1044|         582|         845|
    +-----------------------------------+----------+-------+---+----+------------+------------+

    * Multiplexer: 
    +---------------------------------+----+-----------+-----+-----------+
    |               Name              | LUT| Input Size| Bits| Total Bits|
    +---------------------------------+----+-----------+-----+-----------+
    |FIFO_60_0_0_ce0                  |   9|          2|    1|          2|
    |FIFO_60_0_0_ce1                  |   9|          2|    1|          2|
    |FIFO_60_0_0_we1                  |   9|          2|    1|          2|
    |FIFO_60_0_1_ce0                  |   9|          2|    1|          2|
    |FIFO_60_0_1_ce1                  |   9|          2|    1|          2|
    |FIFO_60_0_1_we1                  |   9|          2|    1|          2|
    |FIFO_61_0_0_ce0                  |   9|          2|    1|          2|
    |FIFO_61_0_0_ce1                  |   9|          2|    1|          2|
    |FIFO_61_0_0_we1                  |   9|          2|    1|          2|
    |FIFO_61_0_10_ce0                 |   9|          2|    1|          2|
    |FIFO_61_0_10_ce1                 |   9|          2|    1|          2|
    |FIFO_61_0_10_we1                 |   9|          2|    1|          2|
    |FIFO_61_0_11_ce0                 |   9|          2|    1|          2|
    |FIFO_61_0_11_ce1                 |   9|          2|    1|          2|
    |FIFO_61_0_11_we1                 |   9|          2|    1|          2|
    |FIFO_61_0_12_ce0                 |   9|          2|    1|          2|
    |FIFO_61_0_12_ce1                 |   9|          2|    1|          2|
    |FIFO_61_0_12_we1                 |   9|          2|    1|          2|
    |FIFO_61_0_13_ce0                 |   9|          2|    1|          2|
    |FIFO_61_0_13_ce1                 |   9|          2|    1|          2|
    |FIFO_61_0_13_we1                 |   9|          2|    1|          2|
    |FIFO_61_0_14_ce0                 |   9|          2|    1|          2|
    |FIFO_61_0_14_ce1                 |   9|          2|    1|          2|
    |FIFO_61_0_14_we1                 |   9|          2|    1|          2|
    |FIFO_61_0_15_ce0                 |   9|          2|    1|          2|
    |FIFO_61_0_15_ce1                 |   9|          2|    1|          2|
    |FIFO_61_0_15_we1                 |   9|          2|    1|          2|
    |FIFO_61_0_16_ce0                 |   9|          2|    1|          2|
    |FIFO_61_0_16_ce1                 |   9|          2|    1|          2|
    |FIFO_61_0_16_we1                 |   9|          2|    1|          2|
    |FIFO_61_0_17_ce0                 |   9|          2|    1|          2|
    |FIFO_61_0_17_ce1                 |   9|          2|    1|          2|
    |FIFO_61_0_17_we1                 |   9|          2|    1|          2|
    |FIFO_61_0_18_ce0                 |   9|          2|    1|          2|
    |FIFO_61_0_18_ce1                 |   9|          2|    1|          2|
    |FIFO_61_0_18_we1                 |   9|          2|    1|          2|
    |FIFO_61_0_19_ce0                 |   9|          2|    1|          2|
    |FIFO_61_0_19_ce1                 |   9|          2|    1|          2|
    |FIFO_61_0_19_we1                 |   9|          2|    1|          2|
    |FIFO_61_0_1_ce0                  |   9|          2|    1|          2|
    |FIFO_61_0_1_ce1                  |   9|          2|    1|          2|
    |FIFO_61_0_1_we1                  |   9|          2|    1|          2|
    |FIFO_61_0_20_ce0                 |   9|          2|    1|          2|
    |FIFO_61_0_20_ce1                 |   9|          2|    1|          2|
    |FIFO_61_0_20_we1                 |   9|          2|    1|          2|
    |FIFO_61_0_21_ce0                 |   9|          2|    1|          2|
    |FIFO_61_0_21_ce1                 |   9|          2|    1|          2|
    |FIFO_61_0_21_we1                 |   9|          2|    1|          2|
    |FIFO_61_0_22_ce0                 |   9|          2|    1|          2|
    |FIFO_61_0_22_ce1                 |   9|          2|    1|          2|
    |FIFO_61_0_22_we1                 |   9|          2|    1|          2|
    |FIFO_61_0_23_ce0                 |   9|          2|    1|          2|
    |FIFO_61_0_23_ce1                 |   9|          2|    1|          2|
    |FIFO_61_0_23_we1                 |   9|          2|    1|          2|
    |FIFO_61_0_24_ce0                 |   9|          2|    1|          2|
    |FIFO_61_0_24_ce1                 |   9|          2|    1|          2|
    |FIFO_61_0_24_we1                 |   9|          2|    1|          2|
    |FIFO_61_0_25_ce0                 |   9|          2|    1|          2|
    |FIFO_61_0_25_ce1                 |   9|          2|    1|          2|
    |FIFO_61_0_25_we1                 |   9|          2|    1|          2|
    |FIFO_61_0_26_ce0                 |   9|          2|    1|          2|
    |FIFO_61_0_26_ce1                 |   9|          2|    1|          2|
    |FIFO_61_0_26_we1                 |   9|          2|    1|          2|
    |FIFO_61_0_27_ce0                 |   9|          2|    1|          2|
    |FIFO_61_0_27_ce1                 |   9|          2|    1|          2|
    |FIFO_61_0_27_we1                 |   9|          2|    1|          2|
    |FIFO_61_0_28_ce0                 |   9|          2|    1|          2|
    |FIFO_61_0_28_ce1                 |   9|          2|    1|          2|
    |FIFO_61_0_28_we1                 |   9|          2|    1|          2|
    |FIFO_61_0_29_ce0                 |   9|          2|    1|          2|
    |FIFO_61_0_29_ce1                 |   9|          2|    1|          2|
    |FIFO_61_0_29_we1                 |   9|          2|    1|          2|
    |FIFO_61_0_2_ce0                  |   9|          2|    1|          2|
    |FIFO_61_0_2_ce1                  |   9|          2|    1|          2|
    |FIFO_61_0_2_we1                  |   9|          2|    1|          2|
    |FIFO_61_0_30_ce0                 |   9|          2|    1|          2|
    |FIFO_61_0_30_ce1                 |   9|          2|    1|          2|
    |FIFO_61_0_30_we1                 |   9|          2|    1|          2|
    |FIFO_61_0_31_ce0                 |   9|          2|    1|          2|
    |FIFO_61_0_31_ce1                 |   9|          2|    1|          2|
    |FIFO_61_0_31_we1                 |   9|          2|    1|          2|
    |FIFO_61_0_32_ce0                 |   9|          2|    1|          2|
    |FIFO_61_0_32_ce1                 |   9|          2|    1|          2|
    |FIFO_61_0_32_we1                 |   9|          2|    1|          2|
    |FIFO_61_0_33_ce0                 |   9|          2|    1|          2|
    |FIFO_61_0_33_ce1                 |   9|          2|    1|          2|
    |FIFO_61_0_33_we1                 |   9|          2|    1|          2|
    |FIFO_61_0_34_ce0                 |   9|          2|    1|          2|
    |FIFO_61_0_34_ce1                 |   9|          2|    1|          2|
    |FIFO_61_0_34_we1                 |   9|          2|    1|          2|
    |FIFO_61_0_35_ce0                 |   9|          2|    1|          2|
    |FIFO_61_0_35_ce1                 |   9|          2|    1|          2|
    |FIFO_61_0_35_we1                 |   9|          2|    1|          2|
    |FIFO_61_0_36_ce0                 |   9|          2|    1|          2|
    |FIFO_61_0_36_ce1                 |   9|          2|    1|          2|
    |FIFO_61_0_36_we1                 |   9|          2|    1|          2|
    |FIFO_61_0_37_ce0                 |   9|          2|    1|          2|
    |FIFO_61_0_37_ce1                 |   9|          2|    1|          2|
    |FIFO_61_0_37_we1                 |   9|          2|    1|          2|
    |FIFO_61_0_38_ce0                 |   9|          2|    1|          2|
    |FIFO_61_0_38_ce1                 |   9|          2|    1|          2|
    |FIFO_61_0_38_we1                 |   9|          2|    1|          2|
    |FIFO_61_0_39_ce0                 |   9|          2|    1|          2|
    |FIFO_61_0_39_ce1                 |   9|          2|    1|          2|
    |FIFO_61_0_39_we1                 |   9|          2|    1|          2|
    |FIFO_61_0_3_ce0                  |   9|          2|    1|          2|
    |FIFO_61_0_3_ce1                  |   9|          2|    1|          2|
    |FIFO_61_0_3_we1                  |   9|          2|    1|          2|
    |FIFO_61_0_40_ce0                 |   9|          2|    1|          2|
    |FIFO_61_0_40_ce1                 |   9|          2|    1|          2|
    |FIFO_61_0_40_we1                 |   9|          2|    1|          2|
    |FIFO_61_0_41_ce0                 |   9|          2|    1|          2|
    |FIFO_61_0_41_ce1                 |   9|          2|    1|          2|
    |FIFO_61_0_41_we1                 |   9|          2|    1|          2|
    |FIFO_61_0_42_ce0                 |   9|          2|    1|          2|
    |FIFO_61_0_42_ce1                 |   9|          2|    1|          2|
    |FIFO_61_0_42_we1                 |   9|          2|    1|          2|
    |FIFO_61_0_43_ce0                 |   9|          2|    1|          2|
    |FIFO_61_0_43_ce1                 |   9|          2|    1|          2|
    |FIFO_61_0_43_we1                 |   9|          2|    1|          2|
    |FIFO_61_0_44_ce0                 |   9|          2|    1|          2|
    |FIFO_61_0_44_ce1                 |   9|          2|    1|          2|
    |FIFO_61_0_44_we1                 |   9|          2|    1|          2|
    |FIFO_61_0_45_ce0                 |   9|          2|    1|          2|
    |FIFO_61_0_45_ce1                 |   9|          2|    1|          2|
    |FIFO_61_0_45_we1                 |   9|          2|    1|          2|
    |FIFO_61_0_4_ce0                  |   9|          2|    1|          2|
    |FIFO_61_0_4_ce1                  |   9|          2|    1|          2|
    |FIFO_61_0_4_we1                  |   9|          2|    1|          2|
    |FIFO_61_0_5_ce0                  |   9|          2|    1|          2|
    |FIFO_61_0_5_ce1                  |   9|          2|    1|          2|
    |FIFO_61_0_5_we1                  |   9|          2|    1|          2|
    |FIFO_61_0_6_ce0                  |   9|          2|    1|          2|
    |FIFO_61_0_6_ce1                  |   9|          2|    1|          2|
    |FIFO_61_0_6_we1                  |   9|          2|    1|          2|
    |FIFO_61_0_7_ce0                  |   9|          2|    1|          2|
    |FIFO_61_0_7_ce1                  |   9|          2|    1|          2|
    |FIFO_61_0_7_we1                  |   9|          2|    1|          2|
    |FIFO_61_0_8_ce0                  |   9|          2|    1|          2|
    |FIFO_61_0_8_ce1                  |   9|          2|    1|          2|
    |FIFO_61_0_8_we1                  |   9|          2|    1|          2|
    |FIFO_61_0_9_ce0                  |   9|          2|    1|          2|
    |FIFO_61_0_9_ce1                  |   9|          2|    1|          2|
    |FIFO_61_0_9_we1                  |   9|          2|    1|          2|
    |FIFO_62_0_0_ce0                  |   9|          2|    1|          2|
    |FIFO_62_0_0_ce1                  |   9|          2|    1|          2|
    |FIFO_62_0_0_we1                  |   9|          2|    1|          2|
    |FIFO_62_0_10_ce0                 |   9|          2|    1|          2|
    |FIFO_62_0_10_ce1                 |   9|          2|    1|          2|
    |FIFO_62_0_10_we1                 |   9|          2|    1|          2|
    |FIFO_62_0_11_ce0                 |   9|          2|    1|          2|
    |FIFO_62_0_11_ce1                 |   9|          2|    1|          2|
    |FIFO_62_0_11_we1                 |   9|          2|    1|          2|
    |FIFO_62_0_12_ce0                 |   9|          2|    1|          2|
    |FIFO_62_0_12_ce1                 |   9|          2|    1|          2|
    |FIFO_62_0_12_we1                 |   9|          2|    1|          2|
    |FIFO_62_0_13_ce0                 |   9|          2|    1|          2|
    |FIFO_62_0_13_ce1                 |   9|          2|    1|          2|
    |FIFO_62_0_13_we1                 |   9|          2|    1|          2|
    |FIFO_62_0_14_ce0                 |   9|          2|    1|          2|
    |FIFO_62_0_14_ce1                 |   9|          2|    1|          2|
    |FIFO_62_0_14_we1                 |   9|          2|    1|          2|
    |FIFO_62_0_15_ce0                 |   9|          2|    1|          2|
    |FIFO_62_0_15_ce1                 |   9|          2|    1|          2|
    |FIFO_62_0_15_we1                 |   9|          2|    1|          2|
    |FIFO_62_0_16_ce0                 |   9|          2|    1|          2|
    |FIFO_62_0_16_ce1                 |   9|          2|    1|          2|
    |FIFO_62_0_16_we1                 |   9|          2|    1|          2|
    |FIFO_62_0_17_ce0                 |   9|          2|    1|          2|
    |FIFO_62_0_17_ce1                 |   9|          2|    1|          2|
    |FIFO_62_0_17_we1                 |   9|          2|    1|          2|
    |FIFO_62_0_18_ce0                 |   9|          2|    1|          2|
    |FIFO_62_0_18_ce1                 |   9|          2|    1|          2|
    |FIFO_62_0_18_we1                 |   9|          2|    1|          2|
    |FIFO_62_0_19_ce0                 |   9|          2|    1|          2|
    |FIFO_62_0_19_ce1                 |   9|          2|    1|          2|
    |FIFO_62_0_19_we1                 |   9|          2|    1|          2|
    |FIFO_62_0_1_ce0                  |   9|          2|    1|          2|
    |FIFO_62_0_1_ce1                  |   9|          2|    1|          2|
    |FIFO_62_0_1_we1                  |   9|          2|    1|          2|
    |FIFO_62_0_20_ce0                 |   9|          2|    1|          2|
    |FIFO_62_0_20_ce1                 |   9|          2|    1|          2|
    |FIFO_62_0_20_we1                 |   9|          2|    1|          2|
    |FIFO_62_0_21_ce0                 |   9|          2|    1|          2|
    |FIFO_62_0_21_ce1                 |   9|          2|    1|          2|
    |FIFO_62_0_21_we1                 |   9|          2|    1|          2|
    |FIFO_62_0_22_ce0                 |   9|          2|    1|          2|
    |FIFO_62_0_22_ce1                 |   9|          2|    1|          2|
    |FIFO_62_0_22_we1                 |   9|          2|    1|          2|
    |FIFO_62_0_23_ce0                 |   9|          2|    1|          2|
    |FIFO_62_0_23_ce1                 |   9|          2|    1|          2|
    |FIFO_62_0_23_we1                 |   9|          2|    1|          2|
    |FIFO_62_0_24_ce0                 |   9|          2|    1|          2|
    |FIFO_62_0_24_ce1                 |   9|          2|    1|          2|
    |FIFO_62_0_24_we1                 |   9|          2|    1|          2|
    |FIFO_62_0_25_ce0                 |   9|          2|    1|          2|
    |FIFO_62_0_25_ce1                 |   9|          2|    1|          2|
    |FIFO_62_0_25_we1                 |   9|          2|    1|          2|
    |FIFO_62_0_26_ce0                 |   9|          2|    1|          2|
    |FIFO_62_0_26_ce1                 |   9|          2|    1|          2|
    |FIFO_62_0_26_we1                 |   9|          2|    1|          2|
    |FIFO_62_0_27_ce0                 |   9|          2|    1|          2|
    |FIFO_62_0_27_ce1                 |   9|          2|    1|          2|
    |FIFO_62_0_27_we1                 |   9|          2|    1|          2|
    |FIFO_62_0_28_ce0                 |   9|          2|    1|          2|
    |FIFO_62_0_28_ce1                 |   9|          2|    1|          2|
    |FIFO_62_0_28_we1                 |   9|          2|    1|          2|
    |FIFO_62_0_29_ce0                 |   9|          2|    1|          2|
    |FIFO_62_0_29_ce1                 |   9|          2|    1|          2|
    |FIFO_62_0_29_we1                 |   9|          2|    1|          2|
    |FIFO_62_0_2_ce0                  |   9|          2|    1|          2|
    |FIFO_62_0_2_ce1                  |   9|          2|    1|          2|
    |FIFO_62_0_2_we1                  |   9|          2|    1|          2|
    |FIFO_62_0_30_ce0                 |   9|          2|    1|          2|
    |FIFO_62_0_30_ce1                 |   9|          2|    1|          2|
    |FIFO_62_0_30_we1                 |   9|          2|    1|          2|
    |FIFO_62_0_31_ce0                 |   9|          2|    1|          2|
    |FIFO_62_0_31_ce1                 |   9|          2|    1|          2|
    |FIFO_62_0_31_we1                 |   9|          2|    1|          2|
    |FIFO_62_0_32_ce0                 |   9|          2|    1|          2|
    |FIFO_62_0_32_ce1                 |   9|          2|    1|          2|
    |FIFO_62_0_32_we1                 |   9|          2|    1|          2|
    |FIFO_62_0_33_ce0                 |   9|          2|    1|          2|
    |FIFO_62_0_33_ce1                 |   9|          2|    1|          2|
    |FIFO_62_0_33_we1                 |   9|          2|    1|          2|
    |FIFO_62_0_34_ce0                 |   9|          2|    1|          2|
    |FIFO_62_0_34_ce1                 |   9|          2|    1|          2|
    |FIFO_62_0_34_we1                 |   9|          2|    1|          2|
    |FIFO_62_0_35_ce0                 |   9|          2|    1|          2|
    |FIFO_62_0_35_ce1                 |   9|          2|    1|          2|
    |FIFO_62_0_35_we1                 |   9|          2|    1|          2|
    |FIFO_62_0_36_ce0                 |   9|          2|    1|          2|
    |FIFO_62_0_36_ce1                 |   9|          2|    1|          2|
    |FIFO_62_0_36_we1                 |   9|          2|    1|          2|
    |FIFO_62_0_37_ce0                 |   9|          2|    1|          2|
    |FIFO_62_0_37_ce1                 |   9|          2|    1|          2|
    |FIFO_62_0_37_we1                 |   9|          2|    1|          2|
    |FIFO_62_0_38_ce0                 |   9|          2|    1|          2|
    |FIFO_62_0_38_ce1                 |   9|          2|    1|          2|
    |FIFO_62_0_38_we1                 |   9|          2|    1|          2|
    |FIFO_62_0_39_ce0                 |   9|          2|    1|          2|
    |FIFO_62_0_39_ce1                 |   9|          2|    1|          2|
    |FIFO_62_0_39_we1                 |   9|          2|    1|          2|
    |FIFO_62_0_3_ce0                  |   9|          2|    1|          2|
    |FIFO_62_0_3_ce1                  |   9|          2|    1|          2|
    |FIFO_62_0_3_we1                  |   9|          2|    1|          2|
    |FIFO_62_0_40_ce0                 |   9|          2|    1|          2|
    |FIFO_62_0_40_ce1                 |   9|          2|    1|          2|
    |FIFO_62_0_40_we1                 |   9|          2|    1|          2|
    |FIFO_62_0_41_ce0                 |   9|          2|    1|          2|
    |FIFO_62_0_41_ce1                 |   9|          2|    1|          2|
    |FIFO_62_0_41_we1                 |   9|          2|    1|          2|
    |FIFO_62_0_42_ce0                 |   9|          2|    1|          2|
    |FIFO_62_0_42_ce1                 |   9|          2|    1|          2|
    |FIFO_62_0_42_we1                 |   9|          2|    1|          2|
    |FIFO_62_0_43_ce0                 |   9|          2|    1|          2|
    |FIFO_62_0_43_ce1                 |   9|          2|    1|          2|
    |FIFO_62_0_43_we1                 |   9|          2|    1|          2|
    |FIFO_62_0_44_ce0                 |   9|          2|    1|          2|
    |FIFO_62_0_44_ce1                 |   9|          2|    1|          2|
    |FIFO_62_0_44_we1                 |   9|          2|    1|          2|
    |FIFO_62_0_45_ce0                 |   9|          2|    1|          2|
    |FIFO_62_0_45_ce1                 |   9|          2|    1|          2|
    |FIFO_62_0_45_we1                 |   9|          2|    1|          2|
    |FIFO_62_0_46_ce0                 |   9|          2|    1|          2|
    |FIFO_62_0_46_ce1                 |   9|          2|    1|          2|
    |FIFO_62_0_46_we1                 |   9|          2|    1|          2|
    |FIFO_62_0_47_ce0                 |   9|          2|    1|          2|
    |FIFO_62_0_47_ce1                 |   9|          2|    1|          2|
    |FIFO_62_0_47_we1                 |   9|          2|    1|          2|
    |FIFO_62_0_48_ce0                 |   9|          2|    1|          2|
    |FIFO_62_0_48_ce1                 |   9|          2|    1|          2|
    |FIFO_62_0_48_we1                 |   9|          2|    1|          2|
    |FIFO_62_0_49_ce0                 |   9|          2|    1|          2|
    |FIFO_62_0_49_ce1                 |   9|          2|    1|          2|
    |FIFO_62_0_49_we1                 |   9|          2|    1|          2|
    |FIFO_62_0_4_ce0                  |   9|          2|    1|          2|
    |FIFO_62_0_4_ce1                  |   9|          2|    1|          2|
    |FIFO_62_0_4_we1                  |   9|          2|    1|          2|
    |FIFO_62_0_50_ce0                 |   9|          2|    1|          2|
    |FIFO_62_0_50_ce1                 |   9|          2|    1|          2|
    |FIFO_62_0_50_we1                 |   9|          2|    1|          2|
    |FIFO_62_0_51_ce0                 |   9|          2|    1|          2|
    |FIFO_62_0_51_ce1                 |   9|          2|    1|          2|
    |FIFO_62_0_51_we1                 |   9|          2|    1|          2|
    |FIFO_62_0_52_ce0                 |   9|          2|    1|          2|
    |FIFO_62_0_52_ce1                 |   9|          2|    1|          2|
    |FIFO_62_0_52_we1                 |   9|          2|    1|          2|
    |FIFO_62_0_53_ce0                 |   9|          2|    1|          2|
    |FIFO_62_0_53_ce1                 |   9|          2|    1|          2|
    |FIFO_62_0_53_we1                 |   9|          2|    1|          2|
    |FIFO_62_0_54_ce0                 |   9|          2|    1|          2|
    |FIFO_62_0_54_ce1                 |   9|          2|    1|          2|
    |FIFO_62_0_54_we1                 |   9|          2|    1|          2|
    |FIFO_62_0_55_ce0                 |   9|          2|    1|          2|
    |FIFO_62_0_55_ce1                 |   9|          2|    1|          2|
    |FIFO_62_0_55_we1                 |   9|          2|    1|          2|
    |FIFO_62_0_5_ce0                  |   9|          2|    1|          2|
    |FIFO_62_0_5_ce1                  |   9|          2|    1|          2|
    |FIFO_62_0_5_we1                  |   9|          2|    1|          2|
    |FIFO_62_0_6_ce0                  |   9|          2|    1|          2|
    |FIFO_62_0_6_ce1                  |   9|          2|    1|          2|
    |FIFO_62_0_6_we1                  |   9|          2|    1|          2|
    |FIFO_62_0_7_ce0                  |   9|          2|    1|          2|
    |FIFO_62_0_7_ce1                  |   9|          2|    1|          2|
    |FIFO_62_0_7_we1                  |   9|          2|    1|          2|
    |FIFO_62_0_8_ce0                  |   9|          2|    1|          2|
    |FIFO_62_0_8_ce1                  |   9|          2|    1|          2|
    |FIFO_62_0_8_we1                  |   9|          2|    1|          2|
    |FIFO_62_0_9_ce0                  |   9|          2|    1|          2|
    |FIFO_62_0_9_ce1                  |   9|          2|    1|          2|
    |FIFO_62_0_9_we1                  |   9|          2|    1|          2|
    |FIFO_63_0_0_ce0                  |   9|          2|    1|          2|
    |FIFO_63_0_0_ce1                  |   9|          2|    1|          2|
    |FIFO_63_0_0_we1                  |   9|          2|    1|          2|
    |FIFO_63_0_1_ce0                  |   9|          2|    1|          2|
    |FIFO_63_0_1_ce1                  |   9|          2|    1|          2|
    |FIFO_63_0_1_we1                  |   9|          2|    1|          2|
    |FIFO_63_0_2_ce0                  |   9|          2|    1|          2|
    |FIFO_63_0_2_ce1                  |   9|          2|    1|          2|
    |FIFO_63_0_2_we1                  |   9|          2|    1|          2|
    |FIFO_63_0_3_ce0                  |   9|          2|    1|          2|
    |FIFO_63_0_3_ce1                  |   9|          2|    1|          2|
    |FIFO_63_0_3_we1                  |   9|          2|    1|          2|
    |FIFO_63_0_4_ce0                  |   9|          2|    1|          2|
    |FIFO_63_0_4_ce1                  |   9|          2|    1|          2|
    |FIFO_63_0_4_we1                  |   9|          2|    1|          2|
    |FIFO_63_0_5_ce0                  |   9|          2|    1|          2|
    |FIFO_63_0_5_ce1                  |   9|          2|    1|          2|
    |FIFO_63_0_5_we1                  |   9|          2|    1|          2|
    |FIFO_63_0_6_ce0                  |   9|          2|    1|          2|
    |FIFO_63_0_6_ce1                  |   9|          2|    1|          2|
    |FIFO_63_0_6_we1                  |   9|          2|    1|          2|
    |FIFO_63_0_7_ce0                  |   9|          2|    1|          2|
    |FIFO_63_0_7_ce1                  |   9|          2|    1|          2|
    |FIFO_63_0_7_we1                  |   9|          2|    1|          2|
    |FIFO_ptrs_0_2_fu_1238            |   9|          2|   32|         64|
    |FIFO_ptrs_1_2_fu_1242            |   9|          2|   32|         64|
    |FIFO_ptrs_2_2_fu_1246            |   9|          2|   32|         64|
    |FIFO_ptrs_3_2_fu_1250            |   9|          2|   32|         64|
    |ap_NS_fsm                        |  44|          9|    1|          9|
    |burst_index_in_total_reg_1389    |   9|          2|   31|         62|
    |burst_index_load_reg_1365        |   9|          2|   32|         64|
    |burst_index_store_reg_1377       |   9|          2|   32|         64|
    |gmem1_AWVALID                    |   9|          2|    1|          2|
    |gmem1_BREADY                     |   9|          2|    1|          2|
    |gmem1_WVALID                     |   9|          2|    1|          2|
    |gmem2_ARVALID                    |   9|          2|    1|          2|
    |gmem2_RREADY                     |   9|          2|    1|          2|
    |grp_compute_fu_1424_input_0_q0   |  15|          3|   32|         96|
    |grp_compute_fu_1424_input_10_q0  |  15|          3|   32|         96|
    |grp_compute_fu_1424_input_11_q0  |  15|          3|   32|         96|
    |grp_compute_fu_1424_input_12_q0  |  15|          3|   32|         96|
    |grp_compute_fu_1424_input_13_q0  |  15|          3|   32|         96|
    |grp_compute_fu_1424_input_14_q0  |  15|          3|   32|         96|
    |grp_compute_fu_1424_input_15_q0  |  15|          3|   32|         96|
    |grp_compute_fu_1424_input_1_q0   |  15|          3|   32|         96|
    |grp_compute_fu_1424_input_2_q0   |  15|          3|   32|         96|
    |grp_compute_fu_1424_input_3_q0   |  15|          3|   32|         96|
    |grp_compute_fu_1424_input_4_q0   |  15|          3|   32|         96|
    |grp_compute_fu_1424_input_5_q0   |  15|          3|   32|         96|
    |grp_compute_fu_1424_input_6_q0   |  15|          3|   32|         96|
    |grp_compute_fu_1424_input_7_q0   |  15|          3|   32|         96|
    |grp_compute_fu_1424_input_8_q0   |  15|          3|   32|         96|
    |grp_compute_fu_1424_input_9_q0   |  15|          3|   32|         96|
    |grp_store_fu_1691_from_0_q0      |  15|          3|   32|         96|
    |grp_store_fu_1691_from_10_q0     |  15|          3|   32|         96|
    |grp_store_fu_1691_from_11_q0     |  15|          3|   32|         96|
    |grp_store_fu_1691_from_12_q0     |  15|          3|   32|         96|
    |grp_store_fu_1691_from_13_q0     |  15|          3|   32|         96|
    |grp_store_fu_1691_from_14_q0     |  15|          3|   32|         96|
    |grp_store_fu_1691_from_15_q0     |  15|          3|   32|         96|
    |grp_store_fu_1691_from_1_q0      |  15|          3|   32|         96|
    |grp_store_fu_1691_from_2_q0      |  15|          3|   32|         96|
    |grp_store_fu_1691_from_3_q0      |  15|          3|   32|         96|
    |grp_store_fu_1691_from_4_q0      |  15|          3|   32|         96|
    |grp_store_fu_1691_from_5_q0      |  15|          3|   32|         96|
    |grp_store_fu_1691_from_6_q0      |  15|          3|   32|         96|
    |grp_store_fu_1691_from_7_q0      |  15|          3|   32|         96|
    |grp_store_fu_1691_from_8_q0      |  15|          3|   32|         96|
    |grp_store_fu_1691_from_9_q0      |  15|          3|   32|         96|
    |i_base_0_2_fu_1254               |   9|          2|   32|         64|
    |i_base_1_2_fu_1258               |   9|          2|   32|         64|
    |i_base_2_2_fu_1262               |   9|          2|   32|         64|
    |i_base_3_2_fu_1266               |   9|          2|   32|         64|
    |i_base_4_2_fu_1270               |   9|          2|   32|         64|
    |i_base_5_2_fu_1274               |   9|          2|   32|         64|
    |i_base_6_2_fu_1278               |   9|          2|   32|         64|
    |i_base_7_2_fu_1282               |   9|          2|   32|         64|
    |input_0_0_0_address0             |  15|          3|   13|         39|
    |input_0_0_0_ce0                  |  15|          3|    1|          3|
    |input_0_0_0_we0                  |   9|          2|    1|          2|
    |input_0_0_10_address0            |  15|          3|   13|         39|
    |input_0_0_10_ce0                 |  15|          3|    1|          3|
    |input_0_0_10_we0                 |   9|          2|    1|          2|
    |input_0_0_11_address0            |  15|          3|   13|         39|
    |input_0_0_11_ce0                 |  15|          3|    1|          3|
    |input_0_0_11_we0                 |   9|          2|    1|          2|
    |input_0_0_12_address0            |  15|          3|   13|         39|
    |input_0_0_12_ce0                 |  15|          3|    1|          3|
    |input_0_0_12_we0                 |   9|          2|    1|          2|
    |input_0_0_13_address0            |  15|          3|   13|         39|
    |input_0_0_13_ce0                 |  15|          3|    1|          3|
    |input_0_0_13_we0                 |   9|          2|    1|          2|
    |input_0_0_14_address0            |  15|          3|   13|         39|
    |input_0_0_14_ce0                 |  15|          3|    1|          3|
    |input_0_0_14_we0                 |   9|          2|    1|          2|
    |input_0_0_15_address0            |  15|          3|   13|         39|
    |input_0_0_15_ce0                 |  15|          3|    1|          3|
    |input_0_0_15_we0                 |   9|          2|    1|          2|
    |input_0_0_1_address0             |  15|          3|   13|         39|
    |input_0_0_1_ce0                  |  15|          3|    1|          3|
    |input_0_0_1_we0                  |   9|          2|    1|          2|
    |input_0_0_2_address0             |  15|          3|   13|         39|
    |input_0_0_2_ce0                  |  15|          3|    1|          3|
    |input_0_0_2_we0                  |   9|          2|    1|          2|
    |input_0_0_3_address0             |  15|          3|   13|         39|
    |input_0_0_3_ce0                  |  15|          3|    1|          3|
    |input_0_0_3_we0                  |   9|          2|    1|          2|
    |input_0_0_4_address0             |  15|          3|   13|         39|
    |input_0_0_4_ce0                  |  15|          3|    1|          3|
    |input_0_0_4_we0                  |   9|          2|    1|          2|
    |input_0_0_5_address0             |  15|          3|   13|         39|
    |input_0_0_5_ce0                  |  15|          3|    1|          3|
    |input_0_0_5_we0                  |   9|          2|    1|          2|
    |input_0_0_6_address0             |  15|          3|   13|         39|
    |input_0_0_6_ce0                  |  15|          3|    1|          3|
    |input_0_0_6_we0                  |   9|          2|    1|          2|
    |input_0_0_7_address0             |  15|          3|   13|         39|
    |input_0_0_7_ce0                  |  15|          3|    1|          3|
    |input_0_0_7_we0                  |   9|          2|    1|          2|
    |input_0_0_8_address0             |  15|          3|   13|         39|
    |input_0_0_8_ce0                  |  15|          3|    1|          3|
    |input_0_0_8_we0                  |   9|          2|    1|          2|
    |input_0_0_9_address0             |  15|          3|   13|         39|
    |input_0_0_9_ce0                  |  15|          3|    1|          3|
    |input_0_0_9_we0                  |   9|          2|    1|          2|
    |input_1_0_0_address0             |  15|          3|   13|         39|
    |input_1_0_0_ce0                  |  15|          3|    1|          3|
    |input_1_0_0_we0                  |   9|          2|    1|          2|
    |input_1_0_10_address0            |  15|          3|   13|         39|
    |input_1_0_10_ce0                 |  15|          3|    1|          3|
    |input_1_0_10_we0                 |   9|          2|    1|          2|
    |input_1_0_11_address0            |  15|          3|   13|         39|
    |input_1_0_11_ce0                 |  15|          3|    1|          3|
    |input_1_0_11_we0                 |   9|          2|    1|          2|
    |input_1_0_12_address0            |  15|          3|   13|         39|
    |input_1_0_12_ce0                 |  15|          3|    1|          3|
    |input_1_0_12_we0                 |   9|          2|    1|          2|
    |input_1_0_13_address0            |  15|          3|   13|         39|
    |input_1_0_13_ce0                 |  15|          3|    1|          3|
    |input_1_0_13_we0                 |   9|          2|    1|          2|
    |input_1_0_14_address0            |  15|          3|   13|         39|
    |input_1_0_14_ce0                 |  15|          3|    1|          3|
    |input_1_0_14_we0                 |   9|          2|    1|          2|
    |input_1_0_15_address0            |  15|          3|   13|         39|
    |input_1_0_15_ce0                 |  15|          3|    1|          3|
    |input_1_0_15_we0                 |   9|          2|    1|          2|
    |input_1_0_1_address0             |  15|          3|   13|         39|
    |input_1_0_1_ce0                  |  15|          3|    1|          3|
    |input_1_0_1_we0                  |   9|          2|    1|          2|
    |input_1_0_2_address0             |  15|          3|   13|         39|
    |input_1_0_2_ce0                  |  15|          3|    1|          3|
    |input_1_0_2_we0                  |   9|          2|    1|          2|
    |input_1_0_3_address0             |  15|          3|   13|         39|
    |input_1_0_3_ce0                  |  15|          3|    1|          3|
    |input_1_0_3_we0                  |   9|          2|    1|          2|
    |input_1_0_4_address0             |  15|          3|   13|         39|
    |input_1_0_4_ce0                  |  15|          3|    1|          3|
    |input_1_0_4_we0                  |   9|          2|    1|          2|
    |input_1_0_5_address0             |  15|          3|   13|         39|
    |input_1_0_5_ce0                  |  15|          3|    1|          3|
    |input_1_0_5_we0                  |   9|          2|    1|          2|
    |input_1_0_6_address0             |  15|          3|   13|         39|
    |input_1_0_6_ce0                  |  15|          3|    1|          3|
    |input_1_0_6_we0                  |   9|          2|    1|          2|
    |input_1_0_7_address0             |  15|          3|   13|         39|
    |input_1_0_7_ce0                  |  15|          3|    1|          3|
    |input_1_0_7_we0                  |   9|          2|    1|          2|
    |input_1_0_8_address0             |  15|          3|   13|         39|
    |input_1_0_8_ce0                  |  15|          3|    1|          3|
    |input_1_0_8_we0                  |   9|          2|    1|          2|
    |input_1_0_9_address0             |  15|          3|   13|         39|
    |input_1_0_9_ce0                  |  15|          3|    1|          3|
    |input_1_0_9_we0                  |   9|          2|    1|          2|
    |invdar_reg_1354                  |   9|          2|    2|          4|
    |j_base_0_2_fu_1286               |   9|          2|   32|         64|
    |j_base_1_2_fu_1290               |   9|          2|   32|         64|
    |j_base_2_2_fu_1294               |   9|          2|   32|         64|
    |j_base_3_2_fu_1298               |   9|          2|   32|         64|
    |j_base_4_2_fu_1302               |   9|          2|   32|         64|
    |j_base_5_2_fu_1306               |   9|          2|   32|         64|
    |j_base_6_2_fu_1310               |   9|          2|   32|         64|
    |j_base_7_2_fu_1314               |   9|          2|   32|         64|
    |output_0_0_0_address0            |  15|          3|   13|         39|
    |output_0_0_0_ce0                 |  15|          3|    1|          3|
    |output_0_0_0_we0                 |   9|          2|    1|          2|
    |output_0_0_10_address0           |  15|          3|   13|         39|
    |output_0_0_10_ce0                |  15|          3|    1|          3|
    |output_0_0_10_we0                |   9|          2|    1|          2|
    |output_0_0_11_address0           |  15|          3|   13|         39|
    |output_0_0_11_ce0                |  15|          3|    1|          3|
    |output_0_0_11_we0                |   9|          2|    1|          2|
    |output_0_0_12_address0           |  15|          3|   13|         39|
    |output_0_0_12_ce0                |  15|          3|    1|          3|
    |output_0_0_12_we0                |   9|          2|    1|          2|
    |output_0_0_13_address0           |  15|          3|   13|         39|
    |output_0_0_13_ce0                |  15|          3|    1|          3|
    |output_0_0_13_we0                |   9|          2|    1|          2|
    |output_0_0_14_address0           |  15|          3|   13|         39|
    |output_0_0_14_ce0                |  15|          3|    1|          3|
    |output_0_0_14_we0                |   9|          2|    1|          2|
    |output_0_0_15_address0           |  15|          3|   13|         39|
    |output_0_0_15_ce0                |  15|          3|    1|          3|
    |output_0_0_15_we0                |   9|          2|    1|          2|
    |output_0_0_1_address0            |  15|          3|   13|         39|
    |output_0_0_1_ce0                 |  15|          3|    1|          3|
    |output_0_0_1_we0                 |   9|          2|    1|          2|
    |output_0_0_2_address0            |  15|          3|   13|         39|
    |output_0_0_2_ce0                 |  15|          3|    1|          3|
    |output_0_0_2_we0                 |   9|          2|    1|          2|
    |output_0_0_3_address0            |  15|          3|   13|         39|
    |output_0_0_3_ce0                 |  15|          3|    1|          3|
    |output_0_0_3_we0                 |   9|          2|    1|          2|
    |output_0_0_4_address0            |  15|          3|   13|         39|
    |output_0_0_4_ce0                 |  15|          3|    1|          3|
    |output_0_0_4_we0                 |   9|          2|    1|          2|
    |output_0_0_5_address0            |  15|          3|   13|         39|
    |output_0_0_5_ce0                 |  15|          3|    1|          3|
    |output_0_0_5_we0                 |   9|          2|    1|          2|
    |output_0_0_6_address0            |  15|          3|   13|         39|
    |output_0_0_6_ce0                 |  15|          3|    1|          3|
    |output_0_0_6_we0                 |   9|          2|    1|          2|
    |output_0_0_7_address0            |  15|          3|   13|         39|
    |output_0_0_7_ce0                 |  15|          3|    1|          3|
    |output_0_0_7_we0                 |   9|          2|    1|          2|
    |output_0_0_8_address0            |  15|          3|   13|         39|
    |output_0_0_8_ce0                 |  15|          3|    1|          3|
    |output_0_0_8_we0                 |   9|          2|    1|          2|
    |output_0_0_9_address0            |  15|          3|   13|         39|
    |output_0_0_9_ce0                 |  15|          3|    1|          3|
    |output_0_0_9_we0                 |   9|          2|    1|          2|
    |output_1_0_0_address0            |  15|          3|   13|         39|
    |output_1_0_0_ce0                 |  15|          3|    1|          3|
    |output_1_0_0_we0                 |   9|          2|    1|          2|
    |output_1_0_10_address0           |  15|          3|   13|         39|
    |output_1_0_10_ce0                |  15|          3|    1|          3|
    |output_1_0_10_we0                |   9|          2|    1|          2|
    |output_1_0_11_address0           |  15|          3|   13|         39|
    |output_1_0_11_ce0                |  15|          3|    1|          3|
    |output_1_0_11_we0                |   9|          2|    1|          2|
    |output_1_0_12_address0           |  15|          3|   13|         39|
    |output_1_0_12_ce0                |  15|          3|    1|          3|
    |output_1_0_12_we0                |   9|          2|    1|          2|
    |output_1_0_13_address0           |  15|          3|   13|         39|
    |output_1_0_13_ce0                |  15|          3|    1|          3|
    |output_1_0_13_we0                |   9|          2|    1|          2|
    |output_1_0_14_address0           |  15|          3|   13|         39|
    |output_1_0_14_ce0                |  15|          3|    1|          3|
    |output_1_0_14_we0                |   9|          2|    1|          2|
    |output_1_0_15_address0           |  15|          3|   13|         39|
    |output_1_0_15_ce0                |  15|          3|    1|          3|
    |output_1_0_15_we0                |   9|          2|    1|          2|
    |output_1_0_1_address0            |  15|          3|   13|         39|
    |output_1_0_1_ce0                 |  15|          3|    1|          3|
    |output_1_0_1_we0                 |   9|          2|    1|          2|
    |output_1_0_2_address0            |  15|          3|   13|         39|
    |output_1_0_2_ce0                 |  15|          3|    1|          3|
    |output_1_0_2_we0                 |   9|          2|    1|          2|
    |output_1_0_3_address0            |  15|          3|   13|         39|
    |output_1_0_3_ce0                 |  15|          3|    1|          3|
    |output_1_0_3_we0                 |   9|          2|    1|          2|
    |output_1_0_4_address0            |  15|          3|   13|         39|
    |output_1_0_4_ce0                 |  15|          3|    1|          3|
    |output_1_0_4_we0                 |   9|          2|    1|          2|
    |output_1_0_5_address0            |  15|          3|   13|         39|
    |output_1_0_5_ce0                 |  15|          3|    1|          3|
    |output_1_0_5_we0                 |   9|          2|    1|          2|
    |output_1_0_6_address0            |  15|          3|   13|         39|
    |output_1_0_6_ce0                 |  15|          3|    1|          3|
    |output_1_0_6_we0                 |   9|          2|    1|          2|
    |output_1_0_7_address0            |  15|          3|   13|         39|
    |output_1_0_7_ce0                 |  15|          3|    1|          3|
    |output_1_0_7_we0                 |   9|          2|    1|          2|
    |output_1_0_8_address0            |  15|          3|   13|         39|
    |output_1_0_8_ce0                 |  15|          3|    1|          3|
    |output_1_0_8_we0                 |   9|          2|    1|          2|
    |output_1_0_9_address0            |  15|          3|   13|         39|
    |output_1_0_9_ce0                 |  15|          3|    1|          3|
    |output_1_0_9_we0                 |   9|          2|    1|          2|
    |p_01_idx_reg_1400                |   9|          2|   64|        128|
    |p_0_idx_reg_1412                 |   9|          2|   64|        128|
    +---------------------------------+----+-----------+-----+-----------+
    |Total                            |6323|       1351| 3191|       8309|
    +---------------------------------+----+-----------+-----+-----------+

    * Register: 
    +--------------------------------------+----+----+-----+-----------+
    |                 Name                 | FF | LUT| Bits| Const Bits|
    +--------------------------------------+----+----+-----+-----------+
    |FF_0_0_fu_398                         |  32|   0|   32|          0|
    |FF_0_10_fu_438                        |  32|   0|   32|          0|
    |FF_0_11_fu_442                        |  32|   0|   32|          0|
    |FF_0_12_fu_446                        |  32|   0|   32|          0|
    |FF_0_13_fu_450                        |  32|   0|   32|          0|
    |FF_0_14_fu_454                        |  32|   0|   32|          0|
    |FF_0_15_fu_458                        |  32|   0|   32|          0|
    |FF_0_16_fu_462                        |  32|   0|   32|          0|
    |FF_0_17_fu_466                        |  32|   0|   32|          0|
    |FF_0_18_fu_470                        |  32|   0|   32|          0|
    |FF_0_19_fu_474                        |  32|   0|   32|          0|
    |FF_0_1_fu_402                         |  32|   0|   32|          0|
    |FF_0_20_fu_478                        |  32|   0|   32|          0|
    |FF_0_21_fu_482                        |  32|   0|   32|          0|
    |FF_0_22_fu_486                        |  32|   0|   32|          0|
    |FF_0_23_fu_490                        |  32|   0|   32|          0|
    |FF_0_24_fu_494                        |  32|   0|   32|          0|
    |FF_0_25_fu_498                        |  32|   0|   32|          0|
    |FF_0_26_fu_502                        |  32|   0|   32|          0|
    |FF_0_27_fu_506                        |  32|   0|   32|          0|
    |FF_0_28_fu_510                        |  32|   0|   32|          0|
    |FF_0_29_fu_514                        |  32|   0|   32|          0|
    |FF_0_2_fu_406                         |  32|   0|   32|          0|
    |FF_0_30_fu_518                        |  32|   0|   32|          0|
    |FF_0_31_fu_522                        |  32|   0|   32|          0|
    |FF_0_32_fu_526                        |  32|   0|   32|          0|
    |FF_0_33_fu_530                        |  32|   0|   32|          0|
    |FF_0_34_fu_534                        |  32|   0|   32|          0|
    |FF_0_35_fu_538                        |  32|   0|   32|          0|
    |FF_0_36_fu_542                        |  32|   0|   32|          0|
    |FF_0_37_fu_546                        |  32|   0|   32|          0|
    |FF_0_38_fu_550                        |  32|   0|   32|          0|
    |FF_0_39_fu_554                        |  32|   0|   32|          0|
    |FF_0_3_fu_410                         |  32|   0|   32|          0|
    |FF_0_40_fu_558                        |  32|   0|   32|          0|
    |FF_0_41_fu_562                        |  32|   0|   32|          0|
    |FF_0_42_fu_566                        |  32|   0|   32|          0|
    |FF_0_43_fu_570                        |  32|   0|   32|          0|
    |FF_0_44_fu_574                        |  32|   0|   32|          0|
    |FF_0_45_fu_578                        |  32|   0|   32|          0|
    |FF_0_46_fu_582                        |  32|   0|   32|          0|
    |FF_0_47_fu_586                        |  32|   0|   32|          0|
    |FF_0_48_fu_590                        |  32|   0|   32|          0|
    |FF_0_49_fu_594                        |  32|   0|   32|          0|
    |FF_0_4_fu_414                         |  32|   0|   32|          0|
    |FF_0_50_fu_598                        |  32|   0|   32|          0|
    |FF_0_51_fu_602                        |  32|   0|   32|          0|
    |FF_0_52_fu_606                        |  32|   0|   32|          0|
    |FF_0_53_fu_610                        |  32|   0|   32|          0|
    |FF_0_54_fu_614                        |  32|   0|   32|          0|
    |FF_0_55_fu_618                        |  32|   0|   32|          0|
    |FF_0_56_fu_622                        |  32|   0|   32|          0|
    |FF_0_57_fu_626                        |  32|   0|   32|          0|
    |FF_0_58_fu_630                        |  32|   0|   32|          0|
    |FF_0_59_fu_634                        |  32|   0|   32|          0|
    |FF_0_5_fu_418                         |  32|   0|   32|          0|
    |FF_0_60_fu_638                        |  32|   0|   32|          0|
    |FF_0_61_fu_642                        |  32|   0|   32|          0|
    |FF_0_62_fu_646                        |  32|   0|   32|          0|
    |FF_0_63_fu_650                        |  32|   0|   32|          0|
    |FF_0_64_fu_654                        |  32|   0|   32|          0|
    |FF_0_65_fu_658                        |  32|   0|   32|          0|
    |FF_0_66_fu_662                        |  32|   0|   32|          0|
    |FF_0_67_fu_666                        |  32|   0|   32|          0|
    |FF_0_68_fu_670                        |  32|   0|   32|          0|
    |FF_0_69_fu_674                        |  32|   0|   32|          0|
    |FF_0_6_fu_422                         |  32|   0|   32|          0|
    |FF_0_70_fu_678                        |  32|   0|   32|          0|
    |FF_0_71_fu_682                        |  32|   0|   32|          0|
    |FF_0_72_fu_686                        |  32|   0|   32|          0|
    |FF_0_73_fu_690                        |  32|   0|   32|          0|
    |FF_0_74_fu_694                        |  32|   0|   32|          0|
    |FF_0_75_fu_698                        |  32|   0|   32|          0|
    |FF_0_76_fu_702                        |  32|   0|   32|          0|
    |FF_0_77_fu_706                        |  32|   0|   32|          0|
    |FF_0_78_fu_710                        |  32|   0|   32|          0|
    |FF_0_79_fu_714                        |  32|   0|   32|          0|
    |FF_0_7_fu_426                         |  32|   0|   32|          0|
    |FF_0_80_fu_718                        |  32|   0|   32|          0|
    |FF_0_81_fu_722                        |  32|   0|   32|          0|
    |FF_0_82_fu_726                        |  32|   0|   32|          0|
    |FF_0_83_fu_730                        |  32|   0|   32|          0|
    |FF_0_84_fu_734                        |  32|   0|   32|          0|
    |FF_0_85_fu_738                        |  32|   0|   32|          0|
    |FF_0_86_fu_742                        |  32|   0|   32|          0|
    |FF_0_87_fu_746                        |  32|   0|   32|          0|
    |FF_0_88_fu_750                        |  32|   0|   32|          0|
    |FF_0_89_fu_754                        |  32|   0|   32|          0|
    |FF_0_8_fu_430                         |  32|   0|   32|          0|
    |FF_0_90_fu_758                        |  32|   0|   32|          0|
    |FF_0_91_fu_762                        |  32|   0|   32|          0|
    |FF_0_92_fu_766                        |  32|   0|   32|          0|
    |FF_0_93_fu_770                        |  32|   0|   32|          0|
    |FF_0_94_fu_774                        |  32|   0|   32|          0|
    |FF_0_95_fu_778                        |  32|   0|   32|          0|
    |FF_0_96_fu_782                        |  32|   0|   32|          0|
    |FF_0_97_fu_786                        |  32|   0|   32|          0|
    |FF_0_9_fu_434                         |  32|   0|   32|          0|
    |FIFO_ptrs_0_1_reg_2926                |  32|   0|   32|          0|
    |FIFO_ptrs_0_2_fu_1238                 |  32|   0|   32|          0|
    |FIFO_ptrs_0_2_load_reg_3140           |  32|   0|   32|          0|
    |FIFO_ptrs_1_1_reg_2931                |  32|   0|   32|          0|
    |FIFO_ptrs_1_2_fu_1242                 |  32|   0|   32|          0|
    |FIFO_ptrs_1_2_load_reg_3145           |  32|   0|   32|          0|
    |FIFO_ptrs_1_fu_130                    |  32|   0|   32|          0|
    |FIFO_ptrs_2_1_reg_2936                |  32|   0|   32|          0|
    |FIFO_ptrs_2_2_fu_1246                 |  32|   0|   32|          0|
    |FIFO_ptrs_2_2_load_reg_3150           |  32|   0|   32|          0|
    |FIFO_ptrs_2_fu_134                    |  32|   0|   32|          0|
    |FIFO_ptrs_3_1_reg_2941                |  32|   0|   32|          0|
    |FIFO_ptrs_3_2_fu_1250                 |  32|   0|   32|          0|
    |FIFO_ptrs_3_2_load_reg_3155           |  32|   0|   32|          0|
    |FIFO_ptrs_3_fu_138                    |  32|   0|   32|          0|
    |FIFO_ptrs_fu_126                      |  32|   0|   32|          0|
    |ap_CS_fsm                             |   8|   0|    8|          0|
    |ap_reg_grp_compute_fu_1424_ap_start   |   1|   0|    1|          0|
    |ap_reg_grp_load_fu_1717_ap_start      |   1|   0|    1|          0|
    |ap_reg_grp_store_fu_1691_ap_start     |   1|   0|    1|          0|
    |ap_rst_n_inv                          |   1|   0|    1|          0|
    |burst_index_in_total_1_reg_3116       |  31|   0|   31|          0|
    |burst_index_in_total_reg_1389         |  31|   0|   31|          0|
    |burst_index_load_2_reg_3245           |  32|   0|   32|          0|
    |burst_index_load_reg_1365             |  32|   0|   32|          0|
    |burst_index_store_2_reg_3255          |  32|   0|   32|          0|
    |burst_index_store_reg_1377            |  32|   0|   32|          0|
    |compute_flag_reg_3128                 |   1|   0|    1|          0|
    |extra_space_i_coalesed_read_reg_2410  |  64|   0|   64|          0|
    |extra_space_o_coalesed_read_reg_2405  |  64|   0|   64|          0|
    |i_base_0_2_fu_1254                    |  32|   0|   32|          0|
    |i_base_0_2_load_reg_3160              |  32|   0|   32|          0|
    |i_base_1_2_fu_1258                    |  32|   0|   32|          0|
    |i_base_1_2_load_reg_3165              |  32|   0|   32|          0|
    |i_base_2_2_fu_1262                    |  32|   0|   32|          0|
    |i_base_2_2_load_reg_3170              |  32|   0|   32|          0|
    |i_base_3_2_fu_1266                    |  32|   0|   32|          0|
    |i_base_3_2_load_reg_3175              |  32|   0|   32|          0|
    |i_base_4_2_fu_1270                    |  32|   0|   32|          0|
    |i_base_4_2_load_reg_3180              |  32|   0|   32|          0|
    |i_base_5_2_fu_1274                    |  32|   0|   32|          0|
    |i_base_5_2_load_reg_3185              |  32|   0|   32|          0|
    |i_base_6_2_fu_1278                    |  32|   0|   32|          0|
    |i_base_6_2_load_reg_3190              |  32|   0|   32|          0|
    |i_base_7_2_fu_1282                    |  32|   0|   32|          0|
    |i_base_7_2_load_reg_3195              |  32|   0|   32|          0|
    |invdar_reg_1354                       |   2|   0|    2|          0|
    |j_base_0_2_fu_1286                    |  32|   0|   32|          0|
    |j_base_0_2_load_reg_3200              |  32|   0|   32|          0|
    |j_base_1_2_fu_1290                    |  32|   0|   32|          0|
    |j_base_1_2_load_reg_3205              |  32|   0|   32|          0|
    |j_base_2_2_fu_1294                    |  32|   0|   32|          0|
    |j_base_2_2_load_reg_3210              |  32|   0|   32|          0|
    |j_base_3_2_fu_1298                    |  32|   0|   32|          0|
    |j_base_3_2_load_reg_3215              |  32|   0|   32|          0|
    |j_base_4_2_fu_1302                    |  32|   0|   32|          0|
    |j_base_4_2_load_reg_3220              |  32|   0|   32|          0|
    |j_base_5_2_fu_1306                    |  32|   0|   32|          0|
    |j_base_5_2_load_reg_3225              |  32|   0|   32|          0|
    |j_base_6_2_fu_1310                    |  32|   0|   32|          0|
    |j_base_6_2_load_reg_3230              |  32|   0|   32|          0|
    |j_base_7_2_fu_1314                    |  32|   0|   32|          0|
    |j_base_7_2_load_reg_3235              |  32|   0|   32|          0|
    |load_flag_reg_3121                    |   1|   0|    1|          0|
    |p_01_idx_reg_1400                     |  64|   0|   64|          0|
    |p_0_idx_reg_1412                      |  64|   0|   64|          0|
    |p_sum4_reg_3099                       |  64|   0|   64|          0|
    |p_sum_reg_3104                        |  64|   0|   64|          0|
    |store_flag_reg_3133                   |   1|   0|    1|          0|
    |tile_burst_num_read_reg_2415          |  64|   0|   64|          0|
    |tmp_5_reg_3250                        |   1|   0|    1|          0|
    |tmp_7_reg_3240                        |   1|   0|    1|          0|
    |tmp_8_reg_3089                        |  32|   0|   32|          0|
    |tmp_9_reg_3094                        |  32|   0|   32|          0|
    |tmp_reg_3109                          |   1|   0|    1|          0|
    |total_burst_num_read_reg_2398         |  32|   0|   32|          0|
    |var_input_V3_reg_2421                 |  58|   0|   58|          0|
    |var_output_V1_reg_2426                |  58|   0|   58|          0|
    +--------------------------------------+----+----+-----+-----------+
    |Total                                 |5542|   0| 5542|          0|
    +--------------------------------------+----+----+-----+-----------+



================================================================
== Interface
================================================================
* Summary: 
+-----------------------+-----+-----+------------+-----------------+--------------+
|       RTL Ports       | Dir | Bits|  Protocol  |  Source Object  |    C Type    |
+-----------------------+-----+-----+------------+-----------------+--------------+
|s_axi_control_AWVALID  |  in |    1|    s_axi   |     control     |    scalar    |
|s_axi_control_AWREADY  | out |    1|    s_axi   |     control     |    scalar    |
|s_axi_control_AWADDR   |  in |    7|    s_axi   |     control     |    scalar    |
|s_axi_control_WVALID   |  in |    1|    s_axi   |     control     |    scalar    |
|s_axi_control_WREADY   | out |    1|    s_axi   |     control     |    scalar    |
|s_axi_control_WDATA    |  in |   32|    s_axi   |     control     |    scalar    |
|s_axi_control_WSTRB    |  in |    4|    s_axi   |     control     |    scalar    |
|s_axi_control_ARVALID  |  in |    1|    s_axi   |     control     |    scalar    |
|s_axi_control_ARREADY  | out |    1|    s_axi   |     control     |    scalar    |
|s_axi_control_ARADDR   |  in |    7|    s_axi   |     control     |    scalar    |
|s_axi_control_RVALID   | out |    1|    s_axi   |     control     |    scalar    |
|s_axi_control_RREADY   |  in |    1|    s_axi   |     control     |    scalar    |
|s_axi_control_RDATA    | out |   32|    s_axi   |     control     |    scalar    |
|s_axi_control_RRESP    | out |    2|    s_axi   |     control     |    scalar    |
|s_axi_control_BVALID   | out |    1|    s_axi   |     control     |    scalar    |
|s_axi_control_BREADY   |  in |    1|    s_axi   |     control     |    scalar    |
|s_axi_control_BRESP    | out |    2|    s_axi   |     control     |    scalar    |
|ap_clk                 |  in |    1| ap_ctrl_hs | jacobi2d_kernel | return value |
|ap_rst_n               |  in |    1| ap_ctrl_hs | jacobi2d_kernel | return value |
|interrupt              | out |    1| ap_ctrl_hs | jacobi2d_kernel | return value |
|m_axi_gmem1_AWVALID    | out |    1|    m_axi   |      gmem1      |    pointer   |
|m_axi_gmem1_AWREADY    |  in |    1|    m_axi   |      gmem1      |    pointer   |
|m_axi_gmem1_AWADDR     | out |   64|    m_axi   |      gmem1      |    pointer   |
|m_axi_gmem1_AWID       | out |    1|    m_axi   |      gmem1      |    pointer   |
|m_axi_gmem1_AWLEN      | out |    8|    m_axi   |      gmem1      |    pointer   |
|m_axi_gmem1_AWSIZE     | out |    3|    m_axi   |      gmem1      |    pointer   |
|m_axi_gmem1_AWBURST    | out |    2|    m_axi   |      gmem1      |    pointer   |
|m_axi_gmem1_AWLOCK     | out |    2|    m_axi   |      gmem1      |    pointer   |
|m_axi_gmem1_AWCACHE    | out |    4|    m_axi   |      gmem1      |    pointer   |
|m_axi_gmem1_AWPROT     | out |    3|    m_axi   |      gmem1      |    pointer   |
|m_axi_gmem1_AWQOS      | out |    4|    m_axi   |      gmem1      |    pointer   |
|m_axi_gmem1_AWREGION   | out |    4|    m_axi   |      gmem1      |    pointer   |
|m_axi_gmem1_AWUSER     | out |    1|    m_axi   |      gmem1      |    pointer   |
|m_axi_gmem1_WVALID     | out |    1|    m_axi   |      gmem1      |    pointer   |
|m_axi_gmem1_WREADY     |  in |    1|    m_axi   |      gmem1      |    pointer   |
|m_axi_gmem1_WDATA      | out |  512|    m_axi   |      gmem1      |    pointer   |
|m_axi_gmem1_WSTRB      | out |   64|    m_axi   |      gmem1      |    pointer   |
|m_axi_gmem1_WLAST      | out |    1|    m_axi   |      gmem1      |    pointer   |
|m_axi_gmem1_WID        | out |    1|    m_axi   |      gmem1      |    pointer   |
|m_axi_gmem1_WUSER      | out |    1|    m_axi   |      gmem1      |    pointer   |
|m_axi_gmem1_ARVALID    | out |    1|    m_axi   |      gmem1      |    pointer   |
|m_axi_gmem1_ARREADY    |  in |    1|    m_axi   |      gmem1      |    pointer   |
|m_axi_gmem1_ARADDR     | out |   64|    m_axi   |      gmem1      |    pointer   |
|m_axi_gmem1_ARID       | out |    1|    m_axi   |      gmem1      |    pointer   |
|m_axi_gmem1_ARLEN      | out |    8|    m_axi   |      gmem1      |    pointer   |
|m_axi_gmem1_ARSIZE     | out |    3|    m_axi   |      gmem1      |    pointer   |
|m_axi_gmem1_ARBURST    | out |    2|    m_axi   |      gmem1      |    pointer   |
|m_axi_gmem1_ARLOCK     | out |    2|    m_axi   |      gmem1      |    pointer   |
|m_axi_gmem1_ARCACHE    | out |    4|    m_axi   |      gmem1      |    pointer   |
|m_axi_gmem1_ARPROT     | out |    3|    m_axi   |      gmem1      |    pointer   |
|m_axi_gmem1_ARQOS      | out |    4|    m_axi   |      gmem1      |    pointer   |
|m_axi_gmem1_ARREGION   | out |    4|    m_axi   |      gmem1      |    pointer   |
|m_axi_gmem1_ARUSER     | out |    1|    m_axi   |      gmem1      |    pointer   |
|m_axi_gmem1_RVALID     |  in |    1|    m_axi   |      gmem1      |    pointer   |
|m_axi_gmem1_RREADY     | out |    1|    m_axi   |      gmem1      |    pointer   |
|m_axi_gmem1_RDATA      |  in |  512|    m_axi   |      gmem1      |    pointer   |
|m_axi_gmem1_RLAST      |  in |    1|    m_axi   |      gmem1      |    pointer   |
|m_axi_gmem1_RID        |  in |    1|    m_axi   |      gmem1      |    pointer   |
|m_axi_gmem1_RUSER      |  in |    1|    m_axi   |      gmem1      |    pointer   |
|m_axi_gmem1_RRESP      |  in |    2|    m_axi   |      gmem1      |    pointer   |
|m_axi_gmem1_BVALID     |  in |    1|    m_axi   |      gmem1      |    pointer   |
|m_axi_gmem1_BREADY     | out |    1|    m_axi   |      gmem1      |    pointer   |
|m_axi_gmem1_BRESP      |  in |    2|    m_axi   |      gmem1      |    pointer   |
|m_axi_gmem1_BID        |  in |    1|    m_axi   |      gmem1      |    pointer   |
|m_axi_gmem1_BUSER      |  in |    1|    m_axi   |      gmem1      |    pointer   |
|m_axi_gmem2_AWVALID    | out |    1|    m_axi   |      gmem2      |    pointer   |
|m_axi_gmem2_AWREADY    |  in |    1|    m_axi   |      gmem2      |    pointer   |
|m_axi_gmem2_AWADDR     | out |   64|    m_axi   |      gmem2      |    pointer   |
|m_axi_gmem2_AWID       | out |    1|    m_axi   |      gmem2      |    pointer   |
|m_axi_gmem2_AWLEN      | out |    8|    m_axi   |      gmem2      |    pointer   |
|m_axi_gmem2_AWSIZE     | out |    3|    m_axi   |      gmem2      |    pointer   |
|m_axi_gmem2_AWBURST    | out |    2|    m_axi   |      gmem2      |    pointer   |
|m_axi_gmem2_AWLOCK     | out |    2|    m_axi   |      gmem2      |    pointer   |
|m_axi_gmem2_AWCACHE    | out |    4|    m_axi   |      gmem2      |    pointer   |
|m_axi_gmem2_AWPROT     | out |    3|    m_axi   |      gmem2      |    pointer   |
|m_axi_gmem2_AWQOS      | out |    4|    m_axi   |      gmem2      |    pointer   |
|m_axi_gmem2_AWREGION   | out |    4|    m_axi   |      gmem2      |    pointer   |
|m_axi_gmem2_AWUSER     | out |    1|    m_axi   |      gmem2      |    pointer   |
|m_axi_gmem2_WVALID     | out |    1|    m_axi   |      gmem2      |    pointer   |
|m_axi_gmem2_WREADY     |  in |    1|    m_axi   |      gmem2      |    pointer   |
|m_axi_gmem2_WDATA      | out |  512|    m_axi   |      gmem2      |    pointer   |
|m_axi_gmem2_WSTRB      | out |   64|    m_axi   |      gmem2      |    pointer   |
|m_axi_gmem2_WLAST      | out |    1|    m_axi   |      gmem2      |    pointer   |
|m_axi_gmem2_WID        | out |    1|    m_axi   |      gmem2      |    pointer   |
|m_axi_gmem2_WUSER      | out |    1|    m_axi   |      gmem2      |    pointer   |
|m_axi_gmem2_ARVALID    | out |    1|    m_axi   |      gmem2      |    pointer   |
|m_axi_gmem2_ARREADY    |  in |    1|    m_axi   |      gmem2      |    pointer   |
|m_axi_gmem2_ARADDR     | out |   64|    m_axi   |      gmem2      |    pointer   |
|m_axi_gmem2_ARID       | out |    1|    m_axi   |      gmem2      |    pointer   |
|m_axi_gmem2_ARLEN      | out |    8|    m_axi   |      gmem2      |    pointer   |
|m_axi_gmem2_ARSIZE     | out |    3|    m_axi   |      gmem2      |    pointer   |
|m_axi_gmem2_ARBURST    | out |    2|    m_axi   |      gmem2      |    pointer   |
|m_axi_gmem2_ARLOCK     | out |    2|    m_axi   |      gmem2      |    pointer   |
|m_axi_gmem2_ARCACHE    | out |    4|    m_axi   |      gmem2      |    pointer   |
|m_axi_gmem2_ARPROT     | out |    3|    m_axi   |      gmem2      |    pointer   |
|m_axi_gmem2_ARQOS      | out |    4|    m_axi   |      gmem2      |    pointer   |
|m_axi_gmem2_ARREGION   | out |    4|    m_axi   |      gmem2      |    pointer   |
|m_axi_gmem2_ARUSER     | out |    1|    m_axi   |      gmem2      |    pointer   |
|m_axi_gmem2_RVALID     |  in |    1|    m_axi   |      gmem2      |    pointer   |
|m_axi_gmem2_RREADY     | out |    1|    m_axi   |      gmem2      |    pointer   |
|m_axi_gmem2_RDATA      |  in |  512|    m_axi   |      gmem2      |    pointer   |
|m_axi_gmem2_RLAST      |  in |    1|    m_axi   |      gmem2      |    pointer   |
|m_axi_gmem2_RID        |  in |    1|    m_axi   |      gmem2      |    pointer   |
|m_axi_gmem2_RUSER      |  in |    1|    m_axi   |      gmem2      |    pointer   |
|m_axi_gmem2_RRESP      |  in |    2|    m_axi   |      gmem2      |    pointer   |
|m_axi_gmem2_BVALID     |  in |    1|    m_axi   |      gmem2      |    pointer   |
|m_axi_gmem2_BREADY     | out |    1|    m_axi   |      gmem2      |    pointer   |
|m_axi_gmem2_BRESP      |  in |    2|    m_axi   |      gmem2      |    pointer   |
|m_axi_gmem2_BID        |  in |    1|    m_axi   |      gmem2      |    pointer   |
|m_axi_gmem2_BUSER      |  in |    1|    m_axi   |      gmem2      |    pointer   |
+-----------------------+-----+-----+------------+-----------------+--------------+

