

================================================================
== Vivado HLS Report for 'jacobi3d_kernel'
================================================================
* Date:           Fri Sep 15 00:56:42 2017

* Version:        2017.1 (Build 1846317 on Thu Jun 22 18:17:09 MDT 2017)
* Project:        jacobi3d_kernel
* Solution:       solution_OCL_REGION_0
* Product family: virtex7
* Target device:  xc7vx690tffg1157-2


================================================================
== Performance Estimates
================================================================
+ Timing (ns): 
    * Summary: 
    +--------+-------+----------+------------+
    |  Clock | Target| Estimated| Uncertainty|
    +--------+-------+----------+------------+
    |ap_clk  |   5.00|      3.65|        1.35|
    +--------+-------+----------+------------+

+ Latency (clock cycles): 
    * Summary: 
    +-----+-----+-----+-----+---------+
    |  Latency  |  Interval | Pipeline|
    | min | max | min | max |   Type  |
    +-----+-----+-----+-----+---------+
    |    ?|    ?|    ?|    ?|   none  |
    +-----+-----+-----+-----+---------+

    + Detail: 
        * Instance: 
        +--------------------+---------+-----+--------+-----+--------+---------+
        |                    |         |    Latency   |   Interval   | Pipeline|
        |      Instance      |  Module | min |   max  | min |   max  |   Type  |
        +--------------------+---------+-----+--------+-----+--------+---------+
        |grp_compute_fu_810  |compute  |    1|  100089|    1|  100089|   none  |
        |grp_store_fu_919    |store    |    1|    6379|    1|    6379|   none  |
        |grp_load_fu_945     |load     |    1|    6381|    1|    6381|   none  |
        +--------------------+---------+-----+--------+-----+--------+---------+

        * Loop: 
        +--------------------+-----+-----+------------+-----------+-----------+------+----------+
        |                    |  Latency  |  Iteration |  Initiation Interval  | Trip |          |
        |      Loop Name     | min | max |   Latency  |  achieved |   target  | Count| Pipelined|
        +--------------------+-----+-----+------------+-----------+-----------+------+----------+
        |- memset_FIFO_ptrs  |   12|   12|           1|          1|          1|    13|    yes   |
        |- burst             |    ?|    ?| 5 ~ 100093 |          -|          -|     ?|    no    |
        +--------------------+-----+-----+------------+-----------+-----------+------+----------+



================================================================
== Utilization Estimates
================================================================
* Summary: 
+-----------------+---------+-------+--------+--------+
|       Name      | BRAM_18K| DSP48E|   FF   |   LUT  |
+-----------------+---------+-------+--------+--------+
|DSP              |        -|      -|       -|       -|
|Expression       |        -|      -|       0|    1048|
|FIFO             |        -|      -|       -|       -|
|Instance         |       60|    273|   41741|   30230|
|Memory           |     1552|      -|    1920|      30|
|Multiplexer      |        -|      -|       -|    4721|
|Register         |        -|      -|    2728|       -|
+-----------------+---------+-------+--------+--------+
|Total            |     1612|    273|   46389|   36029|
+-----------------+---------+-------+--------+--------+
|Available        |     2940|   3600|  866400|  433200|
+-----------------+---------+-------+--------+--------+
|Utilization (%)  |       54|      7|       5|       8|
+-----------------+---------+-------+--------+--------+

+ Detail: 
    * Instance: 
    +-------------------------------------+-------------------------------+---------+-------+-------+-------+
    |               Instance              |             Module            | BRAM_18K| DSP48E|   FF  |  LUT  |
    +-------------------------------------+-------------------------------+---------+-------+-------+-------+
    |grp_compute_fu_810                   |compute                        |        0|    273|  33286|  23734|
    |jacobi3d_kernel_control_s_axi_U      |jacobi3d_kernel_control_s_axi  |        0|      0|    538|    936|
    |jacobi3d_kernel_gmem1_m_axi_U        |jacobi3d_kernel_gmem1_m_axi    |       30|      0|   1415|   1585|
    |jacobi3d_kernel_gmem2_m_axi_U        |jacobi3d_kernel_gmem2_m_axi    |       30|      0|   1415|   1585|
    |jacobi3d_kernel_mux_164_32_1_x_U254  |jacobi3d_kernel_mux_164_32_1   |        0|      0|    278|     65|
    |jacobi3d_kernel_mux_164_32_1_x_U255  |jacobi3d_kernel_mux_164_32_1   |        0|      0|    278|     65|
    |jacobi3d_kernel_mux_164_32_1_x_U256  |jacobi3d_kernel_mux_164_32_1   |        0|      0|    278|     65|
    |jacobi3d_kernel_mux_164_32_1_x_U257  |jacobi3d_kernel_mux_164_32_1   |        0|      0|    278|     65|
    |jacobi3d_kernel_mux_164_32_1_x_U258  |jacobi3d_kernel_mux_164_32_1   |        0|      0|    278|     65|
    |jacobi3d_kernel_mux_164_32_1_x_U259  |jacobi3d_kernel_mux_164_32_1   |        0|      0|    278|     65|
    |jacobi3d_kernel_mux_164_32_1_x_U260  |jacobi3d_kernel_mux_164_32_1   |        0|      0|    278|     65|
    |jacobi3d_kernel_mux_164_32_1_x_U261  |jacobi3d_kernel_mux_164_32_1   |        0|      0|    278|     65|
    |jacobi3d_kernel_mux_164_32_1_x_U262  |jacobi3d_kernel_mux_164_32_1   |        0|      0|    278|     65|
    |jacobi3d_kernel_mux_164_32_1_x_U263  |jacobi3d_kernel_mux_164_32_1   |        0|      0|    278|     65|
    |jacobi3d_kernel_mux_164_32_1_x_U264  |jacobi3d_kernel_mux_164_32_1   |        0|      0|    278|     65|
    |jacobi3d_kernel_mux_164_32_1_x_U265  |jacobi3d_kernel_mux_164_32_1   |        0|      0|    278|     65|
    |jacobi3d_kernel_mux_164_32_1_x_U266  |jacobi3d_kernel_mux_164_32_1   |        0|      0|    278|     65|
    |grp_load_fu_945                      |load                           |        0|      0|    750|    784|
    |grp_store_fu_919                     |store                          |        0|      0|    723|    761|
    +-------------------------------------+-------------------------------+---------+-------+-------+-------+
    |Total                                |                               |       60|    273|  41741|  30230|
    +-------------------------------------+-------------------------------+---------+-------+-------+-------+

    * DSP48: 
    N/A

    * Memory: 
    +------------------+--------------------------------+---------+----+----+-------+-----+------+-------------+
    |      Memory      |             Module             | BRAM_18K| FF | LUT| Words | Bits| Banks| W*Bits*Banks|
    +------------------+--------------------------------+---------+----+----+-------+-----+------+-------------+
    |FIFO_19197_0_0_U  |jacobi3d_kernel_FIFO_19197_0_0  |       64|   0|   0|  19197|   32|     1|       614304|
    |FIFO_19396_0_0_U  |jacobi3d_kernel_FIFO_19396_0_0  |       64|   0|   0|  19396|   32|     1|       620672|
    |FIFO_19398_0_0_U  |jacobi3d_kernel_FIFO_19398_0_0  |       64|   0|   0|  19398|   32|     1|       620736|
    |FIFO_193_0_0_U    |jacobi3d_kernel_FIFO_193_0_0    |        1|   0|   0|    193|   32|     1|         6176|
    |FIFO_19597_0_0_U  |jacobi3d_kernel_FIFO_19597_0_0  |       64|   0|   0|  19597|   32|     1|       627104|
    |FIFO_19599_0_0_U  |jacobi3d_kernel_FIFO_19599_0_0  |       64|   0|   0|  19599|   32|     1|       627168|
    |FIFO_195_0_0_U    |jacobi3d_kernel_FIFO_195_0_0    |        1|   0|   0|    195|   32|     1|         6240|
    |FIFO_195_0_1_U    |jacobi3d_kernel_FIFO_195_0_0    |        1|   0|   0|    195|   32|     1|         6240|
    |FIFO_195_0_2_U    |jacobi3d_kernel_FIFO_195_0_0    |        1|   0|   0|    195|   32|     1|         6240|
    |FIFO_19798_0_0_U  |jacobi3d_kernel_FIFO_19798_0_0  |       64|   0|   0|  19798|   32|     1|       633536|
    |FIFO_197_0_0_U    |jacobi3d_kernel_FIFO_197_0_0    |        1|   0|   0|    197|   32|     1|         6304|
    |FIFO_197_0_1_U    |jacobi3d_kernel_FIFO_197_0_0    |        1|   0|   0|    197|   32|     1|         6304|
    |FIFO_197_0_2_U    |jacobi3d_kernel_FIFO_197_0_0    |        1|   0|   0|    197|   32|     1|         6304|
    |FIFO_197_0_3_U    |jacobi3d_kernel_FIFO_197_0_0    |        1|   0|   0|    197|   32|     1|         6304|
    |FIFO_197_0_4_U    |jacobi3d_kernel_FIFO_197_0_0    |        1|   0|   0|    197|   32|     1|         6304|
    |FIFO_19800_0_0_U  |jacobi3d_kernel_FIFO_19800_0_0  |       64|   0|   0|  19800|   32|     1|       633600|
    |FIFO_19999_0_0_U  |jacobi3d_kernel_FIFO_19999_0_0  |       64|   0|   0|  19999|   32|     1|       639968|
    |FIFO_199_0_0_U    |jacobi3d_kernel_FIFO_199_0_0    |        1|   0|   0|    199|   32|     1|         6368|
    |FIFO_199_0_1_U    |jacobi3d_kernel_FIFO_199_0_0    |        1|   0|   0|    199|   32|     1|         6368|
    |FIFO_199_0_2_U    |jacobi3d_kernel_FIFO_199_0_0    |        1|   0|   0|    199|   32|     1|         6368|
    |FIFO_199_0_3_U    |jacobi3d_kernel_FIFO_199_0_0    |        1|   0|   0|    199|   32|     1|         6368|
    |FIFO_199_0_4_U    |jacobi3d_kernel_FIFO_199_0_0    |        1|   0|   0|    199|   32|     1|         6368|
    |FIFO_199_0_5_U    |jacobi3d_kernel_FIFO_199_0_0    |        1|   0|   0|    199|   32|     1|         6368|
    |FIFO_199_0_6_U    |jacobi3d_kernel_FIFO_199_0_0    |        1|   0|   0|    199|   32|     1|         6368|
    |FIFO_2_0_0_U      |jacobi3d_kernel_FIFO_2_0_0      |        0|  64|   1|      2|   32|     1|           64|
    |FIFO_2_0_1_U      |jacobi3d_kernel_FIFO_2_0_0      |        0|  64|   1|      2|   32|     1|           64|
    |FIFO_2_0_2_U      |jacobi3d_kernel_FIFO_2_0_0      |        0|  64|   1|      2|   32|     1|           64|
    |FIFO_2_0_3_U      |jacobi3d_kernel_FIFO_2_0_0      |        0|  64|   1|      2|   32|     1|           64|
    |FIFO_2_0_4_U      |jacobi3d_kernel_FIFO_2_0_0      |        0|  64|   1|      2|   32|     1|           64|
    |FIFO_2_0_5_U      |jacobi3d_kernel_FIFO_2_0_0      |        0|  64|   1|      2|   32|     1|           64|
    |FIFO_2_0_6_U      |jacobi3d_kernel_FIFO_2_0_0      |        0|  64|   1|      2|   32|     1|           64|
    |FIFO_2_0_7_U      |jacobi3d_kernel_FIFO_2_0_0      |        0|  64|   1|      2|   32|     1|           64|
    |FIFO_2_0_8_U      |jacobi3d_kernel_FIFO_2_0_0      |        0|  64|   1|      2|   32|     1|           64|
    |FIFO_2_0_9_U      |jacobi3d_kernel_FIFO_2_0_0      |        0|  64|   1|      2|   32|     1|           64|
    |FIFO_2_0_10_U     |jacobi3d_kernel_FIFO_2_0_0      |        0|  64|   1|      2|   32|     1|           64|
    |FIFO_2_0_11_U     |jacobi3d_kernel_FIFO_2_0_0      |        0|  64|   1|      2|   32|     1|           64|
    |FIFO_2_0_12_U     |jacobi3d_kernel_FIFO_2_0_0      |        0|  64|   1|      2|   32|     1|           64|
    |FIFO_2_0_13_U     |jacobi3d_kernel_FIFO_2_0_0      |        0|  64|   1|      2|   32|     1|           64|
    |FIFO_2_0_14_U     |jacobi3d_kernel_FIFO_2_0_0      |        0|  64|   1|      2|   32|     1|           64|
    |FIFO_2_0_15_U     |jacobi3d_kernel_FIFO_2_0_0      |        0|  64|   1|      2|   32|     1|           64|
    |FIFO_2_0_16_U     |jacobi3d_kernel_FIFO_2_0_0      |        0|  64|   1|      2|   32|     1|           64|
    |FIFO_2_0_17_U     |jacobi3d_kernel_FIFO_2_0_0      |        0|  64|   1|      2|   32|     1|           64|
    |FIFO_2_0_18_U     |jacobi3d_kernel_FIFO_2_0_0      |        0|  64|   1|      2|   32|     1|           64|
    |FIFO_2_0_19_U     |jacobi3d_kernel_FIFO_2_0_0      |        0|  64|   1|      2|   32|     1|           64|
    |FIFO_2_0_20_U     |jacobi3d_kernel_FIFO_2_0_0      |        0|  64|   1|      2|   32|     1|           64|
    |FIFO_2_0_21_U     |jacobi3d_kernel_FIFO_2_0_0      |        0|  64|   1|      2|   32|     1|           64|
    |FIFO_2_0_22_U     |jacobi3d_kernel_FIFO_2_0_0      |        0|  64|   1|      2|   32|     1|           64|
    |FIFO_2_0_23_U     |jacobi3d_kernel_FIFO_2_0_0      |        0|  64|   1|      2|   32|     1|           64|
    |FIFO_2_0_24_U     |jacobi3d_kernel_FIFO_2_0_0      |        0|  64|   1|      2|   32|     1|           64|
    |FIFO_2_0_25_U     |jacobi3d_kernel_FIFO_2_0_0      |        0|  64|   1|      2|   32|     1|           64|
    |FIFO_2_0_26_U     |jacobi3d_kernel_FIFO_2_0_0      |        0|  64|   1|      2|   32|     1|           64|
    |FIFO_2_0_27_U     |jacobi3d_kernel_FIFO_2_0_0      |        0|  64|   1|      2|   32|     1|           64|
    |FIFO_2_0_28_U     |jacobi3d_kernel_FIFO_2_0_0      |        0|  64|   1|      2|   32|     1|           64|
    |FIFO_2_0_29_U     |jacobi3d_kernel_FIFO_2_0_0      |        0|  64|   1|      2|   32|     1|           64|
    |input_0_0_0_U     |jacobi3d_kernel_input_0_0_0     |       16|   0|   0|   6252|   32|     1|       200064|
    |input_0_0_1_U     |jacobi3d_kernel_input_0_0_0     |       16|   0|   0|   6252|   32|     1|       200064|
    |input_0_0_2_U     |jacobi3d_kernel_input_0_0_0     |       16|   0|   0|   6252|   32|     1|       200064|
    |input_0_0_3_U     |jacobi3d_kernel_input_0_0_0     |       16|   0|   0|   6252|   32|     1|       200064|
    |input_0_0_4_U     |jacobi3d_kernel_input_0_0_0     |       16|   0|   0|   6252|   32|     1|       200064|
    |input_0_0_5_U     |jacobi3d_kernel_input_0_0_0     |       16|   0|   0|   6252|   32|     1|       200064|
    |input_0_0_6_U     |jacobi3d_kernel_input_0_0_0     |       16|   0|   0|   6252|   32|     1|       200064|
    |input_0_0_7_U     |jacobi3d_kernel_input_0_0_0     |       16|   0|   0|   6252|   32|     1|       200064|
    |input_0_0_8_U     |jacobi3d_kernel_input_0_0_0     |       16|   0|   0|   6252|   32|     1|       200064|
    |input_0_0_9_U     |jacobi3d_kernel_input_0_0_0     |       16|   0|   0|   6252|   32|     1|       200064|
    |input_0_0_10_U    |jacobi3d_kernel_input_0_0_0     |       16|   0|   0|   6252|   32|     1|       200064|
    |input_0_0_11_U    |jacobi3d_kernel_input_0_0_0     |       16|   0|   0|   6252|   32|     1|       200064|
    |input_0_0_12_U    |jacobi3d_kernel_input_0_0_0     |       16|   0|   0|   6252|   32|     1|       200064|
    |input_0_0_13_U    |jacobi3d_kernel_input_0_0_0     |       16|   0|   0|   6252|   32|     1|       200064|
    |input_0_0_14_U    |jacobi3d_kernel_input_0_0_0     |       16|   0|   0|   6252|   32|     1|       200064|
    |input_0_0_15_U    |jacobi3d_kernel_input_0_0_0     |       16|   0|   0|   6252|   32|     1|       200064|
    |input_1_0_0_U     |jacobi3d_kernel_input_0_0_0     |       16|   0|   0|   6252|   32|     1|       200064|
    |input_1_0_1_U     |jacobi3d_kernel_input_0_0_0     |       16|   0|   0|   6252|   32|     1|       200064|
    |input_1_0_2_U     |jacobi3d_kernel_input_0_0_0     |       16|   0|   0|   6252|   32|     1|       200064|
    |input_1_0_3_U     |jacobi3d_kernel_input_0_0_0     |       16|   0|   0|   6252|   32|     1|       200064|
    |input_1_0_4_U     |jacobi3d_kernel_input_0_0_0     |       16|   0|   0|   6252|   32|     1|       200064|
    |input_1_0_5_U     |jacobi3d_kernel_input_0_0_0     |       16|   0|   0|   6252|   32|     1|       200064|
    |input_1_0_6_U     |jacobi3d_kernel_input_0_0_0     |       16|   0|   0|   6252|   32|     1|       200064|
    |input_1_0_7_U     |jacobi3d_kernel_input_0_0_0     |       16|   0|   0|   6252|   32|     1|       200064|
    |input_1_0_8_U     |jacobi3d_kernel_input_0_0_0     |       16|   0|   0|   6252|   32|     1|       200064|
    |input_1_0_9_U     |jacobi3d_kernel_input_0_0_0     |       16|   0|   0|   6252|   32|     1|       200064|
    |input_1_0_10_U    |jacobi3d_kernel_input_0_0_0     |       16|   0|   0|   6252|   32|     1|       200064|
    |input_1_0_11_U    |jacobi3d_kernel_input_0_0_0     |       16|   0|   0|   6252|   32|     1|       200064|
    |input_1_0_12_U    |jacobi3d_kernel_input_0_0_0     |       16|   0|   0|   6252|   32|     1|       200064|
    |input_1_0_13_U    |jacobi3d_kernel_input_0_0_0     |       16|   0|   0|   6252|   32|     1|       200064|
    |input_1_0_14_U    |jacobi3d_kernel_input_0_0_0     |       16|   0|   0|   6252|   32|     1|       200064|
    |input_1_0_15_U    |jacobi3d_kernel_input_0_0_0     |       16|   0|   0|   6252|   32|     1|       200064|
    |output_0_0_0_U    |jacobi3d_kernel_input_0_0_0     |       16|   0|   0|   6252|   32|     1|       200064|
    |output_0_0_1_U    |jacobi3d_kernel_input_0_0_0     |       16|   0|   0|   6252|   32|     1|       200064|
    |output_0_0_2_U    |jacobi3d_kernel_input_0_0_0     |       16|   0|   0|   6252|   32|     1|       200064|
    |output_0_0_3_U    |jacobi3d_kernel_input_0_0_0     |       16|   0|   0|   6252|   32|     1|       200064|
    |output_0_0_4_U    |jacobi3d_kernel_input_0_0_0     |       16|   0|   0|   6252|   32|     1|       200064|
    |output_0_0_5_U    |jacobi3d_kernel_input_0_0_0     |       16|   0|   0|   6252|   32|     1|       200064|
    |output_0_0_6_U    |jacobi3d_kernel_input_0_0_0     |       16|   0|   0|   6252|   32|     1|       200064|
    |output_0_0_7_U    |jacobi3d_kernel_input_0_0_0     |       16|   0|   0|   6252|   32|     1|       200064|
    |output_0_0_8_U    |jacobi3d_kernel_input_0_0_0     |       16|   0|   0|   6252|   32|     1|       200064|
    |output_0_0_9_U    |jacobi3d_kernel_input_0_0_0     |       16|   0|   0|   6252|   32|     1|       200064|
    |output_0_0_10_U   |jacobi3d_kernel_input_0_0_0     |       16|   0|   0|   6252|   32|     1|       200064|
    |output_0_0_11_U   |jacobi3d_kernel_input_0_0_0     |       16|   0|   0|   6252|   32|     1|       200064|
    |output_0_0_12_U   |jacobi3d_kernel_input_0_0_0     |       16|   0|   0|   6252|   32|     1|       200064|
    |output_0_0_13_U   |jacobi3d_kernel_input_0_0_0     |       16|   0|   0|   6252|   32|     1|       200064|
    |output_0_0_14_U   |jacobi3d_kernel_input_0_0_0     |       16|   0|   0|   6252|   32|     1|       200064|
    |output_0_0_15_U   |jacobi3d_kernel_input_0_0_0     |       16|   0|   0|   6252|   32|     1|       200064|
    |output_1_0_0_U    |jacobi3d_kernel_input_0_0_0     |       16|   0|   0|   6252|   32|     1|       200064|
    |output_1_0_1_U    |jacobi3d_kernel_input_0_0_0     |       16|   0|   0|   6252|   32|     1|       200064|
    |output_1_0_2_U    |jacobi3d_kernel_input_0_0_0     |       16|   0|   0|   6252|   32|     1|       200064|
    |output_1_0_3_U    |jacobi3d_kernel_input_0_0_0     |       16|   0|   0|   6252|   32|     1|       200064|
    |output_1_0_4_U    |jacobi3d_kernel_input_0_0_0     |       16|   0|   0|   6252|   32|     1|       200064|
    |output_1_0_5_U    |jacobi3d_kernel_input_0_0_0     |       16|   0|   0|   6252|   32|     1|       200064|
    |output_1_0_6_U    |jacobi3d_kernel_input_0_0_0     |       16|   0|   0|   6252|   32|     1|       200064|
    |output_1_0_7_U    |jacobi3d_kernel_input_0_0_0     |       16|   0|   0|   6252|   32|     1|       200064|
    |output_1_0_8_U    |jacobi3d_kernel_input_0_0_0     |       16|   0|   0|   6252|   32|     1|       200064|
    |output_1_0_9_U    |jacobi3d_kernel_input_0_0_0     |       16|   0|   0|   6252|   32|     1|       200064|
    |output_1_0_10_U   |jacobi3d_kernel_input_0_0_0     |       16|   0|   0|   6252|   32|     1|       200064|
    |output_1_0_11_U   |jacobi3d_kernel_input_0_0_0     |       16|   0|   0|   6252|   32|     1|       200064|
    |output_1_0_12_U   |jacobi3d_kernel_input_0_0_0     |       16|   0|   0|   6252|   32|     1|       200064|
    |output_1_0_13_U   |jacobi3d_kernel_input_0_0_0     |       16|   0|   0|   6252|   32|     1|       200064|
    |output_1_0_14_U   |jacobi3d_kernel_input_0_0_0     |       16|   0|   0|   6252|   32|     1|       200064|
    |output_1_0_15_U   |jacobi3d_kernel_input_0_0_0     |       16|   0|   0|   6252|   32|     1|       200064|
    +------------------+--------------------------------+---------+----+----+-------+-----+------+-------------+
    |Total             |                                |     1552|1920|  30| 560128| 3776|   118|     17924096|
    +------------------+--------------------------------+---------+----+----+-------+-----+------+-------------+

    * FIFO: 
    N/A

    * Expression: 
    +-----------------------------------+----------+-------+---+----+------------+------------+
    |           Variable Name           | Operation| DSP48E| FF| LUT| Bitwidth P0| Bitwidth P1|
    +-----------------------------------+----------+-------+---+----+------------+------------+
    |burst_index_in_total_1_fu_1845_p2  |     +    |      0|  0|  38|           1|          31|
    |burst_index_load_1_fu_1937_p2      |     +    |      0|  0|  39|          32|           1|
    |burst_index_store_1_fu_1967_p2     |     +    |      0|  0|  39|          32|           1|
    |indvarinc_fu_1174_p2               |     +    |      0|  0|  13|           4|           1|
    |p_01_idx2_01_idx1_fu_2003_p2       |     +    |      0|  0|  71|          64|          64|
    |p_0_idx2_0_idx1_fu_2022_p2         |     +    |      0|  0|  71|          64|          64|
    |tmp_8_fu_1745_p2                   |     +    |      0|  0|  39|          32|           2|
    |tmp_9_fu_1750_p2                   |     +    |      0|  0|  39|          32|           1|
    |p_sum4_fu_1755_p2                  |     -    |      0|  0|  71|          13|          64|
    |p_sum_fu_1760_p2                   |     -    |      0|  0|  71|          13|          64|
    |compute_flag_fu_1867_p2            |    and   |      0|  0|   8|           1|           1|
    |load_flag_fu_1851_p2               |   icmp   |      0|  0|  18|          32|          32|
    |store_flag_fu_1883_p2              |   icmp   |      0|  0|  18|          30|           1|
    |tmp_1_fu_1840_p2                   |   icmp   |      0|  0|  18|          32|          32|
    |tmp_2_fu_1856_p2                   |   icmp   |      0|  0|  18|          31|           1|
    |tmp_3_fu_1862_p2                   |   icmp   |      0|  0|  18|          32|          32|
    |tmp_5_fu_1977_p2                   |   icmp   |      0|  0|  29|          64|          64|
    |tmp_7_fu_1947_p2                   |   icmp   |      0|  0|  29|          64|          64|
    |tmp_s_fu_1674_p2                   |   icmp   |      0|  0|   9|           4|           4|
    |ap_block_state6_on_subcall_done    |    or    |      0|  0|   8|           1|           1|
    |burst_index_load_2_fu_1960_p3      |  select  |      0|  0|  32|           1|          32|
    |burst_index_store_2_fu_1990_p3     |  select  |      0|  0|  32|           1|          32|
    |p_01_idx2_01_idx1_v_fu_1997_p3     |  select  |      0|  0|  64|           1|          64|
    |p_0_idx2_0_idx1_v_fu_2016_p3       |  select  |      0|  0|  64|           1|          64|
    |p_23_idx_fu_2009_p3                |  select  |      0|  0|  64|           1|          64|
    |p_2_idx_fu_2028_p3                 |  select  |      0|  0|  64|           1|          64|
    |p_burst_index_load_1_fu_1952_p3    |  select  |      0|  0|  32|           1|           1|
    |p_burst_index_store_1_fu_1982_p3   |  select  |      0|  0|  32|           1|           1|
    +-----------------------------------+----------+-------+---+----+------------+------------+
    |Total                              |          |      0|  0|1048|         586|         847|
    +-----------------------------------+----------+-------+---+----+------------+------------+

    * Multiplexer: 
    +--------------------------------+----+-----------+-----+-----------+
    |              Name              | LUT| Input Size| Bits| Total Bits|
    +--------------------------------+----+-----------+-----+-----------+
    |FIFO_19197_0_0_ce0              |   9|          2|    1|          2|
    |FIFO_19197_0_0_ce1              |   9|          2|    1|          2|
    |FIFO_19197_0_0_we1              |   9|          2|    1|          2|
    |FIFO_19396_0_0_ce0              |   9|          2|    1|          2|
    |FIFO_19396_0_0_ce1              |   9|          2|    1|          2|
    |FIFO_19396_0_0_we1              |   9|          2|    1|          2|
    |FIFO_19398_0_0_ce0              |   9|          2|    1|          2|
    |FIFO_19398_0_0_ce1              |   9|          2|    1|          2|
    |FIFO_19398_0_0_we1              |   9|          2|    1|          2|
    |FIFO_193_0_0_ce0                |   9|          2|    1|          2|
    |FIFO_193_0_0_ce1                |   9|          2|    1|          2|
    |FIFO_193_0_0_we1                |   9|          2|    1|          2|
    |FIFO_19597_0_0_ce0              |   9|          2|    1|          2|
    |FIFO_19597_0_0_ce1              |   9|          2|    1|          2|
    |FIFO_19597_0_0_we1              |   9|          2|    1|          2|
    |FIFO_19599_0_0_ce0              |   9|          2|    1|          2|
    |FIFO_19599_0_0_ce1              |   9|          2|    1|          2|
    |FIFO_19599_0_0_we1              |   9|          2|    1|          2|
    |FIFO_195_0_0_ce0                |   9|          2|    1|          2|
    |FIFO_195_0_0_ce1                |   9|          2|    1|          2|
    |FIFO_195_0_0_we1                |   9|          2|    1|          2|
    |FIFO_195_0_1_ce0                |   9|          2|    1|          2|
    |FIFO_195_0_1_ce1                |   9|          2|    1|          2|
    |FIFO_195_0_1_we1                |   9|          2|    1|          2|
    |FIFO_195_0_2_ce0                |   9|          2|    1|          2|
    |FIFO_195_0_2_ce1                |   9|          2|    1|          2|
    |FIFO_195_0_2_we1                |   9|          2|    1|          2|
    |FIFO_19798_0_0_ce0              |   9|          2|    1|          2|
    |FIFO_19798_0_0_ce1              |   9|          2|    1|          2|
    |FIFO_19798_0_0_we1              |   9|          2|    1|          2|
    |FIFO_197_0_0_ce0                |   9|          2|    1|          2|
    |FIFO_197_0_0_ce1                |   9|          2|    1|          2|
    |FIFO_197_0_0_we1                |   9|          2|    1|          2|
    |FIFO_197_0_1_ce0                |   9|          2|    1|          2|
    |FIFO_197_0_1_ce1                |   9|          2|    1|          2|
    |FIFO_197_0_1_we1                |   9|          2|    1|          2|
    |FIFO_197_0_2_ce0                |   9|          2|    1|          2|
    |FIFO_197_0_2_ce1                |   9|          2|    1|          2|
    |FIFO_197_0_2_we1                |   9|          2|    1|          2|
    |FIFO_197_0_3_ce0                |   9|          2|    1|          2|
    |FIFO_197_0_3_ce1                |   9|          2|    1|          2|
    |FIFO_197_0_3_we1                |   9|          2|    1|          2|
    |FIFO_197_0_4_ce0                |   9|          2|    1|          2|
    |FIFO_197_0_4_ce1                |   9|          2|    1|          2|
    |FIFO_197_0_4_we1                |   9|          2|    1|          2|
    |FIFO_19800_0_0_ce0              |   9|          2|    1|          2|
    |FIFO_19800_0_0_ce1              |   9|          2|    1|          2|
    |FIFO_19800_0_0_we1              |   9|          2|    1|          2|
    |FIFO_19999_0_0_ce0              |   9|          2|    1|          2|
    |FIFO_19999_0_0_ce1              |   9|          2|    1|          2|
    |FIFO_19999_0_0_we1              |   9|          2|    1|          2|
    |FIFO_199_0_0_ce0                |   9|          2|    1|          2|
    |FIFO_199_0_0_ce1                |   9|          2|    1|          2|
    |FIFO_199_0_0_we1                |   9|          2|    1|          2|
    |FIFO_199_0_1_ce0                |   9|          2|    1|          2|
    |FIFO_199_0_1_ce1                |   9|          2|    1|          2|
    |FIFO_199_0_1_we1                |   9|          2|    1|          2|
    |FIFO_199_0_2_ce0                |   9|          2|    1|          2|
    |FIFO_199_0_2_ce1                |   9|          2|    1|          2|
    |FIFO_199_0_2_we1                |   9|          2|    1|          2|
    |FIFO_199_0_3_ce0                |   9|          2|    1|          2|
    |FIFO_199_0_3_ce1                |   9|          2|    1|          2|
    |FIFO_199_0_3_we1                |   9|          2|    1|          2|
    |FIFO_199_0_4_ce0                |   9|          2|    1|          2|
    |FIFO_199_0_4_ce1                |   9|          2|    1|          2|
    |FIFO_199_0_4_we1                |   9|          2|    1|          2|
    |FIFO_199_0_5_ce0                |   9|          2|    1|          2|
    |FIFO_199_0_5_ce1                |   9|          2|    1|          2|
    |FIFO_199_0_5_we1                |   9|          2|    1|          2|
    |FIFO_199_0_6_ce0                |   9|          2|    1|          2|
    |FIFO_199_0_6_ce1                |   9|          2|    1|          2|
    |FIFO_199_0_6_we1                |   9|          2|    1|          2|
    |FIFO_2_0_0_ce0                  |   9|          2|    1|          2|
    |FIFO_2_0_0_ce1                  |   9|          2|    1|          2|
    |FIFO_2_0_0_we1                  |   9|          2|    1|          2|
    |FIFO_2_0_10_ce0                 |   9|          2|    1|          2|
    |FIFO_2_0_10_ce1                 |   9|          2|    1|          2|
    |FIFO_2_0_10_we1                 |   9|          2|    1|          2|
    |FIFO_2_0_11_ce0                 |   9|          2|    1|          2|
    |FIFO_2_0_11_ce1                 |   9|          2|    1|          2|
    |FIFO_2_0_11_we1                 |   9|          2|    1|          2|
    |FIFO_2_0_12_ce0                 |   9|          2|    1|          2|
    |FIFO_2_0_12_ce1                 |   9|          2|    1|          2|
    |FIFO_2_0_12_we1                 |   9|          2|    1|          2|
    |FIFO_2_0_13_ce0                 |   9|          2|    1|          2|
    |FIFO_2_0_13_ce1                 |   9|          2|    1|          2|
    |FIFO_2_0_13_we1                 |   9|          2|    1|          2|
    |FIFO_2_0_14_ce0                 |   9|          2|    1|          2|
    |FIFO_2_0_14_ce1                 |   9|          2|    1|          2|
    |FIFO_2_0_14_we1                 |   9|          2|    1|          2|
    |FIFO_2_0_15_ce0                 |   9|          2|    1|          2|
    |FIFO_2_0_15_ce1                 |   9|          2|    1|          2|
    |FIFO_2_0_15_we1                 |   9|          2|    1|          2|
    |FIFO_2_0_16_ce0                 |   9|          2|    1|          2|
    |FIFO_2_0_16_ce1                 |   9|          2|    1|          2|
    |FIFO_2_0_16_we1                 |   9|          2|    1|          2|
    |FIFO_2_0_17_ce0                 |   9|          2|    1|          2|
    |FIFO_2_0_17_ce1                 |   9|          2|    1|          2|
    |FIFO_2_0_17_we1                 |   9|          2|    1|          2|
    |FIFO_2_0_18_ce0                 |   9|          2|    1|          2|
    |FIFO_2_0_18_ce1                 |   9|          2|    1|          2|
    |FIFO_2_0_18_we1                 |   9|          2|    1|          2|
    |FIFO_2_0_19_ce0                 |   9|          2|    1|          2|
    |FIFO_2_0_19_ce1                 |   9|          2|    1|          2|
    |FIFO_2_0_19_we1                 |   9|          2|    1|          2|
    |FIFO_2_0_1_ce0                  |   9|          2|    1|          2|
    |FIFO_2_0_1_ce1                  |   9|          2|    1|          2|
    |FIFO_2_0_1_we1                  |   9|          2|    1|          2|
    |FIFO_2_0_20_ce0                 |   9|          2|    1|          2|
    |FIFO_2_0_20_ce1                 |   9|          2|    1|          2|
    |FIFO_2_0_20_we1                 |   9|          2|    1|          2|
    |FIFO_2_0_21_ce0                 |   9|          2|    1|          2|
    |FIFO_2_0_21_ce1                 |   9|          2|    1|          2|
    |FIFO_2_0_21_we1                 |   9|          2|    1|          2|
    |FIFO_2_0_22_ce0                 |   9|          2|    1|          2|
    |FIFO_2_0_22_ce1                 |   9|          2|    1|          2|
    |FIFO_2_0_22_we1                 |   9|          2|    1|          2|
    |FIFO_2_0_23_ce0                 |   9|          2|    1|          2|
    |FIFO_2_0_23_ce1                 |   9|          2|    1|          2|
    |FIFO_2_0_23_we1                 |   9|          2|    1|          2|
    |FIFO_2_0_24_ce0                 |   9|          2|    1|          2|
    |FIFO_2_0_24_ce1                 |   9|          2|    1|          2|
    |FIFO_2_0_24_we1                 |   9|          2|    1|          2|
    |FIFO_2_0_25_ce0                 |   9|          2|    1|          2|
    |FIFO_2_0_25_ce1                 |   9|          2|    1|          2|
    |FIFO_2_0_25_we1                 |   9|          2|    1|          2|
    |FIFO_2_0_26_ce0                 |   9|          2|    1|          2|
    |FIFO_2_0_26_ce1                 |   9|          2|    1|          2|
    |FIFO_2_0_26_we1                 |   9|          2|    1|          2|
    |FIFO_2_0_27_ce0                 |   9|          2|    1|          2|
    |FIFO_2_0_27_ce1                 |   9|          2|    1|          2|
    |FIFO_2_0_27_we1                 |   9|          2|    1|          2|
    |FIFO_2_0_28_ce0                 |   9|          2|    1|          2|
    |FIFO_2_0_28_ce1                 |   9|          2|    1|          2|
    |FIFO_2_0_28_we1                 |   9|          2|    1|          2|
    |FIFO_2_0_29_ce0                 |   9|          2|    1|          2|
    |FIFO_2_0_29_ce1                 |   9|          2|    1|          2|
    |FIFO_2_0_29_we1                 |   9|          2|    1|          2|
    |FIFO_2_0_2_ce0                  |   9|          2|    1|          2|
    |FIFO_2_0_2_ce1                  |   9|          2|    1|          2|
    |FIFO_2_0_2_we1                  |   9|          2|    1|          2|
    |FIFO_2_0_3_ce0                  |   9|          2|    1|          2|
    |FIFO_2_0_3_ce1                  |   9|          2|    1|          2|
    |FIFO_2_0_3_we1                  |   9|          2|    1|          2|
    |FIFO_2_0_4_ce0                  |   9|          2|    1|          2|
    |FIFO_2_0_4_ce1                  |   9|          2|    1|          2|
    |FIFO_2_0_4_we1                  |   9|          2|    1|          2|
    |FIFO_2_0_5_ce0                  |   9|          2|    1|          2|
    |FIFO_2_0_5_ce1                  |   9|          2|    1|          2|
    |FIFO_2_0_5_we1                  |   9|          2|    1|          2|
    |FIFO_2_0_6_ce0                  |   9|          2|    1|          2|
    |FIFO_2_0_6_ce1                  |   9|          2|    1|          2|
    |FIFO_2_0_6_we1                  |   9|          2|    1|          2|
    |FIFO_2_0_7_ce0                  |   9|          2|    1|          2|
    |FIFO_2_0_7_ce1                  |   9|          2|    1|          2|
    |FIFO_2_0_7_we1                  |   9|          2|    1|          2|
    |FIFO_2_0_8_ce0                  |   9|          2|    1|          2|
    |FIFO_2_0_8_ce1                  |   9|          2|    1|          2|
    |FIFO_2_0_8_we1                  |   9|          2|    1|          2|
    |FIFO_2_0_9_ce0                  |   9|          2|    1|          2|
    |FIFO_2_0_9_ce1                  |   9|          2|    1|          2|
    |FIFO_2_0_9_we1                  |   9|          2|    1|          2|
    |FIFO_ptrs_0_2_fu_640            |   9|          2|   32|         64|
    |FIFO_ptrs_10_2_fu_680           |   9|          2|   32|         64|
    |FIFO_ptrs_11_2_fu_684           |   9|          2|   32|         64|
    |FIFO_ptrs_12_2_fu_688           |   9|          2|   32|         64|
    |FIFO_ptrs_1_2_fu_644            |   9|          2|   32|         64|
    |FIFO_ptrs_2_2_fu_648            |   9|          2|   32|         64|
    |FIFO_ptrs_3_2_fu_652            |   9|          2|   32|         64|
    |FIFO_ptrs_4_2_fu_656            |   9|          2|   32|         64|
    |FIFO_ptrs_5_2_fu_660            |   9|          2|   32|         64|
    |FIFO_ptrs_6_2_fu_664            |   9|          2|   32|         64|
    |FIFO_ptrs_7_2_fu_668            |   9|          2|   32|         64|
    |FIFO_ptrs_8_2_fu_672            |   9|          2|   32|         64|
    |FIFO_ptrs_9_2_fu_676            |   9|          2|   32|         64|
    |ap_NS_fsm                       |  44|          9|    1|          9|
    |burst_index_in_total_reg_775    |   9|          2|   31|         62|
    |burst_index_load_reg_751        |   9|          2|   32|         64|
    |burst_index_store_reg_763       |   9|          2|   32|         64|
    |gmem1_AWVALID                   |   9|          2|    1|          2|
    |gmem1_BREADY                    |   9|          2|    1|          2|
    |gmem1_WVALID                    |   9|          2|    1|          2|
    |gmem2_ARVALID                   |   9|          2|    1|          2|
    |gmem2_RREADY                    |   9|          2|    1|          2|
    |grp_compute_fu_810_input_0_q0   |  15|          3|   32|         96|
    |grp_compute_fu_810_input_10_q0  |  15|          3|   32|         96|
    |grp_compute_fu_810_input_11_q0  |  15|          3|   32|         96|
    |grp_compute_fu_810_input_12_q0  |  15|          3|   32|         96|
    |grp_compute_fu_810_input_13_q0  |  15|          3|   32|         96|
    |grp_compute_fu_810_input_14_q0  |  15|          3|   32|         96|
    |grp_compute_fu_810_input_15_q0  |  15|          3|   32|         96|
    |grp_compute_fu_810_input_1_q0   |  15|          3|   32|         96|
    |grp_compute_fu_810_input_2_q0   |  15|          3|   32|         96|
    |grp_compute_fu_810_input_3_q0   |  15|          3|   32|         96|
    |grp_compute_fu_810_input_4_q0   |  15|          3|   32|         96|
    |grp_compute_fu_810_input_5_q0   |  15|          3|   32|         96|
    |grp_compute_fu_810_input_6_q0   |  15|          3|   32|         96|
    |grp_compute_fu_810_input_7_q0   |  15|          3|   32|         96|
    |grp_compute_fu_810_input_8_q0   |  15|          3|   32|         96|
    |grp_compute_fu_810_input_9_q0   |  15|          3|   32|         96|
    |grp_store_fu_919_from_0_q0      |  15|          3|   32|         96|
    |grp_store_fu_919_from_10_q0     |  15|          3|   32|         96|
    |grp_store_fu_919_from_11_q0     |  15|          3|   32|         96|
    |grp_store_fu_919_from_12_q0     |  15|          3|   32|         96|
    |grp_store_fu_919_from_13_q0     |  15|          3|   32|         96|
    |grp_store_fu_919_from_14_q0     |  15|          3|   32|         96|
    |grp_store_fu_919_from_15_q0     |  15|          3|   32|         96|
    |grp_store_fu_919_from_1_q0      |  15|          3|   32|         96|
    |grp_store_fu_919_from_2_q0      |  15|          3|   32|         96|
    |grp_store_fu_919_from_3_q0      |  15|          3|   32|         96|
    |grp_store_fu_919_from_4_q0      |  15|          3|   32|         96|
    |grp_store_fu_919_from_5_q0      |  15|          3|   32|         96|
    |grp_store_fu_919_from_6_q0      |  15|          3|   32|         96|
    |grp_store_fu_919_from_7_q0      |  15|          3|   32|         96|
    |grp_store_fu_919_from_8_q0      |  15|          3|   32|         96|
    |grp_store_fu_919_from_9_q0      |  15|          3|   32|         96|
    |i_base_0_2_fu_692               |   9|          2|   32|         64|
    |input_0_0_0_address0            |  15|          3|   13|         39|
    |input_0_0_0_ce0                 |  15|          3|    1|          3|
    |input_0_0_0_we0                 |   9|          2|    1|          2|
    |input_0_0_10_address0           |  15|          3|   13|         39|
    |input_0_0_10_ce0                |  15|          3|    1|          3|
    |input_0_0_10_we0                |   9|          2|    1|          2|
    |input_0_0_11_address0           |  15|          3|   13|         39|
    |input_0_0_11_ce0                |  15|          3|    1|          3|
    |input_0_0_11_we0                |   9|          2|    1|          2|
    |input_0_0_12_address0           |  15|          3|   13|         39|
    |input_0_0_12_ce0                |  15|          3|    1|          3|
    |input_0_0_12_we0                |   9|          2|    1|          2|
    |input_0_0_13_address0           |  15|          3|   13|         39|
    |input_0_0_13_ce0                |  15|          3|    1|          3|
    |input_0_0_13_we0                |   9|          2|    1|          2|
    |input_0_0_14_address0           |  15|          3|   13|         39|
    |input_0_0_14_ce0                |  15|          3|    1|          3|
    |input_0_0_14_we0                |   9|          2|    1|          2|
    |input_0_0_15_address0           |  15|          3|   13|         39|
    |input_0_0_15_ce0                |  15|          3|    1|          3|
    |input_0_0_15_we0                |   9|          2|    1|          2|
    |input_0_0_1_address0            |  15|          3|   13|         39|
    |input_0_0_1_ce0                 |  15|          3|    1|          3|
    |input_0_0_1_we0                 |   9|          2|    1|          2|
    |input_0_0_2_address0            |  15|          3|   13|         39|
    |input_0_0_2_ce0                 |  15|          3|    1|          3|
    |input_0_0_2_we0                 |   9|          2|    1|          2|
    |input_0_0_3_address0            |  15|          3|   13|         39|
    |input_0_0_3_ce0                 |  15|          3|    1|          3|
    |input_0_0_3_we0                 |   9|          2|    1|          2|
    |input_0_0_4_address0            |  15|          3|   13|         39|
    |input_0_0_4_ce0                 |  15|          3|    1|          3|
    |input_0_0_4_we0                 |   9|          2|    1|          2|
    |input_0_0_5_address0            |  15|          3|   13|         39|
    |input_0_0_5_ce0                 |  15|          3|    1|          3|
    |input_0_0_5_we0                 |   9|          2|    1|          2|
    |input_0_0_6_address0            |  15|          3|   13|         39|
    |input_0_0_6_ce0                 |  15|          3|    1|          3|
    |input_0_0_6_we0                 |   9|          2|    1|          2|
    |input_0_0_7_address0            |  15|          3|   13|         39|
    |input_0_0_7_ce0                 |  15|          3|    1|          3|
    |input_0_0_7_we0                 |   9|          2|    1|          2|
    |input_0_0_8_address0            |  15|          3|   13|         39|
    |input_0_0_8_ce0                 |  15|          3|    1|          3|
    |input_0_0_8_we0                 |   9|          2|    1|          2|
    |input_0_0_9_address0            |  15|          3|   13|         39|
    |input_0_0_9_ce0                 |  15|          3|    1|          3|
    |input_0_0_9_we0                 |   9|          2|    1|          2|
    |input_1_0_0_address0            |  15|          3|   13|         39|
    |input_1_0_0_ce0                 |  15|          3|    1|          3|
    |input_1_0_0_we0                 |   9|          2|    1|          2|
    |input_1_0_10_address0           |  15|          3|   13|         39|
    |input_1_0_10_ce0                |  15|          3|    1|          3|
    |input_1_0_10_we0                |   9|          2|    1|          2|
    |input_1_0_11_address0           |  15|          3|   13|         39|
    |input_1_0_11_ce0                |  15|          3|    1|          3|
    |input_1_0_11_we0                |   9|          2|    1|          2|
    |input_1_0_12_address0           |  15|          3|   13|         39|
    |input_1_0_12_ce0                |  15|          3|    1|          3|
    |input_1_0_12_we0                |   9|          2|    1|          2|
    |input_1_0_13_address0           |  15|          3|   13|         39|
    |input_1_0_13_ce0                |  15|          3|    1|          3|
    |input_1_0_13_we0                |   9|          2|    1|          2|
    |input_1_0_14_address0           |  15|          3|   13|         39|
    |input_1_0_14_ce0                |  15|          3|    1|          3|
    |input_1_0_14_we0                |   9|          2|    1|          2|
    |input_1_0_15_address0           |  15|          3|   13|         39|
    |input_1_0_15_ce0                |  15|          3|    1|          3|
    |input_1_0_15_we0                |   9|          2|    1|          2|
    |input_1_0_1_address0            |  15|          3|   13|         39|
    |input_1_0_1_ce0                 |  15|          3|    1|          3|
    |input_1_0_1_we0                 |   9|          2|    1|          2|
    |input_1_0_2_address0            |  15|          3|   13|         39|
    |input_1_0_2_ce0                 |  15|          3|    1|          3|
    |input_1_0_2_we0                 |   9|          2|    1|          2|
    |input_1_0_3_address0            |  15|          3|   13|         39|
    |input_1_0_3_ce0                 |  15|          3|    1|          3|
    |input_1_0_3_we0                 |   9|          2|    1|          2|
    |input_1_0_4_address0            |  15|          3|   13|         39|
    |input_1_0_4_ce0                 |  15|          3|    1|          3|
    |input_1_0_4_we0                 |   9|          2|    1|          2|
    |input_1_0_5_address0            |  15|          3|   13|         39|
    |input_1_0_5_ce0                 |  15|          3|    1|          3|
    |input_1_0_5_we0                 |   9|          2|    1|          2|
    |input_1_0_6_address0            |  15|          3|   13|         39|
    |input_1_0_6_ce0                 |  15|          3|    1|          3|
    |input_1_0_6_we0                 |   9|          2|    1|          2|
    |input_1_0_7_address0            |  15|          3|   13|         39|
    |input_1_0_7_ce0                 |  15|          3|    1|          3|
    |input_1_0_7_we0                 |   9|          2|    1|          2|
    |input_1_0_8_address0            |  15|          3|   13|         39|
    |input_1_0_8_ce0                 |  15|          3|    1|          3|
    |input_1_0_8_we0                 |   9|          2|    1|          2|
    |input_1_0_9_address0            |  15|          3|   13|         39|
    |input_1_0_9_ce0                 |  15|          3|    1|          3|
    |input_1_0_9_we0                 |   9|          2|    1|          2|
    |invdar_reg_740                  |   9|          2|    4|          8|
    |j_base_0_2_fu_696               |   9|          2|   32|         64|
    |k_base_0_2_fu_700               |   9|          2|   32|         64|
    |output_0_0_0_address0           |  15|          3|   13|         39|
    |output_0_0_0_ce0                |  15|          3|    1|          3|
    |output_0_0_0_we0                |   9|          2|    1|          2|
    |output_0_0_10_address0          |  15|          3|   13|         39|
    |output_0_0_10_ce0               |  15|          3|    1|          3|
    |output_0_0_10_we0               |   9|          2|    1|          2|
    |output_0_0_11_address0          |  15|          3|   13|         39|
    |output_0_0_11_ce0               |  15|          3|    1|          3|
    |output_0_0_11_we0               |   9|          2|    1|          2|
    |output_0_0_12_address0          |  15|          3|   13|         39|
    |output_0_0_12_ce0               |  15|          3|    1|          3|
    |output_0_0_12_we0               |   9|          2|    1|          2|
    |output_0_0_13_address0          |  15|          3|   13|         39|
    |output_0_0_13_ce0               |  15|          3|    1|          3|
    |output_0_0_13_we0               |   9|          2|    1|          2|
    |output_0_0_14_address0          |  15|          3|   13|         39|
    |output_0_0_14_ce0               |  15|          3|    1|          3|
    |output_0_0_14_we0               |   9|          2|    1|          2|
    |output_0_0_15_address0          |  15|          3|   13|         39|
    |output_0_0_15_ce0               |  15|          3|    1|          3|
    |output_0_0_15_we0               |   9|          2|    1|          2|
    |output_0_0_1_address0           |  15|          3|   13|         39|
    |output_0_0_1_ce0                |  15|          3|    1|          3|
    |output_0_0_1_we0                |   9|          2|    1|          2|
    |output_0_0_2_address0           |  15|          3|   13|         39|
    |output_0_0_2_ce0                |  15|          3|    1|          3|
    |output_0_0_2_we0                |   9|          2|    1|          2|
    |output_0_0_3_address0           |  15|          3|   13|         39|
    |output_0_0_3_ce0                |  15|          3|    1|          3|
    |output_0_0_3_we0                |   9|          2|    1|          2|
    |output_0_0_4_address0           |  15|          3|   13|         39|
    |output_0_0_4_ce0                |  15|          3|    1|          3|
    |output_0_0_4_we0                |   9|          2|    1|          2|
    |output_0_0_5_address0           |  15|          3|   13|         39|
    |output_0_0_5_ce0                |  15|          3|    1|          3|
    |output_0_0_5_we0                |   9|          2|    1|          2|
    |output_0_0_6_address0           |  15|          3|   13|         39|
    |output_0_0_6_ce0                |  15|          3|    1|          3|
    |output_0_0_6_we0                |   9|          2|    1|          2|
    |output_0_0_7_address0           |  15|          3|   13|         39|
    |output_0_0_7_ce0                |  15|          3|    1|          3|
    |output_0_0_7_we0                |   9|          2|    1|          2|
    |output_0_0_8_address0           |  15|          3|   13|         39|
    |output_0_0_8_ce0                |  15|          3|    1|          3|
    |output_0_0_8_we0                |   9|          2|    1|          2|
    |output_0_0_9_address0           |  15|          3|   13|         39|
    |output_0_0_9_ce0                |  15|          3|    1|          3|
    |output_0_0_9_we0                |   9|          2|    1|          2|
    |output_1_0_0_address0           |  15|          3|   13|         39|
    |output_1_0_0_ce0                |  15|          3|    1|          3|
    |output_1_0_0_we0                |   9|          2|    1|          2|
    |output_1_0_10_address0          |  15|          3|   13|         39|
    |output_1_0_10_ce0               |  15|          3|    1|          3|
    |output_1_0_10_we0               |   9|          2|    1|          2|
    |output_1_0_11_address0          |  15|          3|   13|         39|
    |output_1_0_11_ce0               |  15|          3|    1|          3|
    |output_1_0_11_we0               |   9|          2|    1|          2|
    |output_1_0_12_address0          |  15|          3|   13|         39|
    |output_1_0_12_ce0               |  15|          3|    1|          3|
    |output_1_0_12_we0               |   9|          2|    1|          2|
    |output_1_0_13_address0          |  15|          3|   13|         39|
    |output_1_0_13_ce0               |  15|          3|    1|          3|
    |output_1_0_13_we0               |   9|          2|    1|          2|
    |output_1_0_14_address0          |  15|          3|   13|         39|
    |output_1_0_14_ce0               |  15|          3|    1|          3|
    |output_1_0_14_we0               |   9|          2|    1|          2|
    |output_1_0_15_address0          |  15|          3|   13|         39|
    |output_1_0_15_ce0               |  15|          3|    1|          3|
    |output_1_0_15_we0               |   9|          2|    1|          2|
    |output_1_0_1_address0           |  15|          3|   13|         39|
    |output_1_0_1_ce0                |  15|          3|    1|          3|
    |output_1_0_1_we0                |   9|          2|    1|          2|
    |output_1_0_2_address0           |  15|          3|   13|         39|
    |output_1_0_2_ce0                |  15|          3|    1|          3|
    |output_1_0_2_we0                |   9|          2|    1|          2|
    |output_1_0_3_address0           |  15|          3|   13|         39|
    |output_1_0_3_ce0                |  15|          3|    1|          3|
    |output_1_0_3_we0                |   9|          2|    1|          2|
    |output_1_0_4_address0           |  15|          3|   13|         39|
    |output_1_0_4_ce0                |  15|          3|    1|          3|
    |output_1_0_4_we0                |   9|          2|    1|          2|
    |output_1_0_5_address0           |  15|          3|   13|         39|
    |output_1_0_5_ce0                |  15|          3|    1|          3|
    |output_1_0_5_we0                |   9|          2|    1|          2|
    |output_1_0_6_address0           |  15|          3|   13|         39|
    |output_1_0_6_ce0                |  15|          3|    1|          3|
    |output_1_0_6_we0                |   9|          2|    1|          2|
    |output_1_0_7_address0           |  15|          3|   13|         39|
    |output_1_0_7_ce0                |  15|          3|    1|          3|
    |output_1_0_7_we0                |   9|          2|    1|          2|
    |output_1_0_8_address0           |  15|          3|   13|         39|
    |output_1_0_8_ce0                |  15|          3|    1|          3|
    |output_1_0_8_we0                |   9|          2|    1|          2|
    |output_1_0_9_address0           |  15|          3|   13|         39|
    |output_1_0_9_ce0                |  15|          3|    1|          3|
    |output_1_0_9_we0                |   9|          2|    1|          2|
    |p_01_idx_reg_786                |   9|          2|   64|        128|
    |p_0_idx_reg_798                 |   9|          2|   64|        128|
    +--------------------------------+----+-----------+-----+-----------+
    |Total                           |4721|        995| 2891|       7709|
    +--------------------------------+----+-----------+-----+-----------+

    * Register: 
    +--------------------------------------+----+----+-----+-----------+
    |                 Name                 | FF | LUT| Bits| Const Bits|
    +--------------------------------------+----+----+-----+-----------+
    |FIFO_ptrs_0_1_reg_2151                |  32|   0|   32|          0|
    |FIFO_ptrs_0_2_fu_640                  |  32|   0|   32|          0|
    |FIFO_ptrs_0_2_load_reg_2382           |  32|   0|   32|          0|
    |FIFO_ptrs_10_1_reg_2201               |  32|   0|   32|          0|
    |FIFO_ptrs_10_2_fu_680                 |  32|   0|   32|          0|
    |FIFO_ptrs_10_2_load_reg_2432          |  32|   0|   32|          0|
    |FIFO_ptrs_10_fu_156                   |  32|   0|   32|          0|
    |FIFO_ptrs_11_1_reg_2206               |  32|   0|   32|          0|
    |FIFO_ptrs_11_2_fu_684                 |  32|   0|   32|          0|
    |FIFO_ptrs_11_2_load_reg_2437          |  32|   0|   32|          0|
    |FIFO_ptrs_11_fu_160                   |  32|   0|   32|          0|
    |FIFO_ptrs_12_1_reg_2211               |  32|   0|   32|          0|
    |FIFO_ptrs_12_2_fu_688                 |  32|   0|   32|          0|
    |FIFO_ptrs_12_2_load_reg_2442          |  32|   0|   32|          0|
    |FIFO_ptrs_1_1_reg_2156                |  32|   0|   32|          0|
    |FIFO_ptrs_1_2_fu_644                  |  32|   0|   32|          0|
    |FIFO_ptrs_1_2_load_reg_2387           |  32|   0|   32|          0|
    |FIFO_ptrs_1_fu_120                    |  32|   0|   32|          0|
    |FIFO_ptrs_2_1_reg_2161                |  32|   0|   32|          0|
    |FIFO_ptrs_2_2_fu_648                  |  32|   0|   32|          0|
    |FIFO_ptrs_2_2_load_reg_2392           |  32|   0|   32|          0|
    |FIFO_ptrs_2_fu_124                    |  32|   0|   32|          0|
    |FIFO_ptrs_3_1_reg_2166                |  32|   0|   32|          0|
    |FIFO_ptrs_3_2_fu_652                  |  32|   0|   32|          0|
    |FIFO_ptrs_3_2_load_reg_2397           |  32|   0|   32|          0|
    |FIFO_ptrs_3_fu_128                    |  32|   0|   32|          0|
    |FIFO_ptrs_4_1_reg_2171                |  32|   0|   32|          0|
    |FIFO_ptrs_4_2_fu_656                  |  32|   0|   32|          0|
    |FIFO_ptrs_4_2_load_reg_2402           |  32|   0|   32|          0|
    |FIFO_ptrs_4_fu_132                    |  32|   0|   32|          0|
    |FIFO_ptrs_5_1_reg_2176                |  32|   0|   32|          0|
    |FIFO_ptrs_5_2_fu_660                  |  32|   0|   32|          0|
    |FIFO_ptrs_5_2_load_reg_2407           |  32|   0|   32|          0|
    |FIFO_ptrs_5_fu_136                    |  32|   0|   32|          0|
    |FIFO_ptrs_6_1_reg_2181                |  32|   0|   32|          0|
    |FIFO_ptrs_6_2_fu_664                  |  32|   0|   32|          0|
    |FIFO_ptrs_6_2_load_reg_2412           |  32|   0|   32|          0|
    |FIFO_ptrs_6_fu_140                    |  32|   0|   32|          0|
    |FIFO_ptrs_7_1_reg_2186                |  32|   0|   32|          0|
    |FIFO_ptrs_7_2_fu_668                  |  32|   0|   32|          0|
    |FIFO_ptrs_7_2_load_reg_2417           |  32|   0|   32|          0|
    |FIFO_ptrs_7_fu_144                    |  32|   0|   32|          0|
    |FIFO_ptrs_8_1_reg_2191                |  32|   0|   32|          0|
    |FIFO_ptrs_8_2_fu_672                  |  32|   0|   32|          0|
    |FIFO_ptrs_8_2_load_reg_2422           |  32|   0|   32|          0|
    |FIFO_ptrs_8_fu_148                    |  32|   0|   32|          0|
    |FIFO_ptrs_9_1_reg_2196                |  32|   0|   32|          0|
    |FIFO_ptrs_9_2_fu_676                  |  32|   0|   32|          0|
    |FIFO_ptrs_9_2_load_reg_2427           |  32|   0|   32|          0|
    |FIFO_ptrs_9_fu_152                    |  32|   0|   32|          0|
    |FIFO_ptrs_fu_116                      |  32|   0|   32|          0|
    |FIFO_ptrs_s_fu_164                    |  32|   0|   32|          0|
    |ap_CS_fsm                             |   8|   0|    8|          0|
    |ap_reg_grp_compute_fu_810_ap_start    |   1|   0|    1|          0|
    |ap_reg_grp_load_fu_945_ap_start       |   1|   0|    1|          0|
    |ap_reg_grp_store_fu_919_ap_start      |   1|   0|    1|          0|
    |ap_rst_n_inv                          |   1|   0|    1|          0|
    |burst_index_in_total_1_reg_2358       |  31|   0|   31|          0|
    |burst_index_in_total_reg_775          |  31|   0|   31|          0|
    |burst_index_load_2_reg_2467           |  32|   0|   32|          0|
    |burst_index_load_reg_751              |  32|   0|   32|          0|
    |burst_index_store_2_reg_2477          |  32|   0|   32|          0|
    |burst_index_store_reg_763             |  32|   0|   32|          0|
    |compute_flag_reg_2370                 |   1|   0|    1|          0|
    |extra_space_i_coalesed_read_reg_2125  |  64|   0|   64|          0|
    |extra_space_o_coalesed_read_reg_2120  |  64|   0|   64|          0|
    |i_base_0_2_fu_692                     |  32|   0|   32|          0|
    |i_base_0_2_load_reg_2447              |  32|   0|   32|          0|
    |invdar_reg_740                        |   4|   0|    4|          0|
    |j_base_0_2_fu_696                     |  32|   0|   32|          0|
    |j_base_0_2_load_reg_2452              |  32|   0|   32|          0|
    |k_base_0_2_fu_700                     |  32|   0|   32|          0|
    |k_base_0_2_load_reg_2457              |  32|   0|   32|          0|
    |load_flag_reg_2363                    |   1|   0|    1|          0|
    |p_01_idx_reg_786                      |  64|   0|   64|          0|
    |p_0_idx_reg_798                       |  64|   0|   64|          0|
    |p_sum4_reg_2341                       |  64|   0|   64|          0|
    |p_sum_reg_2346                        |  64|   0|   64|          0|
    |store_flag_reg_2375                   |   1|   0|    1|          0|
    |tile_burst_num_read_reg_2130          |  64|   0|   64|          0|
    |tmp_5_reg_2472                        |   1|   0|    1|          0|
    |tmp_7_reg_2462                        |   1|   0|    1|          0|
    |tmp_8_reg_2331                        |  32|   0|   32|          0|
    |tmp_9_reg_2336                        |  32|   0|   32|          0|
    |tmp_reg_2351                          |   1|   0|    1|          0|
    |total_burst_num_read_reg_2113         |  32|   0|   32|          0|
    |var_input_V3_reg_2136                 |  58|   0|   58|          0|
    |var_output_V1_reg_2141                |  58|   0|   58|          0|
    +--------------------------------------+----+----+-----+-----------+
    |Total                                 |2728|   0| 2728|          0|
    +--------------------------------------+----+----+-----+-----------+



================================================================
== Interface
================================================================
* Summary: 
+-----------------------+-----+-----+------------+-----------------+--------------+
|       RTL Ports       | Dir | Bits|  Protocol  |  Source Object  |    C Type    |
+-----------------------+-----+-----+------------+-----------------+--------------+
|s_axi_control_AWVALID  |  in |    1|    s_axi   |     control     |    scalar    |
|s_axi_control_AWREADY  | out |    1|    s_axi   |     control     |    scalar    |
|s_axi_control_AWADDR   |  in |    7|    s_axi   |     control     |    scalar    |
|s_axi_control_WVALID   |  in |    1|    s_axi   |     control     |    scalar    |
|s_axi_control_WREADY   | out |    1|    s_axi   |     control     |    scalar    |
|s_axi_control_WDATA    |  in |   32|    s_axi   |     control     |    scalar    |
|s_axi_control_WSTRB    |  in |    4|    s_axi   |     control     |    scalar    |
|s_axi_control_ARVALID  |  in |    1|    s_axi   |     control     |    scalar    |
|s_axi_control_ARREADY  | out |    1|    s_axi   |     control     |    scalar    |
|s_axi_control_ARADDR   |  in |    7|    s_axi   |     control     |    scalar    |
|s_axi_control_RVALID   | out |    1|    s_axi   |     control     |    scalar    |
|s_axi_control_RREADY   |  in |    1|    s_axi   |     control     |    scalar    |
|s_axi_control_RDATA    | out |   32|    s_axi   |     control     |    scalar    |
|s_axi_control_RRESP    | out |    2|    s_axi   |     control     |    scalar    |
|s_axi_control_BVALID   | out |    1|    s_axi   |     control     |    scalar    |
|s_axi_control_BREADY   |  in |    1|    s_axi   |     control     |    scalar    |
|s_axi_control_BRESP    | out |    2|    s_axi   |     control     |    scalar    |
|ap_clk                 |  in |    1| ap_ctrl_hs | jacobi3d_kernel | return value |
|ap_rst_n               |  in |    1| ap_ctrl_hs | jacobi3d_kernel | return value |
|interrupt              | out |    1| ap_ctrl_hs | jacobi3d_kernel | return value |
|m_axi_gmem1_AWVALID    | out |    1|    m_axi   |      gmem1      |    pointer   |
|m_axi_gmem1_AWREADY    |  in |    1|    m_axi   |      gmem1      |    pointer   |
|m_axi_gmem1_AWADDR     | out |   64|    m_axi   |      gmem1      |    pointer   |
|m_axi_gmem1_AWID       | out |    1|    m_axi   |      gmem1      |    pointer   |
|m_axi_gmem1_AWLEN      | out |    8|    m_axi   |      gmem1      |    pointer   |
|m_axi_gmem1_AWSIZE     | out |    3|    m_axi   |      gmem1      |    pointer   |
|m_axi_gmem1_AWBURST    | out |    2|    m_axi   |      gmem1      |    pointer   |
|m_axi_gmem1_AWLOCK     | out |    2|    m_axi   |      gmem1      |    pointer   |
|m_axi_gmem1_AWCACHE    | out |    4|    m_axi   |      gmem1      |    pointer   |
|m_axi_gmem1_AWPROT     | out |    3|    m_axi   |      gmem1      |    pointer   |
|m_axi_gmem1_AWQOS      | out |    4|    m_axi   |      gmem1      |    pointer   |
|m_axi_gmem1_AWREGION   | out |    4|    m_axi   |      gmem1      |    pointer   |
|m_axi_gmem1_AWUSER     | out |    1|    m_axi   |      gmem1      |    pointer   |
|m_axi_gmem1_WVALID     | out |    1|    m_axi   |      gmem1      |    pointer   |
|m_axi_gmem1_WREADY     |  in |    1|    m_axi   |      gmem1      |    pointer   |
|m_axi_gmem1_WDATA      | out |  512|    m_axi   |      gmem1      |    pointer   |
|m_axi_gmem1_WSTRB      | out |   64|    m_axi   |      gmem1      |    pointer   |
|m_axi_gmem1_WLAST      | out |    1|    m_axi   |      gmem1      |    pointer   |
|m_axi_gmem1_WID        | out |    1|    m_axi   |      gmem1      |    pointer   |
|m_axi_gmem1_WUSER      | out |    1|    m_axi   |      gmem1      |    pointer   |
|m_axi_gmem1_ARVALID    | out |    1|    m_axi   |      gmem1      |    pointer   |
|m_axi_gmem1_ARREADY    |  in |    1|    m_axi   |      gmem1      |    pointer   |
|m_axi_gmem1_ARADDR     | out |   64|    m_axi   |      gmem1      |    pointer   |
|m_axi_gmem1_ARID       | out |    1|    m_axi   |      gmem1      |    pointer   |
|m_axi_gmem1_ARLEN      | out |    8|    m_axi   |      gmem1      |    pointer   |
|m_axi_gmem1_ARSIZE     | out |    3|    m_axi   |      gmem1      |    pointer   |
|m_axi_gmem1_ARBURST    | out |    2|    m_axi   |      gmem1      |    pointer   |
|m_axi_gmem1_ARLOCK     | out |    2|    m_axi   |      gmem1      |    pointer   |
|m_axi_gmem1_ARCACHE    | out |    4|    m_axi   |      gmem1      |    pointer   |
|m_axi_gmem1_ARPROT     | out |    3|    m_axi   |      gmem1      |    pointer   |
|m_axi_gmem1_ARQOS      | out |    4|    m_axi   |      gmem1      |    pointer   |
|m_axi_gmem1_ARREGION   | out |    4|    m_axi   |      gmem1      |    pointer   |
|m_axi_gmem1_ARUSER     | out |    1|    m_axi   |      gmem1      |    pointer   |
|m_axi_gmem1_RVALID     |  in |    1|    m_axi   |      gmem1      |    pointer   |
|m_axi_gmem1_RREADY     | out |    1|    m_axi   |      gmem1      |    pointer   |
|m_axi_gmem1_RDATA      |  in |  512|    m_axi   |      gmem1      |    pointer   |
|m_axi_gmem1_RLAST      |  in |    1|    m_axi   |      gmem1      |    pointer   |
|m_axi_gmem1_RID        |  in |    1|    m_axi   |      gmem1      |    pointer   |
|m_axi_gmem1_RUSER      |  in |    1|    m_axi   |      gmem1      |    pointer   |
|m_axi_gmem1_RRESP      |  in |    2|    m_axi   |      gmem1      |    pointer   |
|m_axi_gmem1_BVALID     |  in |    1|    m_axi   |      gmem1      |    pointer   |
|m_axi_gmem1_BREADY     | out |    1|    m_axi   |      gmem1      |    pointer   |
|m_axi_gmem1_BRESP      |  in |    2|    m_axi   |      gmem1      |    pointer   |
|m_axi_gmem1_BID        |  in |    1|    m_axi   |      gmem1      |    pointer   |
|m_axi_gmem1_BUSER      |  in |    1|    m_axi   |      gmem1      |    pointer   |
|m_axi_gmem2_AWVALID    | out |    1|    m_axi   |      gmem2      |    pointer   |
|m_axi_gmem2_AWREADY    |  in |    1|    m_axi   |      gmem2      |    pointer   |
|m_axi_gmem2_AWADDR     | out |   64|    m_axi   |      gmem2      |    pointer   |
|m_axi_gmem2_AWID       | out |    1|    m_axi   |      gmem2      |    pointer   |
|m_axi_gmem2_AWLEN      | out |    8|    m_axi   |      gmem2      |    pointer   |
|m_axi_gmem2_AWSIZE     | out |    3|    m_axi   |      gmem2      |    pointer   |
|m_axi_gmem2_AWBURST    | out |    2|    m_axi   |      gmem2      |    pointer   |
|m_axi_gmem2_AWLOCK     | out |    2|    m_axi   |      gmem2      |    pointer   |
|m_axi_gmem2_AWCACHE    | out |    4|    m_axi   |      gmem2      |    pointer   |
|m_axi_gmem2_AWPROT     | out |    3|    m_axi   |      gmem2      |    pointer   |
|m_axi_gmem2_AWQOS      | out |    4|    m_axi   |      gmem2      |    pointer   |
|m_axi_gmem2_AWREGION   | out |    4|    m_axi   |      gmem2      |    pointer   |
|m_axi_gmem2_AWUSER     | out |    1|    m_axi   |      gmem2      |    pointer   |
|m_axi_gmem2_WVALID     | out |    1|    m_axi   |      gmem2      |    pointer   |
|m_axi_gmem2_WREADY     |  in |    1|    m_axi   |      gmem2      |    pointer   |
|m_axi_gmem2_WDATA      | out |  512|    m_axi   |      gmem2      |    pointer   |
|m_axi_gmem2_WSTRB      | out |   64|    m_axi   |      gmem2      |    pointer   |
|m_axi_gmem2_WLAST      | out |    1|    m_axi   |      gmem2      |    pointer   |
|m_axi_gmem2_WID        | out |    1|    m_axi   |      gmem2      |    pointer   |
|m_axi_gmem2_WUSER      | out |    1|    m_axi   |      gmem2      |    pointer   |
|m_axi_gmem2_ARVALID    | out |    1|    m_axi   |      gmem2      |    pointer   |
|m_axi_gmem2_ARREADY    |  in |    1|    m_axi   |      gmem2      |    pointer   |
|m_axi_gmem2_ARADDR     | out |   64|    m_axi   |      gmem2      |    pointer   |
|m_axi_gmem2_ARID       | out |    1|    m_axi   |      gmem2      |    pointer   |
|m_axi_gmem2_ARLEN      | out |    8|    m_axi   |      gmem2      |    pointer   |
|m_axi_gmem2_ARSIZE     | out |    3|    m_axi   |      gmem2      |    pointer   |
|m_axi_gmem2_ARBURST    | out |    2|    m_axi   |      gmem2      |    pointer   |
|m_axi_gmem2_ARLOCK     | out |    2|    m_axi   |      gmem2      |    pointer   |
|m_axi_gmem2_ARCACHE    | out |    4|    m_axi   |      gmem2      |    pointer   |
|m_axi_gmem2_ARPROT     | out |    3|    m_axi   |      gmem2      |    pointer   |
|m_axi_gmem2_ARQOS      | out |    4|    m_axi   |      gmem2      |    pointer   |
|m_axi_gmem2_ARREGION   | out |    4|    m_axi   |      gmem2      |    pointer   |
|m_axi_gmem2_ARUSER     | out |    1|    m_axi   |      gmem2      |    pointer   |
|m_axi_gmem2_RVALID     |  in |    1|    m_axi   |      gmem2      |    pointer   |
|m_axi_gmem2_RREADY     | out |    1|    m_axi   |      gmem2      |    pointer   |
|m_axi_gmem2_RDATA      |  in |  512|    m_axi   |      gmem2      |    pointer   |
|m_axi_gmem2_RLAST      |  in |    1|    m_axi   |      gmem2      |    pointer   |
|m_axi_gmem2_RID        |  in |    1|    m_axi   |      gmem2      |    pointer   |
|m_axi_gmem2_RUSER      |  in |    1|    m_axi   |      gmem2      |    pointer   |
|m_axi_gmem2_RRESP      |  in |    2|    m_axi   |      gmem2      |    pointer   |
|m_axi_gmem2_BVALID     |  in |    1|    m_axi   |      gmem2      |    pointer   |
|m_axi_gmem2_BREADY     | out |    1|    m_axi   |      gmem2      |    pointer   |
|m_axi_gmem2_BRESP      |  in |    2|    m_axi   |      gmem2      |    pointer   |
|m_axi_gmem2_BID        |  in |    1|    m_axi   |      gmem2      |    pointer   |
|m_axi_gmem2_BUSER      |  in |    1|    m_axi   |      gmem2      |    pointer   |
+-----------------------+-----+-----+------------+-----------------+--------------+

