

================================================================
== Vivado HLS Report for 'jacobi3d_kernel'
================================================================
* Date:           Fri Sep 15 00:57:04 2017

* Version:        2017.1 (Build 1846317 on Thu Jun 22 18:17:09 MDT 2017)
* Project:        jacobi3d_kernel
* Solution:       solution_OCL_REGION_0
* Product family: virtex7
* Target device:  xc7vx690tffg1157-2


================================================================
== Performance Estimates
================================================================
+ Timing (ns): 
    * Summary: 
    +--------+-------+----------+------------+
    |  Clock | Target| Estimated| Uncertainty|
    +--------+-------+----------+------------+
    |ap_clk  |   5.00|      3.65|        1.35|
    +--------+-------+----------+------------+

+ Latency (clock cycles): 
    * Summary: 
    +-----+-----+-----+-----+---------+
    |  Latency  |  Interval | Pipeline|
    | min | max | min | max |   Type  |
    +-----+-----+-----+-----+---------+
    |    ?|    ?|    ?|    ?|   none  |
    +-----+-----+-----+-----+---------+

    + Detail: 
        * Instance: 
        +---------------------+---------+-----+-------+-----+-------+---------+
        |                     |         |   Latency   |   Interval  | Pipeline|
        |       Instance      |  Module | min |  max  | min |  max  |   Type  |
        +---------------------+---------+-----+-------+-----+-------+---------+
        |grp_compute_fu_1062  |compute  |    1|  50074|    1|  50074|   none  |
        |grp_store_fu_1229    |store    |    1|   6379|    1|   6379|   none  |
        |grp_load_fu_1255     |load     |    1|   6381|    1|   6381|   none  |
        +---------------------+---------+-----+-------+-----+-------+---------+

        * Loop: 
        +--------------------+-----+-----+-----------+-----------+-----------+------+----------+
        |                    |  Latency  | Iteration |  Initiation Interval  | Trip |          |
        |      Loop Name     | min | max |  Latency  |  achieved |   target  | Count| Pipelined|
        +--------------------+-----+-----+-----------+-----------+-----------+------+----------+
        |- memset_FIFO_ptrs  |   15|   15|          1|          1|          1|    16|    yes   |
        |- burst             |    ?|    ?| 5 ~ 50078 |          -|          -|     ?|    no    |
        +--------------------+-----+-----+-----------+-----------+-----------+------+----------+



================================================================
== Utilization Estimates
================================================================
* Summary: 
+-----------------+---------+-------+--------+--------+
|       Name      | BRAM_18K| DSP48E|   FF   |   LUT  |
+-----------------+---------+-------+--------+--------+
|DSP              |        -|      -|       -|       -|
|Expression       |        -|      -|       0|    1048|
|FIFO             |        -|      -|       -|       -|
|Instance         |       60|    546|   72373|   53458|
|Memory           |     1568|      -|       0|       0|
|Multiplexer      |        -|      -|       -|    4613|
|Register         |        -|      -|    5224|       -|
+-----------------+---------+-------+--------+--------+
|Total            |     1628|    546|   77597|   59119|
+-----------------+---------+-------+--------+--------+
|Available        |     2940|   3600|  866400|  433200|
+-----------------+---------+-------+--------+--------+
|Utilization (%)  |       55|     15|       8|      13|
+-----------------+---------+-------+--------+--------+

+ Detail: 
    * Instance: 
    +-----------------------------------+-------------------------------+---------+-------+-------+-------+
    |              Instance             |             Module            | BRAM_18K| DSP48E|   FF  |  LUT  |
    +-----------------------------------+-------------------------------+---------+-------+-------+-------+
    |grp_compute_fu_1062                |compute                        |        0|    546|  63084|  46767|
    |jacobi3d_kernel_control_s_axi_U    |jacobi3d_kernel_control_s_axi  |        0|      0|    538|    936|
    |jacobi3d_kernel_gmem1_m_axi_U      |jacobi3d_kernel_gmem1_m_axi    |       30|      0|   1415|   1585|
    |jacobi3d_kernel_gmem2_m_axi_U      |jacobi3d_kernel_gmem2_m_axi    |       30|      0|   1415|   1585|
    |jacobi3d_kernel_mux_164_32_1_U422  |jacobi3d_kernel_mux_164_32_1   |        0|      0|    278|     65|
    |jacobi3d_kernel_mux_164_32_1_U423  |jacobi3d_kernel_mux_164_32_1   |        0|      0|    278|     65|
    |jacobi3d_kernel_mux_164_32_1_U424  |jacobi3d_kernel_mux_164_32_1   |        0|      0|    278|     65|
    |jacobi3d_kernel_mux_164_32_1_U425  |jacobi3d_kernel_mux_164_32_1   |        0|      0|    278|     65|
    |jacobi3d_kernel_mux_164_32_1_U426  |jacobi3d_kernel_mux_164_32_1   |        0|      0|    278|     65|
    |jacobi3d_kernel_mux_164_32_1_U427  |jacobi3d_kernel_mux_164_32_1   |        0|      0|    278|     65|
    |jacobi3d_kernel_mux_164_32_1_U428  |jacobi3d_kernel_mux_164_32_1   |        0|      0|    278|     65|
    |jacobi3d_kernel_mux_164_32_1_U429  |jacobi3d_kernel_mux_164_32_1   |        0|      0|    278|     65|
    |jacobi3d_kernel_mux_164_32_1_U430  |jacobi3d_kernel_mux_164_32_1   |        0|      0|    278|     65|
    |jacobi3d_kernel_mux_164_32_1_U431  |jacobi3d_kernel_mux_164_32_1   |        0|      0|    278|     65|
    |jacobi3d_kernel_mux_164_32_1_U432  |jacobi3d_kernel_mux_164_32_1   |        0|      0|    278|     65|
    |jacobi3d_kernel_mux_164_32_1_U433  |jacobi3d_kernel_mux_164_32_1   |        0|      0|    278|     65|
    |jacobi3d_kernel_mux_164_32_1_U434  |jacobi3d_kernel_mux_164_32_1   |        0|      0|    278|     65|
    |jacobi3d_kernel_mux_164_32_1_U435  |jacobi3d_kernel_mux_164_32_1   |        0|      0|    278|     65|
    |jacobi3d_kernel_mux_164_32_1_U436  |jacobi3d_kernel_mux_164_32_1   |        0|      0|    278|     65|
    |jacobi3d_kernel_mux_164_32_1_U437  |jacobi3d_kernel_mux_164_32_1   |        0|      0|    278|     65|
    |grp_load_fu_1255                   |load                           |        0|      0|    750|    784|
    |grp_store_fu_1229                  |store                          |        0|      0|    723|    761|
    +-----------------------------------+-------------------------------+---------+-------+-------+-------+
    |Total                              |                               |       60|    546|  72373|  53458|
    +-----------------------------------+-------------------------------+---------+-------+-------+-------+

    * DSP48: 
    N/A

    * Memory: 
    +------------------+--------------------------------+---------+---+----+-------+-----+------+-------------+
    |      Memory      |             Module             | BRAM_18K| FF| LUT| Words | Bits| Banks| W*Bits*Banks|
    +------------------+--------------------------------+---------+---+----+-------+-----+------+-------------+
    |FIFO_10000_0_0_U  |jacobi3d_kernel_FIFO_10000_0_0  |       32|  0|   0|  10000|   32|     1|       320000|
    |FIFO_100_0_0_U    |jacobi3d_kernel_FIFO_100_0_0    |        1|  0|   0|    100|   32|     1|         3200|
    |FIFO_100_0_1_U    |jacobi3d_kernel_FIFO_100_0_0    |        1|  0|   0|    100|   32|     1|         3200|
    |FIFO_100_0_2_U    |jacobi3d_kernel_FIFO_100_0_0    |        1|  0|   0|    100|   32|     1|         3200|
    |FIFO_100_0_3_U    |jacobi3d_kernel_FIFO_100_0_0    |        1|  0|   0|    100|   32|     1|         3200|
    |FIFO_100_0_4_U    |jacobi3d_kernel_FIFO_100_0_0    |        1|  0|   0|    100|   32|     1|         3200|
    |FIFO_100_0_5_U    |jacobi3d_kernel_FIFO_100_0_0    |        1|  0|   0|    100|   32|     1|         3200|
    |FIFO_100_0_6_U    |jacobi3d_kernel_FIFO_100_0_0    |        1|  0|   0|    100|   32|     1|         3200|
    |FIFO_9598_0_0_U   |jacobi3d_kernel_FIFO_9598_0_0   |       32|  0|   0|   9598|   32|     1|       307136|
    |FIFO_9599_0_0_U   |jacobi3d_kernel_FIFO_9599_0_0   |       32|  0|   0|   9599|   32|     1|       307168|
    |FIFO_9698_0_0_U   |jacobi3d_kernel_FIFO_9698_0_0   |       32|  0|   0|   9698|   32|     1|       310336|
    |FIFO_9698_0_1_U   |jacobi3d_kernel_FIFO_9698_0_0   |       32|  0|   0|   9698|   32|     1|       310336|
    |FIFO_9699_0_0_U   |jacobi3d_kernel_FIFO_9699_0_0   |       32|  0|   0|   9699|   32|     1|       310368|
    |FIFO_9699_0_1_U   |jacobi3d_kernel_FIFO_9699_0_0   |       32|  0|   0|   9699|   32|     1|       310368|
    |FIFO_96_0_0_U     |jacobi3d_kernel_FIFO_96_0_0     |        1|  0|   0|     96|   32|     1|         3072|
    |FIFO_9798_0_0_U   |jacobi3d_kernel_FIFO_9798_0_0   |       32|  0|   0|   9798|   32|     1|       313536|
    |FIFO_9799_0_0_U   |jacobi3d_kernel_FIFO_9799_0_0   |       32|  0|   0|   9799|   32|     1|       313568|
    |FIFO_9799_0_1_U   |jacobi3d_kernel_FIFO_9799_0_0   |       32|  0|   0|   9799|   32|     1|       313568|
    |FIFO_97_0_0_U     |jacobi3d_kernel_FIFO_97_0_0     |        1|  0|   0|     97|   32|     1|         3104|
    |FIFO_97_0_1_U     |jacobi3d_kernel_FIFO_97_0_0     |        1|  0|   0|     97|   32|     1|         3104|
    |FIFO_97_0_2_U     |jacobi3d_kernel_FIFO_97_0_0     |        1|  0|   0|     97|   32|     1|         3104|
    |FIFO_97_0_3_U     |jacobi3d_kernel_FIFO_97_0_0     |        1|  0|   0|     97|   32|     1|         3104|
    |FIFO_9800_0_0_U   |jacobi3d_kernel_FIFO_9800_0_0   |       32|  0|   0|   9800|   32|     1|       313600|
    |FIFO_9899_0_0_U   |jacobi3d_kernel_FIFO_9899_0_0   |       32|  0|   0|   9899|   32|     1|       316768|
    |FIFO_9899_0_1_U   |jacobi3d_kernel_FIFO_9899_0_0   |       32|  0|   0|   9899|   32|     1|       316768|
    |FIFO_98_0_0_U     |jacobi3d_kernel_FIFO_98_0_0     |        1|  0|   0|     98|   32|     1|         3136|
    |FIFO_98_0_1_U     |jacobi3d_kernel_FIFO_98_0_0     |        1|  0|   0|     98|   32|     1|         3136|
    |FIFO_98_0_2_U     |jacobi3d_kernel_FIFO_98_0_0     |        1|  0|   0|     98|   32|     1|         3136|
    |FIFO_98_0_3_U     |jacobi3d_kernel_FIFO_98_0_0     |        1|  0|   0|     98|   32|     1|         3136|
    |FIFO_98_0_4_U     |jacobi3d_kernel_FIFO_98_0_0     |        1|  0|   0|     98|   32|     1|         3136|
    |FIFO_98_0_5_U     |jacobi3d_kernel_FIFO_98_0_0     |        1|  0|   0|     98|   32|     1|         3136|
    |FIFO_98_0_6_U     |jacobi3d_kernel_FIFO_98_0_0     |        1|  0|   0|     98|   32|     1|         3136|
    |FIFO_98_0_7_U     |jacobi3d_kernel_FIFO_98_0_0     |        1|  0|   0|     98|   32|     1|         3136|
    |FIFO_9900_0_0_U   |jacobi3d_kernel_FIFO_9900_0_0   |       32|  0|   0|   9900|   32|     1|       316800|
    |FIFO_9900_0_1_U   |jacobi3d_kernel_FIFO_9900_0_0   |       32|  0|   0|   9900|   32|     1|       316800|
    |FIFO_9999_0_0_U   |jacobi3d_kernel_FIFO_9999_0_0   |       32|  0|   0|   9999|   32|     1|       319968|
    |FIFO_99_0_0_U     |jacobi3d_kernel_FIFO_99_0_0     |        1|  0|   0|     99|   32|     1|         3168|
    |FIFO_99_0_1_U     |jacobi3d_kernel_FIFO_99_0_0     |        1|  0|   0|     99|   32|     1|         3168|
    |FIFO_99_0_2_U     |jacobi3d_kernel_FIFO_99_0_0     |        1|  0|   0|     99|   32|     1|         3168|
    |FIFO_99_0_3_U     |jacobi3d_kernel_FIFO_99_0_0     |        1|  0|   0|     99|   32|     1|         3168|
    |FIFO_99_0_4_U     |jacobi3d_kernel_FIFO_99_0_0     |        1|  0|   0|     99|   32|     1|         3168|
    |FIFO_99_0_5_U     |jacobi3d_kernel_FIFO_99_0_0     |        1|  0|   0|     99|   32|     1|         3168|
    |FIFO_99_0_6_U     |jacobi3d_kernel_FIFO_99_0_0     |        1|  0|   0|     99|   32|     1|         3168|
    |FIFO_99_0_7_U     |jacobi3d_kernel_FIFO_99_0_0     |        1|  0|   0|     99|   32|     1|         3168|
    |FIFO_99_0_8_U     |jacobi3d_kernel_FIFO_99_0_0     |        1|  0|   0|     99|   32|     1|         3168|
    |FIFO_99_0_9_U     |jacobi3d_kernel_FIFO_99_0_0     |        1|  0|   0|     99|   32|     1|         3168|
    |FIFO_99_0_10_U    |jacobi3d_kernel_FIFO_99_0_0     |        1|  0|   0|     99|   32|     1|         3168|
    |FIFO_99_0_11_U    |jacobi3d_kernel_FIFO_99_0_0     |        1|  0|   0|     99|   32|     1|         3168|
    |input_0_0_0_U     |jacobi3d_kernel_input_0_0_0     |       16|  0|   0|   6252|   32|     1|       200064|
    |input_0_0_1_U     |jacobi3d_kernel_input_0_0_0     |       16|  0|   0|   6252|   32|     1|       200064|
    |input_0_0_2_U     |jacobi3d_kernel_input_0_0_0     |       16|  0|   0|   6252|   32|     1|       200064|
    |input_0_0_3_U     |jacobi3d_kernel_input_0_0_0     |       16|  0|   0|   6252|   32|     1|       200064|
    |input_0_0_4_U     |jacobi3d_kernel_input_0_0_0     |       16|  0|   0|   6252|   32|     1|       200064|
    |input_0_0_5_U     |jacobi3d_kernel_input_0_0_0     |       16|  0|   0|   6252|   32|     1|       200064|
    |input_0_0_6_U     |jacobi3d_kernel_input_0_0_0     |       16|  0|   0|   6252|   32|     1|       200064|
    |input_0_0_7_U     |jacobi3d_kernel_input_0_0_0     |       16|  0|   0|   6252|   32|     1|       200064|
    |input_0_0_8_U     |jacobi3d_kernel_input_0_0_0     |       16|  0|   0|   6252|   32|     1|       200064|
    |input_0_0_9_U     |jacobi3d_kernel_input_0_0_0     |       16|  0|   0|   6252|   32|     1|       200064|
    |input_0_0_10_U    |jacobi3d_kernel_input_0_0_0     |       16|  0|   0|   6252|   32|     1|       200064|
    |input_0_0_11_U    |jacobi3d_kernel_input_0_0_0     |       16|  0|   0|   6252|   32|     1|       200064|
    |input_0_0_12_U    |jacobi3d_kernel_input_0_0_0     |       16|  0|   0|   6252|   32|     1|       200064|
    |input_0_0_13_U    |jacobi3d_kernel_input_0_0_0     |       16|  0|   0|   6252|   32|     1|       200064|
    |input_0_0_14_U    |jacobi3d_kernel_input_0_0_0     |       16|  0|   0|   6252|   32|     1|       200064|
    |input_0_0_15_U    |jacobi3d_kernel_input_0_0_0     |       16|  0|   0|   6252|   32|     1|       200064|
    |input_1_0_0_U     |jacobi3d_kernel_input_0_0_0     |       16|  0|   0|   6252|   32|     1|       200064|
    |input_1_0_1_U     |jacobi3d_kernel_input_0_0_0     |       16|  0|   0|   6252|   32|     1|       200064|
    |input_1_0_2_U     |jacobi3d_kernel_input_0_0_0     |       16|  0|   0|   6252|   32|     1|       200064|
    |input_1_0_3_U     |jacobi3d_kernel_input_0_0_0     |       16|  0|   0|   6252|   32|     1|       200064|
    |input_1_0_4_U     |jacobi3d_kernel_input_0_0_0     |       16|  0|   0|   6252|   32|     1|       200064|
    |input_1_0_5_U     |jacobi3d_kernel_input_0_0_0     |       16|  0|   0|   6252|   32|     1|       200064|
    |input_1_0_6_U     |jacobi3d_kernel_input_0_0_0     |       16|  0|   0|   6252|   32|     1|       200064|
    |input_1_0_7_U     |jacobi3d_kernel_input_0_0_0     |       16|  0|   0|   6252|   32|     1|       200064|
    |input_1_0_8_U     |jacobi3d_kernel_input_0_0_0     |       16|  0|   0|   6252|   32|     1|       200064|
    |input_1_0_9_U     |jacobi3d_kernel_input_0_0_0     |       16|  0|   0|   6252|   32|     1|       200064|
    |input_1_0_10_U    |jacobi3d_kernel_input_0_0_0     |       16|  0|   0|   6252|   32|     1|       200064|
    |input_1_0_11_U    |jacobi3d_kernel_input_0_0_0     |       16|  0|   0|   6252|   32|     1|       200064|
    |input_1_0_12_U    |jacobi3d_kernel_input_0_0_0     |       16|  0|   0|   6252|   32|     1|       200064|
    |input_1_0_13_U    |jacobi3d_kernel_input_0_0_0     |       16|  0|   0|   6252|   32|     1|       200064|
    |input_1_0_14_U    |jacobi3d_kernel_input_0_0_0     |       16|  0|   0|   6252|   32|     1|       200064|
    |input_1_0_15_U    |jacobi3d_kernel_input_0_0_0     |       16|  0|   0|   6252|   32|     1|       200064|
    |output_0_0_0_U    |jacobi3d_kernel_input_0_0_0     |       16|  0|   0|   6252|   32|     1|       200064|
    |output_0_0_1_U    |jacobi3d_kernel_input_0_0_0     |       16|  0|   0|   6252|   32|     1|       200064|
    |output_0_0_2_U    |jacobi3d_kernel_input_0_0_0     |       16|  0|   0|   6252|   32|     1|       200064|
    |output_0_0_3_U    |jacobi3d_kernel_input_0_0_0     |       16|  0|   0|   6252|   32|     1|       200064|
    |output_0_0_4_U    |jacobi3d_kernel_input_0_0_0     |       16|  0|   0|   6252|   32|     1|       200064|
    |output_0_0_5_U    |jacobi3d_kernel_input_0_0_0     |       16|  0|   0|   6252|   32|     1|       200064|
    |output_0_0_6_U    |jacobi3d_kernel_input_0_0_0     |       16|  0|   0|   6252|   32|     1|       200064|
    |output_0_0_7_U    |jacobi3d_kernel_input_0_0_0     |       16|  0|   0|   6252|   32|     1|       200064|
    |output_0_0_8_U    |jacobi3d_kernel_input_0_0_0     |       16|  0|   0|   6252|   32|     1|       200064|
    |output_0_0_9_U    |jacobi3d_kernel_input_0_0_0     |       16|  0|   0|   6252|   32|     1|       200064|
    |output_0_0_10_U   |jacobi3d_kernel_input_0_0_0     |       16|  0|   0|   6252|   32|     1|       200064|
    |output_0_0_11_U   |jacobi3d_kernel_input_0_0_0     |       16|  0|   0|   6252|   32|     1|       200064|
    |output_0_0_12_U   |jacobi3d_kernel_input_0_0_0     |       16|  0|   0|   6252|   32|     1|       200064|
    |output_0_0_13_U   |jacobi3d_kernel_input_0_0_0     |       16|  0|   0|   6252|   32|     1|       200064|
    |output_0_0_14_U   |jacobi3d_kernel_input_0_0_0     |       16|  0|   0|   6252|   32|     1|       200064|
    |output_0_0_15_U   |jacobi3d_kernel_input_0_0_0     |       16|  0|   0|   6252|   32|     1|       200064|
    |output_1_0_0_U    |jacobi3d_kernel_input_0_0_0     |       16|  0|   0|   6252|   32|     1|       200064|
    |output_1_0_1_U    |jacobi3d_kernel_input_0_0_0     |       16|  0|   0|   6252|   32|     1|       200064|
    |output_1_0_2_U    |jacobi3d_kernel_input_0_0_0     |       16|  0|   0|   6252|   32|     1|       200064|
    |output_1_0_3_U    |jacobi3d_kernel_input_0_0_0     |       16|  0|   0|   6252|   32|     1|       200064|
    |output_1_0_4_U    |jacobi3d_kernel_input_0_0_0     |       16|  0|   0|   6252|   32|     1|       200064|
    |output_1_0_5_U    |jacobi3d_kernel_input_0_0_0     |       16|  0|   0|   6252|   32|     1|       200064|
    |output_1_0_6_U    |jacobi3d_kernel_input_0_0_0     |       16|  0|   0|   6252|   32|     1|       200064|
    |output_1_0_7_U    |jacobi3d_kernel_input_0_0_0     |       16|  0|   0|   6252|   32|     1|       200064|
    |output_1_0_8_U    |jacobi3d_kernel_input_0_0_0     |       16|  0|   0|   6252|   32|     1|       200064|
    |output_1_0_9_U    |jacobi3d_kernel_input_0_0_0     |       16|  0|   0|   6252|   32|     1|       200064|
    |output_1_0_10_U   |jacobi3d_kernel_input_0_0_0     |       16|  0|   0|   6252|   32|     1|       200064|
    |output_1_0_11_U   |jacobi3d_kernel_input_0_0_0     |       16|  0|   0|   6252|   32|     1|       200064|
    |output_1_0_12_U   |jacobi3d_kernel_input_0_0_0     |       16|  0|   0|   6252|   32|     1|       200064|
    |output_1_0_13_U   |jacobi3d_kernel_input_0_0_0     |       16|  0|   0|   6252|   32|     1|       200064|
    |output_1_0_14_U   |jacobi3d_kernel_input_0_0_0     |       16|  0|   0|   6252|   32|     1|       200064|
    |output_1_0_15_U   |jacobi3d_kernel_input_0_0_0     |       16|  0|   0|   6252|   32|     1|       200064|
    +------------------+--------------------------------+---------+---+----+-------+-----+------+-------------+
    |Total             |                                |     1568|  0|   0| 560068| 3584|   112|     17922176|
    +------------------+--------------------------------+---------+---+----+-------+-----+------+-------------+

    * FIFO: 
    N/A

    * Expression: 
    +-----------------------------------+----------+-------+---+----+------------+------------+
    |           Variable Name           | Operation| DSP48E| FF| LUT| Bitwidth P0| Bitwidth P1|
    +-----------------------------------+----------+-------+---+----+------------+------------+
    |burst_index_in_total_1_fu_2374_p2  |     +    |      0|  0|  38|           1|          31|
    |burst_index_load_1_fu_2484_p2      |     +    |      0|  0|  39|          32|           1|
    |burst_index_store_1_fu_2514_p2     |     +    |      0|  0|  39|          32|           1|
    |indvarinc_fu_1547_p2               |     +    |      0|  0|  13|           4|           1|
    |p_01_idx2_01_idx1_fu_2550_p2       |     +    |      0|  0|  71|          64|          64|
    |p_0_idx2_0_idx1_fu_2569_p2         |     +    |      0|  0|  71|          64|          64|
    |tmp_8_fu_2247_p2                   |     +    |      0|  0|  39|          32|           2|
    |tmp_9_fu_2252_p2                   |     +    |      0|  0|  39|          32|           1|
    |p_sum4_fu_2257_p2                  |     -    |      0|  0|  71|          13|          64|
    |p_sum_fu_2262_p2                   |     -    |      0|  0|  71|          13|          64|
    |compute_flag_fu_2396_p2            |    and   |      0|  0|   8|           1|           1|
    |load_flag_fu_2380_p2               |   icmp   |      0|  0|  18|          32|          32|
    |store_flag_fu_2412_p2              |   icmp   |      0|  0|  18|          30|           1|
    |tmp_1_fu_2369_p2                   |   icmp   |      0|  0|  18|          32|          32|
    |tmp_2_fu_2385_p2                   |   icmp   |      0|  0|  18|          31|           1|
    |tmp_3_fu_2391_p2                   |   icmp   |      0|  0|  18|          32|          32|
    |tmp_5_fu_2524_p2                   |   icmp   |      0|  0|  29|          64|          64|
    |tmp_7_fu_2494_p2                   |   icmp   |      0|  0|  29|          64|          64|
    |tmp_s_fu_2161_p2                   |   icmp   |      0|  0|   9|           4|           2|
    |ap_block_state6_on_subcall_done    |    or    |      0|  0|   8|           1|           1|
    |burst_index_load_2_fu_2507_p3      |  select  |      0|  0|  32|           1|          32|
    |burst_index_store_2_fu_2537_p3     |  select  |      0|  0|  32|           1|          32|
    |p_01_idx2_01_idx1_v_fu_2544_p3     |  select  |      0|  0|  64|           1|          64|
    |p_0_idx2_0_idx1_v_fu_2563_p3       |  select  |      0|  0|  64|           1|          64|
    |p_23_idx_fu_2556_p3                |  select  |      0|  0|  64|           1|          64|
    |p_2_idx_fu_2575_p3                 |  select  |      0|  0|  64|           1|          64|
    |p_burst_index_load_1_fu_2499_p3    |  select  |      0|  0|  32|           1|           1|
    |p_burst_index_store_1_fu_2529_p3   |  select  |      0|  0|  32|           1|           1|
    +-----------------------------------+----------+-------+---+----+------------+------------+
    |Total                              |          |      0|  0|1048|         586|         845|
    +-----------------------------------+----------+-------+---+----+------------+------------+

    * Multiplexer: 
    +---------------------------------+----+-----------+-----+-----------+
    |               Name              | LUT| Input Size| Bits| Total Bits|
    +---------------------------------+----+-----------+-----+-----------+
    |FIFO_10000_0_0_ce0               |   9|          2|    1|          2|
    |FIFO_10000_0_0_ce1               |   9|          2|    1|          2|
    |FIFO_10000_0_0_we1               |   9|          2|    1|          2|
    |FIFO_100_0_0_ce0                 |   9|          2|    1|          2|
    |FIFO_100_0_0_ce1                 |   9|          2|    1|          2|
    |FIFO_100_0_0_we1                 |   9|          2|    1|          2|
    |FIFO_100_0_1_ce0                 |   9|          2|    1|          2|
    |FIFO_100_0_1_ce1                 |   9|          2|    1|          2|
    |FIFO_100_0_1_we1                 |   9|          2|    1|          2|
    |FIFO_100_0_2_ce0                 |   9|          2|    1|          2|
    |FIFO_100_0_2_ce1                 |   9|          2|    1|          2|
    |FIFO_100_0_2_we1                 |   9|          2|    1|          2|
    |FIFO_100_0_3_ce0                 |   9|          2|    1|          2|
    |FIFO_100_0_3_ce1                 |   9|          2|    1|          2|
    |FIFO_100_0_3_we1                 |   9|          2|    1|          2|
    |FIFO_100_0_4_ce0                 |   9|          2|    1|          2|
    |FIFO_100_0_4_ce1                 |   9|          2|    1|          2|
    |FIFO_100_0_4_we1                 |   9|          2|    1|          2|
    |FIFO_100_0_5_ce0                 |   9|          2|    1|          2|
    |FIFO_100_0_5_ce1                 |   9|          2|    1|          2|
    |FIFO_100_0_5_we1                 |   9|          2|    1|          2|
    |FIFO_100_0_6_ce0                 |   9|          2|    1|          2|
    |FIFO_100_0_6_ce1                 |   9|          2|    1|          2|
    |FIFO_100_0_6_we1                 |   9|          2|    1|          2|
    |FIFO_9598_0_0_ce0                |   9|          2|    1|          2|
    |FIFO_9598_0_0_ce1                |   9|          2|    1|          2|
    |FIFO_9598_0_0_we1                |   9|          2|    1|          2|
    |FIFO_9599_0_0_ce0                |   9|          2|    1|          2|
    |FIFO_9599_0_0_ce1                |   9|          2|    1|          2|
    |FIFO_9599_0_0_we1                |   9|          2|    1|          2|
    |FIFO_9698_0_0_ce0                |   9|          2|    1|          2|
    |FIFO_9698_0_0_ce1                |   9|          2|    1|          2|
    |FIFO_9698_0_0_we1                |   9|          2|    1|          2|
    |FIFO_9698_0_1_ce0                |   9|          2|    1|          2|
    |FIFO_9698_0_1_ce1                |   9|          2|    1|          2|
    |FIFO_9698_0_1_we1                |   9|          2|    1|          2|
    |FIFO_9699_0_0_ce0                |   9|          2|    1|          2|
    |FIFO_9699_0_0_ce1                |   9|          2|    1|          2|
    |FIFO_9699_0_0_we1                |   9|          2|    1|          2|
    |FIFO_9699_0_1_ce0                |   9|          2|    1|          2|
    |FIFO_9699_0_1_ce1                |   9|          2|    1|          2|
    |FIFO_9699_0_1_we1                |   9|          2|    1|          2|
    |FIFO_96_0_0_ce0                  |   9|          2|    1|          2|
    |FIFO_96_0_0_ce1                  |   9|          2|    1|          2|
    |FIFO_96_0_0_we1                  |   9|          2|    1|          2|
    |FIFO_9798_0_0_ce0                |   9|          2|    1|          2|
    |FIFO_9798_0_0_ce1                |   9|          2|    1|          2|
    |FIFO_9798_0_0_we1                |   9|          2|    1|          2|
    |FIFO_9799_0_0_ce0                |   9|          2|    1|          2|
    |FIFO_9799_0_0_ce1                |   9|          2|    1|          2|
    |FIFO_9799_0_0_we1                |   9|          2|    1|          2|
    |FIFO_9799_0_1_ce0                |   9|          2|    1|          2|
    |FIFO_9799_0_1_ce1                |   9|          2|    1|          2|
    |FIFO_9799_0_1_we1                |   9|          2|    1|          2|
    |FIFO_97_0_0_ce0                  |   9|          2|    1|          2|
    |FIFO_97_0_0_ce1                  |   9|          2|    1|          2|
    |FIFO_97_0_0_we1                  |   9|          2|    1|          2|
    |FIFO_97_0_1_ce0                  |   9|          2|    1|          2|
    |FIFO_97_0_1_ce1                  |   9|          2|    1|          2|
    |FIFO_97_0_1_we1                  |   9|          2|    1|          2|
    |FIFO_97_0_2_ce0                  |   9|          2|    1|          2|
    |FIFO_97_0_2_ce1                  |   9|          2|    1|          2|
    |FIFO_97_0_2_we1                  |   9|          2|    1|          2|
    |FIFO_97_0_3_ce0                  |   9|          2|    1|          2|
    |FIFO_97_0_3_ce1                  |   9|          2|    1|          2|
    |FIFO_97_0_3_we1                  |   9|          2|    1|          2|
    |FIFO_9800_0_0_ce0                |   9|          2|    1|          2|
    |FIFO_9800_0_0_ce1                |   9|          2|    1|          2|
    |FIFO_9800_0_0_we1                |   9|          2|    1|          2|
    |FIFO_9899_0_0_ce0                |   9|          2|    1|          2|
    |FIFO_9899_0_0_ce1                |   9|          2|    1|          2|
    |FIFO_9899_0_0_we1                |   9|          2|    1|          2|
    |FIFO_9899_0_1_ce0                |   9|          2|    1|          2|
    |FIFO_9899_0_1_ce1                |   9|          2|    1|          2|
    |FIFO_9899_0_1_we1                |   9|          2|    1|          2|
    |FIFO_98_0_0_ce0                  |   9|          2|    1|          2|
    |FIFO_98_0_0_ce1                  |   9|          2|    1|          2|
    |FIFO_98_0_0_we1                  |   9|          2|    1|          2|
    |FIFO_98_0_1_ce0                  |   9|          2|    1|          2|
    |FIFO_98_0_1_ce1                  |   9|          2|    1|          2|
    |FIFO_98_0_1_we1                  |   9|          2|    1|          2|
    |FIFO_98_0_2_ce0                  |   9|          2|    1|          2|
    |FIFO_98_0_2_ce1                  |   9|          2|    1|          2|
    |FIFO_98_0_2_we1                  |   9|          2|    1|          2|
    |FIFO_98_0_3_ce0                  |   9|          2|    1|          2|
    |FIFO_98_0_3_ce1                  |   9|          2|    1|          2|
    |FIFO_98_0_3_we1                  |   9|          2|    1|          2|
    |FIFO_98_0_4_ce0                  |   9|          2|    1|          2|
    |FIFO_98_0_4_ce1                  |   9|          2|    1|          2|
    |FIFO_98_0_4_we1                  |   9|          2|    1|          2|
    |FIFO_98_0_5_ce0                  |   9|          2|    1|          2|
    |FIFO_98_0_5_ce1                  |   9|          2|    1|          2|
    |FIFO_98_0_5_we1                  |   9|          2|    1|          2|
    |FIFO_98_0_6_ce0                  |   9|          2|    1|          2|
    |FIFO_98_0_6_ce1                  |   9|          2|    1|          2|
    |FIFO_98_0_6_we1                  |   9|          2|    1|          2|
    |FIFO_98_0_7_ce0                  |   9|          2|    1|          2|
    |FIFO_98_0_7_ce1                  |   9|          2|    1|          2|
    |FIFO_98_0_7_we1                  |   9|          2|    1|          2|
    |FIFO_9900_0_0_ce0                |   9|          2|    1|          2|
    |FIFO_9900_0_0_ce1                |   9|          2|    1|          2|
    |FIFO_9900_0_0_we1                |   9|          2|    1|          2|
    |FIFO_9900_0_1_ce0                |   9|          2|    1|          2|
    |FIFO_9900_0_1_ce1                |   9|          2|    1|          2|
    |FIFO_9900_0_1_we1                |   9|          2|    1|          2|
    |FIFO_9999_0_0_ce0                |   9|          2|    1|          2|
    |FIFO_9999_0_0_ce1                |   9|          2|    1|          2|
    |FIFO_9999_0_0_we1                |   9|          2|    1|          2|
    |FIFO_99_0_0_ce0                  |   9|          2|    1|          2|
    |FIFO_99_0_0_ce1                  |   9|          2|    1|          2|
    |FIFO_99_0_0_we1                  |   9|          2|    1|          2|
    |FIFO_99_0_10_ce0                 |   9|          2|    1|          2|
    |FIFO_99_0_10_ce1                 |   9|          2|    1|          2|
    |FIFO_99_0_10_we1                 |   9|          2|    1|          2|
    |FIFO_99_0_11_ce0                 |   9|          2|    1|          2|
    |FIFO_99_0_11_ce1                 |   9|          2|    1|          2|
    |FIFO_99_0_11_we1                 |   9|          2|    1|          2|
    |FIFO_99_0_1_ce0                  |   9|          2|    1|          2|
    |FIFO_99_0_1_ce1                  |   9|          2|    1|          2|
    |FIFO_99_0_1_we1                  |   9|          2|    1|          2|
    |FIFO_99_0_2_ce0                  |   9|          2|    1|          2|
    |FIFO_99_0_2_ce1                  |   9|          2|    1|          2|
    |FIFO_99_0_2_we1                  |   9|          2|    1|          2|
    |FIFO_99_0_3_ce0                  |   9|          2|    1|          2|
    |FIFO_99_0_3_ce1                  |   9|          2|    1|          2|
    |FIFO_99_0_3_we1                  |   9|          2|    1|          2|
    |FIFO_99_0_4_ce0                  |   9|          2|    1|          2|
    |FIFO_99_0_4_ce1                  |   9|          2|    1|          2|
    |FIFO_99_0_4_we1                  |   9|          2|    1|          2|
    |FIFO_99_0_5_ce0                  |   9|          2|    1|          2|
    |FIFO_99_0_5_ce1                  |   9|          2|    1|          2|
    |FIFO_99_0_5_we1                  |   9|          2|    1|          2|
    |FIFO_99_0_6_ce0                  |   9|          2|    1|          2|
    |FIFO_99_0_6_ce1                  |   9|          2|    1|          2|
    |FIFO_99_0_6_we1                  |   9|          2|    1|          2|
    |FIFO_99_0_7_ce0                  |   9|          2|    1|          2|
    |FIFO_99_0_7_ce1                  |   9|          2|    1|          2|
    |FIFO_99_0_7_we1                  |   9|          2|    1|          2|
    |FIFO_99_0_8_ce0                  |   9|          2|    1|          2|
    |FIFO_99_0_8_ce1                  |   9|          2|    1|          2|
    |FIFO_99_0_8_we1                  |   9|          2|    1|          2|
    |FIFO_99_0_9_ce0                  |   9|          2|    1|          2|
    |FIFO_99_0_9_ce1                  |   9|          2|    1|          2|
    |FIFO_99_0_9_we1                  |   9|          2|    1|          2|
    |FIFO_ptrs_0_2_fu_868             |   9|          2|   32|         64|
    |FIFO_ptrs_10_2_fu_908            |   9|          2|   32|         64|
    |FIFO_ptrs_11_2_fu_912            |   9|          2|   32|         64|
    |FIFO_ptrs_12_2_fu_916            |   9|          2|   32|         64|
    |FIFO_ptrs_13_2_fu_920            |   9|          2|   32|         64|
    |FIFO_ptrs_14_2_fu_924            |   9|          2|   32|         64|
    |FIFO_ptrs_15_2_fu_928            |   9|          2|   32|         64|
    |FIFO_ptrs_1_2_fu_872             |   9|          2|   32|         64|
    |FIFO_ptrs_2_2_fu_876             |   9|          2|   32|         64|
    |FIFO_ptrs_3_2_fu_880             |   9|          2|   32|         64|
    |FIFO_ptrs_4_2_fu_884             |   9|          2|   32|         64|
    |FIFO_ptrs_5_2_fu_888             |   9|          2|   32|         64|
    |FIFO_ptrs_6_2_fu_892             |   9|          2|   32|         64|
    |FIFO_ptrs_7_2_fu_896             |   9|          2|   32|         64|
    |FIFO_ptrs_8_2_fu_900             |   9|          2|   32|         64|
    |FIFO_ptrs_9_2_fu_904             |   9|          2|   32|         64|
    |ap_NS_fsm                        |  44|          9|    1|          9|
    |burst_index_in_total_reg_1027    |   9|          2|   31|         62|
    |burst_index_load_reg_1003        |   9|          2|   32|         64|
    |burst_index_store_reg_1015       |   9|          2|   32|         64|
    |gmem1_AWVALID                    |   9|          2|    1|          2|
    |gmem1_BREADY                     |   9|          2|    1|          2|
    |gmem1_WVALID                     |   9|          2|    1|          2|
    |gmem2_ARVALID                    |   9|          2|    1|          2|
    |gmem2_RREADY                     |   9|          2|    1|          2|
    |grp_compute_fu_1062_input_0_q0   |  15|          3|   32|         96|
    |grp_compute_fu_1062_input_10_q0  |  15|          3|   32|         96|
    |grp_compute_fu_1062_input_11_q0  |  15|          3|   32|         96|
    |grp_compute_fu_1062_input_12_q0  |  15|          3|   32|         96|
    |grp_compute_fu_1062_input_13_q0  |  15|          3|   32|         96|
    |grp_compute_fu_1062_input_14_q0  |  15|          3|   32|         96|
    |grp_compute_fu_1062_input_15_q0  |  15|          3|   32|         96|
    |grp_compute_fu_1062_input_1_q0   |  15|          3|   32|         96|
    |grp_compute_fu_1062_input_2_q0   |  15|          3|   32|         96|
    |grp_compute_fu_1062_input_3_q0   |  15|          3|   32|         96|
    |grp_compute_fu_1062_input_4_q0   |  15|          3|   32|         96|
    |grp_compute_fu_1062_input_5_q0   |  15|          3|   32|         96|
    |grp_compute_fu_1062_input_6_q0   |  15|          3|   32|         96|
    |grp_compute_fu_1062_input_7_q0   |  15|          3|   32|         96|
    |grp_compute_fu_1062_input_8_q0   |  15|          3|   32|         96|
    |grp_compute_fu_1062_input_9_q0   |  15|          3|   32|         96|
    |grp_store_fu_1229_from_0_q0      |  15|          3|   32|         96|
    |grp_store_fu_1229_from_10_q0     |  15|          3|   32|         96|
    |grp_store_fu_1229_from_11_q0     |  15|          3|   32|         96|
    |grp_store_fu_1229_from_12_q0     |  15|          3|   32|         96|
    |grp_store_fu_1229_from_13_q0     |  15|          3|   32|         96|
    |grp_store_fu_1229_from_14_q0     |  15|          3|   32|         96|
    |grp_store_fu_1229_from_15_q0     |  15|          3|   32|         96|
    |grp_store_fu_1229_from_1_q0      |  15|          3|   32|         96|
    |grp_store_fu_1229_from_2_q0      |  15|          3|   32|         96|
    |grp_store_fu_1229_from_3_q0      |  15|          3|   32|         96|
    |grp_store_fu_1229_from_4_q0      |  15|          3|   32|         96|
    |grp_store_fu_1229_from_5_q0      |  15|          3|   32|         96|
    |grp_store_fu_1229_from_6_q0      |  15|          3|   32|         96|
    |grp_store_fu_1229_from_7_q0      |  15|          3|   32|         96|
    |grp_store_fu_1229_from_8_q0      |  15|          3|   32|         96|
    |grp_store_fu_1229_from_9_q0      |  15|          3|   32|         96|
    |i_base_0_2_fu_932                |   9|          2|   32|         64|
    |i_base_1_2_fu_936                |   9|          2|   32|         64|
    |input_0_0_0_address0             |  15|          3|   13|         39|
    |input_0_0_0_ce0                  |  15|          3|    1|          3|
    |input_0_0_0_we0                  |   9|          2|    1|          2|
    |input_0_0_10_address0            |  15|          3|   13|         39|
    |input_0_0_10_ce0                 |  15|          3|    1|          3|
    |input_0_0_10_we0                 |   9|          2|    1|          2|
    |input_0_0_11_address0            |  15|          3|   13|         39|
    |input_0_0_11_ce0                 |  15|          3|    1|          3|
    |input_0_0_11_we0                 |   9|          2|    1|          2|
    |input_0_0_12_address0            |  15|          3|   13|         39|
    |input_0_0_12_ce0                 |  15|          3|    1|          3|
    |input_0_0_12_we0                 |   9|          2|    1|          2|
    |input_0_0_13_address0            |  15|          3|   13|         39|
    |input_0_0_13_ce0                 |  15|          3|    1|          3|
    |input_0_0_13_we0                 |   9|          2|    1|          2|
    |input_0_0_14_address0            |  15|          3|   13|         39|
    |input_0_0_14_ce0                 |  15|          3|    1|          3|
    |input_0_0_14_we0                 |   9|          2|    1|          2|
    |input_0_0_15_address0            |  15|          3|   13|         39|
    |input_0_0_15_ce0                 |  15|          3|    1|          3|
    |input_0_0_15_we0                 |   9|          2|    1|          2|
    |input_0_0_1_address0             |  15|          3|   13|         39|
    |input_0_0_1_ce0                  |  15|          3|    1|          3|
    |input_0_0_1_we0                  |   9|          2|    1|          2|
    |input_0_0_2_address0             |  15|          3|   13|         39|
    |input_0_0_2_ce0                  |  15|          3|    1|          3|
    |input_0_0_2_we0                  |   9|          2|    1|          2|
    |input_0_0_3_address0             |  15|          3|   13|         39|
    |input_0_0_3_ce0                  |  15|          3|    1|          3|
    |input_0_0_3_we0                  |   9|          2|    1|          2|
    |input_0_0_4_address0             |  15|          3|   13|         39|
    |input_0_0_4_ce0                  |  15|          3|    1|          3|
    |input_0_0_4_we0                  |   9|          2|    1|          2|
    |input_0_0_5_address0             |  15|          3|   13|         39|
    |input_0_0_5_ce0                  |  15|          3|    1|          3|
    |input_0_0_5_we0                  |   9|          2|    1|          2|
    |input_0_0_6_address0             |  15|          3|   13|         39|
    |input_0_0_6_ce0                  |  15|          3|    1|          3|
    |input_0_0_6_we0                  |   9|          2|    1|          2|
    |input_0_0_7_address0             |  15|          3|   13|         39|
    |input_0_0_7_ce0                  |  15|          3|    1|          3|
    |input_0_0_7_we0                  |   9|          2|    1|          2|
    |input_0_0_8_address0             |  15|          3|   13|         39|
    |input_0_0_8_ce0                  |  15|          3|    1|          3|
    |input_0_0_8_we0                  |   9|          2|    1|          2|
    |input_0_0_9_address0             |  15|          3|   13|         39|
    |input_0_0_9_ce0                  |  15|          3|    1|          3|
    |input_0_0_9_we0                  |   9|          2|    1|          2|
    |input_1_0_0_address0             |  15|          3|   13|         39|
    |input_1_0_0_ce0                  |  15|          3|    1|          3|
    |input_1_0_0_we0                  |   9|          2|    1|          2|
    |input_1_0_10_address0            |  15|          3|   13|         39|
    |input_1_0_10_ce0                 |  15|          3|    1|          3|
    |input_1_0_10_we0                 |   9|          2|    1|          2|
    |input_1_0_11_address0            |  15|          3|   13|         39|
    |input_1_0_11_ce0                 |  15|          3|    1|          3|
    |input_1_0_11_we0                 |   9|          2|    1|          2|
    |input_1_0_12_address0            |  15|          3|   13|         39|
    |input_1_0_12_ce0                 |  15|          3|    1|          3|
    |input_1_0_12_we0                 |   9|          2|    1|          2|
    |input_1_0_13_address0            |  15|          3|   13|         39|
    |input_1_0_13_ce0                 |  15|          3|    1|          3|
    |input_1_0_13_we0                 |   9|          2|    1|          2|
    |input_1_0_14_address0            |  15|          3|   13|         39|
    |input_1_0_14_ce0                 |  15|          3|    1|          3|
    |input_1_0_14_we0                 |   9|          2|    1|          2|
    |input_1_0_15_address0            |  15|          3|   13|         39|
    |input_1_0_15_ce0                 |  15|          3|    1|          3|
    |input_1_0_15_we0                 |   9|          2|    1|          2|
    |input_1_0_1_address0             |  15|          3|   13|         39|
    |input_1_0_1_ce0                  |  15|          3|    1|          3|
    |input_1_0_1_we0                  |   9|          2|    1|          2|
    |input_1_0_2_address0             |  15|          3|   13|         39|
    |input_1_0_2_ce0                  |  15|          3|    1|          3|
    |input_1_0_2_we0                  |   9|          2|    1|          2|
    |input_1_0_3_address0             |  15|          3|   13|         39|
    |input_1_0_3_ce0                  |  15|          3|    1|          3|
    |input_1_0_3_we0                  |   9|          2|    1|          2|
    |input_1_0_4_address0             |  15|          3|   13|         39|
    |input_1_0_4_ce0                  |  15|          3|    1|          3|
    |input_1_0_4_we0                  |   9|          2|    1|          2|
    |input_1_0_5_address0             |  15|          3|   13|         39|
    |input_1_0_5_ce0                  |  15|          3|    1|          3|
    |input_1_0_5_we0                  |   9|          2|    1|          2|
    |input_1_0_6_address0             |  15|          3|   13|         39|
    |input_1_0_6_ce0                  |  15|          3|    1|          3|
    |input_1_0_6_we0                  |   9|          2|    1|          2|
    |input_1_0_7_address0             |  15|          3|   13|         39|
    |input_1_0_7_ce0                  |  15|          3|    1|          3|
    |input_1_0_7_we0                  |   9|          2|    1|          2|
    |input_1_0_8_address0             |  15|          3|   13|         39|
    |input_1_0_8_ce0                  |  15|          3|    1|          3|
    |input_1_0_8_we0                  |   9|          2|    1|          2|
    |input_1_0_9_address0             |  15|          3|   13|         39|
    |input_1_0_9_ce0                  |  15|          3|    1|          3|
    |input_1_0_9_we0                  |   9|          2|    1|          2|
    |invdar_reg_992                   |   9|          2|    4|          8|
    |j_base_0_2_fu_940                |   9|          2|   32|         64|
    |j_base_1_2_fu_944                |   9|          2|   32|         64|
    |k_base_0_2_fu_948                |   9|          2|   32|         64|
    |k_base_1_2_fu_952                |   9|          2|   32|         64|
    |output_0_0_0_address0            |  15|          3|   13|         39|
    |output_0_0_0_ce0                 |  15|          3|    1|          3|
    |output_0_0_0_we0                 |   9|          2|    1|          2|
    |output_0_0_10_address0           |  15|          3|   13|         39|
    |output_0_0_10_ce0                |  15|          3|    1|          3|
    |output_0_0_10_we0                |   9|          2|    1|          2|
    |output_0_0_11_address0           |  15|          3|   13|         39|
    |output_0_0_11_ce0                |  15|          3|    1|          3|
    |output_0_0_11_we0                |   9|          2|    1|          2|
    |output_0_0_12_address0           |  15|          3|   13|         39|
    |output_0_0_12_ce0                |  15|          3|    1|          3|
    |output_0_0_12_we0                |   9|          2|    1|          2|
    |output_0_0_13_address0           |  15|          3|   13|         39|
    |output_0_0_13_ce0                |  15|          3|    1|          3|
    |output_0_0_13_we0                |   9|          2|    1|          2|
    |output_0_0_14_address0           |  15|          3|   13|         39|
    |output_0_0_14_ce0                |  15|          3|    1|          3|
    |output_0_0_14_we0                |   9|          2|    1|          2|
    |output_0_0_15_address0           |  15|          3|   13|         39|
    |output_0_0_15_ce0                |  15|          3|    1|          3|
    |output_0_0_15_we0                |   9|          2|    1|          2|
    |output_0_0_1_address0            |  15|          3|   13|         39|
    |output_0_0_1_ce0                 |  15|          3|    1|          3|
    |output_0_0_1_we0                 |   9|          2|    1|          2|
    |output_0_0_2_address0            |  15|          3|   13|         39|
    |output_0_0_2_ce0                 |  15|          3|    1|          3|
    |output_0_0_2_we0                 |   9|          2|    1|          2|
    |output_0_0_3_address0            |  15|          3|   13|         39|
    |output_0_0_3_ce0                 |  15|          3|    1|          3|
    |output_0_0_3_we0                 |   9|          2|    1|          2|
    |output_0_0_4_address0            |  15|          3|   13|         39|
    |output_0_0_4_ce0                 |  15|          3|    1|          3|
    |output_0_0_4_we0                 |   9|          2|    1|          2|
    |output_0_0_5_address0            |  15|          3|   13|         39|
    |output_0_0_5_ce0                 |  15|          3|    1|          3|
    |output_0_0_5_we0                 |   9|          2|    1|          2|
    |output_0_0_6_address0            |  15|          3|   13|         39|
    |output_0_0_6_ce0                 |  15|          3|    1|          3|
    |output_0_0_6_we0                 |   9|          2|    1|          2|
    |output_0_0_7_address0            |  15|          3|   13|         39|
    |output_0_0_7_ce0                 |  15|          3|    1|          3|
    |output_0_0_7_we0                 |   9|          2|    1|          2|
    |output_0_0_8_address0            |  15|          3|   13|         39|
    |output_0_0_8_ce0                 |  15|          3|    1|          3|
    |output_0_0_8_we0                 |   9|          2|    1|          2|
    |output_0_0_9_address0            |  15|          3|   13|         39|
    |output_0_0_9_ce0                 |  15|          3|    1|          3|
    |output_0_0_9_we0                 |   9|          2|    1|          2|
    |output_1_0_0_address0            |  15|          3|   13|         39|
    |output_1_0_0_ce0                 |  15|          3|    1|          3|
    |output_1_0_0_we0                 |   9|          2|    1|          2|
    |output_1_0_10_address0           |  15|          3|   13|         39|
    |output_1_0_10_ce0                |  15|          3|    1|          3|
    |output_1_0_10_we0                |   9|          2|    1|          2|
    |output_1_0_11_address0           |  15|          3|   13|         39|
    |output_1_0_11_ce0                |  15|          3|    1|          3|
    |output_1_0_11_we0                |   9|          2|    1|          2|
    |output_1_0_12_address0           |  15|          3|   13|         39|
    |output_1_0_12_ce0                |  15|          3|    1|          3|
    |output_1_0_12_we0                |   9|          2|    1|          2|
    |output_1_0_13_address0           |  15|          3|   13|         39|
    |output_1_0_13_ce0                |  15|          3|    1|          3|
    |output_1_0_13_we0                |   9|          2|    1|          2|
    |output_1_0_14_address0           |  15|          3|   13|         39|
    |output_1_0_14_ce0                |  15|          3|    1|          3|
    |output_1_0_14_we0                |   9|          2|    1|          2|
    |output_1_0_15_address0           |  15|          3|   13|         39|
    |output_1_0_15_ce0                |  15|          3|    1|          3|
    |output_1_0_15_we0                |   9|          2|    1|          2|
    |output_1_0_1_address0            |  15|          3|   13|         39|
    |output_1_0_1_ce0                 |  15|          3|    1|          3|
    |output_1_0_1_we0                 |   9|          2|    1|          2|
    |output_1_0_2_address0            |  15|          3|   13|         39|
    |output_1_0_2_ce0                 |  15|          3|    1|          3|
    |output_1_0_2_we0                 |   9|          2|    1|          2|
    |output_1_0_3_address0            |  15|          3|   13|         39|
    |output_1_0_3_ce0                 |  15|          3|    1|          3|
    |output_1_0_3_we0                 |   9|          2|    1|          2|
    |output_1_0_4_address0            |  15|          3|   13|         39|
    |output_1_0_4_ce0                 |  15|          3|    1|          3|
    |output_1_0_4_we0                 |   9|          2|    1|          2|
    |output_1_0_5_address0            |  15|          3|   13|         39|
    |output_1_0_5_ce0                 |  15|          3|    1|          3|
    |output_1_0_5_we0                 |   9|          2|    1|          2|
    |output_1_0_6_address0            |  15|          3|   13|         39|
    |output_1_0_6_ce0                 |  15|          3|    1|          3|
    |output_1_0_6_we0                 |   9|          2|    1|          2|
    |output_1_0_7_address0            |  15|          3|   13|         39|
    |output_1_0_7_ce0                 |  15|          3|    1|          3|
    |output_1_0_7_we0                 |   9|          2|    1|          2|
    |output_1_0_8_address0            |  15|          3|   13|         39|
    |output_1_0_8_ce0                 |  15|          3|    1|          3|
    |output_1_0_8_we0                 |   9|          2|    1|          2|
    |output_1_0_9_address0            |  15|          3|   13|         39|
    |output_1_0_9_ce0                 |  15|          3|    1|          3|
    |output_1_0_9_we0                 |   9|          2|    1|          2|
    |p_01_idx_reg_1038                |   9|          2|   64|        128|
    |p_0_idx_reg_1050                 |   9|          2|   64|        128|
    +---------------------------------+----+-----------+-----+-----------+
    |Total                            |4613|        971| 3065|       8057|
    +---------------------------------+----+-----------+-----+-----------+

    * Register: 
    +--------------------------------------+----+----+-----+-----------+
    |                 Name                 | FF | LUT| Bits| Const Bits|
    +--------------------------------------+----+----+-----+-----------+
    |FF_0_0_fu_436                         |  32|   0|   32|          0|
    |FF_0_10_fu_476                        |  32|   0|   32|          0|
    |FF_0_11_fu_480                        |  32|   0|   32|          0|
    |FF_0_12_fu_484                        |  32|   0|   32|          0|
    |FF_0_13_fu_488                        |  32|   0|   32|          0|
    |FF_0_14_fu_492                        |  32|   0|   32|          0|
    |FF_0_15_fu_496                        |  32|   0|   32|          0|
    |FF_0_16_fu_500                        |  32|   0|   32|          0|
    |FF_0_17_fu_504                        |  32|   0|   32|          0|
    |FF_0_18_fu_508                        |  32|   0|   32|          0|
    |FF_0_19_fu_512                        |  32|   0|   32|          0|
    |FF_0_1_fu_440                         |  32|   0|   32|          0|
    |FF_0_20_fu_516                        |  32|   0|   32|          0|
    |FF_0_21_fu_520                        |  32|   0|   32|          0|
    |FF_0_22_fu_524                        |  32|   0|   32|          0|
    |FF_0_23_fu_528                        |  32|   0|   32|          0|
    |FF_0_24_fu_532                        |  32|   0|   32|          0|
    |FF_0_25_fu_536                        |  32|   0|   32|          0|
    |FF_0_26_fu_540                        |  32|   0|   32|          0|
    |FF_0_27_fu_544                        |  32|   0|   32|          0|
    |FF_0_28_fu_548                        |  32|   0|   32|          0|
    |FF_0_29_fu_552                        |  32|   0|   32|          0|
    |FF_0_2_fu_444                         |  32|   0|   32|          0|
    |FF_0_30_fu_556                        |  32|   0|   32|          0|
    |FF_0_31_fu_560                        |  32|   0|   32|          0|
    |FF_0_32_fu_564                        |  32|   0|   32|          0|
    |FF_0_33_fu_568                        |  32|   0|   32|          0|
    |FF_0_34_fu_572                        |  32|   0|   32|          0|
    |FF_0_35_fu_576                        |  32|   0|   32|          0|
    |FF_0_36_fu_580                        |  32|   0|   32|          0|
    |FF_0_37_fu_584                        |  32|   0|   32|          0|
    |FF_0_38_fu_588                        |  32|   0|   32|          0|
    |FF_0_39_fu_592                        |  32|   0|   32|          0|
    |FF_0_3_fu_448                         |  32|   0|   32|          0|
    |FF_0_40_fu_596                        |  32|   0|   32|          0|
    |FF_0_41_fu_600                        |  32|   0|   32|          0|
    |FF_0_42_fu_604                        |  32|   0|   32|          0|
    |FF_0_43_fu_608                        |  32|   0|   32|          0|
    |FF_0_44_fu_612                        |  32|   0|   32|          0|
    |FF_0_45_fu_616                        |  32|   0|   32|          0|
    |FF_0_46_fu_620                        |  32|   0|   32|          0|
    |FF_0_47_fu_624                        |  32|   0|   32|          0|
    |FF_0_48_fu_628                        |  32|   0|   32|          0|
    |FF_0_49_fu_632                        |  32|   0|   32|          0|
    |FF_0_4_fu_452                         |  32|   0|   32|          0|
    |FF_0_50_fu_636                        |  32|   0|   32|          0|
    |FF_0_51_fu_640                        |  32|   0|   32|          0|
    |FF_0_52_fu_644                        |  32|   0|   32|          0|
    |FF_0_53_fu_648                        |  32|   0|   32|          0|
    |FF_0_54_fu_652                        |  32|   0|   32|          0|
    |FF_0_55_fu_656                        |  32|   0|   32|          0|
    |FF_0_56_fu_660                        |  32|   0|   32|          0|
    |FF_0_57_fu_664                        |  32|   0|   32|          0|
    |FF_0_58_fu_668                        |  32|   0|   32|          0|
    |FF_0_59_fu_672                        |  32|   0|   32|          0|
    |FF_0_5_fu_456                         |  32|   0|   32|          0|
    |FF_0_6_fu_460                         |  32|   0|   32|          0|
    |FF_0_7_fu_464                         |  32|   0|   32|          0|
    |FF_0_8_fu_468                         |  32|   0|   32|          0|
    |FF_0_9_fu_472                         |  32|   0|   32|          0|
    |FIFO_ptrs_0_1_reg_3016                |  32|   0|   32|          0|
    |FIFO_ptrs_0_2_fu_868                  |  32|   0|   32|          0|
    |FIFO_ptrs_0_2_load_reg_3304           |  32|   0|   32|          0|
    |FIFO_ptrs_10_1_reg_3066               |  32|   0|   32|          0|
    |FIFO_ptrs_10_2_fu_908                 |  32|   0|   32|          0|
    |FIFO_ptrs_10_2_load_reg_3354          |  32|   0|   32|          0|
    |FIFO_ptrs_10_fu_156                   |  32|   0|   32|          0|
    |FIFO_ptrs_11_1_reg_3071               |  32|   0|   32|          0|
    |FIFO_ptrs_11_2_fu_912                 |  32|   0|   32|          0|
    |FIFO_ptrs_11_2_load_reg_3359          |  32|   0|   32|          0|
    |FIFO_ptrs_11_fu_160                   |  32|   0|   32|          0|
    |FIFO_ptrs_12_1_reg_3076               |  32|   0|   32|          0|
    |FIFO_ptrs_12_2_fu_916                 |  32|   0|   32|          0|
    |FIFO_ptrs_12_2_load_reg_3364          |  32|   0|   32|          0|
    |FIFO_ptrs_12_fu_164                   |  32|   0|   32|          0|
    |FIFO_ptrs_13_1_reg_3081               |  32|   0|   32|          0|
    |FIFO_ptrs_13_2_fu_920                 |  32|   0|   32|          0|
    |FIFO_ptrs_13_2_load_reg_3369          |  32|   0|   32|          0|
    |FIFO_ptrs_13_fu_168                   |  32|   0|   32|          0|
    |FIFO_ptrs_14_1_reg_3086               |  32|   0|   32|          0|
    |FIFO_ptrs_14_2_fu_924                 |  32|   0|   32|          0|
    |FIFO_ptrs_14_2_load_reg_3374          |  32|   0|   32|          0|
    |FIFO_ptrs_14_fu_172                   |  32|   0|   32|          0|
    |FIFO_ptrs_15_1_reg_3091               |  32|   0|   32|          0|
    |FIFO_ptrs_15_2_fu_928                 |  32|   0|   32|          0|
    |FIFO_ptrs_15_2_load_reg_3379          |  32|   0|   32|          0|
    |FIFO_ptrs_1_1_reg_3021                |  32|   0|   32|          0|
    |FIFO_ptrs_1_2_fu_872                  |  32|   0|   32|          0|
    |FIFO_ptrs_1_2_load_reg_3309           |  32|   0|   32|          0|
    |FIFO_ptrs_1_fu_120                    |  32|   0|   32|          0|
    |FIFO_ptrs_2_1_reg_3026                |  32|   0|   32|          0|
    |FIFO_ptrs_2_2_fu_876                  |  32|   0|   32|          0|
    |FIFO_ptrs_2_2_load_reg_3314           |  32|   0|   32|          0|
    |FIFO_ptrs_2_fu_124                    |  32|   0|   32|          0|
    |FIFO_ptrs_3_1_reg_3031                |  32|   0|   32|          0|
    |FIFO_ptrs_3_2_fu_880                  |  32|   0|   32|          0|
    |FIFO_ptrs_3_2_load_reg_3319           |  32|   0|   32|          0|
    |FIFO_ptrs_3_fu_128                    |  32|   0|   32|          0|
    |FIFO_ptrs_4_1_reg_3036                |  32|   0|   32|          0|
    |FIFO_ptrs_4_2_fu_884                  |  32|   0|   32|          0|
    |FIFO_ptrs_4_2_load_reg_3324           |  32|   0|   32|          0|
    |FIFO_ptrs_4_fu_132                    |  32|   0|   32|          0|
    |FIFO_ptrs_5_1_reg_3041                |  32|   0|   32|          0|
    |FIFO_ptrs_5_2_fu_888                  |  32|   0|   32|          0|
    |FIFO_ptrs_5_2_load_reg_3329           |  32|   0|   32|          0|
    |FIFO_ptrs_5_fu_136                    |  32|   0|   32|          0|
    |FIFO_ptrs_6_1_reg_3046                |  32|   0|   32|          0|
    |FIFO_ptrs_6_2_fu_892                  |  32|   0|   32|          0|
    |FIFO_ptrs_6_2_load_reg_3334           |  32|   0|   32|          0|
    |FIFO_ptrs_6_fu_140                    |  32|   0|   32|          0|
    |FIFO_ptrs_7_1_reg_3051                |  32|   0|   32|          0|
    |FIFO_ptrs_7_2_fu_896                  |  32|   0|   32|          0|
    |FIFO_ptrs_7_2_load_reg_3339           |  32|   0|   32|          0|
    |FIFO_ptrs_7_fu_144                    |  32|   0|   32|          0|
    |FIFO_ptrs_8_1_reg_3056                |  32|   0|   32|          0|
    |FIFO_ptrs_8_2_fu_900                  |  32|   0|   32|          0|
    |FIFO_ptrs_8_2_load_reg_3344           |  32|   0|   32|          0|
    |FIFO_ptrs_8_fu_148                    |  32|   0|   32|          0|
    |FIFO_ptrs_9_1_reg_3061                |  32|   0|   32|          0|
    |FIFO_ptrs_9_2_fu_904                  |  32|   0|   32|          0|
    |FIFO_ptrs_9_2_load_reg_3349           |  32|   0|   32|          0|
    |FIFO_ptrs_9_fu_152                    |  32|   0|   32|          0|
    |FIFO_ptrs_fu_116                      |  32|   0|   32|          0|
    |FIFO_ptrs_s_fu_176                    |  32|   0|   32|          0|
    |ap_CS_fsm                             |   8|   0|    8|          0|
    |ap_reg_grp_compute_fu_1062_ap_start   |   1|   0|    1|          0|
    |ap_reg_grp_load_fu_1255_ap_start      |   1|   0|    1|          0|
    |ap_reg_grp_store_fu_1229_ap_start     |   1|   0|    1|          0|
    |ap_rst_n_inv                          |   1|   0|    1|          0|
    |burst_index_in_total_1_reg_3280       |  31|   0|   31|          0|
    |burst_index_in_total_reg_1027         |  31|   0|   31|          0|
    |burst_index_load_2_reg_3419           |  32|   0|   32|          0|
    |burst_index_load_reg_1003             |  32|   0|   32|          0|
    |burst_index_store_2_reg_3429          |  32|   0|   32|          0|
    |burst_index_store_reg_1015            |  32|   0|   32|          0|
    |compute_flag_reg_3292                 |   1|   0|    1|          0|
    |extra_space_i_coalesed_read_reg_2690  |  64|   0|   64|          0|
    |extra_space_o_coalesed_read_reg_2685  |  64|   0|   64|          0|
    |i_base_0_2_fu_932                     |  32|   0|   32|          0|
    |i_base_0_2_load_reg_3384              |  32|   0|   32|          0|
    |i_base_1_2_fu_936                     |  32|   0|   32|          0|
    |i_base_1_2_load_reg_3389              |  32|   0|   32|          0|
    |invdar_reg_992                        |   4|   0|    4|          0|
    |j_base_0_2_fu_940                     |  32|   0|   32|          0|
    |j_base_0_2_load_reg_3394              |  32|   0|   32|          0|
    |j_base_1_2_fu_944                     |  32|   0|   32|          0|
    |j_base_1_2_load_reg_3399              |  32|   0|   32|          0|
    |k_base_0_2_fu_948                     |  32|   0|   32|          0|
    |k_base_0_2_load_reg_3404              |  32|   0|   32|          0|
    |k_base_1_2_fu_952                     |  32|   0|   32|          0|
    |k_base_1_2_load_reg_3409              |  32|   0|   32|          0|
    |load_flag_reg_3285                    |   1|   0|    1|          0|
    |p_01_idx_reg_1038                     |  64|   0|   64|          0|
    |p_0_idx_reg_1050                      |  64|   0|   64|          0|
    |p_sum4_reg_3263                       |  64|   0|   64|          0|
    |p_sum_reg_3268                        |  64|   0|   64|          0|
    |store_flag_reg_3297                   |   1|   0|    1|          0|
    |tile_burst_num_read_reg_2695          |  64|   0|   64|          0|
    |tmp_5_reg_3424                        |   1|   0|    1|          0|
    |tmp_7_reg_3414                        |   1|   0|    1|          0|
    |tmp_8_reg_3253                        |  32|   0|   32|          0|
    |tmp_9_reg_3258                        |  32|   0|   32|          0|
    |tmp_reg_3273                          |   1|   0|    1|          0|
    |total_burst_num_read_reg_2678         |  32|   0|   32|          0|
    |var_input_V3_reg_2701                 |  58|   0|   58|          0|
    |var_output_V1_reg_2706                |  58|   0|   58|          0|
    +--------------------------------------+----+----+-----+-----------+
    |Total                                 |5224|   0| 5224|          0|
    +--------------------------------------+----+----+-----+-----------+



================================================================
== Interface
================================================================
* Summary: 
+-----------------------+-----+-----+------------+-----------------+--------------+
|       RTL Ports       | Dir | Bits|  Protocol  |  Source Object  |    C Type    |
+-----------------------+-----+-----+------------+-----------------+--------------+
|s_axi_control_AWVALID  |  in |    1|    s_axi   |     control     |    scalar    |
|s_axi_control_AWREADY  | out |    1|    s_axi   |     control     |    scalar    |
|s_axi_control_AWADDR   |  in |    7|    s_axi   |     control     |    scalar    |
|s_axi_control_WVALID   |  in |    1|    s_axi   |     control     |    scalar    |
|s_axi_control_WREADY   | out |    1|    s_axi   |     control     |    scalar    |
|s_axi_control_WDATA    |  in |   32|    s_axi   |     control     |    scalar    |
|s_axi_control_WSTRB    |  in |    4|    s_axi   |     control     |    scalar    |
|s_axi_control_ARVALID  |  in |    1|    s_axi   |     control     |    scalar    |
|s_axi_control_ARREADY  | out |    1|    s_axi   |     control     |    scalar    |
|s_axi_control_ARADDR   |  in |    7|    s_axi   |     control     |    scalar    |
|s_axi_control_RVALID   | out |    1|    s_axi   |     control     |    scalar    |
|s_axi_control_RREADY   |  in |    1|    s_axi   |     control     |    scalar    |
|s_axi_control_RDATA    | out |   32|    s_axi   |     control     |    scalar    |
|s_axi_control_RRESP    | out |    2|    s_axi   |     control     |    scalar    |
|s_axi_control_BVALID   | out |    1|    s_axi   |     control     |    scalar    |
|s_axi_control_BREADY   |  in |    1|    s_axi   |     control     |    scalar    |
|s_axi_control_BRESP    | out |    2|    s_axi   |     control     |    scalar    |
|ap_clk                 |  in |    1| ap_ctrl_hs | jacobi3d_kernel | return value |
|ap_rst_n               |  in |    1| ap_ctrl_hs | jacobi3d_kernel | return value |
|interrupt              | out |    1| ap_ctrl_hs | jacobi3d_kernel | return value |
|m_axi_gmem1_AWVALID    | out |    1|    m_axi   |      gmem1      |    pointer   |
|m_axi_gmem1_AWREADY    |  in |    1|    m_axi   |      gmem1      |    pointer   |
|m_axi_gmem1_AWADDR     | out |   64|    m_axi   |      gmem1      |    pointer   |
|m_axi_gmem1_AWID       | out |    1|    m_axi   |      gmem1      |    pointer   |
|m_axi_gmem1_AWLEN      | out |    8|    m_axi   |      gmem1      |    pointer   |
|m_axi_gmem1_AWSIZE     | out |    3|    m_axi   |      gmem1      |    pointer   |
|m_axi_gmem1_AWBURST    | out |    2|    m_axi   |      gmem1      |    pointer   |
|m_axi_gmem1_AWLOCK     | out |    2|    m_axi   |      gmem1      |    pointer   |
|m_axi_gmem1_AWCACHE    | out |    4|    m_axi   |      gmem1      |    pointer   |
|m_axi_gmem1_AWPROT     | out |    3|    m_axi   |      gmem1      |    pointer   |
|m_axi_gmem1_AWQOS      | out |    4|    m_axi   |      gmem1      |    pointer   |
|m_axi_gmem1_AWREGION   | out |    4|    m_axi   |      gmem1      |    pointer   |
|m_axi_gmem1_AWUSER     | out |    1|    m_axi   |      gmem1      |    pointer   |
|m_axi_gmem1_WVALID     | out |    1|    m_axi   |      gmem1      |    pointer   |
|m_axi_gmem1_WREADY     |  in |    1|    m_axi   |      gmem1      |    pointer   |
|m_axi_gmem1_WDATA      | out |  512|    m_axi   |      gmem1      |    pointer   |
|m_axi_gmem1_WSTRB      | out |   64|    m_axi   |      gmem1      |    pointer   |
|m_axi_gmem1_WLAST      | out |    1|    m_axi   |      gmem1      |    pointer   |
|m_axi_gmem1_WID        | out |    1|    m_axi   |      gmem1      |    pointer   |
|m_axi_gmem1_WUSER      | out |    1|    m_axi   |      gmem1      |    pointer   |
|m_axi_gmem1_ARVALID    | out |    1|    m_axi   |      gmem1      |    pointer   |
|m_axi_gmem1_ARREADY    |  in |    1|    m_axi   |      gmem1      |    pointer   |
|m_axi_gmem1_ARADDR     | out |   64|    m_axi   |      gmem1      |    pointer   |
|m_axi_gmem1_ARID       | out |    1|    m_axi   |      gmem1      |    pointer   |
|m_axi_gmem1_ARLEN      | out |    8|    m_axi   |      gmem1      |    pointer   |
|m_axi_gmem1_ARSIZE     | out |    3|    m_axi   |      gmem1      |    pointer   |
|m_axi_gmem1_ARBURST    | out |    2|    m_axi   |      gmem1      |    pointer   |
|m_axi_gmem1_ARLOCK     | out |    2|    m_axi   |      gmem1      |    pointer   |
|m_axi_gmem1_ARCACHE    | out |    4|    m_axi   |      gmem1      |    pointer   |
|m_axi_gmem1_ARPROT     | out |    3|    m_axi   |      gmem1      |    pointer   |
|m_axi_gmem1_ARQOS      | out |    4|    m_axi   |      gmem1      |    pointer   |
|m_axi_gmem1_ARREGION   | out |    4|    m_axi   |      gmem1      |    pointer   |
|m_axi_gmem1_ARUSER     | out |    1|    m_axi   |      gmem1      |    pointer   |
|m_axi_gmem1_RVALID     |  in |    1|    m_axi   |      gmem1      |    pointer   |
|m_axi_gmem1_RREADY     | out |    1|    m_axi   |      gmem1      |    pointer   |
|m_axi_gmem1_RDATA      |  in |  512|    m_axi   |      gmem1      |    pointer   |
|m_axi_gmem1_RLAST      |  in |    1|    m_axi   |      gmem1      |    pointer   |
|m_axi_gmem1_RID        |  in |    1|    m_axi   |      gmem1      |    pointer   |
|m_axi_gmem1_RUSER      |  in |    1|    m_axi   |      gmem1      |    pointer   |
|m_axi_gmem1_RRESP      |  in |    2|    m_axi   |      gmem1      |    pointer   |
|m_axi_gmem1_BVALID     |  in |    1|    m_axi   |      gmem1      |    pointer   |
|m_axi_gmem1_BREADY     | out |    1|    m_axi   |      gmem1      |    pointer   |
|m_axi_gmem1_BRESP      |  in |    2|    m_axi   |      gmem1      |    pointer   |
|m_axi_gmem1_BID        |  in |    1|    m_axi   |      gmem1      |    pointer   |
|m_axi_gmem1_BUSER      |  in |    1|    m_axi   |      gmem1      |    pointer   |
|m_axi_gmem2_AWVALID    | out |    1|    m_axi   |      gmem2      |    pointer   |
|m_axi_gmem2_AWREADY    |  in |    1|    m_axi   |      gmem2      |    pointer   |
|m_axi_gmem2_AWADDR     | out |   64|    m_axi   |      gmem2      |    pointer   |
|m_axi_gmem2_AWID       | out |    1|    m_axi   |      gmem2      |    pointer   |
|m_axi_gmem2_AWLEN      | out |    8|    m_axi   |      gmem2      |    pointer   |
|m_axi_gmem2_AWSIZE     | out |    3|    m_axi   |      gmem2      |    pointer   |
|m_axi_gmem2_AWBURST    | out |    2|    m_axi   |      gmem2      |    pointer   |
|m_axi_gmem2_AWLOCK     | out |    2|    m_axi   |      gmem2      |    pointer   |
|m_axi_gmem2_AWCACHE    | out |    4|    m_axi   |      gmem2      |    pointer   |
|m_axi_gmem2_AWPROT     | out |    3|    m_axi   |      gmem2      |    pointer   |
|m_axi_gmem2_AWQOS      | out |    4|    m_axi   |      gmem2      |    pointer   |
|m_axi_gmem2_AWREGION   | out |    4|    m_axi   |      gmem2      |    pointer   |
|m_axi_gmem2_AWUSER     | out |    1|    m_axi   |      gmem2      |    pointer   |
|m_axi_gmem2_WVALID     | out |    1|    m_axi   |      gmem2      |    pointer   |
|m_axi_gmem2_WREADY     |  in |    1|    m_axi   |      gmem2      |    pointer   |
|m_axi_gmem2_WDATA      | out |  512|    m_axi   |      gmem2      |    pointer   |
|m_axi_gmem2_WSTRB      | out |   64|    m_axi   |      gmem2      |    pointer   |
|m_axi_gmem2_WLAST      | out |    1|    m_axi   |      gmem2      |    pointer   |
|m_axi_gmem2_WID        | out |    1|    m_axi   |      gmem2      |    pointer   |
|m_axi_gmem2_WUSER      | out |    1|    m_axi   |      gmem2      |    pointer   |
|m_axi_gmem2_ARVALID    | out |    1|    m_axi   |      gmem2      |    pointer   |
|m_axi_gmem2_ARREADY    |  in |    1|    m_axi   |      gmem2      |    pointer   |
|m_axi_gmem2_ARADDR     | out |   64|    m_axi   |      gmem2      |    pointer   |
|m_axi_gmem2_ARID       | out |    1|    m_axi   |      gmem2      |    pointer   |
|m_axi_gmem2_ARLEN      | out |    8|    m_axi   |      gmem2      |    pointer   |
|m_axi_gmem2_ARSIZE     | out |    3|    m_axi   |      gmem2      |    pointer   |
|m_axi_gmem2_ARBURST    | out |    2|    m_axi   |      gmem2      |    pointer   |
|m_axi_gmem2_ARLOCK     | out |    2|    m_axi   |      gmem2      |    pointer   |
|m_axi_gmem2_ARCACHE    | out |    4|    m_axi   |      gmem2      |    pointer   |
|m_axi_gmem2_ARPROT     | out |    3|    m_axi   |      gmem2      |    pointer   |
|m_axi_gmem2_ARQOS      | out |    4|    m_axi   |      gmem2      |    pointer   |
|m_axi_gmem2_ARREGION   | out |    4|    m_axi   |      gmem2      |    pointer   |
|m_axi_gmem2_ARUSER     | out |    1|    m_axi   |      gmem2      |    pointer   |
|m_axi_gmem2_RVALID     |  in |    1|    m_axi   |      gmem2      |    pointer   |
|m_axi_gmem2_RREADY     | out |    1|    m_axi   |      gmem2      |    pointer   |
|m_axi_gmem2_RDATA      |  in |  512|    m_axi   |      gmem2      |    pointer   |
|m_axi_gmem2_RLAST      |  in |    1|    m_axi   |      gmem2      |    pointer   |
|m_axi_gmem2_RID        |  in |    1|    m_axi   |      gmem2      |    pointer   |
|m_axi_gmem2_RUSER      |  in |    1|    m_axi   |      gmem2      |    pointer   |
|m_axi_gmem2_RRESP      |  in |    2|    m_axi   |      gmem2      |    pointer   |
|m_axi_gmem2_BVALID     |  in |    1|    m_axi   |      gmem2      |    pointer   |
|m_axi_gmem2_BREADY     | out |    1|    m_axi   |      gmem2      |    pointer   |
|m_axi_gmem2_BRESP      |  in |    2|    m_axi   |      gmem2      |    pointer   |
|m_axi_gmem2_BID        |  in |    1|    m_axi   |      gmem2      |    pointer   |
|m_axi_gmem2_BUSER      |  in |    1|    m_axi   |      gmem2      |    pointer   |
+-----------------------+-----+-----+------------+-----------------+--------------+

