================================================================
  Vivado(TM) HLS - High-Level Synthesis from C, C++ and SystemC
  Version 2017.1
  Build 1846317 on Thu Jun 22 18:17:09 MDT 2017
  Copyright (C) 1986-2017 Xilinx, Inc. All Rights Reserved.
================================================================
INFO: [HLS 200-10] Running '/opt/tools/xilinx/SDx/2017.1/Vivado_HLS/bin/unwrapped/lnx64.o/vivado_hls'
INFO: [HLS 200-10] For user 'blaok' on host 'u19-blaok' (Linux_x86_64 version 4.4.0-79-generic) on Fri Sep 15 00:55:53 PDT 2017
INFO: [HLS 200-10] On os Ubuntu 16.04.2 LTS
INFO: [HLS 200-10] In directory '/home/blaok/ssd/blaok/git/sdaccel-stencil/_xocc_compile_jacobi3d_kernel-tile200-unroll2_jacobi3d-hw-tile200-unroll2-burst100032.dir/impl/kernels/jacobi3d_kernel'
INFO: [HLS 200-10] Creating and opening project '/home/blaok/ssd/blaok/git/sdaccel-stencil/_xocc_compile_jacobi3d_kernel-tile200-unroll2_jacobi3d-hw-tile200-unroll2-burst100032.dir/impl/kernels/jacobi3d_kernel/jacobi3d_kernel'.
INFO: [HLS 200-10] Adding design file '/home/blaok/ssd/blaok/git/sdaccel-stencil/src/jacobi3d_kernel-tile200-unroll2.cpp' to the project
INFO: [HLS 200-10] Creating and opening solution '/home/blaok/ssd/blaok/git/sdaccel-stencil/_xocc_compile_jacobi3d_kernel-tile200-unroll2_jacobi3d-hw-tile200-unroll2-burst100032.dir/impl/kernels/jacobi3d_kernel/jacobi3d_kernel/solution_OCL_REGION_0'.
INFO: [HLS 200-10] Setting target device to 'xc7vx690tffg1157-2'
INFO: [SYN 201-201] Setting up clock 'default' with a period of 5ns.
INFO: [SYN 201-201] Setting up clock 'default' with an uncertainty of 1.35ns.
INFO: [SCHED 204-61] Option 'relax_ii_for_timing' is enabled, will increase II to preserve clock frequency constraints.
INFO: [XFORM 203-1171] Pipeline the innermost loop with trip count more than 64 or its parent loop when its trip count is less than or equal 64.
INFO: [XFORM 203-1161] The maximum of name length is set into 256.
INFO: [HLS 200-10] Analyzing design file '/home/blaok/ssd/blaok/git/sdaccel-stencil/src/jacobi3d_kernel-tile200-unroll2.cpp' ... 
INFO: [HLS 200-10] Validating synthesis directives ...
INFO: [HLS 200-111] Finished Checking Pragmas Time (s): cpu = 00:00:55 ; elapsed = 00:00:34 . Memory (MB): peak = 348.449 ; gain = 12.586 ; free physical = 21977 ; free virtual = 81418
INFO: [HLS 200-111] Finished Linking Time (s): cpu = 00:00:56 ; elapsed = 00:00:34 . Memory (MB): peak = 348.449 ; gain = 12.586 ; free physical = 22000 ; free virtual = 81449
INFO: [HLS 200-10] Starting code transformations ...
INFO: [XFORM 203-501] Unrolling loop 'compute_load_channel' (/home/blaok/ssd/blaok/git/sdaccel-stencil/src/jacobi3d_kernel-tile200-unroll2.cpp:204) in function 'compute(bool, float (*) [100032], float (*) [100032], float (*) [60], float (*) [1][10000], float (*) [12][99], float (*) [2][9899], float (*) [2][9799], float (*) [4][97], float (*) [2][9698], float (*) [1][9599], float (*) [2][9699], float (*) [1][9800], float (*) [2][9900], float (*) [1][9999], float (*) [7][100], float (*) [8][98], float (*) [1][9798], float (*) [1][96], float (*) [1][9598], int*, int*, int*, int*, int, int, int)' completely.
INFO: [HLS 200-111] Finished Standard Transforms Time (s): cpu = 00:00:59 ; elapsed = 00:00:38 . Memory (MB): peak = 348.719 ; gain = 12.855 ; free physical = 21935 ; free virtual = 81393
INFO: [HLS 200-10] Checking synthesizability ...
WARNING: [SYNCHK 200-23] /home/blaok/ssd/blaok/git/sdaccel-stencil/src/jacobi3d_kernel-tile200-unroll2.cpp:65: variable-indexed range selection may cause suboptimal QoR.
INFO: [SYNCHK 200-10] 0 error(s), 1 warning(s).
INFO: [HLS 200-111] Finished Checking Synthesizability Time (s): cpu = 00:01:02 ; elapsed = 00:00:41 . Memory (MB): peak = 348.719 ; gain = 12.855 ; free physical = 21915 ; free virtual = 81380
INFO: [XFORM 203-510] Pipelining loop 'memset_FIFO_ptrs' in function 'jacobi3d_kernel' automatically.
INFO: [XFORM 203-502] Unrolling all sub-loops inside loop 'compute_epoch' (/home/blaok/ssd/blaok/git/sdaccel-stencil/src/jacobi3d_kernel-tile200-unroll2.cpp:182) in function 'compute' for pipelining.
INFO: [XFORM 203-502] Unrolling small iteration loop 'store_channel' (/home/blaok/ssd/blaok/git/sdaccel-stencil/src/jacobi3d_kernel-tile200-unroll2.cpp:54) in function 'store' automatically.
INFO: [XFORM 203-502] Unrolling small iteration loop 'load_channel' (/home/blaok/ssd/blaok/git/sdaccel-stencil/src/jacobi3d_kernel-tile200-unroll2.cpp:30) in function 'load' automatically.
INFO: [XFORM 203-501] Unrolling loop 'bases_init' (/home/blaok/ssd/blaok/git/sdaccel-stencil/src/jacobi3d_kernel-tile200-unroll2.cpp:756) in function 'jacobi3d_kernel' completely.
INFO: [XFORM 203-501] Unrolling loop 'compute_load_unrolled' (/home/blaok/ssd/blaok/git/sdaccel-stencil/src/jacobi3d_kernel-tile200-unroll2.cpp:208) in function 'compute' completely.
INFO: [XFORM 203-501] Unrolling loop 'compute_unrolled' (/home/blaok/ssd/blaok/git/sdaccel-stencil/src/jacobi3d_kernel-tile200-unroll2.cpp:376) in function 'compute' completely.
INFO: [XFORM 203-501] Unrolling loop 'store_channel' (/home/blaok/ssd/blaok/git/sdaccel-stencil/src/jacobi3d_kernel-tile200-unroll2.cpp:54) in function 'store' completely.
INFO: [XFORM 203-501] Unrolling loop 'store_coalesced' (/home/blaok/ssd/blaok/git/sdaccel-stencil/src/jacobi3d_kernel-tile200-unroll2.cpp:62) in function 'store' completely.
INFO: [XFORM 203-501] Unrolling loop 'load_channel' (/home/blaok/ssd/blaok/git/sdaccel-stencil/src/jacobi3d_kernel-tile200-unroll2.cpp:30) in function 'load' completely.
INFO: [XFORM 203-501] Unrolling loop 'load_coalesced' (/home/blaok/ssd/blaok/git/sdaccel-stencil/src/jacobi3d_kernel-tile200-unroll2.cpp:38) in function 'load' completely.
INFO: [XFORM 203-101] Partitioning array 'input_0' (/home/blaok/ssd/blaok/git/sdaccel-stencil/src/jacobi3d_kernel-tile200-unroll2.cpp:669) in dimension 1 completely.
INFO: [XFORM 203-101] Partitioning array 'input_1' (/home/blaok/ssd/blaok/git/sdaccel-stencil/src/jacobi3d_kernel-tile200-unroll2.cpp:670) in dimension 1 completely.
INFO: [XFORM 203-101] Partitioning array 'output_0' (/home/blaok/ssd/blaok/git/sdaccel-stencil/src/jacobi3d_kernel-tile200-unroll2.cpp:671) in dimension 1 completely.
INFO: [XFORM 203-101] Partitioning array 'output_1' (/home/blaok/ssd/blaok/git/sdaccel-stencil/src/jacobi3d_kernel-tile200-unroll2.cpp:672) in dimension 1 completely.
INFO: [XFORM 203-101] Partitioning array 'FF' (/home/blaok/ssd/blaok/git/sdaccel-stencil/src/jacobi3d_kernel-tile200-unroll2.cpp:673) in dimension 1 completely.
INFO: [XFORM 203-101] Partitioning array 'FIFO_10000' (/home/blaok/ssd/blaok/git/sdaccel-stencil/src/jacobi3d_kernel-tile200-unroll2.cpp:674) in dimension 1 completely.
INFO: [XFORM 203-101] Partitioning array 'FIFO_99' (/home/blaok/ssd/blaok/git/sdaccel-stencil/src/jacobi3d_kernel-tile200-unroll2.cpp:675) in dimension 1 completely.
INFO: [XFORM 203-101] Partitioning array 'FIFO_9899' (/home/blaok/ssd/blaok/git/sdaccel-stencil/src/jacobi3d_kernel-tile200-unroll2.cpp:676) in dimension 1 completely.
INFO: [XFORM 203-101] Partitioning array 'FIFO_9799' (/home/blaok/ssd/blaok/git/sdaccel-stencil/src/jacobi3d_kernel-tile200-unroll2.cpp:677) in dimension 1 completely.
INFO: [XFORM 203-101] Partitioning array 'FIFO_97' (/home/blaok/ssd/blaok/git/sdaccel-stencil/src/jacobi3d_kernel-tile200-unroll2.cpp:678) in dimension 1 completely.
INFO: [XFORM 203-101] Partitioning array 'FIFO_9698' (/home/blaok/ssd/blaok/git/sdaccel-stencil/src/jacobi3d_kernel-tile200-unroll2.cpp:679) in dimension 1 completely.
INFO: [XFORM 203-101] Partitioning array 'FIFO_9599' (/home/blaok/ssd/blaok/git/sdaccel-stencil/src/jacobi3d_kernel-tile200-unroll2.cpp:680) in dimension 1 completely.
INFO: [XFORM 203-101] Partitioning array 'FIFO_9699' (/home/blaok/ssd/blaok/git/sdaccel-stencil/src/jacobi3d_kernel-tile200-unroll2.cpp:681) in dimension 1 completely.
INFO: [XFORM 203-101] Partitioning array 'FIFO_9800' (/home/blaok/ssd/blaok/git/sdaccel-stencil/src/jacobi3d_kernel-tile200-unroll2.cpp:682) in dimension 1 completely.
INFO: [XFORM 203-101] Partitioning array 'FIFO_9900' (/home/blaok/ssd/blaok/git/sdaccel-stencil/src/jacobi3d_kernel-tile200-unroll2.cpp:683) in dimension 1 completely.
INFO: [XFORM 203-101] Partitioning array 'FIFO_9999' (/home/blaok/ssd/blaok/git/sdaccel-stencil/src/jacobi3d_kernel-tile200-unroll2.cpp:684) in dimension 1 completely.
INFO: [XFORM 203-101] Partitioning array 'FIFO_100' (/home/blaok/ssd/blaok/git/sdaccel-stencil/src/jacobi3d_kernel-tile200-unroll2.cpp:685) in dimension 1 completely.
INFO: [XFORM 203-101] Partitioning array 'FIFO_98' (/home/blaok/ssd/blaok/git/sdaccel-stencil/src/jacobi3d_kernel-tile200-unroll2.cpp:686) in dimension 1 completely.
INFO: [XFORM 203-101] Partitioning array 'FIFO_9798' (/home/blaok/ssd/blaok/git/sdaccel-stencil/src/jacobi3d_kernel-tile200-unroll2.cpp:687) in dimension 1 completely.
INFO: [XFORM 203-101] Partitioning array 'FIFO_96' (/home/blaok/ssd/blaok/git/sdaccel-stencil/src/jacobi3d_kernel-tile200-unroll2.cpp:688) in dimension 1 completely.
INFO: [XFORM 203-101] Partitioning array 'FIFO_9598' (/home/blaok/ssd/blaok/git/sdaccel-stencil/src/jacobi3d_kernel-tile200-unroll2.cpp:689) in dimension 1 completely.
INFO: [XFORM 203-101] Partitioning array 'FIFO_ptrs' (/home/blaok/ssd/blaok/git/sdaccel-stencil/src/jacobi3d_kernel-tile200-unroll2.cpp:740) in dimension 1 completely.
INFO: [XFORM 203-101] Partitioning array 'i_base' (/home/blaok/ssd/blaok/git/sdaccel-stencil/src/jacobi3d_kernel-tile200-unroll2.cpp:743) in dimension 1 completely.
INFO: [XFORM 203-101] Partitioning array 'j_base' (/home/blaok/ssd/blaok/git/sdaccel-stencil/src/jacobi3d_kernel-tile200-unroll2.cpp:744) in dimension 1 completely.
INFO: [XFORM 203-101] Partitioning array 'k_base' (/home/blaok/ssd/blaok/git/sdaccel-stencil/src/jacobi3d_kernel-tile200-unroll2.cpp:745) in dimension 1 completely.
INFO: [XFORM 203-101] Partitioning array 'input_points' (/home/blaok/ssd/blaok/git/sdaccel-stencil/src/jacobi3d_kernel-tile200-unroll2.cpp:119) in dimension 1 completely.
INFO: [XFORM 203-101] Partitioning array 'input_buffer' (/home/blaok/ssd/blaok/git/sdaccel-stencil/src/jacobi3d_kernel-tile200-unroll2.cpp:175) in dimension 1 completely.
INFO: [XFORM 203-101] Partitioning array 'input_0.0' (/home/blaok/ssd/blaok/git/sdaccel-stencil/src/jacobi3d_kernel-tile200-unroll2.cpp:669) in dimension 1 with a cyclic factor 16.
INFO: [XFORM 203-101] Partitioning array 'input_1.0' (/home/blaok/ssd/blaok/git/sdaccel-stencil/src/jacobi3d_kernel-tile200-unroll2.cpp:670) in dimension 1 with a cyclic factor 16.
INFO: [XFORM 203-101] Partitioning array 'output_0.0' (/home/blaok/ssd/blaok/git/sdaccel-stencil/src/jacobi3d_kernel-tile200-unroll2.cpp:671) in dimension 1 with a cyclic factor 16.
INFO: [XFORM 203-101] Partitioning array 'output_1.0' (/home/blaok/ssd/blaok/git/sdaccel-stencil/src/jacobi3d_kernel-tile200-unroll2.cpp:672) in dimension 1 with a cyclic factor 16.
INFO: [XFORM 203-101] Partitioning array 'FF.0' (/home/blaok/ssd/blaok/git/sdaccel-stencil/src/jacobi3d_kernel-tile200-unroll2.cpp:673) in dimension 1 completely.
INFO: [XFORM 203-101] Partitioning array 'FIFO_10000.0' (/home/blaok/ssd/blaok/git/sdaccel-stencil/src/jacobi3d_kernel-tile200-unroll2.cpp:674) in dimension 1 completely.
INFO: [XFORM 203-101] Partitioning array 'FIFO_99.0' (/home/blaok/ssd/blaok/git/sdaccel-stencil/src/jacobi3d_kernel-tile200-unroll2.cpp:675) in dimension 1 completely.
INFO: [XFORM 203-101] Partitioning array 'FIFO_9899.0' (/home/blaok/ssd/blaok/git/sdaccel-stencil/src/jacobi3d_kernel-tile200-unroll2.cpp:676) in dimension 1 completely.
INFO: [XFORM 203-101] Partitioning array 'FIFO_9799.0' (/home/blaok/ssd/blaok/git/sdaccel-stencil/src/jacobi3d_kernel-tile200-unroll2.cpp:677) in dimension 1 completely.
INFO: [XFORM 203-101] Partitioning array 'FIFO_97.0' (/home/blaok/ssd/blaok/git/sdaccel-stencil/src/jacobi3d_kernel-tile200-unroll2.cpp:678) in dimension 1 completely.
INFO: [XFORM 203-101] Partitioning array 'FIFO_9698.0' (/home/blaok/ssd/blaok/git/sdaccel-stencil/src/jacobi3d_kernel-tile200-unroll2.cpp:679) in dimension 1 completely.
INFO: [XFORM 203-101] Partitioning array 'FIFO_9599.0' (/home/blaok/ssd/blaok/git/sdaccel-stencil/src/jacobi3d_kernel-tile200-unroll2.cpp:680) in dimension 1 completely.
INFO: [XFORM 203-101] Partitioning array 'FIFO_9699.0' (/home/blaok/ssd/blaok/git/sdaccel-stencil/src/jacobi3d_kernel-tile200-unroll2.cpp:681) in dimension 1 completely.
INFO: [XFORM 203-101] Partitioning array 'FIFO_9800.0' (/home/blaok/ssd/blaok/git/sdaccel-stencil/src/jacobi3d_kernel-tile200-unroll2.cpp:682) in dimension 1 completely.
INFO: [XFORM 203-101] Partitioning array 'FIFO_9900.0' (/home/blaok/ssd/blaok/git/sdaccel-stencil/src/jacobi3d_kernel-tile200-unroll2.cpp:683) in dimension 1 completely.
INFO: [XFORM 203-101] Partitioning array 'FIFO_9999.0' (/home/blaok/ssd/blaok/git/sdaccel-stencil/src/jacobi3d_kernel-tile200-unroll2.cpp:684) in dimension 1 completely.
INFO: [XFORM 203-101] Partitioning array 'FIFO_100.0' (/home/blaok/ssd/blaok/git/sdaccel-stencil/src/jacobi3d_kernel-tile200-unroll2.cpp:685) in dimension 1 completely.
INFO: [XFORM 203-101] Partitioning array 'FIFO_98.0' (/home/blaok/ssd/blaok/git/sdaccel-stencil/src/jacobi3d_kernel-tile200-unroll2.cpp:686) in dimension 1 completely.
INFO: [XFORM 203-101] Partitioning array 'FIFO_9798.0' (/home/blaok/ssd/blaok/git/sdaccel-stencil/src/jacobi3d_kernel-tile200-unroll2.cpp:687) in dimension 1 completely.
INFO: [XFORM 203-101] Partitioning array 'FIFO_96.0' (/home/blaok/ssd/blaok/git/sdaccel-stencil/src/jacobi3d_kernel-tile200-unroll2.cpp:688) in dimension 1 completely.
INFO: [XFORM 203-101] Partitioning array 'FIFO_9598.0' (/home/blaok/ssd/blaok/git/sdaccel-stencil/src/jacobi3d_kernel-tile200-unroll2.cpp:689) in dimension 1 completely.
INFO: [XFORM 203-101] Partitioning array 'input_points.0' (/home/blaok/ssd/blaok/git/sdaccel-stencil/src/jacobi3d_kernel-tile200-unroll2.cpp:119) in dimension 1 completely.
INFO: [XFORM 203-101] Partitioning array 'input_buffer.0' (/home/blaok/ssd/blaok/git/sdaccel-stencil/src/jacobi3d_kernel-tile200-unroll2.cpp:175) in dimension 1 completely.
INFO: [XFORM 203-101] Partitioning array 'input_points.0.0' (/home/blaok/ssd/blaok/git/sdaccel-stencil/src/jacobi3d_kernel-tile200-unroll2.cpp:119) in dimension 1 completely.
INFO: [XFORM 203-101] Partitioning array 'input_points.0.1' (/home/blaok/ssd/blaok/git/sdaccel-stencil/src/jacobi3d_kernel-tile200-unroll2.cpp:119) in dimension 1 completely.
INFO: [XFORM 203-401] Performing if-conversion on hyperblock from (/home/blaok/ssd/blaok/git/sdaccel-stencil/src/jacobi3d_kernel-tile200-unroll2.cpp:781:9) to (/home/blaok/ssd/blaok/git/sdaccel-stencil/src/jacobi3d_kernel-tile200-unroll2.cpp:764:85) in function 'jacobi3d_kernel'... converting 5 basic blocks.
INFO: [XFORM 203-401] Performing if-conversion on hyperblock from (/home/blaok/ssd/blaok/git/sdaccel-stencil/src/jacobi3d_kernel-tile200-unroll2.cpp:182:10) to (/home/blaok/ssd/blaok/git/sdaccel-stencil/src/jacobi3d_kernel-tile200-unroll2.cpp:497:17) in function 'compute'... converting 19 basic blocks.
INFO: [XFORM 203-401] Performing if-conversion on hyperblock from (/home/blaok/ssd/blaok/git/sdaccel-stencil/src/jacobi3d_kernel-tile200-unroll2.cpp:499:17) to (/home/blaok/ssd/blaok/git/sdaccel-stencil/src/jacobi3d_kernel-tile200-unroll2.cpp:497:17) in function 'compute'... converting 4 basic blocks.
INFO: [XFORM 203-401] Performing if-conversion on hyperblock from (/home/blaok/ssd/blaok/git/sdaccel-stencil/src/jacobi3d_kernel-tile200-unroll2.cpp:499:17) to (/home/blaok/ssd/blaok/git/sdaccel-stencil/src/jacobi3d_kernel-tile200-unroll2.cpp:181:50) in function 'compute'... converting 4 basic blocks.
INFO: [HLS 200-111] Finished Pre-synthesis Time (s): cpu = 00:01:07 ; elapsed = 00:00:46 . Memory (MB): peak = 476.445 ; gain = 140.582 ; free physical = 21723 ; free virtual = 81203
INFO: [XFORM 203-811] Inferring bus burst write of length 6252 on port 'to.V' (/home/blaok/ssd/blaok/git/sdaccel-stencil/src/jacobi3d_kernel-tile200-unroll2.cpp:67:17).
INFO: [XFORM 203-811] Inferring bus burst read of length 6252 on port 'from.V' (/home/blaok/ssd/blaok/git/sdaccel-stencil/src/jacobi3d_kernel-tile200-unroll2.cpp:35:86).
WARNING: [ANALYSIS 214-52] Found false inter dependency for variable 'FF[59]' (/home/blaok/ssd/blaok/git/sdaccel-stencil/src/jacobi3d_kernel-tile200-unroll2.cpp:75).
WARNING: [ANALYSIS 214-52] Found false inter dependency for variable 'FF[58]' (/home/blaok/ssd/blaok/git/sdaccel-stencil/src/jacobi3d_kernel-tile200-unroll2.cpp:75).
WARNING: [ANALYSIS 214-52] Found false inter dependency for variable 'FF[57]' (/home/blaok/ssd/blaok/git/sdaccel-stencil/src/jacobi3d_kernel-tile200-unroll2.cpp:75).
WARNING: [ANALYSIS 214-52] Found false inter dependency for variable 'FF[51]' (/home/blaok/ssd/blaok/git/sdaccel-stencil/src/jacobi3d_kernel-tile200-unroll2.cpp:75).
WARNING: [ANALYSIS 214-52] Found false inter dependency for variable 'FF[2]' (/home/blaok/ssd/blaok/git/sdaccel-stencil/src/jacobi3d_kernel-tile200-unroll2.cpp:75).
WARNING: [ANALYSIS 214-52] Found false inter dependency for variable 'FF[14]' (/home/blaok/ssd/blaok/git/sdaccel-stencil/src/jacobi3d_kernel-tile200-unroll2.cpp:75).
WARNING: [ANALYSIS 214-52] Found false inter dependency for variable 'FF[16]' (/home/blaok/ssd/blaok/git/sdaccel-stencil/src/jacobi3d_kernel-tile200-unroll2.cpp:75).
WARNING: [ANALYSIS 214-52] Found false inter dependency for variable 'FF[1]' (/home/blaok/ssd/blaok/git/sdaccel-stencil/src/jacobi3d_kernel-tile200-unroll2.cpp:75).
WARNING: [ANALYSIS 214-52] Found false inter dependency for variable 'FF[18]' (/home/blaok/ssd/blaok/git/sdaccel-stencil/src/jacobi3d_kernel-tile200-unroll2.cpp:75).
WARNING: [ANALYSIS 214-52] Found false inter dependency for variable 'FF[22]' (/home/blaok/ssd/blaok/git/sdaccel-stencil/src/jacobi3d_kernel-tile200-unroll2.cpp:75).
WARNING: [ANALYSIS 214-52] Found false inter dependency for variable 'FF[30]' (/home/blaok/ssd/blaok/git/sdaccel-stencil/src/jacobi3d_kernel-tile200-unroll2.cpp:75).
WARNING: [ANALYSIS 214-52] Found false inter dependency for variable 'FF[29]' (/home/blaok/ssd/blaok/git/sdaccel-stencil/src/jacobi3d_kernel-tile200-unroll2.cpp:75).
WARNING: [ANALYSIS 214-52] Found false inter dependency for variable 'FF[44]' (/home/blaok/ssd/blaok/git/sdaccel-stencil/src/jacobi3d_kernel-tile200-unroll2.cpp:75).
WARNING: [ANALYSIS 214-52] Found false inter dependency for variable 'FF[13]' (/home/blaok/ssd/blaok/git/sdaccel-stencil/src/jacobi3d_kernel-tile200-unroll2.cpp:75).
WARNING: [ANALYSIS 214-52] Found false inter dependency for variable 'FF[0]' (/home/blaok/ssd/blaok/git/sdaccel-stencil/src/jacobi3d_kernel-tile200-unroll2.cpp:75).
WARNING: [ANALYSIS 214-52] Found false inter dependency for variable 'FF[20]' (/home/blaok/ssd/blaok/git/sdaccel-stencil/src/jacobi3d_kernel-tile200-unroll2.cpp:75).
WARNING: [ANALYSIS 214-52] Found false inter dependency for variable 'FF[4]' (/home/blaok/ssd/blaok/git/sdaccel-stencil/src/jacobi3d_kernel-tile200-unroll2.cpp:75).
WARNING: [ANALYSIS 214-52] Found false inter dependency for variable 'FF[11]' (/home/blaok/ssd/blaok/git/sdaccel-stencil/src/jacobi3d_kernel-tile200-unroll2.cpp:75).
WARNING: [ANALYSIS 214-52] Found false inter dependency for variable 'FF[6]' (/home/blaok/ssd/blaok/git/sdaccel-stencil/src/jacobi3d_kernel-tile200-unroll2.cpp:75).
WARNING: [ANALYSIS 214-52] Found false inter dependency for variable 'FF[9]' (/home/blaok/ssd/blaok/git/sdaccel-stencil/src/jacobi3d_kernel-tile200-unroll2.cpp:75).
WARNING: [ANALYSIS 214-52] Found false inter dependency for variable 'FF[12]' (/home/blaok/ssd/blaok/git/sdaccel-stencil/src/jacobi3d_kernel-tile200-unroll2.cpp:75).
WARNING: [ANALYSIS 214-52] Found false inter dependency for variable 'FF[19]' (/home/blaok/ssd/blaok/git/sdaccel-stencil/src/jacobi3d_kernel-tile200-unroll2.cpp:75).
WARNING: [ANALYSIS 214-52] Found false inter dependency for variable 'FF[50]' (/home/blaok/ssd/blaok/git/sdaccel-stencil/src/jacobi3d_kernel-tile200-unroll2.cpp:75).
WARNING: [ANALYSIS 214-52] Found false inter dependency for variable 'FF[49]' (/home/blaok/ssd/blaok/git/sdaccel-stencil/src/jacobi3d_kernel-tile200-unroll2.cpp:75).
WARNING: [ANALYSIS 214-52] Found false inter dependency for variable 'FF[10]' (/home/blaok/ssd/blaok/git/sdaccel-stencil/src/jacobi3d_kernel-tile200-unroll2.cpp:75).
WARNING: [ANALYSIS 214-52] Found false inter dependency for variable 'FF[8]' (/home/blaok/ssd/blaok/git/sdaccel-stencil/src/jacobi3d_kernel-tile200-unroll2.cpp:75).
WARNING: [ANALYSIS 214-52] Found false inter dependency for variable 'FF[54]' (/home/blaok/ssd/blaok/git/sdaccel-stencil/src/jacobi3d_kernel-tile200-unroll2.cpp:75).
WARNING: [ANALYSIS 214-52] Found false inter dependency for variable 'FF[53]' (/home/blaok/ssd/blaok/git/sdaccel-stencil/src/jacobi3d_kernel-tile200-unroll2.cpp:75).
WARNING: [ANALYSIS 214-52] Found false inter dependency for variable 'FF[52]' (/home/blaok/ssd/blaok/git/sdaccel-stencil/src/jacobi3d_kernel-tile200-unroll2.cpp:75).
WARNING: [ANALYSIS 214-52] Found false inter dependency for variable 'FF[3]' (/home/blaok/ssd/blaok/git/sdaccel-stencil/src/jacobi3d_kernel-tile200-unroll2.cpp:75).
WARNING: [ANALYSIS 214-52] Found false inter dependency for variable 'FF[17]' (/home/blaok/ssd/blaok/git/sdaccel-stencil/src/jacobi3d_kernel-tile200-unroll2.cpp:75).
WARNING: [ANALYSIS 214-52] Found false inter dependency for variable 'FF[48]' (/home/blaok/ssd/blaok/git/sdaccel-stencil/src/jacobi3d_kernel-tile200-unroll2.cpp:75).
WARNING: [ANALYSIS 214-52] Found false inter dependency for variable 'FF[47]' (/home/blaok/ssd/blaok/git/sdaccel-stencil/src/jacobi3d_kernel-tile200-unroll2.cpp:75).
WARNING: [ANALYSIS 214-52] Found false inter dependency for variable 'FF[46]' (/home/blaok/ssd/blaok/git/sdaccel-stencil/src/jacobi3d_kernel-tile200-unroll2.cpp:75).
WARNING: [ANALYSIS 214-52] Found false inter dependency for variable 'FF[45]' (/home/blaok/ssd/blaok/git/sdaccel-stencil/src/jacobi3d_kernel-tile200-unroll2.cpp:75).
WARNING: [ANALYSIS 214-52] Found false inter dependency for variable 'FF[5]' (/home/blaok/ssd/blaok/git/sdaccel-stencil/src/jacobi3d_kernel-tile200-unroll2.cpp:75).
WARNING: [ANALYSIS 214-52] Found false inter dependency for variable 'FF[7]' (/home/blaok/ssd/blaok/git/sdaccel-stencil/src/jacobi3d_kernel-tile200-unroll2.cpp:75).
WARNING: [ANALYSIS 214-52] Found false inter dependency for variable 'FF[56]' (/home/blaok/ssd/blaok/git/sdaccel-stencil/src/jacobi3d_kernel-tile200-unroll2.cpp:75).
WARNING: [ANALYSIS 214-52] Found false inter dependency for variable 'FF[55]' (/home/blaok/ssd/blaok/git/sdaccel-stencil/src/jacobi3d_kernel-tile200-unroll2.cpp:75).
WARNING: [ANALYSIS 214-52] Found false inter dependency for variable 'FF[15]' (/home/blaok/ssd/blaok/git/sdaccel-stencil/src/jacobi3d_kernel-tile200-unroll2.cpp:75).
WARNING: [ANALYSIS 214-52] Found false inter dependency for variable 'FF[34]' (/home/blaok/ssd/blaok/git/sdaccel-stencil/src/jacobi3d_kernel-tile200-unroll2.cpp:75).
WARNING: [ANALYSIS 214-52] Found false inter dependency for variable 'FF[33]' (/home/blaok/ssd/blaok/git/sdaccel-stencil/src/jacobi3d_kernel-tile200-unroll2.cpp:75).
WARNING: [ANALYSIS 214-52] Found false inter dependency for variable 'FF[32]' (/home/blaok/ssd/blaok/git/sdaccel-stencil/src/jacobi3d_kernel-tile200-unroll2.cpp:75).
WARNING: [ANALYSIS 214-52] Found false inter dependency for variable 'FF[31]' (/home/blaok/ssd/blaok/git/sdaccel-stencil/src/jacobi3d_kernel-tile200-unroll2.cpp:75).
WARNING: [ANALYSIS 214-52] Found false inter dependency for variable 'FF[39]' (/home/blaok/ssd/blaok/git/sdaccel-stencil/src/jacobi3d_kernel-tile200-unroll2.cpp:75).
WARNING: [ANALYSIS 214-52] Found false inter dependency for variable 'FF[38]' (/home/blaok/ssd/blaok/git/sdaccel-stencil/src/jacobi3d_kernel-tile200-unroll2.cpp:75).
WARNING: [ANALYSIS 214-52] Found false inter dependency for variable 'FF[37]' (/home/blaok/ssd/blaok/git/sdaccel-stencil/src/jacobi3d_kernel-tile200-unroll2.cpp:75).
WARNING: [ANALYSIS 214-52] Found false inter dependency for variable 'FF[36]' (/home/blaok/ssd/blaok/git/sdaccel-stencil/src/jacobi3d_kernel-tile200-unroll2.cpp:75).
WARNING: [ANALYSIS 214-52] Found false inter dependency for variable 'FF[35]' (/home/blaok/ssd/blaok/git/sdaccel-stencil/src/jacobi3d_kernel-tile200-unroll2.cpp:75).
WARNING: [ANALYSIS 214-52] Found false inter dependency for variable 'FF[21]' (/home/blaok/ssd/blaok/git/sdaccel-stencil/src/jacobi3d_kernel-tile200-unroll2.cpp:75).
WARNING: [ANALYSIS 214-52] Found false inter dependency for variable 'FF[28]' (/home/blaok/ssd/blaok/git/sdaccel-stencil/src/jacobi3d_kernel-tile200-unroll2.cpp:75).
WARNING: [ANALYSIS 214-52] Found false inter dependency for variable 'FF[27]' (/home/blaok/ssd/blaok/git/sdaccel-stencil/src/jacobi3d_kernel-tile200-unroll2.cpp:75).
WARNING: [ANALYSIS 214-52] Found false inter dependency for variable 'FF[26]' (/home/blaok/ssd/blaok/git/sdaccel-stencil/src/jacobi3d_kernel-tile200-unroll2.cpp:75).
WARNING: [ANALYSIS 214-52] Found false inter dependency for variable 'FF[25]' (/home/blaok/ssd/blaok/git/sdaccel-stencil/src/jacobi3d_kernel-tile200-unroll2.cpp:75).
WARNING: [ANALYSIS 214-52] Found false inter dependency for variable 'FF[24]' (/home/blaok/ssd/blaok/git/sdaccel-stencil/src/jacobi3d_kernel-tile200-unroll2.cpp:75).
WARNING: [ANALYSIS 214-52] Found false inter dependency for variable 'FF[23]' (/home/blaok/ssd/blaok/git/sdaccel-stencil/src/jacobi3d_kernel-tile200-unroll2.cpp:75).
WARNING: [ANALYSIS 214-52] Found false inter dependency for variable 'FF[43]' (/home/blaok/ssd/blaok/git/sdaccel-stencil/src/jacobi3d_kernel-tile200-unroll2.cpp:75).
WARNING: [ANALYSIS 214-52] Found false inter dependency for variable 'FF[42]' (/home/blaok/ssd/blaok/git/sdaccel-stencil/src/jacobi3d_kernel-tile200-unroll2.cpp:75).
WARNING: [ANALYSIS 214-52] Found false inter dependency for variable 'FF[41]' (/home/blaok/ssd/blaok/git/sdaccel-stencil/src/jacobi3d_kernel-tile200-unroll2.cpp:75).
WARNING: [ANALYSIS 214-52] Found false inter dependency for variable 'FF[40]' (/home/blaok/ssd/blaok/git/sdaccel-stencil/src/jacobi3d_kernel-tile200-unroll2.cpp:75).
WARNING: [ANALYSIS 214-52] Found false inter dependency for variable 'FIFO_10000' (/home/blaok/ssd/blaok/git/sdaccel-stencil/src/jacobi3d_kernel-tile200-unroll2.cpp:76).
WARNING: [ANALYSIS 214-52] Found false inter dependency for variable 'FIFO_99[1]' (/home/blaok/ssd/blaok/git/sdaccel-stencil/src/jacobi3d_kernel-tile200-unroll2.cpp:77).
WARNING: [ANALYSIS 214-52] Found false inter dependency for variable 'FIFO_99[9]' (/home/blaok/ssd/blaok/git/sdaccel-stencil/src/jacobi3d_kernel-tile200-unroll2.cpp:77).
WARNING: [ANALYSIS 214-52] Found false inter dependency for variable 'FIFO_99[8]' (/home/blaok/ssd/blaok/git/sdaccel-stencil/src/jacobi3d_kernel-tile200-unroll2.cpp:77).
WARNING: [ANALYSIS 214-52] Found false inter dependency for variable 'FIFO_99[7]' (/home/blaok/ssd/blaok/git/sdaccel-stencil/src/jacobi3d_kernel-tile200-unroll2.cpp:77).
WARNING: [ANALYSIS 214-52] Found false inter dependency for variable 'FIFO_99[6]' (/home/blaok/ssd/blaok/git/sdaccel-stencil/src/jacobi3d_kernel-tile200-unroll2.cpp:77).
WARNING: [ANALYSIS 214-52] Found false inter dependency for variable 'FIFO_99[0]' (/home/blaok/ssd/blaok/git/sdaccel-stencil/src/jacobi3d_kernel-tile200-unroll2.cpp:77).
WARNING: [ANALYSIS 214-52] Found false inter dependency for variable 'FIFO_99[5]' (/home/blaok/ssd/blaok/git/sdaccel-stencil/src/jacobi3d_kernel-tile200-unroll2.cpp:77).
WARNING: [ANALYSIS 214-52] Found false inter dependency for variable 'FIFO_99[4]' (/home/blaok/ssd/blaok/git/sdaccel-stencil/src/jacobi3d_kernel-tile200-unroll2.cpp:77).
WARNING: [ANALYSIS 214-52] Found false inter dependency for variable 'FIFO_99[3]' (/home/blaok/ssd/blaok/git/sdaccel-stencil/src/jacobi3d_kernel-tile200-unroll2.cpp:77).
WARNING: [ANALYSIS 214-52] Found false inter dependency for variable 'FIFO_99[2]' (/home/blaok/ssd/blaok/git/sdaccel-stencil/src/jacobi3d_kernel-tile200-unroll2.cpp:77).
WARNING: [ANALYSIS 214-52] Found false inter dependency for variable 'FIFO_99[10]' (/home/blaok/ssd/blaok/git/sdaccel-stencil/src/jacobi3d_kernel-tile200-unroll2.cpp:77).
WARNING: [ANALYSIS 214-52] Found false inter dependency for variable 'FIFO_99[11]' (/home/blaok/ssd/blaok/git/sdaccel-stencil/src/jacobi3d_kernel-tile200-unroll2.cpp:77).
WARNING: [ANALYSIS 214-52] Found false inter dependency for variable 'FIFO_9899[1]' (/home/blaok/ssd/blaok/git/sdaccel-stencil/src/jacobi3d_kernel-tile200-unroll2.cpp:78).
WARNING: [ANALYSIS 214-52] Found false inter dependency for variable 'FIFO_9899[0]' (/home/blaok/ssd/blaok/git/sdaccel-stencil/src/jacobi3d_kernel-tile200-unroll2.cpp:78).
WARNING: [ANALYSIS 214-52] Found false inter dependency for variable 'FIFO_9799[1]' (/home/blaok/ssd/blaok/git/sdaccel-stencil/src/jacobi3d_kernel-tile200-unroll2.cpp:79).
WARNING: [ANALYSIS 214-52] Found false inter dependency for variable 'FIFO_9799[0]' (/home/blaok/ssd/blaok/git/sdaccel-stencil/src/jacobi3d_kernel-tile200-unroll2.cpp:79).
WARNING: [ANALYSIS 214-52] Found false inter dependency for variable 'FIFO_97[2]' (/home/blaok/ssd/blaok/git/sdaccel-stencil/src/jacobi3d_kernel-tile200-unroll2.cpp:80).
WARNING: [ANALYSIS 214-52] Found false inter dependency for variable 'FIFO_97[0]' (/home/blaok/ssd/blaok/git/sdaccel-stencil/src/jacobi3d_kernel-tile200-unroll2.cpp:80).
WARNING: [ANALYSIS 214-52] Found false inter dependency for variable 'FIFO_97[3]' (/home/blaok/ssd/blaok/git/sdaccel-stencil/src/jacobi3d_kernel-tile200-unroll2.cpp:80).
WARNING: [ANALYSIS 214-52] Found false inter dependency for variable 'FIFO_97[1]' (/home/blaok/ssd/blaok/git/sdaccel-stencil/src/jacobi3d_kernel-tile200-unroll2.cpp:80).
WARNING: [ANALYSIS 214-52] Found false inter dependency for variable 'FIFO_9698[1]' (/home/blaok/ssd/blaok/git/sdaccel-stencil/src/jacobi3d_kernel-tile200-unroll2.cpp:81).
WARNING: [ANALYSIS 214-52] Found false inter dependency for variable 'FIFO_9698[0]' (/home/blaok/ssd/blaok/git/sdaccel-stencil/src/jacobi3d_kernel-tile200-unroll2.cpp:81).
WARNING: [ANALYSIS 214-52] Found false inter dependency for variable 'FIFO_9599' (/home/blaok/ssd/blaok/git/sdaccel-stencil/src/jacobi3d_kernel-tile200-unroll2.cpp:82).
WARNING: [ANALYSIS 214-52] Found false inter dependency for variable 'FIFO_9699[1]' (/home/blaok/ssd/blaok/git/sdaccel-stencil/src/jacobi3d_kernel-tile200-unroll2.cpp:83).
WARNING: [ANALYSIS 214-52] Found false inter dependency for variable 'FIFO_9699[0]' (/home/blaok/ssd/blaok/git/sdaccel-stencil/src/jacobi3d_kernel-tile200-unroll2.cpp:83).
WARNING: [ANALYSIS 214-52] Found false inter dependency for variable 'FIFO_9800' (/home/blaok/ssd/blaok/git/sdaccel-stencil/src/jacobi3d_kernel-tile200-unroll2.cpp:84).
WARNING: [ANALYSIS 214-52] Found false inter dependency for variable 'FIFO_9900[1]' (/home/blaok/ssd/blaok/git/sdaccel-stencil/src/jacobi3d_kernel-tile200-unroll2.cpp:85).
WARNING: [ANALYSIS 214-52] Found false inter dependency for variable 'FIFO_9900[0]' (/home/blaok/ssd/blaok/git/sdaccel-stencil/src/jacobi3d_kernel-tile200-unroll2.cpp:85).
WARNING: [ANALYSIS 214-52] Found false inter dependency for variable 'FIFO_9999' (/home/blaok/ssd/blaok/git/sdaccel-stencil/src/jacobi3d_kernel-tile200-unroll2.cpp:86).
WARNING: [ANALYSIS 214-52] Found false inter dependency for variable 'FIFO_100[6]' (/home/blaok/ssd/blaok/git/sdaccel-stencil/src/jacobi3d_kernel-tile200-unroll2.cpp:87).
WARNING: [ANALYSIS 214-52] Found false inter dependency for variable 'FIFO_100[5]' (/home/blaok/ssd/blaok/git/sdaccel-stencil/src/jacobi3d_kernel-tile200-unroll2.cpp:87).
WARNING: [ANALYSIS 214-52] Found false inter dependency for variable 'FIFO_100[4]' (/home/blaok/ssd/blaok/git/sdaccel-stencil/src/jacobi3d_kernel-tile200-unroll2.cpp:87).
WARNING: [ANALYSIS 214-52] Found false inter dependency for variable 'FIFO_100[3]' (/home/blaok/ssd/blaok/git/sdaccel-stencil/src/jacobi3d_kernel-tile200-unroll2.cpp:87).
WARNING: [ANALYSIS 214-52] Found false inter dependency for variable 'FIFO_100[2]' (/home/blaok/ssd/blaok/git/sdaccel-stencil/src/jacobi3d_kernel-tile200-unroll2.cpp:87).
WARNING: [ANALYSIS 214-52] Found false inter dependency for variable 'FIFO_100[1]' (/home/blaok/ssd/blaok/git/sdaccel-stencil/src/jacobi3d_kernel-tile200-unroll2.cpp:87).
WARNING: [ANALYSIS 214-52] Found false inter dependency for variable 'FIFO_100[0]' (/home/blaok/ssd/blaok/git/sdaccel-stencil/src/jacobi3d_kernel-tile200-unroll2.cpp:87).
WARNING: [ANALYSIS 214-52] Found false inter dependency for variable 'FIFO_98[7]' (/home/blaok/ssd/blaok/git/sdaccel-stencil/src/jacobi3d_kernel-tile200-unroll2.cpp:88).
WARNING: [ANALYSIS 214-52] Found false inter dependency for variable 'FIFO_98[5]' (/home/blaok/ssd/blaok/git/sdaccel-stencil/src/jacobi3d_kernel-tile200-unroll2.cpp:88).
WARNING: [ANALYSIS 214-52] Found false inter dependency for variable 'FIFO_98[4]' (/home/blaok/ssd/blaok/git/sdaccel-stencil/src/jacobi3d_kernel-tile200-unroll2.cpp:88).
WARNING: [ANALYSIS 214-52] Found false inter dependency for variable 'FIFO_98[3]' (/home/blaok/ssd/blaok/git/sdaccel-stencil/src/jacobi3d_kernel-tile200-unroll2.cpp:88).
WARNING: [ANALYSIS 214-52] Found false inter dependency for variable 'FIFO_98[2]' (/home/blaok/ssd/blaok/git/sdaccel-stencil/src/jacobi3d_kernel-tile200-unroll2.cpp:88).
WARNING: [ANALYSIS 214-52] Found false inter dependency for variable 'FIFO_98[6]' (/home/blaok/ssd/blaok/git/sdaccel-stencil/src/jacobi3d_kernel-tile200-unroll2.cpp:88).
WARNING: [ANALYSIS 214-52] Found false inter dependency for variable 'FIFO_98[1]' (/home/blaok/ssd/blaok/git/sdaccel-stencil/src/jacobi3d_kernel-tile200-unroll2.cpp:88).
WARNING: [ANALYSIS 214-52] Found false inter dependency for variable 'FIFO_98[0]' (/home/blaok/ssd/blaok/git/sdaccel-stencil/src/jacobi3d_kernel-tile200-unroll2.cpp:88).
WARNING: [ANALYSIS 214-52] Found false inter dependency for variable 'FIFO_9798' (/home/blaok/ssd/blaok/git/sdaccel-stencil/src/jacobi3d_kernel-tile200-unroll2.cpp:89).
WARNING: [ANALYSIS 214-52] Found false inter dependency for variable 'FIFO_96' (/home/blaok/ssd/blaok/git/sdaccel-stencil/src/jacobi3d_kernel-tile200-unroll2.cpp:90).
WARNING: [ANALYSIS 214-52] Found false inter dependency for variable 'FIFO_9598' (/home/blaok/ssd/blaok/git/sdaccel-stencil/src/jacobi3d_kernel-tile200-unroll2.cpp:91).
INFO: [HLS 200-111] Finished Architecture Synthesis Time (s): cpu = 00:01:09 ; elapsed = 00:00:47 . Memory (MB): peak = 476.445 ; gain = 140.582 ; free physical = 21812 ; free virtual = 81298
INFO: [HLS 200-10] Starting hardware synthesis ...
INFO: [HLS 200-10] Synthesizing 'jacobi3d_kernel' ...
INFO: [HLS 200-10] ----------------------------------------------------------------
INFO: [HLS 200-42] -- Implementing module 'load' 
INFO: [HLS 200-10] ----------------------------------------------------------------
INFO: [SCHED 204-11] Starting scheduling ...
INFO: [SCHED 204-61] Pipelining loop 'load_epoch'.
INFO: [SCHED 204-61] Pipelining result: Target II: 1, Final II: 1, Depth: 3.
INFO: [SCHED 204-11] Finished scheduling.
INFO: [HLS 200-111]  Elapsed time: 47.78 seconds; current allocated memory: 113.023 MB.
INFO: [BIND 205-100] Starting micro-architecture generation ...
INFO: [BIND 205-101] Performing variable lifetime analysis.
INFO: [BIND 205-101] Exploring resource sharing.
INFO: [BIND 205-101] Binding ...
INFO: [BIND 205-100] Finished micro-architecture generation.
INFO: [HLS 200-111]  Elapsed time: 0.46 seconds; current allocated memory: 113.898 MB.
INFO: [HLS 200-10] ----------------------------------------------------------------
INFO: [HLS 200-42] -- Implementing module 'compute' 
INFO: [HLS 200-10] ----------------------------------------------------------------
INFO: [SCHED 204-11] Starting scheduling ...
INFO: [SCHED 204-61] Pipelining loop 'compute_epoch'.
INFO: [SCHED 204-61] Pipelining result: Target II: 1, Final II: 1, Depth: 57.
INFO: [SCHED 204-11] Finished scheduling.
INFO: [HLS 200-111]  Elapsed time: 3.25 seconds; current allocated memory: 118.243 MB.
INFO: [BIND 205-100] Starting micro-architecture generation ...
INFO: [BIND 205-101] Performing variable lifetime analysis.
INFO: [BIND 205-101] Exploring resource sharing.
INFO: [BIND 205-101] Binding ...
INFO: [BIND 205-100] Finished micro-architecture generation.
INFO: [HLS 200-111]  Elapsed time: 1.63 seconds; current allocated memory: 124.307 MB.
INFO: [HLS 200-10] ----------------------------------------------------------------
INFO: [HLS 200-42] -- Implementing module 'store' 
INFO: [HLS 200-10] ----------------------------------------------------------------
INFO: [SCHED 204-11] Starting scheduling ...
INFO: [SCHED 204-61] Pipelining loop 'store_epoch'.
INFO: [SCHED 204-61] Pipelining result: Target II: 1, Final II: 1, Depth: 3.
INFO: [SCHED 204-11] Finished scheduling.
INFO: [HLS 200-111]  Elapsed time: 2.08 seconds; current allocated memory: 125.305 MB.
INFO: [BIND 205-100] Starting micro-architecture generation ...
INFO: [BIND 205-101] Performing variable lifetime analysis.
INFO: [BIND 205-101] Exploring resource sharing.
INFO: [BIND 205-101] Binding ...
INFO: [BIND 205-100] Finished micro-architecture generation.
INFO: [HLS 200-111]  Elapsed time: 0.45 seconds; current allocated memory: 126.043 MB.
INFO: [HLS 200-10] ----------------------------------------------------------------
INFO: [HLS 200-42] -- Implementing module 'jacobi3d_kernel' 
INFO: [HLS 200-10] ----------------------------------------------------------------
INFO: [SCHED 204-11] Starting scheduling ...
INFO: [SCHED 204-61] Pipelining loop 'memset_FIFO_ptrs'.
INFO: [SCHED 204-61] Pipelining result: Target II: 1, Final II: 1, Depth: 1.
INFO: [SCHED 204-11] Finished scheduling.
INFO: [HLS 200-111]  Elapsed time: 0.37 seconds; current allocated memory: 127.328 MB.
INFO: [BIND 205-100] Starting micro-architecture generation ...
INFO: [BIND 205-101] Performing variable lifetime analysis.
INFO: [BIND 205-101] Exploring resource sharing.
INFO: [BIND 205-101] Binding ...
INFO: [BIND 205-100] Finished micro-architecture generation.
INFO: [HLS 200-111]  Elapsed time: 2.43 seconds; current allocated memory: 129.638 MB.
INFO: [HLS 200-10] ----------------------------------------------------------------
INFO: [HLS 200-10] -- Generating RTL for module 'load' 
INFO: [HLS 200-10] ----------------------------------------------------------------
INFO: [RTGEN 206-100] Finished creating RTL model for 'load'.
INFO: [HLS 200-111]  Elapsed time: 1.98 seconds; current allocated memory: 131.485 MB.
INFO: [HLS 200-10] ----------------------------------------------------------------
INFO: [HLS 200-10] -- Generating RTL for module 'compute' 
INFO: [HLS 200-10] ----------------------------------------------------------------
INFO: [RTGEN 206-104] Estimated max fanout for 'compute' is 7855 from HDL expression: (ap_block_pp0_stage0_11001 == 1'b0)
INFO: [RTGEN 206-100] Generating core module 'jacobi3d_kernel_fadd_32ns_32ns_32_8_full_dsp': 108 instance(s).
INFO: [RTGEN 206-100] Generating core module 'jacobi3d_kernel_fmul_32ns_32ns_32_5_max_dsp': 110 instance(s).
INFO: [RTGEN 206-100] Finished creating RTL model for 'compute'.
INFO: [HLS 200-111]  Elapsed time: 1.77 seconds; current allocated memory: 145.259 MB.
INFO: [HLS 200-10] ----------------------------------------------------------------
INFO: [HLS 200-10] -- Generating RTL for module 'store' 
INFO: [HLS 200-10] ----------------------------------------------------------------
INFO: [RTGEN 206-100] Finished creating RTL model for 'store'.
INFO: [HLS 200-111]  Elapsed time: 5.45 seconds; current allocated memory: 162.131 MB.
INFO: [HLS 200-10] ----------------------------------------------------------------
INFO: [HLS 200-10] -- Generating RTL for module 'jacobi3d_kernel' 
INFO: [HLS 200-10] ----------------------------------------------------------------
INFO: [RTGEN 206-500] Setting interface mode on port 'jacobi3d_kernel/gmem1' to 'm_axi'.
INFO: [RTGEN 206-500] Setting interface mode on port 'jacobi3d_kernel/gmem2' to 'm_axi'.
INFO: [RTGEN 206-500] Setting interface mode on port 'jacobi3d_kernel/var_output_V' to 's_axilite & ap_none'.
INFO: [RTGEN 206-500] Setting interface mode on port 'jacobi3d_kernel/var_input_V' to 's_axilite & ap_none'.
INFO: [RTGEN 206-500] Setting interface mode on port 'jacobi3d_kernel/tile_num_dim_0' to 's_axilite & ap_none'.
INFO: [RTGEN 206-500] Setting interface mode on port 'jacobi3d_kernel/tile_num_dim_1' to 's_axilite & ap_none'.
INFO: [RTGEN 206-500] Setting interface mode on port 'jacobi3d_kernel/input_size_dim_2' to 's_axilite & ap_none'.
INFO: [RTGEN 206-500] Setting interface mode on port 'jacobi3d_kernel/tile_burst_num' to 's_axilite & ap_none'.
INFO: [RTGEN 206-500] Setting interface mode on port 'jacobi3d_kernel/extra_space_i_coalesed' to 's_axilite & ap_none'.
INFO: [RTGEN 206-500] Setting interface mode on port 'jacobi3d_kernel/extra_space_o_coalesed' to 's_axilite & ap_none'.
INFO: [RTGEN 206-500] Setting interface mode on port 'jacobi3d_kernel/total_burst_num' to 's_axilite & ap_none'.
INFO: [RTGEN 206-500] Setting interface mode on function 'jacobi3d_kernel' to 's_axilite & ap_ctrl_hs'.
INFO: [RTGEN 206-100] Bundling port 'return', 'var_output_V', 'var_input_V', 'tile_num_dim_1', 'input_size_dim_2', 'tile_burst_num', 'extra_space_i_coalesed', 'extra_space_o_coalesed' and 'total_burst_num' to AXI-Lite port control.
INFO: [RTGEN 206-100] Generating core module 'jacobi3d_kernel_mux_164_32_1': 16 instance(s).
INFO: [RTGEN 206-100] Finished creating RTL model for 'jacobi3d_kernel'.
INFO: [HLS 200-111]  Elapsed time: 2.5 seconds; current allocated memory: 172.711 MB.
INFO: [RTMG 210-278] Implementing memory 'jacobi3d_kernel_input_0_0_0_ram (RAM)' using block RAMs.
INFO: [RTMG 210-278] Implementing memory 'jacobi3d_kernel_FIFO_10000_0_0_ram (RAM)' using block RAMs.
INFO: [RTMG 210-278] Implementing memory 'jacobi3d_kernel_FIFO_99_0_0_ram (RAM)' using block RAMs.
INFO: [RTMG 210-278] Implementing memory 'jacobi3d_kernel_FIFO_9899_0_0_ram (RAM)' using block RAMs.
INFO: [RTMG 210-278] Implementing memory 'jacobi3d_kernel_FIFO_9799_0_0_ram (RAM)' using block RAMs.
INFO: [RTMG 210-278] Implementing memory 'jacobi3d_kernel_FIFO_97_0_0_ram (RAM)' using block RAMs.
INFO: [RTMG 210-278] Implementing memory 'jacobi3d_kernel_FIFO_9698_0_0_ram (RAM)' using block RAMs.
INFO: [RTMG 210-278] Implementing memory 'jacobi3d_kernel_FIFO_9599_0_0_ram (RAM)' using block RAMs.
INFO: [RTMG 210-278] Implementing memory 'jacobi3d_kernel_FIFO_9699_0_0_ram (RAM)' using block RAMs.
INFO: [RTMG 210-278] Implementing memory 'jacobi3d_kernel_FIFO_9800_0_0_ram (RAM)' using block RAMs.
INFO: [RTMG 210-278] Implementing memory 'jacobi3d_kernel_FIFO_9900_0_0_ram (RAM)' using block RAMs.
INFO: [RTMG 210-278] Implementing memory 'jacobi3d_kernel_FIFO_9999_0_0_ram (RAM)' using block RAMs.
INFO: [RTMG 210-278] Implementing memory 'jacobi3d_kernel_FIFO_100_0_0_ram (RAM)' using block RAMs.
INFO: [RTMG 210-278] Implementing memory 'jacobi3d_kernel_FIFO_98_0_0_ram (RAM)' using block RAMs.
INFO: [RTMG 210-278] Implementing memory 'jacobi3d_kernel_FIFO_9798_0_0_ram (RAM)' using block RAMs.
INFO: [RTMG 210-278] Implementing memory 'jacobi3d_kernel_FIFO_96_0_0_ram (RAM)' using block RAMs.
INFO: [RTMG 210-278] Implementing memory 'jacobi3d_kernel_FIFO_9598_0_0_ram (RAM)' using block RAMs.
INFO: [HLS 200-111] Finished generating all RTL models Time (s): cpu = 00:01:32 ; elapsed = 00:01:19 . Memory (MB): peak = 540.445 ; gain = 204.582 ; free physical = 20879 ; free virtual = 80461
INFO: [SYSC 207-301] Generating SystemC RTL for jacobi3d_kernel.
INFO: [VHDL 208-304] Generating VHDL RTL for jacobi3d_kernel.
INFO: [VLOG 209-307] Generating Verilog RTL for jacobi3d_kernel.
INFO: [IMPL 213-8] Exporting RTL as an IP in IP-XACT.


****** Vivado v2017.1_sdx (64-bit)
  **** SW Build 1915620 on Thu Jun 22 17:54:59 MDT 2017
  **** IP Build 1908669 on Thu Jun 22 19:20:41 MDT 2017
    ** Copyright 1986-2017 Xilinx, Inc. All Rights Reserved.

CRITICAL WARNING: [Common 17-741] No write access right to the local Tcl store at '/curr/blaok/.Xilinx/Vivado/2017.1/XilinxTclStore'. XilinxTclStore is reverted to the installation area. If you want to use local Tcl Store, please change the access right and relaunch Vivado.
INFO: [Common 17-1460] Use of init.tcl in /opt/tools/xilinx/SDx/2017.1/Vivado/scripts/init.tcl is deprecated. Please use Vivado_init.tcl 
Sourcing tcl script '/opt/tools/xilinx/SDx/2017.1/Vivado/scripts/init.tcl'
16 Beta devices matching pattern found, 0 enabled.
enable_beta_device: Time (s): cpu = 00:00:01 ; elapsed = 00:00:07 . Memory (MB): peak = 1150.012 ; gain = 66.426 ; free physical = 20361 ; free virtual = 80127
Loaded SDSoC Platform Tcl Library
source run_ippack.tcl -notrace
INFO: [IP_Flow 19-234] Refreshing IP repositories
INFO: [IP_Flow 19-1704] No user IP repositories specified
INFO: [IP_Flow 19-2313] Loaded Vivado IP repository '/opt/tools/xilinx/SDx/2017.1/Vivado/data/ip'.
WARNING: [IP_Flow 19-4832] The IP name 'jacobi3d_kernel_ap_fmul_3_max_dsp_32' you have specified is long. The Windows operating system has path length limitations. It is recommended you use shorter names to reduce the likelihood of issues.
INFO: [IP_Flow 19-1686] Generating 'Synthesis' target for IP 'jacobi3d_kernel_ap_fmul_3_max_dsp_32'...
INFO: [IP_Flow 19-1686] Generating 'Simulation' target for IP 'jacobi3d_kernel_ap_fmul_3_max_dsp_32'...
WARNING: [IP_Flow 19-4832] The IP name 'jacobi3d_kernel_ap_fadd_6_full_dsp_32' you have specified is long. The Windows operating system has path length limitations. It is recommended you use shorter names to reduce the likelihood of issues.
INFO: [IP_Flow 19-1686] Generating 'Synthesis' target for IP 'jacobi3d_kernel_ap_fadd_6_full_dsp_32'...
INFO: [IP_Flow 19-1686] Generating 'Simulation' target for IP 'jacobi3d_kernel_ap_fadd_6_full_dsp_32'...
INFO: [IP_Flow 19-234] Refreshing IP repositories
INFO: [IP_Flow 19-1704] No user IP repositories specified
INFO: [IP_Flow 19-2313] Loaded Vivado IP repository '/opt/tools/xilinx/SDx/2017.1/Vivado/data/ip'.
WARNING: [Vivado 12-4404] The CPU emulation flow is not supported when using a packaged XO file with XOCC.
Add Instance compute grp_compute_fu_1062 1062
Add Instance store grp_store_fu_1229 1229
Add Instance load grp_load_fu_1255 1255
INFO: [Common 17-206] Exiting Vivado at Fri Sep 15 00:57:51 2017...
CRITICAL WARNING: [Common 17-741] No write access right to the local Tcl store at '/curr/blaok/.Xilinx/Vivado/2017.1/XilinxTclStore'. XilinxTclStore is reverted to the installation area. If you want to use local Tcl Store, please change the access right and relaunch Vivado.
Vivado HLS completed successfully
INFO: [HLS 200-112] Total elapsed time: 199.93 seconds; peak allocated memory: 172.711 MB.
