

================================================================
== Vivado HLS Report for 'compute'
================================================================
* Date:           Fri Sep 15 01:05:52 2017

* Version:        2017.1 (Build 1846317 on Thu Jun 22 18:17:09 MDT 2017)
* Project:        gaussian_kernel
* Solution:       solution_OCL_REGION_0
* Product family: virtex7
* Target device:  xc7vx690tffg1157-2


================================================================
== Performance Estimates
================================================================
+ Timing (ns): 
    * Summary: 
    +--------+-------+----------+------------+
    |  Clock | Target| Estimated| Uncertainty|
    +--------+-------+----------+------------+
    |ap_clk  |   5.00|      3.64|        1.35|
    +--------+-------+----------+------------+

+ Latency (clock cycles): 
    * Summary: 
    +-----+-------+-----+-------+---------+
    |   Latency   |   Interval  | Pipeline|
    | min |  max  | min |  max  |   Type  |
    +-----+-------+-----+-------+---------+
    |    1|  50018|    1|  50018|   none  |
    +-----+-------+-----+-------+---------+

    + Detail: 
        * Instance: 
        N/A

        * Loop: 
        +-----------------+-------+-------+----------+-----------+-----------+-------+----------+
        |                 |    Latency    | Iteration|  Initiation Interval  |  Trip |          |
        |    Loop Name    |  min  |  max  |  Latency |  achieved |   target  | Count | Pipelined|
        +-----------------+-------+-------+----------+-----------+-----------+-------+----------+
        |- compute_epoch  |  50016|  50016|         2|          1|          1|  50016|    yes   |
        +-----------------+-------+-------+----------+-----------+-----------+-------+----------+



================================================================
== Utilization Estimates
================================================================
* Summary: 
+-----------------+---------+-------+--------+--------+
|       Name      | BRAM_18K| DSP48E|   FF   |   LUT  |
+-----------------+---------+-------+--------+--------+
|DSP              |        -|      -|       -|       -|
|Expression       |        -|      -|       0|     555|
|FIFO             |        -|      -|       -|       -|
|Instance         |        -|      -|       -|       -|
|Memory           |        -|      -|       -|       -|
|Multiplexer      |        -|      -|       -|     602|
|Register         |        -|      -|     758|       -|
+-----------------+---------+-------+--------+--------+
|Total            |        0|      0|     758|    1157|
+-----------------+---------+-------+--------+--------+
|Available        |     2940|   3600|  866400|  433200|
+-----------------+---------+-------+--------+--------+
|Utilization (%)  |        0|      0|   ~0   |   ~0   |
+-----------------+---------+-------+--------+--------+

+ Detail: 
    * Instance: 
    N/A

    * DSP48: 
    N/A

    * Memory: 
    N/A

    * FIFO: 
    N/A

    * Expression: 
    +-------------------------+----------+-------+---+----+------------+------------+
    |      Variable Name      | Operation| DSP48E| FF| LUT| Bitwidth P0| Bitwidth P1|
    +-------------------------+----------+-------+---+----+------------+------------+
    |epoch_1_fu_1709_p2       |     +    |      0|  0|  23|          16|           1|
    |tmp_2_fu_1871_p2         |     +    |      0|  0|  39|          32|           1|
    |tmp_38_1_fu_1825_p2      |     +    |      0|  0|  39|          32|           2|
    |tmp_41_1_fu_1837_p2      |     +    |      0|  0|  39|          32|          12|
    |tmp_42_1_fu_1843_p2      |     +    |      0|  0|  39|          32|           1|
    |tmp_6_fu_1785_p2         |     +    |      0|  0|  39|           2|          32|
    |tmp_8_fu_1797_p2         |     +    |      0|  0|  39|          12|          32|
    |tmp_9_fu_1803_p2         |     +    |      0|  0|  39|           1|          32|
    |ap_condition_761         |    and   |      0|  0|   8|           1|           1|
    |ap_condition_985         |    and   |      0|  0|   8|           1|           1|
    |exitcond3_fu_1703_p2     |   icmp   |      0|  0|  13|          16|          15|
    |tmp_1_fu_1865_p2         |   icmp   |      0|  0|  18|          32|          10|
    |tmp_39_1_fu_1831_p2      |   icmp   |      0|  0|  18|          32|          11|
    |tmp_7_fu_1791_p2         |   icmp   |      0|  0|  18|          32|          11|
    |i_base1_1_fu_1849_p3     |  select  |      0|  0|  32|           1|          32|
    |i_base_1_fu_1809_p3      |  select  |      0|  0|  32|           1|          32|
    |j_base2_1_fu_1857_p3     |  select  |      0|  0|  32|           1|          32|
    |j_base_1_fu_1817_p3      |  select  |      0|  0|  32|           1|          32|
    |p_tmp_s_fu_1877_p3       |  select  |      0|  0|  32|           1|           1|
    |ap_enable_pp0            |    xor   |      0|  0|   8|           1|           2|
    |ap_enable_reg_pp0_iter1  |    xor   |      0|  0|   8|           1|           2|
    +-------------------------+----------+-------+---+----+------------+------------+
    |Total                    |          |      0|  0| 555|         280|         295|
    +-------------------------+----------+-------+---+----+------------+------------+

    * Multiplexer: 
    +----------------------------------+----+-----------+-----+-----------+
    |               Name               | LUT| Input Size| Bits| Total Bits|
    +----------------------------------+----+-----------+-----+-----------+
    |FF_10_o                           |   9|          2|   16|         32|
    |FF_11_o                           |   9|          2|   16|         32|
    |FF_12_o                           |   9|          2|   16|         32|
    |FF_13_o                           |   9|          2|   16|         32|
    |FF_14_o                           |   9|          2|   16|         32|
    |FF_15_o                           |   9|          2|   16|         32|
    |FF_16_o                           |   9|          2|   16|         32|
    |FF_17_o                           |   9|          2|   16|         32|
    |FF_18_o                           |   9|          2|   16|         32|
    |FF_19_o                           |   9|          2|   16|         32|
    |FF_2_o                            |   9|          2|   16|         32|
    |FF_3_o                            |   9|          2|   16|         32|
    |FF_4_o                            |   9|          2|   16|         32|
    |FF_5_o                            |   9|          2|   16|         32|
    |FF_6_o                            |   9|          2|   16|         32|
    |FF_7_o                            |   9|          2|   16|         32|
    |FF_8_o                            |   9|          2|   16|         32|
    |FF_9_o                            |   9|          2|   16|         32|
    |FIFO_ptrs_1_phi_fu_1656_p4        |   9|          2|   32|         64|
    |FIFO_ptrs_1_reg_1653              |   9|          2|   32|         64|
    |FIFO_ptrs_phi_fu_1487_p4          |   9|          2|   32|         64|
    |FIFO_ptrs_reg_1484                |   9|          2|   32|         64|
    |ap_NS_fsm                         |  21|          4|    1|          4|
    |ap_enable_reg_pp0_iter1           |  15|          3|    1|          3|
    |ap_return_0                       |   9|          2|   32|         64|
    |ap_return_1                       |   9|          2|   32|         64|
    |ap_return_2                       |   9|          2|   32|         64|
    |ap_return_3                       |   9|          2|   32|         64|
    |ap_return_4                       |   9|          2|   32|         64|
    |epoch_reg_1534                    |   9|          2|   16|         32|
    |i_base1_2_phi_fu_1676_p4          |   9|          2|   32|         64|
    |i_base1_2_reg_1673                |   9|          2|   32|         64|
    |i_base1_phi_fu_1507_p4            |   9|          2|   32|         64|
    |i_base1_reg_1504                  |   9|          2|   32|         64|
    |i_base_2_phi_fu_1666_p4           |   9|          2|   32|         64|
    |i_base_2_reg_1663                 |   9|          2|   32|         64|
    |i_base_phi_fu_1497_p4             |   9|          2|   32|         64|
    |i_base_reg_1494                   |   9|          2|   32|         64|
    |input_load_0_phi_phi_fu_1548_p32  |  85|         17|   16|        272|
    |input_load_1_phi_phi_fu_1602_p32  |  85|         17|   16|        272|
    |j_base2_2_phi_fu_1696_p4          |   9|          2|   32|         64|
    |j_base2_2_reg_1693                |   9|          2|   32|         64|
    |j_base2_phi_fu_1527_p4            |   9|          2|   32|         64|
    |j_base2_reg_1524                  |   9|          2|   32|         64|
    |j_base_2_phi_fu_1686_p4           |   9|          2|   32|         64|
    |j_base_2_reg_1683                 |   9|          2|   32|         64|
    |j_base_phi_fu_1517_p4             |   9|          2|   32|         64|
    |j_base_reg_1514                   |   9|          2|   32|         64|
    +----------------------------------+----+-----------+-----+-----------+
    |Total                             | 602|        129| 1138|       2759|
    +----------------------------------+----+-----------+-----+-----------+

    * Register: 
    +--------------------------+----+----+-----+-----------+
    |           Name           | FF | LUT| Bits| Const Bits|
    +--------------------------+----+----+-----+-----------+
    |FIFO_998_0_addr_reg_2202  |  10|   0|   10|          0|
    |FIFO_998_1_addr_reg_2208  |  10|   0|   10|          0|
    |FIFO_998_2_addr_reg_2214  |  10|   0|   10|          0|
    |FIFO_998_3_addr_reg_2220  |  10|   0|   10|          0|
    |FIFO_998_4_addr_reg_2226  |  10|   0|   10|          0|
    |FIFO_998_5_addr_reg_2232  |  10|   0|   10|          0|
    |FIFO_998_6_addr_reg_2238  |  10|   0|   10|          0|
    |FIFO_998_7_addr_reg_2244  |  10|   0|   10|          0|
    |FIFO_ptrs_1_reg_1653      |  32|   0|   32|          0|
    |FIFO_ptrs_reg_1484        |  32|   0|   32|          0|
    |ap_CS_fsm                 |   3|   0|    3|          0|
    |ap_enable_reg_pp0_iter0   |   1|   0|    1|          0|
    |ap_enable_reg_pp0_iter1   |   1|   0|    1|          0|
    |ap_return_0_preg          |  32|   0|   32|          0|
    |ap_return_1_preg          |  32|   0|   32|          0|
    |ap_return_2_preg          |  32|   0|   32|          0|
    |ap_return_3_preg          |  32|   0|   32|          0|
    |ap_return_4_preg          |  32|   0|   32|          0|
    |arrayNo_reg_2002          |   4|   0|    5|          1|
    |epoch_reg_1534            |  16|   0|   16|          0|
    |exitcond3_reg_1993        |   1|   0|    1|          0|
    |i_base1_1_reg_2260        |  32|   0|   32|          0|
    |i_base1_2_reg_1673        |  32|   0|   32|          0|
    |i_base1_reg_1504          |  32|   0|   32|          0|
    |i_base_1_reg_2250         |  32|   0|   32|          0|
    |i_base_2_reg_1663         |  32|   0|   32|          0|
    |i_base_reg_1494           |  32|   0|   32|          0|
    |j_base2_1_reg_2265        |  32|   0|   32|          0|
    |j_base2_2_reg_1693        |  32|   0|   32|          0|
    |j_base2_reg_1524          |  32|   0|   32|          0|
    |j_base_1_reg_2255         |  32|   0|   32|          0|
    |j_base_2_reg_1683         |  32|   0|   32|          0|
    |j_base_reg_1514           |  32|   0|   32|          0|
    |newIndex1_reg_2006        |  12|   0|   64|         52|
    |p_tmp_s_reg_2270          |  32|   0|   32|          0|
    +--------------------------+----+----+-----+-----------+
    |Total                     | 758|   0|  811|         53|
    +--------------------------+----+----+-----+-----------+



================================================================
== Interface
================================================================
* Summary: 
+---------------------+-----+-----+------------+----------------+--------------+
|      RTL Ports      | Dir | Bits|  Protocol  |  Source Object |    C Type    |
+---------------------+-----+-----+------------+----------------+--------------+
|ap_clk               |  in |    1| ap_ctrl_hs |     compute    | return value |
|ap_rst               |  in |    1| ap_ctrl_hs |     compute    | return value |
|ap_start             |  in |    1| ap_ctrl_hs |     compute    | return value |
|ap_done              | out |    1| ap_ctrl_hs |     compute    | return value |
|ap_idle              | out |    1| ap_ctrl_hs |     compute    | return value |
|ap_ready             | out |    1| ap_ctrl_hs |     compute    | return value |
|ap_return_0          | out |   32| ap_ctrl_hs |     compute    | return value |
|ap_return_1          | out |   32| ap_ctrl_hs |     compute    | return value |
|ap_return_2          | out |   32| ap_ctrl_hs |     compute    | return value |
|ap_return_3          | out |   32| ap_ctrl_hs |     compute    | return value |
|ap_return_4          | out |   32| ap_ctrl_hs |     compute    | return value |
|compute_flag         |  in |    1|   ap_none  |  compute_flag  |    scalar    |
|output_0_address0    | out |   12|  ap_memory |    output_0    |     array    |
|output_0_ce0         | out |    1|  ap_memory |    output_0    |     array    |
|output_0_we0         | out |    1|  ap_memory |    output_0    |     array    |
|output_0_d0          | out |   16|  ap_memory |    output_0    |     array    |
|output_1_address0    | out |   12|  ap_memory |    output_1    |     array    |
|output_1_ce0         | out |    1|  ap_memory |    output_1    |     array    |
|output_1_we0         | out |    1|  ap_memory |    output_1    |     array    |
|output_1_d0          | out |   16|  ap_memory |    output_1    |     array    |
|output_2_address0    | out |   12|  ap_memory |    output_2    |     array    |
|output_2_ce0         | out |    1|  ap_memory |    output_2    |     array    |
|output_2_we0         | out |    1|  ap_memory |    output_2    |     array    |
|output_2_d0          | out |   16|  ap_memory |    output_2    |     array    |
|output_3_address0    | out |   12|  ap_memory |    output_3    |     array    |
|output_3_ce0         | out |    1|  ap_memory |    output_3    |     array    |
|output_3_we0         | out |    1|  ap_memory |    output_3    |     array    |
|output_3_d0          | out |   16|  ap_memory |    output_3    |     array    |
|output_4_address0    | out |   12|  ap_memory |    output_4    |     array    |
|output_4_ce0         | out |    1|  ap_memory |    output_4    |     array    |
|output_4_we0         | out |    1|  ap_memory |    output_4    |     array    |
|output_4_d0          | out |   16|  ap_memory |    output_4    |     array    |
|output_5_address0    | out |   12|  ap_memory |    output_5    |     array    |
|output_5_ce0         | out |    1|  ap_memory |    output_5    |     array    |
|output_5_we0         | out |    1|  ap_memory |    output_5    |     array    |
|output_5_d0          | out |   16|  ap_memory |    output_5    |     array    |
|output_6_address0    | out |   12|  ap_memory |    output_6    |     array    |
|output_6_ce0         | out |    1|  ap_memory |    output_6    |     array    |
|output_6_we0         | out |    1|  ap_memory |    output_6    |     array    |
|output_6_d0          | out |   16|  ap_memory |    output_6    |     array    |
|output_7_address0    | out |   12|  ap_memory |    output_7    |     array    |
|output_7_ce0         | out |    1|  ap_memory |    output_7    |     array    |
|output_7_we0         | out |    1|  ap_memory |    output_7    |     array    |
|output_7_d0          | out |   16|  ap_memory |    output_7    |     array    |
|output_8_address0    | out |   12|  ap_memory |    output_8    |     array    |
|output_8_ce0         | out |    1|  ap_memory |    output_8    |     array    |
|output_8_we0         | out |    1|  ap_memory |    output_8    |     array    |
|output_8_d0          | out |   16|  ap_memory |    output_8    |     array    |
|output_9_address0    | out |   12|  ap_memory |    output_9    |     array    |
|output_9_ce0         | out |    1|  ap_memory |    output_9    |     array    |
|output_9_we0         | out |    1|  ap_memory |    output_9    |     array    |
|output_9_d0          | out |   16|  ap_memory |    output_9    |     array    |
|output_10_address0   | out |   12|  ap_memory |    output_10   |     array    |
|output_10_ce0        | out |    1|  ap_memory |    output_10   |     array    |
|output_10_we0        | out |    1|  ap_memory |    output_10   |     array    |
|output_10_d0         | out |   16|  ap_memory |    output_10   |     array    |
|output_11_address0   | out |   12|  ap_memory |    output_11   |     array    |
|output_11_ce0        | out |    1|  ap_memory |    output_11   |     array    |
|output_11_we0        | out |    1|  ap_memory |    output_11   |     array    |
|output_11_d0         | out |   16|  ap_memory |    output_11   |     array    |
|output_12_address0   | out |   12|  ap_memory |    output_12   |     array    |
|output_12_ce0        | out |    1|  ap_memory |    output_12   |     array    |
|output_12_we0        | out |    1|  ap_memory |    output_12   |     array    |
|output_12_d0         | out |   16|  ap_memory |    output_12   |     array    |
|output_13_address0   | out |   12|  ap_memory |    output_13   |     array    |
|output_13_ce0        | out |    1|  ap_memory |    output_13   |     array    |
|output_13_we0        | out |    1|  ap_memory |    output_13   |     array    |
|output_13_d0         | out |   16|  ap_memory |    output_13   |     array    |
|output_14_address0   | out |   12|  ap_memory |    output_14   |     array    |
|output_14_ce0        | out |    1|  ap_memory |    output_14   |     array    |
|output_14_we0        | out |    1|  ap_memory |    output_14   |     array    |
|output_14_d0         | out |   16|  ap_memory |    output_14   |     array    |
|output_15_address0   | out |   12|  ap_memory |    output_15   |     array    |
|output_15_ce0        | out |    1|  ap_memory |    output_15   |     array    |
|output_15_we0        | out |    1|  ap_memory |    output_15   |     array    |
|output_15_d0         | out |   16|  ap_memory |    output_15   |     array    |
|output_16_address0   | out |   12|  ap_memory |    output_16   |     array    |
|output_16_ce0        | out |    1|  ap_memory |    output_16   |     array    |
|output_16_we0        | out |    1|  ap_memory |    output_16   |     array    |
|output_16_d0         | out |   16|  ap_memory |    output_16   |     array    |
|output_17_address0   | out |   12|  ap_memory |    output_17   |     array    |
|output_17_ce0        | out |    1|  ap_memory |    output_17   |     array    |
|output_17_we0        | out |    1|  ap_memory |    output_17   |     array    |
|output_17_d0         | out |   16|  ap_memory |    output_17   |     array    |
|output_18_address0   | out |   12|  ap_memory |    output_18   |     array    |
|output_18_ce0        | out |    1|  ap_memory |    output_18   |     array    |
|output_18_we0        | out |    1|  ap_memory |    output_18   |     array    |
|output_18_d0         | out |   16|  ap_memory |    output_18   |     array    |
|output_19_address0   | out |   12|  ap_memory |    output_19   |     array    |
|output_19_ce0        | out |    1|  ap_memory |    output_19   |     array    |
|output_19_we0        | out |    1|  ap_memory |    output_19   |     array    |
|output_19_d0         | out |   16|  ap_memory |    output_19   |     array    |
|output_20_address0   | out |   12|  ap_memory |    output_20   |     array    |
|output_20_ce0        | out |    1|  ap_memory |    output_20   |     array    |
|output_20_we0        | out |    1|  ap_memory |    output_20   |     array    |
|output_20_d0         | out |   16|  ap_memory |    output_20   |     array    |
|output_21_address0   | out |   12|  ap_memory |    output_21   |     array    |
|output_21_ce0        | out |    1|  ap_memory |    output_21   |     array    |
|output_21_we0        | out |    1|  ap_memory |    output_21   |     array    |
|output_21_d0         | out |   16|  ap_memory |    output_21   |     array    |
|output_22_address0   | out |   12|  ap_memory |    output_22   |     array    |
|output_22_ce0        | out |    1|  ap_memory |    output_22   |     array    |
|output_22_we0        | out |    1|  ap_memory |    output_22   |     array    |
|output_22_d0         | out |   16|  ap_memory |    output_22   |     array    |
|output_23_address0   | out |   12|  ap_memory |    output_23   |     array    |
|output_23_ce0        | out |    1|  ap_memory |    output_23   |     array    |
|output_23_we0        | out |    1|  ap_memory |    output_23   |     array    |
|output_23_d0         | out |   16|  ap_memory |    output_23   |     array    |
|output_24_address0   | out |   12|  ap_memory |    output_24   |     array    |
|output_24_ce0        | out |    1|  ap_memory |    output_24   |     array    |
|output_24_we0        | out |    1|  ap_memory |    output_24   |     array    |
|output_24_d0         | out |   16|  ap_memory |    output_24   |     array    |
|output_25_address0   | out |   12|  ap_memory |    output_25   |     array    |
|output_25_ce0        | out |    1|  ap_memory |    output_25   |     array    |
|output_25_we0        | out |    1|  ap_memory |    output_25   |     array    |
|output_25_d0         | out |   16|  ap_memory |    output_25   |     array    |
|output_26_address0   | out |   12|  ap_memory |    output_26   |     array    |
|output_26_ce0        | out |    1|  ap_memory |    output_26   |     array    |
|output_26_we0        | out |    1|  ap_memory |    output_26   |     array    |
|output_26_d0         | out |   16|  ap_memory |    output_26   |     array    |
|output_27_address0   | out |   12|  ap_memory |    output_27   |     array    |
|output_27_ce0        | out |    1|  ap_memory |    output_27   |     array    |
|output_27_we0        | out |    1|  ap_memory |    output_27   |     array    |
|output_27_d0         | out |   16|  ap_memory |    output_27   |     array    |
|output_28_address0   | out |   12|  ap_memory |    output_28   |     array    |
|output_28_ce0        | out |    1|  ap_memory |    output_28   |     array    |
|output_28_we0        | out |    1|  ap_memory |    output_28   |     array    |
|output_28_d0         | out |   16|  ap_memory |    output_28   |     array    |
|output_29_address0   | out |   12|  ap_memory |    output_29   |     array    |
|output_29_ce0        | out |    1|  ap_memory |    output_29   |     array    |
|output_29_we0        | out |    1|  ap_memory |    output_29   |     array    |
|output_29_d0         | out |   16|  ap_memory |    output_29   |     array    |
|output_30_address0   | out |   12|  ap_memory |    output_30   |     array    |
|output_30_ce0        | out |    1|  ap_memory |    output_30   |     array    |
|output_30_we0        | out |    1|  ap_memory |    output_30   |     array    |
|output_30_d0         | out |   16|  ap_memory |    output_30   |     array    |
|output_31_address0   | out |   12|  ap_memory |    output_31   |     array    |
|output_31_ce0        | out |    1|  ap_memory |    output_31   |     array    |
|output_31_we0        | out |    1|  ap_memory |    output_31   |     array    |
|output_31_d0         | out |   16|  ap_memory |    output_31   |     array    |
|input_0_address0     | out |   12|  ap_memory |     input_0    |     array    |
|input_0_ce0          | out |    1|  ap_memory |     input_0    |     array    |
|input_0_q0           |  in |   16|  ap_memory |     input_0    |     array    |
|input_1_address0     | out |   12|  ap_memory |     input_1    |     array    |
|input_1_ce0          | out |    1|  ap_memory |     input_1    |     array    |
|input_1_q0           |  in |   16|  ap_memory |     input_1    |     array    |
|input_2_address0     | out |   12|  ap_memory |     input_2    |     array    |
|input_2_ce0          | out |    1|  ap_memory |     input_2    |     array    |
|input_2_q0           |  in |   16|  ap_memory |     input_2    |     array    |
|input_3_address0     | out |   12|  ap_memory |     input_3    |     array    |
|input_3_ce0          | out |    1|  ap_memory |     input_3    |     array    |
|input_3_q0           |  in |   16|  ap_memory |     input_3    |     array    |
|input_4_address0     | out |   12|  ap_memory |     input_4    |     array    |
|input_4_ce0          | out |    1|  ap_memory |     input_4    |     array    |
|input_4_q0           |  in |   16|  ap_memory |     input_4    |     array    |
|input_5_address0     | out |   12|  ap_memory |     input_5    |     array    |
|input_5_ce0          | out |    1|  ap_memory |     input_5    |     array    |
|input_5_q0           |  in |   16|  ap_memory |     input_5    |     array    |
|input_6_address0     | out |   12|  ap_memory |     input_6    |     array    |
|input_6_ce0          | out |    1|  ap_memory |     input_6    |     array    |
|input_6_q0           |  in |   16|  ap_memory |     input_6    |     array    |
|input_7_address0     | out |   12|  ap_memory |     input_7    |     array    |
|input_7_ce0          | out |    1|  ap_memory |     input_7    |     array    |
|input_7_q0           |  in |   16|  ap_memory |     input_7    |     array    |
|input_8_address0     | out |   12|  ap_memory |     input_8    |     array    |
|input_8_ce0          | out |    1|  ap_memory |     input_8    |     array    |
|input_8_q0           |  in |   16|  ap_memory |     input_8    |     array    |
|input_9_address0     | out |   12|  ap_memory |     input_9    |     array    |
|input_9_ce0          | out |    1|  ap_memory |     input_9    |     array    |
|input_9_q0           |  in |   16|  ap_memory |     input_9    |     array    |
|input_10_address0    | out |   12|  ap_memory |    input_10    |     array    |
|input_10_ce0         | out |    1|  ap_memory |    input_10    |     array    |
|input_10_q0          |  in |   16|  ap_memory |    input_10    |     array    |
|input_11_address0    | out |   12|  ap_memory |    input_11    |     array    |
|input_11_ce0         | out |    1|  ap_memory |    input_11    |     array    |
|input_11_q0          |  in |   16|  ap_memory |    input_11    |     array    |
|input_12_address0    | out |   12|  ap_memory |    input_12    |     array    |
|input_12_ce0         | out |    1|  ap_memory |    input_12    |     array    |
|input_12_q0          |  in |   16|  ap_memory |    input_12    |     array    |
|input_13_address0    | out |   12|  ap_memory |    input_13    |     array    |
|input_13_ce0         | out |    1|  ap_memory |    input_13    |     array    |
|input_13_q0          |  in |   16|  ap_memory |    input_13    |     array    |
|input_14_address0    | out |   12|  ap_memory |    input_14    |     array    |
|input_14_ce0         | out |    1|  ap_memory |    input_14    |     array    |
|input_14_q0          |  in |   16|  ap_memory |    input_14    |     array    |
|input_15_address0    | out |   12|  ap_memory |    input_15    |     array    |
|input_15_ce0         | out |    1|  ap_memory |    input_15    |     array    |
|input_15_q0          |  in |   16|  ap_memory |    input_15    |     array    |
|input_16_address0    | out |   12|  ap_memory |    input_16    |     array    |
|input_16_ce0         | out |    1|  ap_memory |    input_16    |     array    |
|input_16_q0          |  in |   16|  ap_memory |    input_16    |     array    |
|input_17_address0    | out |   12|  ap_memory |    input_17    |     array    |
|input_17_ce0         | out |    1|  ap_memory |    input_17    |     array    |
|input_17_q0          |  in |   16|  ap_memory |    input_17    |     array    |
|input_18_address0    | out |   12|  ap_memory |    input_18    |     array    |
|input_18_ce0         | out |    1|  ap_memory |    input_18    |     array    |
|input_18_q0          |  in |   16|  ap_memory |    input_18    |     array    |
|input_19_address0    | out |   12|  ap_memory |    input_19    |     array    |
|input_19_ce0         | out |    1|  ap_memory |    input_19    |     array    |
|input_19_q0          |  in |   16|  ap_memory |    input_19    |     array    |
|input_20_address0    | out |   12|  ap_memory |    input_20    |     array    |
|input_20_ce0         | out |    1|  ap_memory |    input_20    |     array    |
|input_20_q0          |  in |   16|  ap_memory |    input_20    |     array    |
|input_21_address0    | out |   12|  ap_memory |    input_21    |     array    |
|input_21_ce0         | out |    1|  ap_memory |    input_21    |     array    |
|input_21_q0          |  in |   16|  ap_memory |    input_21    |     array    |
|input_22_address0    | out |   12|  ap_memory |    input_22    |     array    |
|input_22_ce0         | out |    1|  ap_memory |    input_22    |     array    |
|input_22_q0          |  in |   16|  ap_memory |    input_22    |     array    |
|input_23_address0    | out |   12|  ap_memory |    input_23    |     array    |
|input_23_ce0         | out |    1|  ap_memory |    input_23    |     array    |
|input_23_q0          |  in |   16|  ap_memory |    input_23    |     array    |
|input_24_address0    | out |   12|  ap_memory |    input_24    |     array    |
|input_24_ce0         | out |    1|  ap_memory |    input_24    |     array    |
|input_24_q0          |  in |   16|  ap_memory |    input_24    |     array    |
|input_25_address0    | out |   12|  ap_memory |    input_25    |     array    |
|input_25_ce0         | out |    1|  ap_memory |    input_25    |     array    |
|input_25_q0          |  in |   16|  ap_memory |    input_25    |     array    |
|input_26_address0    | out |   12|  ap_memory |    input_26    |     array    |
|input_26_ce0         | out |    1|  ap_memory |    input_26    |     array    |
|input_26_q0          |  in |   16|  ap_memory |    input_26    |     array    |
|input_27_address0    | out |   12|  ap_memory |    input_27    |     array    |
|input_27_ce0         | out |    1|  ap_memory |    input_27    |     array    |
|input_27_q0          |  in |   16|  ap_memory |    input_27    |     array    |
|input_28_address0    | out |   12|  ap_memory |    input_28    |     array    |
|input_28_ce0         | out |    1|  ap_memory |    input_28    |     array    |
|input_28_q0          |  in |   16|  ap_memory |    input_28    |     array    |
|input_29_address0    | out |   12|  ap_memory |    input_29    |     array    |
|input_29_ce0         | out |    1|  ap_memory |    input_29    |     array    |
|input_29_q0          |  in |   16|  ap_memory |    input_29    |     array    |
|input_30_address0    | out |   12|  ap_memory |    input_30    |     array    |
|input_30_ce0         | out |    1|  ap_memory |    input_30    |     array    |
|input_30_q0          |  in |   16|  ap_memory |    input_30    |     array    |
|input_31_address0    | out |   12|  ap_memory |    input_31    |     array    |
|input_31_ce0         | out |    1|  ap_memory |    input_31    |     array    |
|input_31_q0          |  in |   16|  ap_memory |    input_31    |     array    |
|FF_0                 | out |   16|   ap_vld   |      FF_0      |    pointer   |
|FF_0_ap_vld          | out |    1|   ap_vld   |      FF_0      |    pointer   |
|FF_1                 | out |   16|   ap_vld   |      FF_1      |    pointer   |
|FF_1_ap_vld          | out |    1|   ap_vld   |      FF_1      |    pointer   |
|FF_2_i               |  in |   16|   ap_ovld  |      FF_2      |    pointer   |
|FF_2_o               | out |   16|   ap_ovld  |      FF_2      |    pointer   |
|FF_2_o_ap_vld        | out |    1|   ap_ovld  |      FF_2      |    pointer   |
|FF_3_i               |  in |   16|   ap_ovld  |      FF_3      |    pointer   |
|FF_3_o               | out |   16|   ap_ovld  |      FF_3      |    pointer   |
|FF_3_o_ap_vld        | out |    1|   ap_ovld  |      FF_3      |    pointer   |
|FF_4_i               |  in |   16|   ap_ovld  |      FF_4      |    pointer   |
|FF_4_o               | out |   16|   ap_ovld  |      FF_4      |    pointer   |
|FF_4_o_ap_vld        | out |    1|   ap_ovld  |      FF_4      |    pointer   |
|FF_5_i               |  in |   16|   ap_ovld  |      FF_5      |    pointer   |
|FF_5_o               | out |   16|   ap_ovld  |      FF_5      |    pointer   |
|FF_5_o_ap_vld        | out |    1|   ap_ovld  |      FF_5      |    pointer   |
|FF_6_i               |  in |   16|   ap_ovld  |      FF_6      |    pointer   |
|FF_6_o               | out |   16|   ap_ovld  |      FF_6      |    pointer   |
|FF_6_o_ap_vld        | out |    1|   ap_ovld  |      FF_6      |    pointer   |
|FF_7_i               |  in |   16|   ap_ovld  |      FF_7      |    pointer   |
|FF_7_o               | out |   16|   ap_ovld  |      FF_7      |    pointer   |
|FF_7_o_ap_vld        | out |    1|   ap_ovld  |      FF_7      |    pointer   |
|FF_8_i               |  in |   16|   ap_ovld  |      FF_8      |    pointer   |
|FF_8_o               | out |   16|   ap_ovld  |      FF_8      |    pointer   |
|FF_8_o_ap_vld        | out |    1|   ap_ovld  |      FF_8      |    pointer   |
|FF_9_i               |  in |   16|   ap_ovld  |      FF_9      |    pointer   |
|FF_9_o               | out |   16|   ap_ovld  |      FF_9      |    pointer   |
|FF_9_o_ap_vld        | out |    1|   ap_ovld  |      FF_9      |    pointer   |
|FF_10_i              |  in |   16|   ap_ovld  |      FF_10     |    pointer   |
|FF_10_o              | out |   16|   ap_ovld  |      FF_10     |    pointer   |
|FF_10_o_ap_vld       | out |    1|   ap_ovld  |      FF_10     |    pointer   |
|FF_11_i              |  in |   16|   ap_ovld  |      FF_11     |    pointer   |
|FF_11_o              | out |   16|   ap_ovld  |      FF_11     |    pointer   |
|FF_11_o_ap_vld       | out |    1|   ap_ovld  |      FF_11     |    pointer   |
|FF_12_i              |  in |   16|   ap_ovld  |      FF_12     |    pointer   |
|FF_12_o              | out |   16|   ap_ovld  |      FF_12     |    pointer   |
|FF_12_o_ap_vld       | out |    1|   ap_ovld  |      FF_12     |    pointer   |
|FF_13_i              |  in |   16|   ap_ovld  |      FF_13     |    pointer   |
|FF_13_o              | out |   16|   ap_ovld  |      FF_13     |    pointer   |
|FF_13_o_ap_vld       | out |    1|   ap_ovld  |      FF_13     |    pointer   |
|FF_14_i              |  in |   16|   ap_ovld  |      FF_14     |    pointer   |
|FF_14_o              | out |   16|   ap_ovld  |      FF_14     |    pointer   |
|FF_14_o_ap_vld       | out |    1|   ap_ovld  |      FF_14     |    pointer   |
|FF_15_i              |  in |   16|   ap_ovld  |      FF_15     |    pointer   |
|FF_15_o              | out |   16|   ap_ovld  |      FF_15     |    pointer   |
|FF_15_o_ap_vld       | out |    1|   ap_ovld  |      FF_15     |    pointer   |
|FF_16_i              |  in |   16|   ap_ovld  |      FF_16     |    pointer   |
|FF_16_o              | out |   16|   ap_ovld  |      FF_16     |    pointer   |
|FF_16_o_ap_vld       | out |    1|   ap_ovld  |      FF_16     |    pointer   |
|FF_17_i              |  in |   16|   ap_ovld  |      FF_17     |    pointer   |
|FF_17_o              | out |   16|   ap_ovld  |      FF_17     |    pointer   |
|FF_17_o_ap_vld       | out |    1|   ap_ovld  |      FF_17     |    pointer   |
|FF_18_i              |  in |   16|   ap_ovld  |      FF_18     |    pointer   |
|FF_18_o              | out |   16|   ap_ovld  |      FF_18     |    pointer   |
|FF_18_o_ap_vld       | out |    1|   ap_ovld  |      FF_18     |    pointer   |
|FF_19_i              |  in |   16|   ap_ovld  |      FF_19     |    pointer   |
|FF_19_o              | out |   16|   ap_ovld  |      FF_19     |    pointer   |
|FF_19_o_ap_vld       | out |    1|   ap_ovld  |      FF_19     |    pointer   |
|FIFO_998_0_address0  | out |   10|  ap_memory |   FIFO_998_0   |     array    |
|FIFO_998_0_ce0       | out |    1|  ap_memory |   FIFO_998_0   |     array    |
|FIFO_998_0_q0        |  in |   16|  ap_memory |   FIFO_998_0   |     array    |
|FIFO_998_0_address1  | out |   10|  ap_memory |   FIFO_998_0   |     array    |
|FIFO_998_0_ce1       | out |    1|  ap_memory |   FIFO_998_0   |     array    |
|FIFO_998_0_we1       | out |    1|  ap_memory |   FIFO_998_0   |     array    |
|FIFO_998_0_d1        | out |   16|  ap_memory |   FIFO_998_0   |     array    |
|FIFO_998_1_address0  | out |   10|  ap_memory |   FIFO_998_1   |     array    |
|FIFO_998_1_ce0       | out |    1|  ap_memory |   FIFO_998_1   |     array    |
|FIFO_998_1_q0        |  in |   16|  ap_memory |   FIFO_998_1   |     array    |
|FIFO_998_1_address1  | out |   10|  ap_memory |   FIFO_998_1   |     array    |
|FIFO_998_1_ce1       | out |    1|  ap_memory |   FIFO_998_1   |     array    |
|FIFO_998_1_we1       | out |    1|  ap_memory |   FIFO_998_1   |     array    |
|FIFO_998_1_d1        | out |   16|  ap_memory |   FIFO_998_1   |     array    |
|FIFO_998_2_address0  | out |   10|  ap_memory |   FIFO_998_2   |     array    |
|FIFO_998_2_ce0       | out |    1|  ap_memory |   FIFO_998_2   |     array    |
|FIFO_998_2_q0        |  in |   16|  ap_memory |   FIFO_998_2   |     array    |
|FIFO_998_2_address1  | out |   10|  ap_memory |   FIFO_998_2   |     array    |
|FIFO_998_2_ce1       | out |    1|  ap_memory |   FIFO_998_2   |     array    |
|FIFO_998_2_we1       | out |    1|  ap_memory |   FIFO_998_2   |     array    |
|FIFO_998_2_d1        | out |   16|  ap_memory |   FIFO_998_2   |     array    |
|FIFO_998_3_address0  | out |   10|  ap_memory |   FIFO_998_3   |     array    |
|FIFO_998_3_ce0       | out |    1|  ap_memory |   FIFO_998_3   |     array    |
|FIFO_998_3_q0        |  in |   16|  ap_memory |   FIFO_998_3   |     array    |
|FIFO_998_3_address1  | out |   10|  ap_memory |   FIFO_998_3   |     array    |
|FIFO_998_3_ce1       | out |    1|  ap_memory |   FIFO_998_3   |     array    |
|FIFO_998_3_we1       | out |    1|  ap_memory |   FIFO_998_3   |     array    |
|FIFO_998_3_d1        | out |   16|  ap_memory |   FIFO_998_3   |     array    |
|FIFO_998_4_address0  | out |   10|  ap_memory |   FIFO_998_4   |     array    |
|FIFO_998_4_ce0       | out |    1|  ap_memory |   FIFO_998_4   |     array    |
|FIFO_998_4_q0        |  in |   16|  ap_memory |   FIFO_998_4   |     array    |
|FIFO_998_4_address1  | out |   10|  ap_memory |   FIFO_998_4   |     array    |
|FIFO_998_4_ce1       | out |    1|  ap_memory |   FIFO_998_4   |     array    |
|FIFO_998_4_we1       | out |    1|  ap_memory |   FIFO_998_4   |     array    |
|FIFO_998_4_d1        | out |   16|  ap_memory |   FIFO_998_4   |     array    |
|FIFO_998_5_address0  | out |   10|  ap_memory |   FIFO_998_5   |     array    |
|FIFO_998_5_ce0       | out |    1|  ap_memory |   FIFO_998_5   |     array    |
|FIFO_998_5_q0        |  in |   16|  ap_memory |   FIFO_998_5   |     array    |
|FIFO_998_5_address1  | out |   10|  ap_memory |   FIFO_998_5   |     array    |
|FIFO_998_5_ce1       | out |    1|  ap_memory |   FIFO_998_5   |     array    |
|FIFO_998_5_we1       | out |    1|  ap_memory |   FIFO_998_5   |     array    |
|FIFO_998_5_d1        | out |   16|  ap_memory |   FIFO_998_5   |     array    |
|FIFO_998_6_address0  | out |   10|  ap_memory |   FIFO_998_6   |     array    |
|FIFO_998_6_ce0       | out |    1|  ap_memory |   FIFO_998_6   |     array    |
|FIFO_998_6_q0        |  in |   16|  ap_memory |   FIFO_998_6   |     array    |
|FIFO_998_6_address1  | out |   10|  ap_memory |   FIFO_998_6   |     array    |
|FIFO_998_6_ce1       | out |    1|  ap_memory |   FIFO_998_6   |     array    |
|FIFO_998_6_we1       | out |    1|  ap_memory |   FIFO_998_6   |     array    |
|FIFO_998_6_d1        | out |   16|  ap_memory |   FIFO_998_6   |     array    |
|FIFO_998_7_address0  | out |   10|  ap_memory |   FIFO_998_7   |     array    |
|FIFO_998_7_ce0       | out |    1|  ap_memory |   FIFO_998_7   |     array    |
|FIFO_998_7_q0        |  in |   16|  ap_memory |   FIFO_998_7   |     array    |
|FIFO_998_7_address1  | out |   10|  ap_memory |   FIFO_998_7   |     array    |
|FIFO_998_7_ce1       | out |    1|  ap_memory |   FIFO_998_7   |     array    |
|FIFO_998_7_we1       | out |    1|  ap_memory |   FIFO_998_7   |     array    |
|FIFO_998_7_d1        | out |   16|  ap_memory |   FIFO_998_7   |     array    |
|FIFO_ptrs_read       |  in |   32|   ap_none  | FIFO_ptrs_read |    scalar    |
|i_base_0_read        |  in |   32|   ap_none  |  i_base_0_read |    scalar    |
|i_base_1_read        |  in |   32|   ap_none  |  i_base_1_read |    scalar    |
|j_base_0_read        |  in |   32|   ap_none  |  j_base_0_read |    scalar    |
|j_base_1_read        |  in |   32|   ap_none  |  j_base_1_read |    scalar    |
+---------------------+-----+-----+------------+----------------+--------------+

