================================================================
  Vivado(TM) HLS - High-Level Synthesis from C, C++ and SystemC
  Version 2017.1
  Build 1846317 on Thu Jun 22 18:17:09 MDT 2017
  Copyright (C) 1986-2017 Xilinx, Inc. All Rights Reserved.
================================================================
INFO: [HLS 200-10] Running '/opt/tools/xilinx/SDx/2017.1/Vivado_HLS/bin/unwrapped/lnx64.o/vivado_hls'
INFO: [HLS 200-10] For user 'blaok' on host 'u11-blaok' (Linux_x86_64 version 4.4.0-62-generic) on Thu Sep 14 06:49:26 PDT 2017
INFO: [HLS 200-10] On os Ubuntu 16.04.2 LTS
INFO: [HLS 200-10] In directory '/dev/shm/sdaccel-stencil/_xocc_compile_gaussian_kernel-tile100-unroll32_gaussian-hw-tile100-unroll32-burst100032.dir/impl/kernels/gaussian_kernel'
INFO: [HLS 200-10] Creating and opening project '/dev/shm/sdaccel-stencil/_xocc_compile_gaussian_kernel-tile100-unroll32_gaussian-hw-tile100-unroll32-burst100032.dir/impl/kernels/gaussian_kernel/gaussian_kernel'.
INFO: [HLS 200-10] Adding design file '/dev/shm/sdaccel-stencil/src/gaussian_kernel-tile100-unroll32.cpp' to the project
INFO: [HLS 200-10] Creating and opening solution '/dev/shm/sdaccel-stencil/_xocc_compile_gaussian_kernel-tile100-unroll32_gaussian-hw-tile100-unroll32-burst100032.dir/impl/kernels/gaussian_kernel/gaussian_kernel/solution_OCL_REGION_0'.
INFO: [HLS 200-10] Setting target device to 'xc7vx690tffg1157-2'
INFO: [SYN 201-201] Setting up clock 'default' with a period of 5ns.
INFO: [SYN 201-201] Setting up clock 'default' with an uncertainty of 1.35ns.
INFO: [SCHED 204-61] Option 'relax_ii_for_timing' is enabled, will increase II to preserve clock frequency constraints.
INFO: [XFORM 203-1171] Pipeline the innermost loop with trip count more than 64 or its parent loop when its trip count is less than or equal 64.
INFO: [XFORM 203-1161] The maximum of name length is set into 256.
INFO: [HLS 200-10] Analyzing design file '/dev/shm/sdaccel-stencil/src/gaussian_kernel-tile100-unroll32.cpp' ... 
INFO: [HLS 200-10] Validating synthesis directives ...
INFO: [HLS 200-111] Finished Checking Pragmas Time (s): cpu = 00:00:51 ; elapsed = 00:00:23 . Memory (MB): peak = 348.441 ; gain = 12.586 ; free physical = 123265 ; free virtual = 126972
INFO: [HLS 200-111] Finished Linking Time (s): cpu = 00:00:51 ; elapsed = 00:00:23 . Memory (MB): peak = 348.441 ; gain = 12.586 ; free physical = 123330 ; free virtual = 127061
INFO: [HLS 200-10] Starting code transformations ...
INFO: [XFORM 203-501] Unrolling loop 'compute_load_channel' (/dev/shm/sdaccel-stencil/src/gaussian_kernel-tile100-unroll32.cpp:122) in function 'compute(bool, unsigned short (*) [100032], unsigned short (*) [100032], unsigned short (*) [20], unsigned short (*) [128][3], int*, int*, int*, int, int)' completely.
INFO: [HLS 200-111] Finished Standard Transforms Time (s): cpu = 00:00:57 ; elapsed = 00:00:30 . Memory (MB): peak = 348.750 ; gain = 12.895 ; free physical = 123051 ; free virtual = 126829
INFO: [HLS 200-10] Checking synthesizability ...
WARNING: [SYNCHK 200-23] /dev/shm/sdaccel-stencil/src/gaussian_kernel-tile100-unroll32.cpp:60: variable-indexed range selection may cause suboptimal QoR.
INFO: [SYNCHK 200-10] 0 error(s), 1 warning(s).
INFO: [HLS 200-111] Finished Checking Synthesizability Time (s): cpu = 00:01:02 ; elapsed = 00:00:34 . Memory (MB): peak = 348.750 ; gain = 12.895 ; free physical = 122941 ; free virtual = 126752
INFO: [XFORM 203-510] Pipelining loop 'memset_FIFO_ptrs' in function 'gaussian_kernel' automatically.
WARNING: [XFORM 203-505] Ignore pipeline pragma in Loop whose tripcount is only 1 in function 'gaussian_kernel'.
INFO: [XFORM 203-502] Unrolling small iteration loop 'memset_FIFO_ptrs' in function 'gaussian_kernel' automatically.
INFO: [XFORM 203-502] Unrolling all sub-loops inside loop 'compute_epoch' (/dev/shm/sdaccel-stencil/src/gaussian_kernel-tile100-unroll32.cpp:115) in function 'compute' for pipelining.
INFO: [XFORM 203-502] Unrolling small iteration loop 'store_channel' (/dev/shm/sdaccel-stencil/src/gaussian_kernel-tile100-unroll32.cpp:50) in function 'store' automatically.
INFO: [XFORM 203-502] Unrolling small iteration loop 'load_channel' (/dev/shm/sdaccel-stencil/src/gaussian_kernel-tile100-unroll32.cpp:27) in function 'load' automatically.
INFO: [XFORM 203-501] Unrolling loop 'memset_FIFO_ptrs' in function 'gaussian_kernel' completely.
INFO: [XFORM 203-501] Unrolling loop 'bases_init' (/dev/shm/sdaccel-stencil/src/gaussian_kernel-tile100-unroll32.cpp:1431) in function 'gaussian_kernel' completely.
INFO: [XFORM 203-501] Unrolling loop 'compute_load_unrolled' (/dev/shm/sdaccel-stencil/src/gaussian_kernel-tile100-unroll32.cpp:126) in function 'compute' completely.
INFO: [XFORM 203-501] Unrolling loop 'compute_unrolled' (/dev/shm/sdaccel-stencil/src/gaussian_kernel-tile100-unroll32.cpp:1064) in function 'compute' completely.
INFO: [XFORM 203-501] Unrolling loop 'store_channel' (/dev/shm/sdaccel-stencil/src/gaussian_kernel-tile100-unroll32.cpp:50) in function 'store' completely.
INFO: [XFORM 203-501] Unrolling loop 'store_coalesced' (/dev/shm/sdaccel-stencil/src/gaussian_kernel-tile100-unroll32.cpp:58) in function 'store' completely.
INFO: [XFORM 203-501] Unrolling loop 'load_channel' (/dev/shm/sdaccel-stencil/src/gaussian_kernel-tile100-unroll32.cpp:27) in function 'load' completely.
INFO: [XFORM 203-501] Unrolling loop 'load_coalesced' (/dev/shm/sdaccel-stencil/src/gaussian_kernel-tile100-unroll32.cpp:35) in function 'load' completely.
INFO: [XFORM 203-101] Partitioning array 'input_0' (/dev/shm/sdaccel-stencil/src/gaussian_kernel-tile100-unroll32.cpp:1393) in dimension 1 completely.
INFO: [XFORM 203-101] Partitioning array 'input_1' (/dev/shm/sdaccel-stencil/src/gaussian_kernel-tile100-unroll32.cpp:1394) in dimension 1 completely.
INFO: [XFORM 203-101] Partitioning array 'output_0' (/dev/shm/sdaccel-stencil/src/gaussian_kernel-tile100-unroll32.cpp:1395) in dimension 1 completely.
INFO: [XFORM 203-101] Partitioning array 'output_1' (/dev/shm/sdaccel-stencil/src/gaussian_kernel-tile100-unroll32.cpp:1396) in dimension 1 completely.
INFO: [XFORM 203-101] Partitioning array 'FF' (/dev/shm/sdaccel-stencil/src/gaussian_kernel-tile100-unroll32.cpp:1397) in dimension 1 completely.
INFO: [XFORM 203-101] Partitioning array 'FIFO_3' (/dev/shm/sdaccel-stencil/src/gaussian_kernel-tile100-unroll32.cpp:1398) in dimension 1 completely.
INFO: [XFORM 203-101] Partitioning array 'FIFO_ptrs' (/dev/shm/sdaccel-stencil/src/gaussian_kernel-tile100-unroll32.cpp:1418) in dimension 1 completely.
INFO: [XFORM 203-101] Partitioning array 'i_base' (/dev/shm/sdaccel-stencil/src/gaussian_kernel-tile100-unroll32.cpp:1421) in dimension 1 completely.
INFO: [XFORM 203-101] Partitioning array 'j_base' (/dev/shm/sdaccel-stencil/src/gaussian_kernel-tile100-unroll32.cpp:1422) in dimension 1 completely.
INFO: [XFORM 203-101] Partitioning array 'input_points' (/dev/shm/sdaccel-stencil/src/gaussian_kernel-tile100-unroll32.cpp:82) in dimension 1 completely.
INFO: [XFORM 203-101] Partitioning array 'input_buffer' (/dev/shm/sdaccel-stencil/src/gaussian_kernel-tile100-unroll32.cpp:108) in dimension 1 completely.
INFO: [XFORM 203-101] Partitioning array 'input_0.0' (/dev/shm/sdaccel-stencil/src/gaussian_kernel-tile100-unroll32.cpp:1393) in dimension 1 with a cyclic factor 32.
INFO: [XFORM 203-101] Partitioning array 'input_1.0' (/dev/shm/sdaccel-stencil/src/gaussian_kernel-tile100-unroll32.cpp:1394) in dimension 1 with a cyclic factor 32.
INFO: [XFORM 203-101] Partitioning array 'output_0.0' (/dev/shm/sdaccel-stencil/src/gaussian_kernel-tile100-unroll32.cpp:1395) in dimension 1 with a cyclic factor 32.
INFO: [XFORM 203-101] Partitioning array 'output_1.0' (/dev/shm/sdaccel-stencil/src/gaussian_kernel-tile100-unroll32.cpp:1396) in dimension 1 with a cyclic factor 32.
INFO: [XFORM 203-101] Partitioning array 'FF.0' (/dev/shm/sdaccel-stencil/src/gaussian_kernel-tile100-unroll32.cpp:1397) in dimension 1 completely.
INFO: [XFORM 203-101] Partitioning array 'FIFO_3.0' (/dev/shm/sdaccel-stencil/src/gaussian_kernel-tile100-unroll32.cpp:1398) in dimension 1 completely.
INFO: [XFORM 203-101] Partitioning array 'input_points.0' (/dev/shm/sdaccel-stencil/src/gaussian_kernel-tile100-unroll32.cpp:82) in dimension 1 completely.
INFO: [XFORM 203-101] Partitioning array 'input_buffer.0' (/dev/shm/sdaccel-stencil/src/gaussian_kernel-tile100-unroll32.cpp:108) in dimension 1 completely.
INFO: [XFORM 203-101] Partitioning array 'input_points.0.0' (/dev/shm/sdaccel-stencil/src/gaussian_kernel-tile100-unroll32.cpp:82) in dimension 1 completely.
INFO: [XFORM 203-101] Partitioning array 'input_points.0.1' (/dev/shm/sdaccel-stencil/src/gaussian_kernel-tile100-unroll32.cpp:82) in dimension 1 completely.
INFO: [XFORM 203-101] Partitioning array 'input_points.0.2' (/dev/shm/sdaccel-stencil/src/gaussian_kernel-tile100-unroll32.cpp:82) in dimension 1 completely.
INFO: [XFORM 203-101] Partitioning array 'input_points.0.3' (/dev/shm/sdaccel-stencil/src/gaussian_kernel-tile100-unroll32.cpp:82) in dimension 1 completely.
INFO: [XFORM 203-101] Partitioning array 'input_points.0.4' (/dev/shm/sdaccel-stencil/src/gaussian_kernel-tile100-unroll32.cpp:82) in dimension 1 completely.
INFO: [XFORM 203-101] Partitioning array 'input_points.0.5' (/dev/shm/sdaccel-stencil/src/gaussian_kernel-tile100-unroll32.cpp:82) in dimension 1 completely.
INFO: [XFORM 203-101] Partitioning array 'input_points.0.6' (/dev/shm/sdaccel-stencil/src/gaussian_kernel-tile100-unroll32.cpp:82) in dimension 1 completely.
INFO: [XFORM 203-101] Partitioning array 'input_points.0.7' (/dev/shm/sdaccel-stencil/src/gaussian_kernel-tile100-unroll32.cpp:82) in dimension 1 completely.
INFO: [XFORM 203-101] Partitioning array 'input_points.0.8' (/dev/shm/sdaccel-stencil/src/gaussian_kernel-tile100-unroll32.cpp:82) in dimension 1 completely.
INFO: [XFORM 203-101] Partitioning array 'input_points.0.9' (/dev/shm/sdaccel-stencil/src/gaussian_kernel-tile100-unroll32.cpp:82) in dimension 1 completely.
INFO: [XFORM 203-101] Partitioning array 'input_points.0.10' (/dev/shm/sdaccel-stencil/src/gaussian_kernel-tile100-unroll32.cpp:82) in dimension 1 completely.
INFO: [XFORM 203-101] Partitioning array 'input_points.0.11' (/dev/shm/sdaccel-stencil/src/gaussian_kernel-tile100-unroll32.cpp:82) in dimension 1 completely.
INFO: [XFORM 203-101] Partitioning array 'input_points.0.12' (/dev/shm/sdaccel-stencil/src/gaussian_kernel-tile100-unroll32.cpp:82) in dimension 1 completely.
INFO: [XFORM 203-101] Partitioning array 'input_points.0.13' (/dev/shm/sdaccel-stencil/src/gaussian_kernel-tile100-unroll32.cpp:82) in dimension 1 completely.
INFO: [XFORM 203-101] Partitioning array 'input_points.0.14' (/dev/shm/sdaccel-stencil/src/gaussian_kernel-tile100-unroll32.cpp:82) in dimension 1 completely.
INFO: [XFORM 203-101] Partitioning array 'input_points.0.15' (/dev/shm/sdaccel-stencil/src/gaussian_kernel-tile100-unroll32.cpp:82) in dimension 1 completely.
INFO: [XFORM 203-101] Partitioning array 'input_points.0.16' (/dev/shm/sdaccel-stencil/src/gaussian_kernel-tile100-unroll32.cpp:82) in dimension 1 completely.
INFO: [XFORM 203-101] Partitioning array 'input_points.0.17' (/dev/shm/sdaccel-stencil/src/gaussian_kernel-tile100-unroll32.cpp:82) in dimension 1 completely.
INFO: [XFORM 203-101] Partitioning array 'input_points.0.18' (/dev/shm/sdaccel-stencil/src/gaussian_kernel-tile100-unroll32.cpp:82) in dimension 1 completely.
INFO: [XFORM 203-101] Partitioning array 'input_points.0.19' (/dev/shm/sdaccel-stencil/src/gaussian_kernel-tile100-unroll32.cpp:82) in dimension 1 completely.
INFO: [XFORM 203-101] Partitioning array 'input_points.0.20' (/dev/shm/sdaccel-stencil/src/gaussian_kernel-tile100-unroll32.cpp:82) in dimension 1 completely.
INFO: [XFORM 203-101] Partitioning array 'input_points.0.21' (/dev/shm/sdaccel-stencil/src/gaussian_kernel-tile100-unroll32.cpp:82) in dimension 1 completely.
INFO: [XFORM 203-101] Partitioning array 'input_points.0.22' (/dev/shm/sdaccel-stencil/src/gaussian_kernel-tile100-unroll32.cpp:82) in dimension 1 completely.
INFO: [XFORM 203-101] Partitioning array 'input_points.0.23' (/dev/shm/sdaccel-stencil/src/gaussian_kernel-tile100-unroll32.cpp:82) in dimension 1 completely.
INFO: [XFORM 203-101] Partitioning array 'input_points.0.24' (/dev/shm/sdaccel-stencil/src/gaussian_kernel-tile100-unroll32.cpp:82) in dimension 1 completely.
INFO: [XFORM 203-101] Partitioning array 'input_points.0.25' (/dev/shm/sdaccel-stencil/src/gaussian_kernel-tile100-unroll32.cpp:82) in dimension 1 completely.
INFO: [XFORM 203-101] Partitioning array 'input_points.0.26' (/dev/shm/sdaccel-stencil/src/gaussian_kernel-tile100-unroll32.cpp:82) in dimension 1 completely.
INFO: [XFORM 203-101] Partitioning array 'input_points.0.27' (/dev/shm/sdaccel-stencil/src/gaussian_kernel-tile100-unroll32.cpp:82) in dimension 1 completely.
INFO: [XFORM 203-101] Partitioning array 'input_points.0.28' (/dev/shm/sdaccel-stencil/src/gaussian_kernel-tile100-unroll32.cpp:82) in dimension 1 completely.
INFO: [XFORM 203-101] Partitioning array 'input_points.0.29' (/dev/shm/sdaccel-stencil/src/gaussian_kernel-tile100-unroll32.cpp:82) in dimension 1 completely.
INFO: [XFORM 203-101] Partitioning array 'input_points.0.30' (/dev/shm/sdaccel-stencil/src/gaussian_kernel-tile100-unroll32.cpp:82) in dimension 1 completely.
INFO: [XFORM 203-101] Partitioning array 'input_points.0.31' (/dev/shm/sdaccel-stencil/src/gaussian_kernel-tile100-unroll32.cpp:82) in dimension 1 completely.
INFO: [XFORM 203-401] Performing if-conversion on hyperblock from (/dev/shm/sdaccel-stencil/src/gaussian_kernel-tile100-unroll32.cpp:1455:9) to (/dev/shm/sdaccel-stencil/src/gaussian_kernel-tile100-unroll32.cpp:1438:85) in function 'gaussian_kernel'... converting 5 basic blocks.
INFO: [XFORM 203-401] Performing if-conversion on hyperblock from (/dev/shm/sdaccel-stencil/src/gaussian_kernel-tile100-unroll32.cpp:115:10) to (/dev/shm/sdaccel-stencil/src/gaussian_kernel-tile100-unroll32.cpp:114:51) in function 'compute'... converting 65 basic blocks.
INFO: [HLS 200-111] Finished Pre-synthesis Time (s): cpu = 00:01:12 ; elapsed = 00:00:44 . Memory (MB): peak = 476.438 ; gain = 140.582 ; free physical = 122482 ; free virtual = 126414
INFO: [XFORM 203-811] Inferring bus burst write of length 3126 on port 'to.V' (/dev/shm/sdaccel-stencil/src/gaussian_kernel-tile100-unroll32.cpp:62:17).
INFO: [XFORM 203-811] Inferring bus burst read of length 3126 on port 'from.V' (/dev/shm/sdaccel-stencil/src/gaussian_kernel-tile100-unroll32.cpp:32:86).
WARNING: [ANALYSIS 214-52] Found false inter dependency for variable 'FF[15]' (/dev/shm/sdaccel-stencil/src/gaussian_kernel-tile100-unroll32.cpp:70).
WARNING: [ANALYSIS 214-52] Found false inter dependency for variable 'FF[17]' (/dev/shm/sdaccel-stencil/src/gaussian_kernel-tile100-unroll32.cpp:70).
WARNING: [ANALYSIS 214-52] Found false inter dependency for variable 'FF[13]' (/dev/shm/sdaccel-stencil/src/gaussian_kernel-tile100-unroll32.cpp:70).
WARNING: [ANALYSIS 214-52] Found false inter dependency for variable 'FF[18]' (/dev/shm/sdaccel-stencil/src/gaussian_kernel-tile100-unroll32.cpp:70).
WARNING: [ANALYSIS 214-52] Found false inter dependency for variable 'FF[4]' (/dev/shm/sdaccel-stencil/src/gaussian_kernel-tile100-unroll32.cpp:70).
WARNING: [ANALYSIS 214-52] Found false inter dependency for variable 'FF[5]' (/dev/shm/sdaccel-stencil/src/gaussian_kernel-tile100-unroll32.cpp:70).
WARNING: [ANALYSIS 214-52] Found false inter dependency for variable 'FF[16]' (/dev/shm/sdaccel-stencil/src/gaussian_kernel-tile100-unroll32.cpp:70).
WARNING: [ANALYSIS 214-52] Found false inter dependency for variable 'FF[14]' (/dev/shm/sdaccel-stencil/src/gaussian_kernel-tile100-unroll32.cpp:70).
WARNING: [ANALYSIS 214-52] Found false inter dependency for variable 'FF[6]' (/dev/shm/sdaccel-stencil/src/gaussian_kernel-tile100-unroll32.cpp:70).
WARNING: [ANALYSIS 214-52] Found false inter dependency for variable 'FF[9]' (/dev/shm/sdaccel-stencil/src/gaussian_kernel-tile100-unroll32.cpp:70).
WARNING: [ANALYSIS 214-52] Found false inter dependency for variable 'FF[2]' (/dev/shm/sdaccel-stencil/src/gaussian_kernel-tile100-unroll32.cpp:70).
WARNING: [ANALYSIS 214-52] Found false inter dependency for variable 'FF[0]' (/dev/shm/sdaccel-stencil/src/gaussian_kernel-tile100-unroll32.cpp:70).
WARNING: [ANALYSIS 214-52] Found false inter dependency for variable 'FF[10]' (/dev/shm/sdaccel-stencil/src/gaussian_kernel-tile100-unroll32.cpp:70).
WARNING: [ANALYSIS 214-52] Found false inter dependency for variable 'FF[7]' (/dev/shm/sdaccel-stencil/src/gaussian_kernel-tile100-unroll32.cpp:70).
WARNING: [ANALYSIS 214-52] Found false inter dependency for variable 'FF[3]' (/dev/shm/sdaccel-stencil/src/gaussian_kernel-tile100-unroll32.cpp:70).
WARNING: [ANALYSIS 214-52] Found false inter dependency for variable 'FF[19]' (/dev/shm/sdaccel-stencil/src/gaussian_kernel-tile100-unroll32.cpp:70).
WARNING: [ANALYSIS 214-52] Found false inter dependency for variable 'FF[1]' (/dev/shm/sdaccel-stencil/src/gaussian_kernel-tile100-unroll32.cpp:70).
WARNING: [ANALYSIS 214-52] Found false inter dependency for variable 'FF[8]' (/dev/shm/sdaccel-stencil/src/gaussian_kernel-tile100-unroll32.cpp:70).
WARNING: [ANALYSIS 214-52] Found false inter dependency for variable 'FF[12]' (/dev/shm/sdaccel-stencil/src/gaussian_kernel-tile100-unroll32.cpp:70).
WARNING: [ANALYSIS 214-52] Found false inter dependency for variable 'FF[11]' (/dev/shm/sdaccel-stencil/src/gaussian_kernel-tile100-unroll32.cpp:70).
WARNING: [ANALYSIS 214-52] Found false inter dependency for variable 'FIFO_3[13]' (/dev/shm/sdaccel-stencil/src/gaussian_kernel-tile100-unroll32.cpp:71).
WARNING: [ANALYSIS 214-52] Found false inter dependency for variable 'FIFO_3[18]' (/dev/shm/sdaccel-stencil/src/gaussian_kernel-tile100-unroll32.cpp:71).
WARNING: [ANALYSIS 214-52] Found false inter dependency for variable 'FIFO_3[67]' (/dev/shm/sdaccel-stencil/src/gaussian_kernel-tile100-unroll32.cpp:71).
WARNING: [ANALYSIS 214-52] Found false inter dependency for variable 'FIFO_3[66]' (/dev/shm/sdaccel-stencil/src/gaussian_kernel-tile100-unroll32.cpp:71).
WARNING: [ANALYSIS 214-52] Found false inter dependency for variable 'FIFO_3[65]' (/dev/shm/sdaccel-stencil/src/gaussian_kernel-tile100-unroll32.cpp:71).
WARNING: [ANALYSIS 214-52] Found false inter dependency for variable 'FIFO_3[64]' (/dev/shm/sdaccel-stencil/src/gaussian_kernel-tile100-unroll32.cpp:71).
WARNING: [ANALYSIS 214-52] Found false inter dependency for variable 'FIFO_3[63]' (/dev/shm/sdaccel-stencil/src/gaussian_kernel-tile100-unroll32.cpp:71).
WARNING: [ANALYSIS 214-52] Found false inter dependency for variable 'FIFO_3[62]' (/dev/shm/sdaccel-stencil/src/gaussian_kernel-tile100-unroll32.cpp:71).
WARNING: [ANALYSIS 214-52] Found false inter dependency for variable 'FIFO_3[61]' (/dev/shm/sdaccel-stencil/src/gaussian_kernel-tile100-unroll32.cpp:71).
WARNING: [ANALYSIS 214-52] Found false inter dependency for variable 'FIFO_3[60]' (/dev/shm/sdaccel-stencil/src/gaussian_kernel-tile100-unroll32.cpp:71).
WARNING: [ANALYSIS 214-52] Found false inter dependency for variable 'FIFO_3[59]' (/dev/shm/sdaccel-stencil/src/gaussian_kernel-tile100-unroll32.cpp:71).
WARNING: [ANALYSIS 214-52] Found false inter dependency for variable 'FIFO_3[58]' (/dev/shm/sdaccel-stencil/src/gaussian_kernel-tile100-unroll32.cpp:71).
WARNING: [ANALYSIS 214-52] Found false inter dependency for variable 'FIFO_3[57]' (/dev/shm/sdaccel-stencil/src/gaussian_kernel-tile100-unroll32.cpp:71).
WARNING: [ANALYSIS 214-52] Found false inter dependency for variable 'FIFO_3[56]' (/dev/shm/sdaccel-stencil/src/gaussian_kernel-tile100-unroll32.cpp:71).
WARNING: [ANALYSIS 214-52] Found false inter dependency for variable 'FIFO_3[55]' (/dev/shm/sdaccel-stencil/src/gaussian_kernel-tile100-unroll32.cpp:71).
WARNING: [ANALYSIS 214-52] Found false inter dependency for variable 'FIFO_3[54]' (/dev/shm/sdaccel-stencil/src/gaussian_kernel-tile100-unroll32.cpp:71).
WARNING: [ANALYSIS 214-52] Found false inter dependency for variable 'FIFO_3[53]' (/dev/shm/sdaccel-stencil/src/gaussian_kernel-tile100-unroll32.cpp:71).
WARNING: [ANALYSIS 214-52] Found false inter dependency for variable 'FIFO_3[127]' (/dev/shm/sdaccel-stencil/src/gaussian_kernel-tile100-unroll32.cpp:71).
WARNING: [ANALYSIS 214-52] Found false inter dependency for variable 'FIFO_3[126]' (/dev/shm/sdaccel-stencil/src/gaussian_kernel-tile100-unroll32.cpp:71).
WARNING: [ANALYSIS 214-52] Found false inter dependency for variable 'FIFO_3[125]' (/dev/shm/sdaccel-stencil/src/gaussian_kernel-tile100-unroll32.cpp:71).
WARNING: [ANALYSIS 214-52] Found false inter dependency for variable 'FIFO_3[123]' (/dev/shm/sdaccel-stencil/src/gaussian_kernel-tile100-unroll32.cpp:71).
WARNING: [ANALYSIS 214-52] Found false inter dependency for variable 'FIFO_3[120]' (/dev/shm/sdaccel-stencil/src/gaussian_kernel-tile100-unroll32.cpp:71).
WARNING: [ANALYSIS 214-52] Found false inter dependency for variable 'FIFO_3[117]' (/dev/shm/sdaccel-stencil/src/gaussian_kernel-tile100-unroll32.cpp:71).
WARNING: [ANALYSIS 214-52] Found false inter dependency for variable 'FIFO_3[7]' (/dev/shm/sdaccel-stencil/src/gaussian_kernel-tile100-unroll32.cpp:71).
WARNING: [ANALYSIS 214-52] Found false inter dependency for variable 'FIFO_3[4]' (/dev/shm/sdaccel-stencil/src/gaussian_kernel-tile100-unroll32.cpp:71).
WARNING: [ANALYSIS 214-52] Found false inter dependency for variable 'FIFO_3[6]' (/dev/shm/sdaccel-stencil/src/gaussian_kernel-tile100-unroll32.cpp:71).
WARNING: [ANALYSIS 214-52] Found false inter dependency for variable 'FIFO_3[24]' (/dev/shm/sdaccel-stencil/src/gaussian_kernel-tile100-unroll32.cpp:71).
WARNING: [ANALYSIS 214-52] Found false inter dependency for variable 'FIFO_3[15]' (/dev/shm/sdaccel-stencil/src/gaussian_kernel-tile100-unroll32.cpp:71).
WARNING: [ANALYSIS 214-52] Found false inter dependency for variable 'FIFO_3[22]' (/dev/shm/sdaccel-stencil/src/gaussian_kernel-tile100-unroll32.cpp:71).
WARNING: [ANALYSIS 214-52] Found false inter dependency for variable 'FIFO_3[20]' (/dev/shm/sdaccel-stencil/src/gaussian_kernel-tile100-unroll32.cpp:71).
WARNING: [ANALYSIS 214-52] Found false inter dependency for variable 'FIFO_3[23]' (/dev/shm/sdaccel-stencil/src/gaussian_kernel-tile100-unroll32.cpp:71).
WARNING: [ANALYSIS 214-52] Found false inter dependency for variable 'FIFO_3[2]' (/dev/shm/sdaccel-stencil/src/gaussian_kernel-tile100-unroll32.cpp:71).
WARNING: [ANALYSIS 214-52] Found false inter dependency for variable 'FIFO_3[17]' (/dev/shm/sdaccel-stencil/src/gaussian_kernel-tile100-unroll32.cpp:71).
WARNING: [ANALYSIS 214-52] Found false inter dependency for variable 'FIFO_3[19]' (/dev/shm/sdaccel-stencil/src/gaussian_kernel-tile100-unroll32.cpp:71).
WARNING: [ANALYSIS 214-52] Found false inter dependency for variable 'FIFO_3[0]' (/dev/shm/sdaccel-stencil/src/gaussian_kernel-tile100-unroll32.cpp:71).
WARNING: [ANALYSIS 214-52] Found false inter dependency for variable 'FIFO_3[118]' (/dev/shm/sdaccel-stencil/src/gaussian_kernel-tile100-unroll32.cpp:71).
WARNING: [ANALYSIS 214-52] Found false inter dependency for variable 'FIFO_3[16]' (/dev/shm/sdaccel-stencil/src/gaussian_kernel-tile100-unroll32.cpp:71).
WARNING: [ANALYSIS 214-52] Found false inter dependency for variable 'FIFO_3[14]' (/dev/shm/sdaccel-stencil/src/gaussian_kernel-tile100-unroll32.cpp:71).
WARNING: [ANALYSIS 214-52] Found false inter dependency for variable 'FIFO_3[21]' (/dev/shm/sdaccel-stencil/src/gaussian_kernel-tile100-unroll32.cpp:71).
WARNING: [ANALYSIS 214-52] Found false inter dependency for variable 'FIFO_3[5]' (/dev/shm/sdaccel-stencil/src/gaussian_kernel-tile100-unroll32.cpp:71).
WARNING: [ANALYSIS 214-52] Found false inter dependency for variable 'FIFO_3[1]' (/dev/shm/sdaccel-stencil/src/gaussian_kernel-tile100-unroll32.cpp:71).
WARNING: [ANALYSIS 214-52] Found false inter dependency for variable 'FIFO_3[119]' (/dev/shm/sdaccel-stencil/src/gaussian_kernel-tile100-unroll32.cpp:71).
WARNING: [ANALYSIS 214-52] Found false inter dependency for variable 'FIFO_3[8]' (/dev/shm/sdaccel-stencil/src/gaussian_kernel-tile100-unroll32.cpp:71).
WARNING: [ANALYSIS 214-52] Found false inter dependency for variable 'FIFO_3[11]' (/dev/shm/sdaccel-stencil/src/gaussian_kernel-tile100-unroll32.cpp:71).
WARNING: [ANALYSIS 214-52] Found false inter dependency for variable 'FIFO_3[9]' (/dev/shm/sdaccel-stencil/src/gaussian_kernel-tile100-unroll32.cpp:71).
WARNING: [ANALYSIS 214-52] Found false inter dependency for variable 'FIFO_3[12]' (/dev/shm/sdaccel-stencil/src/gaussian_kernel-tile100-unroll32.cpp:71).
WARNING: [ANALYSIS 214-52] Found false inter dependency for variable 'FIFO_3[10]' (/dev/shm/sdaccel-stencil/src/gaussian_kernel-tile100-unroll32.cpp:71).
WARNING: [ANALYSIS 214-52] Found false inter dependency for variable 'FIFO_3[49]' (/dev/shm/sdaccel-stencil/src/gaussian_kernel-tile100-unroll32.cpp:71).
WARNING: [ANALYSIS 214-52] Found false inter dependency for variable 'FIFO_3[48]' (/dev/shm/sdaccel-stencil/src/gaussian_kernel-tile100-unroll32.cpp:71).
WARNING: [ANALYSIS 214-52] Found false inter dependency for variable 'FIFO_3[47]' (/dev/shm/sdaccel-stencil/src/gaussian_kernel-tile100-unroll32.cpp:71).
WARNING: [ANALYSIS 214-52] Found false inter dependency for variable 'FIFO_3[46]' (/dev/shm/sdaccel-stencil/src/gaussian_kernel-tile100-unroll32.cpp:71).
WARNING: [ANALYSIS 214-52] Found false inter dependency for variable 'FIFO_3[45]' (/dev/shm/sdaccel-stencil/src/gaussian_kernel-tile100-unroll32.cpp:71).
WARNING: [ANALYSIS 214-52] Found false inter dependency for variable 'FIFO_3[44]' (/dev/shm/sdaccel-stencil/src/gaussian_kernel-tile100-unroll32.cpp:71).
WARNING: [ANALYSIS 214-52] Found false inter dependency for variable 'FIFO_3[43]' (/dev/shm/sdaccel-stencil/src/gaussian_kernel-tile100-unroll32.cpp:71).
WARNING: [ANALYSIS 214-52] Found false inter dependency for variable 'FIFO_3[42]' (/dev/shm/sdaccel-stencil/src/gaussian_kernel-tile100-unroll32.cpp:71).
WARNING: [ANALYSIS 214-52] Found false inter dependency for variable 'FIFO_3[41]' (/dev/shm/sdaccel-stencil/src/gaussian_kernel-tile100-unroll32.cpp:71).
WARNING: [ANALYSIS 214-52] Found false inter dependency for variable 'FIFO_3[40]' (/dev/shm/sdaccel-stencil/src/gaussian_kernel-tile100-unroll32.cpp:71).
WARNING: [ANALYSIS 214-52] Found false inter dependency for variable 'FIFO_3[39]' (/dev/shm/sdaccel-stencil/src/gaussian_kernel-tile100-unroll32.cpp:71).
WARNING: [ANALYSIS 214-52] Found false inter dependency for variable 'FIFO_3[38]' (/dev/shm/sdaccel-stencil/src/gaussian_kernel-tile100-unroll32.cpp:71).
WARNING: [ANALYSIS 214-52] Found false inter dependency for variable 'FIFO_3[37]' (/dev/shm/sdaccel-stencil/src/gaussian_kernel-tile100-unroll32.cpp:71).
WARNING: [ANALYSIS 214-52] Found false inter dependency for variable 'FIFO_3[36]' (/dev/shm/sdaccel-stencil/src/gaussian_kernel-tile100-unroll32.cpp:71).
WARNING: [ANALYSIS 214-52] Found false inter dependency for variable 'FIFO_3[35]' (/dev/shm/sdaccel-stencil/src/gaussian_kernel-tile100-unroll32.cpp:71).
WARNING: [ANALYSIS 214-52] Found false inter dependency for variable 'FIFO_3[34]' (/dev/shm/sdaccel-stencil/src/gaussian_kernel-tile100-unroll32.cpp:71).
WARNING: [ANALYSIS 214-52] Found false inter dependency for variable 'FIFO_3[33]' (/dev/shm/sdaccel-stencil/src/gaussian_kernel-tile100-unroll32.cpp:71).
WARNING: [ANALYSIS 214-52] Found false inter dependency for variable 'FIFO_3[3]' (/dev/shm/sdaccel-stencil/src/gaussian_kernel-tile100-unroll32.cpp:71).
WARNING: [ANALYSIS 214-52] Found false inter dependency for variable 'FIFO_3[124]' (/dev/shm/sdaccel-stencil/src/gaussian_kernel-tile100-unroll32.cpp:71).
WARNING: [ANALYSIS 214-52] Found false inter dependency for variable 'FIFO_3[122]' (/dev/shm/sdaccel-stencil/src/gaussian_kernel-tile100-unroll32.cpp:71).
WARNING: [ANALYSIS 214-52] Found false inter dependency for variable 'FIFO_3[97]' (/dev/shm/sdaccel-stencil/src/gaussian_kernel-tile100-unroll32.cpp:71).
WARNING: [ANALYSIS 214-52] Found false inter dependency for variable 'FIFO_3[96]' (/dev/shm/sdaccel-stencil/src/gaussian_kernel-tile100-unroll32.cpp:71).
WARNING: [ANALYSIS 214-52] Found false inter dependency for variable 'FIFO_3[95]' (/dev/shm/sdaccel-stencil/src/gaussian_kernel-tile100-unroll32.cpp:71).
WARNING: [ANALYSIS 214-52] Found false inter dependency for variable 'FIFO_3[94]' (/dev/shm/sdaccel-stencil/src/gaussian_kernel-tile100-unroll32.cpp:71).
WARNING: [ANALYSIS 214-52] Found false inter dependency for variable 'FIFO_3[93]' (/dev/shm/sdaccel-stencil/src/gaussian_kernel-tile100-unroll32.cpp:71).
WARNING: [ANALYSIS 214-52] Found false inter dependency for variable 'FIFO_3[92]' (/dev/shm/sdaccel-stencil/src/gaussian_kernel-tile100-unroll32.cpp:71).
WARNING: [ANALYSIS 214-52] Found false inter dependency for variable 'FIFO_3[91]' (/dev/shm/sdaccel-stencil/src/gaussian_kernel-tile100-unroll32.cpp:71).
WARNING: [ANALYSIS 214-52] Found false inter dependency for variable 'FIFO_3[90]' (/dev/shm/sdaccel-stencil/src/gaussian_kernel-tile100-unroll32.cpp:71).
WARNING: [ANALYSIS 214-52] Found false inter dependency for variable 'FIFO_3[89]' (/dev/shm/sdaccel-stencil/src/gaussian_kernel-tile100-unroll32.cpp:71).
WARNING: [ANALYSIS 214-52] Found false inter dependency for variable 'FIFO_3[88]' (/dev/shm/sdaccel-stencil/src/gaussian_kernel-tile100-unroll32.cpp:71).
WARNING: [ANALYSIS 214-52] Found false inter dependency for variable 'FIFO_3[87]' (/dev/shm/sdaccel-stencil/src/gaussian_kernel-tile100-unroll32.cpp:71).
WARNING: [ANALYSIS 214-52] Found false inter dependency for variable 'FIFO_3[86]' (/dev/shm/sdaccel-stencil/src/gaussian_kernel-tile100-unroll32.cpp:71).
WARNING: [ANALYSIS 214-52] Found false inter dependency for variable 'FIFO_3[85]' (/dev/shm/sdaccel-stencil/src/gaussian_kernel-tile100-unroll32.cpp:71).
WARNING: [ANALYSIS 214-52] Found false inter dependency for variable 'FIFO_3[84]' (/dev/shm/sdaccel-stencil/src/gaussian_kernel-tile100-unroll32.cpp:71).
WARNING: [ANALYSIS 214-52] Found false inter dependency for variable 'FIFO_3[83]' (/dev/shm/sdaccel-stencil/src/gaussian_kernel-tile100-unroll32.cpp:71).
WARNING: [ANALYSIS 214-52] Found false inter dependency for variable 'FIFO_3[82]' (/dev/shm/sdaccel-stencil/src/gaussian_kernel-tile100-unroll32.cpp:71).
WARNING: [ANALYSIS 214-52] Found false inter dependency for variable 'FIFO_3[81]' (/dev/shm/sdaccel-stencil/src/gaussian_kernel-tile100-unroll32.cpp:71).
WARNING: [ANALYSIS 214-52] Found false inter dependency for variable 'FIFO_3[80]' (/dev/shm/sdaccel-stencil/src/gaussian_kernel-tile100-unroll32.cpp:71).
WARNING: [ANALYSIS 214-52] Found false inter dependency for variable 'FIFO_3[79]' (/dev/shm/sdaccel-stencil/src/gaussian_kernel-tile100-unroll32.cpp:71).
WARNING: [ANALYSIS 214-52] Found false inter dependency for variable 'FIFO_3[78]' (/dev/shm/sdaccel-stencil/src/gaussian_kernel-tile100-unroll32.cpp:71).
WARNING: [ANALYSIS 214-52] Found false inter dependency for variable 'FIFO_3[77]' (/dev/shm/sdaccel-stencil/src/gaussian_kernel-tile100-unroll32.cpp:71).
WARNING: [ANALYSIS 214-52] Found false inter dependency for variable 'FIFO_3[76]' (/dev/shm/sdaccel-stencil/src/gaussian_kernel-tile100-unroll32.cpp:71).
WARNING: [ANALYSIS 214-52] Found false inter dependency for variable 'FIFO_3[75]' (/dev/shm/sdaccel-stencil/src/gaussian_kernel-tile100-unroll32.cpp:71).
WARNING: [ANALYSIS 214-52] Found false inter dependency for variable 'FIFO_3[74]' (/dev/shm/sdaccel-stencil/src/gaussian_kernel-tile100-unroll32.cpp:71).
WARNING: [ANALYSIS 214-52] Found false inter dependency for variable 'FIFO_3[73]' (/dev/shm/sdaccel-stencil/src/gaussian_kernel-tile100-unroll32.cpp:71).
WARNING: [ANALYSIS 214-52] Found false inter dependency for variable 'FIFO_3[72]' (/dev/shm/sdaccel-stencil/src/gaussian_kernel-tile100-unroll32.cpp:71).
WARNING: [ANALYSIS 214-52] Found false inter dependency for variable 'FIFO_3[71]' (/dev/shm/sdaccel-stencil/src/gaussian_kernel-tile100-unroll32.cpp:71).
WARNING: [ANALYSIS 214-52] Found false inter dependency for variable 'FIFO_3[70]' (/dev/shm/sdaccel-stencil/src/gaussian_kernel-tile100-unroll32.cpp:71).
WARNING: [ANALYSIS 214-52] Found false inter dependency for variable 'FIFO_3[69]' (/dev/shm/sdaccel-stencil/src/gaussian_kernel-tile100-unroll32.cpp:71).
WARNING: [ANALYSIS 214-52] Found false inter dependency for variable 'FIFO_3[68]' (/dev/shm/sdaccel-stencil/src/gaussian_kernel-tile100-unroll32.cpp:71).
WARNING: [ANALYSIS 214-52] Found false inter dependency for variable 'FIFO_3[32]' (/dev/shm/sdaccel-stencil/src/gaussian_kernel-tile100-unroll32.cpp:71).
WARNING: [ANALYSIS 214-52] Found false inter dependency for variable 'FIFO_3[31]' (/dev/shm/sdaccel-stencil/src/gaussian_kernel-tile100-unroll32.cpp:71).
WARNING: [ANALYSIS 214-52] Found false inter dependency for variable 'FIFO_3[30]' (/dev/shm/sdaccel-stencil/src/gaussian_kernel-tile100-unroll32.cpp:71).
WARNING: [ANALYSIS 214-52] Found false inter dependency for variable 'FIFO_3[29]' (/dev/shm/sdaccel-stencil/src/gaussian_kernel-tile100-unroll32.cpp:71).
WARNING: [ANALYSIS 214-52] Found false inter dependency for variable 'FIFO_3[28]' (/dev/shm/sdaccel-stencil/src/gaussian_kernel-tile100-unroll32.cpp:71).
WARNING: [ANALYSIS 214-52] Found false inter dependency for variable 'FIFO_3[27]' (/dev/shm/sdaccel-stencil/src/gaussian_kernel-tile100-unroll32.cpp:71).
WARNING: [ANALYSIS 214-52] Found false inter dependency for variable 'FIFO_3[26]' (/dev/shm/sdaccel-stencil/src/gaussian_kernel-tile100-unroll32.cpp:71).
WARNING: [ANALYSIS 214-52] Found false inter dependency for variable 'FIFO_3[25]' (/dev/shm/sdaccel-stencil/src/gaussian_kernel-tile100-unroll32.cpp:71).
WARNING: [ANALYSIS 214-52] Found false inter dependency for variable 'FIFO_3[52]' (/dev/shm/sdaccel-stencil/src/gaussian_kernel-tile100-unroll32.cpp:71).
WARNING: [ANALYSIS 214-52] Found false inter dependency for variable 'FIFO_3[51]' (/dev/shm/sdaccel-stencil/src/gaussian_kernel-tile100-unroll32.cpp:71).
WARNING: [ANALYSIS 214-52] Found false inter dependency for variable 'FIFO_3[50]' (/dev/shm/sdaccel-stencil/src/gaussian_kernel-tile100-unroll32.cpp:71).
WARNING: [ANALYSIS 214-52] Found false inter dependency for variable 'FIFO_3[116]' (/dev/shm/sdaccel-stencil/src/gaussian_kernel-tile100-unroll32.cpp:71).
WARNING: [ANALYSIS 214-52] Found false inter dependency for variable 'FIFO_3[115]' (/dev/shm/sdaccel-stencil/src/gaussian_kernel-tile100-unroll32.cpp:71).
WARNING: [ANALYSIS 214-52] Found false inter dependency for variable 'FIFO_3[114]' (/dev/shm/sdaccel-stencil/src/gaussian_kernel-tile100-unroll32.cpp:71).
WARNING: [ANALYSIS 214-52] Found false inter dependency for variable 'FIFO_3[113]' (/dev/shm/sdaccel-stencil/src/gaussian_kernel-tile100-unroll32.cpp:71).
WARNING: [ANALYSIS 214-52] Found false inter dependency for variable 'FIFO_3[112]' (/dev/shm/sdaccel-stencil/src/gaussian_kernel-tile100-unroll32.cpp:71).
WARNING: [ANALYSIS 214-52] Found false inter dependency for variable 'FIFO_3[111]' (/dev/shm/sdaccel-stencil/src/gaussian_kernel-tile100-unroll32.cpp:71).
WARNING: [ANALYSIS 214-52] Found false inter dependency for variable 'FIFO_3[110]' (/dev/shm/sdaccel-stencil/src/gaussian_kernel-tile100-unroll32.cpp:71).
WARNING: [ANALYSIS 214-52] Found false inter dependency for variable 'FIFO_3[109]' (/dev/shm/sdaccel-stencil/src/gaussian_kernel-tile100-unroll32.cpp:71).
WARNING: [ANALYSIS 214-52] Found false inter dependency for variable 'FIFO_3[108]' (/dev/shm/sdaccel-stencil/src/gaussian_kernel-tile100-unroll32.cpp:71).
WARNING: [ANALYSIS 214-52] Found false inter dependency for variable 'FIFO_3[107]' (/dev/shm/sdaccel-stencil/src/gaussian_kernel-tile100-unroll32.cpp:71).
WARNING: [ANALYSIS 214-52] Found false inter dependency for variable 'FIFO_3[106]' (/dev/shm/sdaccel-stencil/src/gaussian_kernel-tile100-unroll32.cpp:71).
WARNING: [ANALYSIS 214-52] Found false inter dependency for variable 'FIFO_3[105]' (/dev/shm/sdaccel-stencil/src/gaussian_kernel-tile100-unroll32.cpp:71).
WARNING: [ANALYSIS 214-52] Found false inter dependency for variable 'FIFO_3[104]' (/dev/shm/sdaccel-stencil/src/gaussian_kernel-tile100-unroll32.cpp:71).
WARNING: [ANALYSIS 214-52] Found false inter dependency for variable 'FIFO_3[103]' (/dev/shm/sdaccel-stencil/src/gaussian_kernel-tile100-unroll32.cpp:71).
WARNING: [ANALYSIS 214-52] Found false inter dependency for variable 'FIFO_3[102]' (/dev/shm/sdaccel-stencil/src/gaussian_kernel-tile100-unroll32.cpp:71).
WARNING: [ANALYSIS 214-52] Found false inter dependency for variable 'FIFO_3[101]' (/dev/shm/sdaccel-stencil/src/gaussian_kernel-tile100-unroll32.cpp:71).
WARNING: [ANALYSIS 214-52] Found false inter dependency for variable 'FIFO_3[100]' (/dev/shm/sdaccel-stencil/src/gaussian_kernel-tile100-unroll32.cpp:71).
WARNING: [ANALYSIS 214-52] Found false inter dependency for variable 'FIFO_3[99]' (/dev/shm/sdaccel-stencil/src/gaussian_kernel-tile100-unroll32.cpp:71).
WARNING: [ANALYSIS 214-52] Found false inter dependency for variable 'FIFO_3[98]' (/dev/shm/sdaccel-stencil/src/gaussian_kernel-tile100-unroll32.cpp:71).
WARNING: [ANALYSIS 214-52] Found false inter dependency for variable 'FIFO_3[121]' (/dev/shm/sdaccel-stencil/src/gaussian_kernel-tile100-unroll32.cpp:71).
INFO: [HLS 200-111] Finished Architecture Synthesis Time (s): cpu = 00:01:14 ; elapsed = 00:00:46 . Memory (MB): peak = 476.438 ; gain = 140.582 ; free physical = 122256 ; free virtual = 126341
INFO: [HLS 200-10] Starting hardware synthesis ...
INFO: [HLS 200-10] Synthesizing 'gaussian_kernel' ...
INFO: [HLS 200-10] ----------------------------------------------------------------
INFO: [HLS 200-42] -- Implementing module 'load' 
INFO: [HLS 200-10] ----------------------------------------------------------------
INFO: [SCHED 204-11] Starting scheduling ...
INFO: [SCHED 204-61] Pipelining loop 'load_epoch'.
INFO: [SCHED 204-61] Pipelining result: Target II: 1, Final II: 1, Depth: 3.
INFO: [SCHED 204-11] Finished scheduling.
INFO: [HLS 200-111]  Elapsed time: 46.79 seconds; current allocated memory: 119.446 MB.
INFO: [BIND 205-100] Starting micro-architecture generation ...
INFO: [BIND 205-101] Performing variable lifetime analysis.
INFO: [BIND 205-101] Exploring resource sharing.
INFO: [BIND 205-101] Binding ...
INFO: [BIND 205-100] Finished micro-architecture generation.
INFO: [HLS 200-111]  Elapsed time: 0.61 seconds; current allocated memory: 120.539 MB.
INFO: [HLS 200-10] ----------------------------------------------------------------
INFO: [HLS 200-42] -- Implementing module 'compute' 
INFO: [HLS 200-10] ----------------------------------------------------------------
INFO: [SCHED 204-11] Starting scheduling ...
INFO: [SCHED 204-61] Pipelining loop 'compute_epoch'.
INFO: [SCHED 204-61] Pipelining result: Target II: 1, Final II: 1, Depth: 2.
INFO: [SCHED 204-11] Finished scheduling.
INFO: [HLS 200-111]  Elapsed time: 1.76 seconds; current allocated memory: 123.895 MB.
INFO: [BIND 205-100] Starting micro-architecture generation ...
INFO: [BIND 205-101] Performing variable lifetime analysis.
INFO: [BIND 205-101] Exploring resource sharing.
INFO: [BIND 205-101] Binding ...
INFO: [BIND 205-100] Finished micro-architecture generation.
INFO: [HLS 200-111]  Elapsed time: 1.2 seconds; current allocated memory: 128.368 MB.
INFO: [HLS 200-10] ----------------------------------------------------------------
INFO: [HLS 200-42] -- Implementing module 'store' 
INFO: [HLS 200-10] ----------------------------------------------------------------
INFO: [SCHED 204-11] Starting scheduling ...
INFO: [SCHED 204-61] Pipelining loop 'store_epoch'.
INFO: [SCHED 204-61] Pipelining result: Target II: 1, Final II: 1, Depth: 3.
INFO: [SCHED 204-11] Finished scheduling.
INFO: [HLS 200-111]  Elapsed time: 1.45 seconds; current allocated memory: 129.527 MB.
INFO: [BIND 205-100] Starting micro-architecture generation ...
INFO: [BIND 205-101] Performing variable lifetime analysis.
INFO: [BIND 205-101] Exploring resource sharing.
INFO: [BIND 205-101] Binding ...
INFO: [BIND 205-100] Finished micro-architecture generation.
INFO: [HLS 200-111]  Elapsed time: 0.58 seconds; current allocated memory: 130.420 MB.
INFO: [HLS 200-10] ----------------------------------------------------------------
INFO: [HLS 200-42] -- Implementing module 'gaussian_kernel' 
INFO: [HLS 200-10] ----------------------------------------------------------------
INFO: [SCHED 204-11] Starting scheduling ...
INFO: [SCHED 204-11] Finished scheduling.
INFO: [HLS 200-111]  Elapsed time: 0.63 seconds; current allocated memory: 132.396 MB.
INFO: [BIND 205-100] Starting micro-architecture generation ...
INFO: [BIND 205-101] Performing variable lifetime analysis.
INFO: [BIND 205-101] Exploring resource sharing.
INFO: [BIND 205-101] Binding ...
INFO: [BIND 205-100] Finished micro-architecture generation.
INFO: [HLS 200-111]  Elapsed time: 2.9 seconds; current allocated memory: 135.554 MB.
INFO: [HLS 200-10] ----------------------------------------------------------------
INFO: [HLS 200-10] -- Generating RTL for module 'load' 
INFO: [HLS 200-10] ----------------------------------------------------------------
INFO: [RTGEN 206-100] Finished creating RTL model for 'load'.
INFO: [HLS 200-111]  Elapsed time: 1.56 seconds; current allocated memory: 137.766 MB.
INFO: [HLS 200-10] ----------------------------------------------------------------
INFO: [HLS 200-10] -- Generating RTL for module 'compute' 
INFO: [HLS 200-10] ----------------------------------------------------------------
INFO: [RTGEN 206-100] Finished creating RTL model for 'compute'.
INFO: [HLS 200-111]  Elapsed time: 1.36 seconds; current allocated memory: 155.337 MB.
INFO: [HLS 200-10] ----------------------------------------------------------------
INFO: [HLS 200-10] -- Generating RTL for module 'store' 
INFO: [HLS 200-10] ----------------------------------------------------------------
INFO: [RTGEN 206-100] Finished creating RTL model for 'store'.
INFO: [HLS 200-111]  Elapsed time: 3.51 seconds; current allocated memory: 174.792 MB.
INFO: [HLS 200-10] ----------------------------------------------------------------
INFO: [HLS 200-10] -- Generating RTL for module 'gaussian_kernel' 
INFO: [HLS 200-10] ----------------------------------------------------------------
INFO: [RTGEN 206-500] Setting interface mode on port 'gaussian_kernel/gmem1' to 'm_axi'.
INFO: [RTGEN 206-500] Setting interface mode on port 'gaussian_kernel/gmem2' to 'm_axi'.
INFO: [RTGEN 206-500] Setting interface mode on port 'gaussian_kernel/var_output_V' to 's_axilite & ap_none'.
INFO: [RTGEN 206-500] Setting interface mode on port 'gaussian_kernel/var_input_V' to 's_axilite & ap_none'.
INFO: [RTGEN 206-500] Setting interface mode on port 'gaussian_kernel/tile_num_dim_0' to 's_axilite & ap_none'.
INFO: [RTGEN 206-500] Setting interface mode on port 'gaussian_kernel/input_size_dim_1' to 's_axilite & ap_none'.
INFO: [RTGEN 206-500] Setting interface mode on port 'gaussian_kernel/tile_burst_num' to 's_axilite & ap_none'.
INFO: [RTGEN 206-500] Setting interface mode on port 'gaussian_kernel/extra_space_i_coalesed' to 's_axilite & ap_none'.
INFO: [RTGEN 206-500] Setting interface mode on port 'gaussian_kernel/extra_space_o_coalesed' to 's_axilite & ap_none'.
INFO: [RTGEN 206-500] Setting interface mode on port 'gaussian_kernel/total_burst_num' to 's_axilite & ap_none'.
INFO: [RTGEN 206-500] Setting interface mode on function 'gaussian_kernel' to 's_axilite & ap_ctrl_hs'.
INFO: [RTGEN 206-100] Bundling port 'return', 'var_output_V', 'var_input_V', 'input_size_dim_1', 'tile_burst_num', 'extra_space_i_coalesed', 'extra_space_o_coalesed' and 'total_burst_num' to AXI-Lite port control.
INFO: [RTGEN 206-100] Finished creating RTL model for 'gaussian_kernel'.
INFO: [HLS 200-111]  Elapsed time: 5.56 seconds; current allocated memory: 194.601 MB.
INFO: [RTMG 210-278] Implementing memory 'gaussian_kernel_input_0_0_0_ram (RAM)' using block RAMs.
INFO: [RTMG 210-278] Implementing memory 'gaussian_kernel_FIFO_3_0_0_ram (RAM)' using distributed RAMs.
INFO: [RTMG 210-278] Implementing memory 'gaussian_kernel_FIFO_3_0_28_ram (RAM)' using distributed RAMs.
INFO: [HLS 200-111] Finished generating all RTL models Time (s): cpu = 00:01:38 ; elapsed = 00:01:21 . Memory (MB): peak = 540.438 ; gain = 204.582 ; free physical = 120244 ; free virtual = 124918
INFO: [SYSC 207-301] Generating SystemC RTL for gaussian_kernel.
INFO: [VHDL 208-304] Generating VHDL RTL for gaussian_kernel.
INFO: [VLOG 209-307] Generating Verilog RTL for gaussian_kernel.
INFO: [IMPL 213-8] Exporting RTL as an IP in IP-XACT.


****** Vivado v2017.1_sdx (64-bit)
  **** SW Build 1915620 on Thu Jun 22 17:54:59 MDT 2017
  **** IP Build 1908669 on Thu Jun 22 19:20:41 MDT 2017
    ** Copyright 1986-2017 Xilinx, Inc. All Rights Reserved.

INFO: [Common 17-1460] Use of init.tcl in /opt/tools/xilinx/SDx/2017.1/Vivado/scripts/init.tcl is deprecated. Please use Vivado_init.tcl 
Sourcing tcl script '/opt/tools/xilinx/SDx/2017.1/Vivado/scripts/init.tcl'
16 Beta devices matching pattern found, 0 enabled.
Loaded SDSoC Platform Tcl Library
source run_ippack.tcl -notrace
INFO: [IP_Flow 19-234] Refreshing IP repositories
INFO: [IP_Flow 19-1704] No user IP repositories specified
INFO: [IP_Flow 19-2313] Loaded Vivado IP repository '/opt/tools/xilinx/SDx/2017.1/Vivado/data/ip'.
WARNING: [Vivado 12-4404] The CPU emulation flow is not supported when using a packaged XO file with XOCC.
Add Instance compute grp_compute_fu_1613 1613
Add Instance store grp_store_fu_1895 1895
Add Instance load grp_load_fu_1937 1937
INFO: [Common 17-206] Exiting Vivado at Thu Sep 14 06:51:17 2017...
Vivado HLS completed successfully
INFO: [HLS 200-112] Total elapsed time: 157.62 seconds; peak allocated memory: 194.601 MB.
