

================================================================
== Vivado HLS Report for 'jacobi3d_kernel'
================================================================
* Date:           Fri Sep 15 00:57:31 2017

* Version:        2017.1 (Build 1846317 on Thu Jun 22 18:17:09 MDT 2017)
* Project:        jacobi3d_kernel
* Solution:       solution_OCL_REGION_0
* Product family: virtex7
* Target device:  xc7vx690tffg1157-2


================================================================
== Performance Estimates
================================================================
+ Timing (ns): 
    * Summary: 
    +--------+-------+----------+------------+
    |  Clock | Target| Estimated| Uncertainty|
    +--------+-------+----------+------------+
    |ap_clk  |   5.00|      3.65|        1.35|
    +--------+-------+----------+------------+

+ Latency (clock cycles): 
    * Summary: 
    +-----+-----+-----+-----+---------+
    |  Latency  |  Interval | Pipeline|
    | min | max | min | max |   Type  |
    +-----+-----+-----+-----+---------+
    |    ?|    ?|    ?|    ?|   none  |
    +-----+-----+-----+-----+---------+

    + Detail: 
        * Instance: 
        +---------------------+---------+-----+-------+-----+-------+---------+
        |                     |         |   Latency   |   Interval  | Pipeline|
        |       Instance      |  Module | min |  max  | min |  max  |   Type  |
        +---------------------+---------+-----+-------+-----+-------+---------+
        |grp_compute_fu_1258  |compute  |    1|  25066|    1|  25066|   none  |
        |grp_store_fu_1476    |store    |    1|   6379|    1|   6379|   none  |
        |grp_load_fu_1502     |load     |    1|   6381|    1|   6381|   none  |
        +---------------------+---------+-----+-------+-----+-------+---------+

        * Loop: 
        +--------------------+-----+-----+-----------+-----------+-----------+------+----------+
        |                    |  Latency  | Iteration |  Initiation Interval  | Trip |          |
        |      Loop Name     | min | max |  Latency  |  achieved |   target  | Count| Pipelined|
        +--------------------+-----+-----+-----------+-----------+-----------+------+----------+
        |- memset_FIFO_ptrs  |   12|   12|          1|          1|          1|    13|    yes   |
        |- burst             |    ?|    ?| 5 ~ 25070 |          -|          -|     ?|    no    |
        +--------------------+-----+-----+-----------+-----------+-----------+------+----------+



================================================================
== Utilization Estimates
================================================================
* Summary: 
+-----------------+---------+-------+--------+--------+
|       Name      | BRAM_18K| DSP48E|   FF   |   LUT  |
+-----------------+---------+-------+--------+--------+
|DSP              |        -|      -|       -|       -|
|Expression       |        -|      -|       0|    1048|
|FIFO             |        -|      -|       -|       -|
|Instance         |       60|   1032|  127362|   93303|
|Memory           |     1600|      -|       0|       0|
|Multiplexer      |        -|      -|       -|    5936|
|Register         |        -|      -|    5224|       -|
+-----------------+---------+-------+--------+--------+
|Total            |     1660|   1032|  132586|  100287|
+-----------------+---------+-------+--------+--------+
|Available        |     2940|   3600|  866400|  433200|
+-----------------+---------+-------+--------+--------+
|Utilization (%)  |       56|     28|      15|      23|
+-----------------+---------+-------+--------+--------+

+ Detail: 
    * Instance: 
    +-----------------------------------+-------------------------------+---------+-------+--------+-------+
    |              Instance             |             Module            | BRAM_18K| DSP48E|   FF   |  LUT  |
    +-----------------------------------+-------------------------------+---------+-------+--------+-------+
    |grp_compute_fu_1258                |compute                        |        0|   1032|  118907|  86807|
    |jacobi3d_kernel_control_s_axi_U    |jacobi3d_kernel_control_s_axi  |        0|      0|     538|    936|
    |jacobi3d_kernel_gmem1_m_axi_U      |jacobi3d_kernel_gmem1_m_axi    |       30|      0|    1415|   1585|
    |jacobi3d_kernel_gmem2_m_axi_U      |jacobi3d_kernel_gmem2_m_axi    |       30|      0|    1415|   1585|
    |jacobi3d_kernel_mux_164_32_1_U671  |jacobi3d_kernel_mux_164_32_1   |        0|      0|     278|     65|
    |jacobi3d_kernel_mux_164_32_1_U672  |jacobi3d_kernel_mux_164_32_1   |        0|      0|     278|     65|
    |jacobi3d_kernel_mux_164_32_1_U673  |jacobi3d_kernel_mux_164_32_1   |        0|      0|     278|     65|
    |jacobi3d_kernel_mux_164_32_1_U674  |jacobi3d_kernel_mux_164_32_1   |        0|      0|     278|     65|
    |jacobi3d_kernel_mux_164_32_1_U675  |jacobi3d_kernel_mux_164_32_1   |        0|      0|     278|     65|
    |jacobi3d_kernel_mux_164_32_1_U676  |jacobi3d_kernel_mux_164_32_1   |        0|      0|     278|     65|
    |jacobi3d_kernel_mux_164_32_1_U677  |jacobi3d_kernel_mux_164_32_1   |        0|      0|     278|     65|
    |jacobi3d_kernel_mux_164_32_1_U678  |jacobi3d_kernel_mux_164_32_1   |        0|      0|     278|     65|
    |jacobi3d_kernel_mux_164_32_1_U679  |jacobi3d_kernel_mux_164_32_1   |        0|      0|     278|     65|
    |jacobi3d_kernel_mux_164_32_1_U680  |jacobi3d_kernel_mux_164_32_1   |        0|      0|     278|     65|
    |jacobi3d_kernel_mux_164_32_1_U681  |jacobi3d_kernel_mux_164_32_1   |        0|      0|     278|     65|
    |jacobi3d_kernel_mux_164_32_1_U682  |jacobi3d_kernel_mux_164_32_1   |        0|      0|     278|     65|
    |jacobi3d_kernel_mux_164_32_1_U683  |jacobi3d_kernel_mux_164_32_1   |        0|      0|     278|     65|
    |grp_load_fu_1502                   |load                           |        0|      0|     750|    784|
    |grp_store_fu_1476                  |store                          |        0|      0|     723|    761|
    +-----------------------------------+-------------------------------+---------+-------+--------+-------+
    |Total                              |                               |       60|   1032|  127362|  93303|
    +-----------------------------------+-------------------------------+---------+-------+--------+-------+

    * DSP48: 
    N/A

    * Memory: 
    +-----------------+-------------------------------+---------+---+----+------+-----+------+-------------+
    |      Memory     |             Module            | BRAM_18K| FF| LUT| Words| Bits| Banks| W*Bits*Banks|
    +-----------------+-------------------------------+---------+---+----+------+-----+------+-------------+
    |FIFO_4799_0_0_U  |jacobi3d_kernel_FIFO_4799_0_0  |       16|  0|   0|  4799|   32|     1|       153568|
    |FIFO_4799_0_1_U  |jacobi3d_kernel_FIFO_4799_0_0  |       16|  0|   0|  4799|   32|     1|       153568|
    |FIFO_4799_0_2_U  |jacobi3d_kernel_FIFO_4799_0_0  |       16|  0|   0|  4799|   32|     1|       153568|
    |FIFO_4800_0_0_U  |jacobi3d_kernel_FIFO_4800_0_0  |       16|  0|   0|  4800|   32|     1|       153600|
    |FIFO_4849_0_0_U  |jacobi3d_kernel_FIFO_4849_0_0  |       16|  0|   0|  4849|   32|     1|       155168|
    |FIFO_4849_0_1_U  |jacobi3d_kernel_FIFO_4849_0_0  |       16|  0|   0|  4849|   32|     1|       155168|
    |FIFO_4849_0_2_U  |jacobi3d_kernel_FIFO_4849_0_0  |       16|  0|   0|  4849|   32|     1|       155168|
    |FIFO_4849_0_3_U  |jacobi3d_kernel_FIFO_4849_0_0  |       16|  0|   0|  4849|   32|     1|       155168|
    |FIFO_4849_0_4_U  |jacobi3d_kernel_FIFO_4849_0_0  |       16|  0|   0|  4849|   32|     1|       155168|
    |FIFO_4849_0_5_U  |jacobi3d_kernel_FIFO_4849_0_0  |       16|  0|   0|  4849|   32|     1|       155168|
    |FIFO_4850_0_0_U  |jacobi3d_kernel_FIFO_4850_0_0  |       16|  0|   0|  4850|   32|     1|       155200|
    |FIFO_4850_0_1_U  |jacobi3d_kernel_FIFO_4850_0_0  |       16|  0|   0|  4850|   32|     1|       155200|
    |FIFO_4899_0_0_U  |jacobi3d_kernel_FIFO_4899_0_0  |       16|  0|   0|  4899|   32|     1|       156768|
    |FIFO_4899_0_1_U  |jacobi3d_kernel_FIFO_4899_0_0  |       16|  0|   0|  4899|   32|     1|       156768|
    |FIFO_4899_0_2_U  |jacobi3d_kernel_FIFO_4899_0_0  |       16|  0|   0|  4899|   32|     1|       156768|
    |FIFO_4899_0_3_U  |jacobi3d_kernel_FIFO_4899_0_0  |       16|  0|   0|  4899|   32|     1|       156768|
    |FIFO_48_0_0_U    |jacobi3d_kernel_FIFO_48_0_0    |        1|  0|   0|    48|   32|     1|         1536|
    |FIFO_48_0_1_U    |jacobi3d_kernel_FIFO_48_0_0    |        1|  0|   0|    48|   32|     1|         1536|
    |FIFO_48_0_2_U    |jacobi3d_kernel_FIFO_48_0_0    |        1|  0|   0|    48|   32|     1|         1536|
    |FIFO_48_0_3_U    |jacobi3d_kernel_FIFO_48_0_0    |        1|  0|   0|    48|   32|     1|         1536|
    |FIFO_48_0_4_U    |jacobi3d_kernel_FIFO_48_0_0    |        1|  0|   0|    48|   32|     1|         1536|
    |FIFO_48_0_5_U    |jacobi3d_kernel_FIFO_48_0_0    |        1|  0|   0|    48|   32|     1|         1536|
    |FIFO_4900_0_0_U  |jacobi3d_kernel_FIFO_4900_0_0  |       16|  0|   0|  4900|   32|     1|       156800|
    |FIFO_4900_0_1_U  |jacobi3d_kernel_FIFO_4900_0_0  |       16|  0|   0|  4900|   32|     1|       156800|
    |FIFO_4900_0_2_U  |jacobi3d_kernel_FIFO_4900_0_0  |       16|  0|   0|  4900|   32|     1|       156800|
    |FIFO_4900_0_3_U  |jacobi3d_kernel_FIFO_4900_0_0  |       16|  0|   0|  4900|   32|     1|       156800|
    |FIFO_4949_0_0_U  |jacobi3d_kernel_FIFO_4949_0_0  |       16|  0|   0|  4949|   32|     1|       158368|
    |FIFO_4949_0_1_U  |jacobi3d_kernel_FIFO_4949_0_0  |       16|  0|   0|  4949|   32|     1|       158368|
    |FIFO_4950_0_0_U  |jacobi3d_kernel_FIFO_4950_0_0  |       16|  0|   0|  4950|   32|     1|       158400|
    |FIFO_4950_0_1_U  |jacobi3d_kernel_FIFO_4950_0_0  |       16|  0|   0|  4950|   32|     1|       158400|
    |FIFO_4950_0_2_U  |jacobi3d_kernel_FIFO_4950_0_0  |       16|  0|   0|  4950|   32|     1|       158400|
    |FIFO_4950_0_3_U  |jacobi3d_kernel_FIFO_4950_0_0  |       16|  0|   0|  4950|   32|     1|       158400|
    |FIFO_4950_0_4_U  |jacobi3d_kernel_FIFO_4950_0_0  |       16|  0|   0|  4950|   32|     1|       158400|
    |FIFO_4950_0_5_U  |jacobi3d_kernel_FIFO_4950_0_0  |       16|  0|   0|  4950|   32|     1|       158400|
    |FIFO_4999_0_0_U  |jacobi3d_kernel_FIFO_4999_0_0  |       16|  0|   0|  4999|   32|     1|       159968|
    |FIFO_49_0_0_U    |jacobi3d_kernel_FIFO_49_0_0    |        1|  0|   0|    49|   32|     1|         1568|
    |FIFO_49_0_1_U    |jacobi3d_kernel_FIFO_49_0_0    |        1|  0|   0|    49|   32|     1|         1568|
    |FIFO_49_0_2_U    |jacobi3d_kernel_FIFO_49_0_0    |        1|  0|   0|    49|   32|     1|         1568|
    |FIFO_49_0_3_U    |jacobi3d_kernel_FIFO_49_0_0    |        1|  0|   0|    49|   32|     1|         1568|
    |FIFO_49_0_4_U    |jacobi3d_kernel_FIFO_49_0_0    |        1|  0|   0|    49|   32|     1|         1568|
    |FIFO_49_0_5_U    |jacobi3d_kernel_FIFO_49_0_0    |        1|  0|   0|    49|   32|     1|         1568|
    |FIFO_49_0_6_U    |jacobi3d_kernel_FIFO_49_0_0    |        1|  0|   0|    49|   32|     1|         1568|
    |FIFO_49_0_7_U    |jacobi3d_kernel_FIFO_49_0_0    |        1|  0|   0|    49|   32|     1|         1568|
    |FIFO_49_0_8_U    |jacobi3d_kernel_FIFO_49_0_0    |        1|  0|   0|    49|   32|     1|         1568|
    |FIFO_49_0_9_U    |jacobi3d_kernel_FIFO_49_0_0    |        1|  0|   0|    49|   32|     1|         1568|
    |FIFO_49_0_10_U   |jacobi3d_kernel_FIFO_49_0_0    |        1|  0|   0|    49|   32|     1|         1568|
    |FIFO_49_0_11_U   |jacobi3d_kernel_FIFO_49_0_0    |        1|  0|   0|    49|   32|     1|         1568|
    |FIFO_49_0_12_U   |jacobi3d_kernel_FIFO_49_0_0    |        1|  0|   0|    49|   32|     1|         1568|
    |FIFO_49_0_13_U   |jacobi3d_kernel_FIFO_49_0_0    |        1|  0|   0|    49|   32|     1|         1568|
    |FIFO_49_0_14_U   |jacobi3d_kernel_FIFO_49_0_0    |        1|  0|   0|    49|   32|     1|         1568|
    |FIFO_49_0_15_U   |jacobi3d_kernel_FIFO_49_0_0    |        1|  0|   0|    49|   32|     1|         1568|
    |FIFO_49_0_16_U   |jacobi3d_kernel_FIFO_49_0_0    |        1|  0|   0|    49|   32|     1|         1568|
    |FIFO_49_0_17_U   |jacobi3d_kernel_FIFO_49_0_0    |        1|  0|   0|    49|   32|     1|         1568|
    |FIFO_49_0_18_U   |jacobi3d_kernel_FIFO_49_0_0    |        1|  0|   0|    49|   32|     1|         1568|
    |FIFO_49_0_19_U   |jacobi3d_kernel_FIFO_49_0_0    |        1|  0|   0|    49|   32|     1|         1568|
    |FIFO_49_0_20_U   |jacobi3d_kernel_FIFO_49_0_0    |        1|  0|   0|    49|   32|     1|         1568|
    |FIFO_49_0_21_U   |jacobi3d_kernel_FIFO_49_0_0    |        1|  0|   0|    49|   32|     1|         1568|
    |FIFO_49_0_22_U   |jacobi3d_kernel_FIFO_49_0_0    |        1|  0|   0|    49|   32|     1|         1568|
    |FIFO_49_0_23_U   |jacobi3d_kernel_FIFO_49_0_0    |        1|  0|   0|    49|   32|     1|         1568|
    |FIFO_49_0_24_U   |jacobi3d_kernel_FIFO_49_0_0    |        1|  0|   0|    49|   32|     1|         1568|
    |FIFO_49_0_25_U   |jacobi3d_kernel_FIFO_49_0_0    |        1|  0|   0|    49|   32|     1|         1568|
    |FIFO_49_0_26_U   |jacobi3d_kernel_FIFO_49_0_0    |        1|  0|   0|    49|   32|     1|         1568|
    |FIFO_49_0_27_U   |jacobi3d_kernel_FIFO_49_0_0    |        1|  0|   0|    49|   32|     1|         1568|
    |FIFO_49_0_28_U   |jacobi3d_kernel_FIFO_49_0_0    |        1|  0|   0|    49|   32|     1|         1568|
    |FIFO_49_0_29_U   |jacobi3d_kernel_FIFO_49_0_0    |        1|  0|   0|    49|   32|     1|         1568|
    |FIFO_49_0_30_U   |jacobi3d_kernel_FIFO_49_0_0    |        1|  0|   0|    49|   32|     1|         1568|
    |FIFO_49_0_31_U   |jacobi3d_kernel_FIFO_49_0_0    |        1|  0|   0|    49|   32|     1|         1568|
    |FIFO_5000_0_0_U  |jacobi3d_kernel_FIFO_5000_0_0  |       16|  0|   0|  5000|   32|     1|       160000|
    |FIFO_5000_0_1_U  |jacobi3d_kernel_FIFO_5000_0_0  |       16|  0|   0|  5000|   32|     1|       160000|
    |FIFO_5000_0_2_U  |jacobi3d_kernel_FIFO_5000_0_0  |       16|  0|   0|  5000|   32|     1|       160000|
    |FIFO_50_0_0_U    |jacobi3d_kernel_FIFO_50_0_0    |        1|  0|   0|    50|   32|     1|         1600|
    |FIFO_50_0_1_U    |jacobi3d_kernel_FIFO_50_0_0    |        1|  0|   0|    50|   32|     1|         1600|
    |FIFO_50_0_2_U    |jacobi3d_kernel_FIFO_50_0_0    |        1|  0|   0|    50|   32|     1|         1600|
    |FIFO_50_0_3_U    |jacobi3d_kernel_FIFO_50_0_0    |        1|  0|   0|    50|   32|     1|         1600|
    |FIFO_50_0_4_U    |jacobi3d_kernel_FIFO_50_0_0    |        1|  0|   0|    50|   32|     1|         1600|
    |FIFO_50_0_5_U    |jacobi3d_kernel_FIFO_50_0_0    |        1|  0|   0|    50|   32|     1|         1600|
    |FIFO_50_0_6_U    |jacobi3d_kernel_FIFO_50_0_0    |        1|  0|   0|    50|   32|     1|         1600|
    |FIFO_50_0_7_U    |jacobi3d_kernel_FIFO_50_0_0    |        1|  0|   0|    50|   32|     1|         1600|
    |FIFO_50_0_8_U    |jacobi3d_kernel_FIFO_50_0_0    |        1|  0|   0|    50|   32|     1|         1600|
    |FIFO_50_0_9_U    |jacobi3d_kernel_FIFO_50_0_0    |        1|  0|   0|    50|   32|     1|         1600|
    |FIFO_50_0_10_U   |jacobi3d_kernel_FIFO_50_0_0    |        1|  0|   0|    50|   32|     1|         1600|
    |FIFO_50_0_11_U   |jacobi3d_kernel_FIFO_50_0_0    |        1|  0|   0|    50|   32|     1|         1600|
    |FIFO_50_0_12_U   |jacobi3d_kernel_FIFO_50_0_0    |        1|  0|   0|    50|   32|     1|         1600|
    |FIFO_50_0_13_U   |jacobi3d_kernel_FIFO_50_0_0    |        1|  0|   0|    50|   32|     1|         1600|
    |FIFO_50_0_14_U   |jacobi3d_kernel_FIFO_50_0_0    |        1|  0|   0|    50|   32|     1|         1600|
    |FIFO_50_0_15_U   |jacobi3d_kernel_FIFO_50_0_0    |        1|  0|   0|    50|   32|     1|         1600|
    |FIFO_50_0_16_U   |jacobi3d_kernel_FIFO_50_0_0    |        1|  0|   0|    50|   32|     1|         1600|
    |FIFO_50_0_17_U   |jacobi3d_kernel_FIFO_50_0_0    |        1|  0|   0|    50|   32|     1|         1600|
    |FIFO_50_0_18_U   |jacobi3d_kernel_FIFO_50_0_0    |        1|  0|   0|    50|   32|     1|         1600|
    |FIFO_50_0_19_U   |jacobi3d_kernel_FIFO_50_0_0    |        1|  0|   0|    50|   32|     1|         1600|
    |FIFO_50_0_20_U   |jacobi3d_kernel_FIFO_50_0_0    |        1|  0|   0|    50|   32|     1|         1600|
    |FIFO_50_0_21_U   |jacobi3d_kernel_FIFO_50_0_0    |        1|  0|   0|    50|   32|     1|         1600|
    |FIFO_50_0_22_U   |jacobi3d_kernel_FIFO_50_0_0    |        1|  0|   0|    50|   32|     1|         1600|
    |FIFO_50_0_23_U   |jacobi3d_kernel_FIFO_50_0_0    |        1|  0|   0|    50|   32|     1|         1600|
    |FIFO_50_0_24_U   |jacobi3d_kernel_FIFO_50_0_0    |        1|  0|   0|    50|   32|     1|         1600|
    |FIFO_50_0_25_U   |jacobi3d_kernel_FIFO_50_0_0    |        1|  0|   0|    50|   32|     1|         1600|
    |input_0_0_0_U    |jacobi3d_kernel_input_0_0_0    |       16|  0|   0|  6252|   32|     1|       200064|
    |input_0_0_1_U    |jacobi3d_kernel_input_0_0_0    |       16|  0|   0|  6252|   32|     1|       200064|
    |input_0_0_2_U    |jacobi3d_kernel_input_0_0_0    |       16|  0|   0|  6252|   32|     1|       200064|
    |input_0_0_3_U    |jacobi3d_kernel_input_0_0_0    |       16|  0|   0|  6252|   32|     1|       200064|
    |input_0_0_4_U    |jacobi3d_kernel_input_0_0_0    |       16|  0|   0|  6252|   32|     1|       200064|
    |input_0_0_5_U    |jacobi3d_kernel_input_0_0_0    |       16|  0|   0|  6252|   32|     1|       200064|
    |input_0_0_6_U    |jacobi3d_kernel_input_0_0_0    |       16|  0|   0|  6252|   32|     1|       200064|
    |input_0_0_7_U    |jacobi3d_kernel_input_0_0_0    |       16|  0|   0|  6252|   32|     1|       200064|
    |input_0_0_8_U    |jacobi3d_kernel_input_0_0_0    |       16|  0|   0|  6252|   32|     1|       200064|
    |input_0_0_9_U    |jacobi3d_kernel_input_0_0_0    |       16|  0|   0|  6252|   32|     1|       200064|
    |input_0_0_10_U   |jacobi3d_kernel_input_0_0_0    |       16|  0|   0|  6252|   32|     1|       200064|
    |input_0_0_11_U   |jacobi3d_kernel_input_0_0_0    |       16|  0|   0|  6252|   32|     1|       200064|
    |input_0_0_12_U   |jacobi3d_kernel_input_0_0_0    |       16|  0|   0|  6252|   32|     1|       200064|
    |input_0_0_13_U   |jacobi3d_kernel_input_0_0_0    |       16|  0|   0|  6252|   32|     1|       200064|
    |input_0_0_14_U   |jacobi3d_kernel_input_0_0_0    |       16|  0|   0|  6252|   32|     1|       200064|
    |input_0_0_15_U   |jacobi3d_kernel_input_0_0_0    |       16|  0|   0|  6252|   32|     1|       200064|
    |input_1_0_0_U    |jacobi3d_kernel_input_0_0_0    |       16|  0|   0|  6252|   32|     1|       200064|
    |input_1_0_1_U    |jacobi3d_kernel_input_0_0_0    |       16|  0|   0|  6252|   32|     1|       200064|
    |input_1_0_2_U    |jacobi3d_kernel_input_0_0_0    |       16|  0|   0|  6252|   32|     1|       200064|
    |input_1_0_3_U    |jacobi3d_kernel_input_0_0_0    |       16|  0|   0|  6252|   32|     1|       200064|
    |input_1_0_4_U    |jacobi3d_kernel_input_0_0_0    |       16|  0|   0|  6252|   32|     1|       200064|
    |input_1_0_5_U    |jacobi3d_kernel_input_0_0_0    |       16|  0|   0|  6252|   32|     1|       200064|
    |input_1_0_6_U    |jacobi3d_kernel_input_0_0_0    |       16|  0|   0|  6252|   32|     1|       200064|
    |input_1_0_7_U    |jacobi3d_kernel_input_0_0_0    |       16|  0|   0|  6252|   32|     1|       200064|
    |input_1_0_8_U    |jacobi3d_kernel_input_0_0_0    |       16|  0|   0|  6252|   32|     1|       200064|
    |input_1_0_9_U    |jacobi3d_kernel_input_0_0_0    |       16|  0|   0|  6252|   32|     1|       200064|
    |input_1_0_10_U   |jacobi3d_kernel_input_0_0_0    |       16|  0|   0|  6252|   32|     1|       200064|
    |input_1_0_11_U   |jacobi3d_kernel_input_0_0_0    |       16|  0|   0|  6252|   32|     1|       200064|
    |input_1_0_12_U   |jacobi3d_kernel_input_0_0_0    |       16|  0|   0|  6252|   32|     1|       200064|
    |input_1_0_13_U   |jacobi3d_kernel_input_0_0_0    |       16|  0|   0|  6252|   32|     1|       200064|
    |input_1_0_14_U   |jacobi3d_kernel_input_0_0_0    |       16|  0|   0|  6252|   32|     1|       200064|
    |input_1_0_15_U   |jacobi3d_kernel_input_0_0_0    |       16|  0|   0|  6252|   32|     1|       200064|
    |output_0_0_0_U   |jacobi3d_kernel_input_0_0_0    |       16|  0|   0|  6252|   32|     1|       200064|
    |output_0_0_1_U   |jacobi3d_kernel_input_0_0_0    |       16|  0|   0|  6252|   32|     1|       200064|
    |output_0_0_2_U   |jacobi3d_kernel_input_0_0_0    |       16|  0|   0|  6252|   32|     1|       200064|
    |output_0_0_3_U   |jacobi3d_kernel_input_0_0_0    |       16|  0|   0|  6252|   32|     1|       200064|
    |output_0_0_4_U   |jacobi3d_kernel_input_0_0_0    |       16|  0|   0|  6252|   32|     1|       200064|
    |output_0_0_5_U   |jacobi3d_kernel_input_0_0_0    |       16|  0|   0|  6252|   32|     1|       200064|
    |output_0_0_6_U   |jacobi3d_kernel_input_0_0_0    |       16|  0|   0|  6252|   32|     1|       200064|
    |output_0_0_7_U   |jacobi3d_kernel_input_0_0_0    |       16|  0|   0|  6252|   32|     1|       200064|
    |output_0_0_8_U   |jacobi3d_kernel_input_0_0_0    |       16|  0|   0|  6252|   32|     1|       200064|
    |output_0_0_9_U   |jacobi3d_kernel_input_0_0_0    |       16|  0|   0|  6252|   32|     1|       200064|
    |output_0_0_10_U  |jacobi3d_kernel_input_0_0_0    |       16|  0|   0|  6252|   32|     1|       200064|
    |output_0_0_11_U  |jacobi3d_kernel_input_0_0_0    |       16|  0|   0|  6252|   32|     1|       200064|
    |output_0_0_12_U  |jacobi3d_kernel_input_0_0_0    |       16|  0|   0|  6252|   32|     1|       200064|
    |output_0_0_13_U  |jacobi3d_kernel_input_0_0_0    |       16|  0|   0|  6252|   32|     1|       200064|
    |output_0_0_14_U  |jacobi3d_kernel_input_0_0_0    |       16|  0|   0|  6252|   32|     1|       200064|
    |output_0_0_15_U  |jacobi3d_kernel_input_0_0_0    |       16|  0|   0|  6252|   32|     1|       200064|
    |output_1_0_0_U   |jacobi3d_kernel_input_0_0_0    |       16|  0|   0|  6252|   32|     1|       200064|
    |output_1_0_1_U   |jacobi3d_kernel_input_0_0_0    |       16|  0|   0|  6252|   32|     1|       200064|
    |output_1_0_2_U   |jacobi3d_kernel_input_0_0_0    |       16|  0|   0|  6252|   32|     1|       200064|
    |output_1_0_3_U   |jacobi3d_kernel_input_0_0_0    |       16|  0|   0|  6252|   32|     1|       200064|
    |output_1_0_4_U   |jacobi3d_kernel_input_0_0_0    |       16|  0|   0|  6252|   32|     1|       200064|
    |output_1_0_5_U   |jacobi3d_kernel_input_0_0_0    |       16|  0|   0|  6252|   32|     1|       200064|
    |output_1_0_6_U   |jacobi3d_kernel_input_0_0_0    |       16|  0|   0|  6252|   32|     1|       200064|
    |output_1_0_7_U   |jacobi3d_kernel_input_0_0_0    |       16|  0|   0|  6252|   32|     1|       200064|
    |output_1_0_8_U   |jacobi3d_kernel_input_0_0_0    |       16|  0|   0|  6252|   32|     1|       200064|
    |output_1_0_9_U   |jacobi3d_kernel_input_0_0_0    |       16|  0|   0|  6252|   32|     1|       200064|
    |output_1_0_10_U  |jacobi3d_kernel_input_0_0_0    |       16|  0|   0|  6252|   32|     1|       200064|
    |output_1_0_11_U  |jacobi3d_kernel_input_0_0_0    |       16|  0|   0|  6252|   32|     1|       200064|
    |output_1_0_12_U  |jacobi3d_kernel_input_0_0_0    |       16|  0|   0|  6252|   32|     1|       200064|
    |output_1_0_13_U  |jacobi3d_kernel_input_0_0_0    |       16|  0|   0|  6252|   32|     1|       200064|
    |output_1_0_14_U  |jacobi3d_kernel_input_0_0_0    |       16|  0|   0|  6252|   32|     1|       200064|
    |output_1_0_15_U  |jacobi3d_kernel_input_0_0_0    |       16|  0|   0|  6252|   32|     1|       200064|
    +-----------------+-------------------------------+---------+---+----+------+-----+------+-------------+
    |Total            |                               |     1600|  0|   0|560068| 5120|   160|     17922176|
    +-----------------+-------------------------------+---------+---+----+------+-----+------+-------------+

    * FIFO: 
    N/A

    * Expression: 
    +-----------------------------------+----------+-------+---+----+------------+------------+
    |           Variable Name           | Operation| DSP48E| FF| LUT| Bitwidth P0| Bitwidth P1|
    +-----------------------------------+----------+-------+---+----+------------+------------+
    |burst_index_in_total_1_fu_2528_p2  |     +    |      0|  0|  38|           1|          31|
    |burst_index_load_1_fu_2647_p2      |     +    |      0|  0|  39|          32|           1|
    |burst_index_store_1_fu_2677_p2     |     +    |      0|  0|  39|          32|           1|
    |indvarinc_fu_1812_p2               |     +    |      0|  0|  13|           4|           1|
    |p_01_idx2_01_idx1_fu_2713_p2       |     +    |      0|  0|  71|          64|          64|
    |p_0_idx2_0_idx1_fu_2732_p2         |     +    |      0|  0|  71|          64|          64|
    |tmp_8_fu_2383_p2                   |     +    |      0|  0|  39|          32|           2|
    |tmp_9_fu_2388_p2                   |     +    |      0|  0|  39|          32|           1|
    |p_sum4_fu_2393_p2                  |     -    |      0|  0|  71|          13|          64|
    |p_sum_fu_2398_p2                   |     -    |      0|  0|  71|          13|          64|
    |compute_flag_fu_2550_p2            |    and   |      0|  0|   8|           1|           1|
    |load_flag_fu_2534_p2               |   icmp   |      0|  0|  18|          32|          32|
    |store_flag_fu_2566_p2              |   icmp   |      0|  0|  18|          30|           1|
    |tmp_1_fu_2523_p2                   |   icmp   |      0|  0|  18|          32|          32|
    |tmp_2_fu_2539_p2                   |   icmp   |      0|  0|  18|          31|           1|
    |tmp_3_fu_2545_p2                   |   icmp   |      0|  0|  18|          32|          32|
    |tmp_5_fu_2687_p2                   |   icmp   |      0|  0|  29|          64|          64|
    |tmp_7_fu_2657_p2                   |   icmp   |      0|  0|  29|          64|          64|
    |tmp_s_fu_2312_p2                   |   icmp   |      0|  0|   9|           4|           4|
    |ap_block_state6_on_subcall_done    |    or    |      0|  0|   8|           1|           1|
    |burst_index_load_2_fu_2670_p3      |  select  |      0|  0|  32|           1|          32|
    |burst_index_store_2_fu_2700_p3     |  select  |      0|  0|  32|           1|          32|
    |p_01_idx2_01_idx1_v_fu_2707_p3     |  select  |      0|  0|  64|           1|          64|
    |p_0_idx2_0_idx1_v_fu_2726_p3       |  select  |      0|  0|  64|           1|          64|
    |p_23_idx_fu_2719_p3                |  select  |      0|  0|  64|           1|          64|
    |p_2_idx_fu_2738_p3                 |  select  |      0|  0|  64|           1|          64|
    |p_burst_index_load_1_fu_2662_p3    |  select  |      0|  0|  32|           1|           1|
    |p_burst_index_store_1_fu_2692_p3   |  select  |      0|  0|  32|           1|           1|
    +-----------------------------------+----------+-------+---+----+------------+------------+
    |Total                              |          |      0|  0|1048|         586|         847|
    +-----------------------------------+----------+-------+---+----+------------+------------+

    * Multiplexer: 
    +---------------------------------+----+-----------+-----+-----------+
    |               Name              | LUT| Input Size| Bits| Total Bits|
    +---------------------------------+----+-----------+-----+-----------+
    |FIFO_4799_0_0_ce0                |   9|          2|    1|          2|
    |FIFO_4799_0_0_ce1                |   9|          2|    1|          2|
    |FIFO_4799_0_0_we1                |   9|          2|    1|          2|
    |FIFO_4799_0_1_ce0                |   9|          2|    1|          2|
    |FIFO_4799_0_1_ce1                |   9|          2|    1|          2|
    |FIFO_4799_0_1_we1                |   9|          2|    1|          2|
    |FIFO_4799_0_2_ce0                |   9|          2|    1|          2|
    |FIFO_4799_0_2_ce1                |   9|          2|    1|          2|
    |FIFO_4799_0_2_we1                |   9|          2|    1|          2|
    |FIFO_4800_0_0_ce0                |   9|          2|    1|          2|
    |FIFO_4800_0_0_ce1                |   9|          2|    1|          2|
    |FIFO_4800_0_0_we1                |   9|          2|    1|          2|
    |FIFO_4849_0_0_ce0                |   9|          2|    1|          2|
    |FIFO_4849_0_0_ce1                |   9|          2|    1|          2|
    |FIFO_4849_0_0_we1                |   9|          2|    1|          2|
    |FIFO_4849_0_1_ce0                |   9|          2|    1|          2|
    |FIFO_4849_0_1_ce1                |   9|          2|    1|          2|
    |FIFO_4849_0_1_we1                |   9|          2|    1|          2|
    |FIFO_4849_0_2_ce0                |   9|          2|    1|          2|
    |FIFO_4849_0_2_ce1                |   9|          2|    1|          2|
    |FIFO_4849_0_2_we1                |   9|          2|    1|          2|
    |FIFO_4849_0_3_ce0                |   9|          2|    1|          2|
    |FIFO_4849_0_3_ce1                |   9|          2|    1|          2|
    |FIFO_4849_0_3_we1                |   9|          2|    1|          2|
    |FIFO_4849_0_4_ce0                |   9|          2|    1|          2|
    |FIFO_4849_0_4_ce1                |   9|          2|    1|          2|
    |FIFO_4849_0_4_we1                |   9|          2|    1|          2|
    |FIFO_4849_0_5_ce0                |   9|          2|    1|          2|
    |FIFO_4849_0_5_ce1                |   9|          2|    1|          2|
    |FIFO_4849_0_5_we1                |   9|          2|    1|          2|
    |FIFO_4850_0_0_ce0                |   9|          2|    1|          2|
    |FIFO_4850_0_0_ce1                |   9|          2|    1|          2|
    |FIFO_4850_0_0_we1                |   9|          2|    1|          2|
    |FIFO_4850_0_1_ce0                |   9|          2|    1|          2|
    |FIFO_4850_0_1_ce1                |   9|          2|    1|          2|
    |FIFO_4850_0_1_we1                |   9|          2|    1|          2|
    |FIFO_4899_0_0_ce0                |   9|          2|    1|          2|
    |FIFO_4899_0_0_ce1                |   9|          2|    1|          2|
    |FIFO_4899_0_0_we1                |   9|          2|    1|          2|
    |FIFO_4899_0_1_ce0                |   9|          2|    1|          2|
    |FIFO_4899_0_1_ce1                |   9|          2|    1|          2|
    |FIFO_4899_0_1_we1                |   9|          2|    1|          2|
    |FIFO_4899_0_2_ce0                |   9|          2|    1|          2|
    |FIFO_4899_0_2_ce1                |   9|          2|    1|          2|
    |FIFO_4899_0_2_we1                |   9|          2|    1|          2|
    |FIFO_4899_0_3_ce0                |   9|          2|    1|          2|
    |FIFO_4899_0_3_ce1                |   9|          2|    1|          2|
    |FIFO_4899_0_3_we1                |   9|          2|    1|          2|
    |FIFO_48_0_0_ce0                  |   9|          2|    1|          2|
    |FIFO_48_0_0_ce1                  |   9|          2|    1|          2|
    |FIFO_48_0_0_we1                  |   9|          2|    1|          2|
    |FIFO_48_0_1_ce0                  |   9|          2|    1|          2|
    |FIFO_48_0_1_ce1                  |   9|          2|    1|          2|
    |FIFO_48_0_1_we1                  |   9|          2|    1|          2|
    |FIFO_48_0_2_ce0                  |   9|          2|    1|          2|
    |FIFO_48_0_2_ce1                  |   9|          2|    1|          2|
    |FIFO_48_0_2_we1                  |   9|          2|    1|          2|
    |FIFO_48_0_3_ce0                  |   9|          2|    1|          2|
    |FIFO_48_0_3_ce1                  |   9|          2|    1|          2|
    |FIFO_48_0_3_we1                  |   9|          2|    1|          2|
    |FIFO_48_0_4_ce0                  |   9|          2|    1|          2|
    |FIFO_48_0_4_ce1                  |   9|          2|    1|          2|
    |FIFO_48_0_4_we1                  |   9|          2|    1|          2|
    |FIFO_48_0_5_ce0                  |   9|          2|    1|          2|
    |FIFO_48_0_5_ce1                  |   9|          2|    1|          2|
    |FIFO_48_0_5_we1                  |   9|          2|    1|          2|
    |FIFO_4900_0_0_ce0                |   9|          2|    1|          2|
    |FIFO_4900_0_0_ce1                |   9|          2|    1|          2|
    |FIFO_4900_0_0_we1                |   9|          2|    1|          2|
    |FIFO_4900_0_1_ce0                |   9|          2|    1|          2|
    |FIFO_4900_0_1_ce1                |   9|          2|    1|          2|
    |FIFO_4900_0_1_we1                |   9|          2|    1|          2|
    |FIFO_4900_0_2_ce0                |   9|          2|    1|          2|
    |FIFO_4900_0_2_ce1                |   9|          2|    1|          2|
    |FIFO_4900_0_2_we1                |   9|          2|    1|          2|
    |FIFO_4900_0_3_ce0                |   9|          2|    1|          2|
    |FIFO_4900_0_3_ce1                |   9|          2|    1|          2|
    |FIFO_4900_0_3_we1                |   9|          2|    1|          2|
    |FIFO_4949_0_0_ce0                |   9|          2|    1|          2|
    |FIFO_4949_0_0_ce1                |   9|          2|    1|          2|
    |FIFO_4949_0_0_we1                |   9|          2|    1|          2|
    |FIFO_4949_0_1_ce0                |   9|          2|    1|          2|
    |FIFO_4949_0_1_ce1                |   9|          2|    1|          2|
    |FIFO_4949_0_1_we1                |   9|          2|    1|          2|
    |FIFO_4950_0_0_ce0                |   9|          2|    1|          2|
    |FIFO_4950_0_0_ce1                |   9|          2|    1|          2|
    |FIFO_4950_0_0_we1                |   9|          2|    1|          2|
    |FIFO_4950_0_1_ce0                |   9|          2|    1|          2|
    |FIFO_4950_0_1_ce1                |   9|          2|    1|          2|
    |FIFO_4950_0_1_we1                |   9|          2|    1|          2|
    |FIFO_4950_0_2_ce0                |   9|          2|    1|          2|
    |FIFO_4950_0_2_ce1                |   9|          2|    1|          2|
    |FIFO_4950_0_2_we1                |   9|          2|    1|          2|
    |FIFO_4950_0_3_ce0                |   9|          2|    1|          2|
    |FIFO_4950_0_3_ce1                |   9|          2|    1|          2|
    |FIFO_4950_0_3_we1                |   9|          2|    1|          2|
    |FIFO_4950_0_4_ce0                |   9|          2|    1|          2|
    |FIFO_4950_0_4_ce1                |   9|          2|    1|          2|
    |FIFO_4950_0_4_we1                |   9|          2|    1|          2|
    |FIFO_4950_0_5_ce0                |   9|          2|    1|          2|
    |FIFO_4950_0_5_ce1                |   9|          2|    1|          2|
    |FIFO_4950_0_5_we1                |   9|          2|    1|          2|
    |FIFO_4999_0_0_ce0                |   9|          2|    1|          2|
    |FIFO_4999_0_0_ce1                |   9|          2|    1|          2|
    |FIFO_4999_0_0_we1                |   9|          2|    1|          2|
    |FIFO_49_0_0_ce0                  |   9|          2|    1|          2|
    |FIFO_49_0_0_ce1                  |   9|          2|    1|          2|
    |FIFO_49_0_0_we1                  |   9|          2|    1|          2|
    |FIFO_49_0_10_ce0                 |   9|          2|    1|          2|
    |FIFO_49_0_10_ce1                 |   9|          2|    1|          2|
    |FIFO_49_0_10_we1                 |   9|          2|    1|          2|
    |FIFO_49_0_11_ce0                 |   9|          2|    1|          2|
    |FIFO_49_0_11_ce1                 |   9|          2|    1|          2|
    |FIFO_49_0_11_we1                 |   9|          2|    1|          2|
    |FIFO_49_0_12_ce0                 |   9|          2|    1|          2|
    |FIFO_49_0_12_ce1                 |   9|          2|    1|          2|
    |FIFO_49_0_12_we1                 |   9|          2|    1|          2|
    |FIFO_49_0_13_ce0                 |   9|          2|    1|          2|
    |FIFO_49_0_13_ce1                 |   9|          2|    1|          2|
    |FIFO_49_0_13_we1                 |   9|          2|    1|          2|
    |FIFO_49_0_14_ce0                 |   9|          2|    1|          2|
    |FIFO_49_0_14_ce1                 |   9|          2|    1|          2|
    |FIFO_49_0_14_we1                 |   9|          2|    1|          2|
    |FIFO_49_0_15_ce0                 |   9|          2|    1|          2|
    |FIFO_49_0_15_ce1                 |   9|          2|    1|          2|
    |FIFO_49_0_15_we1                 |   9|          2|    1|          2|
    |FIFO_49_0_16_ce0                 |   9|          2|    1|          2|
    |FIFO_49_0_16_ce1                 |   9|          2|    1|          2|
    |FIFO_49_0_16_we1                 |   9|          2|    1|          2|
    |FIFO_49_0_17_ce0                 |   9|          2|    1|          2|
    |FIFO_49_0_17_ce1                 |   9|          2|    1|          2|
    |FIFO_49_0_17_we1                 |   9|          2|    1|          2|
    |FIFO_49_0_18_ce0                 |   9|          2|    1|          2|
    |FIFO_49_0_18_ce1                 |   9|          2|    1|          2|
    |FIFO_49_0_18_we1                 |   9|          2|    1|          2|
    |FIFO_49_0_19_ce0                 |   9|          2|    1|          2|
    |FIFO_49_0_19_ce1                 |   9|          2|    1|          2|
    |FIFO_49_0_19_we1                 |   9|          2|    1|          2|
    |FIFO_49_0_1_ce0                  |   9|          2|    1|          2|
    |FIFO_49_0_1_ce1                  |   9|          2|    1|          2|
    |FIFO_49_0_1_we1                  |   9|          2|    1|          2|
    |FIFO_49_0_20_ce0                 |   9|          2|    1|          2|
    |FIFO_49_0_20_ce1                 |   9|          2|    1|          2|
    |FIFO_49_0_20_we1                 |   9|          2|    1|          2|
    |FIFO_49_0_21_ce0                 |   9|          2|    1|          2|
    |FIFO_49_0_21_ce1                 |   9|          2|    1|          2|
    |FIFO_49_0_21_we1                 |   9|          2|    1|          2|
    |FIFO_49_0_22_ce0                 |   9|          2|    1|          2|
    |FIFO_49_0_22_ce1                 |   9|          2|    1|          2|
    |FIFO_49_0_22_we1                 |   9|          2|    1|          2|
    |FIFO_49_0_23_ce0                 |   9|          2|    1|          2|
    |FIFO_49_0_23_ce1                 |   9|          2|    1|          2|
    |FIFO_49_0_23_we1                 |   9|          2|    1|          2|
    |FIFO_49_0_24_ce0                 |   9|          2|    1|          2|
    |FIFO_49_0_24_ce1                 |   9|          2|    1|          2|
    |FIFO_49_0_24_we1                 |   9|          2|    1|          2|
    |FIFO_49_0_25_ce0                 |   9|          2|    1|          2|
    |FIFO_49_0_25_ce1                 |   9|          2|    1|          2|
    |FIFO_49_0_25_we1                 |   9|          2|    1|          2|
    |FIFO_49_0_26_ce0                 |   9|          2|    1|          2|
    |FIFO_49_0_26_ce1                 |   9|          2|    1|          2|
    |FIFO_49_0_26_we1                 |   9|          2|    1|          2|
    |FIFO_49_0_27_ce0                 |   9|          2|    1|          2|
    |FIFO_49_0_27_ce1                 |   9|          2|    1|          2|
    |FIFO_49_0_27_we1                 |   9|          2|    1|          2|
    |FIFO_49_0_28_ce0                 |   9|          2|    1|          2|
    |FIFO_49_0_28_ce1                 |   9|          2|    1|          2|
    |FIFO_49_0_28_we1                 |   9|          2|    1|          2|
    |FIFO_49_0_29_ce0                 |   9|          2|    1|          2|
    |FIFO_49_0_29_ce1                 |   9|          2|    1|          2|
    |FIFO_49_0_29_we1                 |   9|          2|    1|          2|
    |FIFO_49_0_2_ce0                  |   9|          2|    1|          2|
    |FIFO_49_0_2_ce1                  |   9|          2|    1|          2|
    |FIFO_49_0_2_we1                  |   9|          2|    1|          2|
    |FIFO_49_0_30_ce0                 |   9|          2|    1|          2|
    |FIFO_49_0_30_ce1                 |   9|          2|    1|          2|
    |FIFO_49_0_30_we1                 |   9|          2|    1|          2|
    |FIFO_49_0_31_ce0                 |   9|          2|    1|          2|
    |FIFO_49_0_31_ce1                 |   9|          2|    1|          2|
    |FIFO_49_0_31_we1                 |   9|          2|    1|          2|
    |FIFO_49_0_3_ce0                  |   9|          2|    1|          2|
    |FIFO_49_0_3_ce1                  |   9|          2|    1|          2|
    |FIFO_49_0_3_we1                  |   9|          2|    1|          2|
    |FIFO_49_0_4_ce0                  |   9|          2|    1|          2|
    |FIFO_49_0_4_ce1                  |   9|          2|    1|          2|
    |FIFO_49_0_4_we1                  |   9|          2|    1|          2|
    |FIFO_49_0_5_ce0                  |   9|          2|    1|          2|
    |FIFO_49_0_5_ce1                  |   9|          2|    1|          2|
    |FIFO_49_0_5_we1                  |   9|          2|    1|          2|
    |FIFO_49_0_6_ce0                  |   9|          2|    1|          2|
    |FIFO_49_0_6_ce1                  |   9|          2|    1|          2|
    |FIFO_49_0_6_we1                  |   9|          2|    1|          2|
    |FIFO_49_0_7_ce0                  |   9|          2|    1|          2|
    |FIFO_49_0_7_ce1                  |   9|          2|    1|          2|
    |FIFO_49_0_7_we1                  |   9|          2|    1|          2|
    |FIFO_49_0_8_ce0                  |   9|          2|    1|          2|
    |FIFO_49_0_8_ce1                  |   9|          2|    1|          2|
    |FIFO_49_0_8_we1                  |   9|          2|    1|          2|
    |FIFO_49_0_9_ce0                  |   9|          2|    1|          2|
    |FIFO_49_0_9_ce1                  |   9|          2|    1|          2|
    |FIFO_49_0_9_we1                  |   9|          2|    1|          2|
    |FIFO_5000_0_0_ce0                |   9|          2|    1|          2|
    |FIFO_5000_0_0_ce1                |   9|          2|    1|          2|
    |FIFO_5000_0_0_we1                |   9|          2|    1|          2|
    |FIFO_5000_0_1_ce0                |   9|          2|    1|          2|
    |FIFO_5000_0_1_ce1                |   9|          2|    1|          2|
    |FIFO_5000_0_1_we1                |   9|          2|    1|          2|
    |FIFO_5000_0_2_ce0                |   9|          2|    1|          2|
    |FIFO_5000_0_2_ce1                |   9|          2|    1|          2|
    |FIFO_5000_0_2_we1                |   9|          2|    1|          2|
    |FIFO_50_0_0_ce0                  |   9|          2|    1|          2|
    |FIFO_50_0_0_ce1                  |   9|          2|    1|          2|
    |FIFO_50_0_0_we1                  |   9|          2|    1|          2|
    |FIFO_50_0_10_ce0                 |   9|          2|    1|          2|
    |FIFO_50_0_10_ce1                 |   9|          2|    1|          2|
    |FIFO_50_0_10_we1                 |   9|          2|    1|          2|
    |FIFO_50_0_11_ce0                 |   9|          2|    1|          2|
    |FIFO_50_0_11_ce1                 |   9|          2|    1|          2|
    |FIFO_50_0_11_we1                 |   9|          2|    1|          2|
    |FIFO_50_0_12_ce0                 |   9|          2|    1|          2|
    |FIFO_50_0_12_ce1                 |   9|          2|    1|          2|
    |FIFO_50_0_12_we1                 |   9|          2|    1|          2|
    |FIFO_50_0_13_ce0                 |   9|          2|    1|          2|
    |FIFO_50_0_13_ce1                 |   9|          2|    1|          2|
    |FIFO_50_0_13_we1                 |   9|          2|    1|          2|
    |FIFO_50_0_14_ce0                 |   9|          2|    1|          2|
    |FIFO_50_0_14_ce1                 |   9|          2|    1|          2|
    |FIFO_50_0_14_we1                 |   9|          2|    1|          2|
    |FIFO_50_0_15_ce0                 |   9|          2|    1|          2|
    |FIFO_50_0_15_ce1                 |   9|          2|    1|          2|
    |FIFO_50_0_15_we1                 |   9|          2|    1|          2|
    |FIFO_50_0_16_ce0                 |   9|          2|    1|          2|
    |FIFO_50_0_16_ce1                 |   9|          2|    1|          2|
    |FIFO_50_0_16_we1                 |   9|          2|    1|          2|
    |FIFO_50_0_17_ce0                 |   9|          2|    1|          2|
    |FIFO_50_0_17_ce1                 |   9|          2|    1|          2|
    |FIFO_50_0_17_we1                 |   9|          2|    1|          2|
    |FIFO_50_0_18_ce0                 |   9|          2|    1|          2|
    |FIFO_50_0_18_ce1                 |   9|          2|    1|          2|
    |FIFO_50_0_18_we1                 |   9|          2|    1|          2|
    |FIFO_50_0_19_ce0                 |   9|          2|    1|          2|
    |FIFO_50_0_19_ce1                 |   9|          2|    1|          2|
    |FIFO_50_0_19_we1                 |   9|          2|    1|          2|
    |FIFO_50_0_1_ce0                  |   9|          2|    1|          2|
    |FIFO_50_0_1_ce1                  |   9|          2|    1|          2|
    |FIFO_50_0_1_we1                  |   9|          2|    1|          2|
    |FIFO_50_0_20_ce0                 |   9|          2|    1|          2|
    |FIFO_50_0_20_ce1                 |   9|          2|    1|          2|
    |FIFO_50_0_20_we1                 |   9|          2|    1|          2|
    |FIFO_50_0_21_ce0                 |   9|          2|    1|          2|
    |FIFO_50_0_21_ce1                 |   9|          2|    1|          2|
    |FIFO_50_0_21_we1                 |   9|          2|    1|          2|
    |FIFO_50_0_22_ce0                 |   9|          2|    1|          2|
    |FIFO_50_0_22_ce1                 |   9|          2|    1|          2|
    |FIFO_50_0_22_we1                 |   9|          2|    1|          2|
    |FIFO_50_0_23_ce0                 |   9|          2|    1|          2|
    |FIFO_50_0_23_ce1                 |   9|          2|    1|          2|
    |FIFO_50_0_23_we1                 |   9|          2|    1|          2|
    |FIFO_50_0_24_ce0                 |   9|          2|    1|          2|
    |FIFO_50_0_24_ce1                 |   9|          2|    1|          2|
    |FIFO_50_0_24_we1                 |   9|          2|    1|          2|
    |FIFO_50_0_25_ce0                 |   9|          2|    1|          2|
    |FIFO_50_0_25_ce1                 |   9|          2|    1|          2|
    |FIFO_50_0_25_we1                 |   9|          2|    1|          2|
    |FIFO_50_0_2_ce0                  |   9|          2|    1|          2|
    |FIFO_50_0_2_ce1                  |   9|          2|    1|          2|
    |FIFO_50_0_2_we1                  |   9|          2|    1|          2|
    |FIFO_50_0_3_ce0                  |   9|          2|    1|          2|
    |FIFO_50_0_3_ce1                  |   9|          2|    1|          2|
    |FIFO_50_0_3_we1                  |   9|          2|    1|          2|
    |FIFO_50_0_4_ce0                  |   9|          2|    1|          2|
    |FIFO_50_0_4_ce1                  |   9|          2|    1|          2|
    |FIFO_50_0_4_we1                  |   9|          2|    1|          2|
    |FIFO_50_0_5_ce0                  |   9|          2|    1|          2|
    |FIFO_50_0_5_ce1                  |   9|          2|    1|          2|
    |FIFO_50_0_5_we1                  |   9|          2|    1|          2|
    |FIFO_50_0_6_ce0                  |   9|          2|    1|          2|
    |FIFO_50_0_6_ce1                  |   9|          2|    1|          2|
    |FIFO_50_0_6_we1                  |   9|          2|    1|          2|
    |FIFO_50_0_7_ce0                  |   9|          2|    1|          2|
    |FIFO_50_0_7_ce1                  |   9|          2|    1|          2|
    |FIFO_50_0_7_we1                  |   9|          2|    1|          2|
    |FIFO_50_0_8_ce0                  |   9|          2|    1|          2|
    |FIFO_50_0_8_ce1                  |   9|          2|    1|          2|
    |FIFO_50_0_8_we1                  |   9|          2|    1|          2|
    |FIFO_50_0_9_ce0                  |   9|          2|    1|          2|
    |FIFO_50_0_9_ce1                  |   9|          2|    1|          2|
    |FIFO_50_0_9_we1                  |   9|          2|    1|          2|
    |FIFO_ptrs_0_2_fu_1052            |   9|          2|   32|         64|
    |FIFO_ptrs_10_2_fu_1092           |   9|          2|   32|         64|
    |FIFO_ptrs_11_2_fu_1096           |   9|          2|   32|         64|
    |FIFO_ptrs_12_2_fu_1100           |   9|          2|   32|         64|
    |FIFO_ptrs_1_2_fu_1056            |   9|          2|   32|         64|
    |FIFO_ptrs_2_2_fu_1060            |   9|          2|   32|         64|
    |FIFO_ptrs_3_2_fu_1064            |   9|          2|   32|         64|
    |FIFO_ptrs_4_2_fu_1068            |   9|          2|   32|         64|
    |FIFO_ptrs_5_2_fu_1072            |   9|          2|   32|         64|
    |FIFO_ptrs_6_2_fu_1076            |   9|          2|   32|         64|
    |FIFO_ptrs_7_2_fu_1080            |   9|          2|   32|         64|
    |FIFO_ptrs_8_2_fu_1084            |   9|          2|   32|         64|
    |FIFO_ptrs_9_2_fu_1088            |   9|          2|   32|         64|
    |ap_NS_fsm                        |  44|          9|    1|          9|
    |burst_index_in_total_reg_1223    |   9|          2|   31|         62|
    |burst_index_load_reg_1199        |   9|          2|   32|         64|
    |burst_index_store_reg_1211       |   9|          2|   32|         64|
    |gmem1_AWVALID                    |   9|          2|    1|          2|
    |gmem1_BREADY                     |   9|          2|    1|          2|
    |gmem1_WVALID                     |   9|          2|    1|          2|
    |gmem2_ARVALID                    |   9|          2|    1|          2|
    |gmem2_RREADY                     |   9|          2|    1|          2|
    |grp_compute_fu_1258_input_0_q0   |  15|          3|   32|         96|
    |grp_compute_fu_1258_input_10_q0  |  15|          3|   32|         96|
    |grp_compute_fu_1258_input_11_q0  |  15|          3|   32|         96|
    |grp_compute_fu_1258_input_12_q0  |  15|          3|   32|         96|
    |grp_compute_fu_1258_input_13_q0  |  15|          3|   32|         96|
    |grp_compute_fu_1258_input_14_q0  |  15|          3|   32|         96|
    |grp_compute_fu_1258_input_15_q0  |  15|          3|   32|         96|
    |grp_compute_fu_1258_input_1_q0   |  15|          3|   32|         96|
    |grp_compute_fu_1258_input_2_q0   |  15|          3|   32|         96|
    |grp_compute_fu_1258_input_3_q0   |  15|          3|   32|         96|
    |grp_compute_fu_1258_input_4_q0   |  15|          3|   32|         96|
    |grp_compute_fu_1258_input_5_q0   |  15|          3|   32|         96|
    |grp_compute_fu_1258_input_6_q0   |  15|          3|   32|         96|
    |grp_compute_fu_1258_input_7_q0   |  15|          3|   32|         96|
    |grp_compute_fu_1258_input_8_q0   |  15|          3|   32|         96|
    |grp_compute_fu_1258_input_9_q0   |  15|          3|   32|         96|
    |grp_store_fu_1476_from_0_q0      |  15|          3|   32|         96|
    |grp_store_fu_1476_from_10_q0     |  15|          3|   32|         96|
    |grp_store_fu_1476_from_11_q0     |  15|          3|   32|         96|
    |grp_store_fu_1476_from_12_q0     |  15|          3|   32|         96|
    |grp_store_fu_1476_from_13_q0     |  15|          3|   32|         96|
    |grp_store_fu_1476_from_14_q0     |  15|          3|   32|         96|
    |grp_store_fu_1476_from_15_q0     |  15|          3|   32|         96|
    |grp_store_fu_1476_from_1_q0      |  15|          3|   32|         96|
    |grp_store_fu_1476_from_2_q0      |  15|          3|   32|         96|
    |grp_store_fu_1476_from_3_q0      |  15|          3|   32|         96|
    |grp_store_fu_1476_from_4_q0      |  15|          3|   32|         96|
    |grp_store_fu_1476_from_5_q0      |  15|          3|   32|         96|
    |grp_store_fu_1476_from_6_q0      |  15|          3|   32|         96|
    |grp_store_fu_1476_from_7_q0      |  15|          3|   32|         96|
    |grp_store_fu_1476_from_8_q0      |  15|          3|   32|         96|
    |grp_store_fu_1476_from_9_q0      |  15|          3|   32|         96|
    |i_base_0_2_fu_1104               |   9|          2|   32|         64|
    |i_base_1_2_fu_1108               |   9|          2|   32|         64|
    |i_base_2_2_fu_1112               |   9|          2|   32|         64|
    |i_base_3_2_fu_1116               |   9|          2|   32|         64|
    |input_0_0_0_address0             |  15|          3|   13|         39|
    |input_0_0_0_ce0                  |  15|          3|    1|          3|
    |input_0_0_0_we0                  |   9|          2|    1|          2|
    |input_0_0_10_address0            |  15|          3|   13|         39|
    |input_0_0_10_ce0                 |  15|          3|    1|          3|
    |input_0_0_10_we0                 |   9|          2|    1|          2|
    |input_0_0_11_address0            |  15|          3|   13|         39|
    |input_0_0_11_ce0                 |  15|          3|    1|          3|
    |input_0_0_11_we0                 |   9|          2|    1|          2|
    |input_0_0_12_address0            |  15|          3|   13|         39|
    |input_0_0_12_ce0                 |  15|          3|    1|          3|
    |input_0_0_12_we0                 |   9|          2|    1|          2|
    |input_0_0_13_address0            |  15|          3|   13|         39|
    |input_0_0_13_ce0                 |  15|          3|    1|          3|
    |input_0_0_13_we0                 |   9|          2|    1|          2|
    |input_0_0_14_address0            |  15|          3|   13|         39|
    |input_0_0_14_ce0                 |  15|          3|    1|          3|
    |input_0_0_14_we0                 |   9|          2|    1|          2|
    |input_0_0_15_address0            |  15|          3|   13|         39|
    |input_0_0_15_ce0                 |  15|          3|    1|          3|
    |input_0_0_15_we0                 |   9|          2|    1|          2|
    |input_0_0_1_address0             |  15|          3|   13|         39|
    |input_0_0_1_ce0                  |  15|          3|    1|          3|
    |input_0_0_1_we0                  |   9|          2|    1|          2|
    |input_0_0_2_address0             |  15|          3|   13|         39|
    |input_0_0_2_ce0                  |  15|          3|    1|          3|
    |input_0_0_2_we0                  |   9|          2|    1|          2|
    |input_0_0_3_address0             |  15|          3|   13|         39|
    |input_0_0_3_ce0                  |  15|          3|    1|          3|
    |input_0_0_3_we0                  |   9|          2|    1|          2|
    |input_0_0_4_address0             |  15|          3|   13|         39|
    |input_0_0_4_ce0                  |  15|          3|    1|          3|
    |input_0_0_4_we0                  |   9|          2|    1|          2|
    |input_0_0_5_address0             |  15|          3|   13|         39|
    |input_0_0_5_ce0                  |  15|          3|    1|          3|
    |input_0_0_5_we0                  |   9|          2|    1|          2|
    |input_0_0_6_address0             |  15|          3|   13|         39|
    |input_0_0_6_ce0                  |  15|          3|    1|          3|
    |input_0_0_6_we0                  |   9|          2|    1|          2|
    |input_0_0_7_address0             |  15|          3|   13|         39|
    |input_0_0_7_ce0                  |  15|          3|    1|          3|
    |input_0_0_7_we0                  |   9|          2|    1|          2|
    |input_0_0_8_address0             |  15|          3|   13|         39|
    |input_0_0_8_ce0                  |  15|          3|    1|          3|
    |input_0_0_8_we0                  |   9|          2|    1|          2|
    |input_0_0_9_address0             |  15|          3|   13|         39|
    |input_0_0_9_ce0                  |  15|          3|    1|          3|
    |input_0_0_9_we0                  |   9|          2|    1|          2|
    |input_1_0_0_address0             |  15|          3|   13|         39|
    |input_1_0_0_ce0                  |  15|          3|    1|          3|
    |input_1_0_0_we0                  |   9|          2|    1|          2|
    |input_1_0_10_address0            |  15|          3|   13|         39|
    |input_1_0_10_ce0                 |  15|          3|    1|          3|
    |input_1_0_10_we0                 |   9|          2|    1|          2|
    |input_1_0_11_address0            |  15|          3|   13|         39|
    |input_1_0_11_ce0                 |  15|          3|    1|          3|
    |input_1_0_11_we0                 |   9|          2|    1|          2|
    |input_1_0_12_address0            |  15|          3|   13|         39|
    |input_1_0_12_ce0                 |  15|          3|    1|          3|
    |input_1_0_12_we0                 |   9|          2|    1|          2|
    |input_1_0_13_address0            |  15|          3|   13|         39|
    |input_1_0_13_ce0                 |  15|          3|    1|          3|
    |input_1_0_13_we0                 |   9|          2|    1|          2|
    |input_1_0_14_address0            |  15|          3|   13|         39|
    |input_1_0_14_ce0                 |  15|          3|    1|          3|
    |input_1_0_14_we0                 |   9|          2|    1|          2|
    |input_1_0_15_address0            |  15|          3|   13|         39|
    |input_1_0_15_ce0                 |  15|          3|    1|          3|
    |input_1_0_15_we0                 |   9|          2|    1|          2|
    |input_1_0_1_address0             |  15|          3|   13|         39|
    |input_1_0_1_ce0                  |  15|          3|    1|          3|
    |input_1_0_1_we0                  |   9|          2|    1|          2|
    |input_1_0_2_address0             |  15|          3|   13|         39|
    |input_1_0_2_ce0                  |  15|          3|    1|          3|
    |input_1_0_2_we0                  |   9|          2|    1|          2|
    |input_1_0_3_address0             |  15|          3|   13|         39|
    |input_1_0_3_ce0                  |  15|          3|    1|          3|
    |input_1_0_3_we0                  |   9|          2|    1|          2|
    |input_1_0_4_address0             |  15|          3|   13|         39|
    |input_1_0_4_ce0                  |  15|          3|    1|          3|
    |input_1_0_4_we0                  |   9|          2|    1|          2|
    |input_1_0_5_address0             |  15|          3|   13|         39|
    |input_1_0_5_ce0                  |  15|          3|    1|          3|
    |input_1_0_5_we0                  |   9|          2|    1|          2|
    |input_1_0_6_address0             |  15|          3|   13|         39|
    |input_1_0_6_ce0                  |  15|          3|    1|          3|
    |input_1_0_6_we0                  |   9|          2|    1|          2|
    |input_1_0_7_address0             |  15|          3|   13|         39|
    |input_1_0_7_ce0                  |  15|          3|    1|          3|
    |input_1_0_7_we0                  |   9|          2|    1|          2|
    |input_1_0_8_address0             |  15|          3|   13|         39|
    |input_1_0_8_ce0                  |  15|          3|    1|          3|
    |input_1_0_8_we0                  |   9|          2|    1|          2|
    |input_1_0_9_address0             |  15|          3|   13|         39|
    |input_1_0_9_ce0                  |  15|          3|    1|          3|
    |input_1_0_9_we0                  |   9|          2|    1|          2|
    |invdar_reg_1188                  |   9|          2|    4|          8|
    |j_base_0_2_fu_1120               |   9|          2|   32|         64|
    |j_base_1_2_fu_1124               |   9|          2|   32|         64|
    |j_base_2_2_fu_1128               |   9|          2|   32|         64|
    |j_base_3_2_fu_1132               |   9|          2|   32|         64|
    |k_base_0_2_fu_1136               |   9|          2|   32|         64|
    |k_base_1_2_fu_1140               |   9|          2|   32|         64|
    |k_base_2_2_fu_1144               |   9|          2|   32|         64|
    |k_base_3_2_fu_1148               |   9|          2|   32|         64|
    |output_0_0_0_address0            |  15|          3|   13|         39|
    |output_0_0_0_ce0                 |  15|          3|    1|          3|
    |output_0_0_0_we0                 |   9|          2|    1|          2|
    |output_0_0_10_address0           |  15|          3|   13|         39|
    |output_0_0_10_ce0                |  15|          3|    1|          3|
    |output_0_0_10_we0                |   9|          2|    1|          2|
    |output_0_0_11_address0           |  15|          3|   13|         39|
    |output_0_0_11_ce0                |  15|          3|    1|          3|
    |output_0_0_11_we0                |   9|          2|    1|          2|
    |output_0_0_12_address0           |  15|          3|   13|         39|
    |output_0_0_12_ce0                |  15|          3|    1|          3|
    |output_0_0_12_we0                |   9|          2|    1|          2|
    |output_0_0_13_address0           |  15|          3|   13|         39|
    |output_0_0_13_ce0                |  15|          3|    1|          3|
    |output_0_0_13_we0                |   9|          2|    1|          2|
    |output_0_0_14_address0           |  15|          3|   13|         39|
    |output_0_0_14_ce0                |  15|          3|    1|          3|
    |output_0_0_14_we0                |   9|          2|    1|          2|
    |output_0_0_15_address0           |  15|          3|   13|         39|
    |output_0_0_15_ce0                |  15|          3|    1|          3|
    |output_0_0_15_we0                |   9|          2|    1|          2|
    |output_0_0_1_address0            |  15|          3|   13|         39|
    |output_0_0_1_ce0                 |  15|          3|    1|          3|
    |output_0_0_1_we0                 |   9|          2|    1|          2|
    |output_0_0_2_address0            |  15|          3|   13|         39|
    |output_0_0_2_ce0                 |  15|          3|    1|          3|
    |output_0_0_2_we0                 |   9|          2|    1|          2|
    |output_0_0_3_address0            |  15|          3|   13|         39|
    |output_0_0_3_ce0                 |  15|          3|    1|          3|
    |output_0_0_3_we0                 |   9|          2|    1|          2|
    |output_0_0_4_address0            |  15|          3|   13|         39|
    |output_0_0_4_ce0                 |  15|          3|    1|          3|
    |output_0_0_4_we0                 |   9|          2|    1|          2|
    |output_0_0_5_address0            |  15|          3|   13|         39|
    |output_0_0_5_ce0                 |  15|          3|    1|          3|
    |output_0_0_5_we0                 |   9|          2|    1|          2|
    |output_0_0_6_address0            |  15|          3|   13|         39|
    |output_0_0_6_ce0                 |  15|          3|    1|          3|
    |output_0_0_6_we0                 |   9|          2|    1|          2|
    |output_0_0_7_address0            |  15|          3|   13|         39|
    |output_0_0_7_ce0                 |  15|          3|    1|          3|
    |output_0_0_7_we0                 |   9|          2|    1|          2|
    |output_0_0_8_address0            |  15|          3|   13|         39|
    |output_0_0_8_ce0                 |  15|          3|    1|          3|
    |output_0_0_8_we0                 |   9|          2|    1|          2|
    |output_0_0_9_address0            |  15|          3|   13|         39|
    |output_0_0_9_ce0                 |  15|          3|    1|          3|
    |output_0_0_9_we0                 |   9|          2|    1|          2|
    |output_1_0_0_address0            |  15|          3|   13|         39|
    |output_1_0_0_ce0                 |  15|          3|    1|          3|
    |output_1_0_0_we0                 |   9|          2|    1|          2|
    |output_1_0_10_address0           |  15|          3|   13|         39|
    |output_1_0_10_ce0                |  15|          3|    1|          3|
    |output_1_0_10_we0                |   9|          2|    1|          2|
    |output_1_0_11_address0           |  15|          3|   13|         39|
    |output_1_0_11_ce0                |  15|          3|    1|          3|
    |output_1_0_11_we0                |   9|          2|    1|          2|
    |output_1_0_12_address0           |  15|          3|   13|         39|
    |output_1_0_12_ce0                |  15|          3|    1|          3|
    |output_1_0_12_we0                |   9|          2|    1|          2|
    |output_1_0_13_address0           |  15|          3|   13|         39|
    |output_1_0_13_ce0                |  15|          3|    1|          3|
    |output_1_0_13_we0                |   9|          2|    1|          2|
    |output_1_0_14_address0           |  15|          3|   13|         39|
    |output_1_0_14_ce0                |  15|          3|    1|          3|
    |output_1_0_14_we0                |   9|          2|    1|          2|
    |output_1_0_15_address0           |  15|          3|   13|         39|
    |output_1_0_15_ce0                |  15|          3|    1|          3|
    |output_1_0_15_we0                |   9|          2|    1|          2|
    |output_1_0_1_address0            |  15|          3|   13|         39|
    |output_1_0_1_ce0                 |  15|          3|    1|          3|
    |output_1_0_1_we0                 |   9|          2|    1|          2|
    |output_1_0_2_address0            |  15|          3|   13|         39|
    |output_1_0_2_ce0                 |  15|          3|    1|          3|
    |output_1_0_2_we0                 |   9|          2|    1|          2|
    |output_1_0_3_address0            |  15|          3|   13|         39|
    |output_1_0_3_ce0                 |  15|          3|    1|          3|
    |output_1_0_3_we0                 |   9|          2|    1|          2|
    |output_1_0_4_address0            |  15|          3|   13|         39|
    |output_1_0_4_ce0                 |  15|          3|    1|          3|
    |output_1_0_4_we0                 |   9|          2|    1|          2|
    |output_1_0_5_address0            |  15|          3|   13|         39|
    |output_1_0_5_ce0                 |  15|          3|    1|          3|
    |output_1_0_5_we0                 |   9|          2|    1|          2|
    |output_1_0_6_address0            |  15|          3|   13|         39|
    |output_1_0_6_ce0                 |  15|          3|    1|          3|
    |output_1_0_6_we0                 |   9|          2|    1|          2|
    |output_1_0_7_address0            |  15|          3|   13|         39|
    |output_1_0_7_ce0                 |  15|          3|    1|          3|
    |output_1_0_7_we0                 |   9|          2|    1|          2|
    |output_1_0_8_address0            |  15|          3|   13|         39|
    |output_1_0_8_ce0                 |  15|          3|    1|          3|
    |output_1_0_8_we0                 |   9|          2|    1|          2|
    |output_1_0_9_address0            |  15|          3|   13|         39|
    |output_1_0_9_ce0                 |  15|          3|    1|          3|
    |output_1_0_9_we0                 |   9|          2|    1|          2|
    |p_01_idx_reg_1234                |   9|          2|   64|        128|
    |p_0_idx_reg_1246                 |   9|          2|   64|        128|
    +---------------------------------+----+-----------+-----+-----------+
    |Total                            |5936|       1265| 3305|       8537|
    +---------------------------------+----+-----------+-----+-----------+

    * Register: 
    +--------------------------------------+----+----+-----+-----------+
    |                 Name                 | FF | LUT| Bits| Const Bits|
    +--------------------------------------+----+----+-----+-----------+
    |FF_0_0_fu_428                         |  32|   0|   32|          0|
    |FF_0_10_fu_468                        |  32|   0|   32|          0|
    |FF_0_11_fu_472                        |  32|   0|   32|          0|
    |FF_0_12_fu_476                        |  32|   0|   32|          0|
    |FF_0_13_fu_480                        |  32|   0|   32|          0|
    |FF_0_14_fu_484                        |  32|   0|   32|          0|
    |FF_0_15_fu_488                        |  32|   0|   32|          0|
    |FF_0_16_fu_492                        |  32|   0|   32|          0|
    |FF_0_17_fu_496                        |  32|   0|   32|          0|
    |FF_0_18_fu_500                        |  32|   0|   32|          0|
    |FF_0_19_fu_504                        |  32|   0|   32|          0|
    |FF_0_1_fu_432                         |  32|   0|   32|          0|
    |FF_0_20_fu_508                        |  32|   0|   32|          0|
    |FF_0_21_fu_512                        |  32|   0|   32|          0|
    |FF_0_22_fu_516                        |  32|   0|   32|          0|
    |FF_0_23_fu_520                        |  32|   0|   32|          0|
    |FF_0_24_fu_524                        |  32|   0|   32|          0|
    |FF_0_25_fu_528                        |  32|   0|   32|          0|
    |FF_0_26_fu_532                        |  32|   0|   32|          0|
    |FF_0_27_fu_536                        |  32|   0|   32|          0|
    |FF_0_28_fu_540                        |  32|   0|   32|          0|
    |FF_0_29_fu_544                        |  32|   0|   32|          0|
    |FF_0_2_fu_436                         |  32|   0|   32|          0|
    |FF_0_30_fu_548                        |  32|   0|   32|          0|
    |FF_0_31_fu_552                        |  32|   0|   32|          0|
    |FF_0_32_fu_556                        |  32|   0|   32|          0|
    |FF_0_33_fu_560                        |  32|   0|   32|          0|
    |FF_0_34_fu_564                        |  32|   0|   32|          0|
    |FF_0_35_fu_568                        |  32|   0|   32|          0|
    |FF_0_36_fu_572                        |  32|   0|   32|          0|
    |FF_0_37_fu_576                        |  32|   0|   32|          0|
    |FF_0_38_fu_580                        |  32|   0|   32|          0|
    |FF_0_39_fu_584                        |  32|   0|   32|          0|
    |FF_0_3_fu_440                         |  32|   0|   32|          0|
    |FF_0_40_fu_588                        |  32|   0|   32|          0|
    |FF_0_41_fu_592                        |  32|   0|   32|          0|
    |FF_0_42_fu_596                        |  32|   0|   32|          0|
    |FF_0_43_fu_600                        |  32|   0|   32|          0|
    |FF_0_44_fu_604                        |  32|   0|   32|          0|
    |FF_0_45_fu_608                        |  32|   0|   32|          0|
    |FF_0_46_fu_612                        |  32|   0|   32|          0|
    |FF_0_47_fu_616                        |  32|   0|   32|          0|
    |FF_0_48_fu_620                        |  32|   0|   32|          0|
    |FF_0_49_fu_624                        |  32|   0|   32|          0|
    |FF_0_4_fu_444                         |  32|   0|   32|          0|
    |FF_0_50_fu_628                        |  32|   0|   32|          0|
    |FF_0_51_fu_632                        |  32|   0|   32|          0|
    |FF_0_52_fu_636                        |  32|   0|   32|          0|
    |FF_0_53_fu_640                        |  32|   0|   32|          0|
    |FF_0_54_fu_644                        |  32|   0|   32|          0|
    |FF_0_55_fu_648                        |  32|   0|   32|          0|
    |FF_0_56_fu_652                        |  32|   0|   32|          0|
    |FF_0_57_fu_656                        |  32|   0|   32|          0|
    |FF_0_58_fu_660                        |  32|   0|   32|          0|
    |FF_0_59_fu_664                        |  32|   0|   32|          0|
    |FF_0_5_fu_448                         |  32|   0|   32|          0|
    |FF_0_6_fu_452                         |  32|   0|   32|          0|
    |FF_0_7_fu_456                         |  32|   0|   32|          0|
    |FF_0_8_fu_460                         |  32|   0|   32|          0|
    |FF_0_9_fu_464                         |  32|   0|   32|          0|
    |FIFO_ptrs_0_1_reg_3161                |  32|   0|   32|          0|
    |FIFO_ptrs_0_2_fu_1052                 |  32|   0|   32|          0|
    |FIFO_ptrs_0_2_load_reg_3455           |  32|   0|   32|          0|
    |FIFO_ptrs_10_1_reg_3211               |  32|   0|   32|          0|
    |FIFO_ptrs_10_2_fu_1092                |  32|   0|   32|          0|
    |FIFO_ptrs_10_2_load_reg_3505          |  32|   0|   32|          0|
    |FIFO_ptrs_10_fu_160                   |  32|   0|   32|          0|
    |FIFO_ptrs_11_1_reg_3216               |  32|   0|   32|          0|
    |FIFO_ptrs_11_2_fu_1096                |  32|   0|   32|          0|
    |FIFO_ptrs_11_2_load_reg_3510          |  32|   0|   32|          0|
    |FIFO_ptrs_11_fu_164                   |  32|   0|   32|          0|
    |FIFO_ptrs_12_1_reg_3221               |  32|   0|   32|          0|
    |FIFO_ptrs_12_2_fu_1100                |  32|   0|   32|          0|
    |FIFO_ptrs_12_2_load_reg_3515          |  32|   0|   32|          0|
    |FIFO_ptrs_1_1_reg_3166                |  32|   0|   32|          0|
    |FIFO_ptrs_1_2_fu_1056                 |  32|   0|   32|          0|
    |FIFO_ptrs_1_2_load_reg_3460           |  32|   0|   32|          0|
    |FIFO_ptrs_1_fu_124                    |  32|   0|   32|          0|
    |FIFO_ptrs_2_1_reg_3171                |  32|   0|   32|          0|
    |FIFO_ptrs_2_2_fu_1060                 |  32|   0|   32|          0|
    |FIFO_ptrs_2_2_load_reg_3465           |  32|   0|   32|          0|
    |FIFO_ptrs_2_fu_128                    |  32|   0|   32|          0|
    |FIFO_ptrs_3_1_reg_3176                |  32|   0|   32|          0|
    |FIFO_ptrs_3_2_fu_1064                 |  32|   0|   32|          0|
    |FIFO_ptrs_3_2_load_reg_3470           |  32|   0|   32|          0|
    |FIFO_ptrs_3_fu_132                    |  32|   0|   32|          0|
    |FIFO_ptrs_4_1_reg_3181                |  32|   0|   32|          0|
    |FIFO_ptrs_4_2_fu_1068                 |  32|   0|   32|          0|
    |FIFO_ptrs_4_2_load_reg_3475           |  32|   0|   32|          0|
    |FIFO_ptrs_4_fu_136                    |  32|   0|   32|          0|
    |FIFO_ptrs_5_1_reg_3186                |  32|   0|   32|          0|
    |FIFO_ptrs_5_2_fu_1072                 |  32|   0|   32|          0|
    |FIFO_ptrs_5_2_load_reg_3480           |  32|   0|   32|          0|
    |FIFO_ptrs_5_fu_140                    |  32|   0|   32|          0|
    |FIFO_ptrs_6_1_reg_3191                |  32|   0|   32|          0|
    |FIFO_ptrs_6_2_fu_1076                 |  32|   0|   32|          0|
    |FIFO_ptrs_6_2_load_reg_3485           |  32|   0|   32|          0|
    |FIFO_ptrs_6_fu_144                    |  32|   0|   32|          0|
    |FIFO_ptrs_7_1_reg_3196                |  32|   0|   32|          0|
    |FIFO_ptrs_7_2_fu_1080                 |  32|   0|   32|          0|
    |FIFO_ptrs_7_2_load_reg_3490           |  32|   0|   32|          0|
    |FIFO_ptrs_7_fu_148                    |  32|   0|   32|          0|
    |FIFO_ptrs_8_1_reg_3201                |  32|   0|   32|          0|
    |FIFO_ptrs_8_2_fu_1084                 |  32|   0|   32|          0|
    |FIFO_ptrs_8_2_load_reg_3495           |  32|   0|   32|          0|
    |FIFO_ptrs_8_fu_152                    |  32|   0|   32|          0|
    |FIFO_ptrs_9_1_reg_3206                |  32|   0|   32|          0|
    |FIFO_ptrs_9_2_fu_1088                 |  32|   0|   32|          0|
    |FIFO_ptrs_9_2_load_reg_3500           |  32|   0|   32|          0|
    |FIFO_ptrs_9_fu_156                    |  32|   0|   32|          0|
    |FIFO_ptrs_fu_120                      |  32|   0|   32|          0|
    |FIFO_ptrs_s_fu_168                    |  32|   0|   32|          0|
    |ap_CS_fsm                             |   8|   0|    8|          0|
    |ap_reg_grp_compute_fu_1258_ap_start   |   1|   0|    1|          0|
    |ap_reg_grp_load_fu_1502_ap_start      |   1|   0|    1|          0|
    |ap_reg_grp_store_fu_1476_ap_start     |   1|   0|    1|          0|
    |ap_rst_n_inv                          |   1|   0|    1|          0|
    |burst_index_in_total_1_reg_3431       |  31|   0|   31|          0|
    |burst_index_in_total_reg_1223         |  31|   0|   31|          0|
    |burst_index_load_2_reg_3585           |  32|   0|   32|          0|
    |burst_index_load_reg_1199             |  32|   0|   32|          0|
    |burst_index_store_2_reg_3595          |  32|   0|   32|          0|
    |burst_index_store_reg_1211            |  32|   0|   32|          0|
    |compute_flag_reg_3443                 |   1|   0|    1|          0|
    |extra_space_i_coalesed_read_reg_2835  |  64|   0|   64|          0|
    |extra_space_o_coalesed_read_reg_2830  |  64|   0|   64|          0|
    |i_base_0_2_fu_1104                    |  32|   0|   32|          0|
    |i_base_0_2_load_reg_3520              |  32|   0|   32|          0|
    |i_base_1_2_fu_1108                    |  32|   0|   32|          0|
    |i_base_1_2_load_reg_3525              |  32|   0|   32|          0|
    |i_base_2_2_fu_1112                    |  32|   0|   32|          0|
    |i_base_2_2_load_reg_3530              |  32|   0|   32|          0|
    |i_base_3_2_fu_1116                    |  32|   0|   32|          0|
    |i_base_3_2_load_reg_3535              |  32|   0|   32|          0|
    |invdar_reg_1188                       |   4|   0|    4|          0|
    |j_base_0_2_fu_1120                    |  32|   0|   32|          0|
    |j_base_0_2_load_reg_3540              |  32|   0|   32|          0|
    |j_base_1_2_fu_1124                    |  32|   0|   32|          0|
    |j_base_1_2_load_reg_3545              |  32|   0|   32|          0|
    |j_base_2_2_fu_1128                    |  32|   0|   32|          0|
    |j_base_2_2_load_reg_3550              |  32|   0|   32|          0|
    |j_base_3_2_fu_1132                    |  32|   0|   32|          0|
    |j_base_3_2_load_reg_3555              |  32|   0|   32|          0|
    |k_base_0_2_fu_1136                    |  32|   0|   32|          0|
    |k_base_0_2_load_reg_3560              |  32|   0|   32|          0|
    |k_base_1_2_fu_1140                    |  32|   0|   32|          0|
    |k_base_1_2_load_reg_3565              |  32|   0|   32|          0|
    |k_base_2_2_fu_1144                    |  32|   0|   32|          0|
    |k_base_2_2_load_reg_3570              |  32|   0|   32|          0|
    |k_base_3_2_fu_1148                    |  32|   0|   32|          0|
    |k_base_3_2_load_reg_3575              |  32|   0|   32|          0|
    |load_flag_reg_3436                    |   1|   0|    1|          0|
    |p_01_idx_reg_1234                     |  64|   0|   64|          0|
    |p_0_idx_reg_1246                      |  64|   0|   64|          0|
    |p_sum4_reg_3414                       |  64|   0|   64|          0|
    |p_sum_reg_3419                        |  64|   0|   64|          0|
    |store_flag_reg_3448                   |   1|   0|    1|          0|
    |tile_burst_num_read_reg_2840          |  64|   0|   64|          0|
    |tmp_5_reg_3590                        |   1|   0|    1|          0|
    |tmp_7_reg_3580                        |   1|   0|    1|          0|
    |tmp_8_reg_3404                        |  32|   0|   32|          0|
    |tmp_9_reg_3409                        |  32|   0|   32|          0|
    |tmp_reg_3424                          |   1|   0|    1|          0|
    |total_burst_num_read_reg_2823         |  32|   0|   32|          0|
    |var_input_V3_reg_2846                 |  58|   0|   58|          0|
    |var_output_V1_reg_2851                |  58|   0|   58|          0|
    +--------------------------------------+----+----+-----+-----------+
    |Total                                 |5224|   0| 5224|          0|
    +--------------------------------------+----+----+-----+-----------+



================================================================
== Interface
================================================================
* Summary: 
+-----------------------+-----+-----+------------+-----------------+--------------+
|       RTL Ports       | Dir | Bits|  Protocol  |  Source Object  |    C Type    |
+-----------------------+-----+-----+------------+-----------------+--------------+
|s_axi_control_AWVALID  |  in |    1|    s_axi   |     control     |    scalar    |
|s_axi_control_AWREADY  | out |    1|    s_axi   |     control     |    scalar    |
|s_axi_control_AWADDR   |  in |    7|    s_axi   |     control     |    scalar    |
|s_axi_control_WVALID   |  in |    1|    s_axi   |     control     |    scalar    |
|s_axi_control_WREADY   | out |    1|    s_axi   |     control     |    scalar    |
|s_axi_control_WDATA    |  in |   32|    s_axi   |     control     |    scalar    |
|s_axi_control_WSTRB    |  in |    4|    s_axi   |     control     |    scalar    |
|s_axi_control_ARVALID  |  in |    1|    s_axi   |     control     |    scalar    |
|s_axi_control_ARREADY  | out |    1|    s_axi   |     control     |    scalar    |
|s_axi_control_ARADDR   |  in |    7|    s_axi   |     control     |    scalar    |
|s_axi_control_RVALID   | out |    1|    s_axi   |     control     |    scalar    |
|s_axi_control_RREADY   |  in |    1|    s_axi   |     control     |    scalar    |
|s_axi_control_RDATA    | out |   32|    s_axi   |     control     |    scalar    |
|s_axi_control_RRESP    | out |    2|    s_axi   |     control     |    scalar    |
|s_axi_control_BVALID   | out |    1|    s_axi   |     control     |    scalar    |
|s_axi_control_BREADY   |  in |    1|    s_axi   |     control     |    scalar    |
|s_axi_control_BRESP    | out |    2|    s_axi   |     control     |    scalar    |
|ap_clk                 |  in |    1| ap_ctrl_hs | jacobi3d_kernel | return value |
|ap_rst_n               |  in |    1| ap_ctrl_hs | jacobi3d_kernel | return value |
|interrupt              | out |    1| ap_ctrl_hs | jacobi3d_kernel | return value |
|m_axi_gmem1_AWVALID    | out |    1|    m_axi   |      gmem1      |    pointer   |
|m_axi_gmem1_AWREADY    |  in |    1|    m_axi   |      gmem1      |    pointer   |
|m_axi_gmem1_AWADDR     | out |   64|    m_axi   |      gmem1      |    pointer   |
|m_axi_gmem1_AWID       | out |    1|    m_axi   |      gmem1      |    pointer   |
|m_axi_gmem1_AWLEN      | out |    8|    m_axi   |      gmem1      |    pointer   |
|m_axi_gmem1_AWSIZE     | out |    3|    m_axi   |      gmem1      |    pointer   |
|m_axi_gmem1_AWBURST    | out |    2|    m_axi   |      gmem1      |    pointer   |
|m_axi_gmem1_AWLOCK     | out |    2|    m_axi   |      gmem1      |    pointer   |
|m_axi_gmem1_AWCACHE    | out |    4|    m_axi   |      gmem1      |    pointer   |
|m_axi_gmem1_AWPROT     | out |    3|    m_axi   |      gmem1      |    pointer   |
|m_axi_gmem1_AWQOS      | out |    4|    m_axi   |      gmem1      |    pointer   |
|m_axi_gmem1_AWREGION   | out |    4|    m_axi   |      gmem1      |    pointer   |
|m_axi_gmem1_AWUSER     | out |    1|    m_axi   |      gmem1      |    pointer   |
|m_axi_gmem1_WVALID     | out |    1|    m_axi   |      gmem1      |    pointer   |
|m_axi_gmem1_WREADY     |  in |    1|    m_axi   |      gmem1      |    pointer   |
|m_axi_gmem1_WDATA      | out |  512|    m_axi   |      gmem1      |    pointer   |
|m_axi_gmem1_WSTRB      | out |   64|    m_axi   |      gmem1      |    pointer   |
|m_axi_gmem1_WLAST      | out |    1|    m_axi   |      gmem1      |    pointer   |
|m_axi_gmem1_WID        | out |    1|    m_axi   |      gmem1      |    pointer   |
|m_axi_gmem1_WUSER      | out |    1|    m_axi   |      gmem1      |    pointer   |
|m_axi_gmem1_ARVALID    | out |    1|    m_axi   |      gmem1      |    pointer   |
|m_axi_gmem1_ARREADY    |  in |    1|    m_axi   |      gmem1      |    pointer   |
|m_axi_gmem1_ARADDR     | out |   64|    m_axi   |      gmem1      |    pointer   |
|m_axi_gmem1_ARID       | out |    1|    m_axi   |      gmem1      |    pointer   |
|m_axi_gmem1_ARLEN      | out |    8|    m_axi   |      gmem1      |    pointer   |
|m_axi_gmem1_ARSIZE     | out |    3|    m_axi   |      gmem1      |    pointer   |
|m_axi_gmem1_ARBURST    | out |    2|    m_axi   |      gmem1      |    pointer   |
|m_axi_gmem1_ARLOCK     | out |    2|    m_axi   |      gmem1      |    pointer   |
|m_axi_gmem1_ARCACHE    | out |    4|    m_axi   |      gmem1      |    pointer   |
|m_axi_gmem1_ARPROT     | out |    3|    m_axi   |      gmem1      |    pointer   |
|m_axi_gmem1_ARQOS      | out |    4|    m_axi   |      gmem1      |    pointer   |
|m_axi_gmem1_ARREGION   | out |    4|    m_axi   |      gmem1      |    pointer   |
|m_axi_gmem1_ARUSER     | out |    1|    m_axi   |      gmem1      |    pointer   |
|m_axi_gmem1_RVALID     |  in |    1|    m_axi   |      gmem1      |    pointer   |
|m_axi_gmem1_RREADY     | out |    1|    m_axi   |      gmem1      |    pointer   |
|m_axi_gmem1_RDATA      |  in |  512|    m_axi   |      gmem1      |    pointer   |
|m_axi_gmem1_RLAST      |  in |    1|    m_axi   |      gmem1      |    pointer   |
|m_axi_gmem1_RID        |  in |    1|    m_axi   |      gmem1      |    pointer   |
|m_axi_gmem1_RUSER      |  in |    1|    m_axi   |      gmem1      |    pointer   |
|m_axi_gmem1_RRESP      |  in |    2|    m_axi   |      gmem1      |    pointer   |
|m_axi_gmem1_BVALID     |  in |    1|    m_axi   |      gmem1      |    pointer   |
|m_axi_gmem1_BREADY     | out |    1|    m_axi   |      gmem1      |    pointer   |
|m_axi_gmem1_BRESP      |  in |    2|    m_axi   |      gmem1      |    pointer   |
|m_axi_gmem1_BID        |  in |    1|    m_axi   |      gmem1      |    pointer   |
|m_axi_gmem1_BUSER      |  in |    1|    m_axi   |      gmem1      |    pointer   |
|m_axi_gmem2_AWVALID    | out |    1|    m_axi   |      gmem2      |    pointer   |
|m_axi_gmem2_AWREADY    |  in |    1|    m_axi   |      gmem2      |    pointer   |
|m_axi_gmem2_AWADDR     | out |   64|    m_axi   |      gmem2      |    pointer   |
|m_axi_gmem2_AWID       | out |    1|    m_axi   |      gmem2      |    pointer   |
|m_axi_gmem2_AWLEN      | out |    8|    m_axi   |      gmem2      |    pointer   |
|m_axi_gmem2_AWSIZE     | out |    3|    m_axi   |      gmem2      |    pointer   |
|m_axi_gmem2_AWBURST    | out |    2|    m_axi   |      gmem2      |    pointer   |
|m_axi_gmem2_AWLOCK     | out |    2|    m_axi   |      gmem2      |    pointer   |
|m_axi_gmem2_AWCACHE    | out |    4|    m_axi   |      gmem2      |    pointer   |
|m_axi_gmem2_AWPROT     | out |    3|    m_axi   |      gmem2      |    pointer   |
|m_axi_gmem2_AWQOS      | out |    4|    m_axi   |      gmem2      |    pointer   |
|m_axi_gmem2_AWREGION   | out |    4|    m_axi   |      gmem2      |    pointer   |
|m_axi_gmem2_AWUSER     | out |    1|    m_axi   |      gmem2      |    pointer   |
|m_axi_gmem2_WVALID     | out |    1|    m_axi   |      gmem2      |    pointer   |
|m_axi_gmem2_WREADY     |  in |    1|    m_axi   |      gmem2      |    pointer   |
|m_axi_gmem2_WDATA      | out |  512|    m_axi   |      gmem2      |    pointer   |
|m_axi_gmem2_WSTRB      | out |   64|    m_axi   |      gmem2      |    pointer   |
|m_axi_gmem2_WLAST      | out |    1|    m_axi   |      gmem2      |    pointer   |
|m_axi_gmem2_WID        | out |    1|    m_axi   |      gmem2      |    pointer   |
|m_axi_gmem2_WUSER      | out |    1|    m_axi   |      gmem2      |    pointer   |
|m_axi_gmem2_ARVALID    | out |    1|    m_axi   |      gmem2      |    pointer   |
|m_axi_gmem2_ARREADY    |  in |    1|    m_axi   |      gmem2      |    pointer   |
|m_axi_gmem2_ARADDR     | out |   64|    m_axi   |      gmem2      |    pointer   |
|m_axi_gmem2_ARID       | out |    1|    m_axi   |      gmem2      |    pointer   |
|m_axi_gmem2_ARLEN      | out |    8|    m_axi   |      gmem2      |    pointer   |
|m_axi_gmem2_ARSIZE     | out |    3|    m_axi   |      gmem2      |    pointer   |
|m_axi_gmem2_ARBURST    | out |    2|    m_axi   |      gmem2      |    pointer   |
|m_axi_gmem2_ARLOCK     | out |    2|    m_axi   |      gmem2      |    pointer   |
|m_axi_gmem2_ARCACHE    | out |    4|    m_axi   |      gmem2      |    pointer   |
|m_axi_gmem2_ARPROT     | out |    3|    m_axi   |      gmem2      |    pointer   |
|m_axi_gmem2_ARQOS      | out |    4|    m_axi   |      gmem2      |    pointer   |
|m_axi_gmem2_ARREGION   | out |    4|    m_axi   |      gmem2      |    pointer   |
|m_axi_gmem2_ARUSER     | out |    1|    m_axi   |      gmem2      |    pointer   |
|m_axi_gmem2_RVALID     |  in |    1|    m_axi   |      gmem2      |    pointer   |
|m_axi_gmem2_RREADY     | out |    1|    m_axi   |      gmem2      |    pointer   |
|m_axi_gmem2_RDATA      |  in |  512|    m_axi   |      gmem2      |    pointer   |
|m_axi_gmem2_RLAST      |  in |    1|    m_axi   |      gmem2      |    pointer   |
|m_axi_gmem2_RID        |  in |    1|    m_axi   |      gmem2      |    pointer   |
|m_axi_gmem2_RUSER      |  in |    1|    m_axi   |      gmem2      |    pointer   |
|m_axi_gmem2_RRESP      |  in |    2|    m_axi   |      gmem2      |    pointer   |
|m_axi_gmem2_BVALID     |  in |    1|    m_axi   |      gmem2      |    pointer   |
|m_axi_gmem2_BREADY     | out |    1|    m_axi   |      gmem2      |    pointer   |
|m_axi_gmem2_BRESP      |  in |    2|    m_axi   |      gmem2      |    pointer   |
|m_axi_gmem2_BID        |  in |    1|    m_axi   |      gmem2      |    pointer   |
|m_axi_gmem2_BUSER      |  in |    1|    m_axi   |      gmem2      |    pointer   |
+-----------------------+-----+-----+------------+-----------------+--------------+

