

================================================================
== Vivado HLS Report for 'compute'
================================================================
* Date:           Thu Sep 14 07:49:50 2017

* Version:        2017.1 (Build 1846317 on Thu Jun 22 18:17:09 MDT 2017)
* Project:        edge_kernel
* Solution:       solution_OCL_REGION_0
* Product family: virtex7
* Target device:  xc7vx690tffg1157-2


================================================================
== Performance Estimates
================================================================
+ Timing (ns): 
    * Summary: 
    +--------+-------+----------+------------+
    |  Clock | Target| Estimated| Uncertainty|
    +--------+-------+----------+------------+
    |ap_clk  |   5.00|      3.48|        1.35|
    +--------+-------+----------+------------+

+ Latency (clock cycles): 
    * Summary: 
    +-----+-------+-----+-------+---------+
    |   Latency   |   Interval  | Pipeline|
    | min |  max  | min |  max  |   Type  |
    +-----+-------+-----+-------+---------+
    |    1|  50023|    1|  50023|   none  |
    +-----+-------+-----+-------+---------+

    + Detail: 
        * Instance: 
        N/A

        * Loop: 
        +-----------------+-------+-------+----------+-----------+-----------+-------+----------+
        |                 |    Latency    | Iteration|  Initiation Interval  |  Trip |          |
        |    Loop Name    |  min  |  max  |  Latency |  achieved |   target  | Count | Pipelined|
        +-----------------+-------+-------+----------+-----------+-----------+-------+----------+
        |- compute_epoch  |  50020|  50020|         6|          1|          1|  50016|    yes   |
        +-----------------+-------+-------+----------+-----------+-----------+-------+----------+



================================================================
== Utilization Estimates
================================================================
* Summary: 
+-----------------+---------+-------+--------+--------+
|       Name      | BRAM_18K| DSP48E|   FF   |   LUT  |
+-----------------+---------+-------+--------+--------+
|DSP              |        -|      -|       -|       -|
|Expression       |        -|      -|       0|     703|
|FIFO             |        -|      -|       -|       -|
|Instance         |        -|      -|       -|       -|
|Memory           |        -|      -|       -|       -|
|Multiplexer      |        -|      -|       -|     586|
|Register         |        0|      -|    1695|     160|
+-----------------+---------+-------+--------+--------+
|Total            |        0|      0|    1695|    1449|
+-----------------+---------+-------+--------+--------+
|Available        |     2940|   3600|  866400|  433200|
+-----------------+---------+-------+--------+--------+
|Utilization (%)  |        0|      0|   ~0   |   ~0   |
+-----------------+---------+-------+--------+--------+

+ Detail: 
    * Instance: 
    N/A

    * DSP48: 
    N/A

    * Memory: 
    N/A

    * FIFO: 
    N/A

    * Expression: 
    +-------------------------+----------+-------+---+----+------------+------------+
    |      Variable Name      | Operation| DSP48E| FF| LUT| Bitwidth P0| Bitwidth P1|
    +-------------------------+----------+-------+---+----+------------+------------+
    |epoch_1_fu_2383_p2       |     +    |      0|  0|  23|          16|           1|
    |sum2_1_fu_2632_p2        |     +    |      0|  0|   8|           8|           8|
    |sum2_fu_2604_p2          |     +    |      0|  0|   8|           8|           8|
    |tmp1_fu_2593_p2          |     +    |      0|  0|  15|           8|           8|
    |tmp2_fu_2599_p2          |     +    |      0|  0|  15|           8|           8|
    |tmp3_fu_2622_p2          |     +    |      0|  0|  15|           8|           8|
    |tmp4_fu_2627_p2          |     +    |      0|  0|  15|           8|           8|
    |tmp_12_fu_2573_p2        |     +    |      0|  0|  39|          32|           1|
    |tmp_13_fu_2499_p2        |     +    |      0|  0|  39|          12|          32|
    |tmp_14_fu_2505_p2        |     +    |      0|  0|  39|           1|          32|
    |tmp_40_1_fu_2527_p2      |     +    |      0|  0|  39|          32|           2|
    |tmp_43_1_fu_2539_p2      |     +    |      0|  0|  39|          32|          12|
    |tmp_44_1_fu_2545_p2      |     +    |      0|  0|  39|          32|           1|
    |tmp_6_fu_2487_p2         |     +    |      0|  0|  39|           2|          32|
    |tmp_1_fu_2664_p2         |     -    |      0|  0|   8|           8|           8|
    |tmp_2_fu_2668_p2         |     -    |      0|  0|   8|           8|           8|
    |tmp_34_1_fu_2638_p2      |     -    |      0|  0|   8|           8|           8|
    |tmp_35_1_fu_2654_p2      |     -    |      0|  0|   8|           8|           8|
    |tmp_36_1_fu_2658_p2      |     -    |      0|  0|   8|           8|           8|
    |tmp_37_1_fu_2674_p2      |     -    |      0|  0|   8|           8|           8|
    |tmp_38_1_fu_2679_p2      |     -    |      0|  0|   8|           8|           8|
    |tmp_7_fu_2610_p2         |     -    |      0|  0|   8|           8|           8|
    |tmp_8_fu_2644_p2         |     -    |      0|  0|   8|           8|           8|
    |tmp_9_fu_2648_p2         |     -    |      0|  0|   8|           8|           8|
    |ap_condition_1631        |    and   |      0|  0|   8|           1|           1|
    |exitcond3_fu_2377_p2     |   icmp   |      0|  0|  13|          16|          15|
    |tmp_10_fu_2493_p2        |   icmp   |      0|  0|  18|          32|          11|
    |tmp_11_fu_2567_p2        |   icmp   |      0|  0|  18|          32|          10|
    |tmp_41_1_fu_2533_p2      |   icmp   |      0|  0|  18|          32|          11|
    |i_base1_1_fu_2551_p3     |  select  |      0|  0|  32|           1|          32|
    |i_base_1_fu_2511_p3      |  select  |      0|  0|  32|           1|          32|
    |j_base2_1_fu_2559_p3     |  select  |      0|  0|  32|           1|          32|
    |j_base_1_fu_2519_p3      |  select  |      0|  0|  32|           1|          32|
    |p_tmp_s_fu_2579_p3       |  select  |      0|  0|  32|           1|           1|
    |ap_enable_pp0            |    xor   |      0|  0|   8|           1|           2|
    |ap_enable_reg_pp0_iter1  |    xor   |      0|  0|   8|           1|           2|
    +-------------------------+----------+-------+---+----+------------+------------+
    |Total                    |          |      0|  0| 703|         407|         422|
    +-------------------------+----------+-------+---+----+------------+------------+

    * Multiplexer: 
    +----------------------------------------------------------+-----+-----------+-----+-----------+
    |                           Name                           | LUT | Input Size| Bits| Total Bits|
    +----------------------------------------------------------+-----+-----------+-----+-----------+
    |FF_0_o                                                    |    9|          2|    8|         16|
    |FF_1_o                                                    |    9|          2|    8|         16|
    |FF_2_o                                                    |    9|          2|    8|         16|
    |FF_3_o                                                    |    9|          2|    8|         16|
    |FF_4_o                                                    |    9|          2|    8|         16|
    |FF_5_o                                                    |    9|          2|    8|         16|
    |FIFO_ptrs_1_reg_2327                                      |    9|          2|   32|         64|
    |FIFO_ptrs_phi_fu_2127_p4                                  |    9|          2|   32|         64|
    |FIFO_ptrs_reg_2124                                        |    9|          2|   32|         64|
    |ap_NS_fsm                                                 |   27|          5|    1|          5|
    |ap_enable_reg_pp0_iter1                                   |    9|          2|    1|          2|
    |ap_enable_reg_pp0_iter5                                   |    9|          2|    1|          2|
    |ap_phi_precharge_reg_pp0_iter3_input_load_0_phi_reg_2185  |  149|         33|    8|        264|
    |ap_phi_precharge_reg_pp0_iter3_input_load_1_phi_reg_2256  |  149|         33|    8|        264|
    |ap_return_0                                               |    9|          2|   32|         64|
    |ap_return_1                                               |    9|          2|   32|         64|
    |ap_return_2                                               |    9|          2|   32|         64|
    |ap_return_3                                               |    9|          2|   32|         64|
    |ap_return_4                                               |    9|          2|   32|         64|
    |epoch_reg_2174                                            |    9|          2|   16|         32|
    |i_base1_2_reg_2347                                        |    9|          2|   32|         64|
    |i_base1_phi_fu_2147_p4                                    |    9|          2|   32|         64|
    |i_base1_reg_2144                                          |    9|          2|   32|         64|
    |i_base_2_reg_2337                                         |    9|          2|   32|         64|
    |i_base_phi_fu_2137_p4                                     |    9|          2|   32|         64|
    |i_base_reg_2134                                           |    9|          2|   32|         64|
    |j_base2_2_reg_2367                                        |    9|          2|   32|         64|
    |j_base2_phi_fu_2167_p4                                    |    9|          2|   32|         64|
    |j_base2_reg_2164                                          |    9|          2|   32|         64|
    |j_base_2_reg_2357                                         |    9|          2|   32|         64|
    |j_base_phi_fu_2157_p4                                     |    9|          2|   32|         64|
    |j_base_reg_2154                                           |    9|          2|   32|         64|
    +----------------------------------------------------------+-----+-----------+-----+-----------+
    |Total                                                     |  586|        129|  723|       1945|
    +----------------------------------------------------------+-----+-----------+-----+-----------+

    * Register: 
    +----------------------------------------------------------+----+----+-----+-----------+
    |                           Name                           | FF | LUT| Bits| Const Bits|
    +----------------------------------------------------------+----+----+-----+-----------+
    |FF_5_read_reg_3552                                        |   8|   0|    8|          0|
    |FIFO_999_0_0_reg_3519                                     |   8|   0|    8|          0|
    |FIFO_999_0_1_reg_3526                                     |   8|   0|    8|          0|
    |FIFO_999_0_2_reg_3532                                     |   8|   0|    8|          0|
    |FIFO_999_0_3_reg_3537                                     |   8|   0|    8|          0|
    |FIFO_999_0_addr_reg_3150                                  |  10|   0|   10|          0|
    |FIFO_999_1_addr_reg_3156                                  |  10|   0|   10|          0|
    |FIFO_999_2_addr_reg_3162                                  |  10|   0|   10|          0|
    |FIFO_999_3_addr_reg_3168                                  |  10|   0|   10|          0|
    |FIFO_ptrs_1_reg_2327                                      |  32|   0|   32|          0|
    |FIFO_ptrs_reg_2124                                        |  32|   0|   32|          0|
    |ap_CS_fsm                                                 |   4|   0|    4|          0|
    |ap_enable_reg_pp0_iter0                                   |   1|   0|    1|          0|
    |ap_enable_reg_pp0_iter1                                   |   1|   0|    1|          0|
    |ap_enable_reg_pp0_iter2                                   |   1|   0|    1|          0|
    |ap_enable_reg_pp0_iter3                                   |   1|   0|    1|          0|
    |ap_enable_reg_pp0_iter4                                   |   1|   0|    1|          0|
    |ap_enable_reg_pp0_iter5                                   |   1|   0|    1|          0|
    |ap_phi_precharge_reg_pp0_iter3_input_load_0_phi_reg_2185  |   8|   0|    8|          0|
    |ap_phi_precharge_reg_pp0_iter3_input_load_1_phi_reg_2256  |   8|   0|    8|          0|
    |ap_reg_pp0_iter1_FIFO_999_0_addr_reg_3150                 |  10|   0|   10|          0|
    |ap_reg_pp0_iter1_FIFO_999_1_addr_reg_3156                 |  10|   0|   10|          0|
    |ap_return_0_preg                                          |  32|   0|   32|          0|
    |ap_return_1_preg                                          |  32|   0|   32|          0|
    |ap_return_2_preg                                          |  32|   0|   32|          0|
    |ap_return_3_preg                                          |  32|   0|   32|          0|
    |ap_return_4_preg                                          |  32|   0|   32|          0|
    |arrayNo_reg_2758                                          |   5|   0|    6|          1|
    |epoch_reg_2174                                            |  16|   0|   16|          0|
    |exitcond3_reg_2749                                        |   1|   0|    1|          0|
    |i_base1_1_reg_3184                                        |  32|   0|   32|          0|
    |i_base1_2_reg_2347                                        |  32|   0|   32|          0|
    |i_base1_reg_2144                                          |  32|   0|   32|          0|
    |i_base_1_reg_3174                                         |  32|   0|   32|          0|
    |i_base_2_reg_2337                                         |  32|   0|   32|          0|
    |i_base_reg_2134                                           |  32|   0|   32|          0|
    |input_0_load_reg_3349                                     |   8|   0|    8|          0|
    |input_10_load_reg_3324                                    |   8|   0|    8|          0|
    |input_11_load_reg_3484                                    |   8|   0|    8|          0|
    |input_12_load_reg_3319                                    |   8|   0|    8|          0|
    |input_13_load_reg_3479                                    |   8|   0|    8|          0|
    |input_14_load_reg_3314                                    |   8|   0|    8|          0|
    |input_15_load_reg_3474                                    |   8|   0|    8|          0|
    |input_16_load_reg_3309                                    |   8|   0|    8|          0|
    |input_17_load_reg_3469                                    |   8|   0|    8|          0|
    |input_18_load_reg_3304                                    |   8|   0|    8|          0|
    |input_19_load_reg_3464                                    |   8|   0|    8|          0|
    |input_1_load_reg_3509                                     |   8|   0|    8|          0|
    |input_20_load_reg_3299                                    |   8|   0|    8|          0|
    |input_21_load_reg_3459                                    |   8|   0|    8|          0|
    |input_22_load_reg_3294                                    |   8|   0|    8|          0|
    |input_23_load_reg_3454                                    |   8|   0|    8|          0|
    |input_24_load_reg_3289                                    |   8|   0|    8|          0|
    |input_25_load_reg_3449                                    |   8|   0|    8|          0|
    |input_26_load_reg_3284                                    |   8|   0|    8|          0|
    |input_27_load_reg_3444                                    |   8|   0|    8|          0|
    |input_28_load_reg_3279                                    |   8|   0|    8|          0|
    |input_29_load_reg_3439                                    |   8|   0|    8|          0|
    |input_2_load_reg_3344                                     |   8|   0|    8|          0|
    |input_30_load_reg_3274                                    |   8|   0|    8|          0|
    |input_31_load_reg_3434                                    |   8|   0|    8|          0|
    |input_32_load_reg_3269                                    |   8|   0|    8|          0|
    |input_33_load_reg_3429                                    |   8|   0|    8|          0|
    |input_34_load_reg_3264                                    |   8|   0|    8|          0|
    |input_35_load_reg_3424                                    |   8|   0|    8|          0|
    |input_36_load_reg_3259                                    |   8|   0|    8|          0|
    |input_37_load_reg_3419                                    |   8|   0|    8|          0|
    |input_38_load_reg_3254                                    |   8|   0|    8|          0|
    |input_39_load_reg_3414                                    |   8|   0|    8|          0|
    |input_3_load_reg_3504                                     |   8|   0|    8|          0|
    |input_40_load_reg_3249                                    |   8|   0|    8|          0|
    |input_41_load_reg_3409                                    |   8|   0|    8|          0|
    |input_42_load_reg_3244                                    |   8|   0|    8|          0|
    |input_43_load_reg_3404                                    |   8|   0|    8|          0|
    |input_44_load_reg_3239                                    |   8|   0|    8|          0|
    |input_45_load_reg_3399                                    |   8|   0|    8|          0|
    |input_46_load_reg_3234                                    |   8|   0|    8|          0|
    |input_47_load_reg_3394                                    |   8|   0|    8|          0|
    |input_48_load_reg_3229                                    |   8|   0|    8|          0|
    |input_49_load_reg_3389                                    |   8|   0|    8|          0|
    |input_4_load_reg_3339                                     |   8|   0|    8|          0|
    |input_50_load_reg_3224                                    |   8|   0|    8|          0|
    |input_51_load_reg_3384                                    |   8|   0|    8|          0|
    |input_52_load_reg_3219                                    |   8|   0|    8|          0|
    |input_53_load_reg_3379                                    |   8|   0|    8|          0|
    |input_54_load_reg_3214                                    |   8|   0|    8|          0|
    |input_55_load_reg_3374                                    |   8|   0|    8|          0|
    |input_56_load_reg_3209                                    |   8|   0|    8|          0|
    |input_57_load_reg_3369                                    |   8|   0|    8|          0|
    |input_58_load_reg_3204                                    |   8|   0|    8|          0|
    |input_59_load_reg_3364                                    |   8|   0|    8|          0|
    |input_5_load_reg_3499                                     |   8|   0|    8|          0|
    |input_60_load_reg_3199                                    |   8|   0|    8|          0|
    |input_61_load_reg_3359                                    |   8|   0|    8|          0|
    |input_62_load_reg_3354                                    |   8|   0|    8|          0|
    |input_63_load_reg_3514                                    |   8|   0|    8|          0|
    |input_6_load_reg_3334                                     |   8|   0|    8|          0|
    |input_7_load_reg_3494                                     |   8|   0|    8|          0|
    |input_8_load_reg_3329                                     |   8|   0|    8|          0|
    |input_9_load_reg_3489                                     |   8|   0|    8|          0|
    |input_load_0_phi_reg_2185                                 |   8|   0|    8|          0|
    |input_load_1_phi_reg_2256                                 |   8|   0|    8|          0|
    |j_base2_1_reg_3189                                        |  32|   0|   32|          0|
    |j_base2_2_reg_2367                                        |  32|   0|   32|          0|
    |j_base2_reg_2164                                          |  32|   0|   32|          0|
    |j_base_1_reg_3179                                         |  32|   0|   32|          0|
    |j_base_2_reg_2357                                         |  32|   0|   32|          0|
    |j_base_reg_2154                                           |  32|   0|   32|          0|
    |newIndex1_reg_2762                                        |  11|   0|   64|         53|
    |p_tmp_s_reg_3194                                          |  32|   0|   32|          0|
    |tmp_2_reg_3567                                            |   8|   0|    8|          0|
    |tmp_34_1_reg_3547                                         |   8|   0|    8|          0|
    |tmp_36_1_reg_3562                                         |   8|   0|    8|          0|
    |tmp_38_1_reg_3603                                         |   8|   0|    8|          0|
    |tmp_7_reg_3542                                            |   8|   0|    8|          0|
    |tmp_9_reg_3557                                            |   8|   0|    8|          0|
    |FIFO_999_2_addr_reg_3162                                  |  64|  32|   10|          0|
    |FIFO_999_3_addr_reg_3168                                  |  64|  32|   10|          0|
    |arrayNo_reg_2758                                          |  64|  32|    6|          1|
    |exitcond3_reg_2749                                        |  64|  32|    1|          0|
    |newIndex1_reg_2762                                        |  64|  32|   64|         53|
    +----------------------------------------------------------+----+----+-----+-----------+
    |Total                                                     |1695| 160| 1520|        108|
    +----------------------------------------------------------+----+----+-----+-----------+



================================================================
== Interface
================================================================
* Summary: 
+---------------------+-----+-----+------------+----------------+--------------+
|      RTL Ports      | Dir | Bits|  Protocol  |  Source Object |    C Type    |
+---------------------+-----+-----+------------+----------------+--------------+
|ap_clk               |  in |    1| ap_ctrl_hs |     compute    | return value |
|ap_rst               |  in |    1| ap_ctrl_hs |     compute    | return value |
|ap_start             |  in |    1| ap_ctrl_hs |     compute    | return value |
|ap_done              | out |    1| ap_ctrl_hs |     compute    | return value |
|ap_idle              | out |    1| ap_ctrl_hs |     compute    | return value |
|ap_ready             | out |    1| ap_ctrl_hs |     compute    | return value |
|ap_return_0          | out |   32| ap_ctrl_hs |     compute    | return value |
|ap_return_1          | out |   32| ap_ctrl_hs |     compute    | return value |
|ap_return_2          | out |   32| ap_ctrl_hs |     compute    | return value |
|ap_return_3          | out |   32| ap_ctrl_hs |     compute    | return value |
|ap_return_4          | out |   32| ap_ctrl_hs |     compute    | return value |
|compute_flag         |  in |    1|   ap_none  |  compute_flag  |    scalar    |
|output_0_address0    | out |   11|  ap_memory |    output_0    |     array    |
|output_0_ce0         | out |    1|  ap_memory |    output_0    |     array    |
|output_0_we0         | out |    1|  ap_memory |    output_0    |     array    |
|output_0_d0          | out |    8|  ap_memory |    output_0    |     array    |
|output_1_address0    | out |   11|  ap_memory |    output_1    |     array    |
|output_1_ce0         | out |    1|  ap_memory |    output_1    |     array    |
|output_1_we0         | out |    1|  ap_memory |    output_1    |     array    |
|output_1_d0          | out |    8|  ap_memory |    output_1    |     array    |
|output_2_address0    | out |   11|  ap_memory |    output_2    |     array    |
|output_2_ce0         | out |    1|  ap_memory |    output_2    |     array    |
|output_2_we0         | out |    1|  ap_memory |    output_2    |     array    |
|output_2_d0          | out |    8|  ap_memory |    output_2    |     array    |
|output_3_address0    | out |   11|  ap_memory |    output_3    |     array    |
|output_3_ce0         | out |    1|  ap_memory |    output_3    |     array    |
|output_3_we0         | out |    1|  ap_memory |    output_3    |     array    |
|output_3_d0          | out |    8|  ap_memory |    output_3    |     array    |
|output_4_address0    | out |   11|  ap_memory |    output_4    |     array    |
|output_4_ce0         | out |    1|  ap_memory |    output_4    |     array    |
|output_4_we0         | out |    1|  ap_memory |    output_4    |     array    |
|output_4_d0          | out |    8|  ap_memory |    output_4    |     array    |
|output_5_address0    | out |   11|  ap_memory |    output_5    |     array    |
|output_5_ce0         | out |    1|  ap_memory |    output_5    |     array    |
|output_5_we0         | out |    1|  ap_memory |    output_5    |     array    |
|output_5_d0          | out |    8|  ap_memory |    output_5    |     array    |
|output_6_address0    | out |   11|  ap_memory |    output_6    |     array    |
|output_6_ce0         | out |    1|  ap_memory |    output_6    |     array    |
|output_6_we0         | out |    1|  ap_memory |    output_6    |     array    |
|output_6_d0          | out |    8|  ap_memory |    output_6    |     array    |
|output_7_address0    | out |   11|  ap_memory |    output_7    |     array    |
|output_7_ce0         | out |    1|  ap_memory |    output_7    |     array    |
|output_7_we0         | out |    1|  ap_memory |    output_7    |     array    |
|output_7_d0          | out |    8|  ap_memory |    output_7    |     array    |
|output_8_address0    | out |   11|  ap_memory |    output_8    |     array    |
|output_8_ce0         | out |    1|  ap_memory |    output_8    |     array    |
|output_8_we0         | out |    1|  ap_memory |    output_8    |     array    |
|output_8_d0          | out |    8|  ap_memory |    output_8    |     array    |
|output_9_address0    | out |   11|  ap_memory |    output_9    |     array    |
|output_9_ce0         | out |    1|  ap_memory |    output_9    |     array    |
|output_9_we0         | out |    1|  ap_memory |    output_9    |     array    |
|output_9_d0          | out |    8|  ap_memory |    output_9    |     array    |
|output_10_address0   | out |   11|  ap_memory |    output_10   |     array    |
|output_10_ce0        | out |    1|  ap_memory |    output_10   |     array    |
|output_10_we0        | out |    1|  ap_memory |    output_10   |     array    |
|output_10_d0         | out |    8|  ap_memory |    output_10   |     array    |
|output_11_address0   | out |   11|  ap_memory |    output_11   |     array    |
|output_11_ce0        | out |    1|  ap_memory |    output_11   |     array    |
|output_11_we0        | out |    1|  ap_memory |    output_11   |     array    |
|output_11_d0         | out |    8|  ap_memory |    output_11   |     array    |
|output_12_address0   | out |   11|  ap_memory |    output_12   |     array    |
|output_12_ce0        | out |    1|  ap_memory |    output_12   |     array    |
|output_12_we0        | out |    1|  ap_memory |    output_12   |     array    |
|output_12_d0         | out |    8|  ap_memory |    output_12   |     array    |
|output_13_address0   | out |   11|  ap_memory |    output_13   |     array    |
|output_13_ce0        | out |    1|  ap_memory |    output_13   |     array    |
|output_13_we0        | out |    1|  ap_memory |    output_13   |     array    |
|output_13_d0         | out |    8|  ap_memory |    output_13   |     array    |
|output_14_address0   | out |   11|  ap_memory |    output_14   |     array    |
|output_14_ce0        | out |    1|  ap_memory |    output_14   |     array    |
|output_14_we0        | out |    1|  ap_memory |    output_14   |     array    |
|output_14_d0         | out |    8|  ap_memory |    output_14   |     array    |
|output_15_address0   | out |   11|  ap_memory |    output_15   |     array    |
|output_15_ce0        | out |    1|  ap_memory |    output_15   |     array    |
|output_15_we0        | out |    1|  ap_memory |    output_15   |     array    |
|output_15_d0         | out |    8|  ap_memory |    output_15   |     array    |
|output_16_address0   | out |   11|  ap_memory |    output_16   |     array    |
|output_16_ce0        | out |    1|  ap_memory |    output_16   |     array    |
|output_16_we0        | out |    1|  ap_memory |    output_16   |     array    |
|output_16_d0         | out |    8|  ap_memory |    output_16   |     array    |
|output_17_address0   | out |   11|  ap_memory |    output_17   |     array    |
|output_17_ce0        | out |    1|  ap_memory |    output_17   |     array    |
|output_17_we0        | out |    1|  ap_memory |    output_17   |     array    |
|output_17_d0         | out |    8|  ap_memory |    output_17   |     array    |
|output_18_address0   | out |   11|  ap_memory |    output_18   |     array    |
|output_18_ce0        | out |    1|  ap_memory |    output_18   |     array    |
|output_18_we0        | out |    1|  ap_memory |    output_18   |     array    |
|output_18_d0         | out |    8|  ap_memory |    output_18   |     array    |
|output_19_address0   | out |   11|  ap_memory |    output_19   |     array    |
|output_19_ce0        | out |    1|  ap_memory |    output_19   |     array    |
|output_19_we0        | out |    1|  ap_memory |    output_19   |     array    |
|output_19_d0         | out |    8|  ap_memory |    output_19   |     array    |
|output_20_address0   | out |   11|  ap_memory |    output_20   |     array    |
|output_20_ce0        | out |    1|  ap_memory |    output_20   |     array    |
|output_20_we0        | out |    1|  ap_memory |    output_20   |     array    |
|output_20_d0         | out |    8|  ap_memory |    output_20   |     array    |
|output_21_address0   | out |   11|  ap_memory |    output_21   |     array    |
|output_21_ce0        | out |    1|  ap_memory |    output_21   |     array    |
|output_21_we0        | out |    1|  ap_memory |    output_21   |     array    |
|output_21_d0         | out |    8|  ap_memory |    output_21   |     array    |
|output_22_address0   | out |   11|  ap_memory |    output_22   |     array    |
|output_22_ce0        | out |    1|  ap_memory |    output_22   |     array    |
|output_22_we0        | out |    1|  ap_memory |    output_22   |     array    |
|output_22_d0         | out |    8|  ap_memory |    output_22   |     array    |
|output_23_address0   | out |   11|  ap_memory |    output_23   |     array    |
|output_23_ce0        | out |    1|  ap_memory |    output_23   |     array    |
|output_23_we0        | out |    1|  ap_memory |    output_23   |     array    |
|output_23_d0         | out |    8|  ap_memory |    output_23   |     array    |
|output_24_address0   | out |   11|  ap_memory |    output_24   |     array    |
|output_24_ce0        | out |    1|  ap_memory |    output_24   |     array    |
|output_24_we0        | out |    1|  ap_memory |    output_24   |     array    |
|output_24_d0         | out |    8|  ap_memory |    output_24   |     array    |
|output_25_address0   | out |   11|  ap_memory |    output_25   |     array    |
|output_25_ce0        | out |    1|  ap_memory |    output_25   |     array    |
|output_25_we0        | out |    1|  ap_memory |    output_25   |     array    |
|output_25_d0         | out |    8|  ap_memory |    output_25   |     array    |
|output_26_address0   | out |   11|  ap_memory |    output_26   |     array    |
|output_26_ce0        | out |    1|  ap_memory |    output_26   |     array    |
|output_26_we0        | out |    1|  ap_memory |    output_26   |     array    |
|output_26_d0         | out |    8|  ap_memory |    output_26   |     array    |
|output_27_address0   | out |   11|  ap_memory |    output_27   |     array    |
|output_27_ce0        | out |    1|  ap_memory |    output_27   |     array    |
|output_27_we0        | out |    1|  ap_memory |    output_27   |     array    |
|output_27_d0         | out |    8|  ap_memory |    output_27   |     array    |
|output_28_address0   | out |   11|  ap_memory |    output_28   |     array    |
|output_28_ce0        | out |    1|  ap_memory |    output_28   |     array    |
|output_28_we0        | out |    1|  ap_memory |    output_28   |     array    |
|output_28_d0         | out |    8|  ap_memory |    output_28   |     array    |
|output_29_address0   | out |   11|  ap_memory |    output_29   |     array    |
|output_29_ce0        | out |    1|  ap_memory |    output_29   |     array    |
|output_29_we0        | out |    1|  ap_memory |    output_29   |     array    |
|output_29_d0         | out |    8|  ap_memory |    output_29   |     array    |
|output_30_address0   | out |   11|  ap_memory |    output_30   |     array    |
|output_30_ce0        | out |    1|  ap_memory |    output_30   |     array    |
|output_30_we0        | out |    1|  ap_memory |    output_30   |     array    |
|output_30_d0         | out |    8|  ap_memory |    output_30   |     array    |
|output_31_address0   | out |   11|  ap_memory |    output_31   |     array    |
|output_31_ce0        | out |    1|  ap_memory |    output_31   |     array    |
|output_31_we0        | out |    1|  ap_memory |    output_31   |     array    |
|output_31_d0         | out |    8|  ap_memory |    output_31   |     array    |
|output_32_address0   | out |   11|  ap_memory |    output_32   |     array    |
|output_32_ce0        | out |    1|  ap_memory |    output_32   |     array    |
|output_32_we0        | out |    1|  ap_memory |    output_32   |     array    |
|output_32_d0         | out |    8|  ap_memory |    output_32   |     array    |
|output_33_address0   | out |   11|  ap_memory |    output_33   |     array    |
|output_33_ce0        | out |    1|  ap_memory |    output_33   |     array    |
|output_33_we0        | out |    1|  ap_memory |    output_33   |     array    |
|output_33_d0         | out |    8|  ap_memory |    output_33   |     array    |
|output_34_address0   | out |   11|  ap_memory |    output_34   |     array    |
|output_34_ce0        | out |    1|  ap_memory |    output_34   |     array    |
|output_34_we0        | out |    1|  ap_memory |    output_34   |     array    |
|output_34_d0         | out |    8|  ap_memory |    output_34   |     array    |
|output_35_address0   | out |   11|  ap_memory |    output_35   |     array    |
|output_35_ce0        | out |    1|  ap_memory |    output_35   |     array    |
|output_35_we0        | out |    1|  ap_memory |    output_35   |     array    |
|output_35_d0         | out |    8|  ap_memory |    output_35   |     array    |
|output_36_address0   | out |   11|  ap_memory |    output_36   |     array    |
|output_36_ce0        | out |    1|  ap_memory |    output_36   |     array    |
|output_36_we0        | out |    1|  ap_memory |    output_36   |     array    |
|output_36_d0         | out |    8|  ap_memory |    output_36   |     array    |
|output_37_address0   | out |   11|  ap_memory |    output_37   |     array    |
|output_37_ce0        | out |    1|  ap_memory |    output_37   |     array    |
|output_37_we0        | out |    1|  ap_memory |    output_37   |     array    |
|output_37_d0         | out |    8|  ap_memory |    output_37   |     array    |
|output_38_address0   | out |   11|  ap_memory |    output_38   |     array    |
|output_38_ce0        | out |    1|  ap_memory |    output_38   |     array    |
|output_38_we0        | out |    1|  ap_memory |    output_38   |     array    |
|output_38_d0         | out |    8|  ap_memory |    output_38   |     array    |
|output_39_address0   | out |   11|  ap_memory |    output_39   |     array    |
|output_39_ce0        | out |    1|  ap_memory |    output_39   |     array    |
|output_39_we0        | out |    1|  ap_memory |    output_39   |     array    |
|output_39_d0         | out |    8|  ap_memory |    output_39   |     array    |
|output_40_address0   | out |   11|  ap_memory |    output_40   |     array    |
|output_40_ce0        | out |    1|  ap_memory |    output_40   |     array    |
|output_40_we0        | out |    1|  ap_memory |    output_40   |     array    |
|output_40_d0         | out |    8|  ap_memory |    output_40   |     array    |
|output_41_address0   | out |   11|  ap_memory |    output_41   |     array    |
|output_41_ce0        | out |    1|  ap_memory |    output_41   |     array    |
|output_41_we0        | out |    1|  ap_memory |    output_41   |     array    |
|output_41_d0         | out |    8|  ap_memory |    output_41   |     array    |
|output_42_address0   | out |   11|  ap_memory |    output_42   |     array    |
|output_42_ce0        | out |    1|  ap_memory |    output_42   |     array    |
|output_42_we0        | out |    1|  ap_memory |    output_42   |     array    |
|output_42_d0         | out |    8|  ap_memory |    output_42   |     array    |
|output_43_address0   | out |   11|  ap_memory |    output_43   |     array    |
|output_43_ce0        | out |    1|  ap_memory |    output_43   |     array    |
|output_43_we0        | out |    1|  ap_memory |    output_43   |     array    |
|output_43_d0         | out |    8|  ap_memory |    output_43   |     array    |
|output_44_address0   | out |   11|  ap_memory |    output_44   |     array    |
|output_44_ce0        | out |    1|  ap_memory |    output_44   |     array    |
|output_44_we0        | out |    1|  ap_memory |    output_44   |     array    |
|output_44_d0         | out |    8|  ap_memory |    output_44   |     array    |
|output_45_address0   | out |   11|  ap_memory |    output_45   |     array    |
|output_45_ce0        | out |    1|  ap_memory |    output_45   |     array    |
|output_45_we0        | out |    1|  ap_memory |    output_45   |     array    |
|output_45_d0         | out |    8|  ap_memory |    output_45   |     array    |
|output_46_address0   | out |   11|  ap_memory |    output_46   |     array    |
|output_46_ce0        | out |    1|  ap_memory |    output_46   |     array    |
|output_46_we0        | out |    1|  ap_memory |    output_46   |     array    |
|output_46_d0         | out |    8|  ap_memory |    output_46   |     array    |
|output_47_address0   | out |   11|  ap_memory |    output_47   |     array    |
|output_47_ce0        | out |    1|  ap_memory |    output_47   |     array    |
|output_47_we0        | out |    1|  ap_memory |    output_47   |     array    |
|output_47_d0         | out |    8|  ap_memory |    output_47   |     array    |
|output_48_address0   | out |   11|  ap_memory |    output_48   |     array    |
|output_48_ce0        | out |    1|  ap_memory |    output_48   |     array    |
|output_48_we0        | out |    1|  ap_memory |    output_48   |     array    |
|output_48_d0         | out |    8|  ap_memory |    output_48   |     array    |
|output_49_address0   | out |   11|  ap_memory |    output_49   |     array    |
|output_49_ce0        | out |    1|  ap_memory |    output_49   |     array    |
|output_49_we0        | out |    1|  ap_memory |    output_49   |     array    |
|output_49_d0         | out |    8|  ap_memory |    output_49   |     array    |
|output_50_address0   | out |   11|  ap_memory |    output_50   |     array    |
|output_50_ce0        | out |    1|  ap_memory |    output_50   |     array    |
|output_50_we0        | out |    1|  ap_memory |    output_50   |     array    |
|output_50_d0         | out |    8|  ap_memory |    output_50   |     array    |
|output_51_address0   | out |   11|  ap_memory |    output_51   |     array    |
|output_51_ce0        | out |    1|  ap_memory |    output_51   |     array    |
|output_51_we0        | out |    1|  ap_memory |    output_51   |     array    |
|output_51_d0         | out |    8|  ap_memory |    output_51   |     array    |
|output_52_address0   | out |   11|  ap_memory |    output_52   |     array    |
|output_52_ce0        | out |    1|  ap_memory |    output_52   |     array    |
|output_52_we0        | out |    1|  ap_memory |    output_52   |     array    |
|output_52_d0         | out |    8|  ap_memory |    output_52   |     array    |
|output_53_address0   | out |   11|  ap_memory |    output_53   |     array    |
|output_53_ce0        | out |    1|  ap_memory |    output_53   |     array    |
|output_53_we0        | out |    1|  ap_memory |    output_53   |     array    |
|output_53_d0         | out |    8|  ap_memory |    output_53   |     array    |
|output_54_address0   | out |   11|  ap_memory |    output_54   |     array    |
|output_54_ce0        | out |    1|  ap_memory |    output_54   |     array    |
|output_54_we0        | out |    1|  ap_memory |    output_54   |     array    |
|output_54_d0         | out |    8|  ap_memory |    output_54   |     array    |
|output_55_address0   | out |   11|  ap_memory |    output_55   |     array    |
|output_55_ce0        | out |    1|  ap_memory |    output_55   |     array    |
|output_55_we0        | out |    1|  ap_memory |    output_55   |     array    |
|output_55_d0         | out |    8|  ap_memory |    output_55   |     array    |
|output_56_address0   | out |   11|  ap_memory |    output_56   |     array    |
|output_56_ce0        | out |    1|  ap_memory |    output_56   |     array    |
|output_56_we0        | out |    1|  ap_memory |    output_56   |     array    |
|output_56_d0         | out |    8|  ap_memory |    output_56   |     array    |
|output_57_address0   | out |   11|  ap_memory |    output_57   |     array    |
|output_57_ce0        | out |    1|  ap_memory |    output_57   |     array    |
|output_57_we0        | out |    1|  ap_memory |    output_57   |     array    |
|output_57_d0         | out |    8|  ap_memory |    output_57   |     array    |
|output_58_address0   | out |   11|  ap_memory |    output_58   |     array    |
|output_58_ce0        | out |    1|  ap_memory |    output_58   |     array    |
|output_58_we0        | out |    1|  ap_memory |    output_58   |     array    |
|output_58_d0         | out |    8|  ap_memory |    output_58   |     array    |
|output_59_address0   | out |   11|  ap_memory |    output_59   |     array    |
|output_59_ce0        | out |    1|  ap_memory |    output_59   |     array    |
|output_59_we0        | out |    1|  ap_memory |    output_59   |     array    |
|output_59_d0         | out |    8|  ap_memory |    output_59   |     array    |
|output_60_address0   | out |   11|  ap_memory |    output_60   |     array    |
|output_60_ce0        | out |    1|  ap_memory |    output_60   |     array    |
|output_60_we0        | out |    1|  ap_memory |    output_60   |     array    |
|output_60_d0         | out |    8|  ap_memory |    output_60   |     array    |
|output_61_address0   | out |   11|  ap_memory |    output_61   |     array    |
|output_61_ce0        | out |    1|  ap_memory |    output_61   |     array    |
|output_61_we0        | out |    1|  ap_memory |    output_61   |     array    |
|output_61_d0         | out |    8|  ap_memory |    output_61   |     array    |
|output_62_address0   | out |   11|  ap_memory |    output_62   |     array    |
|output_62_ce0        | out |    1|  ap_memory |    output_62   |     array    |
|output_62_we0        | out |    1|  ap_memory |    output_62   |     array    |
|output_62_d0         | out |    8|  ap_memory |    output_62   |     array    |
|output_63_address0   | out |   11|  ap_memory |    output_63   |     array    |
|output_63_ce0        | out |    1|  ap_memory |    output_63   |     array    |
|output_63_we0        | out |    1|  ap_memory |    output_63   |     array    |
|output_63_d0         | out |    8|  ap_memory |    output_63   |     array    |
|input_0_address0     | out |   11|  ap_memory |     input_0    |     array    |
|input_0_ce0          | out |    1|  ap_memory |     input_0    |     array    |
|input_0_q0           |  in |    8|  ap_memory |     input_0    |     array    |
|input_1_address0     | out |   11|  ap_memory |     input_1    |     array    |
|input_1_ce0          | out |    1|  ap_memory |     input_1    |     array    |
|input_1_q0           |  in |    8|  ap_memory |     input_1    |     array    |
|input_2_address0     | out |   11|  ap_memory |     input_2    |     array    |
|input_2_ce0          | out |    1|  ap_memory |     input_2    |     array    |
|input_2_q0           |  in |    8|  ap_memory |     input_2    |     array    |
|input_3_address0     | out |   11|  ap_memory |     input_3    |     array    |
|input_3_ce0          | out |    1|  ap_memory |     input_3    |     array    |
|input_3_q0           |  in |    8|  ap_memory |     input_3    |     array    |
|input_4_address0     | out |   11|  ap_memory |     input_4    |     array    |
|input_4_ce0          | out |    1|  ap_memory |     input_4    |     array    |
|input_4_q0           |  in |    8|  ap_memory |     input_4    |     array    |
|input_5_address0     | out |   11|  ap_memory |     input_5    |     array    |
|input_5_ce0          | out |    1|  ap_memory |     input_5    |     array    |
|input_5_q0           |  in |    8|  ap_memory |     input_5    |     array    |
|input_6_address0     | out |   11|  ap_memory |     input_6    |     array    |
|input_6_ce0          | out |    1|  ap_memory |     input_6    |     array    |
|input_6_q0           |  in |    8|  ap_memory |     input_6    |     array    |
|input_7_address0     | out |   11|  ap_memory |     input_7    |     array    |
|input_7_ce0          | out |    1|  ap_memory |     input_7    |     array    |
|input_7_q0           |  in |    8|  ap_memory |     input_7    |     array    |
|input_8_address0     | out |   11|  ap_memory |     input_8    |     array    |
|input_8_ce0          | out |    1|  ap_memory |     input_8    |     array    |
|input_8_q0           |  in |    8|  ap_memory |     input_8    |     array    |
|input_9_address0     | out |   11|  ap_memory |     input_9    |     array    |
|input_9_ce0          | out |    1|  ap_memory |     input_9    |     array    |
|input_9_q0           |  in |    8|  ap_memory |     input_9    |     array    |
|input_10_address0    | out |   11|  ap_memory |    input_10    |     array    |
|input_10_ce0         | out |    1|  ap_memory |    input_10    |     array    |
|input_10_q0          |  in |    8|  ap_memory |    input_10    |     array    |
|input_11_address0    | out |   11|  ap_memory |    input_11    |     array    |
|input_11_ce0         | out |    1|  ap_memory |    input_11    |     array    |
|input_11_q0          |  in |    8|  ap_memory |    input_11    |     array    |
|input_12_address0    | out |   11|  ap_memory |    input_12    |     array    |
|input_12_ce0         | out |    1|  ap_memory |    input_12    |     array    |
|input_12_q0          |  in |    8|  ap_memory |    input_12    |     array    |
|input_13_address0    | out |   11|  ap_memory |    input_13    |     array    |
|input_13_ce0         | out |    1|  ap_memory |    input_13    |     array    |
|input_13_q0          |  in |    8|  ap_memory |    input_13    |     array    |
|input_14_address0    | out |   11|  ap_memory |    input_14    |     array    |
|input_14_ce0         | out |    1|  ap_memory |    input_14    |     array    |
|input_14_q0          |  in |    8|  ap_memory |    input_14    |     array    |
|input_15_address0    | out |   11|  ap_memory |    input_15    |     array    |
|input_15_ce0         | out |    1|  ap_memory |    input_15    |     array    |
|input_15_q0          |  in |    8|  ap_memory |    input_15    |     array    |
|input_16_address0    | out |   11|  ap_memory |    input_16    |     array    |
|input_16_ce0         | out |    1|  ap_memory |    input_16    |     array    |
|input_16_q0          |  in |    8|  ap_memory |    input_16    |     array    |
|input_17_address0    | out |   11|  ap_memory |    input_17    |     array    |
|input_17_ce0         | out |    1|  ap_memory |    input_17    |     array    |
|input_17_q0          |  in |    8|  ap_memory |    input_17    |     array    |
|input_18_address0    | out |   11|  ap_memory |    input_18    |     array    |
|input_18_ce0         | out |    1|  ap_memory |    input_18    |     array    |
|input_18_q0          |  in |    8|  ap_memory |    input_18    |     array    |
|input_19_address0    | out |   11|  ap_memory |    input_19    |     array    |
|input_19_ce0         | out |    1|  ap_memory |    input_19    |     array    |
|input_19_q0          |  in |    8|  ap_memory |    input_19    |     array    |
|input_20_address0    | out |   11|  ap_memory |    input_20    |     array    |
|input_20_ce0         | out |    1|  ap_memory |    input_20    |     array    |
|input_20_q0          |  in |    8|  ap_memory |    input_20    |     array    |
|input_21_address0    | out |   11|  ap_memory |    input_21    |     array    |
|input_21_ce0         | out |    1|  ap_memory |    input_21    |     array    |
|input_21_q0          |  in |    8|  ap_memory |    input_21    |     array    |
|input_22_address0    | out |   11|  ap_memory |    input_22    |     array    |
|input_22_ce0         | out |    1|  ap_memory |    input_22    |     array    |
|input_22_q0          |  in |    8|  ap_memory |    input_22    |     array    |
|input_23_address0    | out |   11|  ap_memory |    input_23    |     array    |
|input_23_ce0         | out |    1|  ap_memory |    input_23    |     array    |
|input_23_q0          |  in |    8|  ap_memory |    input_23    |     array    |
|input_24_address0    | out |   11|  ap_memory |    input_24    |     array    |
|input_24_ce0         | out |    1|  ap_memory |    input_24    |     array    |
|input_24_q0          |  in |    8|  ap_memory |    input_24    |     array    |
|input_25_address0    | out |   11|  ap_memory |    input_25    |     array    |
|input_25_ce0         | out |    1|  ap_memory |    input_25    |     array    |
|input_25_q0          |  in |    8|  ap_memory |    input_25    |     array    |
|input_26_address0    | out |   11|  ap_memory |    input_26    |     array    |
|input_26_ce0         | out |    1|  ap_memory |    input_26    |     array    |
|input_26_q0          |  in |    8|  ap_memory |    input_26    |     array    |
|input_27_address0    | out |   11|  ap_memory |    input_27    |     array    |
|input_27_ce0         | out |    1|  ap_memory |    input_27    |     array    |
|input_27_q0          |  in |    8|  ap_memory |    input_27    |     array    |
|input_28_address0    | out |   11|  ap_memory |    input_28    |     array    |
|input_28_ce0         | out |    1|  ap_memory |    input_28    |     array    |
|input_28_q0          |  in |    8|  ap_memory |    input_28    |     array    |
|input_29_address0    | out |   11|  ap_memory |    input_29    |     array    |
|input_29_ce0         | out |    1|  ap_memory |    input_29    |     array    |
|input_29_q0          |  in |    8|  ap_memory |    input_29    |     array    |
|input_30_address0    | out |   11|  ap_memory |    input_30    |     array    |
|input_30_ce0         | out |    1|  ap_memory |    input_30    |     array    |
|input_30_q0          |  in |    8|  ap_memory |    input_30    |     array    |
|input_31_address0    | out |   11|  ap_memory |    input_31    |     array    |
|input_31_ce0         | out |    1|  ap_memory |    input_31    |     array    |
|input_31_q0          |  in |    8|  ap_memory |    input_31    |     array    |
|input_32_address0    | out |   11|  ap_memory |    input_32    |     array    |
|input_32_ce0         | out |    1|  ap_memory |    input_32    |     array    |
|input_32_q0          |  in |    8|  ap_memory |    input_32    |     array    |
|input_33_address0    | out |   11|  ap_memory |    input_33    |     array    |
|input_33_ce0         | out |    1|  ap_memory |    input_33    |     array    |
|input_33_q0          |  in |    8|  ap_memory |    input_33    |     array    |
|input_34_address0    | out |   11|  ap_memory |    input_34    |     array    |
|input_34_ce0         | out |    1|  ap_memory |    input_34    |     array    |
|input_34_q0          |  in |    8|  ap_memory |    input_34    |     array    |
|input_35_address0    | out |   11|  ap_memory |    input_35    |     array    |
|input_35_ce0         | out |    1|  ap_memory |    input_35    |     array    |
|input_35_q0          |  in |    8|  ap_memory |    input_35    |     array    |
|input_36_address0    | out |   11|  ap_memory |    input_36    |     array    |
|input_36_ce0         | out |    1|  ap_memory |    input_36    |     array    |
|input_36_q0          |  in |    8|  ap_memory |    input_36    |     array    |
|input_37_address0    | out |   11|  ap_memory |    input_37    |     array    |
|input_37_ce0         | out |    1|  ap_memory |    input_37    |     array    |
|input_37_q0          |  in |    8|  ap_memory |    input_37    |     array    |
|input_38_address0    | out |   11|  ap_memory |    input_38    |     array    |
|input_38_ce0         | out |    1|  ap_memory |    input_38    |     array    |
|input_38_q0          |  in |    8|  ap_memory |    input_38    |     array    |
|input_39_address0    | out |   11|  ap_memory |    input_39    |     array    |
|input_39_ce0         | out |    1|  ap_memory |    input_39    |     array    |
|input_39_q0          |  in |    8|  ap_memory |    input_39    |     array    |
|input_40_address0    | out |   11|  ap_memory |    input_40    |     array    |
|input_40_ce0         | out |    1|  ap_memory |    input_40    |     array    |
|input_40_q0          |  in |    8|  ap_memory |    input_40    |     array    |
|input_41_address0    | out |   11|  ap_memory |    input_41    |     array    |
|input_41_ce0         | out |    1|  ap_memory |    input_41    |     array    |
|input_41_q0          |  in |    8|  ap_memory |    input_41    |     array    |
|input_42_address0    | out |   11|  ap_memory |    input_42    |     array    |
|input_42_ce0         | out |    1|  ap_memory |    input_42    |     array    |
|input_42_q0          |  in |    8|  ap_memory |    input_42    |     array    |
|input_43_address0    | out |   11|  ap_memory |    input_43    |     array    |
|input_43_ce0         | out |    1|  ap_memory |    input_43    |     array    |
|input_43_q0          |  in |    8|  ap_memory |    input_43    |     array    |
|input_44_address0    | out |   11|  ap_memory |    input_44    |     array    |
|input_44_ce0         | out |    1|  ap_memory |    input_44    |     array    |
|input_44_q0          |  in |    8|  ap_memory |    input_44    |     array    |
|input_45_address0    | out |   11|  ap_memory |    input_45    |     array    |
|input_45_ce0         | out |    1|  ap_memory |    input_45    |     array    |
|input_45_q0          |  in |    8|  ap_memory |    input_45    |     array    |
|input_46_address0    | out |   11|  ap_memory |    input_46    |     array    |
|input_46_ce0         | out |    1|  ap_memory |    input_46    |     array    |
|input_46_q0          |  in |    8|  ap_memory |    input_46    |     array    |
|input_47_address0    | out |   11|  ap_memory |    input_47    |     array    |
|input_47_ce0         | out |    1|  ap_memory |    input_47    |     array    |
|input_47_q0          |  in |    8|  ap_memory |    input_47    |     array    |
|input_48_address0    | out |   11|  ap_memory |    input_48    |     array    |
|input_48_ce0         | out |    1|  ap_memory |    input_48    |     array    |
|input_48_q0          |  in |    8|  ap_memory |    input_48    |     array    |
|input_49_address0    | out |   11|  ap_memory |    input_49    |     array    |
|input_49_ce0         | out |    1|  ap_memory |    input_49    |     array    |
|input_49_q0          |  in |    8|  ap_memory |    input_49    |     array    |
|input_50_address0    | out |   11|  ap_memory |    input_50    |     array    |
|input_50_ce0         | out |    1|  ap_memory |    input_50    |     array    |
|input_50_q0          |  in |    8|  ap_memory |    input_50    |     array    |
|input_51_address0    | out |   11|  ap_memory |    input_51    |     array    |
|input_51_ce0         | out |    1|  ap_memory |    input_51    |     array    |
|input_51_q0          |  in |    8|  ap_memory |    input_51    |     array    |
|input_52_address0    | out |   11|  ap_memory |    input_52    |     array    |
|input_52_ce0         | out |    1|  ap_memory |    input_52    |     array    |
|input_52_q0          |  in |    8|  ap_memory |    input_52    |     array    |
|input_53_address0    | out |   11|  ap_memory |    input_53    |     array    |
|input_53_ce0         | out |    1|  ap_memory |    input_53    |     array    |
|input_53_q0          |  in |    8|  ap_memory |    input_53    |     array    |
|input_54_address0    | out |   11|  ap_memory |    input_54    |     array    |
|input_54_ce0         | out |    1|  ap_memory |    input_54    |     array    |
|input_54_q0          |  in |    8|  ap_memory |    input_54    |     array    |
|input_55_address0    | out |   11|  ap_memory |    input_55    |     array    |
|input_55_ce0         | out |    1|  ap_memory |    input_55    |     array    |
|input_55_q0          |  in |    8|  ap_memory |    input_55    |     array    |
|input_56_address0    | out |   11|  ap_memory |    input_56    |     array    |
|input_56_ce0         | out |    1|  ap_memory |    input_56    |     array    |
|input_56_q0          |  in |    8|  ap_memory |    input_56    |     array    |
|input_57_address0    | out |   11|  ap_memory |    input_57    |     array    |
|input_57_ce0         | out |    1|  ap_memory |    input_57    |     array    |
|input_57_q0          |  in |    8|  ap_memory |    input_57    |     array    |
|input_58_address0    | out |   11|  ap_memory |    input_58    |     array    |
|input_58_ce0         | out |    1|  ap_memory |    input_58    |     array    |
|input_58_q0          |  in |    8|  ap_memory |    input_58    |     array    |
|input_59_address0    | out |   11|  ap_memory |    input_59    |     array    |
|input_59_ce0         | out |    1|  ap_memory |    input_59    |     array    |
|input_59_q0          |  in |    8|  ap_memory |    input_59    |     array    |
|input_60_address0    | out |   11|  ap_memory |    input_60    |     array    |
|input_60_ce0         | out |    1|  ap_memory |    input_60    |     array    |
|input_60_q0          |  in |    8|  ap_memory |    input_60    |     array    |
|input_61_address0    | out |   11|  ap_memory |    input_61    |     array    |
|input_61_ce0         | out |    1|  ap_memory |    input_61    |     array    |
|input_61_q0          |  in |    8|  ap_memory |    input_61    |     array    |
|input_62_address0    | out |   11|  ap_memory |    input_62    |     array    |
|input_62_ce0         | out |    1|  ap_memory |    input_62    |     array    |
|input_62_q0          |  in |    8|  ap_memory |    input_62    |     array    |
|input_63_address0    | out |   11|  ap_memory |    input_63    |     array    |
|input_63_ce0         | out |    1|  ap_memory |    input_63    |     array    |
|input_63_q0          |  in |    8|  ap_memory |    input_63    |     array    |
|FF_0_i               |  in |    8|   ap_ovld  |      FF_0      |    pointer   |
|FF_0_o               | out |    8|   ap_ovld  |      FF_0      |    pointer   |
|FF_0_o_ap_vld        | out |    1|   ap_ovld  |      FF_0      |    pointer   |
|FF_1_i               |  in |    8|   ap_ovld  |      FF_1      |    pointer   |
|FF_1_o               | out |    8|   ap_ovld  |      FF_1      |    pointer   |
|FF_1_o_ap_vld        | out |    1|   ap_ovld  |      FF_1      |    pointer   |
|FF_2_i               |  in |    8|   ap_ovld  |      FF_2      |    pointer   |
|FF_2_o               | out |    8|   ap_ovld  |      FF_2      |    pointer   |
|FF_2_o_ap_vld        | out |    1|   ap_ovld  |      FF_2      |    pointer   |
|FF_3_i               |  in |    8|   ap_ovld  |      FF_3      |    pointer   |
|FF_3_o               | out |    8|   ap_ovld  |      FF_3      |    pointer   |
|FF_3_o_ap_vld        | out |    1|   ap_ovld  |      FF_3      |    pointer   |
|FF_4_i               |  in |    8|   ap_ovld  |      FF_4      |    pointer   |
|FF_4_o               | out |    8|   ap_ovld  |      FF_4      |    pointer   |
|FF_4_o_ap_vld        | out |    1|   ap_ovld  |      FF_4      |    pointer   |
|FF_5_i               |  in |    8|   ap_ovld  |      FF_5      |    pointer   |
|FF_5_o               | out |    8|   ap_ovld  |      FF_5      |    pointer   |
|FF_5_o_ap_vld        | out |    1|   ap_ovld  |      FF_5      |    pointer   |
|FIFO_999_0_address0  | out |   10|  ap_memory |   FIFO_999_0   |     array    |
|FIFO_999_0_ce0       | out |    1|  ap_memory |   FIFO_999_0   |     array    |
|FIFO_999_0_q0        |  in |    8|  ap_memory |   FIFO_999_0   |     array    |
|FIFO_999_0_address1  | out |   10|  ap_memory |   FIFO_999_0   |     array    |
|FIFO_999_0_ce1       | out |    1|  ap_memory |   FIFO_999_0   |     array    |
|FIFO_999_0_we1       | out |    1|  ap_memory |   FIFO_999_0   |     array    |
|FIFO_999_0_d1        | out |    8|  ap_memory |   FIFO_999_0   |     array    |
|FIFO_999_1_address0  | out |   10|  ap_memory |   FIFO_999_1   |     array    |
|FIFO_999_1_ce0       | out |    1|  ap_memory |   FIFO_999_1   |     array    |
|FIFO_999_1_q0        |  in |    8|  ap_memory |   FIFO_999_1   |     array    |
|FIFO_999_1_address1  | out |   10|  ap_memory |   FIFO_999_1   |     array    |
|FIFO_999_1_ce1       | out |    1|  ap_memory |   FIFO_999_1   |     array    |
|FIFO_999_1_we1       | out |    1|  ap_memory |   FIFO_999_1   |     array    |
|FIFO_999_1_d1        | out |    8|  ap_memory |   FIFO_999_1   |     array    |
|FIFO_999_2_address0  | out |   10|  ap_memory |   FIFO_999_2   |     array    |
|FIFO_999_2_ce0       | out |    1|  ap_memory |   FIFO_999_2   |     array    |
|FIFO_999_2_q0        |  in |    8|  ap_memory |   FIFO_999_2   |     array    |
|FIFO_999_2_address1  | out |   10|  ap_memory |   FIFO_999_2   |     array    |
|FIFO_999_2_ce1       | out |    1|  ap_memory |   FIFO_999_2   |     array    |
|FIFO_999_2_we1       | out |    1|  ap_memory |   FIFO_999_2   |     array    |
|FIFO_999_2_d1        | out |    8|  ap_memory |   FIFO_999_2   |     array    |
|FIFO_999_3_address0  | out |   10|  ap_memory |   FIFO_999_3   |     array    |
|FIFO_999_3_ce0       | out |    1|  ap_memory |   FIFO_999_3   |     array    |
|FIFO_999_3_q0        |  in |    8|  ap_memory |   FIFO_999_3   |     array    |
|FIFO_999_3_address1  | out |   10|  ap_memory |   FIFO_999_3   |     array    |
|FIFO_999_3_ce1       | out |    1|  ap_memory |   FIFO_999_3   |     array    |
|FIFO_999_3_we1       | out |    1|  ap_memory |   FIFO_999_3   |     array    |
|FIFO_999_3_d1        | out |    8|  ap_memory |   FIFO_999_3   |     array    |
|FIFO_ptrs_read       |  in |   32|   ap_none  | FIFO_ptrs_read |    scalar    |
|i_base_0_read        |  in |   32|   ap_none  |  i_base_0_read |    scalar    |
|i_base_1_read        |  in |   32|   ap_none  |  i_base_1_read |    scalar    |
|j_base_0_read        |  in |   32|   ap_none  |  j_base_0_read |    scalar    |
|j_base_1_read        |  in |   32|   ap_none  |  j_base_1_read |    scalar    |
+---------------------+-----+-----+------------+----------------+--------------+

