

================================================================
== Vivado HLS Report for 'compute'
================================================================
* Date:           Wed Apr 12 18:57:37 2017

* Version:        2016.3 (Build 1721985 on Tue Nov 29 18:45:36 MST 2016)
* Project:        blur_kernel
* Solution:       solution_OCL_REGION_0
* Product family: virtex7
* Target device:  xc7vx690tffg1157-2


================================================================
== Performance Estimates
================================================================
+ Timing (ns): 
    * Summary: 
    +--------+-------+----------+------------+
    |  Clock | Target| Estimated| Uncertainty|
    +--------+-------+----------+------------+
    |ap_clk  |   5.00|      3.50|        1.35|
    +--------+-------+----------+------------+

+ Latency (clock cycles): 
    * Summary: 
    +-----+--------+-----+--------+---------+
    |    Latency   |   Interval   | Pipeline|
    | min |   max  | min |   max  |   Type  |
    +-----+--------+-----+--------+---------+
    |    1|  545000|    1|  545000|   none  |
    +-----+--------+-----+--------+---------+

    + Detail: 
        * Instance: 
        N/A

        * Loop: 
        +----------+--------+--------+----------+-----------+-----------+------+----------+
        |          |     Latency     | Iteration|  Initiation Interval  | Trip |          |
        | Loop Name|   min  |   max  |  Latency |  achieved |   target  | Count| Pipelined|
        +----------+--------+--------+----------+-----------+-----------+------+----------+
        |- Loop 1  |  544962|  544962|        66|         66|          1|  8257|    yes   |
        +----------+--------+--------+----------+-----------+-----------+------+----------+



================================================================
== Utilization Estimates
================================================================
* Summary: 
+-----------------+---------+-------+--------+--------+
|       Name      | BRAM_18K| DSP48E|   FF   |   LUT  |
+-----------------+---------+-------+--------+--------+
|DSP              |        -|      -|       -|       -|
|Expression       |        -|      -|       0|    2011|
|FIFO             |        -|      -|       -|       -|
|Instance         |        -|     32|     576|     640|
|Memory           |        8|      -|       0|       0|
|Multiplexer      |        -|      -|       -|    4813|
|Register         |        -|      -|    9831|       -|
+-----------------+---------+-------+--------+--------+
|Total            |        8|     32|   10407|    7464|
+-----------------+---------+-------+--------+--------+
|Available        |     2940|   3600|  866400|  433200|
+-----------------+---------+-------+--------+--------+
|Utilization (%)  |    ~0   |   ~0  |       1|       1|
+-----------------+---------+-------+--------+--------+

+ Detail: 
    * Instance: 
    +------------------------------------------+--------------------------------------+---------+-------+-----+-----+
    |                 Instance                 |                Module                | BRAM_18K| DSP48E|  FF | LUT |
    +------------------------------------------+--------------------------------------+---------+-------+-----+-----+
    |blur_kernel_mul_16ns_18ns_34_3_U15        |blur_kernel_mul_16ns_18ns_34_3        |        0|      1|    0|    0|
    |blur_kernel_mul_16ns_18ns_34_3_U16        |blur_kernel_mul_16ns_18ns_34_3        |        0|      1|    0|    0|
    |blur_kernel_mul_16ns_18ns_34_3_U17        |blur_kernel_mul_16ns_18ns_34_3        |        0|      1|    0|    0|
    |blur_kernel_mul_16ns_18ns_34_3_U18        |blur_kernel_mul_16ns_18ns_34_3        |        0|      1|    0|    0|
    |blur_kernel_mul_16ns_18ns_34_3_U19        |blur_kernel_mul_16ns_18ns_34_3        |        0|      1|    0|    0|
    |blur_kernel_mul_16ns_18ns_34_3_U20        |blur_kernel_mul_16ns_18ns_34_3        |        0|      1|    0|    0|
    |blur_kernel_mul_16ns_18ns_34_3_U21        |blur_kernel_mul_16ns_18ns_34_3        |        0|      1|    0|    0|
    |blur_kernel_mul_16ns_18ns_34_3_U22        |blur_kernel_mul_16ns_18ns_34_3        |        0|      1|    0|    0|
    |blur_kernel_mul_16ns_18ns_34_3_U23        |blur_kernel_mul_16ns_18ns_34_3        |        0|      1|    0|    0|
    |blur_kernel_mul_16ns_18ns_34_3_U24        |blur_kernel_mul_16ns_18ns_34_3        |        0|      1|    0|    0|
    |blur_kernel_mul_16ns_18ns_34_3_U25        |blur_kernel_mul_16ns_18ns_34_3        |        0|      1|    0|    0|
    |blur_kernel_mul_16ns_18ns_34_3_U26        |blur_kernel_mul_16ns_18ns_34_3        |        0|      1|    0|    0|
    |blur_kernel_mul_16ns_18ns_34_3_U27        |blur_kernel_mul_16ns_18ns_34_3        |        0|      1|    0|    0|
    |blur_kernel_mul_16ns_18ns_34_3_U28        |blur_kernel_mul_16ns_18ns_34_3        |        0|      1|    0|    0|
    |blur_kernel_mul_16ns_18ns_34_3_U29        |blur_kernel_mul_16ns_18ns_34_3        |        0|      1|    0|    0|
    |blur_kernel_mul_16ns_18ns_34_3_U30        |blur_kernel_mul_16ns_18ns_34_3        |        0|      1|    0|    0|
    |blur_kernel_mul_16ns_18ns_34_3_U31        |blur_kernel_mul_16ns_18ns_34_3        |        0|      1|    0|    0|
    |blur_kernel_mul_16ns_18ns_34_3_U32        |blur_kernel_mul_16ns_18ns_34_3        |        0|      1|    0|    0|
    |blur_kernel_mul_16ns_18ns_34_3_U33        |blur_kernel_mul_16ns_18ns_34_3        |        0|      1|    0|    0|
    |blur_kernel_mul_16ns_18ns_34_3_U34        |blur_kernel_mul_16ns_18ns_34_3        |        0|      1|    0|    0|
    |blur_kernel_mul_16ns_18ns_34_3_U35        |blur_kernel_mul_16ns_18ns_34_3        |        0|      1|    0|    0|
    |blur_kernel_mul_16ns_18ns_34_3_U36        |blur_kernel_mul_16ns_18ns_34_3        |        0|      1|    0|    0|
    |blur_kernel_mul_16ns_18ns_34_3_U37        |blur_kernel_mul_16ns_18ns_34_3        |        0|      1|    0|    0|
    |blur_kernel_mul_16ns_18ns_34_3_U38        |blur_kernel_mul_16ns_18ns_34_3        |        0|      1|    0|    0|
    |blur_kernel_mul_16ns_18ns_34_3_U39        |blur_kernel_mul_16ns_18ns_34_3        |        0|      1|    0|    0|
    |blur_kernel_mul_16ns_18ns_34_3_U40        |blur_kernel_mul_16ns_18ns_34_3        |        0|      1|    0|    0|
    |blur_kernel_mul_16ns_18ns_34_3_U41        |blur_kernel_mul_16ns_18ns_34_3        |        0|      1|    0|    0|
    |blur_kernel_mul_16ns_18ns_34_3_U42        |blur_kernel_mul_16ns_18ns_34_3        |        0|      1|    0|    0|
    |blur_kernel_mul_16ns_18ns_34_3_U43        |blur_kernel_mul_16ns_18ns_34_3        |        0|      1|    0|    0|
    |blur_kernel_mul_16ns_18ns_34_3_U44        |blur_kernel_mul_16ns_18ns_34_3        |        0|      1|    0|    0|
    |blur_kernel_mul_16ns_18ns_34_3_U45        |blur_kernel_mul_16ns_18ns_34_3        |        0|      1|    0|    0|
    |blur_kernel_mul_16ns_18ns_34_3_U46        |blur_kernel_mul_16ns_18ns_34_3        |        0|      1|    0|    0|
    |blur_kernel_sdiv_32ns_32ns_32_36_seq_U14  |blur_kernel_sdiv_32ns_32ns_32_36_seq  |        0|      0|  288|  320|
    |blur_kernel_srem_32ns_32ns_32_36_seq_U13  |blur_kernel_srem_32ns_32ns_32_36_seq  |        0|      0|  288|  320|
    +------------------------------------------+--------------------------------------+---------+-------+-----+-----+
    |Total                                     |                                      |        0|     32|  576|  640|
    +------------------------------------------+--------------------------------------+---------+-------+-----+-----+

    * DSP48: 
    N/A

    * Memory: 
    +-----------------+-----------------------+---------+---+----+------+-----+------+-------------+
    |      Memory     |         Module        | BRAM_18K| FF| LUT| Words| Bits| Banks| W*Bits*Banks|
    +-----------------+-----------------------+---------+---+----+------+-----+------+-------------+
    |stencil_buf_0_U  |compute_stencil_buf_0  |        1|  0|   0|    66|   16|     1|         1056|
    |stencil_buf_1_U  |compute_stencil_buf_0  |        1|  0|   0|    66|   16|     1|         1056|
    |stencil_buf_2_U  |compute_stencil_buf_2  |        1|  0|   0|    65|   16|     1|         1040|
    |stencil_buf_3_U  |compute_stencil_buf_2  |        1|  0|   0|    65|   16|     1|         1040|
    |stencil_buf_4_U  |compute_stencil_buf_2  |        1|  0|   0|    65|   16|     1|         1040|
    |stencil_buf_5_U  |compute_stencil_buf_2  |        1|  0|   0|    65|   16|     1|         1040|
    |stencil_buf_6_U  |compute_stencil_buf_2  |        1|  0|   0|    65|   16|     1|         1040|
    |stencil_buf_7_U  |compute_stencil_buf_2  |        1|  0|   0|    65|   16|     1|         1040|
    +-----------------+-----------------------+---------+---+----+------+-----+------+-------------+
    |Total            |                       |        8|  0|   0|   522|  128|     8|         8352|
    +-----------------+-----------------------+---------+---+----+------+-----+------+-------------+

    * FIFO: 
    N/A

    * Expression: 
    +--------------------------------+----------+-------+---+----+------------+------------+
    |          Variable Name         | Operation| DSP48E| FF| LUT| Bitwidth P0| Bitwidth P1|
    +--------------------------------+----------+-------+---+----+------------+------------+
    |assign_105_1_fu_5663_p2         |     +    |      0|  0|   8|          16|          16|
    |assign_105_2_fu_5766_p2         |     +    |      0|  0|   8|          16|          16|
    |assign_105_3_fu_5833_p2         |     +    |      0|  0|   8|          16|          16|
    |assign_105_4_fu_5946_p2         |     +    |      0|  0|   8|          16|          16|
    |assign_105_5_fu_6050_p2         |     +    |      0|  0|   8|          16|          16|
    |assign_105_6_fu_6154_p2         |     +    |      0|  0|   8|          16|          16|
    |assign_105_7_fu_6258_p2         |     +    |      0|  0|   8|          16|          16|
    |assign_115_1_fu_5692_p2         |     +    |      0|  0|   8|          16|          16|
    |assign_115_2_fu_5429_p2         |     +    |      0|  0|   8|          16|          16|
    |assign_115_3_fu_5871_p2         |     +    |      0|  0|   8|          16|          16|
    |assign_115_4_fu_5975_p2         |     +    |      0|  0|   8|          16|          16|
    |assign_115_5_fu_6079_p2         |     +    |      0|  0|   8|          16|          16|
    |assign_115_6_fu_6188_p2         |     +    |      0|  0|   8|          16|          16|
    |assign_115_7_fu_6287_p2         |     +    |      0|  0|   8|          16|          16|
    |assign_125_1_fu_5727_p2         |     +    |      0|  0|   8|          16|          16|
    |assign_125_2_fu_5797_p2         |     +    |      0|  0|   8|          16|          16|
    |assign_125_3_fu_5901_p2         |     +    |      0|  0|   8|          16|          16|
    |assign_125_4_fu_6005_p2         |     +    |      0|  0|   8|          16|          16|
    |assign_125_5_fu_6114_p2         |     +    |      0|  0|   8|          16|          16|
    |assign_125_6_fu_6218_p2         |     +    |      0|  0|   8|          16|          16|
    |assign_125_7_fu_6317_p2         |     +    |      0|  0|   8|          16|          16|
    |assign_127_1_fu_5843_p2         |     +    |      0|  0|   8|          16|          16|
    |assign_127_2_fu_5916_p2         |     +    |      0|  0|   8|          16|          16|
    |assign_127_3_fu_6020_p2         |     +    |      0|  0|   8|          16|          16|
    |assign_127_4_fu_6124_p2         |     +    |      0|  0|   8|          16|          16|
    |assign_127_5_fu_6228_p2         |     +    |      0|  0|   8|          16|          16|
    |assign_127_6_fu_6327_p2         |     +    |      0|  0|   8|          16|          16|
    |assign_127_7_fu_6412_p2         |     +    |      0|  0|   8|          16|          16|
    |assign_1_fu_5590_p2             |     +    |      0|  0|   8|          16|          16|
    |assign_4_fu_5618_p2             |     +    |      0|  0|   8|          16|          16|
    |assign_7_fu_5569_p2             |     +    |      0|  0|   8|          16|          16|
    |assign_s_fu_5736_p2             |     +    |      0|  0|   8|          16|          16|
    |input_index_1_fu_4565_p2        |     +    |      0|  0|  14|          14|           1|
    |output_index_1_cp_fu_6451_p2    |     +    |      0|  0|  17|          17|          11|
    |output_index_1_fu_4691_p2       |     +    |      0|  0|  17|          17|          11|
    |output_index_4_fu_4829_p2       |     +    |      0|  0|  17|          17|          10|
    |output_index_5_fu_4878_p2       |     +    |      0|  0|  17|          17|          10|
    |output_index_6_fu_4927_p2       |     +    |      0|  0|  17|          17|          10|
    |output_index_7_fu_4976_p2       |     +    |      0|  0|  17|          17|          10|
    |output_index_cp_fu_6417_p2      |     +    |      0|  0|  17|          17|          11|
    |p_1_fu_5204_p2                  |     +    |      0|  0|  32|          32|          32|
    |p_2_fu_4777_p2                  |     +    |      0|  0|  32|          32|          32|
    |p_3_fu_4814_p2                  |     +    |      0|  0|  32|          32|          32|
    |p_4_fu_4863_p2                  |     +    |      0|  0|  32|          32|          32|
    |p_5_fu_4912_p2                  |     +    |      0|  0|  32|          32|          32|
    |p_6_fu_4961_p2                  |     +    |      0|  0|  32|          32|          32|
    |p_7_fu_5010_p2                  |     +    |      0|  0|  32|          32|          32|
    |p_fu_5100_p2                    |     +    |      0|  0|  32|          32|          32|
    |q_1_fu_5199_p2                  |     +    |      0|  0|  32|          32|          32|
    |q_2_fu_5232_p2                  |     +    |      0|  0|  32|          32|          32|
    |q_3_fu_5250_p2                  |     +    |      0|  0|  32|          32|          32|
    |q_4_fu_5268_p2                  |     +    |      0|  0|  32|          32|          32|
    |q_5_fu_5286_p2                  |     +    |      0|  0|  32|          32|          32|
    |q_6_fu_5304_p2                  |     +    |      0|  0|  32|          32|          32|
    |q_7_fu_5322_p2                  |     +    |      0|  0|  32|          32|          32|
    |q_fu_5095_p2                    |     +    |      0|  0|  32|          32|          32|
    |tmp10_fu_5688_p2                |     +    |      0|  0|   8|          16|          16|
    |tmp11_fu_5721_p2                |     +    |      0|  0|   8|          16|          16|
    |tmp12_fu_5839_p2                |     +    |      0|  0|   8|          16|          16|
    |tmp15_fu_5760_p2                |     +    |      0|  0|   8|          16|          16|
    |tmp16_fu_5425_p2                |     +    |      0|  0|   8|          16|          16|
    |tmp17_fu_5791_p2                |     +    |      0|  0|   8|          16|          16|
    |tmp18_fu_5912_p2                |     +    |      0|  0|   8|          16|          16|
    |tmp21_fu_5827_p2                |     +    |      0|  0|   8|          16|          16|
    |tmp22_fu_5867_p2                |     +    |      0|  0|   8|          16|          16|
    |tmp23_fu_5895_p2                |     +    |      0|  0|   8|          16|          16|
    |tmp24_fu_6016_p2                |     +    |      0|  0|   8|          16|          16|
    |tmp27_fu_5940_p2                |     +    |      0|  0|   8|          16|          16|
    |tmp28_fu_5971_p2                |     +    |      0|  0|   8|          16|          16|
    |tmp29_fu_5999_p2                |     +    |      0|  0|   8|          16|          16|
    |tmp30_fu_6120_p2                |     +    |      0|  0|   8|          16|          16|
    |tmp33_fu_6044_p2                |     +    |      0|  0|   8|          16|          16|
    |tmp34_fu_6075_p2                |     +    |      0|  0|   8|          16|          16|
    |tmp35_fu_6108_p2                |     +    |      0|  0|   8|          16|          16|
    |tmp36_fu_6224_p2                |     +    |      0|  0|   8|          16|          16|
    |tmp39_fu_6148_p2                |     +    |      0|  0|   8|          16|          16|
    |tmp3_fu_5584_p2                 |     +    |      0|  0|   8|          16|          16|
    |tmp40_fu_6184_p2                |     +    |      0|  0|   8|          16|          16|
    |tmp41_fu_6212_p2                |     +    |      0|  0|   8|          16|          16|
    |tmp42_fu_6323_p2                |     +    |      0|  0|   8|          16|          16|
    |tmp45_fu_6252_p2                |     +    |      0|  0|   8|          16|          16|
    |tmp46_fu_6283_p2                |     +    |      0|  0|   8|          16|          16|
    |tmp47_fu_6311_p2                |     +    |      0|  0|   8|          16|          16|
    |tmp48_fu_6408_p2                |     +    |      0|  0|   8|          16|          16|
    |tmp4_fu_5614_p2                 |     +    |      0|  0|   8|          16|          16|
    |tmp5_fu_5564_p2                 |     +    |      0|  0|   8|          16|          16|
    |tmp6_fu_5732_p2                 |     +    |      0|  0|   8|          16|          16|
    |tmp9_fu_5657_p2                 |     +    |      0|  0|   8|          16|          16|
    |tmp_31_1_fu_4697_p2             |     +    |      0|  0|  17|          17|          10|
    |tmp_3_fu_4603_p2                |     +    |      0|  0|  17|          17|          11|
    |tmp_4_fu_4621_p2                |     +    |      0|  0|  17|          17|          11|
    |tmp_5_fu_4551_p2                |     +    |      0|  0|  32|          32|          32|
    |tmp_6_fu_4555_p2                |     +    |      0|  0|  32|          32|          32|
    |p_neg1_fu_4643_p2               |     -    |      0|  0|  17|          10|          17|
    |p_neg_1_fu_4749_p2              |     -    |      0|  0|  19|           1|          19|
    |p_neg_t1_fu_4737_p2             |     -    |      0|  0|  17|           1|          17|
    |p_neg_t2_fu_4661_p2             |     -    |      0|  0|  17|           1|          17|
    |p_neg_t_1_fu_5164_p2            |     -    |      0|  0|  12|           1|          12|
    |p_neg_t_fu_4685_p2              |     -    |      0|  0|  12|           1|          12|
    |tmp_40_fu_4723_p2               |     -    |      0|  0|   8|           1|           8|
    |tmp_fu_4529_p2                  |     -    |      0|  0|  32|          32|          32|
    |tmp_s_fu_4545_p2                |     -    |      0|  0|  32|          32|          32|
    |ap_condition_4780               |    and   |      0|  0|   1|           1|           1|
    |or_cond1_1_fu_5393_p2           |    and   |      0|  0|   1|           1|           1|
    |or_cond1_2_fu_5419_p2           |    and   |      0|  0|   1|           1|           1|
    |or_cond1_3_fu_5454_p2           |    and   |      0|  0|   1|           1|           1|
    |or_cond1_4_fu_5480_p2           |    and   |      0|  0|   1|           1|           1|
    |or_cond1_5_fu_5506_p2           |    and   |      0|  0|   1|           1|           1|
    |or_cond1_6_fu_5532_p2           |    and   |      0|  0|   1|           1|           1|
    |or_cond1_7_fu_5558_p2           |    and   |      0|  0|   1|           1|           1|
    |or_cond1_fu_5357_p2             |    and   |      0|  0|   1|           1|           1|
    |tmp13_fu_5409_p2                |    and   |      0|  0|   1|           1|           1|
    |tmp14_fu_5415_p2                |    and   |      0|  0|   1|           1|           1|
    |tmp19_fu_5444_p2                |    and   |      0|  0|   1|           1|           1|
    |tmp1_fu_5347_p2                 |    and   |      0|  0|   1|           1|           1|
    |tmp20_fu_5450_p2                |    and   |      0|  0|   1|           1|           1|
    |tmp25_fu_5470_p2                |    and   |      0|  0|   1|           1|           1|
    |tmp26_fu_5476_p2                |    and   |      0|  0|   1|           1|           1|
    |tmp2_fu_5353_p2                 |    and   |      0|  0|   1|           1|           1|
    |tmp31_fu_5496_p2                |    and   |      0|  0|   1|           1|           1|
    |tmp32_fu_5502_p2                |    and   |      0|  0|   1|           1|           1|
    |tmp37_fu_5522_p2                |    and   |      0|  0|   1|           1|           1|
    |tmp38_fu_5528_p2                |    and   |      0|  0|   1|           1|           1|
    |tmp43_fu_5548_p2                |    and   |      0|  0|   1|           1|           1|
    |tmp44_fu_5554_p2                |    and   |      0|  0|   1|           1|           1|
    |tmp7_fu_5382_p2                 |    and   |      0|  0|   1|           1|           1|
    |tmp8_fu_5388_p2                 |    and   |      0|  0|   1|           1|           1|
    |exitcond6_fu_4559_p2            |   icmp   |      0|  0|   5|          14|          14|
    |icmp1_fu_4637_p2                |   icmp   |      0|  0|   6|          16|           1|
    |icmp_fu_4597_p2                 |   icmp   |      0|  0|   3|           8|           1|
    |slt10_fu_4917_p2                |   icmp   |      0|  0|  11|          32|          32|
    |slt11_fu_5291_p2                |   icmp   |      0|  0|  11|          32|          32|
    |slt12_fu_4966_p2                |   icmp   |      0|  0|  11|          32|          32|
    |slt13_fu_5309_p2                |   icmp   |      0|  0|  11|          32|          32|
    |slt14_fu_5015_p2                |   icmp   |      0|  0|  11|          32|          32|
    |slt15_fu_5327_p2                |   icmp   |      0|  0|  11|          32|          32|
    |slt1_fu_5110_p2                 |   icmp   |      0|  0|  11|          32|          32|
    |slt2_fu_5209_p2                 |   icmp   |      0|  0|  11|          32|          32|
    |slt3_fu_5368_p2                 |   icmp   |      0|  0|  11|          32|          32|
    |slt4_fu_4782_p2                 |   icmp   |      0|  0|  11|          32|          32|
    |slt5_fu_5237_p2                 |   icmp   |      0|  0|  11|          32|          32|
    |slt6_fu_4819_p2                 |   icmp   |      0|  0|  11|          32|          32|
    |slt7_fu_5255_p2                 |   icmp   |      0|  0|  11|          32|          32|
    |slt8_fu_4868_p2                 |   icmp   |      0|  0|  11|          32|          32|
    |slt9_fu_5273_p2                 |   icmp   |      0|  0|  11|          32|          32|
    |slt_fu_5105_p2                  |   icmp   |      0|  0|  11|          32|          32|
    |tmp_12_fu_5115_p2               |   icmp   |      0|  0|  11|          32|          32|
    |tmp_16_fu_5120_p2               |   icmp   |      0|  0|  11|          32|          32|
    |tmp_32_1_fu_4709_p2             |   icmp   |      0|  0|   6|          17|           1|
    |tmp_54_1_fu_5214_p2             |   icmp   |      0|  0|  11|          32|          32|
    |tmp_54_2_fu_4787_p2             |   icmp   |      0|  0|  11|          32|          32|
    |tmp_54_3_fu_4824_p2             |   icmp   |      0|  0|  11|          32|          32|
    |tmp_54_4_fu_4873_p2             |   icmp   |      0|  0|  11|          32|          32|
    |tmp_54_5_fu_4922_p2             |   icmp   |      0|  0|  11|          32|          32|
    |tmp_54_6_fu_4971_p2             |   icmp   |      0|  0|  11|          32|          32|
    |tmp_54_7_fu_5020_p2             |   icmp   |      0|  0|  11|          32|          32|
    |tmp_55_1_fu_5378_p2             |   icmp   |      0|  0|  11|          32|          32|
    |tmp_55_2_fu_5242_p2             |   icmp   |      0|  0|  11|          32|          32|
    |tmp_55_3_fu_5260_p2             |   icmp   |      0|  0|  11|          32|          32|
    |tmp_55_4_fu_5278_p2             |   icmp   |      0|  0|  11|          32|          32|
    |tmp_55_5_fu_5296_p2             |   icmp   |      0|  0|  11|          32|          32|
    |tmp_55_6_fu_5314_p2             |   icmp   |      0|  0|  11|          32|          32|
    |tmp_55_7_fu_5332_p2             |   icmp   |      0|  0|  11|          32|          32|
    |output_index_4_cast_fu_4835_p2  |    or    |      0|  0|  12|           8|           2|
    |output_index_5_cast_fu_4884_p2  |    or    |      0|  0|  12|           8|           2|
    |output_index_6_cast_fu_4933_p2  |    or    |      0|  0|  12|           8|           3|
    |output_index_7_cast_fu_4982_p2  |    or    |      0|  0|  12|           8|           3|
    |output_index_tr_s_fu_4743_p2    |    or    |      0|  0|  26|          19|           1|
    |tmp_31_1_cast_fu_4703_p2        |    or    |      0|  0|  12|           8|           1|
    |i_1_fu_5143_p3                  |  select  |      0|  0|  17|           1|          17|
    |i_fu_5056_p3                    |  select  |      0|  0|  17|           1|          17|
    |tmp_11_fu_5084_p3               |  select  |      0|  0|  12|           1|          12|
    |tmp_17_fu_5187_p3               |  select  |      0|  0|  12|           1|          12|
    |rev10_fu_5486_p2                |    xor   |      0|  0|   2|           1|           2|
    |rev11_fu_5491_p2                |    xor   |      0|  0|   2|           1|           2|
    |rev12_fu_5512_p2                |    xor   |      0|  0|   2|           1|           2|
    |rev13_fu_5517_p2                |    xor   |      0|  0|   2|           1|           2|
    |rev14_fu_5538_p2                |    xor   |      0|  0|   2|           1|           2|
    |rev15_fu_5543_p2                |    xor   |      0|  0|   2|           1|           2|
    |rev1_fu_5342_p2                 |    xor   |      0|  0|   2|           1|           2|
    |rev2_fu_5363_p2                 |    xor   |      0|  0|   2|           1|           2|
    |rev3_fu_5372_p2                 |    xor   |      0|  0|   2|           1|           2|
    |rev4_fu_5399_p2                 |    xor   |      0|  0|   2|           1|           2|
    |rev5_fu_5404_p2                 |    xor   |      0|  0|   2|           1|           2|
    |rev6_fu_5434_p2                 |    xor   |      0|  0|   2|           1|           2|
    |rev7_fu_5439_p2                 |    xor   |      0|  0|   2|           1|           2|
    |rev8_fu_5460_p2                 |    xor   |      0|  0|   2|           1|           2|
    |rev9_fu_5465_p2                 |    xor   |      0|  0|   2|           1|           2|
    |rev_fu_5337_p2                  |    xor   |      0|  0|   2|           1|           2|
    +--------------------------------+----------+-------+---+----+------------+------------+
    |Total                           |          |      0|  0|2011|        3047|        3040|
    +--------------------------------+----------+-------+---+----+------------+------------+

    * Multiplexer: 
    +------------------------+-----+-----------+-----+-----------+
    |          Name          | LUT | Input Size| Bits| Total Bits|
    +------------------------+-----+-----------+-----+-----------+
    |ap_NS_fsm               |  231|        105|    1|        105|
    |gep102_loc_reg_4284     |   16|          2|   16|         32|
    |gep4737_loc_reg_4361    |   16|          2|   16|         32|
    |gep4746_loc_reg_4350    |   16|          2|   16|         32|
    |gep4755_loc_reg_4339    |   16|          2|   16|         32|
    |gep66_loc_reg_4328      |   16|          2|   16|         32|
    |gep75_loc_reg_4317      |   16|          2|   16|         32|
    |gep84_loc_reg_4306      |   16|          2|   16|         32|
    |gep93_loc_reg_4295      |   16|          2|   16|         32|
    |input_index_reg_4272    |   14|          2|   14|         28|
    |reg_4495                |   16|          2|   16|         32|
    |reg_4501                |   16|          2|   16|         32|
    |stencil_buf_0_address0  |  147|         65|    7|        455|
    |stencil_buf_0_address1  |  147|         65|    7|        455|
    |stencil_buf_0_d0        |  160|         34|   16|        544|
    |stencil_buf_0_d1        |  160|         34|   16|        544|
    |stencil_buf_1_address0  |  147|         65|    7|        455|
    |stencil_buf_1_address1  |  147|         65|    7|        455|
    |stencil_buf_1_d0        |  160|         34|   16|        544|
    |stencil_buf_1_d1        |  160|         34|   16|        544|
    |stencil_buf_2_address0  |  105|         49|    7|        343|
    |stencil_buf_2_address1  |  105|         49|    7|        343|
    |stencil_buf_2_d0        |  160|         33|   16|        528|
    |stencil_buf_2_d1        |  160|         33|   16|        528|
    |stencil_buf_3_address0  |  105|         49|    7|        343|
    |stencil_buf_3_address1  |  105|         49|    7|        343|
    |stencil_buf_3_d0        |  160|         33|   16|        528|
    |stencil_buf_3_d1        |  160|         33|   16|        528|
    |stencil_buf_4_address0  |  105|         49|    7|        343|
    |stencil_buf_4_address1  |  105|         49|    7|        343|
    |stencil_buf_4_d0        |  160|         33|   16|        528|
    |stencil_buf_4_d1        |  160|         33|   16|        528|
    |stencil_buf_5_address0  |  105|         49|    7|        343|
    |stencil_buf_5_address1  |  105|         49|    7|        343|
    |stencil_buf_5_d0        |  160|         33|   16|        528|
    |stencil_buf_5_d1        |  160|         33|   16|        528|
    |stencil_buf_6_address0  |  105|         49|    7|        343|
    |stencil_buf_6_address1  |  105|         49|    7|        343|
    |stencil_buf_6_d0        |  160|         33|   16|        528|
    |stencil_buf_6_d1        |  160|         33|   16|        528|
    |stencil_buf_7_address0  |  105|         49|    7|        343|
    |stencil_buf_7_address1  |  105|         49|    7|        343|
    |stencil_buf_7_d0        |  160|         33|   16|        528|
    |stencil_buf_7_d1        |  160|         33|   16|        528|
    +------------------------+-----+-----------+-----+-----------+
    |Total                   | 4813|       1507|  543|      14901|
    +------------------------+-----+-----------+-----+-----------+

    * Register: 
    +---------------------------------+-----+----+-----+-----------+
    |               Name              |  FF | LUT| Bits| Const Bits|
    +---------------------------------+-----+----+-----+-----------+
    |ap_CS_fsm                        |  104|   0|  104|          0|
    |assign_105_1_reg_10331           |   16|   0|   16|          0|
    |assign_105_2_reg_10628           |   16|   0|   16|          0|
    |assign_105_3_reg_10813           |   16|   0|   16|          0|
    |assign_105_4_reg_11109           |   16|   0|   16|          0|
    |assign_105_5_reg_11400           |   16|   0|   16|          0|
    |assign_105_6_reg_11697           |   16|   0|   16|          0|
    |assign_105_7_reg_11988           |   16|   0|   16|          0|
    |assign_107_1_reg_10618           |   16|   0|   16|          0|
    |assign_107_2_reg_10904           |   16|   0|   16|          0|
    |assign_107_3_reg_11099           |   16|   0|   16|          0|
    |assign_107_4_reg_11390           |   16|   0|   16|          0|
    |assign_107_5_reg_11687           |   16|   0|   16|          0|
    |assign_107_6_reg_11978           |   16|   0|   16|          0|
    |assign_107_7_reg_12258           |   16|   0|   16|          0|
    |assign_115_1_reg_10427           |   16|   0|   16|          0|
    |assign_115_2_reg_10029           |   16|   0|   16|          0|
    |assign_115_3_reg_10914           |   16|   0|   16|          0|
    |assign_115_4_reg_11205           |   16|   0|   16|          0|
    |assign_115_5_reg_11496           |   16|   0|   16|          0|
    |assign_115_6_reg_11792           |   16|   0|   16|          0|
    |assign_115_7_reg_12073           |   16|   0|   16|          0|
    |assign_116_1_reg_10708           |   16|   0|   16|          0|
    |assign_116_2_reg_10231           |   16|   0|   16|          0|
    |assign_116_3_reg_11195           |   16|   0|   16|          0|
    |assign_116_4_reg_11486           |   16|   0|   16|          0|
    |assign_116_5_reg_11782           |   16|   0|   16|          0|
    |assign_116_6_reg_12063           |   16|   0|   16|          0|
    |assign_116_7_reg_12353           |   16|   0|   16|          0|
    |assign_125_1_reg_10527           |   16|   0|   16|          0|
    |assign_125_2_reg_10718           |   16|   0|   16|          0|
    |assign_125_3_reg_11009           |   16|   0|   16|          0|
    |assign_125_4_reg_11300           |   16|   0|   16|          0|
    |assign_125_5_reg_11596           |   16|   0|   16|          0|
    |assign_125_6_reg_11888           |   16|   0|   16|          0|
    |assign_125_7_reg_12168           |   16|   0|   16|          0|
    |assign_126_1_reg_10803           |   16|   0|   16|          0|
    |assign_126_2_reg_10999           |   16|   0|   16|          0|
    |assign_126_3_reg_11290           |   16|   0|   16|          0|
    |assign_126_4_reg_11586           |   16|   0|   16|          0|
    |assign_126_5_reg_11878           |   16|   0|   16|          0|
    |assign_126_6_reg_12158           |   16|   0|   16|          0|
    |assign_126_7_reg_12443           |   16|   0|   16|          0|
    |assign_127_1_reg_10899           |   16|   0|   16|          0|
    |assign_127_2_reg_11094           |   16|   0|   16|          0|
    |assign_127_3_reg_11385           |   16|   0|   16|          0|
    |assign_127_4_reg_11682           |   16|   0|   16|          0|
    |assign_127_5_reg_11973           |   16|   0|   16|          0|
    |assign_127_6_reg_12253           |   16|   0|   16|          0|
    |assign_127_7_reg_12538           |   16|   0|   16|          0|
    |assign_128_1_reg_12623           |   16|   0|   16|          0|
    |assign_128_2_reg_12718           |   16|   0|   16|          0|
    |assign_128_3_reg_12808           |   16|   0|   16|          0|
    |assign_128_4_reg_12898           |   16|   0|   16|          0|
    |assign_128_5_reg_12918           |   16|   0|   16|          0|
    |assign_128_6_reg_12928           |   16|   0|   16|          0|
    |assign_128_7_reg_12933           |   16|   0|   16|          0|
    |assign_1_reg_10136               |   16|   0|   16|          0|
    |assign_2_reg_10417               |   16|   0|   16|          0|
    |assign_3_reg_12528               |   16|   0|   16|          0|
    |assign_4_reg_10226               |   16|   0|   16|          0|
    |assign_5_reg_10517               |   16|   0|   16|          0|
    |assign_7_reg_10066               |   16|   0|   16|          0|
    |assign_8_reg_10326               |   16|   0|   16|          0|
    |assign_s_reg_10613               |   16|   0|   16|          0|
    |exitcond6_reg_9649               |    1|   0|    1|          0|
    |gep102_loc_reg_4284              |   16|   0|   16|          0|
    |gep4737_loc_reg_4361             |   16|   0|   16|          0|
    |gep4746_loc_reg_4350             |   16|   0|   16|          0|
    |gep4755_loc_reg_4339             |   16|   0|   16|          0|
    |gep66_loc_reg_4328               |   16|   0|   16|          0|
    |gep75_loc_reg_4317               |   16|   0|   16|          0|
    |gep84_loc_reg_4306               |   16|   0|   16|          0|
    |gep93_loc_reg_4295               |   16|   0|   16|          0|
    |icmp1_reg_9684                   |    1|   0|    1|          0|
    |icmp_reg_9664                    |    1|   0|    1|          0|
    |input_0_load_reg_9998            |   16|   0|   16|          0|
    |input_1_load_reg_10411           |   16|   0|   16|          0|
    |input_2_load_reg_10607           |   16|   0|   16|          0|
    |input_3_load_reg_10893           |   16|   0|   16|          0|
    |input_4_load_reg_11189           |   16|   0|   16|          0|
    |input_5_load_reg_11480           |   16|   0|   16|          0|
    |input_6_load_reg_11676           |   16|   0|   16|          0|
    |input_7_load_reg_11872           |   16|   0|   16|          0|
    |input_index_1_reg_9653           |   14|   0|   14|          0|
    |input_index_reg_4272             |   14|   0|   14|          0|
    |newIndex_reg_12938               |   14|   0|   14|          0|
    |or_cond1_1_reg_10021             |    1|   0|    1|          0|
    |or_cond1_2_reg_10025             |    1|   0|    1|          0|
    |or_cond1_3_reg_10034             |    1|   0|    1|          0|
    |or_cond1_4_reg_10038             |    1|   0|    1|          0|
    |or_cond1_5_reg_10042             |    1|   0|    1|          0|
    |or_cond1_6_reg_10046             |    1|   0|    1|          0|
    |or_cond1_7_reg_10050             |    1|   0|    1|          0|
    |or_cond1_reg_10017               |    1|   0|    1|          0|
    |output_index_1_reg_9698          |   14|   0|   17|          3|
    |p_lshr_f_3_cast_reg_9736         |    9|   0|    9|          0|
    |p_lshr_f_4_cast_reg_9755         |    9|   0|    9|          0|
    |p_lshr_f_5_cast_reg_9774         |    9|   0|    9|          0|
    |p_lshr_f_6_cast_reg_9793         |    9|   0|    9|          0|
    |p_lshr_f_7_cast_reg_9812         |    9|   0|    9|          0|
    |p_neg_t1_reg_9708                |   14|   0|   17|          3|
    |p_neg_t2_reg_9688                |   14|   0|   17|          3|
    |p_neg_t_reg_9693                 |   12|   0|   12|          0|
    |q_1_reg_9922                     |   32|   0|   32|          0|
    |reg_4381                         |   16|   0|   16|          0|
    |reg_4387                         |   16|   0|   16|          0|
    |reg_4393                         |   16|   0|   16|          0|
    |reg_4399                         |   16|   0|   16|          0|
    |reg_4405                         |   16|   0|   16|          0|
    |reg_4411                         |   16|   0|   16|          0|
    |reg_4417                         |   16|   0|   16|          0|
    |reg_4423                         |   16|   0|   16|          0|
    |reg_4429                         |   16|   0|   16|          0|
    |reg_4435                         |   16|   0|   16|          0|
    |reg_4440                         |   16|   0|   16|          0|
    |reg_4445                         |   16|   0|   16|          0|
    |reg_4450                         |   16|   0|   16|          0|
    |reg_4455                         |   16|   0|   16|          0|
    |reg_4460                         |   16|   0|   16|          0|
    |reg_4465                         |   16|   0|   16|          0|
    |reg_4470                         |   16|   0|   16|          0|
    |reg_4475                         |   16|   0|   16|          0|
    |reg_4480                         |   16|   0|   16|          0|
    |reg_4485                         |   16|   0|   16|          0|
    |reg_4490                         |   16|   0|   16|          0|
    |reg_4495                         |   16|   0|   16|          0|
    |reg_4501                         |   16|   0|   16|          0|
    |slt10_reg_9779                   |    1|   0|    1|          0|
    |slt11_reg_9968                   |    1|   0|    1|          0|
    |slt12_reg_9798                   |    1|   0|    1|          0|
    |slt13_reg_9978                   |    1|   0|    1|          0|
    |slt14_reg_9817                   |    1|   0|    1|          0|
    |slt15_reg_9988                   |    1|   0|    1|          0|
    |slt1_reg_9907                    |    1|   0|    1|          0|
    |slt2_reg_9928                    |    1|   0|    1|          0|
    |slt4_reg_9722                    |    1|   0|    1|          0|
    |slt5_reg_9938                    |    1|   0|    1|          0|
    |slt6_reg_9741                    |    1|   0|    1|          0|
    |slt7_reg_9948                    |    1|   0|    1|          0|
    |slt8_reg_9760                    |    1|   0|    1|          0|
    |slt9_reg_9958                    |    1|   0|    1|          0|
    |slt_reg_9902                     |    1|   0|    1|          0|
    |stencil_buf_0_load_10_reg_10336  |   16|   0|   16|          0|
    |stencil_buf_0_load_11_reg_10341  |   16|   0|   16|          0|
    |stencil_buf_0_load_12_reg_10432  |   16|   0|   16|          0|
    |stencil_buf_0_load_13_reg_10442  |   16|   0|   16|          0|
    |stencil_buf_0_load_14_reg_10532  |   16|   0|   16|          0|
    |stencil_buf_0_load_15_reg_10542  |   16|   0|   16|          0|
    |stencil_buf_0_load_16_reg_10633  |   16|   0|   16|          0|
    |stencil_buf_0_load_17_reg_10643  |   16|   0|   16|          0|
    |stencil_buf_0_load_18_reg_10723  |   16|   0|   16|          0|
    |stencil_buf_0_load_19_reg_10733  |   16|   0|   16|          0|
    |stencil_buf_0_load_1_reg_9841    |   16|   0|   16|          0|
    |stencil_buf_0_load_20_reg_10818  |   16|   0|   16|          0|
    |stencil_buf_0_load_21_reg_10828  |   16|   0|   16|          0|
    |stencil_buf_0_load_22_reg_10919  |   16|   0|   16|          0|
    |stencil_buf_0_load_23_reg_10929  |   16|   0|   16|          0|
    |stencil_buf_0_load_24_reg_11014  |   16|   0|   16|          0|
    |stencil_buf_0_load_25_reg_11024  |   16|   0|   16|          0|
    |stencil_buf_0_load_26_reg_11114  |   16|   0|   16|          0|
    |stencil_buf_0_load_27_reg_11124  |   16|   0|   16|          0|
    |stencil_buf_0_load_28_reg_11210  |   16|   0|   16|          0|
    |stencil_buf_0_load_29_reg_11220  |   16|   0|   16|          0|
    |stencil_buf_0_load_30_reg_11305  |   16|   0|   16|          0|
    |stencil_buf_0_load_31_reg_11315  |   16|   0|   16|          0|
    |stencil_buf_0_load_32_reg_11405  |   16|   0|   16|          0|
    |stencil_buf_0_load_33_reg_11415  |   16|   0|   16|          0|
    |stencil_buf_0_load_34_reg_11501  |   16|   0|   16|          0|
    |stencil_buf_0_load_35_reg_11511  |   16|   0|   16|          0|
    |stencil_buf_0_load_36_reg_11601  |   16|   0|   16|          0|
    |stencil_buf_0_load_37_reg_11611  |   16|   0|   16|          0|
    |stencil_buf_0_load_38_reg_11702  |   16|   0|   16|          0|
    |stencil_buf_0_load_39_reg_11712  |   16|   0|   16|          0|
    |stencil_buf_0_load_3_reg_10004   |   16|   0|   16|          0|
    |stencil_buf_0_load_41_reg_11802  |   16|   0|   16|          0|
    |stencil_buf_0_load_42_reg_11893  |   16|   0|   16|          0|
    |stencil_buf_0_load_43_reg_11903  |   16|   0|   16|          0|
    |stencil_buf_0_load_44_reg_11993  |   16|   0|   16|          0|
    |stencil_buf_0_load_45_reg_11998  |   16|   0|   16|          0|
    |stencil_buf_0_load_46_reg_12078  |   16|   0|   16|          0|
    |stencil_buf_0_load_47_reg_12088  |   16|   0|   16|          0|
    |stencil_buf_0_load_48_reg_12173  |   16|   0|   16|          0|
    |stencil_buf_0_load_49_reg_12183  |   16|   0|   16|          0|
    |stencil_buf_0_load_4_reg_10054   |   16|   0|   16|          0|
    |stencil_buf_0_load_50_reg_12268  |   16|   0|   16|          0|
    |stencil_buf_0_load_51_reg_12278  |   16|   0|   16|          0|
    |stencil_buf_0_load_52_reg_12358  |   16|   0|   16|          0|
    |stencil_buf_0_load_53_reg_12368  |   16|   0|   16|          0|
    |stencil_buf_0_load_54_reg_12448  |   16|   0|   16|          0|
    |stencil_buf_0_load_55_reg_12458  |   16|   0|   16|          0|
    |stencil_buf_0_load_56_reg_12543  |   16|   0|   16|          0|
    |stencil_buf_0_load_57_reg_12553  |   16|   0|   16|          0|
    |stencil_buf_0_load_58_reg_12638  |   16|   0|   16|          0|
    |stencil_buf_0_load_59_reg_12648  |   16|   0|   16|          0|
    |stencil_buf_0_load_60_reg_12728  |   16|   0|   16|          0|
    |stencil_buf_0_load_61_reg_12738  |   16|   0|   16|          0|
    |stencil_buf_0_load_62_reg_12818  |   16|   0|   16|          0|
    |stencil_buf_0_load_63_reg_12828  |   16|   0|   16|          0|
    |stencil_buf_0_load_65_reg_12908  |   16|   0|   16|          0|
    |stencil_buf_0_load_7_reg_10151   |   16|   0|   16|          0|
    |stencil_buf_0_load_8_reg_10236   |   16|   0|   16|          0|
    |stencil_buf_0_load_9_reg_10246   |   16|   0|   16|          0|
    |stencil_buf_1_load_11_reg_10346  |   16|   0|   16|          0|
    |stencil_buf_1_load_12_reg_10437  |   16|   0|   16|          0|
    |stencil_buf_1_load_13_reg_10447  |   16|   0|   16|          0|
    |stencil_buf_1_load_14_reg_10537  |   16|   0|   16|          0|
    |stencil_buf_1_load_15_reg_10547  |   16|   0|   16|          0|
    |stencil_buf_1_load_16_reg_10638  |   16|   0|   16|          0|
    |stencil_buf_1_load_17_reg_10648  |   16|   0|   16|          0|
    |stencil_buf_1_load_18_reg_10728  |   16|   0|   16|          0|
    |stencil_buf_1_load_19_reg_10738  |   16|   0|   16|          0|
    |stencil_buf_1_load_1_reg_9848    |   16|   0|   16|          0|
    |stencil_buf_1_load_20_reg_10823  |   16|   0|   16|          0|
    |stencil_buf_1_load_21_reg_10833  |   16|   0|   16|          0|
    |stencil_buf_1_load_22_reg_10924  |   16|   0|   16|          0|
    |stencil_buf_1_load_23_reg_10934  |   16|   0|   16|          0|
    |stencil_buf_1_load_24_reg_11019  |   16|   0|   16|          0|
    |stencil_buf_1_load_25_reg_11029  |   16|   0|   16|          0|
    |stencil_buf_1_load_26_reg_11119  |   16|   0|   16|          0|
    |stencil_buf_1_load_27_reg_11129  |   16|   0|   16|          0|
    |stencil_buf_1_load_28_reg_11215  |   16|   0|   16|          0|
    |stencil_buf_1_load_29_reg_11225  |   16|   0|   16|          0|
    |stencil_buf_1_load_30_reg_11310  |   16|   0|   16|          0|
    |stencil_buf_1_load_31_reg_11320  |   16|   0|   16|          0|
    |stencil_buf_1_load_32_reg_11410  |   16|   0|   16|          0|
    |stencil_buf_1_load_33_reg_11420  |   16|   0|   16|          0|
    |stencil_buf_1_load_34_reg_11506  |   16|   0|   16|          0|
    |stencil_buf_1_load_35_reg_11516  |   16|   0|   16|          0|
    |stencil_buf_1_load_36_reg_11606  |   16|   0|   16|          0|
    |stencil_buf_1_load_37_reg_11616  |   16|   0|   16|          0|
    |stencil_buf_1_load_38_reg_11707  |   16|   0|   16|          0|
    |stencil_buf_1_load_39_reg_11717  |   16|   0|   16|          0|
    |stencil_buf_1_load_3_reg_10060   |   16|   0|   16|          0|
    |stencil_buf_1_load_40_reg_11797  |   16|   0|   16|          0|
    |stencil_buf_1_load_41_reg_11807  |   16|   0|   16|          0|
    |stencil_buf_1_load_42_reg_11898  |   16|   0|   16|          0|
    |stencil_buf_1_load_43_reg_11908  |   16|   0|   16|          0|
    |stencil_buf_1_load_45_reg_12003  |   16|   0|   16|          0|
    |stencil_buf_1_load_46_reg_12083  |   16|   0|   16|          0|
    |stencil_buf_1_load_47_reg_12093  |   16|   0|   16|          0|
    |stencil_buf_1_load_48_reg_12178  |   16|   0|   16|          0|
    |stencil_buf_1_load_49_reg_12188  |   16|   0|   16|          0|
    |stencil_buf_1_load_4_reg_10010   |   16|   0|   16|          0|
    |stencil_buf_1_load_50_reg_12273  |   16|   0|   16|          0|
    |stencil_buf_1_load_51_reg_12283  |   16|   0|   16|          0|
    |stencil_buf_1_load_52_reg_12363  |   16|   0|   16|          0|
    |stencil_buf_1_load_53_reg_12373  |   16|   0|   16|          0|
    |stencil_buf_1_load_54_reg_12453  |   16|   0|   16|          0|
    |stencil_buf_1_load_55_reg_12463  |   16|   0|   16|          0|
    |stencil_buf_1_load_56_reg_12548  |   16|   0|   16|          0|
    |stencil_buf_1_load_57_reg_12558  |   16|   0|   16|          0|
    |stencil_buf_1_load_58_reg_12643  |   16|   0|   16|          0|
    |stencil_buf_1_load_59_reg_12653  |   16|   0|   16|          0|
    |stencil_buf_1_load_60_reg_12733  |   16|   0|   16|          0|
    |stencil_buf_1_load_61_reg_12743  |   16|   0|   16|          0|
    |stencil_buf_1_load_62_reg_12823  |   16|   0|   16|          0|
    |stencil_buf_1_load_63_reg_12833  |   16|   0|   16|          0|
    |stencil_buf_1_load_65_reg_12913  |   16|   0|   16|          0|
    |stencil_buf_1_load_6_reg_10146   |   16|   0|   16|          0|
    |stencil_buf_1_load_7_reg_10156   |   16|   0|   16|          0|
    |stencil_buf_1_load_8_reg_10241   |   16|   0|   16|          0|
    |stencil_buf_1_load_9_reg_10251   |   16|   0|   16|          0|
    |stencil_buf_2_load_10_reg_10351  |   16|   0|   16|          0|
    |stencil_buf_2_load_11_reg_10381  |   16|   0|   16|          0|
    |stencil_buf_2_load_12_reg_10452  |   16|   0|   16|          0|
    |stencil_buf_2_load_13_reg_10482  |   16|   0|   16|          0|
    |stencil_buf_2_load_14_reg_10552  |   16|   0|   16|          0|
    |stencil_buf_2_load_15_reg_10577  |   16|   0|   16|          0|
    |stencil_buf_2_load_17_reg_10678  |   16|   0|   16|          0|
    |stencil_buf_2_load_18_reg_10743  |   16|   0|   16|          0|
    |stencil_buf_2_load_19_reg_10768  |   16|   0|   16|          0|
    |stencil_buf_2_load_1_reg_9854    |   16|   0|   16|          0|
    |stencil_buf_2_load_20_reg_10838  |   16|   0|   16|          0|
    |stencil_buf_2_load_21_reg_10863  |   16|   0|   16|          0|
    |stencil_buf_2_load_22_reg_10939  |   16|   0|   16|          0|
    |stencil_buf_2_load_23_reg_10969  |   16|   0|   16|          0|
    |stencil_buf_2_load_24_reg_11034  |   16|   0|   16|          0|
    |stencil_buf_2_load_25_reg_11059  |   16|   0|   16|          0|
    |stencil_buf_2_load_26_reg_11134  |   16|   0|   16|          0|
    |stencil_buf_2_load_27_reg_11159  |   16|   0|   16|          0|
    |stencil_buf_2_load_28_reg_11230  |   16|   0|   16|          0|
    |stencil_buf_2_load_29_reg_11260  |   16|   0|   16|          0|
    |stencil_buf_2_load_30_reg_11325  |   16|   0|   16|          0|
    |stencil_buf_2_load_31_reg_11350  |   16|   0|   16|          0|
    |stencil_buf_2_load_32_reg_11425  |   16|   0|   16|          0|
    |stencil_buf_2_load_33_reg_11450  |   16|   0|   16|          0|
    |stencil_buf_2_load_34_reg_11521  |   16|   0|   16|          0|
    |stencil_buf_2_load_35_reg_11551  |   16|   0|   16|          0|
    |stencil_buf_2_load_36_reg_11621  |   16|   0|   16|          0|
    |stencil_buf_2_load_37_reg_11646  |   16|   0|   16|          0|
    |stencil_buf_2_load_38_reg_11722  |   16|   0|   16|          0|
    |stencil_buf_2_load_39_reg_11747  |   16|   0|   16|          0|
    |stencil_buf_2_load_40_reg_11812  |   16|   0|   16|          0|
    |stencil_buf_2_load_41_reg_11842  |   16|   0|   16|          0|
    |stencil_buf_2_load_42_reg_11913  |   16|   0|   16|          0|
    |stencil_buf_2_load_43_reg_11943  |   16|   0|   16|          0|
    |stencil_buf_2_load_44_reg_12008  |   16|   0|   16|          0|
    |stencil_buf_2_load_45_reg_12033  |   16|   0|   16|          0|
    |stencil_buf_2_load_46_reg_12098  |   16|   0|   16|          0|
    |stencil_buf_2_load_47_reg_12128  |   16|   0|   16|          0|
    |stencil_buf_2_load_48_reg_12193  |   16|   0|   16|          0|
    |stencil_buf_2_load_49_reg_12223  |   16|   0|   16|          0|
    |stencil_buf_2_load_4_reg_10076   |   16|   0|   16|          0|
    |stencil_buf_2_load_50_reg_12288  |   16|   0|   16|          0|
    |stencil_buf_2_load_51_reg_12318  |   16|   0|   16|          0|
    |stencil_buf_2_load_52_reg_12378  |   16|   0|   16|          0|
    |stencil_buf_2_load_53_reg_12408  |   16|   0|   16|          0|
    |stencil_buf_2_load_54_reg_12468  |   16|   0|   16|          0|
    |stencil_buf_2_load_55_reg_12498  |   16|   0|   16|          0|
    |stencil_buf_2_load_56_reg_12563  |   16|   0|   16|          0|
    |stencil_buf_2_load_57_reg_12593  |   16|   0|   16|          0|
    |stencil_buf_2_load_58_reg_12658  |   16|   0|   16|          0|
    |stencil_buf_2_load_59_reg_12688  |   16|   0|   16|          0|
    |stencil_buf_2_load_5_reg_10106   |   16|   0|   16|          0|
    |stencil_buf_2_load_60_reg_12748  |   16|   0|   16|          0|
    |stencil_buf_2_load_61_reg_12778  |   16|   0|   16|          0|
    |stencil_buf_2_load_62_reg_12838  |   16|   0|   16|          0|
    |stencil_buf_2_load_63_reg_12868  |   16|   0|   16|          0|
    |stencil_buf_2_load_6_reg_10161   |   16|   0|   16|          0|
    |stencil_buf_2_load_7_reg_10191   |   16|   0|   16|          0|
    |stencil_buf_2_load_8_reg_10256   |   16|   0|   16|          0|
    |stencil_buf_2_load_9_reg_10286   |   16|   0|   16|          0|
    |stencil_buf_3_load_10_reg_10356  |   16|   0|   16|          0|
    |stencil_buf_3_load_11_reg_10386  |   16|   0|   16|          0|
    |stencil_buf_3_load_12_reg_10457  |   16|   0|   16|          0|
    |stencil_buf_3_load_13_reg_10487  |   16|   0|   16|          0|
    |stencil_buf_3_load_15_reg_10582  |   16|   0|   16|          0|
    |stencil_buf_3_load_16_reg_10653  |   16|   0|   16|          0|
    |stencil_buf_3_load_17_reg_10683  |   16|   0|   16|          0|
    |stencil_buf_3_load_18_reg_10748  |   16|   0|   16|          0|
    |stencil_buf_3_load_19_reg_10773  |   16|   0|   16|          0|
    |stencil_buf_3_load_1_reg_9862    |   16|   0|   16|          0|
    |stencil_buf_3_load_21_reg_10868  |   16|   0|   16|          0|
    |stencil_buf_3_load_22_reg_10944  |   16|   0|   16|          0|
    |stencil_buf_3_load_23_reg_10974  |   16|   0|   16|          0|
    |stencil_buf_3_load_24_reg_11039  |   16|   0|   16|          0|
    |stencil_buf_3_load_25_reg_11064  |   16|   0|   16|          0|
    |stencil_buf_3_load_26_reg_11139  |   16|   0|   16|          0|
    |stencil_buf_3_load_27_reg_11164  |   16|   0|   16|          0|
    |stencil_buf_3_load_28_reg_11235  |   16|   0|   16|          0|
    |stencil_buf_3_load_29_reg_11265  |   16|   0|   16|          0|
    |stencil_buf_3_load_30_reg_11330  |   16|   0|   16|          0|
    |stencil_buf_3_load_31_reg_11355  |   16|   0|   16|          0|
    |stencil_buf_3_load_32_reg_11430  |   16|   0|   16|          0|
    |stencil_buf_3_load_33_reg_11455  |   16|   0|   16|          0|
    |stencil_buf_3_load_34_reg_11526  |   16|   0|   16|          0|
    |stencil_buf_3_load_35_reg_11556  |   16|   0|   16|          0|
    |stencil_buf_3_load_36_reg_11626  |   16|   0|   16|          0|
    |stencil_buf_3_load_37_reg_11651  |   16|   0|   16|          0|
    |stencil_buf_3_load_38_reg_11727  |   16|   0|   16|          0|
    |stencil_buf_3_load_39_reg_11752  |   16|   0|   16|          0|
    |stencil_buf_3_load_40_reg_11817  |   16|   0|   16|          0|
    |stencil_buf_3_load_41_reg_11847  |   16|   0|   16|          0|
    |stencil_buf_3_load_42_reg_11918  |   16|   0|   16|          0|
    |stencil_buf_3_load_43_reg_11948  |   16|   0|   16|          0|
    |stencil_buf_3_load_44_reg_12013  |   16|   0|   16|          0|
    |stencil_buf_3_load_45_reg_12038  |   16|   0|   16|          0|
    |stencil_buf_3_load_46_reg_12103  |   16|   0|   16|          0|
    |stencil_buf_3_load_47_reg_12133  |   16|   0|   16|          0|
    |stencil_buf_3_load_48_reg_12198  |   16|   0|   16|          0|
    |stencil_buf_3_load_49_reg_12228  |   16|   0|   16|          0|
    |stencil_buf_3_load_4_reg_10081   |   16|   0|   16|          0|
    |stencil_buf_3_load_50_reg_12293  |   16|   0|   16|          0|
    |stencil_buf_3_load_51_reg_12323  |   16|   0|   16|          0|
    |stencil_buf_3_load_52_reg_12383  |   16|   0|   16|          0|
    |stencil_buf_3_load_53_reg_12413  |   16|   0|   16|          0|
    |stencil_buf_3_load_54_reg_12473  |   16|   0|   16|          0|
    |stencil_buf_3_load_55_reg_12503  |   16|   0|   16|          0|
    |stencil_buf_3_load_56_reg_12568  |   16|   0|   16|          0|
    |stencil_buf_3_load_57_reg_12598  |   16|   0|   16|          0|
    |stencil_buf_3_load_58_reg_12663  |   16|   0|   16|          0|
    |stencil_buf_3_load_59_reg_12693  |   16|   0|   16|          0|
    |stencil_buf_3_load_5_reg_10111   |   16|   0|   16|          0|
    |stencil_buf_3_load_60_reg_12753  |   16|   0|   16|          0|
    |stencil_buf_3_load_61_reg_12783  |   16|   0|   16|          0|
    |stencil_buf_3_load_62_reg_12843  |   16|   0|   16|          0|
    |stencil_buf_3_load_63_reg_12873  |   16|   0|   16|          0|
    |stencil_buf_3_load_6_reg_10166   |   16|   0|   16|          0|
    |stencil_buf_3_load_7_reg_10196   |   16|   0|   16|          0|
    |stencil_buf_3_load_8_reg_10261   |   16|   0|   16|          0|
    |stencil_buf_3_load_9_reg_10291   |   16|   0|   16|          0|
    |stencil_buf_4_load_10_reg_10361  |   16|   0|   16|          0|
    |stencil_buf_4_load_11_reg_10391  |   16|   0|   16|          0|
    |stencil_buf_4_load_12_reg_10462  |   16|   0|   16|          0|
    |stencil_buf_4_load_13_reg_10492  |   16|   0|   16|          0|
    |stencil_buf_4_load_14_reg_10557  |   16|   0|   16|          0|
    |stencil_buf_4_load_15_reg_10587  |   16|   0|   16|          0|
    |stencil_buf_4_load_16_reg_10658  |   16|   0|   16|          0|
    |stencil_buf_4_load_17_reg_10688  |   16|   0|   16|          0|
    |stencil_buf_4_load_19_reg_10778  |   16|   0|   16|          0|
    |stencil_buf_4_load_1_reg_9870    |   16|   0|   16|          0|
    |stencil_buf_4_load_20_reg_10843  |   16|   0|   16|          0|
    |stencil_buf_4_load_21_reg_10873  |   16|   0|   16|          0|
    |stencil_buf_4_load_22_reg_10949  |   16|   0|   16|          0|
    |stencil_buf_4_load_23_reg_10979  |   16|   0|   16|          0|
    |stencil_buf_4_load_24_reg_11044  |   16|   0|   16|          0|
    |stencil_buf_4_load_25_reg_11069  |   16|   0|   16|          0|
    |stencil_buf_4_load_27_reg_11169  |   16|   0|   16|          0|
    |stencil_buf_4_load_28_reg_11240  |   16|   0|   16|          0|
    |stencil_buf_4_load_29_reg_11270  |   16|   0|   16|          0|
    |stencil_buf_4_load_30_reg_11335  |   16|   0|   16|          0|
    |stencil_buf_4_load_31_reg_11360  |   16|   0|   16|          0|
    |stencil_buf_4_load_32_reg_11435  |   16|   0|   16|          0|
    |stencil_buf_4_load_33_reg_11460  |   16|   0|   16|          0|
    |stencil_buf_4_load_34_reg_11531  |   16|   0|   16|          0|
    |stencil_buf_4_load_35_reg_11561  |   16|   0|   16|          0|
    |stencil_buf_4_load_36_reg_11631  |   16|   0|   16|          0|
    |stencil_buf_4_load_37_reg_11656  |   16|   0|   16|          0|
    |stencil_buf_4_load_38_reg_11732  |   16|   0|   16|          0|
    |stencil_buf_4_load_39_reg_11757  |   16|   0|   16|          0|
    |stencil_buf_4_load_40_reg_11822  |   16|   0|   16|          0|
    |stencil_buf_4_load_41_reg_11852  |   16|   0|   16|          0|
    |stencil_buf_4_load_42_reg_11923  |   16|   0|   16|          0|
    |stencil_buf_4_load_43_reg_11953  |   16|   0|   16|          0|
    |stencil_buf_4_load_44_reg_12018  |   16|   0|   16|          0|
    |stencil_buf_4_load_45_reg_12043  |   16|   0|   16|          0|
    |stencil_buf_4_load_46_reg_12108  |   16|   0|   16|          0|
    |stencil_buf_4_load_47_reg_12138  |   16|   0|   16|          0|
    |stencil_buf_4_load_48_reg_12203  |   16|   0|   16|          0|
    |stencil_buf_4_load_49_reg_12233  |   16|   0|   16|          0|
    |stencil_buf_4_load_4_reg_10086   |   16|   0|   16|          0|
    |stencil_buf_4_load_50_reg_12298  |   16|   0|   16|          0|
    |stencil_buf_4_load_51_reg_12328  |   16|   0|   16|          0|
    |stencil_buf_4_load_52_reg_12388  |   16|   0|   16|          0|
    |stencil_buf_4_load_53_reg_12418  |   16|   0|   16|          0|
    |stencil_buf_4_load_54_reg_12478  |   16|   0|   16|          0|
    |stencil_buf_4_load_55_reg_12508  |   16|   0|   16|          0|
    |stencil_buf_4_load_56_reg_12573  |   16|   0|   16|          0|
    |stencil_buf_4_load_57_reg_12603  |   16|   0|   16|          0|
    |stencil_buf_4_load_58_reg_12668  |   16|   0|   16|          0|
    |stencil_buf_4_load_59_reg_12698  |   16|   0|   16|          0|
    |stencil_buf_4_load_5_reg_10116   |   16|   0|   16|          0|
    |stencil_buf_4_load_60_reg_12758  |   16|   0|   16|          0|
    |stencil_buf_4_load_61_reg_12788  |   16|   0|   16|          0|
    |stencil_buf_4_load_62_reg_12848  |   16|   0|   16|          0|
    |stencil_buf_4_load_63_reg_12878  |   16|   0|   16|          0|
    |stencil_buf_4_load_6_reg_10171   |   16|   0|   16|          0|
    |stencil_buf_4_load_7_reg_10201   |   16|   0|   16|          0|
    |stencil_buf_4_load_8_reg_10266   |   16|   0|   16|          0|
    |stencil_buf_4_load_9_reg_10296   |   16|   0|   16|          0|
    |stencil_buf_5_load_10_reg_10366  |   16|   0|   16|          0|
    |stencil_buf_5_load_11_reg_10396  |   16|   0|   16|          0|
    |stencil_buf_5_load_12_reg_10467  |   16|   0|   16|          0|
    |stencil_buf_5_load_13_reg_10497  |   16|   0|   16|          0|
    |stencil_buf_5_load_14_reg_10562  |   16|   0|   16|          0|
    |stencil_buf_5_load_15_reg_10592  |   16|   0|   16|          0|
    |stencil_buf_5_load_16_reg_10663  |   16|   0|   16|          0|
    |stencil_buf_5_load_17_reg_10693  |   16|   0|   16|          0|
    |stencil_buf_5_load_18_reg_10753  |   16|   0|   16|          0|
    |stencil_buf_5_load_19_reg_10783  |   16|   0|   16|          0|
    |stencil_buf_5_load_1_reg_9878    |   16|   0|   16|          0|
    |stencil_buf_5_load_20_reg_10848  |   16|   0|   16|          0|
    |stencil_buf_5_load_21_reg_10878  |   16|   0|   16|          0|
    |stencil_buf_5_load_22_reg_10954  |   16|   0|   16|          0|
    |stencil_buf_5_load_23_reg_10984  |   16|   0|   16|          0|
    |stencil_buf_5_load_25_reg_11074  |   16|   0|   16|          0|
    |stencil_buf_5_load_26_reg_11144  |   16|   0|   16|          0|
    |stencil_buf_5_load_27_reg_11174  |   16|   0|   16|          0|
    |stencil_buf_5_load_28_reg_11245  |   16|   0|   16|          0|
    |stencil_buf_5_load_29_reg_11275  |   16|   0|   16|          0|
    |stencil_buf_5_load_30_reg_11340  |   16|   0|   16|          0|
    |stencil_buf_5_load_31_reg_11365  |   16|   0|   16|          0|
    |stencil_buf_5_load_33_reg_11465  |   16|   0|   16|          0|
    |stencil_buf_5_load_34_reg_11536  |   16|   0|   16|          0|
    |stencil_buf_5_load_35_reg_11566  |   16|   0|   16|          0|
    |stencil_buf_5_load_36_reg_11636  |   16|   0|   16|          0|
    |stencil_buf_5_load_37_reg_11661  |   16|   0|   16|          0|
    |stencil_buf_5_load_38_reg_11737  |   16|   0|   16|          0|
    |stencil_buf_5_load_39_reg_11762  |   16|   0|   16|          0|
    |stencil_buf_5_load_40_reg_11827  |   16|   0|   16|          0|
    |stencil_buf_5_load_41_reg_11857  |   16|   0|   16|          0|
    |stencil_buf_5_load_42_reg_11928  |   16|   0|   16|          0|
    |stencil_buf_5_load_43_reg_11958  |   16|   0|   16|          0|
    |stencil_buf_5_load_44_reg_12023  |   16|   0|   16|          0|
    |stencil_buf_5_load_45_reg_12048  |   16|   0|   16|          0|
    |stencil_buf_5_load_46_reg_12113  |   16|   0|   16|          0|
    |stencil_buf_5_load_47_reg_12143  |   16|   0|   16|          0|
    |stencil_buf_5_load_48_reg_12208  |   16|   0|   16|          0|
    |stencil_buf_5_load_49_reg_12238  |   16|   0|   16|          0|
    |stencil_buf_5_load_4_reg_10091   |   16|   0|   16|          0|
    |stencil_buf_5_load_50_reg_12303  |   16|   0|   16|          0|
    |stencil_buf_5_load_51_reg_12333  |   16|   0|   16|          0|
    |stencil_buf_5_load_52_reg_12393  |   16|   0|   16|          0|
    |stencil_buf_5_load_53_reg_12423  |   16|   0|   16|          0|
    |stencil_buf_5_load_54_reg_12483  |   16|   0|   16|          0|
    |stencil_buf_5_load_55_reg_12513  |   16|   0|   16|          0|
    |stencil_buf_5_load_56_reg_12578  |   16|   0|   16|          0|
    |stencil_buf_5_load_57_reg_12608  |   16|   0|   16|          0|
    |stencil_buf_5_load_58_reg_12673  |   16|   0|   16|          0|
    |stencil_buf_5_load_59_reg_12703  |   16|   0|   16|          0|
    |stencil_buf_5_load_5_reg_10121   |   16|   0|   16|          0|
    |stencil_buf_5_load_60_reg_12763  |   16|   0|   16|          0|
    |stencil_buf_5_load_61_reg_12793  |   16|   0|   16|          0|
    |stencil_buf_5_load_62_reg_12853  |   16|   0|   16|          0|
    |stencil_buf_5_load_63_reg_12883  |   16|   0|   16|          0|
    |stencil_buf_5_load_6_reg_10176   |   16|   0|   16|          0|
    |stencil_buf_5_load_7_reg_10206   |   16|   0|   16|          0|
    |stencil_buf_5_load_8_reg_10271   |   16|   0|   16|          0|
    |stencil_buf_5_load_9_reg_10301   |   16|   0|   16|          0|
    |stencil_buf_6_load_10_reg_10371  |   16|   0|   16|          0|
    |stencil_buf_6_load_11_reg_10401  |   16|   0|   16|          0|
    |stencil_buf_6_load_12_reg_10472  |   16|   0|   16|          0|
    |stencil_buf_6_load_13_reg_10502  |   16|   0|   16|          0|
    |stencil_buf_6_load_14_reg_10567  |   16|   0|   16|          0|
    |stencil_buf_6_load_15_reg_10597  |   16|   0|   16|          0|
    |stencil_buf_6_load_16_reg_10668  |   16|   0|   16|          0|
    |stencil_buf_6_load_17_reg_10698  |   16|   0|   16|          0|
    |stencil_buf_6_load_18_reg_10758  |   16|   0|   16|          0|
    |stencil_buf_6_load_19_reg_10788  |   16|   0|   16|          0|
    |stencil_buf_6_load_1_reg_9886    |   16|   0|   16|          0|
    |stencil_buf_6_load_20_reg_10853  |   16|   0|   16|          0|
    |stencil_buf_6_load_21_reg_10883  |   16|   0|   16|          0|
    |stencil_buf_6_load_22_reg_10959  |   16|   0|   16|          0|
    |stencil_buf_6_load_23_reg_10989  |   16|   0|   16|          0|
    |stencil_buf_6_load_24_reg_11049  |   16|   0|   16|          0|
    |stencil_buf_6_load_25_reg_11079  |   16|   0|   16|          0|
    |stencil_buf_6_load_26_reg_11149  |   16|   0|   16|          0|
    |stencil_buf_6_load_27_reg_11179  |   16|   0|   16|          0|
    |stencil_buf_6_load_28_reg_11250  |   16|   0|   16|          0|
    |stencil_buf_6_load_29_reg_11280  |   16|   0|   16|          0|
    |stencil_buf_6_load_31_reg_11370  |   16|   0|   16|          0|
    |stencil_buf_6_load_32_reg_11440  |   16|   0|   16|          0|
    |stencil_buf_6_load_33_reg_11470  |   16|   0|   16|          0|
    |stencil_buf_6_load_34_reg_11541  |   16|   0|   16|          0|
    |stencil_buf_6_load_35_reg_11571  |   16|   0|   16|          0|
    |stencil_buf_6_load_36_reg_11641  |   16|   0|   16|          0|
    |stencil_buf_6_load_37_reg_11666  |   16|   0|   16|          0|
    |stencil_buf_6_load_39_reg_11767  |   16|   0|   16|          0|
    |stencil_buf_6_load_40_reg_11832  |   16|   0|   16|          0|
    |stencil_buf_6_load_41_reg_11862  |   16|   0|   16|          0|
    |stencil_buf_6_load_42_reg_11933  |   16|   0|   16|          0|
    |stencil_buf_6_load_43_reg_11963  |   16|   0|   16|          0|
    |stencil_buf_6_load_44_reg_12028  |   16|   0|   16|          0|
    |stencil_buf_6_load_45_reg_12053  |   16|   0|   16|          0|
    |stencil_buf_6_load_46_reg_12118  |   16|   0|   16|          0|
    |stencil_buf_6_load_47_reg_12148  |   16|   0|   16|          0|
    |stencil_buf_6_load_48_reg_12213  |   16|   0|   16|          0|
    |stencil_buf_6_load_49_reg_12243  |   16|   0|   16|          0|
    |stencil_buf_6_load_4_reg_10096   |   16|   0|   16|          0|
    |stencil_buf_6_load_50_reg_12308  |   16|   0|   16|          0|
    |stencil_buf_6_load_51_reg_12338  |   16|   0|   16|          0|
    |stencil_buf_6_load_52_reg_12398  |   16|   0|   16|          0|
    |stencil_buf_6_load_53_reg_12428  |   16|   0|   16|          0|
    |stencil_buf_6_load_54_reg_12488  |   16|   0|   16|          0|
    |stencil_buf_6_load_55_reg_12518  |   16|   0|   16|          0|
    |stencil_buf_6_load_56_reg_12583  |   16|   0|   16|          0|
    |stencil_buf_6_load_57_reg_12613  |   16|   0|   16|          0|
    |stencil_buf_6_load_58_reg_12678  |   16|   0|   16|          0|
    |stencil_buf_6_load_59_reg_12708  |   16|   0|   16|          0|
    |stencil_buf_6_load_5_reg_10126   |   16|   0|   16|          0|
    |stencil_buf_6_load_60_reg_12768  |   16|   0|   16|          0|
    |stencil_buf_6_load_61_reg_12798  |   16|   0|   16|          0|
    |stencil_buf_6_load_62_reg_12858  |   16|   0|   16|          0|
    |stencil_buf_6_load_63_reg_12888  |   16|   0|   16|          0|
    |stencil_buf_6_load_6_reg_10181   |   16|   0|   16|          0|
    |stencil_buf_6_load_7_reg_10211   |   16|   0|   16|          0|
    |stencil_buf_6_load_8_reg_10276   |   16|   0|   16|          0|
    |stencil_buf_6_load_9_reg_10306   |   16|   0|   16|          0|
    |stencil_buf_7_load_10_reg_10376  |   16|   0|   16|          0|
    |stencil_buf_7_load_11_reg_10406  |   16|   0|   16|          0|
    |stencil_buf_7_load_12_reg_10477  |   16|   0|   16|          0|
    |stencil_buf_7_load_13_reg_10507  |   16|   0|   16|          0|
    |stencil_buf_7_load_14_reg_10572  |   16|   0|   16|          0|
    |stencil_buf_7_load_15_reg_10602  |   16|   0|   16|          0|
    |stencil_buf_7_load_16_reg_10673  |   16|   0|   16|          0|
    |stencil_buf_7_load_17_reg_10703  |   16|   0|   16|          0|
    |stencil_buf_7_load_18_reg_10763  |   16|   0|   16|          0|
    |stencil_buf_7_load_19_reg_10793  |   16|   0|   16|          0|
    |stencil_buf_7_load_1_reg_9894    |   16|   0|   16|          0|
    |stencil_buf_7_load_20_reg_10858  |   16|   0|   16|          0|
    |stencil_buf_7_load_21_reg_10888  |   16|   0|   16|          0|
    |stencil_buf_7_load_22_reg_10964  |   16|   0|   16|          0|
    |stencil_buf_7_load_23_reg_10994  |   16|   0|   16|          0|
    |stencil_buf_7_load_24_reg_11054  |   16|   0|   16|          0|
    |stencil_buf_7_load_25_reg_11084  |   16|   0|   16|          0|
    |stencil_buf_7_load_26_reg_11154  |   16|   0|   16|          0|
    |stencil_buf_7_load_27_reg_11184  |   16|   0|   16|          0|
    |stencil_buf_7_load_28_reg_11255  |   16|   0|   16|          0|
    |stencil_buf_7_load_29_reg_11285  |   16|   0|   16|          0|
    |stencil_buf_7_load_30_reg_11345  |   16|   0|   16|          0|
    |stencil_buf_7_load_31_reg_11375  |   16|   0|   16|          0|
    |stencil_buf_7_load_32_reg_11445  |   16|   0|   16|          0|
    |stencil_buf_7_load_33_reg_11475  |   16|   0|   16|          0|
    |stencil_buf_7_load_34_reg_11546  |   16|   0|   16|          0|
    |stencil_buf_7_load_35_reg_11576  |   16|   0|   16|          0|
    |stencil_buf_7_load_37_reg_11671  |   16|   0|   16|          0|
    |stencil_buf_7_load_38_reg_11742  |   16|   0|   16|          0|
    |stencil_buf_7_load_39_reg_11772  |   16|   0|   16|          0|
    |stencil_buf_7_load_40_reg_11837  |   16|   0|   16|          0|
    |stencil_buf_7_load_41_reg_11867  |   16|   0|   16|          0|
    |stencil_buf_7_load_42_reg_11938  |   16|   0|   16|          0|
    |stencil_buf_7_load_43_reg_11968  |   16|   0|   16|          0|
    |stencil_buf_7_load_45_reg_12058  |   16|   0|   16|          0|
    |stencil_buf_7_load_46_reg_12123  |   16|   0|   16|          0|
    |stencil_buf_7_load_47_reg_12153  |   16|   0|   16|          0|
    |stencil_buf_7_load_48_reg_12218  |   16|   0|   16|          0|
    |stencil_buf_7_load_49_reg_12248  |   16|   0|   16|          0|
    |stencil_buf_7_load_4_reg_10101   |   16|   0|   16|          0|
    |stencil_buf_7_load_50_reg_12313  |   16|   0|   16|          0|
    |stencil_buf_7_load_51_reg_12343  |   16|   0|   16|          0|
    |stencil_buf_7_load_52_reg_12403  |   16|   0|   16|          0|
    |stencil_buf_7_load_53_reg_12433  |   16|   0|   16|          0|
    |stencil_buf_7_load_54_reg_12493  |   16|   0|   16|          0|
    |stencil_buf_7_load_55_reg_12523  |   16|   0|   16|          0|
    |stencil_buf_7_load_56_reg_12588  |   16|   0|   16|          0|
    |stencil_buf_7_load_57_reg_12618  |   16|   0|   16|          0|
    |stencil_buf_7_load_58_reg_12683  |   16|   0|   16|          0|
    |stencil_buf_7_load_59_reg_12713  |   16|   0|   16|          0|
    |stencil_buf_7_load_5_reg_10131   |   16|   0|   16|          0|
    |stencil_buf_7_load_60_reg_12773  |   16|   0|   16|          0|
    |stencil_buf_7_load_61_reg_12803  |   16|   0|   16|          0|
    |stencil_buf_7_load_62_reg_12863  |   16|   0|   16|          0|
    |stencil_buf_7_load_63_reg_12893  |   16|   0|   16|          0|
    |stencil_buf_7_load_6_reg_10186   |   16|   0|   16|          0|
    |stencil_buf_7_load_7_reg_10216   |   16|   0|   16|          0|
    |stencil_buf_7_load_8_reg_10281   |   16|   0|   16|          0|
    |stencil_buf_7_load_9_reg_10311   |   16|   0|   16|          0|
    |tile_index_dim0_reg_6669         |   32|   0|   32|          0|
    |tile_index_dim1_reg_6675         |   32|   0|   32|          0|
    |tmp_12_reg_9912                  |    1|   0|    1|          0|
    |tmp_16_reg_9917                  |    1|   0|    1|          0|
    |tmp_20_reg_9827                  |    1|   0|    1|          0|
    |tmp_28_reg_9713                  |   11|   0|   11|          0|
    |tmp_32_1_reg_9704                |    1|   0|    1|          0|
    |tmp_35_reg_12628                 |   14|   0|   14|          0|
    |tmp_3_reg_9668                   |   14|   0|   17|          3|
    |tmp_42_reg_9718                  |    1|   0|    1|          0|
    |tmp_43_reg_9732                  |    1|   0|    1|          0|
    |tmp_44_reg_9751                  |    1|   0|    1|          0|
    |tmp_45_reg_9770                  |    1|   0|    1|          0|
    |tmp_46_reg_9789                  |    1|   0|    1|          0|
    |tmp_47_reg_9808                  |    1|   0|    1|          0|
    |tmp_4_reg_9677                   |   14|   0|   17|          3|
    |tmp_54_1_reg_9933                |    1|   0|    1|          0|
    |tmp_54_2_reg_9727                |    1|   0|    1|          0|
    |tmp_54_3_reg_9746                |    1|   0|    1|          0|
    |tmp_54_4_reg_9765                |    1|   0|    1|          0|
    |tmp_54_5_reg_9784                |    1|   0|    1|          0|
    |tmp_54_6_reg_9803                |    1|   0|    1|          0|
    |tmp_54_7_reg_9822                |    1|   0|    1|          0|
    |tmp_55_2_reg_9943                |    1|   0|    1|          0|
    |tmp_55_3_reg_9953                |    1|   0|    1|          0|
    |tmp_55_4_reg_9963                |    1|   0|    1|          0|
    |tmp_55_5_reg_9973                |    1|   0|    1|          0|
    |tmp_55_6_reg_9983                |    1|   0|    1|          0|
    |tmp_55_7_reg_9993                |    1|   0|    1|          0|
    |tmp_5_reg_6705                   |   32|   0|   32|          0|
    |tmp_6_reg_6717                   |   32|   0|   32|          0|
    |tmp_7_reg_9658                   |   14|   0|   17|          3|
    |tmp_reg_6681                     |   31|   0|   32|          1|
    |tmp_s_reg_6693                   |   31|   0|   32|          1|
    +---------------------------------+-----+----+-----+-----------+
    |Total                            | 9831|   0| 9851|         20|
    +---------------------------------+-----+----+-----+-----------+



================================================================
== Interface
================================================================
* Summary: 
+---------------------+-----+-----+------------+---------------------+--------------+
|      RTL Ports      | Dir | Bits|  Protocol  |    Source Object    |    C Type    |
+---------------------+-----+-----+------------+---------------------+--------------+
|ap_clk               |  in |    1| ap_ctrl_hs |       compute       | return value |
|ap_rst               |  in |    1| ap_ctrl_hs |       compute       | return value |
|ap_start             |  in |    1| ap_ctrl_hs |       compute       | return value |
|ap_done              | out |    1| ap_ctrl_hs |       compute       | return value |
|ap_idle              | out |    1| ap_ctrl_hs |       compute       | return value |
|ap_ready             | out |    1| ap_ctrl_hs |       compute       | return value |
|compute_flag         |  in |    1|   ap_none  |     compute_flag    |    scalar    |
|output_0_address0    | out |   13|  ap_memory |       output_0      |     array    |
|output_0_ce0         | out |    1|  ap_memory |       output_0      |     array    |
|output_0_we0         | out |    1|  ap_memory |       output_0      |     array    |
|output_0_d0          | out |   16|  ap_memory |       output_0      |     array    |
|output_1_address0    | out |   13|  ap_memory |       output_1      |     array    |
|output_1_ce0         | out |    1|  ap_memory |       output_1      |     array    |
|output_1_we0         | out |    1|  ap_memory |       output_1      |     array    |
|output_1_d0          | out |   16|  ap_memory |       output_1      |     array    |
|output_2_address0    | out |   13|  ap_memory |       output_2      |     array    |
|output_2_ce0         | out |    1|  ap_memory |       output_2      |     array    |
|output_2_we0         | out |    1|  ap_memory |       output_2      |     array    |
|output_2_d0          | out |   16|  ap_memory |       output_2      |     array    |
|output_3_address0    | out |   13|  ap_memory |       output_3      |     array    |
|output_3_ce0         | out |    1|  ap_memory |       output_3      |     array    |
|output_3_we0         | out |    1|  ap_memory |       output_3      |     array    |
|output_3_d0          | out |   16|  ap_memory |       output_3      |     array    |
|output_4_address0    | out |   13|  ap_memory |       output_4      |     array    |
|output_4_ce0         | out |    1|  ap_memory |       output_4      |     array    |
|output_4_we0         | out |    1|  ap_memory |       output_4      |     array    |
|output_4_d0          | out |   16|  ap_memory |       output_4      |     array    |
|output_5_address0    | out |   13|  ap_memory |       output_5      |     array    |
|output_5_ce0         | out |    1|  ap_memory |       output_5      |     array    |
|output_5_we0         | out |    1|  ap_memory |       output_5      |     array    |
|output_5_d0          | out |   16|  ap_memory |       output_5      |     array    |
|output_6_address0    | out |   13|  ap_memory |       output_6      |     array    |
|output_6_ce0         | out |    1|  ap_memory |       output_6      |     array    |
|output_6_we0         | out |    1|  ap_memory |       output_6      |     array    |
|output_6_d0          | out |   16|  ap_memory |       output_6      |     array    |
|output_7_address0    | out |   13|  ap_memory |       output_7      |     array    |
|output_7_ce0         | out |    1|  ap_memory |       output_7      |     array    |
|output_7_we0         | out |    1|  ap_memory |       output_7      |     array    |
|output_7_d0          | out |   16|  ap_memory |       output_7      |     array    |
|input_0_address0     | out |   13|  ap_memory |       input_0       |     array    |
|input_0_ce0          | out |    1|  ap_memory |       input_0       |     array    |
|input_0_q0           |  in |   16|  ap_memory |       input_0       |     array    |
|input_1_address0     | out |   13|  ap_memory |       input_1       |     array    |
|input_1_ce0          | out |    1|  ap_memory |       input_1       |     array    |
|input_1_q0           |  in |   16|  ap_memory |       input_1       |     array    |
|input_2_address0     | out |   13|  ap_memory |       input_2       |     array    |
|input_2_ce0          | out |    1|  ap_memory |       input_2       |     array    |
|input_2_q0           |  in |   16|  ap_memory |       input_2       |     array    |
|input_3_address0     | out |   13|  ap_memory |       input_3       |     array    |
|input_3_ce0          | out |    1|  ap_memory |       input_3       |     array    |
|input_3_q0           |  in |   16|  ap_memory |       input_3       |     array    |
|input_4_address0     | out |   13|  ap_memory |       input_4       |     array    |
|input_4_ce0          | out |    1|  ap_memory |       input_4       |     array    |
|input_4_q0           |  in |   16|  ap_memory |       input_4       |     array    |
|input_5_address0     | out |   13|  ap_memory |       input_5       |     array    |
|input_5_ce0          | out |    1|  ap_memory |       input_5       |     array    |
|input_5_q0           |  in |   16|  ap_memory |       input_5       |     array    |
|input_6_address0     | out |   13|  ap_memory |       input_6       |     array    |
|input_6_ce0          | out |    1|  ap_memory |       input_6       |     array    |
|input_6_q0           |  in |   16|  ap_memory |       input_6       |     array    |
|input_7_address0     | out |   13|  ap_memory |       input_7       |     array    |
|input_7_ce0          | out |    1|  ap_memory |       input_7       |     array    |
|input_7_q0           |  in |   16|  ap_memory |       input_7       |     array    |
|tile_index           |  in |   32|   ap_none  |      tile_index     |    scalar    |
|tile_num_dim0        |  in |   32|   ap_none  |    tile_num_dim0    |    scalar    |
|var_blur_y_extent_0  |  in |   32|   ap_none  | var_blur_y_extent_0 |    scalar    |
|var_blur_y_extent_1  |  in |   32|   ap_none  | var_blur_y_extent_1 |    scalar    |
|var_blur_y_min_0     |  in |   32|   ap_none  |   var_blur_y_min_0  |    scalar    |
|var_blur_y_min_1     |  in |   32|   ap_none  |   var_blur_y_min_1  |    scalar    |
+---------------------+-----+-----+------------+---------------------+--------------+

