

================================================================
== Vivado HLS Report for 'load'
================================================================
* Date:           Wed Apr 12 16:47:13 2017

* Version:        2016.3 (Build 1721985 on Tue Nov 29 18:45:36 MST 2016)
* Project:        blur_kernel
* Solution:       solution_OCL_REGION_0
* Product family: virtex7
* Target device:  xc7vx690tffg1157-2


================================================================
== Performance Estimates
================================================================
+ Timing (ns): 
    * Summary: 
    +--------+-------+----------+------------+
    |  Clock | Target| Estimated| Uncertainty|
    +--------+-------+----------+------------+
    |ap_clk  |   5.00|      3.65|        1.35|
    +--------+-------+----------+------------+

+ Latency (clock cycles): 
    * Summary: 
    +-----+------+-----+------+---------+
    |   Latency  |  Interval  | Pipeline|
    | min |  max | min |  max |   Type  |
    +-----+------+-----+------+---------+
    |    1|  4737|    1|  4737|   none  |
    +-----+------+-----+------+---------+

    + Detail: 
        * Instance: 
        N/A

        * Loop: 
        +----------+------+------+----------+-----------+-----------+------+----------+
        |          |   Latency   | Iteration|  Initiation Interval  | Trip |          |
        | Loop Name|  min |  max |  Latency |  achieved |   target  | Count| Pipelined|
        +----------+------+------+----------+-----------+-----------+------+----------+
        |- Loop 1  |  4609|  4609|        11|          9|          1|   512|    yes   |
        +----------+------+------+----------+-----------+-----------+------+----------+



================================================================
== Utilization Estimates
================================================================
* Summary: 
+-----------------+---------+-------+--------+--------+
|       Name      | BRAM_18K| DSP48E|   FF   |   LUT  |
+-----------------+---------+-------+--------+--------+
|DSP              |        -|      -|       -|       -|
|Expression       |        -|      -|       0|     375|
|FIFO             |        -|      -|       -|       -|
|Instance         |        -|      -|       -|       -|
|Memory           |        -|      -|       -|       -|
|Multiplexer      |        -|      -|       -|     607|
|Register         |        -|      -|     823|       -|
+-----------------+---------+-------+--------+--------+
|Total            |        0|      0|     823|     982|
+-----------------+---------+-------+--------+--------+
|Available        |     2940|   3600|  866400|  433200|
+-----------------+---------+-------+--------+--------+
|Utilization (%)  |        0|      0|   ~0   |   ~0   |
+-----------------+---------+-------+--------+--------+

+ Detail: 
    * Instance: 
    N/A

    * DSP48: 
    N/A

    * Memory: 
    N/A

    * FIFO: 
    N/A

    * Expression: 
    +-----------------------+----------+-------+---+----+------------+------------+
    |     Variable Name     | Operation| DSP48E| FF| LUT| Bitwidth P0| Bitwidth P1|
    +-----------------------+----------+-------+---+----+------------+------------+
    |i_2_fu_579_p2          |     +    |      0|  0|  10|          10|           1|
    |sum_fu_557_p2          |     +    |      0|  0|  59|          59|          59|
    |ap_block_state129      |    and   |      0|  0|   1|           1|           1|
    |tmp_1_fu_573_p2        |   icmp   |      0|  0|   4|          10|          11|
    |ap_enable_pp0          |    or    |      0|  0|   1|           1|           1|
    |newIndex12_fu_1066_p2  |    or    |      0|  0|  20|          13|           4|
    |newIndex18_fu_929_p2   |    or    |      0|  0|  20|          13|           1|
    |newIndex19_fu_940_p2   |    or    |      0|  0|  20|          13|           2|
    |newIndex20_fu_1056_p2  |    or    |      0|  0|  20|          13|           4|
    |newIndex21_fu_951_p2   |    or    |      0|  0|  20|          13|           2|
    |newIndex22_fu_961_p2   |    or    |      0|  0|  20|          13|           3|
    |newIndex23_fu_972_p2   |    or    |      0|  0|  20|          13|           3|
    |newIndex24_fu_982_p2   |    or    |      0|  0|  20|          13|           3|
    |newIndex25_fu_993_p2   |    or    |      0|  0|  20|          13|           3|
    |newIndex26_fu_1003_p2  |    or    |      0|  0|  20|          13|           4|
    |newIndex27_fu_1014_p2  |    or    |      0|  0|  20|          13|           4|
    |newIndex28_fu_1045_p2  |    or    |      0|  0|  20|          13|           4|
    |newIndex29_fu_1024_p2  |    or    |      0|  0|  20|          13|           4|
    |newIndex30_fu_1035_p2  |    or    |      0|  0|  20|          13|           4|
    |newIndex4_fu_1077_p2   |    or    |      0|  0|  20|          13|           4|
    +-----------------------+----------+-------+---+----+------------+------------+
    |Total                  |          |      0|  0| 375|         276|         122|
    +-----------------------+----------+-------+---+----+------------+------------+

    * Multiplexer: 
    +-------------------------------------+-----+-----------+-----+-----------+
    |                 Name                | LUT | Input Size| Bits| Total Bits|
    +-------------------------------------+-----+-----------+-----+-----------+
    |ap_NS_fsm                            |  352|        138|    1|        138|
    |ap_sig_ioackin_m_axi_from_V_ARREADY  |    1|          2|    1|          2|
    |from_V_blk_n_AR                      |    1|          2|    1|          2|
    |from_V_blk_n_R                       |    1|          2|    1|          2|
    |i_phi_fu_534_p4                      |   10|          2|   10|         20|
    |i_reg_530                            |   10|          2|   10|         20|
    |to_0_address0                        |   26|          9|   13|        117|
    |to_0_address1                        |   26|          9|   13|        117|
    |to_0_d0                              |   32|          9|   16|        144|
    |to_0_d1                              |   32|          9|   16|        144|
    |to_1_address0                        |   26|          9|   13|        117|
    |to_1_address1                        |   26|          9|   13|        117|
    |to_1_d0                              |   32|          9|   16|        144|
    |to_1_d1                              |   32|          9|   16|        144|
    +-------------------------------------+-----+-----------+-----+-----------+
    |Total                                |  607|        220|  140|       1228|
    +-------------------------------------+-----+-----------+-----+-----------+

    * Register: 
    +------------------------------------------+-----+----+-----+-----------+
    |                   Name                   |  FF | LUT| Bits| Const Bits|
    +------------------------------------------+-----+----+-----+-----------+
    |ap_CS_fsm                                 |  137|   0|  137|          0|
    |ap_enable_reg_pp0_iter0                   |    1|   0|    1|          0|
    |ap_enable_reg_pp0_iter1                   |    1|   0|    1|          0|
    |ap_pipeline_reg_pp0_iter1_tmp_1_reg_1102  |    1|   0|    1|          0|
    |ap_reg_ioackin_m_axi_from_V_ARREADY       |    1|   0|    1|          0|
    |i_2_reg_1106                              |   10|   0|   10|          0|
    |i_reg_530                                 |   10|   0|   10|          0|
    |newIndex20_cast_reg_1325                  |    9|   0|   64|         55|
    |newIndex21_cast_reg_1295                  |    9|   0|   64|         55|
    |newIndex23_cast_reg_1300                  |    9|   0|   64|         55|
    |newIndex25_cast_reg_1305                  |    9|   0|   64|         55|
    |newIndex27_cast_reg_1310                  |    9|   0|   64|         55|
    |newIndex30_cast_reg_1315                  |    9|   0|   64|         55|
    |newIndex32_cast_reg_1320                  |    9|   0|   64|         55|
    |newIndex4_cast_reg_1330                   |    9|   0|   64|         55|
    |p_Result_10_reg_1172                      |   16|   0|   16|          0|
    |p_Result_11_reg_1177                      |   16|   0|   16|          0|
    |p_Result_12_reg_1182                      |   16|   0|   16|          0|
    |p_Result_13_reg_1187                      |   16|   0|   16|          0|
    |p_Result_14_reg_1192                      |   16|   0|   16|          0|
    |p_Result_15_reg_1197                      |   16|   0|   16|          0|
    |p_Result_16_reg_1202                      |   16|   0|   16|          0|
    |p_Result_17_reg_1207                      |   16|   0|   16|          0|
    |p_Result_18_reg_1212                      |   16|   0|   16|          0|
    |p_Result_19_reg_1217                      |   16|   0|   16|          0|
    |p_Result_1_reg_1122                       |   16|   0|   16|          0|
    |p_Result_20_reg_1222                      |   16|   0|   16|          0|
    |p_Result_21_reg_1227                      |   16|   0|   16|          0|
    |p_Result_22_reg_1232                      |   16|   0|   16|          0|
    |p_Result_23_reg_1237                      |   16|   0|   16|          0|
    |p_Result_24_reg_1242                      |   16|   0|   16|          0|
    |p_Result_25_reg_1247                      |   16|   0|   16|          0|
    |p_Result_26_reg_1252                      |   16|   0|   16|          0|
    |p_Result_27_reg_1257                      |   16|   0|   16|          0|
    |p_Result_28_reg_1262                      |   16|   0|   16|          0|
    |p_Result_29_reg_1267                      |   16|   0|   16|          0|
    |p_Result_2_reg_1127                       |   16|   0|   16|          0|
    |p_Result_30_reg_1272                      |   16|   0|   16|          0|
    |p_Result_3_reg_1132                       |   16|   0|   16|          0|
    |p_Result_4_reg_1137                       |   16|   0|   16|          0|
    |p_Result_5_reg_1142                       |   16|   0|   16|          0|
    |p_Result_6_reg_1147                       |   16|   0|   16|          0|
    |p_Result_7_reg_1152                       |   16|   0|   16|          0|
    |p_Result_8_reg_1157                       |   16|   0|   16|          0|
    |p_Result_9_reg_1162                       |   16|   0|   16|          0|
    |p_Result_s_reg_1167                       |   16|   0|   16|          0|
    |sum_reg_1091                              |   59|   0|   59|          0|
    |tmp_1_reg_1102                            |    1|   0|    1|          0|
    |tmp_2_reg_1111                            |    9|   0|    9|          0|
    |tmp_8_reg_1277                            |    9|   0|   13|          4|
    |tmp_reg_1117                              |   16|   0|   16|          0|
    +------------------------------------------+-----+----+-----+-----------+
    |Total                                     |  823|   0| 1267|        444|
    +------------------------------------------+-----+----+-----+-----------+



================================================================
== Interface
================================================================
* Summary: 
+-----------------------+-----+-----+------------+--------------+--------------+
|       RTL Ports       | Dir | Bits|  Protocol  | Source Object|    C Type    |
+-----------------------+-----+-----+------------+--------------+--------------+
|ap_clk                 |  in |    1| ap_ctrl_hs |     load     | return value |
|ap_rst                 |  in |    1| ap_ctrl_hs |     load     | return value |
|ap_start               |  in |    1| ap_ctrl_hs |     load     | return value |
|ap_done                | out |    1| ap_ctrl_hs |     load     | return value |
|ap_idle                | out |    1| ap_ctrl_hs |     load     | return value |
|ap_ready               | out |    1| ap_ctrl_hs |     load     | return value |
|load_flag              |  in |    1|   ap_none  |   load_flag  |    scalar    |
|to_0_address0          | out |   13|  ap_memory |     to_0     |     array    |
|to_0_ce0               | out |    1|  ap_memory |     to_0     |     array    |
|to_0_we0               | out |    1|  ap_memory |     to_0     |     array    |
|to_0_d0                | out |   16|  ap_memory |     to_0     |     array    |
|to_0_address1          | out |   13|  ap_memory |     to_0     |     array    |
|to_0_ce1               | out |    1|  ap_memory |     to_0     |     array    |
|to_0_we1               | out |    1|  ap_memory |     to_0     |     array    |
|to_0_d1                | out |   16|  ap_memory |     to_0     |     array    |
|to_1_address0          | out |   13|  ap_memory |     to_1     |     array    |
|to_1_ce0               | out |    1|  ap_memory |     to_1     |     array    |
|to_1_we0               | out |    1|  ap_memory |     to_1     |     array    |
|to_1_d0                | out |   16|  ap_memory |     to_1     |     array    |
|to_1_address1          | out |   13|  ap_memory |     to_1     |     array    |
|to_1_ce1               | out |    1|  ap_memory |     to_1     |     array    |
|to_1_we1               | out |    1|  ap_memory |     to_1     |     array    |
|to_1_d1                | out |   16|  ap_memory |     to_1     |     array    |
|m_axi_from_V_AWVALID   | out |    1|    m_axi   |    from_V    |    pointer   |
|m_axi_from_V_AWREADY   |  in |    1|    m_axi   |    from_V    |    pointer   |
|m_axi_from_V_AWADDR    | out |   64|    m_axi   |    from_V    |    pointer   |
|m_axi_from_V_AWID      | out |    1|    m_axi   |    from_V    |    pointer   |
|m_axi_from_V_AWLEN     | out |   32|    m_axi   |    from_V    |    pointer   |
|m_axi_from_V_AWSIZE    | out |    3|    m_axi   |    from_V    |    pointer   |
|m_axi_from_V_AWBURST   | out |    2|    m_axi   |    from_V    |    pointer   |
|m_axi_from_V_AWLOCK    | out |    2|    m_axi   |    from_V    |    pointer   |
|m_axi_from_V_AWCACHE   | out |    4|    m_axi   |    from_V    |    pointer   |
|m_axi_from_V_AWPROT    | out |    3|    m_axi   |    from_V    |    pointer   |
|m_axi_from_V_AWQOS     | out |    4|    m_axi   |    from_V    |    pointer   |
|m_axi_from_V_AWREGION  | out |    4|    m_axi   |    from_V    |    pointer   |
|m_axi_from_V_AWUSER    | out |    1|    m_axi   |    from_V    |    pointer   |
|m_axi_from_V_WVALID    | out |    1|    m_axi   |    from_V    |    pointer   |
|m_axi_from_V_WREADY    |  in |    1|    m_axi   |    from_V    |    pointer   |
|m_axi_from_V_WDATA     | out |  512|    m_axi   |    from_V    |    pointer   |
|m_axi_from_V_WSTRB     | out |   64|    m_axi   |    from_V    |    pointer   |
|m_axi_from_V_WLAST     | out |    1|    m_axi   |    from_V    |    pointer   |
|m_axi_from_V_WID       | out |    1|    m_axi   |    from_V    |    pointer   |
|m_axi_from_V_WUSER     | out |    1|    m_axi   |    from_V    |    pointer   |
|m_axi_from_V_ARVALID   | out |    1|    m_axi   |    from_V    |    pointer   |
|m_axi_from_V_ARREADY   |  in |    1|    m_axi   |    from_V    |    pointer   |
|m_axi_from_V_ARADDR    | out |   64|    m_axi   |    from_V    |    pointer   |
|m_axi_from_V_ARID      | out |    1|    m_axi   |    from_V    |    pointer   |
|m_axi_from_V_ARLEN     | out |   32|    m_axi   |    from_V    |    pointer   |
|m_axi_from_V_ARSIZE    | out |    3|    m_axi   |    from_V    |    pointer   |
|m_axi_from_V_ARBURST   | out |    2|    m_axi   |    from_V    |    pointer   |
|m_axi_from_V_ARLOCK    | out |    2|    m_axi   |    from_V    |    pointer   |
|m_axi_from_V_ARCACHE   | out |    4|    m_axi   |    from_V    |    pointer   |
|m_axi_from_V_ARPROT    | out |    3|    m_axi   |    from_V    |    pointer   |
|m_axi_from_V_ARQOS     | out |    4|    m_axi   |    from_V    |    pointer   |
|m_axi_from_V_ARREGION  | out |    4|    m_axi   |    from_V    |    pointer   |
|m_axi_from_V_ARUSER    | out |    1|    m_axi   |    from_V    |    pointer   |
|m_axi_from_V_RVALID    |  in |    1|    m_axi   |    from_V    |    pointer   |
|m_axi_from_V_RREADY    | out |    1|    m_axi   |    from_V    |    pointer   |
|m_axi_from_V_RDATA     |  in |  512|    m_axi   |    from_V    |    pointer   |
|m_axi_from_V_RLAST     |  in |    1|    m_axi   |    from_V    |    pointer   |
|m_axi_from_V_RID       |  in |    1|    m_axi   |    from_V    |    pointer   |
|m_axi_from_V_RUSER     |  in |    1|    m_axi   |    from_V    |    pointer   |
|m_axi_from_V_RRESP     |  in |    2|    m_axi   |    from_V    |    pointer   |
|m_axi_from_V_BVALID    |  in |    1|    m_axi   |    from_V    |    pointer   |
|m_axi_from_V_BREADY    | out |    1|    m_axi   |    from_V    |    pointer   |
|m_axi_from_V_BRESP     |  in |    2|    m_axi   |    from_V    |    pointer   |
|m_axi_from_V_BID       |  in |    1|    m_axi   |    from_V    |    pointer   |
|m_axi_from_V_BUSER     |  in |    1|    m_axi   |    from_V    |    pointer   |
|var_p0_V3              |  in |   58|   ap_none  |   var_p0_V3  |    scalar    |
|tile_index             |  in |   31|   ap_none  |  tile_index  |    scalar    |
+-----------------------+-----+-----+------------+--------------+--------------+

