

================================================================
== Vivado HLS Report for 'store'
================================================================
* Date:           Wed Apr 19 20:42:54 2017

* Version:        2016.3 (Build 1721985 on Tue Nov 29 18:45:36 MST 2016)
* Project:        blur_kernel
* Solution:       solution_OCL_REGION_0
* Product family: virtex7
* Target device:  xc7vx690tffg1157-2


================================================================
== Performance Estimates
================================================================
+ Timing (ns): 
    * Summary: 
    +--------+-------+----------+------------+
    |  Clock | Target| Estimated| Uncertainty|
    +--------+-------+----------+------------+
    |ap_clk  |   5.00|      3.65|        1.35|
    +--------+-------+----------+------------+

+ Latency (clock cycles): 
    * Summary: 
    +-----+-----+-----+-----+---------+
    |  Latency  |  Interval | Pipeline|
    | min | max | min | max |   Type  |
    +-----+-----+-----+-----+---------+
    |    1|  639|    1|  639|   none  |
    +-----+-----+-----+-----+---------+

    + Detail: 
        * Instance: 
        N/A

        * Loop: 
        +----------+-----+-----+----------+-----------+-----------+------+----------+
        |          |  Latency  | Iteration|  Initiation Interval  | Trip |          |
        | Loop Name| min | max |  Latency |  achieved |   target  | Count| Pipelined|
        +----------+-----+-----+----------+-----------+-----------+------+----------+
        |- Loop 1  |  513|  513|         3|          1|          1|   512|    yes   |
        +----------+-----+-----+----------+-----------+-----------+------+----------+



================================================================
== Utilization Estimates
================================================================
* Summary: 
+-----------------+---------+-------+--------+--------+
|       Name      | BRAM_18K| DSP48E|   FF   |   LUT  |
+-----------------+---------+-------+--------+--------+
|DSP              |        -|      -|       -|       -|
|Expression       |        -|      -|       0|     592|
|FIFO             |        -|      -|       -|       -|
|Instance         |        -|      -|       -|       -|
|Memory           |        -|      -|       -|       -|
|Multiplexer      |        -|      -|       -|     310|
|Register         |        -|      -|     717|       -|
+-----------------+---------+-------+--------+--------+
|Total            |        0|      0|     717|     902|
+-----------------+---------+-------+--------+--------+
|Available        |     2940|   3600|  866400|  433200|
+-----------------+---------+-------+--------+--------+
|Utilization (%)  |        0|      0|   ~0   |   ~0   |
+-----------------+---------+-------+--------+--------+

+ Detail: 
    * Instance: 
    N/A

    * DSP48: 
    N/A

    * Memory: 
    N/A

    * FIFO: 
    N/A

    * Expression: 
    +-----------------------------+----------+-------+---+----+------------+------------+
    |        Variable Name        | Operation| DSP48E| FF| LUT| Bitwidth P0| Bitwidth P1|
    +-----------------------------+----------+-------+---+----+------------+------------+
    |i_1_fu_1056_p2               |     +    |      0|  0|  10|          10|           1|
    |sum_fu_1034_p2               |     +    |      0|  0|  60|          60|          60|
    |ap_block_state129            |    and   |      0|  0|   1|           1|           1|
    |ap_block_state5_io           |    and   |      0|  0|   1|           1|           1|
    |cond_fu_1163_p2              |   icmp   |      0|  0|   3|           6|           1|
    |tmp_2_fu_1050_p2             |   icmp   |      0|  0|   4|          10|          11|
    |ap_enable_pp0                |    or    |      0|  0|   1|           1|           1|
    |from_load_0_phi_fu_1169_p3   |  select  |      0|  0|  16|           1|          16|
    |from_load_10_phi_fu_1249_p3  |  select  |      0|  0|  16|           1|          16|
    |from_load_11_phi_fu_1257_p3  |  select  |      0|  0|  16|           1|          16|
    |from_load_12_phi_fu_1265_p3  |  select  |      0|  0|  16|           1|          16|
    |from_load_13_phi_fu_1273_p3  |  select  |      0|  0|  16|           1|          16|
    |from_load_14_phi_fu_1281_p3  |  select  |      0|  0|  16|           1|          16|
    |from_load_15_phi_fu_1289_p3  |  select  |      0|  0|  16|           1|          16|
    |from_load_16_phi_fu_1297_p3  |  select  |      0|  0|  16|           1|          16|
    |from_load_17_phi_fu_1305_p3  |  select  |      0|  0|  16|           1|          16|
    |from_load_18_phi_fu_1313_p3  |  select  |      0|  0|  16|           1|          16|
    |from_load_19_phi_fu_1321_p3  |  select  |      0|  0|  16|           1|          16|
    |from_load_1_phi_fu_1177_p3   |  select  |      0|  0|  16|           1|          16|
    |from_load_20_phi_fu_1329_p3  |  select  |      0|  0|  16|           1|          16|
    |from_load_21_phi_fu_1337_p3  |  select  |      0|  0|  16|           1|          16|
    |from_load_22_phi_fu_1345_p3  |  select  |      0|  0|  16|           1|          16|
    |from_load_23_phi_fu_1353_p3  |  select  |      0|  0|  16|           1|          16|
    |from_load_24_phi_fu_1361_p3  |  select  |      0|  0|  16|           1|          16|
    |from_load_25_phi_fu_1369_p3  |  select  |      0|  0|  16|           1|          16|
    |from_load_26_phi_fu_1377_p3  |  select  |      0|  0|  16|           1|          16|
    |from_load_27_phi_fu_1385_p3  |  select  |      0|  0|  16|           1|          16|
    |from_load_28_phi_fu_1393_p3  |  select  |      0|  0|  16|           1|          16|
    |from_load_29_phi_fu_1401_p3  |  select  |      0|  0|  16|           1|          16|
    |from_load_2_phi_fu_1185_p3   |  select  |      0|  0|  16|           1|          16|
    |from_load_30_phi_fu_1409_p3  |  select  |      0|  0|  16|           1|          16|
    |from_load_31_phi_fu_1417_p3  |  select  |      0|  0|  16|           1|          16|
    |from_load_3_phi_fu_1193_p3   |  select  |      0|  0|  16|           1|          16|
    |from_load_4_phi_fu_1201_p3   |  select  |      0|  0|  16|           1|          16|
    |from_load_5_phi_fu_1209_p3   |  select  |      0|  0|  16|           1|          16|
    |from_load_6_phi_fu_1217_p3   |  select  |      0|  0|  16|           1|          16|
    |from_load_7_phi_fu_1225_p3   |  select  |      0|  0|  16|           1|          16|
    |from_load_8_phi_fu_1233_p3   |  select  |      0|  0|  16|           1|          16|
    |from_load_9_phi_fu_1241_p3   |  select  |      0|  0|  16|           1|          16|
    +-----------------------------+----------+-------+---+----+------------+------------+
    |Total                        |          |      0|  0| 592|         121|         588|
    +-----------------------------+----------+-------+---+----+------------+------------+

    * Multiplexer: 
    +-----------------------------------+-----+-----------+-----+-----------+
    |                Name               | LUT | Input Size| Bits| Total Bits|
    +-----------------------------------+-----+-----------+-----+-----------+
    |ap_NS_fsm                          |  294|        128|    1|        128|
    |ap_enable_reg_pp0_iter2            |    1|          2|    1|          2|
    |ap_sig_ioackin_m_axi_to_V_AWREADY  |    1|          2|    1|          2|
    |ap_sig_ioackin_m_axi_to_V_WREADY   |    1|          2|    1|          2|
    |i_reg_1007                         |   10|          2|   10|         20|
    |to_V_blk_n_AW                      |    1|          2|    1|          2|
    |to_V_blk_n_B                       |    1|          2|    1|          2|
    |to_V_blk_n_W                       |    1|          2|    1|          2|
    +-----------------------------------+-----+-----------+-----+-----------+
    |Total                              |  310|        142|   17|        160|
    +-----------------------------------+-----+-----------+-----+-----------+

    * Register: 
    +------------------------------------------+-----+----+-----+-----------+
    |                   Name                   |  FF | LUT| Bits| Const Bits|
    +------------------------------------------+-----+----+-----+-----------+
    |ap_CS_fsm                                 |  127|   0|  127|          0|
    |ap_enable_reg_pp0_iter0                   |    1|   0|    1|          0|
    |ap_enable_reg_pp0_iter1                   |    1|   0|    1|          0|
    |ap_enable_reg_pp0_iter2                   |    1|   0|    1|          0|
    |ap_pipeline_reg_pp0_iter1_tmp_2_reg_1476  |    1|   0|    1|          0|
    |ap_reg_ioackin_m_axi_to_V_AWREADY         |    1|   0|    1|          0|
    |ap_reg_ioackin_m_axi_to_V_WREADY          |    1|   0|    1|          0|
    |from_load_0_phi_reg_1810                  |   16|   0|   16|          0|
    |from_load_10_phi_reg_1860                 |   16|   0|   16|          0|
    |from_load_11_phi_reg_1865                 |   16|   0|   16|          0|
    |from_load_12_phi_reg_1870                 |   16|   0|   16|          0|
    |from_load_13_phi_reg_1875                 |   16|   0|   16|          0|
    |from_load_14_phi_reg_1880                 |   16|   0|   16|          0|
    |from_load_15_phi_reg_1885                 |   16|   0|   16|          0|
    |from_load_16_phi_reg_1890                 |   16|   0|   16|          0|
    |from_load_17_phi_reg_1895                 |   16|   0|   16|          0|
    |from_load_18_phi_reg_1900                 |   16|   0|   16|          0|
    |from_load_19_phi_reg_1905                 |   16|   0|   16|          0|
    |from_load_1_phi_reg_1815                  |   16|   0|   16|          0|
    |from_load_20_phi_reg_1910                 |   16|   0|   16|          0|
    |from_load_21_phi_reg_1915                 |   16|   0|   16|          0|
    |from_load_22_phi_reg_1920                 |   16|   0|   16|          0|
    |from_load_23_phi_reg_1925                 |   16|   0|   16|          0|
    |from_load_24_phi_reg_1930                 |   16|   0|   16|          0|
    |from_load_25_phi_reg_1935                 |   16|   0|   16|          0|
    |from_load_26_phi_reg_1940                 |   16|   0|   16|          0|
    |from_load_27_phi_reg_1945                 |   16|   0|   16|          0|
    |from_load_28_phi_reg_1950                 |   16|   0|   16|          0|
    |from_load_29_phi_reg_1955                 |   16|   0|   16|          0|
    |from_load_2_phi_reg_1820                  |   16|   0|   16|          0|
    |from_load_30_phi_reg_1960                 |   16|   0|   16|          0|
    |from_load_31_phi_reg_1965                 |   16|   0|   16|          0|
    |from_load_3_phi_reg_1825                  |   16|   0|   16|          0|
    |from_load_4_phi_reg_1830                  |   16|   0|   16|          0|
    |from_load_5_phi_reg_1835                  |   16|   0|   16|          0|
    |from_load_6_phi_reg_1840                  |   16|   0|   16|          0|
    |from_load_7_phi_reg_1845                  |   16|   0|   16|          0|
    |from_load_8_phi_reg_1850                  |   16|   0|   16|          0|
    |from_load_9_phi_reg_1855                  |   16|   0|   16|          0|
    |i_reg_1007                                |   10|   0|   10|          0|
    |sum_reg_1466                              |   60|   0|   60|          0|
    |tmp_2_reg_1476                            |    1|   0|    1|          0|
    |tmp_reg_1495                              |    1|   0|    1|          0|
    +------------------------------------------+-----+----+-----+-----------+
    |Total                                     |  717|   0|  717|          0|
    +------------------------------------------+-----+----+-----+-----------+



================================================================
== Interface
================================================================
* Summary: 
+---------------------+-----+-----+------------+---------------+--------------+
|      RTL Ports      | Dir | Bits|  Protocol  | Source Object |    C Type    |
+---------------------+-----+-----+------------+---------------+--------------+
|ap_clk               |  in |    1| ap_ctrl_hs |     store     | return value |
|ap_rst               |  in |    1| ap_ctrl_hs |     store     | return value |
|ap_start             |  in |    1| ap_ctrl_hs |     store     | return value |
|ap_done              | out |    1| ap_ctrl_hs |     store     | return value |
|ap_idle              | out |    1| ap_ctrl_hs |     store     | return value |
|ap_ready             | out |    1| ap_ctrl_hs |     store     | return value |
|store_flag           |  in |    1|   ap_none  |   store_flag  |    scalar    |
|m_axi_to_V_AWVALID   | out |    1|    m_axi   |      to_V     |    pointer   |
|m_axi_to_V_AWREADY   |  in |    1|    m_axi   |      to_V     |    pointer   |
|m_axi_to_V_AWADDR    | out |   64|    m_axi   |      to_V     |    pointer   |
|m_axi_to_V_AWID      | out |    1|    m_axi   |      to_V     |    pointer   |
|m_axi_to_V_AWLEN     | out |   32|    m_axi   |      to_V     |    pointer   |
|m_axi_to_V_AWSIZE    | out |    3|    m_axi   |      to_V     |    pointer   |
|m_axi_to_V_AWBURST   | out |    2|    m_axi   |      to_V     |    pointer   |
|m_axi_to_V_AWLOCK    | out |    2|    m_axi   |      to_V     |    pointer   |
|m_axi_to_V_AWCACHE   | out |    4|    m_axi   |      to_V     |    pointer   |
|m_axi_to_V_AWPROT    | out |    3|    m_axi   |      to_V     |    pointer   |
|m_axi_to_V_AWQOS     | out |    4|    m_axi   |      to_V     |    pointer   |
|m_axi_to_V_AWREGION  | out |    4|    m_axi   |      to_V     |    pointer   |
|m_axi_to_V_AWUSER    | out |    1|    m_axi   |      to_V     |    pointer   |
|m_axi_to_V_WVALID    | out |    1|    m_axi   |      to_V     |    pointer   |
|m_axi_to_V_WREADY    |  in |    1|    m_axi   |      to_V     |    pointer   |
|m_axi_to_V_WDATA     | out |  512|    m_axi   |      to_V     |    pointer   |
|m_axi_to_V_WSTRB     | out |   64|    m_axi   |      to_V     |    pointer   |
|m_axi_to_V_WLAST     | out |    1|    m_axi   |      to_V     |    pointer   |
|m_axi_to_V_WID       | out |    1|    m_axi   |      to_V     |    pointer   |
|m_axi_to_V_WUSER     | out |    1|    m_axi   |      to_V     |    pointer   |
|m_axi_to_V_ARVALID   | out |    1|    m_axi   |      to_V     |    pointer   |
|m_axi_to_V_ARREADY   |  in |    1|    m_axi   |      to_V     |    pointer   |
|m_axi_to_V_ARADDR    | out |   64|    m_axi   |      to_V     |    pointer   |
|m_axi_to_V_ARID      | out |    1|    m_axi   |      to_V     |    pointer   |
|m_axi_to_V_ARLEN     | out |   32|    m_axi   |      to_V     |    pointer   |
|m_axi_to_V_ARSIZE    | out |    3|    m_axi   |      to_V     |    pointer   |
|m_axi_to_V_ARBURST   | out |    2|    m_axi   |      to_V     |    pointer   |
|m_axi_to_V_ARLOCK    | out |    2|    m_axi   |      to_V     |    pointer   |
|m_axi_to_V_ARCACHE   | out |    4|    m_axi   |      to_V     |    pointer   |
|m_axi_to_V_ARPROT    | out |    3|    m_axi   |      to_V     |    pointer   |
|m_axi_to_V_ARQOS     | out |    4|    m_axi   |      to_V     |    pointer   |
|m_axi_to_V_ARREGION  | out |    4|    m_axi   |      to_V     |    pointer   |
|m_axi_to_V_ARUSER    | out |    1|    m_axi   |      to_V     |    pointer   |
|m_axi_to_V_RVALID    |  in |    1|    m_axi   |      to_V     |    pointer   |
|m_axi_to_V_RREADY    | out |    1|    m_axi   |      to_V     |    pointer   |
|m_axi_to_V_RDATA     |  in |  512|    m_axi   |      to_V     |    pointer   |
|m_axi_to_V_RLAST     |  in |    1|    m_axi   |      to_V     |    pointer   |
|m_axi_to_V_RID       |  in |    1|    m_axi   |      to_V     |    pointer   |
|m_axi_to_V_RUSER     |  in |    1|    m_axi   |      to_V     |    pointer   |
|m_axi_to_V_RRESP     |  in |    2|    m_axi   |      to_V     |    pointer   |
|m_axi_to_V_BVALID    |  in |    1|    m_axi   |      to_V     |    pointer   |
|m_axi_to_V_BREADY    | out |    1|    m_axi   |      to_V     |    pointer   |
|m_axi_to_V_BRESP     |  in |    2|    m_axi   |      to_V     |    pointer   |
|m_axi_to_V_BID       |  in |    1|    m_axi   |      to_V     |    pointer   |
|m_axi_to_V_BUSER     |  in |    1|    m_axi   |      to_V     |    pointer   |
|var_blur_y_V1        |  in |   58|   ap_none  | var_blur_y_V1 |    scalar    |
|from_0_address0      | out |    8|  ap_memory |     from_0    |     array    |
|from_0_ce0           | out |    1|  ap_memory |     from_0    |     array    |
|from_0_q0            |  in |   16|  ap_memory |     from_0    |     array    |
|from_1_address0      | out |    8|  ap_memory |     from_1    |     array    |
|from_1_ce0           | out |    1|  ap_memory |     from_1    |     array    |
|from_1_q0            |  in |   16|  ap_memory |     from_1    |     array    |
|from_2_address0      | out |    8|  ap_memory |     from_2    |     array    |
|from_2_ce0           | out |    1|  ap_memory |     from_2    |     array    |
|from_2_q0            |  in |   16|  ap_memory |     from_2    |     array    |
|from_3_address0      | out |    8|  ap_memory |     from_3    |     array    |
|from_3_ce0           | out |    1|  ap_memory |     from_3    |     array    |
|from_3_q0            |  in |   16|  ap_memory |     from_3    |     array    |
|from_4_address0      | out |    8|  ap_memory |     from_4    |     array    |
|from_4_ce0           | out |    1|  ap_memory |     from_4    |     array    |
|from_4_q0            |  in |   16|  ap_memory |     from_4    |     array    |
|from_5_address0      | out |    8|  ap_memory |     from_5    |     array    |
|from_5_ce0           | out |    1|  ap_memory |     from_5    |     array    |
|from_5_q0            |  in |   16|  ap_memory |     from_5    |     array    |
|from_6_address0      | out |    8|  ap_memory |     from_6    |     array    |
|from_6_ce0           | out |    1|  ap_memory |     from_6    |     array    |
|from_6_q0            |  in |   16|  ap_memory |     from_6    |     array    |
|from_7_address0      | out |    8|  ap_memory |     from_7    |     array    |
|from_7_ce0           | out |    1|  ap_memory |     from_7    |     array    |
|from_7_q0            |  in |   16|  ap_memory |     from_7    |     array    |
|from_8_address0      | out |    8|  ap_memory |     from_8    |     array    |
|from_8_ce0           | out |    1|  ap_memory |     from_8    |     array    |
|from_8_q0            |  in |   16|  ap_memory |     from_8    |     array    |
|from_9_address0      | out |    8|  ap_memory |     from_9    |     array    |
|from_9_ce0           | out |    1|  ap_memory |     from_9    |     array    |
|from_9_q0            |  in |   16|  ap_memory |     from_9    |     array    |
|from_10_address0     | out |    8|  ap_memory |    from_10    |     array    |
|from_10_ce0          | out |    1|  ap_memory |    from_10    |     array    |
|from_10_q0           |  in |   16|  ap_memory |    from_10    |     array    |
|from_11_address0     | out |    8|  ap_memory |    from_11    |     array    |
|from_11_ce0          | out |    1|  ap_memory |    from_11    |     array    |
|from_11_q0           |  in |   16|  ap_memory |    from_11    |     array    |
|from_12_address0     | out |    8|  ap_memory |    from_12    |     array    |
|from_12_ce0          | out |    1|  ap_memory |    from_12    |     array    |
|from_12_q0           |  in |   16|  ap_memory |    from_12    |     array    |
|from_13_address0     | out |    8|  ap_memory |    from_13    |     array    |
|from_13_ce0          | out |    1|  ap_memory |    from_13    |     array    |
|from_13_q0           |  in |   16|  ap_memory |    from_13    |     array    |
|from_14_address0     | out |    8|  ap_memory |    from_14    |     array    |
|from_14_ce0          | out |    1|  ap_memory |    from_14    |     array    |
|from_14_q0           |  in |   16|  ap_memory |    from_14    |     array    |
|from_15_address0     | out |    8|  ap_memory |    from_15    |     array    |
|from_15_ce0          | out |    1|  ap_memory |    from_15    |     array    |
|from_15_q0           |  in |   16|  ap_memory |    from_15    |     array    |
|from_16_address0     | out |    8|  ap_memory |    from_16    |     array    |
|from_16_ce0          | out |    1|  ap_memory |    from_16    |     array    |
|from_16_q0           |  in |   16|  ap_memory |    from_16    |     array    |
|from_17_address0     | out |    8|  ap_memory |    from_17    |     array    |
|from_17_ce0          | out |    1|  ap_memory |    from_17    |     array    |
|from_17_q0           |  in |   16|  ap_memory |    from_17    |     array    |
|from_18_address0     | out |    8|  ap_memory |    from_18    |     array    |
|from_18_ce0          | out |    1|  ap_memory |    from_18    |     array    |
|from_18_q0           |  in |   16|  ap_memory |    from_18    |     array    |
|from_19_address0     | out |    8|  ap_memory |    from_19    |     array    |
|from_19_ce0          | out |    1|  ap_memory |    from_19    |     array    |
|from_19_q0           |  in |   16|  ap_memory |    from_19    |     array    |
|from_20_address0     | out |    8|  ap_memory |    from_20    |     array    |
|from_20_ce0          | out |    1|  ap_memory |    from_20    |     array    |
|from_20_q0           |  in |   16|  ap_memory |    from_20    |     array    |
|from_21_address0     | out |    8|  ap_memory |    from_21    |     array    |
|from_21_ce0          | out |    1|  ap_memory |    from_21    |     array    |
|from_21_q0           |  in |   16|  ap_memory |    from_21    |     array    |
|from_22_address0     | out |    8|  ap_memory |    from_22    |     array    |
|from_22_ce0          | out |    1|  ap_memory |    from_22    |     array    |
|from_22_q0           |  in |   16|  ap_memory |    from_22    |     array    |
|from_23_address0     | out |    8|  ap_memory |    from_23    |     array    |
|from_23_ce0          | out |    1|  ap_memory |    from_23    |     array    |
|from_23_q0           |  in |   16|  ap_memory |    from_23    |     array    |
|from_24_address0     | out |    8|  ap_memory |    from_24    |     array    |
|from_24_ce0          | out |    1|  ap_memory |    from_24    |     array    |
|from_24_q0           |  in |   16|  ap_memory |    from_24    |     array    |
|from_25_address0     | out |    8|  ap_memory |    from_25    |     array    |
|from_25_ce0          | out |    1|  ap_memory |    from_25    |     array    |
|from_25_q0           |  in |   16|  ap_memory |    from_25    |     array    |
|from_26_address0     | out |    8|  ap_memory |    from_26    |     array    |
|from_26_ce0          | out |    1|  ap_memory |    from_26    |     array    |
|from_26_q0           |  in |   16|  ap_memory |    from_26    |     array    |
|from_27_address0     | out |    8|  ap_memory |    from_27    |     array    |
|from_27_ce0          | out |    1|  ap_memory |    from_27    |     array    |
|from_27_q0           |  in |   16|  ap_memory |    from_27    |     array    |
|from_28_address0     | out |    8|  ap_memory |    from_28    |     array    |
|from_28_ce0          | out |    1|  ap_memory |    from_28    |     array    |
|from_28_q0           |  in |   16|  ap_memory |    from_28    |     array    |
|from_29_address0     | out |    8|  ap_memory |    from_29    |     array    |
|from_29_ce0          | out |    1|  ap_memory |    from_29    |     array    |
|from_29_q0           |  in |   16|  ap_memory |    from_29    |     array    |
|from_30_address0     | out |    8|  ap_memory |    from_30    |     array    |
|from_30_ce0          | out |    1|  ap_memory |    from_30    |     array    |
|from_30_q0           |  in |   16|  ap_memory |    from_30    |     array    |
|from_31_address0     | out |    8|  ap_memory |    from_31    |     array    |
|from_31_ce0          | out |    1|  ap_memory |    from_31    |     array    |
|from_31_q0           |  in |   16|  ap_memory |    from_31    |     array    |
|from_32_address0     | out |    8|  ap_memory |    from_32    |     array    |
|from_32_ce0          | out |    1|  ap_memory |    from_32    |     array    |
|from_32_q0           |  in |   16|  ap_memory |    from_32    |     array    |
|from_33_address0     | out |    8|  ap_memory |    from_33    |     array    |
|from_33_ce0          | out |    1|  ap_memory |    from_33    |     array    |
|from_33_q0           |  in |   16|  ap_memory |    from_33    |     array    |
|from_34_address0     | out |    8|  ap_memory |    from_34    |     array    |
|from_34_ce0          | out |    1|  ap_memory |    from_34    |     array    |
|from_34_q0           |  in |   16|  ap_memory |    from_34    |     array    |
|from_35_address0     | out |    8|  ap_memory |    from_35    |     array    |
|from_35_ce0          | out |    1|  ap_memory |    from_35    |     array    |
|from_35_q0           |  in |   16|  ap_memory |    from_35    |     array    |
|from_36_address0     | out |    8|  ap_memory |    from_36    |     array    |
|from_36_ce0          | out |    1|  ap_memory |    from_36    |     array    |
|from_36_q0           |  in |   16|  ap_memory |    from_36    |     array    |
|from_37_address0     | out |    8|  ap_memory |    from_37    |     array    |
|from_37_ce0          | out |    1|  ap_memory |    from_37    |     array    |
|from_37_q0           |  in |   16|  ap_memory |    from_37    |     array    |
|from_38_address0     | out |    8|  ap_memory |    from_38    |     array    |
|from_38_ce0          | out |    1|  ap_memory |    from_38    |     array    |
|from_38_q0           |  in |   16|  ap_memory |    from_38    |     array    |
|from_39_address0     | out |    8|  ap_memory |    from_39    |     array    |
|from_39_ce0          | out |    1|  ap_memory |    from_39    |     array    |
|from_39_q0           |  in |   16|  ap_memory |    from_39    |     array    |
|from_40_address0     | out |    8|  ap_memory |    from_40    |     array    |
|from_40_ce0          | out |    1|  ap_memory |    from_40    |     array    |
|from_40_q0           |  in |   16|  ap_memory |    from_40    |     array    |
|from_41_address0     | out |    8|  ap_memory |    from_41    |     array    |
|from_41_ce0          | out |    1|  ap_memory |    from_41    |     array    |
|from_41_q0           |  in |   16|  ap_memory |    from_41    |     array    |
|from_42_address0     | out |    8|  ap_memory |    from_42    |     array    |
|from_42_ce0          | out |    1|  ap_memory |    from_42    |     array    |
|from_42_q0           |  in |   16|  ap_memory |    from_42    |     array    |
|from_43_address0     | out |    8|  ap_memory |    from_43    |     array    |
|from_43_ce0          | out |    1|  ap_memory |    from_43    |     array    |
|from_43_q0           |  in |   16|  ap_memory |    from_43    |     array    |
|from_44_address0     | out |    8|  ap_memory |    from_44    |     array    |
|from_44_ce0          | out |    1|  ap_memory |    from_44    |     array    |
|from_44_q0           |  in |   16|  ap_memory |    from_44    |     array    |
|from_45_address0     | out |    8|  ap_memory |    from_45    |     array    |
|from_45_ce0          | out |    1|  ap_memory |    from_45    |     array    |
|from_45_q0           |  in |   16|  ap_memory |    from_45    |     array    |
|from_46_address0     | out |    8|  ap_memory |    from_46    |     array    |
|from_46_ce0          | out |    1|  ap_memory |    from_46    |     array    |
|from_46_q0           |  in |   16|  ap_memory |    from_46    |     array    |
|from_47_address0     | out |    8|  ap_memory |    from_47    |     array    |
|from_47_ce0          | out |    1|  ap_memory |    from_47    |     array    |
|from_47_q0           |  in |   16|  ap_memory |    from_47    |     array    |
|from_48_address0     | out |    8|  ap_memory |    from_48    |     array    |
|from_48_ce0          | out |    1|  ap_memory |    from_48    |     array    |
|from_48_q0           |  in |   16|  ap_memory |    from_48    |     array    |
|from_49_address0     | out |    8|  ap_memory |    from_49    |     array    |
|from_49_ce0          | out |    1|  ap_memory |    from_49    |     array    |
|from_49_q0           |  in |   16|  ap_memory |    from_49    |     array    |
|from_50_address0     | out |    8|  ap_memory |    from_50    |     array    |
|from_50_ce0          | out |    1|  ap_memory |    from_50    |     array    |
|from_50_q0           |  in |   16|  ap_memory |    from_50    |     array    |
|from_51_address0     | out |    8|  ap_memory |    from_51    |     array    |
|from_51_ce0          | out |    1|  ap_memory |    from_51    |     array    |
|from_51_q0           |  in |   16|  ap_memory |    from_51    |     array    |
|from_52_address0     | out |    8|  ap_memory |    from_52    |     array    |
|from_52_ce0          | out |    1|  ap_memory |    from_52    |     array    |
|from_52_q0           |  in |   16|  ap_memory |    from_52    |     array    |
|from_53_address0     | out |    8|  ap_memory |    from_53    |     array    |
|from_53_ce0          | out |    1|  ap_memory |    from_53    |     array    |
|from_53_q0           |  in |   16|  ap_memory |    from_53    |     array    |
|from_54_address0     | out |    8|  ap_memory |    from_54    |     array    |
|from_54_ce0          | out |    1|  ap_memory |    from_54    |     array    |
|from_54_q0           |  in |   16|  ap_memory |    from_54    |     array    |
|from_55_address0     | out |    8|  ap_memory |    from_55    |     array    |
|from_55_ce0          | out |    1|  ap_memory |    from_55    |     array    |
|from_55_q0           |  in |   16|  ap_memory |    from_55    |     array    |
|from_56_address0     | out |    8|  ap_memory |    from_56    |     array    |
|from_56_ce0          | out |    1|  ap_memory |    from_56    |     array    |
|from_56_q0           |  in |   16|  ap_memory |    from_56    |     array    |
|from_57_address0     | out |    8|  ap_memory |    from_57    |     array    |
|from_57_ce0          | out |    1|  ap_memory |    from_57    |     array    |
|from_57_q0           |  in |   16|  ap_memory |    from_57    |     array    |
|from_58_address0     | out |    8|  ap_memory |    from_58    |     array    |
|from_58_ce0          | out |    1|  ap_memory |    from_58    |     array    |
|from_58_q0           |  in |   16|  ap_memory |    from_58    |     array    |
|from_59_address0     | out |    8|  ap_memory |    from_59    |     array    |
|from_59_ce0          | out |    1|  ap_memory |    from_59    |     array    |
|from_59_q0           |  in |   16|  ap_memory |    from_59    |     array    |
|from_60_address0     | out |    8|  ap_memory |    from_60    |     array    |
|from_60_ce0          | out |    1|  ap_memory |    from_60    |     array    |
|from_60_q0           |  in |   16|  ap_memory |    from_60    |     array    |
|from_61_address0     | out |    8|  ap_memory |    from_61    |     array    |
|from_61_ce0          | out |    1|  ap_memory |    from_61    |     array    |
|from_61_q0           |  in |   16|  ap_memory |    from_61    |     array    |
|from_62_address0     | out |    8|  ap_memory |    from_62    |     array    |
|from_62_ce0          | out |    1|  ap_memory |    from_62    |     array    |
|from_62_q0           |  in |   16|  ap_memory |    from_62    |     array    |
|from_63_address0     | out |    8|  ap_memory |    from_63    |     array    |
|from_63_ce0          | out |    1|  ap_memory |    from_63    |     array    |
|from_63_q0           |  in |   16|  ap_memory |    from_63    |     array    |
|tile_index           |  in |   32|   ap_none  |   tile_index  |    scalar    |
+---------------------+-----+-----+------------+---------------+--------------+

