

================================================================
== Vivado HLS Report for 'compute'
================================================================
* Date:           Wed Apr 12 16:47:07 2017

* Version:        2016.3 (Build 1721985 on Tue Nov 29 18:45:36 MST 2016)
* Project:        blur_kernel
* Solution:       solution_OCL_REGION_0
* Product family: virtex7
* Target device:  xc7vx690tffg1157-2


================================================================
== Performance Estimates
================================================================
+ Timing (ns): 
    * Summary: 
    +--------+-------+----------+------------+
    |  Clock | Target| Estimated| Uncertainty|
    +--------+-------+----------+------------+
    |ap_clk  |   5.00|      3.44|        1.35|
    +--------+-------+----------+------------+

+ Latency (clock cycles): 
    * Summary: 
    +-----+------+-----+------+---------+
    |   Latency  |  Interval  | Pipeline|
    | min |  max | min |  max |   Type  |
    +-----+------+-----+------+---------+
    |    1|  2128|    1|  2128|   none  |
    +-----+------+-----+------+---------+

    + Detail: 
        * Instance: 
        N/A

        * Loop: 
        +----------+------+------+----------+-----------+-----------+------+----------+
        |          |   Latency   | Iteration|  Initiation Interval  | Trip |          |
        | Loop Name|  min |  max |  Latency |  achieved |   target  | Count| Pipelined|
        +----------+------+------+----------+-----------+-----------+------+----------+
        |- Loop 1  |  2090|  2090|        11|          1|          1|  2081|    yes   |
        +----------+------+------+----------+-----------+-----------+------+----------+



================================================================
== Utilization Estimates
================================================================
* Summary: 
+-----------------+---------+-------+--------+--------+
|       Name      | BRAM_18K| DSP48E|   FF   |   LUT  |
+-----------------+---------+-------+--------+--------+
|DSP              |        -|      -|       -|       -|
|Expression       |        -|      -|       0|    2088|
|FIFO             |        -|      -|       -|       -|
|Instance         |        -|     32|     576|     640|
|Memory           |        -|      -|       -|       -|
|Multiplexer      |        -|      -|       -|      87|
|Register         |        -|      -|    6102|      41|
+-----------------+---------+-------+--------+--------+
|Total            |        0|     32|    6678|    2856|
+-----------------+---------+-------+--------+--------+
|Available        |     2940|   3600|  866400|  433200|
+-----------------+---------+-------+--------+--------+
|Utilization (%)  |        0|   ~0  |   ~0   |   ~0   |
+-----------------+---------+-------+--------+--------+

+ Detail: 
    * Instance: 
    +------------------------------------------+--------------------------------------+---------+-------+-----+-----+
    |                 Instance                 |                Module                | BRAM_18K| DSP48E|  FF | LUT |
    +------------------------------------------+--------------------------------------+---------+-------+-----+-----+
    |blur_kernel_mul_16ns_18ns_34_3_U15        |blur_kernel_mul_16ns_18ns_34_3        |        0|      1|    0|    0|
    |blur_kernel_mul_16ns_18ns_34_3_U16        |blur_kernel_mul_16ns_18ns_34_3        |        0|      1|    0|    0|
    |blur_kernel_mul_16ns_18ns_34_3_U17        |blur_kernel_mul_16ns_18ns_34_3        |        0|      1|    0|    0|
    |blur_kernel_mul_16ns_18ns_34_3_U18        |blur_kernel_mul_16ns_18ns_34_3        |        0|      1|    0|    0|
    |blur_kernel_mul_16ns_18ns_34_3_U19        |blur_kernel_mul_16ns_18ns_34_3        |        0|      1|    0|    0|
    |blur_kernel_mul_16ns_18ns_34_3_U20        |blur_kernel_mul_16ns_18ns_34_3        |        0|      1|    0|    0|
    |blur_kernel_mul_16ns_18ns_34_3_U21        |blur_kernel_mul_16ns_18ns_34_3        |        0|      1|    0|    0|
    |blur_kernel_mul_16ns_18ns_34_3_U22        |blur_kernel_mul_16ns_18ns_34_3        |        0|      1|    0|    0|
    |blur_kernel_mul_16ns_18ns_34_3_U23        |blur_kernel_mul_16ns_18ns_34_3        |        0|      1|    0|    0|
    |blur_kernel_mul_16ns_18ns_34_3_U24        |blur_kernel_mul_16ns_18ns_34_3        |        0|      1|    0|    0|
    |blur_kernel_mul_16ns_18ns_34_3_U25        |blur_kernel_mul_16ns_18ns_34_3        |        0|      1|    0|    0|
    |blur_kernel_mul_16ns_18ns_34_3_U26        |blur_kernel_mul_16ns_18ns_34_3        |        0|      1|    0|    0|
    |blur_kernel_mul_16ns_18ns_34_3_U27        |blur_kernel_mul_16ns_18ns_34_3        |        0|      1|    0|    0|
    |blur_kernel_mul_16ns_18ns_34_3_U28        |blur_kernel_mul_16ns_18ns_34_3        |        0|      1|    0|    0|
    |blur_kernel_mul_16ns_18ns_34_3_U29        |blur_kernel_mul_16ns_18ns_34_3        |        0|      1|    0|    0|
    |blur_kernel_mul_16ns_18ns_34_3_U30        |blur_kernel_mul_16ns_18ns_34_3        |        0|      1|    0|    0|
    |blur_kernel_mul_16ns_18ns_34_3_U31        |blur_kernel_mul_16ns_18ns_34_3        |        0|      1|    0|    0|
    |blur_kernel_mul_16ns_18ns_34_3_U32        |blur_kernel_mul_16ns_18ns_34_3        |        0|      1|    0|    0|
    |blur_kernel_mul_16ns_18ns_34_3_U33        |blur_kernel_mul_16ns_18ns_34_3        |        0|      1|    0|    0|
    |blur_kernel_mul_16ns_18ns_34_3_U34        |blur_kernel_mul_16ns_18ns_34_3        |        0|      1|    0|    0|
    |blur_kernel_mul_16ns_18ns_34_3_U35        |blur_kernel_mul_16ns_18ns_34_3        |        0|      1|    0|    0|
    |blur_kernel_mul_16ns_18ns_34_3_U36        |blur_kernel_mul_16ns_18ns_34_3        |        0|      1|    0|    0|
    |blur_kernel_mul_16ns_18ns_34_3_U37        |blur_kernel_mul_16ns_18ns_34_3        |        0|      1|    0|    0|
    |blur_kernel_mul_16ns_18ns_34_3_U38        |blur_kernel_mul_16ns_18ns_34_3        |        0|      1|    0|    0|
    |blur_kernel_mul_16ns_18ns_34_3_U39        |blur_kernel_mul_16ns_18ns_34_3        |        0|      1|    0|    0|
    |blur_kernel_mul_16ns_18ns_34_3_U40        |blur_kernel_mul_16ns_18ns_34_3        |        0|      1|    0|    0|
    |blur_kernel_mul_16ns_18ns_34_3_U41        |blur_kernel_mul_16ns_18ns_34_3        |        0|      1|    0|    0|
    |blur_kernel_mul_16ns_18ns_34_3_U42        |blur_kernel_mul_16ns_18ns_34_3        |        0|      1|    0|    0|
    |blur_kernel_mul_16ns_18ns_34_3_U43        |blur_kernel_mul_16ns_18ns_34_3        |        0|      1|    0|    0|
    |blur_kernel_mul_16ns_18ns_34_3_U44        |blur_kernel_mul_16ns_18ns_34_3        |        0|      1|    0|    0|
    |blur_kernel_mul_16ns_18ns_34_3_U45        |blur_kernel_mul_16ns_18ns_34_3        |        0|      1|    0|    0|
    |blur_kernel_mul_16ns_18ns_34_3_U46        |blur_kernel_mul_16ns_18ns_34_3        |        0|      1|    0|    0|
    |blur_kernel_sdiv_32ns_32ns_32_36_seq_U14  |blur_kernel_sdiv_32ns_32ns_32_36_seq  |        0|      0|  288|  320|
    |blur_kernel_srem_32ns_32ns_32_36_seq_U13  |blur_kernel_srem_32ns_32ns_32_36_seq  |        0|      0|  288|  320|
    +------------------------------------------+--------------------------------------+---------+-------+-----+-----+
    |Total                                     |                                      |        0|     32|  576|  640|
    +------------------------------------------+--------------------------------------+---------+-------+-----+-----+

    * DSP48: 
    N/A

    * Memory: 
    N/A

    * FIFO: 
    N/A

    * Expression: 
    +--------------------------------+----------+-------+---+----+------------+------------+
    |          Variable Name         | Operation| DSP48E| FF| LUT| Bitwidth P0| Bitwidth P1|
    +--------------------------------+----------+-------+---+----+------------+------------+
    |assign_105_1_fu_4518_p2         |     +    |      0|  0|   8|          16|          16|
    |assign_105_2_fu_4571_p2         |     +    |      0|  0|   8|          16|          16|
    |assign_105_3_fu_4624_p2         |     +    |      0|  0|   8|          16|          16|
    |assign_105_4_fu_4677_p2         |     +    |      0|  0|   8|          16|          16|
    |assign_105_5_fu_4730_p2         |     +    |      0|  0|   8|          16|          16|
    |assign_105_6_fu_4783_p2         |     +    |      0|  0|   8|          16|          16|
    |assign_105_7_fu_4836_p2         |     +    |      0|  0|   8|          16|          16|
    |assign_115_1_fu_4527_p2         |     +    |      0|  0|   8|          16|          16|
    |assign_115_2_fu_4580_p2         |     +    |      0|  0|   8|          16|          16|
    |assign_115_3_fu_4633_p2         |     +    |      0|  0|   8|          16|          16|
    |assign_115_4_fu_4686_p2         |     +    |      0|  0|   8|          16|          16|
    |assign_115_5_fu_4739_p2         |     +    |      0|  0|   8|          16|          16|
    |assign_115_6_fu_4792_p2         |     +    |      0|  0|   8|          16|          16|
    |assign_115_7_fu_4845_p2         |     +    |      0|  0|   8|          16|          16|
    |assign_125_1_fu_4536_p2         |     +    |      0|  0|   8|          16|          16|
    |assign_125_2_fu_4589_p2         |     +    |      0|  0|   8|          16|          16|
    |assign_125_3_fu_4642_p2         |     +    |      0|  0|   8|          16|          16|
    |assign_125_4_fu_4695_p2         |     +    |      0|  0|   8|          16|          16|
    |assign_125_5_fu_4748_p2         |     +    |      0|  0|   8|          16|          16|
    |assign_125_6_fu_4801_p2         |     +    |      0|  0|   8|          16|          16|
    |assign_125_7_fu_4854_p2         |     +    |      0|  0|   8|          16|          16|
    |assign_127_1_fu_5328_p2         |     +    |      0|  0|   8|          16|          16|
    |assign_127_2_fu_5337_p2         |     +    |      0|  0|   8|          16|          16|
    |assign_127_3_fu_5346_p2         |     +    |      0|  0|   8|          16|          16|
    |assign_127_4_fu_5355_p2         |     +    |      0|  0|   8|          16|          16|
    |assign_127_5_fu_5364_p2         |     +    |      0|  0|   8|          16|          16|
    |assign_127_6_fu_5373_p2         |     +    |      0|  0|   8|          16|          16|
    |assign_127_7_fu_5382_p2         |     +    |      0|  0|   8|          16|          16|
    |assign_1_fu_4455_p2             |     +    |      0|  0|   8|          16|          16|
    |assign_4_fu_4464_p2             |     +    |      0|  0|   8|          16|          16|
    |assign_7_fu_4473_p2             |     +    |      0|  0|   8|          16|          16|
    |assign_s_fu_5319_p2             |     +    |      0|  0|   8|          16|          16|
    |input_index_1_fu_1503_p2        |     +    |      0|  0|  12|          12|           1|
    |output_index_1_cp_fu_5563_p2    |     +    |      0|  0|  15|          15|          10|
    |output_index_1_fu_1641_p2       |     +    |      0|  0|  15|          15|          10|
    |output_index_4_fu_1735_p2       |     +    |      0|  0|  15|          15|           9|
    |output_index_5_fu_1759_p2       |     +    |      0|  0|  15|          15|           9|
    |output_index_6_fu_1783_p2       |     +    |      0|  0|  15|          15|           9|
    |output_index_7_fu_1807_p2       |     +    |      0|  0|  15|          15|           9|
    |output_index_cp_fu_5539_p2      |     +    |      0|  0|  15|          15|          10|
    |p_1_fu_4154_p2                  |     +    |      0|  0|  32|          32|          32|
    |p_2_fu_4191_p2                  |     +    |      0|  0|  32|          32|          32|
    |p_3_fu_4228_p2                  |     +    |      0|  0|  32|          32|          32|
    |p_4_fu_4271_p2                  |     +    |      0|  0|  32|          32|          32|
    |p_5_fu_4314_p2                  |     +    |      0|  0|  32|          32|          32|
    |p_6_fu_4357_p2                  |     +    |      0|  0|  32|          32|          32|
    |p_7_fu_4400_p2                  |     +    |      0|  0|  32|          32|          32|
    |p_fu_4044_p2                    |     +    |      0|  0|  32|          32|          32|
    |q_1_fu_4149_p2                  |     +    |      0|  0|  32|          32|          32|
    |q_2_fu_4186_p2                  |     +    |      0|  0|  32|          32|          32|
    |q_3_fu_4223_p2                  |     +    |      0|  0|  32|          32|          32|
    |q_4_fu_4266_p2                  |     +    |      0|  0|  32|          32|          32|
    |q_5_fu_4309_p2                  |     +    |      0|  0|  32|          32|          32|
    |q_6_fu_4352_p2                  |     +    |      0|  0|  32|          32|          32|
    |q_7_fu_4395_p2                  |     +    |      0|  0|  32|          32|          32|
    |q_fu_4039_p2                    |     +    |      0|  0|  32|          32|          32|
    |tmp10_fu_4523_p2                |     +    |      0|  0|   8|          16|          16|
    |tmp11_fu_4532_p2                |     +    |      0|  0|   8|          16|          16|
    |tmp12_fu_5324_p2                |     +    |      0|  0|   8|          16|          16|
    |tmp15_fu_4567_p2                |     +    |      0|  0|   8|          16|          16|
    |tmp16_fu_4576_p2                |     +    |      0|  0|   8|          16|          16|
    |tmp17_fu_4585_p2                |     +    |      0|  0|   8|          16|          16|
    |tmp18_fu_5333_p2                |     +    |      0|  0|   8|          16|          16|
    |tmp21_fu_4620_p2                |     +    |      0|  0|   8|          16|          16|
    |tmp22_fu_4629_p2                |     +    |      0|  0|   8|          16|          16|
    |tmp23_fu_4638_p2                |     +    |      0|  0|   8|          16|          16|
    |tmp24_fu_5342_p2                |     +    |      0|  0|   8|          16|          16|
    |tmp27_fu_4673_p2                |     +    |      0|  0|   8|          16|          16|
    |tmp28_fu_4682_p2                |     +    |      0|  0|   8|          16|          16|
    |tmp29_fu_4691_p2                |     +    |      0|  0|   8|          16|          16|
    |tmp30_fu_5351_p2                |     +    |      0|  0|   8|          16|          16|
    |tmp33_fu_4726_p2                |     +    |      0|  0|   8|          16|          16|
    |tmp34_fu_4735_p2                |     +    |      0|  0|   8|          16|          16|
    |tmp35_fu_4744_p2                |     +    |      0|  0|   8|          16|          16|
    |tmp36_fu_5360_p2                |     +    |      0|  0|   8|          16|          16|
    |tmp39_fu_4779_p2                |     +    |      0|  0|   8|          16|          16|
    |tmp3_fu_4451_p2                 |     +    |      0|  0|   8|          16|          16|
    |tmp40_fu_4788_p2                |     +    |      0|  0|   8|          16|          16|
    |tmp41_fu_4797_p2                |     +    |      0|  0|   8|          16|          16|
    |tmp42_fu_5369_p2                |     +    |      0|  0|   8|          16|          16|
    |tmp45_fu_4832_p2                |     +    |      0|  0|   8|          16|          16|
    |tmp46_fu_4841_p2                |     +    |      0|  0|   8|          16|          16|
    |tmp47_fu_4850_p2                |     +    |      0|  0|   8|          16|          16|
    |tmp48_fu_5378_p2                |     +    |      0|  0|   8|          16|          16|
    |tmp4_fu_4460_p2                 |     +    |      0|  0|   8|          16|          16|
    |tmp5_fu_4469_p2                 |     +    |      0|  0|   8|          16|          16|
    |tmp6_fu_5315_p2                 |     +    |      0|  0|   8|          16|          16|
    |tmp9_fu_4514_p2                 |     +    |      0|  0|   8|          16|          16|
    |tmp_31_1_fu_1647_p2             |     +    |      0|  0|  15|          15|           9|
    |tmp_3_fu_1561_p2                |     +    |      0|  0|  15|          15|          10|
    |tmp_4_fu_1571_p2                |     +    |      0|  0|  15|          15|          10|
    |tmp_5_fu_1489_p2                |     +    |      0|  0|  32|          32|          32|
    |tmp_6_fu_1493_p2                |     +    |      0|  0|  32|          32|          32|
    |p_neg1_fu_1593_p2               |     -    |      0|  0|  15|           9|          15|
    |p_neg_1_fu_1693_p2              |     -    |      0|  0|  17|           1|          17|
    |p_neg_t1_fu_1681_p2             |     -    |      0|  0|  15|           1|          15|
    |p_neg_t2_fu_1611_p2             |     -    |      0|  0|  15|           1|          15|
    |p_neg_t_1_fu_4114_p2            |     -    |      0|  0|  11|           1|          11|
    |p_neg_t_fu_1635_p2              |     -    |      0|  0|  11|           1|          11|
    |tmp_40_fu_1667_p2               |     -    |      0|  0|   7|           1|           7|
    |tmp_fu_1467_p2                  |     -    |      0|  0|  32|          32|          32|
    |tmp_s_fu_1483_p2                |     -    |      0|  0|  32|          32|          32|
    |or_cond1_1_fu_4508_p2           |    and   |      0|  0|   1|           1|           1|
    |or_cond1_2_fu_4561_p2           |    and   |      0|  0|   1|           1|           1|
    |or_cond1_3_fu_4614_p2           |    and   |      0|  0|   1|           1|           1|
    |or_cond1_4_fu_4667_p2           |    and   |      0|  0|   1|           1|           1|
    |or_cond1_5_fu_4720_p2           |    and   |      0|  0|   1|           1|           1|
    |or_cond1_6_fu_4773_p2           |    and   |      0|  0|   1|           1|           1|
    |or_cond1_7_fu_4826_p2           |    and   |      0|  0|   1|           1|           1|
    |or_cond1_fu_4445_p2             |    and   |      0|  0|   1|           1|           1|
    |tmp13_fu_4551_p2                |    and   |      0|  0|   1|           1|           1|
    |tmp14_fu_4557_p2                |    and   |      0|  0|   1|           1|           1|
    |tmp19_fu_4604_p2                |    and   |      0|  0|   1|           1|           1|
    |tmp1_fu_4435_p2                 |    and   |      0|  0|   1|           1|           1|
    |tmp20_fu_4610_p2                |    and   |      0|  0|   1|           1|           1|
    |tmp25_fu_4657_p2                |    and   |      0|  0|   1|           1|           1|
    |tmp26_fu_4663_p2                |    and   |      0|  0|   1|           1|           1|
    |tmp2_fu_4441_p2                 |    and   |      0|  0|   1|           1|           1|
    |tmp31_fu_4710_p2                |    and   |      0|  0|   1|           1|           1|
    |tmp32_fu_4716_p2                |    and   |      0|  0|   1|           1|           1|
    |tmp37_fu_4763_p2                |    and   |      0|  0|   1|           1|           1|
    |tmp38_fu_4769_p2                |    and   |      0|  0|   1|           1|           1|
    |tmp43_fu_4816_p2                |    and   |      0|  0|   1|           1|           1|
    |tmp44_fu_4822_p2                |    and   |      0|  0|   1|           1|           1|
    |tmp7_fu_4497_p2                 |    and   |      0|  0|   1|           1|           1|
    |tmp8_fu_4503_p2                 |    and   |      0|  0|   1|           1|           1|
    |exitcond6_fu_1497_p2            |   icmp   |      0|  0|   5|          12|          12|
    |icmp1_fu_1587_p2                |   icmp   |      0|  0|   5|          14|           1|
    |icmp_fu_1555_p2                 |   icmp   |      0|  0|   3|           7|           1|
    |slt10_fu_4319_p2                |   icmp   |      0|  0|  11|          32|          32|
    |slt11_fu_4324_p2                |   icmp   |      0|  0|  11|          32|          32|
    |slt12_fu_4362_p2                |   icmp   |      0|  0|  11|          32|          32|
    |slt13_fu_4367_p2                |   icmp   |      0|  0|  11|          32|          32|
    |slt14_fu_4405_p2                |   icmp   |      0|  0|  11|          32|          32|
    |slt15_fu_4410_p2                |   icmp   |      0|  0|  11|          32|          32|
    |slt1_fu_4054_p2                 |   icmp   |      0|  0|  11|          32|          32|
    |slt2_fu_4159_p2                 |   icmp   |      0|  0|  11|          32|          32|
    |slt3_fu_4483_p2                 |   icmp   |      0|  0|  11|          32|          32|
    |slt4_fu_4196_p2                 |   icmp   |      0|  0|  11|          32|          32|
    |slt5_fu_4201_p2                 |   icmp   |      0|  0|  11|          32|          32|
    |slt6_fu_4233_p2                 |   icmp   |      0|  0|  11|          32|          32|
    |slt7_fu_4238_p2                 |   icmp   |      0|  0|  11|          32|          32|
    |slt8_fu_4276_p2                 |   icmp   |      0|  0|  11|          32|          32|
    |slt9_fu_4281_p2                 |   icmp   |      0|  0|  11|          32|          32|
    |slt_fu_4049_p2                  |   icmp   |      0|  0|  11|          32|          32|
    |tmp_12_fu_4059_p2               |   icmp   |      0|  0|  11|          32|          32|
    |tmp_13_fu_4064_p2               |   icmp   |      0|  0|  11|          32|          32|
    |tmp_32_1_fu_1653_p2             |   icmp   |      0|  0|   6|          15|           1|
    |tmp_54_1_fu_4164_p2             |   icmp   |      0|  0|  11|          32|          32|
    |tmp_54_2_fu_4206_p2             |   icmp   |      0|  0|  11|          32|          32|
    |tmp_54_3_fu_4243_p2             |   icmp   |      0|  0|  11|          32|          32|
    |tmp_54_4_fu_4286_p2             |   icmp   |      0|  0|  11|          32|          32|
    |tmp_54_5_fu_4329_p2             |   icmp   |      0|  0|  11|          32|          32|
    |tmp_54_6_fu_4372_p2             |   icmp   |      0|  0|  11|          32|          32|
    |tmp_54_7_fu_4415_p2             |   icmp   |      0|  0|  11|          32|          32|
    |tmp_55_1_fu_4493_p2             |   icmp   |      0|  0|  11|          32|          32|
    |tmp_55_2_fu_4211_p2             |   icmp   |      0|  0|  11|          32|          32|
    |tmp_55_3_fu_4248_p2             |   icmp   |      0|  0|  11|          32|          32|
    |tmp_55_4_fu_4291_p2             |   icmp   |      0|  0|  11|          32|          32|
    |tmp_55_5_fu_4334_p2             |   icmp   |      0|  0|  11|          32|          32|
    |tmp_55_6_fu_4377_p2             |   icmp   |      0|  0|  11|          32|          32|
    |tmp_55_7_fu_4420_p2             |   icmp   |      0|  0|  11|          32|          32|
    |ap_enable_pp0                   |    or    |      0|  0|   1|           1|           1|
    |output_index_4_cast_fu_4253_p2  |    or    |      0|  0|  10|           7|           2|
    |output_index_5_cast_fu_4296_p2  |    or    |      0|  0|  10|           7|           2|
    |output_index_6_cast_fu_4339_p2  |    or    |      0|  0|  10|           7|           3|
    |output_index_7_cast_fu_4382_p2  |    or    |      0|  0|  10|           7|           3|
    |output_index_tr_s_fu_1687_p2    |    or    |      0|  0|  25|          17|           1|
    |tmp_31_1_cast_fu_4069_p2        |    or    |      0|  0|  10|           7|           1|
    |i_1_fu_4093_p3                  |  select  |      0|  0|  15|           1|          15|
    |i_fu_4000_p3                    |  select  |      0|  0|  15|           1|          15|
    |stencil_buf_0_33_2_fu_3921_p3   |  select  |      0|  0|  16|           1|          16|
    |stencil_buf_1_33_2_fu_3928_p3   |  select  |      0|  0|  16|           1|          16|
    |stencil_buf_2_32_2_fu_3879_p3   |  select  |      0|  0|  16|           1|          16|
    |stencil_buf_3_32_2_fu_3886_p3   |  select  |      0|  0|  16|           1|          16|
    |stencil_buf_4_32_2_fu_3893_p3   |  select  |      0|  0|  16|           1|          16|
    |stencil_buf_5_32_2_fu_3900_p3   |  select  |      0|  0|  16|           1|          16|
    |stencil_buf_6_32_2_fu_3907_p3   |  select  |      0|  0|  16|           1|          16|
    |stencil_buf_7_32_2_fu_3914_p3   |  select  |      0|  0|  16|           1|          16|
    |tmp_11_fu_4028_p3               |  select  |      0|  0|  11|           1|          11|
    |tmp_14_fu_4137_p3               |  select  |      0|  0|  11|           1|          11|
    |rev10_fu_4700_p2                |    xor   |      0|  0|   2|           1|           2|
    |rev11_fu_4705_p2                |    xor   |      0|  0|   2|           1|           2|
    |rev12_fu_4753_p2                |    xor   |      0|  0|   2|           1|           2|
    |rev13_fu_4758_p2                |    xor   |      0|  0|   2|           1|           2|
    |rev14_fu_4806_p2                |    xor   |      0|  0|   2|           1|           2|
    |rev15_fu_4811_p2                |    xor   |      0|  0|   2|           1|           2|
    |rev1_fu_4430_p2                 |    xor   |      0|  0|   2|           1|           2|
    |rev2_fu_4478_p2                 |    xor   |      0|  0|   2|           1|           2|
    |rev3_fu_4487_p2                 |    xor   |      0|  0|   2|           1|           2|
    |rev4_fu_4541_p2                 |    xor   |      0|  0|   2|           1|           2|
    |rev5_fu_4546_p2                 |    xor   |      0|  0|   2|           1|           2|
    |rev6_fu_4594_p2                 |    xor   |      0|  0|   2|           1|           2|
    |rev7_fu_4599_p2                 |    xor   |      0|  0|   2|           1|           2|
    |rev8_fu_4647_p2                 |    xor   |      0|  0|   2|           1|           2|
    |rev9_fu_4652_p2                 |    xor   |      0|  0|   2|           1|           2|
    |rev_fu_4425_p2                  |    xor   |      0|  0|   2|           1|           2|
    +--------------------------------+----------+-------+---+----+------------+------------+
    |Total                           |          |      0|  0|2088|        3018|        3139|
    +--------------------------------+----------+-------+---+----+------------+------------+

    * Multiplexer: 
    +--------------------------+----+-----------+-----+-----------+
    |           Name           | LUT| Input Size| Bits| Total Bits|
    +--------------------------+----+-----------+-----+-----------+
    |ap_NS_fsm                 |  72|         40|    1|         40|
    |ap_enable_reg_pp0_iter1   |   1|          2|    1|          2|
    |ap_enable_reg_pp0_iter10  |   1|          2|    1|          2|
    |ap_enable_reg_pp0_iter2   |   1|          2|    1|          2|
    |input_index_reg_1434      |  12|          2|   12|         24|
    +--------------------------+----+-----------+-----+-----------+
    |Total                     |  87|         48|   16|         70|
    +--------------------------+----+-----------+-----+-----------+

    * Register: 
    +----------------------------------+----+----+-----+-----------+
    |               Name               | FF | LUT| Bits| Const Bits|
    +----------------------------------+----+----+-----+-----------+
    |ap_CS_fsm                         |  39|   0|   39|          0|
    |ap_enable_reg_pp0_iter0           |   1|   0|    1|          0|
    |ap_enable_reg_pp0_iter1           |   1|   0|    1|          0|
    |ap_enable_reg_pp0_iter10          |   1|   0|    1|          0|
    |ap_enable_reg_pp0_iter2           |   1|   0|    1|          0|
    |ap_enable_reg_pp0_iter3           |   1|   0|    1|          0|
    |ap_enable_reg_pp0_iter4           |   1|   0|    1|          0|
    |ap_enable_reg_pp0_iter5           |   1|   0|    1|          0|
    |ap_enable_reg_pp0_iter6           |   1|   0|    1|          0|
    |ap_enable_reg_pp0_iter7           |   1|   0|    1|          0|
    |ap_enable_reg_pp0_iter8           |   1|   0|    1|          0|
    |ap_enable_reg_pp0_iter9           |   1|   0|    1|          0|
    |assign_105_1_reg_7889             |  16|   0|   16|          0|
    |assign_105_2_reg_7908             |  16|   0|   16|          0|
    |assign_105_3_reg_7927             |  16|   0|   16|          0|
    |assign_105_4_reg_7946             |  16|   0|   16|          0|
    |assign_105_5_reg_7965             |  16|   0|   16|          0|
    |assign_105_6_reg_7984             |  16|   0|   16|          0|
    |assign_105_7_reg_8003             |  16|   0|   16|          0|
    |assign_107_1_reg_8153             |  16|   0|   16|          0|
    |assign_107_2_reg_8168             |  16|   0|   16|          0|
    |assign_107_3_reg_8183             |  16|   0|   16|          0|
    |assign_107_4_reg_8198             |  16|   0|   16|          0|
    |assign_107_5_reg_8213             |  16|   0|   16|          0|
    |assign_107_6_reg_8228             |  16|   0|   16|          0|
    |assign_107_7_reg_8243             |  16|   0|   16|          0|
    |assign_115_1_reg_7894             |  16|   0|   16|          0|
    |assign_115_2_reg_7913             |  16|   0|   16|          0|
    |assign_115_3_reg_7932             |  16|   0|   16|          0|
    |assign_115_4_reg_7951             |  16|   0|   16|          0|
    |assign_115_5_reg_7970             |  16|   0|   16|          0|
    |assign_115_6_reg_7989             |  16|   0|   16|          0|
    |assign_115_7_reg_8008             |  16|   0|   16|          0|
    |assign_116_1_reg_8158             |  16|   0|   16|          0|
    |assign_116_2_reg_8173             |  16|   0|   16|          0|
    |assign_116_3_reg_8188             |  16|   0|   16|          0|
    |assign_116_4_reg_8203             |  16|   0|   16|          0|
    |assign_116_5_reg_8218             |  16|   0|   16|          0|
    |assign_116_6_reg_8233             |  16|   0|   16|          0|
    |assign_116_7_reg_8248             |  16|   0|   16|          0|
    |assign_125_1_reg_7899             |  16|   0|   16|          0|
    |assign_125_2_reg_7918             |  16|   0|   16|          0|
    |assign_125_3_reg_7937             |  16|   0|   16|          0|
    |assign_125_4_reg_7956             |  16|   0|   16|          0|
    |assign_125_5_reg_7975             |  16|   0|   16|          0|
    |assign_125_6_reg_7994             |  16|   0|   16|          0|
    |assign_125_7_reg_8013             |  16|   0|   16|          0|
    |assign_126_1_reg_8163             |  16|   0|   16|          0|
    |assign_126_2_reg_8178             |  16|   0|   16|          0|
    |assign_126_3_reg_8193             |  16|   0|   16|          0|
    |assign_126_4_reg_8208             |  16|   0|   16|          0|
    |assign_126_5_reg_8223             |  16|   0|   16|          0|
    |assign_126_6_reg_8238             |  16|   0|   16|          0|
    |assign_126_7_reg_8253             |  16|   0|   16|          0|
    |assign_127_1_reg_8263             |  16|   0|   16|          0|
    |assign_127_2_reg_8268             |  16|   0|   16|          0|
    |assign_127_3_reg_8273             |  16|   0|   16|          0|
    |assign_127_4_reg_8278             |  16|   0|   16|          0|
    |assign_127_5_reg_8283             |  16|   0|   16|          0|
    |assign_127_6_reg_8288             |  16|   0|   16|          0|
    |assign_127_7_reg_8293             |  16|   0|   16|          0|
    |assign_128_1_reg_8343             |  16|   0|   16|          0|
    |assign_128_2_reg_8348             |  16|   0|   16|          0|
    |assign_128_3_reg_8353             |  16|   0|   16|          0|
    |assign_128_4_reg_8358             |  16|   0|   16|          0|
    |assign_128_5_reg_8363             |  16|   0|   16|          0|
    |assign_128_6_reg_8368             |  16|   0|   16|          0|
    |assign_128_7_reg_8373             |  16|   0|   16|          0|
    |assign_1_reg_7870                 |  16|   0|   16|          0|
    |assign_2_reg_8138                 |  16|   0|   16|          0|
    |assign_3_reg_8338                 |  16|   0|   16|          0|
    |assign_4_reg_7875                 |  16|   0|   16|          0|
    |assign_5_reg_8143                 |  16|   0|   16|          0|
    |assign_7_reg_7880                 |  16|   0|   16|          0|
    |assign_8_reg_8148                 |  16|   0|   16|          0|
    |assign_s_reg_8258                 |  16|   0|   16|          0|
    |exitcond6_reg_7339                |   1|   0|    1|          0|
    |icmp1_reg_7435                    |   1|   0|    1|          0|
    |icmp_reg_7411                     |   1|   0|    1|          0|
    |input_index_reg_1434              |  12|   0|   12|          0|
    |or_cond1_1_reg_7885               |   1|   0|    1|          0|
    |or_cond1_2_reg_7904               |   1|   0|    1|          0|
    |or_cond1_3_reg_7923               |   1|   0|    1|          0|
    |or_cond1_4_reg_7942               |   1|   0|    1|          0|
    |or_cond1_5_reg_7961               |   1|   0|    1|          0|
    |or_cond1_6_reg_7980               |   1|   0|    1|          0|
    |or_cond1_7_reg_7999               |   1|   0|    1|          0|
    |or_cond1_reg_7866                 |   1|   0|    1|          0|
    |output_index_1_reg_7449           |  12|   0|   15|          3|
    |p_lshr_f_3_cast_reg_7477          |   8|   0|    8|          0|
    |p_lshr_f_4_cast_reg_7486          |   8|   0|    8|          0|
    |p_lshr_f_5_cast_reg_7495          |   8|   0|    8|          0|
    |p_lshr_f_6_cast_reg_7504          |   8|   0|    8|          0|
    |p_lshr_f_7_cast_reg_7513          |   8|   0|    8|          0|
    |p_neg_t1_reg_7459                 |  12|   0|   15|          3|
    |p_neg_t2_reg_7439                 |  12|   0|   15|          3|
    |p_neg_t_reg_7444                  |  11|   0|   11|          0|
    |q_1_reg_7730                      |  32|   0|   32|          0|
    |slt10_reg_7806                    |   1|   0|    1|          0|
    |slt11_reg_7811                    |   1|   0|    1|          0|
    |slt12_reg_7826                    |   1|   0|    1|          0|
    |slt13_reg_7831                    |   1|   0|    1|          0|
    |slt14_reg_7846                    |   1|   0|    1|          0|
    |slt15_reg_7851                    |   1|   0|    1|          0|
    |slt1_reg_7715                     |   1|   0|    1|          0|
    |slt2_reg_7736                     |   1|   0|    1|          0|
    |slt4_reg_7746                     |   1|   0|    1|          0|
    |slt5_reg_7751                     |   1|   0|    1|          0|
    |slt6_reg_7766                     |   1|   0|    1|          0|
    |slt7_reg_7771                     |   1|   0|    1|          0|
    |slt8_reg_7786                     |   1|   0|    1|          0|
    |slt9_reg_7791                     |   1|   0|    1|          0|
    |slt_reg_7710                      |   1|   0|    1|          0|
    |stencil_buf_0_0_fu_172            |  16|   0|   16|          0|
    |stencil_buf_0_0_load_19_reg_7523  |  16|   0|   16|          0|
    |stencil_buf_0_0_load_reg_7518     |  16|   0|   16|          0|
    |stencil_buf_0_0_s_fu_168          |  16|   0|   16|          0|
    |stencil_buf_0_10_fu_212           |  16|   0|   16|          0|
    |stencil_buf_0_11_fu_216           |  16|   0|   16|          0|
    |stencil_buf_0_12_fu_220           |  16|   0|   16|          0|
    |stencil_buf_0_13_fu_224           |  16|   0|   16|          0|
    |stencil_buf_0_14_fu_228           |  16|   0|   16|          0|
    |stencil_buf_0_15_fu_232           |  16|   0|   16|          0|
    |stencil_buf_0_15_load_reg_7529    |  16|   0|   16|          0|
    |stencil_buf_0_16_fu_236           |  16|   0|   16|          0|
    |stencil_buf_0_16_load_reg_7534    |  16|   0|   16|          0|
    |stencil_buf_0_17_fu_240           |  16|   0|   16|          0|
    |stencil_buf_0_18_fu_244           |  16|   0|   16|          0|
    |stencil_buf_0_19_fu_248           |  16|   0|   16|          0|
    |stencil_buf_0_1_fu_176            |  16|   0|   16|          0|
    |stencil_buf_0_20_fu_252           |  16|   0|   16|          0|
    |stencil_buf_0_21_fu_256           |  16|   0|   16|          0|
    |stencil_buf_0_22_fu_260           |  16|   0|   16|          0|
    |stencil_buf_0_23_fu_264           |  16|   0|   16|          0|
    |stencil_buf_0_24_fu_268           |  16|   0|   16|          0|
    |stencil_buf_0_25_fu_272           |  16|   0|   16|          0|
    |stencil_buf_0_26_fu_276           |  16|   0|   16|          0|
    |stencil_buf_0_27_fu_280           |  16|   0|   16|          0|
    |stencil_buf_0_28_fu_284           |  16|   0|   16|          0|
    |stencil_buf_0_29_fu_288           |  16|   0|   16|          0|
    |stencil_buf_0_2_fu_180            |  16|   0|   16|          0|
    |stencil_buf_0_30_fu_292           |  16|   0|   16|          0|
    |stencil_buf_0_31_fu_296           |  16|   0|   16|          0|
    |stencil_buf_0_31_load_reg_7646    |  16|   0|   16|          0|
    |stencil_buf_0_33_2_reg_7699       |  16|   0|   16|          0|
    |stencil_buf_0_3_fu_184            |  16|   0|   16|          0|
    |stencil_buf_0_4_fu_188            |  16|   0|   16|          0|
    |stencil_buf_0_5_fu_192            |  16|   0|   16|          0|
    |stencil_buf_0_6_fu_196            |  16|   0|   16|          0|
    |stencil_buf_0_7_fu_200            |  16|   0|   16|          0|
    |stencil_buf_0_8_fu_204            |  16|   0|   16|          0|
    |stencil_buf_0_9_fu_208            |  16|   0|   16|          0|
    |stencil_buf_1_0_fu_304            |  16|   0|   16|          0|
    |stencil_buf_1_0_load_20_reg_7546  |  16|   0|   16|          0|
    |stencil_buf_1_0_load_reg_7540     |  16|   0|   16|          0|
    |stencil_buf_1_0_s_fu_300          |  16|   0|   16|          0|
    |stencil_buf_1_10_fu_344           |  16|   0|   16|          0|
    |stencil_buf_1_11_fu_348           |  16|   0|   16|          0|
    |stencil_buf_1_12_fu_352           |  16|   0|   16|          0|
    |stencil_buf_1_13_fu_356           |  16|   0|   16|          0|
    |stencil_buf_1_14_fu_360           |  16|   0|   16|          0|
    |stencil_buf_1_15_fu_364           |  16|   0|   16|          0|
    |stencil_buf_1_15_load_reg_7551    |  16|   0|   16|          0|
    |stencil_buf_1_16_fu_368           |  16|   0|   16|          0|
    |stencil_buf_1_16_load_reg_7557    |  16|   0|   16|          0|
    |stencil_buf_1_17_fu_372           |  16|   0|   16|          0|
    |stencil_buf_1_18_fu_376           |  16|   0|   16|          0|
    |stencil_buf_1_19_fu_380           |  16|   0|   16|          0|
    |stencil_buf_1_1_fu_308            |  16|   0|   16|          0|
    |stencil_buf_1_20_fu_384           |  16|   0|   16|          0|
    |stencil_buf_1_21_fu_388           |  16|   0|   16|          0|
    |stencil_buf_1_22_fu_392           |  16|   0|   16|          0|
    |stencil_buf_1_23_fu_396           |  16|   0|   16|          0|
    |stencil_buf_1_24_fu_400           |  16|   0|   16|          0|
    |stencil_buf_1_25_fu_404           |  16|   0|   16|          0|
    |stencil_buf_1_26_fu_408           |  16|   0|   16|          0|
    |stencil_buf_1_27_fu_412           |  16|   0|   16|          0|
    |stencil_buf_1_28_fu_416           |  16|   0|   16|          0|
    |stencil_buf_1_29_fu_420           |  16|   0|   16|          0|
    |stencil_buf_1_2_fu_312            |  16|   0|   16|          0|
    |stencil_buf_1_30_fu_424           |  16|   0|   16|          0|
    |stencil_buf_1_31_fu_428           |  16|   0|   16|          0|
    |stencil_buf_1_31_load_reg_7651    |  16|   0|   16|          0|
    |stencil_buf_1_33_2_reg_7705       |  16|   0|   16|          0|
    |stencil_buf_1_3_fu_316            |  16|   0|   16|          0|
    |stencil_buf_1_4_fu_320            |  16|   0|   16|          0|
    |stencil_buf_1_5_fu_324            |  16|   0|   16|          0|
    |stencil_buf_1_6_fu_328            |  16|   0|   16|          0|
    |stencil_buf_1_7_fu_332            |  16|   0|   16|          0|
    |stencil_buf_1_8_fu_336            |  16|   0|   16|          0|
    |stencil_buf_1_9_fu_340            |  16|   0|   16|          0|
    |stencil_buf_2_0_fu_436            |  16|   0|   16|          0|
    |stencil_buf_2_0_load_reg_7562     |  16|   0|   16|          0|
    |stencil_buf_2_0_s_fu_432          |  16|   0|   16|          0|
    |stencil_buf_2_10_fu_476           |  16|   0|   16|          0|
    |stencil_buf_2_11_fu_480           |  16|   0|   16|          0|
    |stencil_buf_2_12_fu_484           |  16|   0|   16|          0|
    |stencil_buf_2_13_fu_488           |  16|   0|   16|          0|
    |stencil_buf_2_14_fu_492           |  16|   0|   16|          0|
    |stencil_buf_2_15_fu_496           |  16|   0|   16|          0|
    |stencil_buf_2_15_load_reg_7569    |  16|   0|   16|          0|
    |stencil_buf_2_16_fu_500           |  16|   0|   16|          0|
    |stencil_buf_2_17_fu_504           |  16|   0|   16|          0|
    |stencil_buf_2_18_fu_508           |  16|   0|   16|          0|
    |stencil_buf_2_19_fu_512           |  16|   0|   16|          0|
    |stencil_buf_2_1_fu_440            |  16|   0|   16|          0|
    |stencil_buf_2_20_fu_516           |  16|   0|   16|          0|
    |stencil_buf_2_21_fu_520           |  16|   0|   16|          0|
    |stencil_buf_2_22_fu_524           |  16|   0|   16|          0|
    |stencil_buf_2_23_fu_528           |  16|   0|   16|          0|
    |stencil_buf_2_24_fu_532           |  16|   0|   16|          0|
    |stencil_buf_2_25_fu_536           |  16|   0|   16|          0|
    |stencil_buf_2_26_fu_540           |  16|   0|   16|          0|
    |stencil_buf_2_27_fu_544           |  16|   0|   16|          0|
    |stencil_buf_2_28_fu_548           |  16|   0|   16|          0|
    |stencil_buf_2_29_fu_552           |  16|   0|   16|          0|
    |stencil_buf_2_2_fu_444            |  16|   0|   16|          0|
    |stencil_buf_2_30_fu_556           |  16|   0|   16|          0|
    |stencil_buf_2_32_2_reg_7657       |  16|   0|   16|          0|
    |stencil_buf_2_3_fu_448            |  16|   0|   16|          0|
    |stencil_buf_2_4_fu_452            |  16|   0|   16|          0|
    |stencil_buf_2_5_fu_456            |  16|   0|   16|          0|
    |stencil_buf_2_6_fu_460            |  16|   0|   16|          0|
    |stencil_buf_2_7_fu_464            |  16|   0|   16|          0|
    |stencil_buf_2_8_fu_468            |  16|   0|   16|          0|
    |stencil_buf_2_9_fu_472            |  16|   0|   16|          0|
    |stencil_buf_3_0_fu_564            |  16|   0|   16|          0|
    |stencil_buf_3_0_load_reg_7576     |  16|   0|   16|          0|
    |stencil_buf_3_0_s_fu_560          |  16|   0|   16|          0|
    |stencil_buf_3_10_fu_604           |  16|   0|   16|          0|
    |stencil_buf_3_11_fu_608           |  16|   0|   16|          0|
    |stencil_buf_3_12_fu_612           |  16|   0|   16|          0|
    |stencil_buf_3_13_fu_616           |  16|   0|   16|          0|
    |stencil_buf_3_14_fu_620           |  16|   0|   16|          0|
    |stencil_buf_3_15_fu_624           |  16|   0|   16|          0|
    |stencil_buf_3_15_load_reg_7583    |  16|   0|   16|          0|
    |stencil_buf_3_16_fu_628           |  16|   0|   16|          0|
    |stencil_buf_3_17_fu_632           |  16|   0|   16|          0|
    |stencil_buf_3_18_fu_636           |  16|   0|   16|          0|
    |stencil_buf_3_19_fu_640           |  16|   0|   16|          0|
    |stencil_buf_3_1_fu_568            |  16|   0|   16|          0|
    |stencil_buf_3_20_fu_644           |  16|   0|   16|          0|
    |stencil_buf_3_21_fu_648           |  16|   0|   16|          0|
    |stencil_buf_3_22_fu_652           |  16|   0|   16|          0|
    |stencil_buf_3_23_fu_656           |  16|   0|   16|          0|
    |stencil_buf_3_24_fu_660           |  16|   0|   16|          0|
    |stencil_buf_3_25_fu_664           |  16|   0|   16|          0|
    |stencil_buf_3_26_fu_668           |  16|   0|   16|          0|
    |stencil_buf_3_27_fu_672           |  16|   0|   16|          0|
    |stencil_buf_3_28_fu_676           |  16|   0|   16|          0|
    |stencil_buf_3_29_fu_680           |  16|   0|   16|          0|
    |stencil_buf_3_2_fu_572            |  16|   0|   16|          0|
    |stencil_buf_3_30_fu_684           |  16|   0|   16|          0|
    |stencil_buf_3_32_2_reg_7664       |  16|   0|   16|          0|
    |stencil_buf_3_3_fu_576            |  16|   0|   16|          0|
    |stencil_buf_3_4_fu_580            |  16|   0|   16|          0|
    |stencil_buf_3_5_fu_584            |  16|   0|   16|          0|
    |stencil_buf_3_6_fu_588            |  16|   0|   16|          0|
    |stencil_buf_3_7_fu_592            |  16|   0|   16|          0|
    |stencil_buf_3_8_fu_596            |  16|   0|   16|          0|
    |stencil_buf_3_9_fu_600            |  16|   0|   16|          0|
    |stencil_buf_4_0_fu_692            |  16|   0|   16|          0|
    |stencil_buf_4_0_load_reg_7590     |  16|   0|   16|          0|
    |stencil_buf_4_0_s_fu_688          |  16|   0|   16|          0|
    |stencil_buf_4_10_fu_732           |  16|   0|   16|          0|
    |stencil_buf_4_11_fu_736           |  16|   0|   16|          0|
    |stencil_buf_4_12_fu_740           |  16|   0|   16|          0|
    |stencil_buf_4_13_fu_744           |  16|   0|   16|          0|
    |stencil_buf_4_14_fu_748           |  16|   0|   16|          0|
    |stencil_buf_4_15_fu_752           |  16|   0|   16|          0|
    |stencil_buf_4_15_load_reg_7597    |  16|   0|   16|          0|
    |stencil_buf_4_16_fu_756           |  16|   0|   16|          0|
    |stencil_buf_4_17_fu_760           |  16|   0|   16|          0|
    |stencil_buf_4_18_fu_764           |  16|   0|   16|          0|
    |stencil_buf_4_19_fu_768           |  16|   0|   16|          0|
    |stencil_buf_4_1_fu_696            |  16|   0|   16|          0|
    |stencil_buf_4_20_fu_772           |  16|   0|   16|          0|
    |stencil_buf_4_21_fu_776           |  16|   0|   16|          0|
    |stencil_buf_4_22_fu_780           |  16|   0|   16|          0|
    |stencil_buf_4_23_fu_784           |  16|   0|   16|          0|
    |stencil_buf_4_24_fu_788           |  16|   0|   16|          0|
    |stencil_buf_4_25_fu_792           |  16|   0|   16|          0|
    |stencil_buf_4_26_fu_796           |  16|   0|   16|          0|
    |stencil_buf_4_27_fu_800           |  16|   0|   16|          0|
    |stencil_buf_4_28_fu_804           |  16|   0|   16|          0|
    |stencil_buf_4_29_fu_808           |  16|   0|   16|          0|
    |stencil_buf_4_2_fu_700            |  16|   0|   16|          0|
    |stencil_buf_4_30_fu_812           |  16|   0|   16|          0|
    |stencil_buf_4_32_2_reg_7671       |  16|   0|   16|          0|
    |stencil_buf_4_3_fu_704            |  16|   0|   16|          0|
    |stencil_buf_4_4_fu_708            |  16|   0|   16|          0|
    |stencil_buf_4_5_fu_712            |  16|   0|   16|          0|
    |stencil_buf_4_6_fu_716            |  16|   0|   16|          0|
    |stencil_buf_4_7_fu_720            |  16|   0|   16|          0|
    |stencil_buf_4_8_fu_724            |  16|   0|   16|          0|
    |stencil_buf_4_9_fu_728            |  16|   0|   16|          0|
    |stencil_buf_5_0_fu_820            |  16|   0|   16|          0|
    |stencil_buf_5_0_load_reg_7604     |  16|   0|   16|          0|
    |stencil_buf_5_0_s_fu_816          |  16|   0|   16|          0|
    |stencil_buf_5_10_fu_860           |  16|   0|   16|          0|
    |stencil_buf_5_11_fu_864           |  16|   0|   16|          0|
    |stencil_buf_5_12_fu_868           |  16|   0|   16|          0|
    |stencil_buf_5_13_fu_872           |  16|   0|   16|          0|
    |stencil_buf_5_14_fu_876           |  16|   0|   16|          0|
    |stencil_buf_5_15_fu_880           |  16|   0|   16|          0|
    |stencil_buf_5_15_load_reg_7611    |  16|   0|   16|          0|
    |stencil_buf_5_16_fu_884           |  16|   0|   16|          0|
    |stencil_buf_5_17_fu_888           |  16|   0|   16|          0|
    |stencil_buf_5_18_fu_892           |  16|   0|   16|          0|
    |stencil_buf_5_19_fu_896           |  16|   0|   16|          0|
    |stencil_buf_5_1_fu_824            |  16|   0|   16|          0|
    |stencil_buf_5_20_fu_900           |  16|   0|   16|          0|
    |stencil_buf_5_21_fu_904           |  16|   0|   16|          0|
    |stencil_buf_5_22_fu_908           |  16|   0|   16|          0|
    |stencil_buf_5_23_fu_912           |  16|   0|   16|          0|
    |stencil_buf_5_24_fu_916           |  16|   0|   16|          0|
    |stencil_buf_5_25_fu_920           |  16|   0|   16|          0|
    |stencil_buf_5_26_fu_924           |  16|   0|   16|          0|
    |stencil_buf_5_27_fu_928           |  16|   0|   16|          0|
    |stencil_buf_5_28_fu_932           |  16|   0|   16|          0|
    |stencil_buf_5_29_fu_936           |  16|   0|   16|          0|
    |stencil_buf_5_2_fu_828            |  16|   0|   16|          0|
    |stencil_buf_5_30_fu_940           |  16|   0|   16|          0|
    |stencil_buf_5_32_2_reg_7678       |  16|   0|   16|          0|
    |stencil_buf_5_3_fu_832            |  16|   0|   16|          0|
    |stencil_buf_5_4_fu_836            |  16|   0|   16|          0|
    |stencil_buf_5_5_fu_840            |  16|   0|   16|          0|
    |stencil_buf_5_6_fu_844            |  16|   0|   16|          0|
    |stencil_buf_5_7_fu_848            |  16|   0|   16|          0|
    |stencil_buf_5_8_fu_852            |  16|   0|   16|          0|
    |stencil_buf_5_9_fu_856            |  16|   0|   16|          0|
    |stencil_buf_6_0_fu_948            |  16|   0|   16|          0|
    |stencil_buf_6_0_load_reg_7618     |  16|   0|   16|          0|
    |stencil_buf_6_0_s_fu_944          |  16|   0|   16|          0|
    |stencil_buf_6_10_fu_988           |  16|   0|   16|          0|
    |stencil_buf_6_11_fu_992           |  16|   0|   16|          0|
    |stencil_buf_6_12_fu_996           |  16|   0|   16|          0|
    |stencil_buf_6_13_fu_1000          |  16|   0|   16|          0|
    |stencil_buf_6_14_fu_1004          |  16|   0|   16|          0|
    |stencil_buf_6_15_fu_1008          |  16|   0|   16|          0|
    |stencil_buf_6_15_load_reg_7625    |  16|   0|   16|          0|
    |stencil_buf_6_16_fu_1012          |  16|   0|   16|          0|
    |stencil_buf_6_17_fu_1016          |  16|   0|   16|          0|
    |stencil_buf_6_18_fu_1020          |  16|   0|   16|          0|
    |stencil_buf_6_19_fu_1024          |  16|   0|   16|          0|
    |stencil_buf_6_1_fu_952            |  16|   0|   16|          0|
    |stencil_buf_6_20_fu_1028          |  16|   0|   16|          0|
    |stencil_buf_6_21_fu_1032          |  16|   0|   16|          0|
    |stencil_buf_6_22_fu_1036          |  16|   0|   16|          0|
    |stencil_buf_6_23_fu_1040          |  16|   0|   16|          0|
    |stencil_buf_6_24_fu_1044          |  16|   0|   16|          0|
    |stencil_buf_6_25_fu_1048          |  16|   0|   16|          0|
    |stencil_buf_6_26_fu_1052          |  16|   0|   16|          0|
    |stencil_buf_6_27_fu_1056          |  16|   0|   16|          0|
    |stencil_buf_6_28_fu_1060          |  16|   0|   16|          0|
    |stencil_buf_6_29_fu_1064          |  16|   0|   16|          0|
    |stencil_buf_6_2_fu_956            |  16|   0|   16|          0|
    |stencil_buf_6_30_fu_1068          |  16|   0|   16|          0|
    |stencil_buf_6_32_2_reg_7685       |  16|   0|   16|          0|
    |stencil_buf_6_3_fu_960            |  16|   0|   16|          0|
    |stencil_buf_6_4_fu_964            |  16|   0|   16|          0|
    |stencil_buf_6_5_fu_968            |  16|   0|   16|          0|
    |stencil_buf_6_6_fu_972            |  16|   0|   16|          0|
    |stencil_buf_6_7_fu_976            |  16|   0|   16|          0|
    |stencil_buf_6_8_fu_980            |  16|   0|   16|          0|
    |stencil_buf_6_9_fu_984            |  16|   0|   16|          0|
    |stencil_buf_7_0_fu_1076           |  16|   0|   16|          0|
    |stencil_buf_7_0_load_reg_7632     |  16|   0|   16|          0|
    |stencil_buf_7_0_s_fu_1072         |  16|   0|   16|          0|
    |stencil_buf_7_10_fu_1116          |  16|   0|   16|          0|
    |stencil_buf_7_11_fu_1120          |  16|   0|   16|          0|
    |stencil_buf_7_12_fu_1124          |  16|   0|   16|          0|
    |stencil_buf_7_13_fu_1128          |  16|   0|   16|          0|
    |stencil_buf_7_14_fu_1132          |  16|   0|   16|          0|
    |stencil_buf_7_15_fu_1136          |  16|   0|   16|          0|
    |stencil_buf_7_15_load_reg_7639    |  16|   0|   16|          0|
    |stencil_buf_7_16_fu_1140          |  16|   0|   16|          0|
    |stencil_buf_7_17_fu_1144          |  16|   0|   16|          0|
    |stencil_buf_7_18_fu_1148          |  16|   0|   16|          0|
    |stencil_buf_7_19_fu_1152          |  16|   0|   16|          0|
    |stencil_buf_7_1_fu_1080           |  16|   0|   16|          0|
    |stencil_buf_7_20_fu_1156          |  16|   0|   16|          0|
    |stencil_buf_7_21_fu_1160          |  16|   0|   16|          0|
    |stencil_buf_7_22_fu_1164          |  16|   0|   16|          0|
    |stencil_buf_7_23_fu_1168          |  16|   0|   16|          0|
    |stencil_buf_7_24_fu_1172          |  16|   0|   16|          0|
    |stencil_buf_7_25_fu_1176          |  16|   0|   16|          0|
    |stencil_buf_7_26_fu_1180          |  16|   0|   16|          0|
    |stencil_buf_7_27_fu_1184          |  16|   0|   16|          0|
    |stencil_buf_7_28_fu_1188          |  16|   0|   16|          0|
    |stencil_buf_7_29_fu_1192          |  16|   0|   16|          0|
    |stencil_buf_7_2_fu_1084           |  16|   0|   16|          0|
    |stencil_buf_7_30_fu_1196          |  16|   0|   16|          0|
    |stencil_buf_7_32_2_reg_7692       |  16|   0|   16|          0|
    |stencil_buf_7_3_fu_1088           |  16|   0|   16|          0|
    |stencil_buf_7_4_fu_1092           |  16|   0|   16|          0|
    |stencil_buf_7_5_fu_1096           |  16|   0|   16|          0|
    |stencil_buf_7_6_fu_1100           |  16|   0|   16|          0|
    |stencil_buf_7_7_fu_1104           |  16|   0|   16|          0|
    |stencil_buf_7_8_fu_1108           |  16|   0|   16|          0|
    |stencil_buf_7_9_fu_1112           |  16|   0|   16|          0|
    |tile_index_dim0_reg_7279          |  32|   0|   32|          0|
    |tile_index_dim1_reg_7285          |  32|   0|   32|          0|
    |tmp_12_reg_7720                   |   1|   0|    1|          0|
    |tmp_13_reg_7725                   |   1|   0|    1|          0|
    |tmp_17_reg_7348                   |   4|   0|    4|          0|
    |tmp_19_reg_7359                   |   1|   0|    1|          0|
    |tmp_29_reg_7464                   |  10|   0|   10|          0|
    |tmp_32_1_reg_7455                 |   1|   0|    1|          0|
    |tmp_3_reg_7415                    |  12|   0|   15|          3|
    |tmp_42_reg_7469                   |   1|   0|    1|          0|
    |tmp_43_reg_7473                   |   1|   0|    1|          0|
    |tmp_44_reg_7482                   |   1|   0|    1|          0|
    |tmp_45_reg_7491                   |   1|   0|    1|          0|
    |tmp_46_reg_7500                   |   1|   0|    1|          0|
    |tmp_47_reg_7509                   |   1|   0|    1|          0|
    |tmp_4_reg_7424                    |  12|   0|   15|          3|
    |tmp_54_1_reg_7741                 |   1|   0|    1|          0|
    |tmp_54_2_reg_7756                 |   1|   0|    1|          0|
    |tmp_54_3_reg_7776                 |   1|   0|    1|          0|
    |tmp_54_4_reg_7796                 |   1|   0|    1|          0|
    |tmp_54_5_reg_7816                 |   1|   0|    1|          0|
    |tmp_54_6_reg_7836                 |   1|   0|    1|          0|
    |tmp_54_7_reg_7856                 |   1|   0|    1|          0|
    |tmp_55_2_reg_7761                 |   1|   0|    1|          0|
    |tmp_55_3_reg_7781                 |   1|   0|    1|          0|
    |tmp_55_4_reg_7801                 |   1|   0|    1|          0|
    |tmp_55_5_reg_7821                 |   1|   0|    1|          0|
    |tmp_55_6_reg_7841                 |   1|   0|    1|          0|
    |tmp_55_7_reg_7861                 |   1|   0|    1|          0|
    |tmp_5_reg_7315                    |  32|   0|   32|          0|
    |tmp_6_reg_7327                    |  32|   0|   32|          0|
    |tmp_7_reg_7353                    |  12|   0|   15|          3|
    |tmp_reg_7291                      |  31|   0|   32|          1|
    |tmp_s_reg_7303                    |  31|   0|   32|          1|
    |icmp1_reg_7435                    |   0|   1|    1|          0|
    |icmp_reg_7411                     |   0|   1|    1|          0|
    |or_cond1_1_reg_7885               |   0|   1|    1|          0|
    |or_cond1_2_reg_7904               |   0|   1|    1|          0|
    |or_cond1_3_reg_7923               |   0|   1|    1|          0|
    |or_cond1_4_reg_7942               |   0|   1|    1|          0|
    |or_cond1_5_reg_7961               |   0|   1|    1|          0|
    |or_cond1_6_reg_7980               |   0|   1|    1|          0|
    |or_cond1_7_reg_7999               |   0|   1|    1|          0|
    |or_cond1_reg_7866                 |   0|   1|    1|          0|
    |tmp_32_1_reg_7455                 |   0|   1|    1|          0|
    |tmp_42_reg_7469                   |   0|   1|    1|          0|
    |tmp_43_reg_7473                   |   0|   1|    1|          0|
    |tmp_44_reg_7482                   |   0|   1|    1|          0|
    |tmp_45_reg_7491                   |   0|   1|    1|          0|
    |tmp_46_reg_7500                   |   0|   1|    1|          0|
    |tmp_47_reg_7509                   |   0|   1|    1|          0|
    |tmp_4_reg_7424                    |   0|  12|   15|          3|
    |tmp_7_reg_7353                    |   0|  12|   15|          3|
    +----------------------------------+----+----+-----+-----------+
    |Total                             |6102|  41| 6169|         26|
    +----------------------------------+----+----+-----+-----------+



================================================================
== Interface
================================================================
* Summary: 
+---------------------+-----+-----+------------+---------------------+--------------+
|      RTL Ports      | Dir | Bits|  Protocol  |    Source Object    |    C Type    |
+---------------------+-----+-----+------------+---------------------+--------------+
|ap_clk               |  in |    1| ap_ctrl_hs |       compute       | return value |
|ap_rst               |  in |    1| ap_ctrl_hs |       compute       | return value |
|ap_start             |  in |    1| ap_ctrl_hs |       compute       | return value |
|ap_done              | out |    1| ap_ctrl_hs |       compute       | return value |
|ap_idle              | out |    1| ap_ctrl_hs |       compute       | return value |
|ap_ready             | out |    1| ap_ctrl_hs |       compute       | return value |
|compute_flag         |  in |    1|   ap_none  |     compute_flag    |    scalar    |
|output_0_address0    | out |   11|  ap_memory |       output_0      |     array    |
|output_0_ce0         | out |    1|  ap_memory |       output_0      |     array    |
|output_0_we0         | out |    1|  ap_memory |       output_0      |     array    |
|output_0_d0          | out |   16|  ap_memory |       output_0      |     array    |
|output_1_address0    | out |   11|  ap_memory |       output_1      |     array    |
|output_1_ce0         | out |    1|  ap_memory |       output_1      |     array    |
|output_1_we0         | out |    1|  ap_memory |       output_1      |     array    |
|output_1_d0          | out |   16|  ap_memory |       output_1      |     array    |
|output_2_address0    | out |   11|  ap_memory |       output_2      |     array    |
|output_2_ce0         | out |    1|  ap_memory |       output_2      |     array    |
|output_2_we0         | out |    1|  ap_memory |       output_2      |     array    |
|output_2_d0          | out |   16|  ap_memory |       output_2      |     array    |
|output_3_address0    | out |   11|  ap_memory |       output_3      |     array    |
|output_3_ce0         | out |    1|  ap_memory |       output_3      |     array    |
|output_3_we0         | out |    1|  ap_memory |       output_3      |     array    |
|output_3_d0          | out |   16|  ap_memory |       output_3      |     array    |
|output_4_address0    | out |   11|  ap_memory |       output_4      |     array    |
|output_4_ce0         | out |    1|  ap_memory |       output_4      |     array    |
|output_4_we0         | out |    1|  ap_memory |       output_4      |     array    |
|output_4_d0          | out |   16|  ap_memory |       output_4      |     array    |
|output_5_address0    | out |   11|  ap_memory |       output_5      |     array    |
|output_5_ce0         | out |    1|  ap_memory |       output_5      |     array    |
|output_5_we0         | out |    1|  ap_memory |       output_5      |     array    |
|output_5_d0          | out |   16|  ap_memory |       output_5      |     array    |
|output_6_address0    | out |   11|  ap_memory |       output_6      |     array    |
|output_6_ce0         | out |    1|  ap_memory |       output_6      |     array    |
|output_6_we0         | out |    1|  ap_memory |       output_6      |     array    |
|output_6_d0          | out |   16|  ap_memory |       output_6      |     array    |
|output_7_address0    | out |   11|  ap_memory |       output_7      |     array    |
|output_7_ce0         | out |    1|  ap_memory |       output_7      |     array    |
|output_7_we0         | out |    1|  ap_memory |       output_7      |     array    |
|output_7_d0          | out |   16|  ap_memory |       output_7      |     array    |
|input_0_address0     | out |   11|  ap_memory |       input_0       |     array    |
|input_0_ce0          | out |    1|  ap_memory |       input_0       |     array    |
|input_0_q0           |  in |   16|  ap_memory |       input_0       |     array    |
|input_1_address0     | out |   11|  ap_memory |       input_1       |     array    |
|input_1_ce0          | out |    1|  ap_memory |       input_1       |     array    |
|input_1_q0           |  in |   16|  ap_memory |       input_1       |     array    |
|input_2_address0     | out |   11|  ap_memory |       input_2       |     array    |
|input_2_ce0          | out |    1|  ap_memory |       input_2       |     array    |
|input_2_q0           |  in |   16|  ap_memory |       input_2       |     array    |
|input_3_address0     | out |   11|  ap_memory |       input_3       |     array    |
|input_3_ce0          | out |    1|  ap_memory |       input_3       |     array    |
|input_3_q0           |  in |   16|  ap_memory |       input_3       |     array    |
|input_4_address0     | out |   11|  ap_memory |       input_4       |     array    |
|input_4_ce0          | out |    1|  ap_memory |       input_4       |     array    |
|input_4_q0           |  in |   16|  ap_memory |       input_4       |     array    |
|input_5_address0     | out |   11|  ap_memory |       input_5       |     array    |
|input_5_ce0          | out |    1|  ap_memory |       input_5       |     array    |
|input_5_q0           |  in |   16|  ap_memory |       input_5       |     array    |
|input_6_address0     | out |   11|  ap_memory |       input_6       |     array    |
|input_6_ce0          | out |    1|  ap_memory |       input_6       |     array    |
|input_6_q0           |  in |   16|  ap_memory |       input_6       |     array    |
|input_7_address0     | out |   11|  ap_memory |       input_7       |     array    |
|input_7_ce0          | out |    1|  ap_memory |       input_7       |     array    |
|input_7_q0           |  in |   16|  ap_memory |       input_7       |     array    |
|tile_index           |  in |   32|   ap_none  |      tile_index     |    scalar    |
|tile_num_dim0        |  in |   32|   ap_none  |    tile_num_dim0    |    scalar    |
|var_blur_y_extent_0  |  in |   32|   ap_none  | var_blur_y_extent_0 |    scalar    |
|var_blur_y_extent_1  |  in |   32|   ap_none  | var_blur_y_extent_1 |    scalar    |
|var_blur_y_min_0     |  in |   32|   ap_none  |   var_blur_y_min_0  |    scalar    |
|var_blur_y_min_1     |  in |   32|   ap_none  |   var_blur_y_min_1  |    scalar    |
+---------------------+-----+-----+------------+---------------------+--------------+

