

================================================================
== Vivado HLS Report for 'compute'
================================================================
* Date:           Wed Apr 12 18:53:00 2017

* Version:        2016.3 (Build 1721985 on Tue Nov 29 18:45:36 MST 2016)
* Project:        blur_kernel
* Solution:       solution_OCL_REGION_0
* Product family: virtex7
* Target device:  xc7vx690tffg1157-2


================================================================
== Performance Estimates
================================================================
+ Timing (ns): 
    * Summary: 
    +--------+-------+----------+------------+
    |  Clock | Target| Estimated| Uncertainty|
    +--------+-------+----------+------------+
    |ap_clk  |   5.00|      3.42|        1.35|
    +--------+-------+----------+------------+

+ Latency (clock cycles): 
    * Summary: 
    +-----+---------+-----+---------+---------+
    |    Latency    |    Interval   | Pipeline|
    | min |   max   | min |   max   |   Type  |
    +-----+---------+-----+---------+---------+
    |    1|  9379137|    1|  9379137|   none  |
    +-----+---------+-----+---------+---------+

    + Detail: 
        * Instance: 
        N/A

        * Loop: 
        +----------+---------+---------+-----------+-----------+-----------+-------+----------+
        |          |      Latency      | Iteration |  Initiation Interval  |  Trip |          |
        | Loop Name|   min   |   max   |  Latency  |  achieved |   target  | Count | Pipelined|
        +----------+---------+---------+-----------+-----------+-----------+-------+----------+
        |- Loop 1  |  8685575|  9379100| 263 ~ 284 |          -|          -|  33025|    no    |
        +----------+---------+---------+-----------+-----------+-----------+-------+----------+



================================================================
== Utilization Estimates
================================================================
* Summary: 
+-----------------+---------+-------+--------+--------+
|       Name      | BRAM_18K| DSP48E|   FF   |   LUT  |
+-----------------+---------+-------+--------+--------+
|DSP              |        -|      -|       -|       -|
|Expression       |        -|      -|       0|     678|
|FIFO             |        -|      -|       -|       -|
|Instance         |        -|      8|     576|     640|
|Memory           |        2|      -|       0|       0|
|Multiplexer      |        -|      -|       -|    6013|
|Register         |        -|      -|    9171|       -|
+-----------------+---------+-------+--------+--------+
|Total            |        2|      8|    9747|    7331|
+-----------------+---------+-------+--------+--------+
|Available        |     2940|   3600|  866400|  433200|
+-----------------+---------+-------+--------+--------+
|Utilization (%)  |    ~0   |   ~0  |       1|       1|
+-----------------+---------+-------+--------+--------+

+ Detail: 
    * Instance: 
    +-----------------------------------------+--------------------------------------+---------+-------+-----+-----+
    |                 Instance                |                Module                | BRAM_18K| DSP48E|  FF | LUT |
    +-----------------------------------------+--------------------------------------+---------+-------+-----+-----+
    |blur_kernel_mul_16ns_18ns_34_3_U9        |blur_kernel_mul_16ns_18ns_34_3        |        0|      1|    0|    0|
    |blur_kernel_mul_16ns_18ns_34_3_U10       |blur_kernel_mul_16ns_18ns_34_3        |        0|      1|    0|    0|
    |blur_kernel_mul_16ns_18ns_34_3_U11       |blur_kernel_mul_16ns_18ns_34_3        |        0|      1|    0|    0|
    |blur_kernel_mul_16ns_18ns_34_3_U12       |blur_kernel_mul_16ns_18ns_34_3        |        0|      1|    0|    0|
    |blur_kernel_mul_16ns_18ns_34_3_U13       |blur_kernel_mul_16ns_18ns_34_3        |        0|      1|    0|    0|
    |blur_kernel_mul_16ns_18ns_34_3_U14       |blur_kernel_mul_16ns_18ns_34_3        |        0|      1|    0|    0|
    |blur_kernel_mul_16ns_18ns_34_3_U15       |blur_kernel_mul_16ns_18ns_34_3        |        0|      1|    0|    0|
    |blur_kernel_mul_16ns_18ns_34_3_U16       |blur_kernel_mul_16ns_18ns_34_3        |        0|      1|    0|    0|
    |blur_kernel_sdiv_32ns_32ns_32_36_seq_U8  |blur_kernel_sdiv_32ns_32ns_32_36_seq  |        0|      0|  288|  320|
    |blur_kernel_srem_32ns_32ns_32_36_seq_U7  |blur_kernel_srem_32ns_32ns_32_36_seq  |        0|      0|  288|  320|
    +-----------------------------------------+--------------------------------------+---------+-------+-----+-----+
    |Total                                    |                                      |        0|      8|  576|  640|
    +-----------------------------------------+--------------------------------------+---------+-------+-----+-----+

    * DSP48: 
    N/A

    * Memory: 
    +-----------------+-----------------------+---------+---+----+------+-----+------+-------------+
    |      Memory     |         Module        | BRAM_18K| FF| LUT| Words| Bits| Banks| W*Bits*Banks|
    +-----------------+-----------------------+---------+---+----+------+-----+------+-------------+
    |stencil_buf_0_U  |compute_stencil_buf_0  |        1|  0|   0|   258|   16|     1|         4128|
    |stencil_buf_1_U  |compute_stencil_buf_0  |        1|  0|   0|   258|   16|     1|         4128|
    +-----------------+-----------------------+---------+---+----+------+-----+------+-------------+
    |Total            |                       |        2|  0|   0|   516|   32|     2|         8256|
    +-----------------+-----------------------+---------+---+----+------+-----+------+-------------+

    * FIFO: 
    N/A

    * Expression: 
    +---------------------------------+----------+-------+---+----+------------+------------+
    |          Variable Name          | Operation| DSP48E| FF| LUT| Bitwidth P0| Bitwidth P1|
    +---------------------------------+----------+-------+---+----+------------+------------+
    |assign_105_1_fu_4899_p2          |     +    |      0|  0|   8|          16|          16|
    |assign_115_1_fu_4911_p2          |     +    |      0|  0|   8|          16|          16|
    |assign_125_1_fu_4922_p2          |     +    |      0|  0|   8|          16|          16|
    |assign_127_1_fu_4998_p2          |     +    |      0|  0|   8|          16|          16|
    |assign_1_fu_4660_p2              |     +    |      0|  0|   8|          16|          16|
    |assign_4_fu_4671_p2              |     +    |      0|  0|   8|          16|          16|
    |assign_7_fu_4681_p2              |     +    |      0|  0|   8|          16|          16|
    |assign_s_fu_4757_p2              |     +    |      0|  0|   8|          16|          16|
    |input_index_1_fu_4467_p2         |     +    |      0|  0|  16|          16|           1|
    |output_index_1_cast1_fu_4785_p2  |     +    |      0|  0|   8|           8|           2|
    |output_index_1_cast_fu_4862_p2   |     +    |      0|  0|  16|          16|          11|
    |output_index_cast1_fu_4521_p2    |     +    |      0|  0|   8|           3|           8|
    |output_index_cast_fu_4622_p2     |     +    |      0|  0|  16|          11|          16|
    |p_1_fu_4825_p2                   |     +    |      0|  0|  32|          32|          32|
    |p_fu_4591_p2                     |     +    |      0|  0|  32|          32|          32|
    |q_1_fu_4839_p2                   |     +    |      0|  0|  32|          32|          32|
    |q_fu_4586_p2                     |     +    |      0|  0|  32|          32|          32|
    |tmp10_fu_4905_p2                 |     +    |      0|  0|   8|          16|          16|
    |tmp11_fu_4916_p2                 |     +    |      0|  0|   8|          16|          16|
    |tmp12_fu_4994_p2                 |     +    |      0|  0|   8|          16|          16|
    |tmp3_fu_4654_p2                  |     +    |      0|  0|   8|          16|          16|
    |tmp4_fu_4666_p2                  |     +    |      0|  0|   8|          16|          16|
    |tmp5_fu_4676_p2                  |     +    |      0|  0|   8|          16|          16|
    |tmp6_fu_4753_p2                  |     +    |      0|  0|   8|          16|          16|
    |tmp9_fu_4893_p2                  |     +    |      0|  0|   8|          16|          16|
    |tmp_3_fu_4509_p2                 |     +    |      0|  0|  17|          11|          17|
    |tmp_5_fu_4453_p2                 |     +    |      0|  0|  32|          32|          32|
    |tmp_6_fu_4457_p2                 |     +    |      0|  0|  32|          32|          32|
    |p_neg_1_fu_4799_p2               |     -    |      0|  0|  17|           1|          17|
    |p_neg_fu_4535_p2                 |     -    |      0|  0|  17|          10|          17|
    |p_neg_t_1_fu_4819_p2             |     -    |      0|  0|  10|           1|          10|
    |p_neg_t_fu_4554_p2               |     -    |      0|  0|  10|           1|          10|
    |tmp_fu_4431_p2                   |     -    |      0|  0|  32|          32|          32|
    |tmp_s_fu_4447_p2                 |     -    |      0|  0|  32|          32|          32|
    |or_cond1_1_fu_4887_p2            |    and   |      0|  0|   1|           1|           1|
    |or_cond1_fu_4648_p2              |    and   |      0|  0|   1|           1|           1|
    |tmp1_fu_4638_p2                  |    and   |      0|  0|   1|           1|           1|
    |tmp2_fu_4644_p2                  |    and   |      0|  0|   1|           1|           1|
    |tmp7_fu_4877_p2                  |    and   |      0|  0|   1|           1|           1|
    |tmp8_fu_4883_p2                  |    and   |      0|  0|   1|           1|           1|
    |exitcond6_fu_4461_p2             |   icmp   |      0|  0|   6|          16|          16|
    |slt1_fu_4601_p2                  |   icmp   |      0|  0|  11|          32|          32|
    |slt2_fu_4844_p2                  |   icmp   |      0|  0|  11|          32|          32|
    |slt3_fu_4848_p2                  |   icmp   |      0|  0|  11|          32|          32|
    |slt_fu_4596_p2                   |   icmp   |      0|  0|  11|          32|          32|
    |tmp_10_fu_4606_p2                |   icmp   |      0|  0|  11|          32|          32|
    |tmp_11_fu_4611_p2                |   icmp   |      0|  0|  11|          32|          32|
    |tmp_52_1_fu_4853_p2              |   icmp   |      0|  0|  11|          32|          32|
    |tmp_53_1_fu_4857_p2              |   icmp   |      0|  0|  11|          32|          32|
    |tmp_8_fu_4503_p2                 |   icmp   |      0|  0|   6|          16|           9|
    |output_index_tr_s_fu_4794_p2     |    or    |      0|  0|  25|          17|           1|
    |tmp_12_fu_4830_p3                |  select  |      0|  0|  10|           1|          10|
    |tmp_4_fu_4576_p3                 |  select  |      0|  0|  10|           1|          10|
    |rev1_fu_4633_p2                  |    xor   |      0|  0|   2|           1|           2|
    |rev2_fu_4867_p2                  |    xor   |      0|  0|   2|           1|           2|
    |rev3_fu_4872_p2                  |    xor   |      0|  0|   2|           1|           2|
    |rev_fu_4628_p2                   |    xor   |      0|  0|   2|           1|           2|
    +---------------------------------+----------+-------+---+----+------------+------------+
    |Total                            |          |      0|  0| 678|         907|         937|
    +---------------------------------+----------+-------+---+----+------------+------------+

    * Multiplexer: 
    +------------------------+-----+-----------+-----+-----------+
    |          Name          | LUT | Input Size| Bits| Total Bits|
    +------------------------+-----+-----------+-----+-----------+
    |ap_NS_fsm               |  945|        322|    1|        322|
    |gep1560_loc_reg_4365    |   16|          2|   16|         32|
    |gep1563_loc_reg_4354    |   16|          2|   16|         32|
    |input_index_reg_4342    |   16|          2|   16|         32|
    |reg_4376                |   16|          2|   16|         32|
    |reg_4383                |   16|          2|   16|         32|
    |reg_4396                |   16|          2|   16|         32|
    |reg_4403                |   16|          2|   16|         32|
    |stencil_buf_0_address0  |  567|        194|    9|       1746|
    |stencil_buf_0_address1  |  567|        194|    9|       1746|
    |stencil_buf_0_d0        |  672|        130|   16|       2080|
    |stencil_buf_0_d1        |  672|        130|   16|       2080|
    |stencil_buf_1_address0  |  567|        194|    9|       1746|
    |stencil_buf_1_address1  |  567|        194|    9|       1746|
    |stencil_buf_1_d0        |  672|        130|   16|       2080|
    |stencil_buf_1_d1        |  672|        130|   16|       2080|
    +------------------------+-----+-----------+-----+-----------+
    |Total                   | 6013|       1632|  213|      15850|
    +------------------------+-----+-----------+-----+-----------+

    * Register: 
    +----------------------------------+-----+----+-----+-----------+
    |               Name               |  FF | LUT| Bits| Const Bits|
    +----------------------------------+-----+----+-----+-----------+
    |ap_CS_fsm                         |  321|   0|  321|          0|
    |assign_105_1_reg_8188             |   16|   0|   16|          0|
    |assign_107_1_reg_8223             |   16|   0|   16|          0|
    |assign_115_1_reg_8193             |   16|   0|   16|          0|
    |assign_116_1_reg_8228             |   16|   0|   16|          0|
    |assign_125_1_reg_8198             |   16|   0|   16|          0|
    |assign_126_1_reg_8233             |   16|   0|   16|          0|
    |assign_127_1_reg_8238             |   16|   0|   16|          0|
    |assign_128_1_reg_8248             |   16|   0|   16|          0|
    |assign_1_reg_8088                 |   16|   0|   16|          0|
    |assign_2_reg_8123                 |   16|   0|   16|          0|
    |assign_3_reg_8148                 |   16|   0|   16|          0|
    |assign_4_reg_8093                 |   16|   0|   16|          0|
    |assign_5_reg_8128                 |   16|   0|   16|          0|
    |assign_7_reg_8098                 |   16|   0|   16|          0|
    |assign_8_reg_8133                 |   16|   0|   16|          0|
    |assign_s_reg_8138                 |   16|   0|   16|          0|
    |gep1560_loc_reg_4365              |   16|   0|   16|          0|
    |gep1563_loc_reg_4354              |   16|   0|   16|          0|
    |input_0_load_reg_7971             |   16|   0|   16|          0|
    |input_1_load_reg_7987             |   16|   0|   16|          0|
    |input_index_1_reg_7941            |   16|   0|   16|          0|
    |input_index_reg_4342              |   16|   0|   16|          0|
    |newIndex7_reg_8103                |   15|   0|   15|          0|
    |newIndex_reg_8203                 |   15|   0|   15|          0|
    |or_cond1_1_reg_8184               |    1|   0|    1|          0|
    |or_cond1_reg_8084                 |    1|   0|    1|          0|
    |output_index_cast1_reg_8033       |    7|   0|    8|          1|
    |p_1_reg_8158                      |   31|   0|   32|          1|
    |p_lshr_f_cast_reg_8054            |    9|   0|   10|          1|
    |p_neg_t_1_reg_8153                |   10|   0|   10|          0|
    |p_neg_t_reg_8044                  |   10|   0|   10|          0|
    |reg_4376                          |   16|   0|   16|          0|
    |reg_4383                          |   16|   0|   16|          0|
    |reg_4390                          |   16|   0|   16|          0|
    |reg_4396                          |   16|   0|   16|          0|
    |reg_4403                          |   16|   0|   16|          0|
    |slt1_reg_8064                     |    1|   0|    1|          0|
    |slt2_reg_8164                     |    1|   0|    1|          0|
    |slt3_reg_8169                     |    1|   0|    1|          0|
    |slt_reg_8059                      |    1|   0|    1|          0|
    |stencil_buf_0_load_100_reg_9188   |   16|   0|   16|          0|
    |stencil_buf_0_load_101_reg_9198   |   16|   0|   16|          0|
    |stencil_buf_0_load_102_reg_9208   |   16|   0|   16|          0|
    |stencil_buf_0_load_103_reg_9218   |   16|   0|   16|          0|
    |stencil_buf_0_load_104_reg_9228   |   16|   0|   16|          0|
    |stencil_buf_0_load_105_reg_9238   |   16|   0|   16|          0|
    |stencil_buf_0_load_106_reg_9248   |   16|   0|   16|          0|
    |stencil_buf_0_load_107_reg_9258   |   16|   0|   16|          0|
    |stencil_buf_0_load_108_reg_9268   |   16|   0|   16|          0|
    |stencil_buf_0_load_109_reg_9278   |   16|   0|   16|          0|
    |stencil_buf_0_load_10_reg_8288    |   16|   0|   16|          0|
    |stencil_buf_0_load_110_reg_9288   |   16|   0|   16|          0|
    |stencil_buf_0_load_111_reg_9298   |   16|   0|   16|          0|
    |stencil_buf_0_load_112_reg_9308   |   16|   0|   16|          0|
    |stencil_buf_0_load_113_reg_9318   |   16|   0|   16|          0|
    |stencil_buf_0_load_114_reg_9328   |   16|   0|   16|          0|
    |stencil_buf_0_load_115_reg_9338   |   16|   0|   16|          0|
    |stencil_buf_0_load_116_reg_9348   |   16|   0|   16|          0|
    |stencil_buf_0_load_117_reg_9358   |   16|   0|   16|          0|
    |stencil_buf_0_load_118_reg_9368   |   16|   0|   16|          0|
    |stencil_buf_0_load_119_reg_9378   |   16|   0|   16|          0|
    |stencil_buf_0_load_11_reg_8298    |   16|   0|   16|          0|
    |stencil_buf_0_load_120_reg_9388   |   16|   0|   16|          0|
    |stencil_buf_0_load_121_reg_9398   |   16|   0|   16|          0|
    |stencil_buf_0_load_122_reg_9408   |   16|   0|   16|          0|
    |stencil_buf_0_load_123_reg_9418   |   16|   0|   16|          0|
    |stencil_buf_0_load_124_reg_9428   |   16|   0|   16|          0|
    |stencil_buf_0_load_125_reg_9438   |   16|   0|   16|          0|
    |stencil_buf_0_load_126_reg_9448   |   16|   0|   16|          0|
    |stencil_buf_0_load_127_reg_9458   |   16|   0|   16|          0|
    |stencil_buf_0_load_128_reg_9468   |   16|   0|   16|          0|
    |stencil_buf_0_load_129_reg_9478   |   16|   0|   16|          0|
    |stencil_buf_0_load_12_reg_8308    |   16|   0|   16|          0|
    |stencil_buf_0_load_130_reg_9488   |   16|   0|   16|          0|
    |stencil_buf_0_load_131_reg_9498   |   16|   0|   16|          0|
    |stencil_buf_0_load_132_reg_9508   |   16|   0|   16|          0|
    |stencil_buf_0_load_133_reg_9518   |   16|   0|   16|          0|
    |stencil_buf_0_load_134_reg_9528   |   16|   0|   16|          0|
    |stencil_buf_0_load_135_reg_9538   |   16|   0|   16|          0|
    |stencil_buf_0_load_136_reg_9548   |   16|   0|   16|          0|
    |stencil_buf_0_load_137_reg_9558   |   16|   0|   16|          0|
    |stencil_buf_0_load_138_reg_9568   |   16|   0|   16|          0|
    |stencil_buf_0_load_139_reg_9578   |   16|   0|   16|          0|
    |stencil_buf_0_load_13_reg_8318    |   16|   0|   16|          0|
    |stencil_buf_0_load_140_reg_9588   |   16|   0|   16|          0|
    |stencil_buf_0_load_141_reg_9598   |   16|   0|   16|          0|
    |stencil_buf_0_load_142_reg_9608   |   16|   0|   16|          0|
    |stencil_buf_0_load_143_reg_9618   |   16|   0|   16|          0|
    |stencil_buf_0_load_144_reg_9628   |   16|   0|   16|          0|
    |stencil_buf_0_load_145_reg_9638   |   16|   0|   16|          0|
    |stencil_buf_0_load_146_reg_9648   |   16|   0|   16|          0|
    |stencil_buf_0_load_147_reg_9658   |   16|   0|   16|          0|
    |stencil_buf_0_load_148_reg_9668   |   16|   0|   16|          0|
    |stencil_buf_0_load_149_reg_9678   |   16|   0|   16|          0|
    |stencil_buf_0_load_14_reg_8328    |   16|   0|   16|          0|
    |stencil_buf_0_load_150_reg_9688   |   16|   0|   16|          0|
    |stencil_buf_0_load_151_reg_9698   |   16|   0|   16|          0|
    |stencil_buf_0_load_152_reg_9708   |   16|   0|   16|          0|
    |stencil_buf_0_load_153_reg_9718   |   16|   0|   16|          0|
    |stencil_buf_0_load_154_reg_9728   |   16|   0|   16|          0|
    |stencil_buf_0_load_155_reg_9738   |   16|   0|   16|          0|
    |stencil_buf_0_load_156_reg_9748   |   16|   0|   16|          0|
    |stencil_buf_0_load_157_reg_9758   |   16|   0|   16|          0|
    |stencil_buf_0_load_158_reg_9768   |   16|   0|   16|          0|
    |stencil_buf_0_load_159_reg_9778   |   16|   0|   16|          0|
    |stencil_buf_0_load_15_reg_8338    |   16|   0|   16|          0|
    |stencil_buf_0_load_160_reg_9788   |   16|   0|   16|          0|
    |stencil_buf_0_load_161_reg_9798   |   16|   0|   16|          0|
    |stencil_buf_0_load_162_reg_9808   |   16|   0|   16|          0|
    |stencil_buf_0_load_163_reg_9818   |   16|   0|   16|          0|
    |stencil_buf_0_load_164_reg_9828   |   16|   0|   16|          0|
    |stencil_buf_0_load_165_reg_9838   |   16|   0|   16|          0|
    |stencil_buf_0_load_166_reg_9848   |   16|   0|   16|          0|
    |stencil_buf_0_load_167_reg_9858   |   16|   0|   16|          0|
    |stencil_buf_0_load_168_reg_9868   |   16|   0|   16|          0|
    |stencil_buf_0_load_169_reg_9878   |   16|   0|   16|          0|
    |stencil_buf_0_load_16_reg_8348    |   16|   0|   16|          0|
    |stencil_buf_0_load_170_reg_9888   |   16|   0|   16|          0|
    |stencil_buf_0_load_171_reg_9898   |   16|   0|   16|          0|
    |stencil_buf_0_load_172_reg_9908   |   16|   0|   16|          0|
    |stencil_buf_0_load_173_reg_9918   |   16|   0|   16|          0|
    |stencil_buf_0_load_174_reg_9928   |   16|   0|   16|          0|
    |stencil_buf_0_load_175_reg_9938   |   16|   0|   16|          0|
    |stencil_buf_0_load_176_reg_9948   |   16|   0|   16|          0|
    |stencil_buf_0_load_177_reg_9958   |   16|   0|   16|          0|
    |stencil_buf_0_load_178_reg_9968   |   16|   0|   16|          0|
    |stencil_buf_0_load_179_reg_9978   |   16|   0|   16|          0|
    |stencil_buf_0_load_17_reg_8358    |   16|   0|   16|          0|
    |stencil_buf_0_load_180_reg_9988   |   16|   0|   16|          0|
    |stencil_buf_0_load_181_reg_9998   |   16|   0|   16|          0|
    |stencil_buf_0_load_182_reg_10008  |   16|   0|   16|          0|
    |stencil_buf_0_load_183_reg_10018  |   16|   0|   16|          0|
    |stencil_buf_0_load_184_reg_10028  |   16|   0|   16|          0|
    |stencil_buf_0_load_185_reg_10038  |   16|   0|   16|          0|
    |stencil_buf_0_load_186_reg_10048  |   16|   0|   16|          0|
    |stencil_buf_0_load_187_reg_10058  |   16|   0|   16|          0|
    |stencil_buf_0_load_188_reg_10068  |   16|   0|   16|          0|
    |stencil_buf_0_load_189_reg_10078  |   16|   0|   16|          0|
    |stencil_buf_0_load_18_reg_8368    |   16|   0|   16|          0|
    |stencil_buf_0_load_190_reg_10088  |   16|   0|   16|          0|
    |stencil_buf_0_load_191_reg_10098  |   16|   0|   16|          0|
    |stencil_buf_0_load_192_reg_10108  |   16|   0|   16|          0|
    |stencil_buf_0_load_193_reg_10118  |   16|   0|   16|          0|
    |stencil_buf_0_load_194_reg_10128  |   16|   0|   16|          0|
    |stencil_buf_0_load_195_reg_10138  |   16|   0|   16|          0|
    |stencil_buf_0_load_196_reg_10148  |   16|   0|   16|          0|
    |stencil_buf_0_load_197_reg_10158  |   16|   0|   16|          0|
    |stencil_buf_0_load_198_reg_10168  |   16|   0|   16|          0|
    |stencil_buf_0_load_199_reg_10178  |   16|   0|   16|          0|
    |stencil_buf_0_load_19_reg_8378    |   16|   0|   16|          0|
    |stencil_buf_0_load_200_reg_10188  |   16|   0|   16|          0|
    |stencil_buf_0_load_201_reg_10198  |   16|   0|   16|          0|
    |stencil_buf_0_load_202_reg_10208  |   16|   0|   16|          0|
    |stencil_buf_0_load_203_reg_10218  |   16|   0|   16|          0|
    |stencil_buf_0_load_204_reg_10228  |   16|   0|   16|          0|
    |stencil_buf_0_load_205_reg_10238  |   16|   0|   16|          0|
    |stencil_buf_0_load_206_reg_10248  |   16|   0|   16|          0|
    |stencil_buf_0_load_207_reg_10258  |   16|   0|   16|          0|
    |stencil_buf_0_load_208_reg_10268  |   16|   0|   16|          0|
    |stencil_buf_0_load_209_reg_10278  |   16|   0|   16|          0|
    |stencil_buf_0_load_20_reg_8388    |   16|   0|   16|          0|
    |stencil_buf_0_load_210_reg_10288  |   16|   0|   16|          0|
    |stencil_buf_0_load_211_reg_10298  |   16|   0|   16|          0|
    |stencil_buf_0_load_212_reg_10308  |   16|   0|   16|          0|
    |stencil_buf_0_load_213_reg_10318  |   16|   0|   16|          0|
    |stencil_buf_0_load_214_reg_10328  |   16|   0|   16|          0|
    |stencil_buf_0_load_215_reg_10338  |   16|   0|   16|          0|
    |stencil_buf_0_load_216_reg_10348  |   16|   0|   16|          0|
    |stencil_buf_0_load_217_reg_10358  |   16|   0|   16|          0|
    |stencil_buf_0_load_218_reg_10368  |   16|   0|   16|          0|
    |stencil_buf_0_load_219_reg_10378  |   16|   0|   16|          0|
    |stencil_buf_0_load_21_reg_8398    |   16|   0|   16|          0|
    |stencil_buf_0_load_220_reg_10388  |   16|   0|   16|          0|
    |stencil_buf_0_load_221_reg_10398  |   16|   0|   16|          0|
    |stencil_buf_0_load_222_reg_10408  |   16|   0|   16|          0|
    |stencil_buf_0_load_223_reg_10418  |   16|   0|   16|          0|
    |stencil_buf_0_load_224_reg_10428  |   16|   0|   16|          0|
    |stencil_buf_0_load_225_reg_10438  |   16|   0|   16|          0|
    |stencil_buf_0_load_226_reg_10448  |   16|   0|   16|          0|
    |stencil_buf_0_load_227_reg_10458  |   16|   0|   16|          0|
    |stencil_buf_0_load_228_reg_10468  |   16|   0|   16|          0|
    |stencil_buf_0_load_229_reg_10478  |   16|   0|   16|          0|
    |stencil_buf_0_load_22_reg_8408    |   16|   0|   16|          0|
    |stencil_buf_0_load_230_reg_10488  |   16|   0|   16|          0|
    |stencil_buf_0_load_231_reg_10498  |   16|   0|   16|          0|
    |stencil_buf_0_load_232_reg_10508  |   16|   0|   16|          0|
    |stencil_buf_0_load_233_reg_10518  |   16|   0|   16|          0|
    |stencil_buf_0_load_234_reg_10528  |   16|   0|   16|          0|
    |stencil_buf_0_load_235_reg_10538  |   16|   0|   16|          0|
    |stencil_buf_0_load_236_reg_10548  |   16|   0|   16|          0|
    |stencil_buf_0_load_237_reg_10558  |   16|   0|   16|          0|
    |stencil_buf_0_load_238_reg_10568  |   16|   0|   16|          0|
    |stencil_buf_0_load_239_reg_10578  |   16|   0|   16|          0|
    |stencil_buf_0_load_23_reg_8418    |   16|   0|   16|          0|
    |stencil_buf_0_load_240_reg_10588  |   16|   0|   16|          0|
    |stencil_buf_0_load_241_reg_10598  |   16|   0|   16|          0|
    |stencil_buf_0_load_242_reg_10608  |   16|   0|   16|          0|
    |stencil_buf_0_load_243_reg_10618  |   16|   0|   16|          0|
    |stencil_buf_0_load_244_reg_10628  |   16|   0|   16|          0|
    |stencil_buf_0_load_245_reg_10638  |   16|   0|   16|          0|
    |stencil_buf_0_load_246_reg_10648  |   16|   0|   16|          0|
    |stencil_buf_0_load_247_reg_10658  |   16|   0|   16|          0|
    |stencil_buf_0_load_248_reg_10668  |   16|   0|   16|          0|
    |stencil_buf_0_load_249_reg_10678  |   16|   0|   16|          0|
    |stencil_buf_0_load_24_reg_8428    |   16|   0|   16|          0|
    |stencil_buf_0_load_250_reg_10688  |   16|   0|   16|          0|
    |stencil_buf_0_load_251_reg_10698  |   16|   0|   16|          0|
    |stencil_buf_0_load_252_reg_10708  |   16|   0|   16|          0|
    |stencil_buf_0_load_253_reg_10718  |   16|   0|   16|          0|
    |stencil_buf_0_load_254_reg_10728  |   16|   0|   16|          0|
    |stencil_buf_0_load_255_reg_10738  |   16|   0|   16|          0|
    |stencil_buf_0_load_25_reg_8438    |   16|   0|   16|          0|
    |stencil_buf_0_load_26_reg_8448    |   16|   0|   16|          0|
    |stencil_buf_0_load_27_reg_8458    |   16|   0|   16|          0|
    |stencil_buf_0_load_28_reg_8468    |   16|   0|   16|          0|
    |stencil_buf_0_load_29_reg_8478    |   16|   0|   16|          0|
    |stencil_buf_0_load_30_reg_8488    |   16|   0|   16|          0|
    |stencil_buf_0_load_31_reg_8498    |   16|   0|   16|          0|
    |stencil_buf_0_load_32_reg_8508    |   16|   0|   16|          0|
    |stencil_buf_0_load_33_reg_8518    |   16|   0|   16|          0|
    |stencil_buf_0_load_34_reg_8528    |   16|   0|   16|          0|
    |stencil_buf_0_load_35_reg_8538    |   16|   0|   16|          0|
    |stencil_buf_0_load_36_reg_8548    |   16|   0|   16|          0|
    |stencil_buf_0_load_37_reg_8558    |   16|   0|   16|          0|
    |stencil_buf_0_load_38_reg_8568    |   16|   0|   16|          0|
    |stencil_buf_0_load_39_reg_8578    |   16|   0|   16|          0|
    |stencil_buf_0_load_3_reg_8011     |   16|   0|   16|          0|
    |stencil_buf_0_load_40_reg_8588    |   16|   0|   16|          0|
    |stencil_buf_0_load_41_reg_8598    |   16|   0|   16|          0|
    |stencil_buf_0_load_42_reg_8608    |   16|   0|   16|          0|
    |stencil_buf_0_load_43_reg_8618    |   16|   0|   16|          0|
    |stencil_buf_0_load_44_reg_8628    |   16|   0|   16|          0|
    |stencil_buf_0_load_45_reg_8638    |   16|   0|   16|          0|
    |stencil_buf_0_load_46_reg_8648    |   16|   0|   16|          0|
    |stencil_buf_0_load_47_reg_8658    |   16|   0|   16|          0|
    |stencil_buf_0_load_48_reg_8668    |   16|   0|   16|          0|
    |stencil_buf_0_load_49_reg_8678    |   16|   0|   16|          0|
    |stencil_buf_0_load_4_reg_8017     |   16|   0|   16|          0|
    |stencil_buf_0_load_50_reg_8688    |   16|   0|   16|          0|
    |stencil_buf_0_load_51_reg_8698    |   16|   0|   16|          0|
    |stencil_buf_0_load_52_reg_8708    |   16|   0|   16|          0|
    |stencil_buf_0_load_53_reg_8718    |   16|   0|   16|          0|
    |stencil_buf_0_load_54_reg_8728    |   16|   0|   16|          0|
    |stencil_buf_0_load_55_reg_8738    |   16|   0|   16|          0|
    |stencil_buf_0_load_56_reg_8748    |   16|   0|   16|          0|
    |stencil_buf_0_load_57_reg_8758    |   16|   0|   16|          0|
    |stencil_buf_0_load_58_reg_8768    |   16|   0|   16|          0|
    |stencil_buf_0_load_59_reg_8778    |   16|   0|   16|          0|
    |stencil_buf_0_load_60_reg_8788    |   16|   0|   16|          0|
    |stencil_buf_0_load_61_reg_8798    |   16|   0|   16|          0|
    |stencil_buf_0_load_62_reg_8808    |   16|   0|   16|          0|
    |stencil_buf_0_load_63_reg_8818    |   16|   0|   16|          0|
    |stencil_buf_0_load_64_reg_8828    |   16|   0|   16|          0|
    |stencil_buf_0_load_65_reg_8838    |   16|   0|   16|          0|
    |stencil_buf_0_load_66_reg_8848    |   16|   0|   16|          0|
    |stencil_buf_0_load_67_reg_8858    |   16|   0|   16|          0|
    |stencil_buf_0_load_68_reg_8868    |   16|   0|   16|          0|
    |stencil_buf_0_load_69_reg_8878    |   16|   0|   16|          0|
    |stencil_buf_0_load_6_reg_8253     |   16|   0|   16|          0|
    |stencil_buf_0_load_70_reg_8888    |   16|   0|   16|          0|
    |stencil_buf_0_load_71_reg_8898    |   16|   0|   16|          0|
    |stencil_buf_0_load_72_reg_8908    |   16|   0|   16|          0|
    |stencil_buf_0_load_73_reg_8918    |   16|   0|   16|          0|
    |stencil_buf_0_load_74_reg_8928    |   16|   0|   16|          0|
    |stencil_buf_0_load_75_reg_8938    |   16|   0|   16|          0|
    |stencil_buf_0_load_76_reg_8948    |   16|   0|   16|          0|
    |stencil_buf_0_load_77_reg_8958    |   16|   0|   16|          0|
    |stencil_buf_0_load_78_reg_8968    |   16|   0|   16|          0|
    |stencil_buf_0_load_79_reg_8978    |   16|   0|   16|          0|
    |stencil_buf_0_load_7_reg_8258     |   16|   0|   16|          0|
    |stencil_buf_0_load_80_reg_8988    |   16|   0|   16|          0|
    |stencil_buf_0_load_81_reg_8998    |   16|   0|   16|          0|
    |stencil_buf_0_load_82_reg_9008    |   16|   0|   16|          0|
    |stencil_buf_0_load_83_reg_9018    |   16|   0|   16|          0|
    |stencil_buf_0_load_84_reg_9028    |   16|   0|   16|          0|
    |stencil_buf_0_load_85_reg_9038    |   16|   0|   16|          0|
    |stencil_buf_0_load_86_reg_9048    |   16|   0|   16|          0|
    |stencil_buf_0_load_87_reg_9058    |   16|   0|   16|          0|
    |stencil_buf_0_load_88_reg_9068    |   16|   0|   16|          0|
    |stencil_buf_0_load_89_reg_9078    |   16|   0|   16|          0|
    |stencil_buf_0_load_8_reg_8268     |   16|   0|   16|          0|
    |stencil_buf_0_load_90_reg_9088    |   16|   0|   16|          0|
    |stencil_buf_0_load_91_reg_9098    |   16|   0|   16|          0|
    |stencil_buf_0_load_92_reg_9108    |   16|   0|   16|          0|
    |stencil_buf_0_load_93_reg_9118    |   16|   0|   16|          0|
    |stencil_buf_0_load_94_reg_9128    |   16|   0|   16|          0|
    |stencil_buf_0_load_95_reg_9138    |   16|   0|   16|          0|
    |stencil_buf_0_load_96_reg_9148    |   16|   0|   16|          0|
    |stencil_buf_0_load_97_reg_9158    |   16|   0|   16|          0|
    |stencil_buf_0_load_98_reg_9168    |   16|   0|   16|          0|
    |stencil_buf_0_load_99_reg_9178    |   16|   0|   16|          0|
    |stencil_buf_0_load_9_reg_8278     |   16|   0|   16|          0|
    |stencil_buf_1_load_100_reg_9193   |   16|   0|   16|          0|
    |stencil_buf_1_load_101_reg_9203   |   16|   0|   16|          0|
    |stencil_buf_1_load_102_reg_9213   |   16|   0|   16|          0|
    |stencil_buf_1_load_103_reg_9223   |   16|   0|   16|          0|
    |stencil_buf_1_load_104_reg_9233   |   16|   0|   16|          0|
    |stencil_buf_1_load_105_reg_9243   |   16|   0|   16|          0|
    |stencil_buf_1_load_106_reg_9253   |   16|   0|   16|          0|
    |stencil_buf_1_load_107_reg_9263   |   16|   0|   16|          0|
    |stencil_buf_1_load_108_reg_9273   |   16|   0|   16|          0|
    |stencil_buf_1_load_109_reg_9283   |   16|   0|   16|          0|
    |stencil_buf_1_load_10_reg_8293    |   16|   0|   16|          0|
    |stencil_buf_1_load_110_reg_9293   |   16|   0|   16|          0|
    |stencil_buf_1_load_111_reg_9303   |   16|   0|   16|          0|
    |stencil_buf_1_load_112_reg_9313   |   16|   0|   16|          0|
    |stencil_buf_1_load_113_reg_9323   |   16|   0|   16|          0|
    |stencil_buf_1_load_114_reg_9333   |   16|   0|   16|          0|
    |stencil_buf_1_load_115_reg_9343   |   16|   0|   16|          0|
    |stencil_buf_1_load_116_reg_9353   |   16|   0|   16|          0|
    |stencil_buf_1_load_117_reg_9363   |   16|   0|   16|          0|
    |stencil_buf_1_load_118_reg_9373   |   16|   0|   16|          0|
    |stencil_buf_1_load_119_reg_9383   |   16|   0|   16|          0|
    |stencil_buf_1_load_11_reg_8303    |   16|   0|   16|          0|
    |stencil_buf_1_load_120_reg_9393   |   16|   0|   16|          0|
    |stencil_buf_1_load_121_reg_9403   |   16|   0|   16|          0|
    |stencil_buf_1_load_122_reg_9413   |   16|   0|   16|          0|
    |stencil_buf_1_load_123_reg_9423   |   16|   0|   16|          0|
    |stencil_buf_1_load_124_reg_9433   |   16|   0|   16|          0|
    |stencil_buf_1_load_125_reg_9443   |   16|   0|   16|          0|
    |stencil_buf_1_load_126_reg_9453   |   16|   0|   16|          0|
    |stencil_buf_1_load_127_reg_9463   |   16|   0|   16|          0|
    |stencil_buf_1_load_128_reg_9473   |   16|   0|   16|          0|
    |stencil_buf_1_load_129_reg_9483   |   16|   0|   16|          0|
    |stencil_buf_1_load_12_reg_8313    |   16|   0|   16|          0|
    |stencil_buf_1_load_130_reg_9493   |   16|   0|   16|          0|
    |stencil_buf_1_load_131_reg_9503   |   16|   0|   16|          0|
    |stencil_buf_1_load_132_reg_9513   |   16|   0|   16|          0|
    |stencil_buf_1_load_133_reg_9523   |   16|   0|   16|          0|
    |stencil_buf_1_load_134_reg_9533   |   16|   0|   16|          0|
    |stencil_buf_1_load_135_reg_9543   |   16|   0|   16|          0|
    |stencil_buf_1_load_136_reg_9553   |   16|   0|   16|          0|
    |stencil_buf_1_load_137_reg_9563   |   16|   0|   16|          0|
    |stencil_buf_1_load_138_reg_9573   |   16|   0|   16|          0|
    |stencil_buf_1_load_139_reg_9583   |   16|   0|   16|          0|
    |stencil_buf_1_load_13_reg_8323    |   16|   0|   16|          0|
    |stencil_buf_1_load_140_reg_9593   |   16|   0|   16|          0|
    |stencil_buf_1_load_141_reg_9603   |   16|   0|   16|          0|
    |stencil_buf_1_load_142_reg_9613   |   16|   0|   16|          0|
    |stencil_buf_1_load_143_reg_9623   |   16|   0|   16|          0|
    |stencil_buf_1_load_144_reg_9633   |   16|   0|   16|          0|
    |stencil_buf_1_load_145_reg_9643   |   16|   0|   16|          0|
    |stencil_buf_1_load_146_reg_9653   |   16|   0|   16|          0|
    |stencil_buf_1_load_147_reg_9663   |   16|   0|   16|          0|
    |stencil_buf_1_load_148_reg_9673   |   16|   0|   16|          0|
    |stencil_buf_1_load_149_reg_9683   |   16|   0|   16|          0|
    |stencil_buf_1_load_14_reg_8333    |   16|   0|   16|          0|
    |stencil_buf_1_load_150_reg_9693   |   16|   0|   16|          0|
    |stencil_buf_1_load_151_reg_9703   |   16|   0|   16|          0|
    |stencil_buf_1_load_152_reg_9713   |   16|   0|   16|          0|
    |stencil_buf_1_load_153_reg_9723   |   16|   0|   16|          0|
    |stencil_buf_1_load_154_reg_9733   |   16|   0|   16|          0|
    |stencil_buf_1_load_155_reg_9743   |   16|   0|   16|          0|
    |stencil_buf_1_load_156_reg_9753   |   16|   0|   16|          0|
    |stencil_buf_1_load_157_reg_9763   |   16|   0|   16|          0|
    |stencil_buf_1_load_158_reg_9773   |   16|   0|   16|          0|
    |stencil_buf_1_load_159_reg_9783   |   16|   0|   16|          0|
    |stencil_buf_1_load_15_reg_8343    |   16|   0|   16|          0|
    |stencil_buf_1_load_160_reg_9793   |   16|   0|   16|          0|
    |stencil_buf_1_load_161_reg_9803   |   16|   0|   16|          0|
    |stencil_buf_1_load_162_reg_9813   |   16|   0|   16|          0|
    |stencil_buf_1_load_163_reg_9823   |   16|   0|   16|          0|
    |stencil_buf_1_load_164_reg_9833   |   16|   0|   16|          0|
    |stencil_buf_1_load_165_reg_9843   |   16|   0|   16|          0|
    |stencil_buf_1_load_166_reg_9853   |   16|   0|   16|          0|
    |stencil_buf_1_load_167_reg_9863   |   16|   0|   16|          0|
    |stencil_buf_1_load_168_reg_9873   |   16|   0|   16|          0|
    |stencil_buf_1_load_169_reg_9883   |   16|   0|   16|          0|
    |stencil_buf_1_load_16_reg_8353    |   16|   0|   16|          0|
    |stencil_buf_1_load_170_reg_9893   |   16|   0|   16|          0|
    |stencil_buf_1_load_171_reg_9903   |   16|   0|   16|          0|
    |stencil_buf_1_load_172_reg_9913   |   16|   0|   16|          0|
    |stencil_buf_1_load_173_reg_9923   |   16|   0|   16|          0|
    |stencil_buf_1_load_174_reg_9933   |   16|   0|   16|          0|
    |stencil_buf_1_load_175_reg_9943   |   16|   0|   16|          0|
    |stencil_buf_1_load_176_reg_9953   |   16|   0|   16|          0|
    |stencil_buf_1_load_177_reg_9963   |   16|   0|   16|          0|
    |stencil_buf_1_load_178_reg_9973   |   16|   0|   16|          0|
    |stencil_buf_1_load_179_reg_9983   |   16|   0|   16|          0|
    |stencil_buf_1_load_17_reg_8363    |   16|   0|   16|          0|
    |stencil_buf_1_load_180_reg_9993   |   16|   0|   16|          0|
    |stencil_buf_1_load_181_reg_10003  |   16|   0|   16|          0|
    |stencil_buf_1_load_182_reg_10013  |   16|   0|   16|          0|
    |stencil_buf_1_load_183_reg_10023  |   16|   0|   16|          0|
    |stencil_buf_1_load_184_reg_10033  |   16|   0|   16|          0|
    |stencil_buf_1_load_185_reg_10043  |   16|   0|   16|          0|
    |stencil_buf_1_load_186_reg_10053  |   16|   0|   16|          0|
    |stencil_buf_1_load_187_reg_10063  |   16|   0|   16|          0|
    |stencil_buf_1_load_188_reg_10073  |   16|   0|   16|          0|
    |stencil_buf_1_load_189_reg_10083  |   16|   0|   16|          0|
    |stencil_buf_1_load_18_reg_8373    |   16|   0|   16|          0|
    |stencil_buf_1_load_190_reg_10093  |   16|   0|   16|          0|
    |stencil_buf_1_load_191_reg_10103  |   16|   0|   16|          0|
    |stencil_buf_1_load_192_reg_10113  |   16|   0|   16|          0|
    |stencil_buf_1_load_193_reg_10123  |   16|   0|   16|          0|
    |stencil_buf_1_load_194_reg_10133  |   16|   0|   16|          0|
    |stencil_buf_1_load_195_reg_10143  |   16|   0|   16|          0|
    |stencil_buf_1_load_196_reg_10153  |   16|   0|   16|          0|
    |stencil_buf_1_load_197_reg_10163  |   16|   0|   16|          0|
    |stencil_buf_1_load_198_reg_10173  |   16|   0|   16|          0|
    |stencil_buf_1_load_199_reg_10183  |   16|   0|   16|          0|
    |stencil_buf_1_load_19_reg_8383    |   16|   0|   16|          0|
    |stencil_buf_1_load_1_reg_7993     |   16|   0|   16|          0|
    |stencil_buf_1_load_200_reg_10193  |   16|   0|   16|          0|
    |stencil_buf_1_load_201_reg_10203  |   16|   0|   16|          0|
    |stencil_buf_1_load_202_reg_10213  |   16|   0|   16|          0|
    |stencil_buf_1_load_203_reg_10223  |   16|   0|   16|          0|
    |stencil_buf_1_load_204_reg_10233  |   16|   0|   16|          0|
    |stencil_buf_1_load_205_reg_10243  |   16|   0|   16|          0|
    |stencil_buf_1_load_206_reg_10253  |   16|   0|   16|          0|
    |stencil_buf_1_load_207_reg_10263  |   16|   0|   16|          0|
    |stencil_buf_1_load_208_reg_10273  |   16|   0|   16|          0|
    |stencil_buf_1_load_209_reg_10283  |   16|   0|   16|          0|
    |stencil_buf_1_load_20_reg_8393    |   16|   0|   16|          0|
    |stencil_buf_1_load_210_reg_10293  |   16|   0|   16|          0|
    |stencil_buf_1_load_211_reg_10303  |   16|   0|   16|          0|
    |stencil_buf_1_load_212_reg_10313  |   16|   0|   16|          0|
    |stencil_buf_1_load_213_reg_10323  |   16|   0|   16|          0|
    |stencil_buf_1_load_214_reg_10333  |   16|   0|   16|          0|
    |stencil_buf_1_load_215_reg_10343  |   16|   0|   16|          0|
    |stencil_buf_1_load_216_reg_10353  |   16|   0|   16|          0|
    |stencil_buf_1_load_217_reg_10363  |   16|   0|   16|          0|
    |stencil_buf_1_load_218_reg_10373  |   16|   0|   16|          0|
    |stencil_buf_1_load_219_reg_10383  |   16|   0|   16|          0|
    |stencil_buf_1_load_21_reg_8403    |   16|   0|   16|          0|
    |stencil_buf_1_load_220_reg_10393  |   16|   0|   16|          0|
    |stencil_buf_1_load_221_reg_10403  |   16|   0|   16|          0|
    |stencil_buf_1_load_222_reg_10413  |   16|   0|   16|          0|
    |stencil_buf_1_load_223_reg_10423  |   16|   0|   16|          0|
    |stencil_buf_1_load_224_reg_10433  |   16|   0|   16|          0|
    |stencil_buf_1_load_225_reg_10443  |   16|   0|   16|          0|
    |stencil_buf_1_load_226_reg_10453  |   16|   0|   16|          0|
    |stencil_buf_1_load_227_reg_10463  |   16|   0|   16|          0|
    |stencil_buf_1_load_228_reg_10473  |   16|   0|   16|          0|
    |stencil_buf_1_load_229_reg_10483  |   16|   0|   16|          0|
    |stencil_buf_1_load_22_reg_8413    |   16|   0|   16|          0|
    |stencil_buf_1_load_230_reg_10493  |   16|   0|   16|          0|
    |stencil_buf_1_load_231_reg_10503  |   16|   0|   16|          0|
    |stencil_buf_1_load_232_reg_10513  |   16|   0|   16|          0|
    |stencil_buf_1_load_233_reg_10523  |   16|   0|   16|          0|
    |stencil_buf_1_load_234_reg_10533  |   16|   0|   16|          0|
    |stencil_buf_1_load_235_reg_10543  |   16|   0|   16|          0|
    |stencil_buf_1_load_236_reg_10553  |   16|   0|   16|          0|
    |stencil_buf_1_load_237_reg_10563  |   16|   0|   16|          0|
    |stencil_buf_1_load_238_reg_10573  |   16|   0|   16|          0|
    |stencil_buf_1_load_239_reg_10583  |   16|   0|   16|          0|
    |stencil_buf_1_load_23_reg_8423    |   16|   0|   16|          0|
    |stencil_buf_1_load_240_reg_10593  |   16|   0|   16|          0|
    |stencil_buf_1_load_241_reg_10603  |   16|   0|   16|          0|
    |stencil_buf_1_load_242_reg_10613  |   16|   0|   16|          0|
    |stencil_buf_1_load_243_reg_10623  |   16|   0|   16|          0|
    |stencil_buf_1_load_244_reg_10633  |   16|   0|   16|          0|
    |stencil_buf_1_load_245_reg_10643  |   16|   0|   16|          0|
    |stencil_buf_1_load_246_reg_10653  |   16|   0|   16|          0|
    |stencil_buf_1_load_247_reg_10663  |   16|   0|   16|          0|
    |stencil_buf_1_load_248_reg_10673  |   16|   0|   16|          0|
    |stencil_buf_1_load_249_reg_10683  |   16|   0|   16|          0|
    |stencil_buf_1_load_24_reg_8433    |   16|   0|   16|          0|
    |stencil_buf_1_load_250_reg_10693  |   16|   0|   16|          0|
    |stencil_buf_1_load_251_reg_10703  |   16|   0|   16|          0|
    |stencil_buf_1_load_252_reg_10713  |   16|   0|   16|          0|
    |stencil_buf_1_load_253_reg_10723  |   16|   0|   16|          0|
    |stencil_buf_1_load_254_reg_10733  |   16|   0|   16|          0|
    |stencil_buf_1_load_255_reg_10743  |   16|   0|   16|          0|
    |stencil_buf_1_load_25_reg_8443    |   16|   0|   16|          0|
    |stencil_buf_1_load_26_reg_8453    |   16|   0|   16|          0|
    |stencil_buf_1_load_27_reg_8463    |   16|   0|   16|          0|
    |stencil_buf_1_load_28_reg_8473    |   16|   0|   16|          0|
    |stencil_buf_1_load_29_reg_8483    |   16|   0|   16|          0|
    |stencil_buf_1_load_30_reg_8493    |   16|   0|   16|          0|
    |stencil_buf_1_load_31_reg_8503    |   16|   0|   16|          0|
    |stencil_buf_1_load_32_reg_8513    |   16|   0|   16|          0|
    |stencil_buf_1_load_33_reg_8523    |   16|   0|   16|          0|
    |stencil_buf_1_load_34_reg_8533    |   16|   0|   16|          0|
    |stencil_buf_1_load_35_reg_8543    |   16|   0|   16|          0|
    |stencil_buf_1_load_36_reg_8553    |   16|   0|   16|          0|
    |stencil_buf_1_load_37_reg_8563    |   16|   0|   16|          0|
    |stencil_buf_1_load_38_reg_8573    |   16|   0|   16|          0|
    |stencil_buf_1_load_39_reg_8583    |   16|   0|   16|          0|
    |stencil_buf_1_load_3_reg_8000     |   16|   0|   16|          0|
    |stencil_buf_1_load_40_reg_8593    |   16|   0|   16|          0|
    |stencil_buf_1_load_41_reg_8603    |   16|   0|   16|          0|
    |stencil_buf_1_load_42_reg_8613    |   16|   0|   16|          0|
    |stencil_buf_1_load_43_reg_8623    |   16|   0|   16|          0|
    |stencil_buf_1_load_44_reg_8633    |   16|   0|   16|          0|
    |stencil_buf_1_load_45_reg_8643    |   16|   0|   16|          0|
    |stencil_buf_1_load_46_reg_8653    |   16|   0|   16|          0|
    |stencil_buf_1_load_47_reg_8663    |   16|   0|   16|          0|
    |stencil_buf_1_load_48_reg_8673    |   16|   0|   16|          0|
    |stencil_buf_1_load_49_reg_8683    |   16|   0|   16|          0|
    |stencil_buf_1_load_50_reg_8693    |   16|   0|   16|          0|
    |stencil_buf_1_load_51_reg_8703    |   16|   0|   16|          0|
    |stencil_buf_1_load_52_reg_8713    |   16|   0|   16|          0|
    |stencil_buf_1_load_53_reg_8723    |   16|   0|   16|          0|
    |stencil_buf_1_load_54_reg_8733    |   16|   0|   16|          0|
    |stencil_buf_1_load_55_reg_8743    |   16|   0|   16|          0|
    |stencil_buf_1_load_56_reg_8753    |   16|   0|   16|          0|
    |stencil_buf_1_load_57_reg_8763    |   16|   0|   16|          0|
    |stencil_buf_1_load_58_reg_8773    |   16|   0|   16|          0|
    |stencil_buf_1_load_59_reg_8783    |   16|   0|   16|          0|
    |stencil_buf_1_load_60_reg_8793    |   16|   0|   16|          0|
    |stencil_buf_1_load_61_reg_8803    |   16|   0|   16|          0|
    |stencil_buf_1_load_62_reg_8813    |   16|   0|   16|          0|
    |stencil_buf_1_load_63_reg_8823    |   16|   0|   16|          0|
    |stencil_buf_1_load_64_reg_8833    |   16|   0|   16|          0|
    |stencil_buf_1_load_65_reg_8843    |   16|   0|   16|          0|
    |stencil_buf_1_load_66_reg_8853    |   16|   0|   16|          0|
    |stencil_buf_1_load_67_reg_8863    |   16|   0|   16|          0|
    |stencil_buf_1_load_68_reg_8873    |   16|   0|   16|          0|
    |stencil_buf_1_load_69_reg_8883    |   16|   0|   16|          0|
    |stencil_buf_1_load_70_reg_8893    |   16|   0|   16|          0|
    |stencil_buf_1_load_71_reg_8903    |   16|   0|   16|          0|
    |stencil_buf_1_load_72_reg_8913    |   16|   0|   16|          0|
    |stencil_buf_1_load_73_reg_8923    |   16|   0|   16|          0|
    |stencil_buf_1_load_74_reg_8933    |   16|   0|   16|          0|
    |stencil_buf_1_load_75_reg_8943    |   16|   0|   16|          0|
    |stencil_buf_1_load_76_reg_8953    |   16|   0|   16|          0|
    |stencil_buf_1_load_77_reg_8963    |   16|   0|   16|          0|
    |stencil_buf_1_load_78_reg_8973    |   16|   0|   16|          0|
    |stencil_buf_1_load_79_reg_8983    |   16|   0|   16|          0|
    |stencil_buf_1_load_7_reg_8263     |   16|   0|   16|          0|
    |stencil_buf_1_load_80_reg_8993    |   16|   0|   16|          0|
    |stencil_buf_1_load_81_reg_9003    |   16|   0|   16|          0|
    |stencil_buf_1_load_82_reg_9013    |   16|   0|   16|          0|
    |stencil_buf_1_load_83_reg_9023    |   16|   0|   16|          0|
    |stencil_buf_1_load_84_reg_9033    |   16|   0|   16|          0|
    |stencil_buf_1_load_85_reg_9043    |   16|   0|   16|          0|
    |stencil_buf_1_load_86_reg_9053    |   16|   0|   16|          0|
    |stencil_buf_1_load_87_reg_9063    |   16|   0|   16|          0|
    |stencil_buf_1_load_88_reg_9073    |   16|   0|   16|          0|
    |stencil_buf_1_load_89_reg_9083    |   16|   0|   16|          0|
    |stencil_buf_1_load_8_reg_8273     |   16|   0|   16|          0|
    |stencil_buf_1_load_90_reg_9093    |   16|   0|   16|          0|
    |stencil_buf_1_load_91_reg_9103    |   16|   0|   16|          0|
    |stencil_buf_1_load_92_reg_9113    |   16|   0|   16|          0|
    |stencil_buf_1_load_93_reg_9123    |   16|   0|   16|          0|
    |stencil_buf_1_load_94_reg_9133    |   16|   0|   16|          0|
    |stencil_buf_1_load_95_reg_9143    |   16|   0|   16|          0|
    |stencil_buf_1_load_96_reg_9153    |   16|   0|   16|          0|
    |stencil_buf_1_load_97_reg_9163    |   16|   0|   16|          0|
    |stencil_buf_1_load_98_reg_9173    |   16|   0|   16|          0|
    |stencil_buf_1_load_99_reg_9183    |   16|   0|   16|          0|
    |stencil_buf_1_load_9_reg_8283     |   16|   0|   16|          0|
    |tile_index_dim0_reg_5066          |   32|   0|   32|          0|
    |tile_index_dim1_reg_5072          |   32|   0|   32|          0|
    |tmp_10_reg_8069                   |    1|   0|    1|          0|
    |tmp_11_reg_8074                   |    1|   0|    1|          0|
    |tmp_17_reg_7946                   |    7|   0|    7|          0|
    |tmp_19_reg_7957                   |    1|   0|    1|          0|
    |tmp_20_reg_8079                   |   15|   0|   16|          1|
    |tmp_21_reg_8049                   |    9|   0|    9|          0|
    |tmp_24_reg_8038                   |    1|   0|    1|          0|
    |tmp_2_reg_8028                    |    7|   0|    8|          1|
    |tmp_3_reg_8023                    |   16|   0|   17|          1|
    |tmp_52_1_reg_8174                 |    1|   0|    1|          0|
    |tmp_53_1_reg_8179                 |    1|   0|    1|          0|
    |tmp_5_reg_5090                    |   32|   0|   32|          0|
    |tmp_6_reg_5096                    |   32|   0|   32|          0|
    |tmp_7_reg_7951                    |   16|   0|   17|          1|
    |tmp_8_reg_8007                    |    1|   0|    1|          0|
    |tmp_reg_5078                      |   31|   0|   32|          1|
    |tmp_s_reg_5084                    |   31|   0|   32|          1|
    +----------------------------------+-----+----+-----+-----------+
    |Total                             | 9171|   0| 9180|          9|
    +----------------------------------+-----+----+-----+-----------+



================================================================
== Interface
================================================================
* Summary: 
+---------------------+-----+-----+------------+---------------------+--------------+
|      RTL Ports      | Dir | Bits|  Protocol  |    Source Object    |    C Type    |
+---------------------+-----+-----+------------+---------------------+--------------+
|ap_clk               |  in |    1| ap_ctrl_hs |       compute       | return value |
|ap_rst               |  in |    1| ap_ctrl_hs |       compute       | return value |
|ap_start             |  in |    1| ap_ctrl_hs |       compute       | return value |
|ap_done              | out |    1| ap_ctrl_hs |       compute       | return value |
|ap_idle              | out |    1| ap_ctrl_hs |       compute       | return value |
|ap_ready             | out |    1| ap_ctrl_hs |       compute       | return value |
|compute_flag         |  in |    1|   ap_none  |     compute_flag    |    scalar    |
|output_0_address0    | out |   15|  ap_memory |       output_0      |     array    |
|output_0_ce0         | out |    1|  ap_memory |       output_0      |     array    |
|output_0_we0         | out |    1|  ap_memory |       output_0      |     array    |
|output_0_d0          | out |   16|  ap_memory |       output_0      |     array    |
|output_1_address0    | out |   15|  ap_memory |       output_1      |     array    |
|output_1_ce0         | out |    1|  ap_memory |       output_1      |     array    |
|output_1_we0         | out |    1|  ap_memory |       output_1      |     array    |
|output_1_d0          | out |   16|  ap_memory |       output_1      |     array    |
|input_0_address0     | out |   15|  ap_memory |       input_0       |     array    |
|input_0_ce0          | out |    1|  ap_memory |       input_0       |     array    |
|input_0_q0           |  in |   16|  ap_memory |       input_0       |     array    |
|input_1_address0     | out |   15|  ap_memory |       input_1       |     array    |
|input_1_ce0          | out |    1|  ap_memory |       input_1       |     array    |
|input_1_q0           |  in |   16|  ap_memory |       input_1       |     array    |
|tile_index           |  in |   32|   ap_none  |      tile_index     |    scalar    |
|tile_num_dim0        |  in |   32|   ap_none  |    tile_num_dim0    |    scalar    |
|var_blur_y_extent_0  |  in |   32|   ap_none  | var_blur_y_extent_0 |    scalar    |
|var_blur_y_extent_1  |  in |   32|   ap_none  | var_blur_y_extent_1 |    scalar    |
|var_blur_y_min_0     |  in |   32|   ap_none  |   var_blur_y_min_0  |    scalar    |
|var_blur_y_min_1     |  in |   32|   ap_none  |   var_blur_y_min_1  |    scalar    |
+---------------------+-----+-----+------------+---------------------+--------------+

