

================================================================
== Vivado HLS Report for 'store'
================================================================
* Date:           Sun Apr 16 21:44:34 2017

* Version:        2016.3 (Build 1721985 on Tue Nov 29 18:45:36 MST 2016)
* Project:        curved_kernel
* Solution:       solution_OCL_REGION_0
* Product family: virtex7
* Target device:  xc7vx690tffg1157-2


================================================================
== Performance Estimates
================================================================
+ Timing (ns): 
    * Summary: 
    +--------+-------+----------+------------+
    |  Clock | Target| Estimated| Uncertainty|
    +--------+-------+----------+------------+
    |ap_clk  |   5.00|      3.65|        1.35|
    +--------+-------+----------+------------+

+ Latency (clock cycles): 
    * Summary: 
    +-----+------+-----+------+---------+
    |   Latency  |  Interval  | Pipeline|
    | min |  max | min |  max |   Type  |
    +-----+------+-----+------+---------+
    |    1|  3201|    1|  3201|   none  |
    +-----+------+-----+------+---------+

    + Detail: 
        * Instance: 
        N/A

        * Loop: 
        +----------+------+------+----------+-----------+-----------+------+----------+
        |          |   Latency   | Iteration|  Initiation Interval  | Trip |          |
        | Loop Name|  min |  max |  Latency |  achieved |   target  | Count| Pipelined|
        +----------+------+------+----------+-----------+-----------+------+----------+
        |- Loop 1  |  3074|  3074|         5|          2|          1|  1536|    yes   |
        +----------+------+------+----------+-----------+-----------+------+----------+



================================================================
== Utilization Estimates
================================================================
* Summary: 
+-----------------+---------+-------+--------+--------+
|       Name      | BRAM_18K| DSP48E|   FF   |   LUT  |
+-----------------+---------+-------+--------+--------+
|DSP              |        -|      -|       -|       -|
|Expression       |        -|      -|       0|     293|
|FIFO             |        -|      -|       -|       -|
|Instance         |        -|      -|       0|    4488|
|Memory           |        -|      -|       -|       -|
|Multiplexer      |        -|      -|       -|    1606|
|Register         |        -|      -|    1575|       -|
+-----------------+---------+-------+--------+--------+
|Total            |        0|      0|    1575|    6387|
+-----------------+---------+-------+--------+--------+
|Available        |     2940|   3600|  866400|  433200|
+-----------------+---------+-------+--------+--------+
|Utilization (%)  |        0|      0|   ~0   |       1|
+-----------------+---------+-------+--------+--------+

+ Detail: 
    * Instance: 
    +--------------------------------+---------------------------+---------+-------+---+-----+
    |            Instance            |           Module          | BRAM_18K| DSP48E| FF| LUT |
    +--------------------------------+---------------------------+---------+-------+---+-----+
    |curved_kernel_mux_32_8_1_U511   |curved_kernel_mux_32_8_1   |        0|      0|  0|  136|
    |curved_kernel_mux_486_8_1_U480  |curved_kernel_mux_486_8_1  |        0|      0|  0|  136|
    |curved_kernel_mux_486_8_1_U481  |curved_kernel_mux_486_8_1  |        0|      0|  0|  136|
    |curved_kernel_mux_486_8_1_U482  |curved_kernel_mux_486_8_1  |        0|      0|  0|  136|
    |curved_kernel_mux_486_8_1_U483  |curved_kernel_mux_486_8_1  |        0|      0|  0|  136|
    |curved_kernel_mux_486_8_1_U484  |curved_kernel_mux_486_8_1  |        0|      0|  0|  136|
    |curved_kernel_mux_486_8_1_U485  |curved_kernel_mux_486_8_1  |        0|      0|  0|  136|
    |curved_kernel_mux_486_8_1_U486  |curved_kernel_mux_486_8_1  |        0|      0|  0|  136|
    |curved_kernel_mux_486_8_1_U487  |curved_kernel_mux_486_8_1  |        0|      0|  0|  136|
    |curved_kernel_mux_486_8_1_U488  |curved_kernel_mux_486_8_1  |        0|      0|  0|  136|
    |curved_kernel_mux_486_8_1_U489  |curved_kernel_mux_486_8_1  |        0|      0|  0|  136|
    |curved_kernel_mux_486_8_1_U490  |curved_kernel_mux_486_8_1  |        0|      0|  0|  136|
    |curved_kernel_mux_486_8_1_U491  |curved_kernel_mux_486_8_1  |        0|      0|  0|  136|
    |curved_kernel_mux_486_8_1_U492  |curved_kernel_mux_486_8_1  |        0|      0|  0|  136|
    |curved_kernel_mux_486_8_1_U493  |curved_kernel_mux_486_8_1  |        0|      0|  0|  136|
    |curved_kernel_mux_486_8_1_U494  |curved_kernel_mux_486_8_1  |        0|      0|  0|  136|
    |curved_kernel_mux_486_8_1_U495  |curved_kernel_mux_486_8_1  |        0|      0|  0|  136|
    |curved_kernel_mux_486_8_1_U496  |curved_kernel_mux_486_8_1  |        0|      0|  0|  136|
    |curved_kernel_mux_486_8_1_U497  |curved_kernel_mux_486_8_1  |        0|      0|  0|  136|
    |curved_kernel_mux_486_8_1_U498  |curved_kernel_mux_486_8_1  |        0|      0|  0|  136|
    |curved_kernel_mux_486_8_1_U499  |curved_kernel_mux_486_8_1  |        0|      0|  0|  136|
    |curved_kernel_mux_486_8_1_U500  |curved_kernel_mux_486_8_1  |        0|      0|  0|  136|
    |curved_kernel_mux_486_8_1_U501  |curved_kernel_mux_486_8_1  |        0|      0|  0|  136|
    |curved_kernel_mux_486_8_1_U502  |curved_kernel_mux_486_8_1  |        0|      0|  0|  136|
    |curved_kernel_mux_486_8_1_U503  |curved_kernel_mux_486_8_1  |        0|      0|  0|  136|
    |curved_kernel_mux_486_8_1_U504  |curved_kernel_mux_486_8_1  |        0|      0|  0|  136|
    |curved_kernel_mux_486_8_1_U505  |curved_kernel_mux_486_8_1  |        0|      0|  0|  136|
    |curved_kernel_mux_486_8_1_U506  |curved_kernel_mux_486_8_1  |        0|      0|  0|  136|
    |curved_kernel_mux_486_8_1_U507  |curved_kernel_mux_486_8_1  |        0|      0|  0|  136|
    |curved_kernel_mux_486_8_1_U508  |curved_kernel_mux_486_8_1  |        0|      0|  0|  136|
    |curved_kernel_mux_486_8_1_U509  |curved_kernel_mux_486_8_1  |        0|      0|  0|  136|
    |curved_kernel_mux_486_8_1_U510  |curved_kernel_mux_486_8_1  |        0|      0|  0|  136|
    |curved_kernel_mux_486_8_1_U512  |curved_kernel_mux_486_8_1  |        0|      0|  0|  136|
    +--------------------------------+---------------------------+---------+-------+---+-----+
    |Total                           |                           |        0|      0|  0| 4488|
    +--------------------------------+---------------------------+---------+-------+---+-----+

    * DSP48: 
    N/A

    * Memory: 
    N/A

    * FIFO: 
    N/A

    * Expression: 
    +----------------------+----------+-------+---+----+------------+------------+
    |     Variable Name    | Operation| DSP48E| FF| LUT| Bitwidth P0| Bitwidth P1|
    +----------------------+----------+-------+---+----+------------+------------+
    |i_1_fu_5697_p2        |     +    |      0|  0|  11|          11|           1|
    |sum_fu_5675_p2        |     +    |      0|  0|  60|          60|          60|
    |tmp_1_fu_5663_p2      |     -    |      0|  0|  43|          43|          43|
    |ap_block_state132     |    and   |      0|  0|   1|           1|           1|
    |ap_block_state8_io    |    and   |      0|  0|   1|           1|           1|
    |ap_condition_659      |    and   |      0|  0|   1|           1|           1|
    |tmp_2_fu_5691_p2      |   icmp   |      0|  0|   4|          11|          11|
    |ap_enable_pp0         |    or    |      0|  0|   1|           1|           1|
    |newIndex1_fu_5771_p2  |    or    |      0|  0|  17|          11|           1|
    |newIndex2_fu_5829_p2  |    or    |      0|  0|  17|          11|           2|
    |newIndex3_fu_5886_p2  |    or    |      0|  0|  17|          11|           2|
    |tmp_11_fu_5986_p2     |    or    |      0|  0|   8|           6|           3|
    |tmp_13_fu_5994_p2     |    or    |      0|  0|   8|           6|           3|
    |tmp_15_fu_6002_p2     |    or    |      0|  0|   8|           6|           3|
    |tmp_17_fu_6010_p2     |    or    |      0|  0|   8|           6|           3|
    |tmp_19_fu_6018_p2     |    or    |      0|  0|   8|           6|           4|
    |tmp_21_fu_6026_p2     |    or    |      0|  0|   8|           6|           4|
    |tmp_23_fu_6034_p2     |    or    |      0|  0|   8|           6|           4|
    |tmp_25_fu_6042_p2     |    or    |      0|  0|   8|           6|           4|
    |tmp_27_fu_6050_p2     |    or    |      0|  0|   8|           6|           4|
    |tmp_29_fu_6058_p2     |    or    |      0|  0|   8|           6|           4|
    |tmp_31_fu_6066_p2     |    or    |      0|  0|   8|           6|           4|
    |tmp_33_fu_6074_p2     |    or    |      0|  0|   8|           6|           4|
    |tmp_4_fu_5970_p2      |    or    |      0|  0|   8|           6|           2|
    |tmp_7_fu_5962_p2      |    or    |      0|  0|   8|           6|           1|
    |tmp_9_fu_5978_p2      |    or    |      0|  0|   8|           6|           2|
    +----------------------+----------+-------+---+----+------------+------------+
    |Total                 |          |      0|  0| 293|         252|         173|
    +----------------------+----------+-------+---+----+------------+------------+

    * Multiplexer: 
    +-----------------------------------+-----+-----------+-----+-----------+
    |                Name               | LUT | Input Size| Bits| Total Bits|
    +-----------------------------------+-----+-----------+-----+-----------+
    |ap_NS_fsm                          |  336|        130|    1|        130|
    |ap_enable_reg_pp0_iter2            |    1|          2|    1|          2|
    |ap_sig_ioackin_m_axi_to_V_AWREADY  |    1|          2|    1|          2|
    |ap_sig_ioackin_m_axi_to_V_WREADY   |    1|          2|    1|          2|
    |from_0_0_address0                  |   11|          3|   11|         33|
    |from_0_0_address1                  |   11|          3|   11|         33|
    |from_0_10_address0                 |   11|          3|   11|         33|
    |from_0_10_address1                 |   11|          3|   11|         33|
    |from_0_11_address0                 |   11|          3|   11|         33|
    |from_0_11_address1                 |   11|          3|   11|         33|
    |from_0_12_address0                 |   11|          3|   11|         33|
    |from_0_12_address1                 |   11|          3|   11|         33|
    |from_0_13_address0                 |   11|          3|   11|         33|
    |from_0_13_address1                 |   11|          3|   11|         33|
    |from_0_14_address0                 |   11|          3|   11|         33|
    |from_0_14_address1                 |   11|          3|   11|         33|
    |from_0_15_address0                 |   11|          3|   11|         33|
    |from_0_15_address1                 |   11|          3|   11|         33|
    |from_0_1_address0                  |   11|          3|   11|         33|
    |from_0_1_address1                  |   11|          3|   11|         33|
    |from_0_2_address0                  |   11|          3|   11|         33|
    |from_0_2_address1                  |   11|          3|   11|         33|
    |from_0_3_address0                  |   11|          3|   11|         33|
    |from_0_3_address1                  |   11|          3|   11|         33|
    |from_0_4_address0                  |   11|          3|   11|         33|
    |from_0_4_address1                  |   11|          3|   11|         33|
    |from_0_5_address0                  |   11|          3|   11|         33|
    |from_0_5_address1                  |   11|          3|   11|         33|
    |from_0_6_address0                  |   11|          3|   11|         33|
    |from_0_6_address1                  |   11|          3|   11|         33|
    |from_0_7_address0                  |   11|          3|   11|         33|
    |from_0_7_address1                  |   11|          3|   11|         33|
    |from_0_8_address0                  |   11|          3|   11|         33|
    |from_0_8_address1                  |   11|          3|   11|         33|
    |from_0_9_address0                  |   11|          3|   11|         33|
    |from_0_9_address1                  |   11|          3|   11|         33|
    |from_1_0_address0                  |   11|          3|   11|         33|
    |from_1_0_address1                  |   11|          3|   11|         33|
    |from_1_10_address0                 |   11|          3|   11|         33|
    |from_1_10_address1                 |   11|          3|   11|         33|
    |from_1_11_address0                 |   11|          3|   11|         33|
    |from_1_11_address1                 |   11|          3|   11|         33|
    |from_1_12_address0                 |   11|          3|   11|         33|
    |from_1_12_address1                 |   11|          3|   11|         33|
    |from_1_13_address0                 |   11|          3|   11|         33|
    |from_1_13_address1                 |   11|          3|   11|         33|
    |from_1_14_address0                 |   11|          3|   11|         33|
    |from_1_14_address1                 |   11|          3|   11|         33|
    |from_1_15_address0                 |   11|          3|   11|         33|
    |from_1_15_address1                 |   11|          3|   11|         33|
    |from_1_1_address0                  |   11|          3|   11|         33|
    |from_1_1_address1                  |   11|          3|   11|         33|
    |from_1_2_address0                  |   11|          3|   11|         33|
    |from_1_2_address1                  |   11|          3|   11|         33|
    |from_1_3_address0                  |   11|          3|   11|         33|
    |from_1_3_address1                  |   11|          3|   11|         33|
    |from_1_4_address0                  |   11|          3|   11|         33|
    |from_1_4_address1                  |   11|          3|   11|         33|
    |from_1_5_address0                  |   11|          3|   11|         33|
    |from_1_5_address1                  |   11|          3|   11|         33|
    |from_1_6_address0                  |   11|          3|   11|         33|
    |from_1_6_address1                  |   11|          3|   11|         33|
    |from_1_7_address0                  |   11|          3|   11|         33|
    |from_1_7_address1                  |   11|          3|   11|         33|
    |from_1_8_address0                  |   11|          3|   11|         33|
    |from_1_8_address1                  |   11|          3|   11|         33|
    |from_1_9_address0                  |   11|          3|   11|         33|
    |from_1_9_address1                  |   11|          3|   11|         33|
    |from_2_0_address0                  |   11|          3|   11|         33|
    |from_2_0_address1                  |   11|          3|   11|         33|
    |from_2_10_address0                 |   11|          3|   11|         33|
    |from_2_10_address1                 |   11|          3|   11|         33|
    |from_2_11_address0                 |   11|          3|   11|         33|
    |from_2_11_address1                 |   11|          3|   11|         33|
    |from_2_12_address0                 |   11|          3|   11|         33|
    |from_2_12_address1                 |   11|          3|   11|         33|
    |from_2_13_address0                 |   11|          3|   11|         33|
    |from_2_13_address1                 |   11|          3|   11|         33|
    |from_2_14_address0                 |   11|          3|   11|         33|
    |from_2_14_address1                 |   11|          3|   11|         33|
    |from_2_15_address0                 |   11|          3|   11|         33|
    |from_2_15_address1                 |   11|          3|   11|         33|
    |from_2_1_address0                  |   11|          3|   11|         33|
    |from_2_1_address1                  |   11|          3|   11|         33|
    |from_2_2_address0                  |   11|          3|   11|         33|
    |from_2_2_address1                  |   11|          3|   11|         33|
    |from_2_3_address0                  |   11|          3|   11|         33|
    |from_2_3_address1                  |   11|          3|   11|         33|
    |from_2_4_address0                  |   11|          3|   11|         33|
    |from_2_4_address1                  |   11|          3|   11|         33|
    |from_2_5_address0                  |   11|          3|   11|         33|
    |from_2_5_address1                  |   11|          3|   11|         33|
    |from_2_6_address0                  |   11|          3|   11|         33|
    |from_2_6_address1                  |   11|          3|   11|         33|
    |from_2_7_address0                  |   11|          3|   11|         33|
    |from_2_7_address1                  |   11|          3|   11|         33|
    |from_2_8_address0                  |   11|          3|   11|         33|
    |from_2_8_address1                  |   11|          3|   11|         33|
    |from_2_9_address0                  |   11|          3|   11|         33|
    |from_2_9_address1                  |   11|          3|   11|         33|
    |grp_fu_2512_p49                    |    6|          3|    6|         18|
    |grp_fu_2613_p49                    |    6|          3|    6|         18|
    |grp_fu_2714_p49                    |    6|          3|    6|         18|
    |grp_fu_2815_p49                    |    6|          3|    6|         18|
    |grp_fu_2916_p49                    |    6|          3|    6|         18|
    |grp_fu_3017_p49                    |    6|          3|    6|         18|
    |grp_fu_3118_p49                    |    6|          3|    6|         18|
    |grp_fu_3219_p49                    |    6|          3|    6|         18|
    |grp_fu_3320_p49                    |    6|          3|    6|         18|
    |grp_fu_3421_p49                    |    6|          3|    6|         18|
    |grp_fu_3522_p49                    |    6|          3|    6|         18|
    |grp_fu_3623_p49                    |    6|          3|    6|         18|
    |grp_fu_3724_p49                    |    6|          3|    6|         18|
    |grp_fu_3825_p49                    |    6|          3|    6|         18|
    |grp_fu_3926_p49                    |    6|          3|    6|         18|
    |grp_fu_4027_p49                    |    6|          3|    6|         18|
    |grp_fu_4128_p49                    |    6|          3|    6|         18|
    |grp_fu_4229_p49                    |    6|          3|    6|         18|
    |grp_fu_4330_p49                    |    6|          3|    6|         18|
    |grp_fu_4431_p49                    |    6|          3|    6|         18|
    |grp_fu_4532_p49                    |    6|          3|    6|         18|
    |grp_fu_4633_p49                    |    6|          3|    6|         18|
    |grp_fu_4734_p49                    |    6|          3|    6|         18|
    |grp_fu_4835_p49                    |    6|          3|    6|         18|
    |grp_fu_4936_p49                    |    6|          3|    6|         18|
    |grp_fu_5037_p49                    |    6|          3|    6|         18|
    |grp_fu_5138_p49                    |    6|          3|    6|         18|
    |grp_fu_5239_p49                    |    6|          3|    6|         18|
    |grp_fu_5340_p49                    |    6|          3|    6|         18|
    |grp_fu_5441_p49                    |    6|          3|    6|         18|
    |grp_fu_5542_p49                    |    6|          3|    6|         18|
    |i_phi_fu_2121_p4                   |   11|          2|   11|         22|
    |i_reg_2117                         |   11|          2|   11|         22|
    |to_V_blk_n_AW                      |    1|          2|    1|          2|
    |to_V_blk_n_B                       |    1|          2|    1|          2|
    |to_V_blk_n_W                       |    1|          2|    1|          2|
    +-----------------------------------+-----+-----------+-----+-----------+
    |Total                              | 1606|        527| 1271|       3912|
    +-----------------------------------+-----+-----------+-----+-----------+

    * Register: 
    +------------------------------------------+-----+----+-----+-----------+
    |                   Name                   |  FF | LUT| Bits| Const Bits|
    +------------------------------------------+-----+----+-----+-----------+
    |ap_CS_fsm                                 |  129|   0|  129|          0|
    |ap_enable_reg_pp0_iter0                   |    1|   0|    1|          0|
    |ap_enable_reg_pp0_iter1                   |    1|   0|    1|          0|
    |ap_enable_reg_pp0_iter2                   |    1|   0|    1|          0|
    |ap_pipeline_reg_pp0_iter1_tmp_2_reg_6276  |    1|   0|    1|          0|
    |ap_reg_ioackin_m_axi_to_V_AWREADY         |    1|   0|    1|          0|
    |ap_reg_ioackin_m_axi_to_V_WREADY          |    1|   0|    1|          0|
    |i_1_reg_6280                              |   11|   0|   11|          0|
    |i_reg_2117                                |   11|   0|   11|          0|
    |p_t_reg_6291                              |    2|   0|    2|          0|
    |reg_2128                                  |    8|   0|    8|          0|
    |reg_2132                                  |    8|   0|    8|          0|
    |reg_2136                                  |    8|   0|    8|          0|
    |reg_2140                                  |    8|   0|    8|          0|
    |reg_2144                                  |    8|   0|    8|          0|
    |reg_2148                                  |    8|   0|    8|          0|
    |reg_2152                                  |    8|   0|    8|          0|
    |reg_2156                                  |    8|   0|    8|          0|
    |reg_2160                                  |    8|   0|    8|          0|
    |reg_2164                                  |    8|   0|    8|          0|
    |reg_2168                                  |    8|   0|    8|          0|
    |reg_2172                                  |    8|   0|    8|          0|
    |reg_2176                                  |    8|   0|    8|          0|
    |reg_2180                                  |    8|   0|    8|          0|
    |reg_2184                                  |    8|   0|    8|          0|
    |reg_2188                                  |    8|   0|    8|          0|
    |reg_2192                                  |    8|   0|    8|          0|
    |reg_2196                                  |    8|   0|    8|          0|
    |reg_2200                                  |    8|   0|    8|          0|
    |reg_2204                                  |    8|   0|    8|          0|
    |reg_2208                                  |    8|   0|    8|          0|
    |reg_2212                                  |    8|   0|    8|          0|
    |reg_2216                                  |    8|   0|    8|          0|
    |reg_2220                                  |    8|   0|    8|          0|
    |reg_2224                                  |    8|   0|    8|          0|
    |reg_2228                                  |    8|   0|    8|          0|
    |reg_2232                                  |    8|   0|    8|          0|
    |reg_2236                                  |    8|   0|    8|          0|
    |reg_2240                                  |    8|   0|    8|          0|
    |reg_2244                                  |    8|   0|    8|          0|
    |reg_2248                                  |    8|   0|    8|          0|
    |reg_2252                                  |    8|   0|    8|          0|
    |reg_2256                                  |    8|   0|    8|          0|
    |reg_2260                                  |    8|   0|    8|          0|
    |reg_2264                                  |    8|   0|    8|          0|
    |reg_2268                                  |    8|   0|    8|          0|
    |reg_2272                                  |    8|   0|    8|          0|
    |reg_2276                                  |    8|   0|    8|          0|
    |reg_2280                                  |    8|   0|    8|          0|
    |reg_2284                                  |    8|   0|    8|          0|
    |reg_2288                                  |    8|   0|    8|          0|
    |reg_2292                                  |    8|   0|    8|          0|
    |reg_2296                                  |    8|   0|    8|          0|
    |reg_2300                                  |    8|   0|    8|          0|
    |reg_2304                                  |    8|   0|    8|          0|
    |reg_2308                                  |    8|   0|    8|          0|
    |reg_2312                                  |    8|   0|    8|          0|
    |reg_2316                                  |    8|   0|    8|          0|
    |reg_2320                                  |    8|   0|    8|          0|
    |reg_2324                                  |    8|   0|    8|          0|
    |reg_2328                                  |    8|   0|    8|          0|
    |reg_2332                                  |    8|   0|    8|          0|
    |reg_2336                                  |    8|   0|    8|          0|
    |reg_2340                                  |    8|   0|    8|          0|
    |reg_2344                                  |    8|   0|    8|          0|
    |reg_2348                                  |    8|   0|    8|          0|
    |reg_2352                                  |    8|   0|    8|          0|
    |reg_2356                                  |    8|   0|    8|          0|
    |reg_2360                                  |    8|   0|    8|          0|
    |reg_2364                                  |    8|   0|    8|          0|
    |reg_2368                                  |    8|   0|    8|          0|
    |reg_2372                                  |    8|   0|    8|          0|
    |reg_2376                                  |    8|   0|    8|          0|
    |reg_2380                                  |    8|   0|    8|          0|
    |reg_2384                                  |    8|   0|    8|          0|
    |reg_2388                                  |    8|   0|    8|          0|
    |reg_2392                                  |    8|   0|    8|          0|
    |reg_2396                                  |    8|   0|    8|          0|
    |reg_2400                                  |    8|   0|    8|          0|
    |reg_2404                                  |    8|   0|    8|          0|
    |reg_2408                                  |    8|   0|    8|          0|
    |reg_2412                                  |    8|   0|    8|          0|
    |reg_2416                                  |    8|   0|    8|          0|
    |reg_2420                                  |    8|   0|    8|          0|
    |reg_2424                                  |    8|   0|    8|          0|
    |reg_2428                                  |    8|   0|    8|          0|
    |reg_2432                                  |    8|   0|    8|          0|
    |reg_2436                                  |    8|   0|    8|          0|
    |reg_2440                                  |    8|   0|    8|          0|
    |reg_2444                                  |    8|   0|    8|          0|
    |reg_2448                                  |    8|   0|    8|          0|
    |reg_2452                                  |    8|   0|    8|          0|
    |reg_2456                                  |    8|   0|    8|          0|
    |reg_2460                                  |    8|   0|    8|          0|
    |reg_2464                                  |    8|   0|    8|          0|
    |reg_2468                                  |    8|   0|    8|          0|
    |reg_2472                                  |    8|   0|    8|          0|
    |reg_2476                                  |    8|   0|    8|          0|
    |reg_2480                                  |    8|   0|    8|          0|
    |reg_2484                                  |    8|   0|    8|          0|
    |reg_2488                                  |    8|   0|    8|          0|
    |reg_2492                                  |    8|   0|    8|          0|
    |reg_2496                                  |    8|   0|    8|          0|
    |reg_2500                                  |    8|   0|    8|          0|
    |reg_2504                                  |    8|   0|    8|          0|
    |reg_2508                                  |    8|   0|    8|          0|
    |sum_reg_6266                              |   60|   0|   60|          0|
    |tmp_10_reg_7296                           |    8|   0|    8|          0|
    |tmp_11_reg_7301                           |    2|   0|    6|          4|
    |tmp_12_reg_7307                           |    8|   0|    8|          0|
    |tmp_13_reg_7312                           |    2|   0|    6|          4|
    |tmp_14_reg_7318                           |    8|   0|    8|          0|
    |tmp_15_reg_7323                           |    2|   0|    6|          4|
    |tmp_16_reg_7329                           |    8|   0|    8|          0|
    |tmp_17_reg_7334                           |    2|   0|    6|          4|
    |tmp_18_reg_7340                           |    8|   0|    8|          0|
    |tmp_19_reg_7345                           |    2|   0|    6|          4|
    |tmp_1_reg_6261                            |   34|   0|   43|          9|
    |tmp_20_reg_7351                           |    8|   0|    8|          0|
    |tmp_21_reg_7356                           |    2|   0|    6|          4|
    |tmp_22_reg_7362                           |    8|   0|    8|          0|
    |tmp_23_reg_7367                           |    2|   0|    6|          4|
    |tmp_24_reg_7373                           |    8|   0|    8|          0|
    |tmp_25_reg_7378                           |    2|   0|    6|          4|
    |tmp_26_reg_7384                           |    8|   0|    8|          0|
    |tmp_27_reg_7389                           |    2|   0|    6|          4|
    |tmp_28_reg_7395                           |    8|   0|    8|          0|
    |tmp_29_reg_7400                           |    2|   0|    6|          4|
    |tmp_2_reg_6276                            |    1|   0|    1|          0|
    |tmp_30_reg_7406                           |    8|   0|    8|          0|
    |tmp_31_reg_7411                           |    2|   0|    6|          4|
    |tmp_32_reg_7417                           |    8|   0|    8|          0|
    |tmp_33_reg_7422                           |    2|   0|    6|          4|
    |tmp_34_reg_7428                           |    8|   0|    8|          0|
    |tmp_35_reg_7433                           |    8|   0|    8|          0|
    |tmp_36_reg_7438                           |    8|   0|    8|          0|
    |tmp_37_reg_7443                           |    8|   0|    8|          0|
    |tmp_38_reg_7448                           |    8|   0|    8|          0|
    |tmp_39_reg_7453                           |    8|   0|    8|          0|
    |tmp_3_reg_7274                            |    8|   0|    8|          0|
    |tmp_40_reg_7458                           |    8|   0|    8|          0|
    |tmp_41_reg_7463                           |    8|   0|    8|          0|
    |tmp_42_reg_7468                           |    8|   0|    8|          0|
    |tmp_43_reg_7473                           |    8|   0|    8|          0|
    |tmp_44_reg_7478                           |    8|   0|    8|          0|
    |tmp_45_reg_7483                           |    8|   0|    8|          0|
    |tmp_46_reg_7488                           |    8|   0|    8|          0|
    |tmp_47_reg_7493                           |    8|   0|    8|          0|
    |tmp_48_reg_7498                           |    8|   0|    8|          0|
    |tmp_49_reg_7503                           |    8|   0|    8|          0|
    |tmp_4_reg_7279                            |    2|   0|    6|          4|
    |tmp_50_reg_7508                           |    8|   0|    8|          0|
    |tmp_51_reg_7513                           |    8|   0|    8|          0|
    |tmp_52_reg_7518                           |    8|   0|    8|          0|
    |tmp_53_reg_7523                           |    8|   0|    8|          0|
    |tmp_54_reg_7528                           |    8|   0|    8|          0|
    |tmp_55_reg_7533                           |    8|   0|    8|          0|
    |tmp_56_reg_7538                           |    8|   0|    8|          0|
    |tmp_57_reg_7543                           |    8|   0|    8|          0|
    |tmp_58_reg_7548                           |    8|   0|    8|          0|
    |tmp_59_reg_7553                           |    8|   0|    8|          0|
    |tmp_5_reg_7285                            |    8|   0|    8|          0|
    |tmp_60_reg_7558                           |    8|   0|    8|          0|
    |tmp_61_reg_7563                           |    8|   0|    8|          0|
    |tmp_62_reg_7568                           |    8|   0|    8|          0|
    |tmp_63_reg_7573                           |    8|   0|    8|          0|
    |tmp_64_reg_7578                           |    8|   0|    8|          0|
    |tmp_65_reg_7583                           |    8|   0|    8|          0|
    |tmp_66_reg_7588                           |    8|   0|    8|          0|
    |tmp_67_reg_7593                           |    8|   0|    8|          0|
    |tmp_68_reg_7598                           |    8|   0|    8|          0|
    |tmp_69_reg_7603                           |    8|   0|    8|          0|
    |tmp_70_reg_7608                           |    8|   0|    8|          0|
    |tmp_71_reg_7613                           |    8|   0|    8|          0|
    |tmp_72_reg_7618                           |    8|   0|    8|          0|
    |tmp_73_reg_7623                           |    8|   0|    8|          0|
    |tmp_74_reg_7628                           |    8|   0|    8|          0|
    |tmp_75_reg_7633                           |    8|   0|    8|          0|
    |tmp_76_reg_7638                           |    8|   0|    8|          0|
    |tmp_77_reg_7643                           |    8|   0|    8|          0|
    |tmp_78_reg_7648                           |    8|   0|    8|          0|
    |tmp_79_reg_7653                           |    8|   0|    8|          0|
    |tmp_7_reg_7268                            |    2|   0|    6|          4|
    |tmp_80_reg_7658                           |    8|   0|    8|          0|
    |tmp_81_reg_7663                           |    8|   0|    8|          0|
    |tmp_82_reg_7668                           |    8|   0|    8|          0|
    |tmp_8_reg_7257                            |    8|   0|    8|          0|
    |tmp_9_reg_7290                            |    2|   0|    6|          4|
    |tmp_reg_6285                              |    9|   0|   11|          2|
    |tmp_s_reg_7262                            |    2|   0|    6|          4|
    +------------------------------------------+-----+----+-----+-----------+
    |Total                                     | 1575|   0| 1650|         75|
    +------------------------------------------+-----+----+-----+-----------+



================================================================
== Interface
================================================================
* Summary: 
+---------------------+-----+-----+------------+------------------+--------------+
|      RTL Ports      | Dir | Bits|  Protocol  |   Source Object  |    C Type    |
+---------------------+-----+-----+------------+------------------+--------------+
|ap_clk               |  in |    1| ap_ctrl_hs |       store      | return value |
|ap_rst               |  in |    1| ap_ctrl_hs |       store      | return value |
|ap_start             |  in |    1| ap_ctrl_hs |       store      | return value |
|ap_done              | out |    1| ap_ctrl_hs |       store      | return value |
|ap_idle              | out |    1| ap_ctrl_hs |       store      | return value |
|ap_ready             | out |    1| ap_ctrl_hs |       store      | return value |
|store_flag           |  in |    1|   ap_none  |    store_flag    |    scalar    |
|m_axi_to_V_AWVALID   | out |    1|    m_axi   |       to_V       |    pointer   |
|m_axi_to_V_AWREADY   |  in |    1|    m_axi   |       to_V       |    pointer   |
|m_axi_to_V_AWADDR    | out |   64|    m_axi   |       to_V       |    pointer   |
|m_axi_to_V_AWID      | out |    1|    m_axi   |       to_V       |    pointer   |
|m_axi_to_V_AWLEN     | out |   32|    m_axi   |       to_V       |    pointer   |
|m_axi_to_V_AWSIZE    | out |    3|    m_axi   |       to_V       |    pointer   |
|m_axi_to_V_AWBURST   | out |    2|    m_axi   |       to_V       |    pointer   |
|m_axi_to_V_AWLOCK    | out |    2|    m_axi   |       to_V       |    pointer   |
|m_axi_to_V_AWCACHE   | out |    4|    m_axi   |       to_V       |    pointer   |
|m_axi_to_V_AWPROT    | out |    3|    m_axi   |       to_V       |    pointer   |
|m_axi_to_V_AWQOS     | out |    4|    m_axi   |       to_V       |    pointer   |
|m_axi_to_V_AWREGION  | out |    4|    m_axi   |       to_V       |    pointer   |
|m_axi_to_V_AWUSER    | out |    1|    m_axi   |       to_V       |    pointer   |
|m_axi_to_V_WVALID    | out |    1|    m_axi   |       to_V       |    pointer   |
|m_axi_to_V_WREADY    |  in |    1|    m_axi   |       to_V       |    pointer   |
|m_axi_to_V_WDATA     | out |  512|    m_axi   |       to_V       |    pointer   |
|m_axi_to_V_WSTRB     | out |   64|    m_axi   |       to_V       |    pointer   |
|m_axi_to_V_WLAST     | out |    1|    m_axi   |       to_V       |    pointer   |
|m_axi_to_V_WID       | out |    1|    m_axi   |       to_V       |    pointer   |
|m_axi_to_V_WUSER     | out |    1|    m_axi   |       to_V       |    pointer   |
|m_axi_to_V_ARVALID   | out |    1|    m_axi   |       to_V       |    pointer   |
|m_axi_to_V_ARREADY   |  in |    1|    m_axi   |       to_V       |    pointer   |
|m_axi_to_V_ARADDR    | out |   64|    m_axi   |       to_V       |    pointer   |
|m_axi_to_V_ARID      | out |    1|    m_axi   |       to_V       |    pointer   |
|m_axi_to_V_ARLEN     | out |   32|    m_axi   |       to_V       |    pointer   |
|m_axi_to_V_ARSIZE    | out |    3|    m_axi   |       to_V       |    pointer   |
|m_axi_to_V_ARBURST   | out |    2|    m_axi   |       to_V       |    pointer   |
|m_axi_to_V_ARLOCK    | out |    2|    m_axi   |       to_V       |    pointer   |
|m_axi_to_V_ARCACHE   | out |    4|    m_axi   |       to_V       |    pointer   |
|m_axi_to_V_ARPROT    | out |    3|    m_axi   |       to_V       |    pointer   |
|m_axi_to_V_ARQOS     | out |    4|    m_axi   |       to_V       |    pointer   |
|m_axi_to_V_ARREGION  | out |    4|    m_axi   |       to_V       |    pointer   |
|m_axi_to_V_ARUSER    | out |    1|    m_axi   |       to_V       |    pointer   |
|m_axi_to_V_RVALID    |  in |    1|    m_axi   |       to_V       |    pointer   |
|m_axi_to_V_RREADY    | out |    1|    m_axi   |       to_V       |    pointer   |
|m_axi_to_V_RDATA     |  in |  512|    m_axi   |       to_V       |    pointer   |
|m_axi_to_V_RLAST     |  in |    1|    m_axi   |       to_V       |    pointer   |
|m_axi_to_V_RID       |  in |    1|    m_axi   |       to_V       |    pointer   |
|m_axi_to_V_RUSER     |  in |    1|    m_axi   |       to_V       |    pointer   |
|m_axi_to_V_RRESP     |  in |    2|    m_axi   |       to_V       |    pointer   |
|m_axi_to_V_BVALID    |  in |    1|    m_axi   |       to_V       |    pointer   |
|m_axi_to_V_BREADY    | out |    1|    m_axi   |       to_V       |    pointer   |
|m_axi_to_V_BRESP     |  in |    2|    m_axi   |       to_V       |    pointer   |
|m_axi_to_V_BID       |  in |    1|    m_axi   |       to_V       |    pointer   |
|m_axi_to_V_BUSER     |  in |    1|    m_axi   |       to_V       |    pointer   |
|var_processed_V5     |  in |   58|   ap_none  | var_processed_V5 |    scalar    |
|from_0_0_address0    | out |   11|  ap_memory |     from_0_0     |     array    |
|from_0_0_ce0         | out |    1|  ap_memory |     from_0_0     |     array    |
|from_0_0_q0          |  in |    8|  ap_memory |     from_0_0     |     array    |
|from_0_0_address1    | out |   11|  ap_memory |     from_0_0     |     array    |
|from_0_0_ce1         | out |    1|  ap_memory |     from_0_0     |     array    |
|from_0_0_q1          |  in |    8|  ap_memory |     from_0_0     |     array    |
|from_0_1_address0    | out |   11|  ap_memory |     from_0_1     |     array    |
|from_0_1_ce0         | out |    1|  ap_memory |     from_0_1     |     array    |
|from_0_1_q0          |  in |    8|  ap_memory |     from_0_1     |     array    |
|from_0_1_address1    | out |   11|  ap_memory |     from_0_1     |     array    |
|from_0_1_ce1         | out |    1|  ap_memory |     from_0_1     |     array    |
|from_0_1_q1          |  in |    8|  ap_memory |     from_0_1     |     array    |
|from_0_2_address0    | out |   11|  ap_memory |     from_0_2     |     array    |
|from_0_2_ce0         | out |    1|  ap_memory |     from_0_2     |     array    |
|from_0_2_q0          |  in |    8|  ap_memory |     from_0_2     |     array    |
|from_0_2_address1    | out |   11|  ap_memory |     from_0_2     |     array    |
|from_0_2_ce1         | out |    1|  ap_memory |     from_0_2     |     array    |
|from_0_2_q1          |  in |    8|  ap_memory |     from_0_2     |     array    |
|from_0_3_address0    | out |   11|  ap_memory |     from_0_3     |     array    |
|from_0_3_ce0         | out |    1|  ap_memory |     from_0_3     |     array    |
|from_0_3_q0          |  in |    8|  ap_memory |     from_0_3     |     array    |
|from_0_3_address1    | out |   11|  ap_memory |     from_0_3     |     array    |
|from_0_3_ce1         | out |    1|  ap_memory |     from_0_3     |     array    |
|from_0_3_q1          |  in |    8|  ap_memory |     from_0_3     |     array    |
|from_0_4_address0    | out |   11|  ap_memory |     from_0_4     |     array    |
|from_0_4_ce0         | out |    1|  ap_memory |     from_0_4     |     array    |
|from_0_4_q0          |  in |    8|  ap_memory |     from_0_4     |     array    |
|from_0_4_address1    | out |   11|  ap_memory |     from_0_4     |     array    |
|from_0_4_ce1         | out |    1|  ap_memory |     from_0_4     |     array    |
|from_0_4_q1          |  in |    8|  ap_memory |     from_0_4     |     array    |
|from_0_5_address0    | out |   11|  ap_memory |     from_0_5     |     array    |
|from_0_5_ce0         | out |    1|  ap_memory |     from_0_5     |     array    |
|from_0_5_q0          |  in |    8|  ap_memory |     from_0_5     |     array    |
|from_0_5_address1    | out |   11|  ap_memory |     from_0_5     |     array    |
|from_0_5_ce1         | out |    1|  ap_memory |     from_0_5     |     array    |
|from_0_5_q1          |  in |    8|  ap_memory |     from_0_5     |     array    |
|from_0_6_address0    | out |   11|  ap_memory |     from_0_6     |     array    |
|from_0_6_ce0         | out |    1|  ap_memory |     from_0_6     |     array    |
|from_0_6_q0          |  in |    8|  ap_memory |     from_0_6     |     array    |
|from_0_6_address1    | out |   11|  ap_memory |     from_0_6     |     array    |
|from_0_6_ce1         | out |    1|  ap_memory |     from_0_6     |     array    |
|from_0_6_q1          |  in |    8|  ap_memory |     from_0_6     |     array    |
|from_0_7_address0    | out |   11|  ap_memory |     from_0_7     |     array    |
|from_0_7_ce0         | out |    1|  ap_memory |     from_0_7     |     array    |
|from_0_7_q0          |  in |    8|  ap_memory |     from_0_7     |     array    |
|from_0_7_address1    | out |   11|  ap_memory |     from_0_7     |     array    |
|from_0_7_ce1         | out |    1|  ap_memory |     from_0_7     |     array    |
|from_0_7_q1          |  in |    8|  ap_memory |     from_0_7     |     array    |
|from_0_8_address0    | out |   11|  ap_memory |     from_0_8     |     array    |
|from_0_8_ce0         | out |    1|  ap_memory |     from_0_8     |     array    |
|from_0_8_q0          |  in |    8|  ap_memory |     from_0_8     |     array    |
|from_0_8_address1    | out |   11|  ap_memory |     from_0_8     |     array    |
|from_0_8_ce1         | out |    1|  ap_memory |     from_0_8     |     array    |
|from_0_8_q1          |  in |    8|  ap_memory |     from_0_8     |     array    |
|from_0_9_address0    | out |   11|  ap_memory |     from_0_9     |     array    |
|from_0_9_ce0         | out |    1|  ap_memory |     from_0_9     |     array    |
|from_0_9_q0          |  in |    8|  ap_memory |     from_0_9     |     array    |
|from_0_9_address1    | out |   11|  ap_memory |     from_0_9     |     array    |
|from_0_9_ce1         | out |    1|  ap_memory |     from_0_9     |     array    |
|from_0_9_q1          |  in |    8|  ap_memory |     from_0_9     |     array    |
|from_0_10_address0   | out |   11|  ap_memory |     from_0_10    |     array    |
|from_0_10_ce0        | out |    1|  ap_memory |     from_0_10    |     array    |
|from_0_10_q0         |  in |    8|  ap_memory |     from_0_10    |     array    |
|from_0_10_address1   | out |   11|  ap_memory |     from_0_10    |     array    |
|from_0_10_ce1        | out |    1|  ap_memory |     from_0_10    |     array    |
|from_0_10_q1         |  in |    8|  ap_memory |     from_0_10    |     array    |
|from_0_11_address0   | out |   11|  ap_memory |     from_0_11    |     array    |
|from_0_11_ce0        | out |    1|  ap_memory |     from_0_11    |     array    |
|from_0_11_q0         |  in |    8|  ap_memory |     from_0_11    |     array    |
|from_0_11_address1   | out |   11|  ap_memory |     from_0_11    |     array    |
|from_0_11_ce1        | out |    1|  ap_memory |     from_0_11    |     array    |
|from_0_11_q1         |  in |    8|  ap_memory |     from_0_11    |     array    |
|from_0_12_address0   | out |   11|  ap_memory |     from_0_12    |     array    |
|from_0_12_ce0        | out |    1|  ap_memory |     from_0_12    |     array    |
|from_0_12_q0         |  in |    8|  ap_memory |     from_0_12    |     array    |
|from_0_12_address1   | out |   11|  ap_memory |     from_0_12    |     array    |
|from_0_12_ce1        | out |    1|  ap_memory |     from_0_12    |     array    |
|from_0_12_q1         |  in |    8|  ap_memory |     from_0_12    |     array    |
|from_0_13_address0   | out |   11|  ap_memory |     from_0_13    |     array    |
|from_0_13_ce0        | out |    1|  ap_memory |     from_0_13    |     array    |
|from_0_13_q0         |  in |    8|  ap_memory |     from_0_13    |     array    |
|from_0_13_address1   | out |   11|  ap_memory |     from_0_13    |     array    |
|from_0_13_ce1        | out |    1|  ap_memory |     from_0_13    |     array    |
|from_0_13_q1         |  in |    8|  ap_memory |     from_0_13    |     array    |
|from_0_14_address0   | out |   11|  ap_memory |     from_0_14    |     array    |
|from_0_14_ce0        | out |    1|  ap_memory |     from_0_14    |     array    |
|from_0_14_q0         |  in |    8|  ap_memory |     from_0_14    |     array    |
|from_0_14_address1   | out |   11|  ap_memory |     from_0_14    |     array    |
|from_0_14_ce1        | out |    1|  ap_memory |     from_0_14    |     array    |
|from_0_14_q1         |  in |    8|  ap_memory |     from_0_14    |     array    |
|from_0_15_address0   | out |   11|  ap_memory |     from_0_15    |     array    |
|from_0_15_ce0        | out |    1|  ap_memory |     from_0_15    |     array    |
|from_0_15_q0         |  in |    8|  ap_memory |     from_0_15    |     array    |
|from_0_15_address1   | out |   11|  ap_memory |     from_0_15    |     array    |
|from_0_15_ce1        | out |    1|  ap_memory |     from_0_15    |     array    |
|from_0_15_q1         |  in |    8|  ap_memory |     from_0_15    |     array    |
|from_1_0_address0    | out |   11|  ap_memory |     from_1_0     |     array    |
|from_1_0_ce0         | out |    1|  ap_memory |     from_1_0     |     array    |
|from_1_0_q0          |  in |    8|  ap_memory |     from_1_0     |     array    |
|from_1_0_address1    | out |   11|  ap_memory |     from_1_0     |     array    |
|from_1_0_ce1         | out |    1|  ap_memory |     from_1_0     |     array    |
|from_1_0_q1          |  in |    8|  ap_memory |     from_1_0     |     array    |
|from_1_1_address0    | out |   11|  ap_memory |     from_1_1     |     array    |
|from_1_1_ce0         | out |    1|  ap_memory |     from_1_1     |     array    |
|from_1_1_q0          |  in |    8|  ap_memory |     from_1_1     |     array    |
|from_1_1_address1    | out |   11|  ap_memory |     from_1_1     |     array    |
|from_1_1_ce1         | out |    1|  ap_memory |     from_1_1     |     array    |
|from_1_1_q1          |  in |    8|  ap_memory |     from_1_1     |     array    |
|from_1_2_address0    | out |   11|  ap_memory |     from_1_2     |     array    |
|from_1_2_ce0         | out |    1|  ap_memory |     from_1_2     |     array    |
|from_1_2_q0          |  in |    8|  ap_memory |     from_1_2     |     array    |
|from_1_2_address1    | out |   11|  ap_memory |     from_1_2     |     array    |
|from_1_2_ce1         | out |    1|  ap_memory |     from_1_2     |     array    |
|from_1_2_q1          |  in |    8|  ap_memory |     from_1_2     |     array    |
|from_1_3_address0    | out |   11|  ap_memory |     from_1_3     |     array    |
|from_1_3_ce0         | out |    1|  ap_memory |     from_1_3     |     array    |
|from_1_3_q0          |  in |    8|  ap_memory |     from_1_3     |     array    |
|from_1_3_address1    | out |   11|  ap_memory |     from_1_3     |     array    |
|from_1_3_ce1         | out |    1|  ap_memory |     from_1_3     |     array    |
|from_1_3_q1          |  in |    8|  ap_memory |     from_1_3     |     array    |
|from_1_4_address0    | out |   11|  ap_memory |     from_1_4     |     array    |
|from_1_4_ce0         | out |    1|  ap_memory |     from_1_4     |     array    |
|from_1_4_q0          |  in |    8|  ap_memory |     from_1_4     |     array    |
|from_1_4_address1    | out |   11|  ap_memory |     from_1_4     |     array    |
|from_1_4_ce1         | out |    1|  ap_memory |     from_1_4     |     array    |
|from_1_4_q1          |  in |    8|  ap_memory |     from_1_4     |     array    |
|from_1_5_address0    | out |   11|  ap_memory |     from_1_5     |     array    |
|from_1_5_ce0         | out |    1|  ap_memory |     from_1_5     |     array    |
|from_1_5_q0          |  in |    8|  ap_memory |     from_1_5     |     array    |
|from_1_5_address1    | out |   11|  ap_memory |     from_1_5     |     array    |
|from_1_5_ce1         | out |    1|  ap_memory |     from_1_5     |     array    |
|from_1_5_q1          |  in |    8|  ap_memory |     from_1_5     |     array    |
|from_1_6_address0    | out |   11|  ap_memory |     from_1_6     |     array    |
|from_1_6_ce0         | out |    1|  ap_memory |     from_1_6     |     array    |
|from_1_6_q0          |  in |    8|  ap_memory |     from_1_6     |     array    |
|from_1_6_address1    | out |   11|  ap_memory |     from_1_6     |     array    |
|from_1_6_ce1         | out |    1|  ap_memory |     from_1_6     |     array    |
|from_1_6_q1          |  in |    8|  ap_memory |     from_1_6     |     array    |
|from_1_7_address0    | out |   11|  ap_memory |     from_1_7     |     array    |
|from_1_7_ce0         | out |    1|  ap_memory |     from_1_7     |     array    |
|from_1_7_q0          |  in |    8|  ap_memory |     from_1_7     |     array    |
|from_1_7_address1    | out |   11|  ap_memory |     from_1_7     |     array    |
|from_1_7_ce1         | out |    1|  ap_memory |     from_1_7     |     array    |
|from_1_7_q1          |  in |    8|  ap_memory |     from_1_7     |     array    |
|from_1_8_address0    | out |   11|  ap_memory |     from_1_8     |     array    |
|from_1_8_ce0         | out |    1|  ap_memory |     from_1_8     |     array    |
|from_1_8_q0          |  in |    8|  ap_memory |     from_1_8     |     array    |
|from_1_8_address1    | out |   11|  ap_memory |     from_1_8     |     array    |
|from_1_8_ce1         | out |    1|  ap_memory |     from_1_8     |     array    |
|from_1_8_q1          |  in |    8|  ap_memory |     from_1_8     |     array    |
|from_1_9_address0    | out |   11|  ap_memory |     from_1_9     |     array    |
|from_1_9_ce0         | out |    1|  ap_memory |     from_1_9     |     array    |
|from_1_9_q0          |  in |    8|  ap_memory |     from_1_9     |     array    |
|from_1_9_address1    | out |   11|  ap_memory |     from_1_9     |     array    |
|from_1_9_ce1         | out |    1|  ap_memory |     from_1_9     |     array    |
|from_1_9_q1          |  in |    8|  ap_memory |     from_1_9     |     array    |
|from_1_10_address0   | out |   11|  ap_memory |     from_1_10    |     array    |
|from_1_10_ce0        | out |    1|  ap_memory |     from_1_10    |     array    |
|from_1_10_q0         |  in |    8|  ap_memory |     from_1_10    |     array    |
|from_1_10_address1   | out |   11|  ap_memory |     from_1_10    |     array    |
|from_1_10_ce1        | out |    1|  ap_memory |     from_1_10    |     array    |
|from_1_10_q1         |  in |    8|  ap_memory |     from_1_10    |     array    |
|from_1_11_address0   | out |   11|  ap_memory |     from_1_11    |     array    |
|from_1_11_ce0        | out |    1|  ap_memory |     from_1_11    |     array    |
|from_1_11_q0         |  in |    8|  ap_memory |     from_1_11    |     array    |
|from_1_11_address1   | out |   11|  ap_memory |     from_1_11    |     array    |
|from_1_11_ce1        | out |    1|  ap_memory |     from_1_11    |     array    |
|from_1_11_q1         |  in |    8|  ap_memory |     from_1_11    |     array    |
|from_1_12_address0   | out |   11|  ap_memory |     from_1_12    |     array    |
|from_1_12_ce0        | out |    1|  ap_memory |     from_1_12    |     array    |
|from_1_12_q0         |  in |    8|  ap_memory |     from_1_12    |     array    |
|from_1_12_address1   | out |   11|  ap_memory |     from_1_12    |     array    |
|from_1_12_ce1        | out |    1|  ap_memory |     from_1_12    |     array    |
|from_1_12_q1         |  in |    8|  ap_memory |     from_1_12    |     array    |
|from_1_13_address0   | out |   11|  ap_memory |     from_1_13    |     array    |
|from_1_13_ce0        | out |    1|  ap_memory |     from_1_13    |     array    |
|from_1_13_q0         |  in |    8|  ap_memory |     from_1_13    |     array    |
|from_1_13_address1   | out |   11|  ap_memory |     from_1_13    |     array    |
|from_1_13_ce1        | out |    1|  ap_memory |     from_1_13    |     array    |
|from_1_13_q1         |  in |    8|  ap_memory |     from_1_13    |     array    |
|from_1_14_address0   | out |   11|  ap_memory |     from_1_14    |     array    |
|from_1_14_ce0        | out |    1|  ap_memory |     from_1_14    |     array    |
|from_1_14_q0         |  in |    8|  ap_memory |     from_1_14    |     array    |
|from_1_14_address1   | out |   11|  ap_memory |     from_1_14    |     array    |
|from_1_14_ce1        | out |    1|  ap_memory |     from_1_14    |     array    |
|from_1_14_q1         |  in |    8|  ap_memory |     from_1_14    |     array    |
|from_1_15_address0   | out |   11|  ap_memory |     from_1_15    |     array    |
|from_1_15_ce0        | out |    1|  ap_memory |     from_1_15    |     array    |
|from_1_15_q0         |  in |    8|  ap_memory |     from_1_15    |     array    |
|from_1_15_address1   | out |   11|  ap_memory |     from_1_15    |     array    |
|from_1_15_ce1        | out |    1|  ap_memory |     from_1_15    |     array    |
|from_1_15_q1         |  in |    8|  ap_memory |     from_1_15    |     array    |
|from_2_0_address0    | out |   11|  ap_memory |     from_2_0     |     array    |
|from_2_0_ce0         | out |    1|  ap_memory |     from_2_0     |     array    |
|from_2_0_q0          |  in |    8|  ap_memory |     from_2_0     |     array    |
|from_2_0_address1    | out |   11|  ap_memory |     from_2_0     |     array    |
|from_2_0_ce1         | out |    1|  ap_memory |     from_2_0     |     array    |
|from_2_0_q1          |  in |    8|  ap_memory |     from_2_0     |     array    |
|from_2_1_address0    | out |   11|  ap_memory |     from_2_1     |     array    |
|from_2_1_ce0         | out |    1|  ap_memory |     from_2_1     |     array    |
|from_2_1_q0          |  in |    8|  ap_memory |     from_2_1     |     array    |
|from_2_1_address1    | out |   11|  ap_memory |     from_2_1     |     array    |
|from_2_1_ce1         | out |    1|  ap_memory |     from_2_1     |     array    |
|from_2_1_q1          |  in |    8|  ap_memory |     from_2_1     |     array    |
|from_2_2_address0    | out |   11|  ap_memory |     from_2_2     |     array    |
|from_2_2_ce0         | out |    1|  ap_memory |     from_2_2     |     array    |
|from_2_2_q0          |  in |    8|  ap_memory |     from_2_2     |     array    |
|from_2_2_address1    | out |   11|  ap_memory |     from_2_2     |     array    |
|from_2_2_ce1         | out |    1|  ap_memory |     from_2_2     |     array    |
|from_2_2_q1          |  in |    8|  ap_memory |     from_2_2     |     array    |
|from_2_3_address0    | out |   11|  ap_memory |     from_2_3     |     array    |
|from_2_3_ce0         | out |    1|  ap_memory |     from_2_3     |     array    |
|from_2_3_q0          |  in |    8|  ap_memory |     from_2_3     |     array    |
|from_2_3_address1    | out |   11|  ap_memory |     from_2_3     |     array    |
|from_2_3_ce1         | out |    1|  ap_memory |     from_2_3     |     array    |
|from_2_3_q1          |  in |    8|  ap_memory |     from_2_3     |     array    |
|from_2_4_address0    | out |   11|  ap_memory |     from_2_4     |     array    |
|from_2_4_ce0         | out |    1|  ap_memory |     from_2_4     |     array    |
|from_2_4_q0          |  in |    8|  ap_memory |     from_2_4     |     array    |
|from_2_4_address1    | out |   11|  ap_memory |     from_2_4     |     array    |
|from_2_4_ce1         | out |    1|  ap_memory |     from_2_4     |     array    |
|from_2_4_q1          |  in |    8|  ap_memory |     from_2_4     |     array    |
|from_2_5_address0    | out |   11|  ap_memory |     from_2_5     |     array    |
|from_2_5_ce0         | out |    1|  ap_memory |     from_2_5     |     array    |
|from_2_5_q0          |  in |    8|  ap_memory |     from_2_5     |     array    |
|from_2_5_address1    | out |   11|  ap_memory |     from_2_5     |     array    |
|from_2_5_ce1         | out |    1|  ap_memory |     from_2_5     |     array    |
|from_2_5_q1          |  in |    8|  ap_memory |     from_2_5     |     array    |
|from_2_6_address0    | out |   11|  ap_memory |     from_2_6     |     array    |
|from_2_6_ce0         | out |    1|  ap_memory |     from_2_6     |     array    |
|from_2_6_q0          |  in |    8|  ap_memory |     from_2_6     |     array    |
|from_2_6_address1    | out |   11|  ap_memory |     from_2_6     |     array    |
|from_2_6_ce1         | out |    1|  ap_memory |     from_2_6     |     array    |
|from_2_6_q1          |  in |    8|  ap_memory |     from_2_6     |     array    |
|from_2_7_address0    | out |   11|  ap_memory |     from_2_7     |     array    |
|from_2_7_ce0         | out |    1|  ap_memory |     from_2_7     |     array    |
|from_2_7_q0          |  in |    8|  ap_memory |     from_2_7     |     array    |
|from_2_7_address1    | out |   11|  ap_memory |     from_2_7     |     array    |
|from_2_7_ce1         | out |    1|  ap_memory |     from_2_7     |     array    |
|from_2_7_q1          |  in |    8|  ap_memory |     from_2_7     |     array    |
|from_2_8_address0    | out |   11|  ap_memory |     from_2_8     |     array    |
|from_2_8_ce0         | out |    1|  ap_memory |     from_2_8     |     array    |
|from_2_8_q0          |  in |    8|  ap_memory |     from_2_8     |     array    |
|from_2_8_address1    | out |   11|  ap_memory |     from_2_8     |     array    |
|from_2_8_ce1         | out |    1|  ap_memory |     from_2_8     |     array    |
|from_2_8_q1          |  in |    8|  ap_memory |     from_2_8     |     array    |
|from_2_9_address0    | out |   11|  ap_memory |     from_2_9     |     array    |
|from_2_9_ce0         | out |    1|  ap_memory |     from_2_9     |     array    |
|from_2_9_q0          |  in |    8|  ap_memory |     from_2_9     |     array    |
|from_2_9_address1    | out |   11|  ap_memory |     from_2_9     |     array    |
|from_2_9_ce1         | out |    1|  ap_memory |     from_2_9     |     array    |
|from_2_9_q1          |  in |    8|  ap_memory |     from_2_9     |     array    |
|from_2_10_address0   | out |   11|  ap_memory |     from_2_10    |     array    |
|from_2_10_ce0        | out |    1|  ap_memory |     from_2_10    |     array    |
|from_2_10_q0         |  in |    8|  ap_memory |     from_2_10    |     array    |
|from_2_10_address1   | out |   11|  ap_memory |     from_2_10    |     array    |
|from_2_10_ce1        | out |    1|  ap_memory |     from_2_10    |     array    |
|from_2_10_q1         |  in |    8|  ap_memory |     from_2_10    |     array    |
|from_2_11_address0   | out |   11|  ap_memory |     from_2_11    |     array    |
|from_2_11_ce0        | out |    1|  ap_memory |     from_2_11    |     array    |
|from_2_11_q0         |  in |    8|  ap_memory |     from_2_11    |     array    |
|from_2_11_address1   | out |   11|  ap_memory |     from_2_11    |     array    |
|from_2_11_ce1        | out |    1|  ap_memory |     from_2_11    |     array    |
|from_2_11_q1         |  in |    8|  ap_memory |     from_2_11    |     array    |
|from_2_12_address0   | out |   11|  ap_memory |     from_2_12    |     array    |
|from_2_12_ce0        | out |    1|  ap_memory |     from_2_12    |     array    |
|from_2_12_q0         |  in |    8|  ap_memory |     from_2_12    |     array    |
|from_2_12_address1   | out |   11|  ap_memory |     from_2_12    |     array    |
|from_2_12_ce1        | out |    1|  ap_memory |     from_2_12    |     array    |
|from_2_12_q1         |  in |    8|  ap_memory |     from_2_12    |     array    |
|from_2_13_address0   | out |   11|  ap_memory |     from_2_13    |     array    |
|from_2_13_ce0        | out |    1|  ap_memory |     from_2_13    |     array    |
|from_2_13_q0         |  in |    8|  ap_memory |     from_2_13    |     array    |
|from_2_13_address1   | out |   11|  ap_memory |     from_2_13    |     array    |
|from_2_13_ce1        | out |    1|  ap_memory |     from_2_13    |     array    |
|from_2_13_q1         |  in |    8|  ap_memory |     from_2_13    |     array    |
|from_2_14_address0   | out |   11|  ap_memory |     from_2_14    |     array    |
|from_2_14_ce0        | out |    1|  ap_memory |     from_2_14    |     array    |
|from_2_14_q0         |  in |    8|  ap_memory |     from_2_14    |     array    |
|from_2_14_address1   | out |   11|  ap_memory |     from_2_14    |     array    |
|from_2_14_ce1        | out |    1|  ap_memory |     from_2_14    |     array    |
|from_2_14_q1         |  in |    8|  ap_memory |     from_2_14    |     array    |
|from_2_15_address0   | out |   11|  ap_memory |     from_2_15    |     array    |
|from_2_15_ce0        | out |    1|  ap_memory |     from_2_15    |     array    |
|from_2_15_q0         |  in |    8|  ap_memory |     from_2_15    |     array    |
|from_2_15_address1   | out |   11|  ap_memory |     from_2_15    |     array    |
|from_2_15_ce1        | out |    1|  ap_memory |     from_2_15    |     array    |
|from_2_15_q1         |  in |    8|  ap_memory |     from_2_15    |     array    |
|tile_index           |  in |   32|   ap_none  |    tile_index    |    scalar    |
+---------------------+-----+-----+------------+------------------+--------------+

