

================================================================
== Vivado HLS Report for 'load'
================================================================
* Date:           Wed Apr 12 17:17:59 2017

* Version:        2016.3 (Build 1721985 on Tue Nov 29 18:45:36 MST 2016)
* Project:        curved_kernel
* Solution:       solution_OCL_REGION_0
* Product family: virtex7
* Target device:  xc7vx690tffg1157-2


================================================================
== Performance Estimates
================================================================
+ Timing (ns): 
    * Summary: 
    +--------+-------+----------+------------+
    |  Clock | Target| Estimated| Uncertainty|
    +--------+-------+----------+------------+
    |ap_clk  |   5.00|      4.89|        1.35|
    +--------+-------+----------+------------+

+ Latency (clock cycles): 
    * Summary: 
    +-----+------+-----+------+---------+
    |   Latency  |  Interval  | Pipeline|
    | min |  max | min |  max |   Type  |
    +-----+------+-----+------+---------+
    |    1|  1168|    1|  1168|   none  |
    +-----+------+-----+------+---------+

    + Detail: 
        * Instance: 
        N/A

        * Loop: 
        +----------+------+------+----------+-----------+-----------+------+----------+
        |          |   Latency   | Iteration|  Initiation Interval  | Trip |          |
        | Loop Name|  min |  max |  Latency |  achieved |   target  | Count| Pipelined|
        +----------+------+------+----------+-----------+-----------+------+----------+
        |- Loop 1  |  1040|  1040|        19|          2|          1|   512|    yes   |
        +----------+------+------+----------+-----------+-----------+------+----------+



================================================================
== Utilization Estimates
================================================================
* Summary: 
+-----------------+---------+-------+--------+--------+
|       Name      | BRAM_18K| DSP48E|   FF   |   LUT  |
+-----------------+---------+-------+--------+--------+
|DSP              |        -|     32|       -|       -|
|Expression       |        -|      -|       0|     725|
|FIFO             |        -|      -|       -|       -|
|Instance         |        -|      -|     374|     374|
|Memory           |        -|      -|       -|       -|
|Multiplexer      |        -|      -|       -|     984|
|Register         |        -|      -|    1796|       9|
+-----------------+---------+-------+--------+--------+
|Total            |        0|     32|    2170|    2092|
+-----------------+---------+-------+--------+--------+
|Available        |     2940|   3600|  866400|  433200|
+-----------------+---------+-------+--------+--------+
|Utilization (%)  |        0|   ~0  |   ~0   |   ~0   |
+-----------------+---------+-------+--------+--------+

+ Detail: 
    * Instance: 
    +-------------------------------------+----------------------------------+---------+-------+-----+-----+
    |               Instance              |              Module              | BRAM_18K| DSP48E|  FF | LUT |
    +-------------------------------------+----------------------------------+---------+-------+-----+-----+
    |curved_kernel_urem_14ns_6ns_6_18_U1  |curved_kernel_urem_14ns_6ns_6_18  |        0|      0|  374|  374|
    +-------------------------------------+----------------------------------+---------+-------+-----+-----+
    |Total                                |                                  |        0|      0|  374|  374|
    +-------------------------------------+----------------------------------+---------+-------+-----+-----+

    * DSP48: 
    +------------------------------------------+--------------------------------------+-----------+
    |                 Instance                 |                Module                | Expression|
    +------------------------------------------+--------------------------------------+-----------+
    |curved_kernel_mul_mul_16ns_14ns_30_1_U2   |curved_kernel_mul_mul_16ns_14ns_30_1  |  i0 * i1  |
    |curved_kernel_mul_mul_16ns_14ns_30_1_U3   |curved_kernel_mul_mul_16ns_14ns_30_1  |  i0 * i1  |
    |curved_kernel_mul_mul_16ns_14ns_30_1_U4   |curved_kernel_mul_mul_16ns_14ns_30_1  |  i0 * i1  |
    |curved_kernel_mul_mul_16ns_14ns_30_1_U5   |curved_kernel_mul_mul_16ns_14ns_30_1  |  i0 * i1  |
    |curved_kernel_mul_mul_16ns_14ns_30_1_U6   |curved_kernel_mul_mul_16ns_14ns_30_1  |  i0 * i1  |
    |curved_kernel_mul_mul_16ns_14ns_30_1_U7   |curved_kernel_mul_mul_16ns_14ns_30_1  |  i0 * i1  |
    |curved_kernel_mul_mul_16ns_14ns_30_1_U8   |curved_kernel_mul_mul_16ns_14ns_30_1  |  i0 * i1  |
    |curved_kernel_mul_mul_16ns_14ns_30_1_U9   |curved_kernel_mul_mul_16ns_14ns_30_1  |  i0 * i1  |
    |curved_kernel_mul_mul_16ns_14ns_30_1_U10  |curved_kernel_mul_mul_16ns_14ns_30_1  |  i0 * i1  |
    |curved_kernel_mul_mul_16ns_14ns_30_1_U11  |curved_kernel_mul_mul_16ns_14ns_30_1  |  i0 * i1  |
    |curved_kernel_mul_mul_16ns_14ns_30_1_U12  |curved_kernel_mul_mul_16ns_14ns_30_1  |  i0 * i1  |
    |curved_kernel_mul_mul_16ns_14ns_30_1_U13  |curved_kernel_mul_mul_16ns_14ns_30_1  |  i0 * i1  |
    |curved_kernel_mul_mul_16ns_14ns_30_1_U14  |curved_kernel_mul_mul_16ns_14ns_30_1  |  i0 * i1  |
    |curved_kernel_mul_mul_16ns_14ns_30_1_U15  |curved_kernel_mul_mul_16ns_14ns_30_1  |  i0 * i1  |
    |curved_kernel_mul_mul_16ns_14ns_30_1_U16  |curved_kernel_mul_mul_16ns_14ns_30_1  |  i0 * i1  |
    |curved_kernel_mul_mul_16ns_14ns_30_1_U17  |curved_kernel_mul_mul_16ns_14ns_30_1  |  i0 * i1  |
    |curved_kernel_mul_mul_16ns_14ns_30_1_U18  |curved_kernel_mul_mul_16ns_14ns_30_1  |  i0 * i1  |
    |curved_kernel_mul_mul_16ns_14ns_30_1_U19  |curved_kernel_mul_mul_16ns_14ns_30_1  |  i0 * i1  |
    |curved_kernel_mul_mul_16ns_14ns_30_1_U20  |curved_kernel_mul_mul_16ns_14ns_30_1  |  i0 * i1  |
    |curved_kernel_mul_mul_16ns_14ns_30_1_U21  |curved_kernel_mul_mul_16ns_14ns_30_1  |  i0 * i1  |
    |curved_kernel_mul_mul_16ns_14ns_30_1_U22  |curved_kernel_mul_mul_16ns_14ns_30_1  |  i0 * i1  |
    |curved_kernel_mul_mul_16ns_14ns_30_1_U23  |curved_kernel_mul_mul_16ns_14ns_30_1  |  i0 * i1  |
    |curved_kernel_mul_mul_16ns_14ns_30_1_U24  |curved_kernel_mul_mul_16ns_14ns_30_1  |  i0 * i1  |
    |curved_kernel_mul_mul_16ns_14ns_30_1_U25  |curved_kernel_mul_mul_16ns_14ns_30_1  |  i0 * i1  |
    |curved_kernel_mul_mul_16ns_14ns_30_1_U26  |curved_kernel_mul_mul_16ns_14ns_30_1  |  i0 * i1  |
    |curved_kernel_mul_mul_16ns_14ns_30_1_U27  |curved_kernel_mul_mul_16ns_14ns_30_1  |  i0 * i1  |
    |curved_kernel_mul_mul_16ns_14ns_30_1_U28  |curved_kernel_mul_mul_16ns_14ns_30_1  |  i0 * i1  |
    |curved_kernel_mul_mul_16ns_14ns_30_1_U29  |curved_kernel_mul_mul_16ns_14ns_30_1  |  i0 * i1  |
    |curved_kernel_mul_mul_16ns_14ns_30_1_U30  |curved_kernel_mul_mul_16ns_14ns_30_1  |  i0 * i1  |
    |curved_kernel_mul_mul_16ns_14ns_30_1_U31  |curved_kernel_mul_mul_16ns_14ns_30_1  |  i0 * i1  |
    |curved_kernel_mul_mul_16ns_14ns_30_1_U32  |curved_kernel_mul_mul_16ns_14ns_30_1  |  i0 * i1  |
    |curved_kernel_mul_mul_16ns_14ns_30_1_U33  |curved_kernel_mul_mul_16ns_14ns_30_1  |  i0 * i1  |
    +------------------------------------------+--------------------------------------+-----------+

    * Memory: 
    N/A

    * FIFO: 
    N/A

    * Expression: 
    +-------------------+----------+-------+---+----+------------+------------+
    |   Variable Name   | Operation| DSP48E| FF| LUT| Bitwidth P0| Bitwidth P1|
    +-------------------+----------+-------+---+----+------------+------------+
    |i_2_fu_1257_p2     |     +    |      0|  0|  10|          10|           1|
    |sum_fu_1235_p2     |     +    |      0|  0|  59|          59|          59|
    |tmp_8_fu_1251_p2   |   icmp   |      0|  0|   4|          10|          11|
    |ap_enable_pp0      |    or    |      0|  0|   1|           1|           1|
    |sum_10_fu_1560_p2  |    or    |      0|  0|  21|          14|           4|
    |sum_11_fu_1579_p2  |    or    |      0|  0|  21|          14|           4|
    |sum_12_fu_1598_p2  |    or    |      0|  0|  21|          14|           4|
    |sum_13_fu_1617_p2  |    or    |      0|  0|  21|          14|           4|
    |sum_14_fu_1636_p2  |    or    |      0|  0|  21|          14|           4|
    |sum_15_fu_1281_p2  |    or    |      0|  0|  21|          14|           5|
    |sum_16_fu_1290_p2  |    or    |      0|  0|  21|          14|           5|
    |sum_17_fu_1299_p2  |    or    |      0|  0|  21|          14|           5|
    |sum_18_fu_1308_p2  |    or    |      0|  0|  21|          14|           5|
    |sum_19_fu_1317_p2  |    or    |      0|  0|  21|          14|           5|
    |sum_1_fu_1389_p2   |    or    |      0|  0|  21|          14|           2|
    |sum_20_fu_1326_p2  |    or    |      0|  0|  21|          14|           5|
    |sum_21_fu_1335_p2  |    or    |      0|  0|  21|          14|           5|
    |sum_22_fu_1344_p2  |    or    |      0|  0|  21|          14|           5|
    |sum_23_fu_2281_p2  |    or    |      0|  0|  21|          14|           5|
    |sum_24_fu_2290_p2  |    or    |      0|  0|  21|          14|           5|
    |sum_25_fu_2299_p2  |    or    |      0|  0|  21|          14|           5|
    |sum_26_fu_2308_p2  |    or    |      0|  0|  21|          14|           5|
    |sum_27_fu_2317_p2  |    or    |      0|  0|  21|          14|           5|
    |sum_28_fu_2326_p2  |    or    |      0|  0|  21|          14|           5|
    |sum_29_fu_2335_p2  |    or    |      0|  0|  21|          14|           5|
    |sum_2_fu_1408_p2   |    or    |      0|  0|  21|          14|           2|
    |sum_30_fu_2344_p2  |    or    |      0|  0|  21|          14|           5|
    |sum_3_fu_1427_p2   |    or    |      0|  0|  21|          14|           3|
    |sum_4_fu_1446_p2   |    or    |      0|  0|  21|          14|           3|
    |sum_5_fu_1465_p2   |    or    |      0|  0|  21|          14|           3|
    |sum_6_fu_1484_p2   |    or    |      0|  0|  21|          14|           3|
    |sum_7_fu_1503_p2   |    or    |      0|  0|  21|          14|           4|
    |sum_8_fu_1522_p2   |    or    |      0|  0|  21|          14|           4|
    |sum_9_fu_1541_p2   |    or    |      0|  0|  21|          14|           4|
    |sum_s_fu_1370_p2   |    or    |      0|  0|  21|          14|           1|
    +-------------------+----------+-------+---+----+------------+------------+
    |Total              |          |      0|  0| 725|         514|         201|
    +-------------------+----------+-------+---+----+------------+------------+

    * Multiplexer: 
    +-------------------------------------+-----+-----------+-----+-----------+
    |                 Name                | LUT | Input Size| Bits| Total Bits|
    +-------------------------------------+-----+-----------+-----+-----------+
    |ap_NS_fsm                            |  336|        131|    1|        131|
    |ap_enable_reg_pp0_iter9              |    1|          2|    1|          2|
    |ap_sig_ioackin_m_axi_from_V_ARREADY  |    1|          2|    1|          2|
    |from_V_blk_n_AR                      |    1|          2|    1|          2|
    |from_V_blk_n_R                       |    1|          2|    1|          2|
    |i_phi_fu_1212_p4                     |   10|          2|   10|         20|
    |i_reg_1208                           |   10|          2|   10|         20|
    |to_0_address0                        |   10|          5|   10|         50|
    |to_0_d0                              |   16|          5|   16|         80|
    |to_10_address0                       |   10|          5|   10|         50|
    |to_10_d0                             |   16|          5|   16|         80|
    |to_11_address0                       |   10|          5|   10|         50|
    |to_11_d0                             |   16|          5|   16|         80|
    |to_12_address0                       |   10|          5|   10|         50|
    |to_12_d0                             |   16|          5|   16|         80|
    |to_13_address0                       |   10|          5|   10|         50|
    |to_13_d0                             |   16|          5|   16|         80|
    |to_14_address0                       |   10|          5|   10|         50|
    |to_14_d0                             |   16|          5|   16|         80|
    |to_15_address0                       |   10|          5|   10|         50|
    |to_15_d0                             |   16|          5|   16|         80|
    |to_16_address0                       |   10|          5|   10|         50|
    |to_16_d0                             |   16|          5|   16|         80|
    |to_17_address0                       |   10|          5|   10|         50|
    |to_17_d0                             |   16|          5|   16|         80|
    |to_18_address0                       |   10|          5|   10|         50|
    |to_18_d0                             |   16|          5|   16|         80|
    |to_19_address0                       |   10|          5|   10|         50|
    |to_19_d0                             |   16|          5|   16|         80|
    |to_1_address0                        |   10|          5|   10|         50|
    |to_1_d0                              |   16|          5|   16|         80|
    |to_20_address0                       |   10|          5|   10|         50|
    |to_20_d0                             |   16|          5|   16|         80|
    |to_21_address0                       |   10|          5|   10|         50|
    |to_21_d0                             |   16|          5|   16|         80|
    |to_22_address0                       |   10|          5|   10|         50|
    |to_22_d0                             |   16|          5|   16|         80|
    |to_23_address0                       |   10|          5|   10|         50|
    |to_23_d0                             |   16|          5|   16|         80|
    |to_2_address0                        |   10|          5|   10|         50|
    |to_2_d0                              |   16|          5|   16|         80|
    |to_3_address0                        |   10|          5|   10|         50|
    |to_3_d0                              |   16|          5|   16|         80|
    |to_4_address0                        |   10|          5|   10|         50|
    |to_4_d0                              |   16|          5|   16|         80|
    |to_5_address0                        |   10|          5|   10|         50|
    |to_5_d0                              |   16|          5|   16|         80|
    |to_6_address0                        |   10|          5|   10|         50|
    |to_6_d0                              |   16|          5|   16|         80|
    |to_7_address0                        |   10|          5|   10|         50|
    |to_7_d0                              |   16|          5|   16|         80|
    |to_8_address0                        |   10|          5|   10|         50|
    |to_8_d0                              |   16|          5|   16|         80|
    |to_9_address0                        |   10|          5|   10|         50|
    |to_9_d0                              |   16|          5|   16|         80|
    +-------------------------------------+-----+-----------+-----+-----------+
    |Total                                |  984|        383|  649|       3299|
    +-------------------------------------+-----+-----------+-----+-----------+

    * Register: 
    +-------------------------------------+-----+----+-----+-----------+
    |                 Name                |  FF | LUT| Bits| Const Bits|
    +-------------------------------------+-----+----+-----+-----------+
    |ap_CS_fsm                            |  130|   0|  130|          0|
    |ap_enable_reg_pp0_iter0              |    1|   0|    1|          0|
    |ap_enable_reg_pp0_iter1              |    1|   0|    1|          0|
    |ap_enable_reg_pp0_iter2              |    1|   0|    1|          0|
    |ap_enable_reg_pp0_iter3              |    1|   0|    1|          0|
    |ap_enable_reg_pp0_iter4              |    1|   0|    1|          0|
    |ap_enable_reg_pp0_iter5              |    1|   0|    1|          0|
    |ap_enable_reg_pp0_iter6              |    1|   0|    1|          0|
    |ap_enable_reg_pp0_iter7              |    1|   0|    1|          0|
    |ap_enable_reg_pp0_iter8              |    1|   0|    1|          0|
    |ap_enable_reg_pp0_iter9              |    1|   0|    1|          0|
    |ap_reg_ioackin_m_axi_from_V_ARREADY  |    1|   0|    1|          0|
    |i_2_reg_2724                         |   10|   0|   10|          0|
    |i_reg_1208                           |   10|   0|   10|          0|
    |mul11_reg_3174                       |   30|   0|   30|          0|
    |mul14_reg_3169                       |   30|   0|   30|          0|
    |mul17_reg_3164                       |   30|   0|   30|          0|
    |mul20_reg_3159                       |   30|   0|   30|          0|
    |mul21_reg_2813                       |   30|   0|   30|          0|
    |mul22_reg_2825                       |   30|   0|   30|          0|
    |mul23_reg_3154                       |   30|   0|   30|          0|
    |mul24_reg_2837                       |   30|   0|   30|          0|
    |mul25_reg_2849                       |   30|   0|   30|          0|
    |mul26_reg_2801                       |   30|   0|   30|          0|
    |mul27_reg_2861                       |   30|   0|   30|          0|
    |mul28_reg_2873                       |   30|   0|   30|          0|
    |mul29_reg_2796                       |   30|   0|   30|          0|
    |mul30_reg_2885                       |   30|   0|   30|          0|
    |mul31_reg_2897                       |   30|   0|   30|          0|
    |mul32_reg_2791                       |   30|   0|   30|          0|
    |mul33_reg_2909                       |   30|   0|   30|          0|
    |mul34_reg_2921                       |   30|   0|   30|          0|
    |mul35_reg_2786                       |   30|   0|   30|          0|
    |mul36_reg_2933                       |   30|   0|   30|          0|
    |mul37_reg_2945                       |   30|   0|   30|          0|
    |mul38_reg_2781                       |   30|   0|   30|          0|
    |mul39_reg_2957                       |   30|   0|   30|          0|
    |mul40_reg_2969                       |   30|   0|   30|          0|
    |mul41_reg_2776                       |   30|   0|   30|          0|
    |mul42_reg_2981                       |   30|   0|   30|          0|
    |mul43_reg_2993                       |   30|   0|   30|          0|
    |mul44_reg_2771                       |   30|   0|   30|          0|
    |mul45_reg_2766                       |   30|   0|   30|          0|
    |mul5_reg_3184                        |   30|   0|   30|          0|
    |mul8_reg_3179                        |   30|   0|   30|          0|
    |mul_reg_3189                         |   30|   0|   30|          0|
    |p_Result_10_reg_2938                 |   16|   0|   16|          0|
    |p_Result_11_reg_2950                 |   16|   0|   16|          0|
    |p_Result_12_reg_2962                 |   16|   0|   16|          0|
    |p_Result_13_reg_2974                 |   16|   0|   16|          0|
    |p_Result_14_reg_2986                 |   16|   0|   16|          0|
    |p_Result_15_reg_2998                 |   16|   0|   16|          0|
    |p_Result_16_reg_3010                 |   16|   0|   16|          0|
    |p_Result_17_reg_3022                 |   16|   0|   16|          0|
    |p_Result_18_reg_3034                 |   16|   0|   16|          0|
    |p_Result_19_reg_3046                 |   16|   0|   16|          0|
    |p_Result_1_reg_2818                  |   16|   0|   16|          0|
    |p_Result_20_reg_3058                 |   16|   0|   16|          0|
    |p_Result_21_reg_3070                 |   16|   0|   16|          0|
    |p_Result_22_reg_3082                 |   16|   0|   16|          0|
    |p_Result_23_reg_3094                 |   16|   0|   16|          0|
    |p_Result_24_reg_3101                 |   16|   0|   16|          0|
    |p_Result_25_reg_3108                 |   16|   0|   16|          0|
    |p_Result_26_reg_3115                 |   16|   0|   16|          0|
    |p_Result_27_reg_3122                 |   16|   0|   16|          0|
    |p_Result_28_reg_3129                 |   16|   0|   16|          0|
    |p_Result_29_reg_3136                 |   16|   0|   16|          0|
    |p_Result_2_reg_2830                  |   16|   0|   16|          0|
    |p_Result_30_reg_3143                 |   16|   0|   16|          0|
    |p_Result_3_reg_2842                  |   16|   0|   16|          0|
    |p_Result_4_reg_2854                  |   16|   0|   16|          0|
    |p_Result_5_reg_2866                  |   16|   0|   16|          0|
    |p_Result_6_reg_2878                  |   16|   0|   16|          0|
    |p_Result_7_reg_2890                  |   16|   0|   16|          0|
    |p_Result_8_reg_2902                  |   16|   0|   16|          0|
    |p_Result_9_reg_2914                  |   16|   0|   16|          0|
    |p_Result_s_reg_2926                  |   16|   0|   16|          0|
    |sum_reg_2709                         |   59|   0|   59|          0|
    |tmp_26_reg_2806                      |   16|   0|   16|          0|
    |tmp_27_reg_3150                      |    6|   0|    6|          0|
    |tmp_44_reg_3005                      |   11|   0|   11|          0|
    |tmp_45_reg_3017                      |   11|   0|   11|          0|
    |tmp_46_reg_3029                      |   11|   0|   11|          0|
    |tmp_47_reg_3041                      |   11|   0|   11|          0|
    |tmp_48_reg_3053                      |   11|   0|   11|          0|
    |tmp_49_reg_3065                      |   11|   0|   11|          0|
    |tmp_50_reg_3077                      |   11|   0|   11|          0|
    |tmp_51_reg_3089                      |   11|   0|   11|          0|
    |tmp_5_reg_2729                       |    9|   0|   14|          5|
    |tmp_8_reg_2720                       |    1|   0|    1|          0|
    |tmp_5_reg_2729                       |    0|   9|   14|          5|
    +-------------------------------------+-----+----+-----+-----------+
    |Total                                | 1796|   9| 1815|         10|
    +-------------------------------------+-----+----+-----+-----------+



================================================================
== Interface
================================================================
* Summary: 
+-----------------------+-----+-----+------------+--------------+--------------+
|       RTL Ports       | Dir | Bits|  Protocol  | Source Object|    C Type    |
+-----------------------+-----+-----+------------+--------------+--------------+
|ap_clk                 |  in |    1| ap_ctrl_hs |     load     | return value |
|ap_rst                 |  in |    1| ap_ctrl_hs |     load     | return value |
|ap_start               |  in |    1| ap_ctrl_hs |     load     | return value |
|ap_done                | out |    1| ap_ctrl_hs |     load     | return value |
|ap_idle                | out |    1| ap_ctrl_hs |     load     | return value |
|ap_ready               | out |    1| ap_ctrl_hs |     load     | return value |
|load_flag              |  in |    1|   ap_none  |   load_flag  |    scalar    |
|to_0_address0          | out |   10|  ap_memory |     to_0     |     array    |
|to_0_ce0               | out |    1|  ap_memory |     to_0     |     array    |
|to_0_we0               | out |    1|  ap_memory |     to_0     |     array    |
|to_0_d0                | out |   16|  ap_memory |     to_0     |     array    |
|to_1_address0          | out |   10|  ap_memory |     to_1     |     array    |
|to_1_ce0               | out |    1|  ap_memory |     to_1     |     array    |
|to_1_we0               | out |    1|  ap_memory |     to_1     |     array    |
|to_1_d0                | out |   16|  ap_memory |     to_1     |     array    |
|to_2_address0          | out |   10|  ap_memory |     to_2     |     array    |
|to_2_ce0               | out |    1|  ap_memory |     to_2     |     array    |
|to_2_we0               | out |    1|  ap_memory |     to_2     |     array    |
|to_2_d0                | out |   16|  ap_memory |     to_2     |     array    |
|to_3_address0          | out |   10|  ap_memory |     to_3     |     array    |
|to_3_ce0               | out |    1|  ap_memory |     to_3     |     array    |
|to_3_we0               | out |    1|  ap_memory |     to_3     |     array    |
|to_3_d0                | out |   16|  ap_memory |     to_3     |     array    |
|to_4_address0          | out |   10|  ap_memory |     to_4     |     array    |
|to_4_ce0               | out |    1|  ap_memory |     to_4     |     array    |
|to_4_we0               | out |    1|  ap_memory |     to_4     |     array    |
|to_4_d0                | out |   16|  ap_memory |     to_4     |     array    |
|to_5_address0          | out |   10|  ap_memory |     to_5     |     array    |
|to_5_ce0               | out |    1|  ap_memory |     to_5     |     array    |
|to_5_we0               | out |    1|  ap_memory |     to_5     |     array    |
|to_5_d0                | out |   16|  ap_memory |     to_5     |     array    |
|to_6_address0          | out |   10|  ap_memory |     to_6     |     array    |
|to_6_ce0               | out |    1|  ap_memory |     to_6     |     array    |
|to_6_we0               | out |    1|  ap_memory |     to_6     |     array    |
|to_6_d0                | out |   16|  ap_memory |     to_6     |     array    |
|to_7_address0          | out |   10|  ap_memory |     to_7     |     array    |
|to_7_ce0               | out |    1|  ap_memory |     to_7     |     array    |
|to_7_we0               | out |    1|  ap_memory |     to_7     |     array    |
|to_7_d0                | out |   16|  ap_memory |     to_7     |     array    |
|to_8_address0          | out |   10|  ap_memory |     to_8     |     array    |
|to_8_ce0               | out |    1|  ap_memory |     to_8     |     array    |
|to_8_we0               | out |    1|  ap_memory |     to_8     |     array    |
|to_8_d0                | out |   16|  ap_memory |     to_8     |     array    |
|to_9_address0          | out |   10|  ap_memory |     to_9     |     array    |
|to_9_ce0               | out |    1|  ap_memory |     to_9     |     array    |
|to_9_we0               | out |    1|  ap_memory |     to_9     |     array    |
|to_9_d0                | out |   16|  ap_memory |     to_9     |     array    |
|to_10_address0         | out |   10|  ap_memory |     to_10    |     array    |
|to_10_ce0              | out |    1|  ap_memory |     to_10    |     array    |
|to_10_we0              | out |    1|  ap_memory |     to_10    |     array    |
|to_10_d0               | out |   16|  ap_memory |     to_10    |     array    |
|to_11_address0         | out |   10|  ap_memory |     to_11    |     array    |
|to_11_ce0              | out |    1|  ap_memory |     to_11    |     array    |
|to_11_we0              | out |    1|  ap_memory |     to_11    |     array    |
|to_11_d0               | out |   16|  ap_memory |     to_11    |     array    |
|to_12_address0         | out |   10|  ap_memory |     to_12    |     array    |
|to_12_ce0              | out |    1|  ap_memory |     to_12    |     array    |
|to_12_we0              | out |    1|  ap_memory |     to_12    |     array    |
|to_12_d0               | out |   16|  ap_memory |     to_12    |     array    |
|to_13_address0         | out |   10|  ap_memory |     to_13    |     array    |
|to_13_ce0              | out |    1|  ap_memory |     to_13    |     array    |
|to_13_we0              | out |    1|  ap_memory |     to_13    |     array    |
|to_13_d0               | out |   16|  ap_memory |     to_13    |     array    |
|to_14_address0         | out |   10|  ap_memory |     to_14    |     array    |
|to_14_ce0              | out |    1|  ap_memory |     to_14    |     array    |
|to_14_we0              | out |    1|  ap_memory |     to_14    |     array    |
|to_14_d0               | out |   16|  ap_memory |     to_14    |     array    |
|to_15_address0         | out |   10|  ap_memory |     to_15    |     array    |
|to_15_ce0              | out |    1|  ap_memory |     to_15    |     array    |
|to_15_we0              | out |    1|  ap_memory |     to_15    |     array    |
|to_15_d0               | out |   16|  ap_memory |     to_15    |     array    |
|to_16_address0         | out |   10|  ap_memory |     to_16    |     array    |
|to_16_ce0              | out |    1|  ap_memory |     to_16    |     array    |
|to_16_we0              | out |    1|  ap_memory |     to_16    |     array    |
|to_16_d0               | out |   16|  ap_memory |     to_16    |     array    |
|to_17_address0         | out |   10|  ap_memory |     to_17    |     array    |
|to_17_ce0              | out |    1|  ap_memory |     to_17    |     array    |
|to_17_we0              | out |    1|  ap_memory |     to_17    |     array    |
|to_17_d0               | out |   16|  ap_memory |     to_17    |     array    |
|to_18_address0         | out |   10|  ap_memory |     to_18    |     array    |
|to_18_ce0              | out |    1|  ap_memory |     to_18    |     array    |
|to_18_we0              | out |    1|  ap_memory |     to_18    |     array    |
|to_18_d0               | out |   16|  ap_memory |     to_18    |     array    |
|to_19_address0         | out |   10|  ap_memory |     to_19    |     array    |
|to_19_ce0              | out |    1|  ap_memory |     to_19    |     array    |
|to_19_we0              | out |    1|  ap_memory |     to_19    |     array    |
|to_19_d0               | out |   16|  ap_memory |     to_19    |     array    |
|to_20_address0         | out |   10|  ap_memory |     to_20    |     array    |
|to_20_ce0              | out |    1|  ap_memory |     to_20    |     array    |
|to_20_we0              | out |    1|  ap_memory |     to_20    |     array    |
|to_20_d0               | out |   16|  ap_memory |     to_20    |     array    |
|to_21_address0         | out |   10|  ap_memory |     to_21    |     array    |
|to_21_ce0              | out |    1|  ap_memory |     to_21    |     array    |
|to_21_we0              | out |    1|  ap_memory |     to_21    |     array    |
|to_21_d0               | out |   16|  ap_memory |     to_21    |     array    |
|to_22_address0         | out |   10|  ap_memory |     to_22    |     array    |
|to_22_ce0              | out |    1|  ap_memory |     to_22    |     array    |
|to_22_we0              | out |    1|  ap_memory |     to_22    |     array    |
|to_22_d0               | out |   16|  ap_memory |     to_22    |     array    |
|to_23_address0         | out |   10|  ap_memory |     to_23    |     array    |
|to_23_ce0              | out |    1|  ap_memory |     to_23    |     array    |
|to_23_we0              | out |    1|  ap_memory |     to_23    |     array    |
|to_23_d0               | out |   16|  ap_memory |     to_23    |     array    |
|m_axi_from_V_AWVALID   | out |    1|    m_axi   |    from_V    |    pointer   |
|m_axi_from_V_AWREADY   |  in |    1|    m_axi   |    from_V    |    pointer   |
|m_axi_from_V_AWADDR    | out |   64|    m_axi   |    from_V    |    pointer   |
|m_axi_from_V_AWID      | out |    1|    m_axi   |    from_V    |    pointer   |
|m_axi_from_V_AWLEN     | out |   32|    m_axi   |    from_V    |    pointer   |
|m_axi_from_V_AWSIZE    | out |    3|    m_axi   |    from_V    |    pointer   |
|m_axi_from_V_AWBURST   | out |    2|    m_axi   |    from_V    |    pointer   |
|m_axi_from_V_AWLOCK    | out |    2|    m_axi   |    from_V    |    pointer   |
|m_axi_from_V_AWCACHE   | out |    4|    m_axi   |    from_V    |    pointer   |
|m_axi_from_V_AWPROT    | out |    3|    m_axi   |    from_V    |    pointer   |
|m_axi_from_V_AWQOS     | out |    4|    m_axi   |    from_V    |    pointer   |
|m_axi_from_V_AWREGION  | out |    4|    m_axi   |    from_V    |    pointer   |
|m_axi_from_V_AWUSER    | out |    1|    m_axi   |    from_V    |    pointer   |
|m_axi_from_V_WVALID    | out |    1|    m_axi   |    from_V    |    pointer   |
|m_axi_from_V_WREADY    |  in |    1|    m_axi   |    from_V    |    pointer   |
|m_axi_from_V_WDATA     | out |  512|    m_axi   |    from_V    |    pointer   |
|m_axi_from_V_WSTRB     | out |   64|    m_axi   |    from_V    |    pointer   |
|m_axi_from_V_WLAST     | out |    1|    m_axi   |    from_V    |    pointer   |
|m_axi_from_V_WID       | out |    1|    m_axi   |    from_V    |    pointer   |
|m_axi_from_V_WUSER     | out |    1|    m_axi   |    from_V    |    pointer   |
|m_axi_from_V_ARVALID   | out |    1|    m_axi   |    from_V    |    pointer   |
|m_axi_from_V_ARREADY   |  in |    1|    m_axi   |    from_V    |    pointer   |
|m_axi_from_V_ARADDR    | out |   64|    m_axi   |    from_V    |    pointer   |
|m_axi_from_V_ARID      | out |    1|    m_axi   |    from_V    |    pointer   |
|m_axi_from_V_ARLEN     | out |   32|    m_axi   |    from_V    |    pointer   |
|m_axi_from_V_ARSIZE    | out |    3|    m_axi   |    from_V    |    pointer   |
|m_axi_from_V_ARBURST   | out |    2|    m_axi   |    from_V    |    pointer   |
|m_axi_from_V_ARLOCK    | out |    2|    m_axi   |    from_V    |    pointer   |
|m_axi_from_V_ARCACHE   | out |    4|    m_axi   |    from_V    |    pointer   |
|m_axi_from_V_ARPROT    | out |    3|    m_axi   |    from_V    |    pointer   |
|m_axi_from_V_ARQOS     | out |    4|    m_axi   |    from_V    |    pointer   |
|m_axi_from_V_ARREGION  | out |    4|    m_axi   |    from_V    |    pointer   |
|m_axi_from_V_ARUSER    | out |    1|    m_axi   |    from_V    |    pointer   |
|m_axi_from_V_RVALID    |  in |    1|    m_axi   |    from_V    |    pointer   |
|m_axi_from_V_RREADY    | out |    1|    m_axi   |    from_V    |    pointer   |
|m_axi_from_V_RDATA     |  in |  512|    m_axi   |    from_V    |    pointer   |
|m_axi_from_V_RLAST     |  in |    1|    m_axi   |    from_V    |    pointer   |
|m_axi_from_V_RID       |  in |    1|    m_axi   |    from_V    |    pointer   |
|m_axi_from_V_RUSER     |  in |    1|    m_axi   |    from_V    |    pointer   |
|m_axi_from_V_RRESP     |  in |    2|    m_axi   |    from_V    |    pointer   |
|m_axi_from_V_BVALID    |  in |    1|    m_axi   |    from_V    |    pointer   |
|m_axi_from_V_BREADY    | out |    1|    m_axi   |    from_V    |    pointer   |
|m_axi_from_V_BRESP     |  in |    2|    m_axi   |    from_V    |    pointer   |
|m_axi_from_V_BID       |  in |    1|    m_axi   |    from_V    |    pointer   |
|m_axi_from_V_BUSER     |  in |    1|    m_axi   |    from_V    |    pointer   |
|var_input_V7           |  in |   58|   ap_none  | var_input_V7 |    scalar    |
|tile_index             |  in |   31|   ap_none  |  tile_index  |    scalar    |
+-----------------------+-----+-----+------------+--------------+--------------+

