

================================================================
== Vivado HLS Report for 'store'
================================================================
* Date:           Sat Apr 15 19:32:25 2017

* Version:        2016.3 (Build 1721985 on Tue Nov 29 18:45:36 MST 2016)
* Project:        curved_kernel
* Solution:       solution_OCL_REGION_0
* Product family: virtex7
* Target device:  xc7vx690tffg1157-2


================================================================
== Performance Estimates
================================================================
+ Timing (ns): 
    * Summary: 
    +--------+-------+----------+------------+
    |  Clock | Target| Estimated| Uncertainty|
    +--------+-------+----------+------------+
    |ap_clk  |   5.00|      3.65|        1.35|
    +--------+-------+----------+------------+

+ Latency (clock cycles): 
    * Summary: 
    +-----+-----+-----+-----+---------+
    |  Latency  |  Interval | Pipeline|
    | min | max | min | max |   Type  |
    +-----+-----+-----+-----+---------+
    |    1|  321|    1|  321|   none  |
    +-----+-----+-----+-----+---------+

    + Detail: 
        * Instance: 
        N/A

        * Loop: 
        +----------+-----+-----+----------+-----------+-----------+------+----------+
        |          |  Latency  | Iteration|  Initiation Interval  | Trip |          |
        | Loop Name| min | max |  Latency |  achieved |   target  | Count| Pipelined|
        +----------+-----+-----+----------+-----------+-----------+------+----------+
        |- Loop 1  |  194|  194|         4|          1|          1|   192|    yes   |
        +----------+-----+-----+----------+-----------+-----------+------+----------+



================================================================
== Utilization Estimates
================================================================
* Summary: 
+-----------------+---------+-------+--------+--------+
|       Name      | BRAM_18K| DSP48E|   FF   |   LUT  |
+-----------------+---------+-------+--------+--------+
|DSP              |        -|      -|       -|       -|
|Expression       |        -|      -|       0|     434|
|FIFO             |        -|      -|       -|       -|
|Instance         |        -|      -|       0|   17408|
|Memory           |        -|      -|       -|       -|
|Multiplexer      |        -|      -|       -|     350|
|Register         |        -|      -|    2289|       1|
+-----------------+---------+-------+--------+--------+
|Total            |        0|      0|    2289|   18193|
+-----------------+---------+-------+--------+--------+
|Available        |     2940|   3600|  866400|  433200|
+-----------------+---------+-------+--------+--------+
|Utilization (%)  |        0|      0|   ~0   |       4|
+-----------------+---------+-------+--------+--------+

+ Detail: 
    * Instance: 
    +---------------------------------+---------------------------+---------+-------+---+-----+
    |             Instance            |           Module          | BRAM_18K| DSP48E| FF| LUT |
    +---------------------------------+---------------------------+---------+-------+---+-----+
    |curved_kernel_mux_32_8_1_U944    |curved_kernel_mux_32_8_1   |        0|      0|  0|  272|
    |curved_kernel_mux_967_8_1_U945   |curved_kernel_mux_967_8_1  |        0|      0|  0|  272|
    |curved_kernel_mux_967_8_1_U946   |curved_kernel_mux_967_8_1  |        0|      0|  0|  272|
    |curved_kernel_mux_967_8_1_U947   |curved_kernel_mux_967_8_1  |        0|      0|  0|  272|
    |curved_kernel_mux_967_8_1_U948   |curved_kernel_mux_967_8_1  |        0|      0|  0|  272|
    |curved_kernel_mux_967_8_1_U949   |curved_kernel_mux_967_8_1  |        0|      0|  0|  272|
    |curved_kernel_mux_967_8_1_U950   |curved_kernel_mux_967_8_1  |        0|      0|  0|  272|
    |curved_kernel_mux_967_8_1_U951   |curved_kernel_mux_967_8_1  |        0|      0|  0|  272|
    |curved_kernel_mux_967_8_1_U952   |curved_kernel_mux_967_8_1  |        0|      0|  0|  272|
    |curved_kernel_mux_967_8_1_U953   |curved_kernel_mux_967_8_1  |        0|      0|  0|  272|
    |curved_kernel_mux_967_8_1_U954   |curved_kernel_mux_967_8_1  |        0|      0|  0|  272|
    |curved_kernel_mux_967_8_1_U955   |curved_kernel_mux_967_8_1  |        0|      0|  0|  272|
    |curved_kernel_mux_967_8_1_U956   |curved_kernel_mux_967_8_1  |        0|      0|  0|  272|
    |curved_kernel_mux_967_8_1_U957   |curved_kernel_mux_967_8_1  |        0|      0|  0|  272|
    |curved_kernel_mux_967_8_1_U958   |curved_kernel_mux_967_8_1  |        0|      0|  0|  272|
    |curved_kernel_mux_967_8_1_U959   |curved_kernel_mux_967_8_1  |        0|      0|  0|  272|
    |curved_kernel_mux_967_8_1_U960   |curved_kernel_mux_967_8_1  |        0|      0|  0|  272|
    |curved_kernel_mux_967_8_1_U961   |curved_kernel_mux_967_8_1  |        0|      0|  0|  272|
    |curved_kernel_mux_967_8_1_U962   |curved_kernel_mux_967_8_1  |        0|      0|  0|  272|
    |curved_kernel_mux_967_8_1_U963   |curved_kernel_mux_967_8_1  |        0|      0|  0|  272|
    |curved_kernel_mux_967_8_1_U964   |curved_kernel_mux_967_8_1  |        0|      0|  0|  272|
    |curved_kernel_mux_967_8_1_U965   |curved_kernel_mux_967_8_1  |        0|      0|  0|  272|
    |curved_kernel_mux_967_8_1_U966   |curved_kernel_mux_967_8_1  |        0|      0|  0|  272|
    |curved_kernel_mux_967_8_1_U967   |curved_kernel_mux_967_8_1  |        0|      0|  0|  272|
    |curved_kernel_mux_967_8_1_U968   |curved_kernel_mux_967_8_1  |        0|      0|  0|  272|
    |curved_kernel_mux_967_8_1_U969   |curved_kernel_mux_967_8_1  |        0|      0|  0|  272|
    |curved_kernel_mux_967_8_1_U970   |curved_kernel_mux_967_8_1  |        0|      0|  0|  272|
    |curved_kernel_mux_967_8_1_U971   |curved_kernel_mux_967_8_1  |        0|      0|  0|  272|
    |curved_kernel_mux_967_8_1_U972   |curved_kernel_mux_967_8_1  |        0|      0|  0|  272|
    |curved_kernel_mux_967_8_1_U973   |curved_kernel_mux_967_8_1  |        0|      0|  0|  272|
    |curved_kernel_mux_967_8_1_U974   |curved_kernel_mux_967_8_1  |        0|      0|  0|  272|
    |curved_kernel_mux_967_8_1_U975   |curved_kernel_mux_967_8_1  |        0|      0|  0|  272|
    |curved_kernel_mux_967_8_1_U976   |curved_kernel_mux_967_8_1  |        0|      0|  0|  272|
    |curved_kernel_mux_967_8_1_U977   |curved_kernel_mux_967_8_1  |        0|      0|  0|  272|
    |curved_kernel_mux_967_8_1_U978   |curved_kernel_mux_967_8_1  |        0|      0|  0|  272|
    |curved_kernel_mux_967_8_1_U979   |curved_kernel_mux_967_8_1  |        0|      0|  0|  272|
    |curved_kernel_mux_967_8_1_U980   |curved_kernel_mux_967_8_1  |        0|      0|  0|  272|
    |curved_kernel_mux_967_8_1_U981   |curved_kernel_mux_967_8_1  |        0|      0|  0|  272|
    |curved_kernel_mux_967_8_1_U982   |curved_kernel_mux_967_8_1  |        0|      0|  0|  272|
    |curved_kernel_mux_967_8_1_U983   |curved_kernel_mux_967_8_1  |        0|      0|  0|  272|
    |curved_kernel_mux_967_8_1_U984   |curved_kernel_mux_967_8_1  |        0|      0|  0|  272|
    |curved_kernel_mux_967_8_1_U985   |curved_kernel_mux_967_8_1  |        0|      0|  0|  272|
    |curved_kernel_mux_967_8_1_U986   |curved_kernel_mux_967_8_1  |        0|      0|  0|  272|
    |curved_kernel_mux_967_8_1_U987   |curved_kernel_mux_967_8_1  |        0|      0|  0|  272|
    |curved_kernel_mux_967_8_1_U988   |curved_kernel_mux_967_8_1  |        0|      0|  0|  272|
    |curved_kernel_mux_967_8_1_U989   |curved_kernel_mux_967_8_1  |        0|      0|  0|  272|
    |curved_kernel_mux_967_8_1_U990   |curved_kernel_mux_967_8_1  |        0|      0|  0|  272|
    |curved_kernel_mux_967_8_1_U991   |curved_kernel_mux_967_8_1  |        0|      0|  0|  272|
    |curved_kernel_mux_967_8_1_U992   |curved_kernel_mux_967_8_1  |        0|      0|  0|  272|
    |curved_kernel_mux_967_8_1_U993   |curved_kernel_mux_967_8_1  |        0|      0|  0|  272|
    |curved_kernel_mux_967_8_1_U994   |curved_kernel_mux_967_8_1  |        0|      0|  0|  272|
    |curved_kernel_mux_967_8_1_U995   |curved_kernel_mux_967_8_1  |        0|      0|  0|  272|
    |curved_kernel_mux_967_8_1_U996   |curved_kernel_mux_967_8_1  |        0|      0|  0|  272|
    |curved_kernel_mux_967_8_1_U997   |curved_kernel_mux_967_8_1  |        0|      0|  0|  272|
    |curved_kernel_mux_967_8_1_U998   |curved_kernel_mux_967_8_1  |        0|      0|  0|  272|
    |curved_kernel_mux_967_8_1_U999   |curved_kernel_mux_967_8_1  |        0|      0|  0|  272|
    |curved_kernel_mux_967_8_1_U1000  |curved_kernel_mux_967_8_1  |        0|      0|  0|  272|
    |curved_kernel_mux_967_8_1_U1001  |curved_kernel_mux_967_8_1  |        0|      0|  0|  272|
    |curved_kernel_mux_967_8_1_U1002  |curved_kernel_mux_967_8_1  |        0|      0|  0|  272|
    |curved_kernel_mux_967_8_1_U1003  |curved_kernel_mux_967_8_1  |        0|      0|  0|  272|
    |curved_kernel_mux_967_8_1_U1004  |curved_kernel_mux_967_8_1  |        0|      0|  0|  272|
    |curved_kernel_mux_967_8_1_U1005  |curved_kernel_mux_967_8_1  |        0|      0|  0|  272|
    |curved_kernel_mux_967_8_1_U1006  |curved_kernel_mux_967_8_1  |        0|      0|  0|  272|
    |curved_kernel_mux_967_8_1_U1007  |curved_kernel_mux_967_8_1  |        0|      0|  0|  272|
    +---------------------------------+---------------------------+---------+-------+---+-----+
    |Total                            |                           |        0|      0|  0|17408|
    +---------------------------------+---------------------------+---------+-------+---+-----+

    * DSP48: 
    N/A

    * Memory: 
    N/A

    * FIFO: 
    N/A

    * Expression: 
    +----------------------+----------+-------+---+----+------------+------------+
    |     Variable Name    | Operation| DSP48E| FF| LUT| Bitwidth P0| Bitwidth P1|
    +----------------------+----------+-------+---+----+------------+------------+
    |i_1_fu_2646_p2        |     +    |      0|  0|   8|           8|           1|
    |sum_fu_2624_p2        |     +    |      0|  0|  60|          60|          60|
    |tmp_1_fu_2612_p2      |     -    |      0|  0|  40|          40|          40|
    |ap_block_state131     |    and   |      0|  0|   1|           1|           1|
    |ap_block_state7_io    |    and   |      0|  0|   1|           1|           1|
    |tmp_2_fu_2640_p2      |   icmp   |      0|  0|   3|           8|           8|
    |ap_enable_pp0         |    or    |      0|  0|   1|           1|           1|
    |newIndex1_fu_2774_p2  |    or    |      0|  0|  10|           7|           1|
    |tmp_10_fu_3111_p2     |    or    |      0|  0|  10|           7|           2|
    |tmp_12_fu_3219_p2     |    or    |      0|  0|  10|           7|           3|
    |tmp_14_fu_3327_p2     |    or    |      0|  0|  10|           7|           3|
    |tmp_16_fu_3435_p2     |    or    |      0|  0|  10|           7|           3|
    |tmp_18_fu_3543_p2     |    or    |      0|  0|  10|           7|           3|
    |tmp_20_fu_3651_p2     |    or    |      0|  0|  10|           7|           4|
    |tmp_22_fu_3759_p2     |    or    |      0|  0|  10|           7|           4|
    |tmp_24_fu_3867_p2     |    or    |      0|  0|  10|           7|           4|
    |tmp_26_fu_3975_p2     |    or    |      0|  0|  10|           7|           4|
    |tmp_28_fu_4083_p2     |    or    |      0|  0|  10|           7|           4|
    |tmp_30_fu_4191_p2     |    or    |      0|  0|  10|           7|           4|
    |tmp_32_fu_4299_p2     |    or    |      0|  0|  10|           7|           4|
    |tmp_34_fu_4407_p2     |    or    |      0|  0|  10|           7|           4|
    |tmp_36_fu_4515_p2     |    or    |      0|  0|  10|           7|           5|
    |tmp_38_fu_4623_p2     |    or    |      0|  0|  10|           7|           5|
    |tmp_40_fu_4731_p2     |    or    |      0|  0|  10|           7|           5|
    |tmp_42_fu_4839_p2     |    or    |      0|  0|  10|           7|           5|
    |tmp_44_fu_4947_p2     |    or    |      0|  0|  10|           7|           5|
    |tmp_46_fu_5055_p2     |    or    |      0|  0|  10|           7|           5|
    |tmp_48_fu_5163_p2     |    or    |      0|  0|  10|           7|           5|
    |tmp_50_fu_5271_p2     |    or    |      0|  0|  10|           7|           5|
    |tmp_52_fu_5379_p2     |    or    |      0|  0|  10|           7|           5|
    |tmp_54_fu_5487_p2     |    or    |      0|  0|  10|           7|           5|
    |tmp_56_fu_5595_p2     |    or    |      0|  0|  10|           7|           5|
    |tmp_58_fu_5703_p2     |    or    |      0|  0|  10|           7|           5|
    |tmp_5_fu_3003_p2      |    or    |      0|  0|  10|           7|           2|
    |tmp_60_fu_5811_p2     |    or    |      0|  0|  10|           7|           5|
    |tmp_62_fu_5919_p2     |    or    |      0|  0|  10|           7|           5|
    |tmp_64_fu_6027_p2     |    or    |      0|  0|  10|           7|           5|
    |tmp_66_fu_6135_p2     |    or    |      0|  0|  10|           7|           5|
    |tmp_7_fu_2895_p2      |    or    |      0|  0|  10|           7|           1|
    +----------------------+----------+-------+---+----+------------+------------+
    |Total                 |          |      0|  0| 434|         343|         242|
    +----------------------+----------+-------+---+----+------------+------------+

    * Multiplexer: 
    +-----------------------------------+-----+-----------+-----+-----------+
    |                Name               | LUT | Input Size| Bits| Total Bits|
    +-----------------------------------+-----+-----------+-----+-----------+
    |ap_NS_fsm                          |  336|        129|    1|        129|
    |ap_enable_reg_pp0_iter3            |    1|          2|    1|          2|
    |ap_sig_ioackin_m_axi_to_V_AWREADY  |    1|          2|    1|          2|
    |ap_sig_ioackin_m_axi_to_V_WREADY   |    1|          2|    1|          2|
    |i_reg_2581                         |    8|          2|    8|         16|
    |to_V_blk_n_AW                      |    1|          2|    1|          2|
    |to_V_blk_n_B                       |    1|          2|    1|          2|
    |to_V_blk_n_W                       |    1|          2|    1|          2|
    +-----------------------------------+-----+-----------+-----+-----------+
    |Total                              |  350|        143|   15|        157|
    +-----------------------------------+-----+-----------+-----+-----------+

    * Register: 
    +----------------------------------------+-----+----+-----+-----------+
    |                  Name                  |  FF | LUT| Bits| Const Bits|
    +----------------------------------------+-----+----+-----+-----------+
    |ap_CS_fsm                               |  128|   0|  128|          0|
    |ap_enable_reg_pp0_iter0                 |    1|   0|    1|          0|
    |ap_enable_reg_pp0_iter1                 |    1|   0|    1|          0|
    |ap_enable_reg_pp0_iter2                 |    1|   0|    1|          0|
    |ap_enable_reg_pp0_iter3                 |    1|   0|    1|          0|
    |ap_pipeline_reg_pp0_iter1_p_t_reg_9609  |    2|   0|    2|          0|
    |ap_reg_ioackin_m_axi_to_V_AWREADY       |    1|   0|    1|          0|
    |ap_reg_ioackin_m_axi_to_V_WREADY        |    1|   0|    1|          0|
    |from_0_0_load_1_reg_13938               |    8|   0|    8|          0|
    |from_0_0_load_reg_10575                 |    8|   0|    8|          0|
    |from_0_10_load_1_reg_14298              |    8|   0|    8|          0|
    |from_0_10_load_reg_10998                |    8|   0|    8|          0|
    |from_0_11_load_1_reg_14334              |    8|   0|    8|          0|
    |from_0_11_load_reg_11033                |    8|   0|    8|          0|
    |from_0_12_load_1_reg_14370              |    8|   0|    8|          0|
    |from_0_12_load_reg_11068                |    8|   0|    8|          0|
    |from_0_13_load_1_reg_14406              |    8|   0|    8|          0|
    |from_0_13_load_reg_11103                |    8|   0|    8|          0|
    |from_0_14_load_1_reg_14442              |    8|   0|    8|          0|
    |from_0_14_load_reg_11138                |    8|   0|    8|          0|
    |from_0_15_load_1_reg_14478              |    8|   0|    8|          0|
    |from_0_15_load_reg_11173                |    8|   0|    8|          0|
    |from_0_16_load_1_reg_14514              |    8|   0|    8|          0|
    |from_0_16_load_reg_11208                |    8|   0|    8|          0|
    |from_0_17_load_1_reg_14550              |    8|   0|    8|          0|
    |from_0_17_load_reg_11243                |    8|   0|    8|          0|
    |from_0_18_load_1_reg_14586              |    8|   0|    8|          0|
    |from_0_18_load_reg_11278                |    8|   0|    8|          0|
    |from_0_19_load_1_reg_14622              |    8|   0|    8|          0|
    |from_0_19_load_reg_11313                |    8|   0|    8|          0|
    |from_0_1_load_1_reg_13974               |    8|   0|    8|          0|
    |from_0_1_load_reg_10683                 |    8|   0|    8|          0|
    |from_0_20_load_1_reg_14658              |    8|   0|    8|          0|
    |from_0_20_load_reg_11348                |    8|   0|    8|          0|
    |from_0_21_load_1_reg_14694              |    8|   0|    8|          0|
    |from_0_21_load_reg_11383                |    8|   0|    8|          0|
    |from_0_22_load_1_reg_14730              |    8|   0|    8|          0|
    |from_0_22_load_reg_11418                |    8|   0|    8|          0|
    |from_0_23_load_1_reg_14766              |    8|   0|    8|          0|
    |from_0_23_load_reg_11453                |    8|   0|    8|          0|
    |from_0_24_load_1_reg_14802              |    8|   0|    8|          0|
    |from_0_24_load_reg_11488                |    8|   0|    8|          0|
    |from_0_25_load_1_reg_14838              |    8|   0|    8|          0|
    |from_0_25_load_reg_11523                |    8|   0|    8|          0|
    |from_0_26_load_1_reg_14874              |    8|   0|    8|          0|
    |from_0_26_load_reg_11558                |    8|   0|    8|          0|
    |from_0_27_load_1_reg_14910              |    8|   0|    8|          0|
    |from_0_27_load_reg_11593                |    8|   0|    8|          0|
    |from_0_28_load_1_reg_14946              |    8|   0|    8|          0|
    |from_0_28_load_reg_11628                |    8|   0|    8|          0|
    |from_0_29_load_1_reg_14982              |    8|   0|    8|          0|
    |from_0_29_load_reg_11663                |    8|   0|    8|          0|
    |from_0_2_load_1_reg_14010               |    8|   0|    8|          0|
    |from_0_2_load_reg_10718                 |    8|   0|    8|          0|
    |from_0_30_load_1_reg_15018              |    8|   0|    8|          0|
    |from_0_30_load_reg_11698                |    8|   0|    8|          0|
    |from_0_31_load_1_reg_15054              |    8|   0|    8|          0|
    |from_0_31_load_reg_11733                |    8|   0|    8|          0|
    |from_0_3_load_1_reg_14046               |    8|   0|    8|          0|
    |from_0_3_load_reg_10753                 |    8|   0|    8|          0|
    |from_0_4_load_1_reg_14082               |    8|   0|    8|          0|
    |from_0_4_load_reg_10788                 |    8|   0|    8|          0|
    |from_0_5_load_1_reg_14118               |    8|   0|    8|          0|
    |from_0_5_load_reg_10823                 |    8|   0|    8|          0|
    |from_0_6_load_1_reg_14154               |    8|   0|    8|          0|
    |from_0_6_load_reg_10858                 |    8|   0|    8|          0|
    |from_0_7_load_1_reg_14190               |    8|   0|    8|          0|
    |from_0_7_load_reg_10893                 |    8|   0|    8|          0|
    |from_0_8_load_1_reg_14226               |    8|   0|    8|          0|
    |from_0_8_load_reg_10928                 |    8|   0|    8|          0|
    |from_0_9_load_1_reg_14262               |    8|   0|    8|          0|
    |from_0_9_load_reg_10963                 |    8|   0|    8|          0|
    |from_1_0_load_1_reg_15090               |    8|   0|    8|          0|
    |from_1_0_load_reg_10611                 |    8|   0|    8|          0|
    |from_1_10_load_1_reg_15450              |    8|   0|    8|          0|
    |from_1_10_load_reg_12083                |    8|   0|    8|          0|
    |from_1_11_load_1_reg_15486              |    8|   0|    8|          0|
    |from_1_11_load_reg_12118                |    8|   0|    8|          0|
    |from_1_12_load_1_reg_15522              |    8|   0|    8|          0|
    |from_1_12_load_reg_12153                |    8|   0|    8|          0|
    |from_1_13_load_1_reg_15558              |    8|   0|    8|          0|
    |from_1_13_load_reg_12188                |    8|   0|    8|          0|
    |from_1_14_load_1_reg_15594              |    8|   0|    8|          0|
    |from_1_14_load_reg_12223                |    8|   0|    8|          0|
    |from_1_15_load_1_reg_15630              |    8|   0|    8|          0|
    |from_1_15_load_reg_12258                |    8|   0|    8|          0|
    |from_1_16_load_1_reg_15666              |    8|   0|    8|          0|
    |from_1_16_load_reg_12293                |    8|   0|    8|          0|
    |from_1_17_load_1_reg_15702              |    8|   0|    8|          0|
    |from_1_17_load_reg_12328                |    8|   0|    8|          0|
    |from_1_18_load_1_reg_15738              |    8|   0|    8|          0|
    |from_1_18_load_reg_12363                |    8|   0|    8|          0|
    |from_1_19_load_1_reg_15774              |    8|   0|    8|          0|
    |from_1_19_load_reg_12398                |    8|   0|    8|          0|
    |from_1_1_load_1_reg_15126               |    8|   0|    8|          0|
    |from_1_1_load_reg_11768                 |    8|   0|    8|          0|
    |from_1_20_load_1_reg_15810              |    8|   0|    8|          0|
    |from_1_20_load_reg_12433                |    8|   0|    8|          0|
    |from_1_21_load_1_reg_15846              |    8|   0|    8|          0|
    |from_1_21_load_reg_12468                |    8|   0|    8|          0|
    |from_1_22_load_1_reg_15882              |    8|   0|    8|          0|
    |from_1_22_load_reg_12503                |    8|   0|    8|          0|
    |from_1_23_load_1_reg_15918              |    8|   0|    8|          0|
    |from_1_23_load_reg_12538                |    8|   0|    8|          0|
    |from_1_24_load_1_reg_15954              |    8|   0|    8|          0|
    |from_1_24_load_reg_12573                |    8|   0|    8|          0|
    |from_1_25_load_1_reg_15990              |    8|   0|    8|          0|
    |from_1_25_load_reg_12608                |    8|   0|    8|          0|
    |from_1_26_load_1_reg_16026              |    8|   0|    8|          0|
    |from_1_26_load_reg_12643                |    8|   0|    8|          0|
    |from_1_27_load_1_reg_16062              |    8|   0|    8|          0|
    |from_1_27_load_reg_12678                |    8|   0|    8|          0|
    |from_1_28_load_1_reg_16098              |    8|   0|    8|          0|
    |from_1_28_load_reg_12713                |    8|   0|    8|          0|
    |from_1_29_load_1_reg_16134              |    8|   0|    8|          0|
    |from_1_29_load_reg_12748                |    8|   0|    8|          0|
    |from_1_2_load_1_reg_15162               |    8|   0|    8|          0|
    |from_1_2_load_reg_11803                 |    8|   0|    8|          0|
    |from_1_30_load_1_reg_16170              |    8|   0|    8|          0|
    |from_1_30_load_reg_12783                |    8|   0|    8|          0|
    |from_1_31_load_1_reg_16206              |    8|   0|    8|          0|
    |from_1_31_load_reg_12818                |    8|   0|    8|          0|
    |from_1_3_load_1_reg_15198               |    8|   0|    8|          0|
    |from_1_3_load_reg_11838                 |    8|   0|    8|          0|
    |from_1_4_load_1_reg_15234               |    8|   0|    8|          0|
    |from_1_4_load_reg_11873                 |    8|   0|    8|          0|
    |from_1_5_load_1_reg_15270               |    8|   0|    8|          0|
    |from_1_5_load_reg_11908                 |    8|   0|    8|          0|
    |from_1_6_load_1_reg_15306               |    8|   0|    8|          0|
    |from_1_6_load_reg_11943                 |    8|   0|    8|          0|
    |from_1_7_load_1_reg_15342               |    8|   0|    8|          0|
    |from_1_7_load_reg_11978                 |    8|   0|    8|          0|
    |from_1_8_load_1_reg_15378               |    8|   0|    8|          0|
    |from_1_8_load_reg_12013                 |    8|   0|    8|          0|
    |from_1_9_load_1_reg_15414               |    8|   0|    8|          0|
    |from_1_9_load_reg_12048                 |    8|   0|    8|          0|
    |from_2_0_load_1_reg_16242               |    8|   0|    8|          0|
    |from_2_0_load_reg_10647                 |    8|   0|    8|          0|
    |from_2_10_load_1_reg_16602              |    8|   0|    8|          0|
    |from_2_10_load_reg_13168                |    8|   0|    8|          0|
    |from_2_11_load_1_reg_16638              |    8|   0|    8|          0|
    |from_2_11_load_reg_13203                |    8|   0|    8|          0|
    |from_2_12_load_1_reg_16674              |    8|   0|    8|          0|
    |from_2_12_load_reg_13238                |    8|   0|    8|          0|
    |from_2_13_load_1_reg_16710              |    8|   0|    8|          0|
    |from_2_13_load_reg_13273                |    8|   0|    8|          0|
    |from_2_14_load_1_reg_16746              |    8|   0|    8|          0|
    |from_2_14_load_reg_13308                |    8|   0|    8|          0|
    |from_2_15_load_1_reg_16782              |    8|   0|    8|          0|
    |from_2_15_load_reg_13343                |    8|   0|    8|          0|
    |from_2_16_load_1_reg_16818              |    8|   0|    8|          0|
    |from_2_16_load_reg_13378                |    8|   0|    8|          0|
    |from_2_17_load_1_reg_16854              |    8|   0|    8|          0|
    |from_2_17_load_reg_13413                |    8|   0|    8|          0|
    |from_2_18_load_1_reg_16890              |    8|   0|    8|          0|
    |from_2_18_load_reg_13448                |    8|   0|    8|          0|
    |from_2_19_load_1_reg_16926              |    8|   0|    8|          0|
    |from_2_19_load_reg_13483                |    8|   0|    8|          0|
    |from_2_1_load_1_reg_16278               |    8|   0|    8|          0|
    |from_2_1_load_reg_12853                 |    8|   0|    8|          0|
    |from_2_20_load_1_reg_16962              |    8|   0|    8|          0|
    |from_2_20_load_reg_13518                |    8|   0|    8|          0|
    |from_2_21_load_1_reg_16998              |    8|   0|    8|          0|
    |from_2_21_load_reg_13553                |    8|   0|    8|          0|
    |from_2_22_load_1_reg_17034              |    8|   0|    8|          0|
    |from_2_22_load_reg_13588                |    8|   0|    8|          0|
    |from_2_23_load_1_reg_17070              |    8|   0|    8|          0|
    |from_2_23_load_reg_13623                |    8|   0|    8|          0|
    |from_2_24_load_1_reg_17106              |    8|   0|    8|          0|
    |from_2_24_load_reg_13658                |    8|   0|    8|          0|
    |from_2_25_load_1_reg_17142              |    8|   0|    8|          0|
    |from_2_25_load_reg_13693                |    8|   0|    8|          0|
    |from_2_26_load_1_reg_17178              |    8|   0|    8|          0|
    |from_2_26_load_reg_13728                |    8|   0|    8|          0|
    |from_2_27_load_1_reg_17214              |    8|   0|    8|          0|
    |from_2_27_load_reg_13763                |    8|   0|    8|          0|
    |from_2_28_load_1_reg_17250              |    8|   0|    8|          0|
    |from_2_28_load_reg_13798                |    8|   0|    8|          0|
    |from_2_29_load_1_reg_17286              |    8|   0|    8|          0|
    |from_2_29_load_reg_13833                |    8|   0|    8|          0|
    |from_2_2_load_1_reg_16314               |    8|   0|    8|          0|
    |from_2_2_load_reg_12888                 |    8|   0|    8|          0|
    |from_2_30_load_1_reg_17322              |    8|   0|    8|          0|
    |from_2_30_load_reg_13868                |    8|   0|    8|          0|
    |from_2_31_load_1_reg_17358              |    8|   0|    8|          0|
    |from_2_31_load_reg_13903                |    8|   0|    8|          0|
    |from_2_3_load_1_reg_16350               |    8|   0|    8|          0|
    |from_2_3_load_reg_12923                 |    8|   0|    8|          0|
    |from_2_4_load_1_reg_16386               |    8|   0|    8|          0|
    |from_2_4_load_reg_12958                 |    8|   0|    8|          0|
    |from_2_5_load_1_reg_16422               |    8|   0|    8|          0|
    |from_2_5_load_reg_12993                 |    8|   0|    8|          0|
    |from_2_6_load_1_reg_16458               |    8|   0|    8|          0|
    |from_2_6_load_reg_13028                 |    8|   0|    8|          0|
    |from_2_7_load_1_reg_16494               |    8|   0|    8|          0|
    |from_2_7_load_reg_13063                 |    8|   0|    8|          0|
    |from_2_8_load_1_reg_16530               |    8|   0|    8|          0|
    |from_2_8_load_reg_13098                 |    8|   0|    8|          0|
    |from_2_9_load_1_reg_16566               |    8|   0|    8|          0|
    |from_2_9_load_reg_13133                 |    8|   0|    8|          0|
    |i_reg_2581                              |    8|   0|    8|          0|
    |p_t_reg_9609                            |    2|   0|    2|          0|
    |sum_reg_9590                            |   60|   0|   60|          0|
    |tmp_11_reg_17409                        |    8|   0|    8|          0|
    |tmp_13_reg_17414                        |    8|   0|    8|          0|
    |tmp_15_reg_17419                        |    8|   0|    8|          0|
    |tmp_17_reg_17424                        |    8|   0|    8|          0|
    |tmp_19_reg_17429                        |    8|   0|    8|          0|
    |tmp_1_reg_9585                          |   34|   0|   40|          6|
    |tmp_21_reg_17434                        |    8|   0|    8|          0|
    |tmp_23_reg_17439                        |    8|   0|    8|          0|
    |tmp_25_reg_17444                        |    8|   0|    8|          0|
    |tmp_27_reg_17449                        |    8|   0|    8|          0|
    |tmp_29_reg_17454                        |    8|   0|    8|          0|
    |tmp_2_reg_9600                          |    1|   0|    1|          0|
    |tmp_31_reg_17459                        |    8|   0|    8|          0|
    |tmp_33_reg_17464                        |    8|   0|    8|          0|
    |tmp_35_reg_17469                        |    8|   0|    8|          0|
    |tmp_37_reg_17474                        |    8|   0|    8|          0|
    |tmp_39_reg_17479                        |    8|   0|    8|          0|
    |tmp_3_reg_17399                         |    8|   0|    8|          0|
    |tmp_41_reg_17484                        |    8|   0|    8|          0|
    |tmp_43_reg_17489                        |    8|   0|    8|          0|
    |tmp_45_reg_17494                        |    8|   0|    8|          0|
    |tmp_47_reg_17499                        |    8|   0|    8|          0|
    |tmp_49_reg_17504                        |    8|   0|    8|          0|
    |tmp_51_reg_17509                        |    8|   0|    8|          0|
    |tmp_53_reg_17514                        |    8|   0|    8|          0|
    |tmp_55_reg_17519                        |    8|   0|    8|          0|
    |tmp_57_reg_17524                        |    8|   0|    8|          0|
    |tmp_59_reg_17529                        |    8|   0|    8|          0|
    |tmp_61_reg_17534                        |    8|   0|    8|          0|
    |tmp_63_reg_17539                        |    8|   0|    8|          0|
    |tmp_65_reg_17544                        |    8|   0|    8|          0|
    |tmp_67_reg_17549                        |    8|   0|    8|          0|
    |tmp_68_reg_17554                        |    8|   0|    8|          0|
    |tmp_69_reg_17559                        |    8|   0|    8|          0|
    |tmp_70_reg_17564                        |    8|   0|    8|          0|
    |tmp_71_reg_17569                        |    8|   0|    8|          0|
    |tmp_72_reg_17574                        |    8|   0|    8|          0|
    |tmp_73_reg_17579                        |    8|   0|    8|          0|
    |tmp_74_reg_17584                        |    8|   0|    8|          0|
    |tmp_75_reg_17589                        |    8|   0|    8|          0|
    |tmp_76_reg_17594                        |    8|   0|    8|          0|
    |tmp_77_reg_17599                        |    8|   0|    8|          0|
    |tmp_78_reg_17604                        |    8|   0|    8|          0|
    |tmp_79_reg_17609                        |    8|   0|    8|          0|
    |tmp_80_reg_17614                        |    8|   0|    8|          0|
    |tmp_81_reg_17619                        |    8|   0|    8|          0|
    |tmp_82_reg_17624                        |    8|   0|    8|          0|
    |tmp_83_reg_17629                        |    8|   0|    8|          0|
    |tmp_84_reg_17634                        |    8|   0|    8|          0|
    |tmp_85_reg_17639                        |    8|   0|    8|          0|
    |tmp_86_reg_17644                        |    8|   0|    8|          0|
    |tmp_87_reg_17649                        |    8|   0|    8|          0|
    |tmp_88_reg_17654                        |    8|   0|    8|          0|
    |tmp_89_reg_17659                        |    8|   0|    8|          0|
    |tmp_8_reg_17394                         |    8|   0|    8|          0|
    |tmp_90_reg_17664                        |    8|   0|    8|          0|
    |tmp_91_reg_17669                        |    8|   0|    8|          0|
    |tmp_92_reg_17674                        |    8|   0|    8|          0|
    |tmp_93_reg_17679                        |    8|   0|    8|          0|
    |tmp_94_reg_17684                        |    8|   0|    8|          0|
    |tmp_95_reg_17689                        |    8|   0|    8|          0|
    |tmp_96_reg_17694                        |    8|   0|    8|          0|
    |tmp_97_reg_17699                        |    8|   0|    8|          0|
    |tmp_98_reg_17704                        |    8|   0|    8|          0|
    |tmp_99_reg_17709                        |    8|   0|    8|          0|
    |tmp_9_reg_17404                         |    8|   0|    8|          0|
    |tmp_2_reg_9600                          |    0|   1|    1|          0|
    +----------------------------------------+-----+----+-----+-----------+
    |Total                                   | 2289|   1| 2296|          6|
    +----------------------------------------+-----+----+-----+-----------+



================================================================
== Interface
================================================================
* Summary: 
+---------------------+-----+-----+------------+------------------+--------------+
|      RTL Ports      | Dir | Bits|  Protocol  |   Source Object  |    C Type    |
+---------------------+-----+-----+------------+------------------+--------------+
|ap_clk               |  in |    1| ap_ctrl_hs |       store      | return value |
|ap_rst               |  in |    1| ap_ctrl_hs |       store      | return value |
|ap_start             |  in |    1| ap_ctrl_hs |       store      | return value |
|ap_done              | out |    1| ap_ctrl_hs |       store      | return value |
|ap_idle              | out |    1| ap_ctrl_hs |       store      | return value |
|ap_ready             | out |    1| ap_ctrl_hs |       store      | return value |
|store_flag           |  in |    1|   ap_none  |    store_flag    |    scalar    |
|m_axi_to_V_AWVALID   | out |    1|    m_axi   |       to_V       |    pointer   |
|m_axi_to_V_AWREADY   |  in |    1|    m_axi   |       to_V       |    pointer   |
|m_axi_to_V_AWADDR    | out |   64|    m_axi   |       to_V       |    pointer   |
|m_axi_to_V_AWID      | out |    1|    m_axi   |       to_V       |    pointer   |
|m_axi_to_V_AWLEN     | out |   32|    m_axi   |       to_V       |    pointer   |
|m_axi_to_V_AWSIZE    | out |    3|    m_axi   |       to_V       |    pointer   |
|m_axi_to_V_AWBURST   | out |    2|    m_axi   |       to_V       |    pointer   |
|m_axi_to_V_AWLOCK    | out |    2|    m_axi   |       to_V       |    pointer   |
|m_axi_to_V_AWCACHE   | out |    4|    m_axi   |       to_V       |    pointer   |
|m_axi_to_V_AWPROT    | out |    3|    m_axi   |       to_V       |    pointer   |
|m_axi_to_V_AWQOS     | out |    4|    m_axi   |       to_V       |    pointer   |
|m_axi_to_V_AWREGION  | out |    4|    m_axi   |       to_V       |    pointer   |
|m_axi_to_V_AWUSER    | out |    1|    m_axi   |       to_V       |    pointer   |
|m_axi_to_V_WVALID    | out |    1|    m_axi   |       to_V       |    pointer   |
|m_axi_to_V_WREADY    |  in |    1|    m_axi   |       to_V       |    pointer   |
|m_axi_to_V_WDATA     | out |  512|    m_axi   |       to_V       |    pointer   |
|m_axi_to_V_WSTRB     | out |   64|    m_axi   |       to_V       |    pointer   |
|m_axi_to_V_WLAST     | out |    1|    m_axi   |       to_V       |    pointer   |
|m_axi_to_V_WID       | out |    1|    m_axi   |       to_V       |    pointer   |
|m_axi_to_V_WUSER     | out |    1|    m_axi   |       to_V       |    pointer   |
|m_axi_to_V_ARVALID   | out |    1|    m_axi   |       to_V       |    pointer   |
|m_axi_to_V_ARREADY   |  in |    1|    m_axi   |       to_V       |    pointer   |
|m_axi_to_V_ARADDR    | out |   64|    m_axi   |       to_V       |    pointer   |
|m_axi_to_V_ARID      | out |    1|    m_axi   |       to_V       |    pointer   |
|m_axi_to_V_ARLEN     | out |   32|    m_axi   |       to_V       |    pointer   |
|m_axi_to_V_ARSIZE    | out |    3|    m_axi   |       to_V       |    pointer   |
|m_axi_to_V_ARBURST   | out |    2|    m_axi   |       to_V       |    pointer   |
|m_axi_to_V_ARLOCK    | out |    2|    m_axi   |       to_V       |    pointer   |
|m_axi_to_V_ARCACHE   | out |    4|    m_axi   |       to_V       |    pointer   |
|m_axi_to_V_ARPROT    | out |    3|    m_axi   |       to_V       |    pointer   |
|m_axi_to_V_ARQOS     | out |    4|    m_axi   |       to_V       |    pointer   |
|m_axi_to_V_ARREGION  | out |    4|    m_axi   |       to_V       |    pointer   |
|m_axi_to_V_ARUSER    | out |    1|    m_axi   |       to_V       |    pointer   |
|m_axi_to_V_RVALID    |  in |    1|    m_axi   |       to_V       |    pointer   |
|m_axi_to_V_RREADY    | out |    1|    m_axi   |       to_V       |    pointer   |
|m_axi_to_V_RDATA     |  in |  512|    m_axi   |       to_V       |    pointer   |
|m_axi_to_V_RLAST     |  in |    1|    m_axi   |       to_V       |    pointer   |
|m_axi_to_V_RID       |  in |    1|    m_axi   |       to_V       |    pointer   |
|m_axi_to_V_RUSER     |  in |    1|    m_axi   |       to_V       |    pointer   |
|m_axi_to_V_RRESP     |  in |    2|    m_axi   |       to_V       |    pointer   |
|m_axi_to_V_BVALID    |  in |    1|    m_axi   |       to_V       |    pointer   |
|m_axi_to_V_BREADY    | out |    1|    m_axi   |       to_V       |    pointer   |
|m_axi_to_V_BRESP     |  in |    2|    m_axi   |       to_V       |    pointer   |
|m_axi_to_V_BID       |  in |    1|    m_axi   |       to_V       |    pointer   |
|m_axi_to_V_BUSER     |  in |    1|    m_axi   |       to_V       |    pointer   |
|var_processed_V5     |  in |   58|   ap_none  | var_processed_V5 |    scalar    |
|from_0_0_address0    | out |    7|  ap_memory |     from_0_0     |     array    |
|from_0_0_ce0         | out |    1|  ap_memory |     from_0_0     |     array    |
|from_0_0_q0          |  in |    8|  ap_memory |     from_0_0     |     array    |
|from_0_0_address1    | out |    7|  ap_memory |     from_0_0     |     array    |
|from_0_0_ce1         | out |    1|  ap_memory |     from_0_0     |     array    |
|from_0_0_q1          |  in |    8|  ap_memory |     from_0_0     |     array    |
|from_0_1_address0    | out |    7|  ap_memory |     from_0_1     |     array    |
|from_0_1_ce0         | out |    1|  ap_memory |     from_0_1     |     array    |
|from_0_1_q0          |  in |    8|  ap_memory |     from_0_1     |     array    |
|from_0_1_address1    | out |    7|  ap_memory |     from_0_1     |     array    |
|from_0_1_ce1         | out |    1|  ap_memory |     from_0_1     |     array    |
|from_0_1_q1          |  in |    8|  ap_memory |     from_0_1     |     array    |
|from_0_2_address0    | out |    7|  ap_memory |     from_0_2     |     array    |
|from_0_2_ce0         | out |    1|  ap_memory |     from_0_2     |     array    |
|from_0_2_q0          |  in |    8|  ap_memory |     from_0_2     |     array    |
|from_0_2_address1    | out |    7|  ap_memory |     from_0_2     |     array    |
|from_0_2_ce1         | out |    1|  ap_memory |     from_0_2     |     array    |
|from_0_2_q1          |  in |    8|  ap_memory |     from_0_2     |     array    |
|from_0_3_address0    | out |    7|  ap_memory |     from_0_3     |     array    |
|from_0_3_ce0         | out |    1|  ap_memory |     from_0_3     |     array    |
|from_0_3_q0          |  in |    8|  ap_memory |     from_0_3     |     array    |
|from_0_3_address1    | out |    7|  ap_memory |     from_0_3     |     array    |
|from_0_3_ce1         | out |    1|  ap_memory |     from_0_3     |     array    |
|from_0_3_q1          |  in |    8|  ap_memory |     from_0_3     |     array    |
|from_0_4_address0    | out |    7|  ap_memory |     from_0_4     |     array    |
|from_0_4_ce0         | out |    1|  ap_memory |     from_0_4     |     array    |
|from_0_4_q0          |  in |    8|  ap_memory |     from_0_4     |     array    |
|from_0_4_address1    | out |    7|  ap_memory |     from_0_4     |     array    |
|from_0_4_ce1         | out |    1|  ap_memory |     from_0_4     |     array    |
|from_0_4_q1          |  in |    8|  ap_memory |     from_0_4     |     array    |
|from_0_5_address0    | out |    7|  ap_memory |     from_0_5     |     array    |
|from_0_5_ce0         | out |    1|  ap_memory |     from_0_5     |     array    |
|from_0_5_q0          |  in |    8|  ap_memory |     from_0_5     |     array    |
|from_0_5_address1    | out |    7|  ap_memory |     from_0_5     |     array    |
|from_0_5_ce1         | out |    1|  ap_memory |     from_0_5     |     array    |
|from_0_5_q1          |  in |    8|  ap_memory |     from_0_5     |     array    |
|from_0_6_address0    | out |    7|  ap_memory |     from_0_6     |     array    |
|from_0_6_ce0         | out |    1|  ap_memory |     from_0_6     |     array    |
|from_0_6_q0          |  in |    8|  ap_memory |     from_0_6     |     array    |
|from_0_6_address1    | out |    7|  ap_memory |     from_0_6     |     array    |
|from_0_6_ce1         | out |    1|  ap_memory |     from_0_6     |     array    |
|from_0_6_q1          |  in |    8|  ap_memory |     from_0_6     |     array    |
|from_0_7_address0    | out |    7|  ap_memory |     from_0_7     |     array    |
|from_0_7_ce0         | out |    1|  ap_memory |     from_0_7     |     array    |
|from_0_7_q0          |  in |    8|  ap_memory |     from_0_7     |     array    |
|from_0_7_address1    | out |    7|  ap_memory |     from_0_7     |     array    |
|from_0_7_ce1         | out |    1|  ap_memory |     from_0_7     |     array    |
|from_0_7_q1          |  in |    8|  ap_memory |     from_0_7     |     array    |
|from_0_8_address0    | out |    7|  ap_memory |     from_0_8     |     array    |
|from_0_8_ce0         | out |    1|  ap_memory |     from_0_8     |     array    |
|from_0_8_q0          |  in |    8|  ap_memory |     from_0_8     |     array    |
|from_0_8_address1    | out |    7|  ap_memory |     from_0_8     |     array    |
|from_0_8_ce1         | out |    1|  ap_memory |     from_0_8     |     array    |
|from_0_8_q1          |  in |    8|  ap_memory |     from_0_8     |     array    |
|from_0_9_address0    | out |    7|  ap_memory |     from_0_9     |     array    |
|from_0_9_ce0         | out |    1|  ap_memory |     from_0_9     |     array    |
|from_0_9_q0          |  in |    8|  ap_memory |     from_0_9     |     array    |
|from_0_9_address1    | out |    7|  ap_memory |     from_0_9     |     array    |
|from_0_9_ce1         | out |    1|  ap_memory |     from_0_9     |     array    |
|from_0_9_q1          |  in |    8|  ap_memory |     from_0_9     |     array    |
|from_0_10_address0   | out |    7|  ap_memory |     from_0_10    |     array    |
|from_0_10_ce0        | out |    1|  ap_memory |     from_0_10    |     array    |
|from_0_10_q0         |  in |    8|  ap_memory |     from_0_10    |     array    |
|from_0_10_address1   | out |    7|  ap_memory |     from_0_10    |     array    |
|from_0_10_ce1        | out |    1|  ap_memory |     from_0_10    |     array    |
|from_0_10_q1         |  in |    8|  ap_memory |     from_0_10    |     array    |
|from_0_11_address0   | out |    7|  ap_memory |     from_0_11    |     array    |
|from_0_11_ce0        | out |    1|  ap_memory |     from_0_11    |     array    |
|from_0_11_q0         |  in |    8|  ap_memory |     from_0_11    |     array    |
|from_0_11_address1   | out |    7|  ap_memory |     from_0_11    |     array    |
|from_0_11_ce1        | out |    1|  ap_memory |     from_0_11    |     array    |
|from_0_11_q1         |  in |    8|  ap_memory |     from_0_11    |     array    |
|from_0_12_address0   | out |    7|  ap_memory |     from_0_12    |     array    |
|from_0_12_ce0        | out |    1|  ap_memory |     from_0_12    |     array    |
|from_0_12_q0         |  in |    8|  ap_memory |     from_0_12    |     array    |
|from_0_12_address1   | out |    7|  ap_memory |     from_0_12    |     array    |
|from_0_12_ce1        | out |    1|  ap_memory |     from_0_12    |     array    |
|from_0_12_q1         |  in |    8|  ap_memory |     from_0_12    |     array    |
|from_0_13_address0   | out |    7|  ap_memory |     from_0_13    |     array    |
|from_0_13_ce0        | out |    1|  ap_memory |     from_0_13    |     array    |
|from_0_13_q0         |  in |    8|  ap_memory |     from_0_13    |     array    |
|from_0_13_address1   | out |    7|  ap_memory |     from_0_13    |     array    |
|from_0_13_ce1        | out |    1|  ap_memory |     from_0_13    |     array    |
|from_0_13_q1         |  in |    8|  ap_memory |     from_0_13    |     array    |
|from_0_14_address0   | out |    7|  ap_memory |     from_0_14    |     array    |
|from_0_14_ce0        | out |    1|  ap_memory |     from_0_14    |     array    |
|from_0_14_q0         |  in |    8|  ap_memory |     from_0_14    |     array    |
|from_0_14_address1   | out |    7|  ap_memory |     from_0_14    |     array    |
|from_0_14_ce1        | out |    1|  ap_memory |     from_0_14    |     array    |
|from_0_14_q1         |  in |    8|  ap_memory |     from_0_14    |     array    |
|from_0_15_address0   | out |    7|  ap_memory |     from_0_15    |     array    |
|from_0_15_ce0        | out |    1|  ap_memory |     from_0_15    |     array    |
|from_0_15_q0         |  in |    8|  ap_memory |     from_0_15    |     array    |
|from_0_15_address1   | out |    7|  ap_memory |     from_0_15    |     array    |
|from_0_15_ce1        | out |    1|  ap_memory |     from_0_15    |     array    |
|from_0_15_q1         |  in |    8|  ap_memory |     from_0_15    |     array    |
|from_0_16_address0   | out |    7|  ap_memory |     from_0_16    |     array    |
|from_0_16_ce0        | out |    1|  ap_memory |     from_0_16    |     array    |
|from_0_16_q0         |  in |    8|  ap_memory |     from_0_16    |     array    |
|from_0_16_address1   | out |    7|  ap_memory |     from_0_16    |     array    |
|from_0_16_ce1        | out |    1|  ap_memory |     from_0_16    |     array    |
|from_0_16_q1         |  in |    8|  ap_memory |     from_0_16    |     array    |
|from_0_17_address0   | out |    7|  ap_memory |     from_0_17    |     array    |
|from_0_17_ce0        | out |    1|  ap_memory |     from_0_17    |     array    |
|from_0_17_q0         |  in |    8|  ap_memory |     from_0_17    |     array    |
|from_0_17_address1   | out |    7|  ap_memory |     from_0_17    |     array    |
|from_0_17_ce1        | out |    1|  ap_memory |     from_0_17    |     array    |
|from_0_17_q1         |  in |    8|  ap_memory |     from_0_17    |     array    |
|from_0_18_address0   | out |    7|  ap_memory |     from_0_18    |     array    |
|from_0_18_ce0        | out |    1|  ap_memory |     from_0_18    |     array    |
|from_0_18_q0         |  in |    8|  ap_memory |     from_0_18    |     array    |
|from_0_18_address1   | out |    7|  ap_memory |     from_0_18    |     array    |
|from_0_18_ce1        | out |    1|  ap_memory |     from_0_18    |     array    |
|from_0_18_q1         |  in |    8|  ap_memory |     from_0_18    |     array    |
|from_0_19_address0   | out |    7|  ap_memory |     from_0_19    |     array    |
|from_0_19_ce0        | out |    1|  ap_memory |     from_0_19    |     array    |
|from_0_19_q0         |  in |    8|  ap_memory |     from_0_19    |     array    |
|from_0_19_address1   | out |    7|  ap_memory |     from_0_19    |     array    |
|from_0_19_ce1        | out |    1|  ap_memory |     from_0_19    |     array    |
|from_0_19_q1         |  in |    8|  ap_memory |     from_0_19    |     array    |
|from_0_20_address0   | out |    7|  ap_memory |     from_0_20    |     array    |
|from_0_20_ce0        | out |    1|  ap_memory |     from_0_20    |     array    |
|from_0_20_q0         |  in |    8|  ap_memory |     from_0_20    |     array    |
|from_0_20_address1   | out |    7|  ap_memory |     from_0_20    |     array    |
|from_0_20_ce1        | out |    1|  ap_memory |     from_0_20    |     array    |
|from_0_20_q1         |  in |    8|  ap_memory |     from_0_20    |     array    |
|from_0_21_address0   | out |    7|  ap_memory |     from_0_21    |     array    |
|from_0_21_ce0        | out |    1|  ap_memory |     from_0_21    |     array    |
|from_0_21_q0         |  in |    8|  ap_memory |     from_0_21    |     array    |
|from_0_21_address1   | out |    7|  ap_memory |     from_0_21    |     array    |
|from_0_21_ce1        | out |    1|  ap_memory |     from_0_21    |     array    |
|from_0_21_q1         |  in |    8|  ap_memory |     from_0_21    |     array    |
|from_0_22_address0   | out |    7|  ap_memory |     from_0_22    |     array    |
|from_0_22_ce0        | out |    1|  ap_memory |     from_0_22    |     array    |
|from_0_22_q0         |  in |    8|  ap_memory |     from_0_22    |     array    |
|from_0_22_address1   | out |    7|  ap_memory |     from_0_22    |     array    |
|from_0_22_ce1        | out |    1|  ap_memory |     from_0_22    |     array    |
|from_0_22_q1         |  in |    8|  ap_memory |     from_0_22    |     array    |
|from_0_23_address0   | out |    7|  ap_memory |     from_0_23    |     array    |
|from_0_23_ce0        | out |    1|  ap_memory |     from_0_23    |     array    |
|from_0_23_q0         |  in |    8|  ap_memory |     from_0_23    |     array    |
|from_0_23_address1   | out |    7|  ap_memory |     from_0_23    |     array    |
|from_0_23_ce1        | out |    1|  ap_memory |     from_0_23    |     array    |
|from_0_23_q1         |  in |    8|  ap_memory |     from_0_23    |     array    |
|from_0_24_address0   | out |    7|  ap_memory |     from_0_24    |     array    |
|from_0_24_ce0        | out |    1|  ap_memory |     from_0_24    |     array    |
|from_0_24_q0         |  in |    8|  ap_memory |     from_0_24    |     array    |
|from_0_24_address1   | out |    7|  ap_memory |     from_0_24    |     array    |
|from_0_24_ce1        | out |    1|  ap_memory |     from_0_24    |     array    |
|from_0_24_q1         |  in |    8|  ap_memory |     from_0_24    |     array    |
|from_0_25_address0   | out |    7|  ap_memory |     from_0_25    |     array    |
|from_0_25_ce0        | out |    1|  ap_memory |     from_0_25    |     array    |
|from_0_25_q0         |  in |    8|  ap_memory |     from_0_25    |     array    |
|from_0_25_address1   | out |    7|  ap_memory |     from_0_25    |     array    |
|from_0_25_ce1        | out |    1|  ap_memory |     from_0_25    |     array    |
|from_0_25_q1         |  in |    8|  ap_memory |     from_0_25    |     array    |
|from_0_26_address0   | out |    7|  ap_memory |     from_0_26    |     array    |
|from_0_26_ce0        | out |    1|  ap_memory |     from_0_26    |     array    |
|from_0_26_q0         |  in |    8|  ap_memory |     from_0_26    |     array    |
|from_0_26_address1   | out |    7|  ap_memory |     from_0_26    |     array    |
|from_0_26_ce1        | out |    1|  ap_memory |     from_0_26    |     array    |
|from_0_26_q1         |  in |    8|  ap_memory |     from_0_26    |     array    |
|from_0_27_address0   | out |    7|  ap_memory |     from_0_27    |     array    |
|from_0_27_ce0        | out |    1|  ap_memory |     from_0_27    |     array    |
|from_0_27_q0         |  in |    8|  ap_memory |     from_0_27    |     array    |
|from_0_27_address1   | out |    7|  ap_memory |     from_0_27    |     array    |
|from_0_27_ce1        | out |    1|  ap_memory |     from_0_27    |     array    |
|from_0_27_q1         |  in |    8|  ap_memory |     from_0_27    |     array    |
|from_0_28_address0   | out |    7|  ap_memory |     from_0_28    |     array    |
|from_0_28_ce0        | out |    1|  ap_memory |     from_0_28    |     array    |
|from_0_28_q0         |  in |    8|  ap_memory |     from_0_28    |     array    |
|from_0_28_address1   | out |    7|  ap_memory |     from_0_28    |     array    |
|from_0_28_ce1        | out |    1|  ap_memory |     from_0_28    |     array    |
|from_0_28_q1         |  in |    8|  ap_memory |     from_0_28    |     array    |
|from_0_29_address0   | out |    7|  ap_memory |     from_0_29    |     array    |
|from_0_29_ce0        | out |    1|  ap_memory |     from_0_29    |     array    |
|from_0_29_q0         |  in |    8|  ap_memory |     from_0_29    |     array    |
|from_0_29_address1   | out |    7|  ap_memory |     from_0_29    |     array    |
|from_0_29_ce1        | out |    1|  ap_memory |     from_0_29    |     array    |
|from_0_29_q1         |  in |    8|  ap_memory |     from_0_29    |     array    |
|from_0_30_address0   | out |    7|  ap_memory |     from_0_30    |     array    |
|from_0_30_ce0        | out |    1|  ap_memory |     from_0_30    |     array    |
|from_0_30_q0         |  in |    8|  ap_memory |     from_0_30    |     array    |
|from_0_30_address1   | out |    7|  ap_memory |     from_0_30    |     array    |
|from_0_30_ce1        | out |    1|  ap_memory |     from_0_30    |     array    |
|from_0_30_q1         |  in |    8|  ap_memory |     from_0_30    |     array    |
|from_0_31_address0   | out |    7|  ap_memory |     from_0_31    |     array    |
|from_0_31_ce0        | out |    1|  ap_memory |     from_0_31    |     array    |
|from_0_31_q0         |  in |    8|  ap_memory |     from_0_31    |     array    |
|from_0_31_address1   | out |    7|  ap_memory |     from_0_31    |     array    |
|from_0_31_ce1        | out |    1|  ap_memory |     from_0_31    |     array    |
|from_0_31_q1         |  in |    8|  ap_memory |     from_0_31    |     array    |
|from_1_0_address0    | out |    7|  ap_memory |     from_1_0     |     array    |
|from_1_0_ce0         | out |    1|  ap_memory |     from_1_0     |     array    |
|from_1_0_q0          |  in |    8|  ap_memory |     from_1_0     |     array    |
|from_1_0_address1    | out |    7|  ap_memory |     from_1_0     |     array    |
|from_1_0_ce1         | out |    1|  ap_memory |     from_1_0     |     array    |
|from_1_0_q1          |  in |    8|  ap_memory |     from_1_0     |     array    |
|from_1_1_address0    | out |    7|  ap_memory |     from_1_1     |     array    |
|from_1_1_ce0         | out |    1|  ap_memory |     from_1_1     |     array    |
|from_1_1_q0          |  in |    8|  ap_memory |     from_1_1     |     array    |
|from_1_1_address1    | out |    7|  ap_memory |     from_1_1     |     array    |
|from_1_1_ce1         | out |    1|  ap_memory |     from_1_1     |     array    |
|from_1_1_q1          |  in |    8|  ap_memory |     from_1_1     |     array    |
|from_1_2_address0    | out |    7|  ap_memory |     from_1_2     |     array    |
|from_1_2_ce0         | out |    1|  ap_memory |     from_1_2     |     array    |
|from_1_2_q0          |  in |    8|  ap_memory |     from_1_2     |     array    |
|from_1_2_address1    | out |    7|  ap_memory |     from_1_2     |     array    |
|from_1_2_ce1         | out |    1|  ap_memory |     from_1_2     |     array    |
|from_1_2_q1          |  in |    8|  ap_memory |     from_1_2     |     array    |
|from_1_3_address0    | out |    7|  ap_memory |     from_1_3     |     array    |
|from_1_3_ce0         | out |    1|  ap_memory |     from_1_3     |     array    |
|from_1_3_q0          |  in |    8|  ap_memory |     from_1_3     |     array    |
|from_1_3_address1    | out |    7|  ap_memory |     from_1_3     |     array    |
|from_1_3_ce1         | out |    1|  ap_memory |     from_1_3     |     array    |
|from_1_3_q1          |  in |    8|  ap_memory |     from_1_3     |     array    |
|from_1_4_address0    | out |    7|  ap_memory |     from_1_4     |     array    |
|from_1_4_ce0         | out |    1|  ap_memory |     from_1_4     |     array    |
|from_1_4_q0          |  in |    8|  ap_memory |     from_1_4     |     array    |
|from_1_4_address1    | out |    7|  ap_memory |     from_1_4     |     array    |
|from_1_4_ce1         | out |    1|  ap_memory |     from_1_4     |     array    |
|from_1_4_q1          |  in |    8|  ap_memory |     from_1_4     |     array    |
|from_1_5_address0    | out |    7|  ap_memory |     from_1_5     |     array    |
|from_1_5_ce0         | out |    1|  ap_memory |     from_1_5     |     array    |
|from_1_5_q0          |  in |    8|  ap_memory |     from_1_5     |     array    |
|from_1_5_address1    | out |    7|  ap_memory |     from_1_5     |     array    |
|from_1_5_ce1         | out |    1|  ap_memory |     from_1_5     |     array    |
|from_1_5_q1          |  in |    8|  ap_memory |     from_1_5     |     array    |
|from_1_6_address0    | out |    7|  ap_memory |     from_1_6     |     array    |
|from_1_6_ce0         | out |    1|  ap_memory |     from_1_6     |     array    |
|from_1_6_q0          |  in |    8|  ap_memory |     from_1_6     |     array    |
|from_1_6_address1    | out |    7|  ap_memory |     from_1_6     |     array    |
|from_1_6_ce1         | out |    1|  ap_memory |     from_1_6     |     array    |
|from_1_6_q1          |  in |    8|  ap_memory |     from_1_6     |     array    |
|from_1_7_address0    | out |    7|  ap_memory |     from_1_7     |     array    |
|from_1_7_ce0         | out |    1|  ap_memory |     from_1_7     |     array    |
|from_1_7_q0          |  in |    8|  ap_memory |     from_1_7     |     array    |
|from_1_7_address1    | out |    7|  ap_memory |     from_1_7     |     array    |
|from_1_7_ce1         | out |    1|  ap_memory |     from_1_7     |     array    |
|from_1_7_q1          |  in |    8|  ap_memory |     from_1_7     |     array    |
|from_1_8_address0    | out |    7|  ap_memory |     from_1_8     |     array    |
|from_1_8_ce0         | out |    1|  ap_memory |     from_1_8     |     array    |
|from_1_8_q0          |  in |    8|  ap_memory |     from_1_8     |     array    |
|from_1_8_address1    | out |    7|  ap_memory |     from_1_8     |     array    |
|from_1_8_ce1         | out |    1|  ap_memory |     from_1_8     |     array    |
|from_1_8_q1          |  in |    8|  ap_memory |     from_1_8     |     array    |
|from_1_9_address0    | out |    7|  ap_memory |     from_1_9     |     array    |
|from_1_9_ce0         | out |    1|  ap_memory |     from_1_9     |     array    |
|from_1_9_q0          |  in |    8|  ap_memory |     from_1_9     |     array    |
|from_1_9_address1    | out |    7|  ap_memory |     from_1_9     |     array    |
|from_1_9_ce1         | out |    1|  ap_memory |     from_1_9     |     array    |
|from_1_9_q1          |  in |    8|  ap_memory |     from_1_9     |     array    |
|from_1_10_address0   | out |    7|  ap_memory |     from_1_10    |     array    |
|from_1_10_ce0        | out |    1|  ap_memory |     from_1_10    |     array    |
|from_1_10_q0         |  in |    8|  ap_memory |     from_1_10    |     array    |
|from_1_10_address1   | out |    7|  ap_memory |     from_1_10    |     array    |
|from_1_10_ce1        | out |    1|  ap_memory |     from_1_10    |     array    |
|from_1_10_q1         |  in |    8|  ap_memory |     from_1_10    |     array    |
|from_1_11_address0   | out |    7|  ap_memory |     from_1_11    |     array    |
|from_1_11_ce0        | out |    1|  ap_memory |     from_1_11    |     array    |
|from_1_11_q0         |  in |    8|  ap_memory |     from_1_11    |     array    |
|from_1_11_address1   | out |    7|  ap_memory |     from_1_11    |     array    |
|from_1_11_ce1        | out |    1|  ap_memory |     from_1_11    |     array    |
|from_1_11_q1         |  in |    8|  ap_memory |     from_1_11    |     array    |
|from_1_12_address0   | out |    7|  ap_memory |     from_1_12    |     array    |
|from_1_12_ce0        | out |    1|  ap_memory |     from_1_12    |     array    |
|from_1_12_q0         |  in |    8|  ap_memory |     from_1_12    |     array    |
|from_1_12_address1   | out |    7|  ap_memory |     from_1_12    |     array    |
|from_1_12_ce1        | out |    1|  ap_memory |     from_1_12    |     array    |
|from_1_12_q1         |  in |    8|  ap_memory |     from_1_12    |     array    |
|from_1_13_address0   | out |    7|  ap_memory |     from_1_13    |     array    |
|from_1_13_ce0        | out |    1|  ap_memory |     from_1_13    |     array    |
|from_1_13_q0         |  in |    8|  ap_memory |     from_1_13    |     array    |
|from_1_13_address1   | out |    7|  ap_memory |     from_1_13    |     array    |
|from_1_13_ce1        | out |    1|  ap_memory |     from_1_13    |     array    |
|from_1_13_q1         |  in |    8|  ap_memory |     from_1_13    |     array    |
|from_1_14_address0   | out |    7|  ap_memory |     from_1_14    |     array    |
|from_1_14_ce0        | out |    1|  ap_memory |     from_1_14    |     array    |
|from_1_14_q0         |  in |    8|  ap_memory |     from_1_14    |     array    |
|from_1_14_address1   | out |    7|  ap_memory |     from_1_14    |     array    |
|from_1_14_ce1        | out |    1|  ap_memory |     from_1_14    |     array    |
|from_1_14_q1         |  in |    8|  ap_memory |     from_1_14    |     array    |
|from_1_15_address0   | out |    7|  ap_memory |     from_1_15    |     array    |
|from_1_15_ce0        | out |    1|  ap_memory |     from_1_15    |     array    |
|from_1_15_q0         |  in |    8|  ap_memory |     from_1_15    |     array    |
|from_1_15_address1   | out |    7|  ap_memory |     from_1_15    |     array    |
|from_1_15_ce1        | out |    1|  ap_memory |     from_1_15    |     array    |
|from_1_15_q1         |  in |    8|  ap_memory |     from_1_15    |     array    |
|from_1_16_address0   | out |    7|  ap_memory |     from_1_16    |     array    |
|from_1_16_ce0        | out |    1|  ap_memory |     from_1_16    |     array    |
|from_1_16_q0         |  in |    8|  ap_memory |     from_1_16    |     array    |
|from_1_16_address1   | out |    7|  ap_memory |     from_1_16    |     array    |
|from_1_16_ce1        | out |    1|  ap_memory |     from_1_16    |     array    |
|from_1_16_q1         |  in |    8|  ap_memory |     from_1_16    |     array    |
|from_1_17_address0   | out |    7|  ap_memory |     from_1_17    |     array    |
|from_1_17_ce0        | out |    1|  ap_memory |     from_1_17    |     array    |
|from_1_17_q0         |  in |    8|  ap_memory |     from_1_17    |     array    |
|from_1_17_address1   | out |    7|  ap_memory |     from_1_17    |     array    |
|from_1_17_ce1        | out |    1|  ap_memory |     from_1_17    |     array    |
|from_1_17_q1         |  in |    8|  ap_memory |     from_1_17    |     array    |
|from_1_18_address0   | out |    7|  ap_memory |     from_1_18    |     array    |
|from_1_18_ce0        | out |    1|  ap_memory |     from_1_18    |     array    |
|from_1_18_q0         |  in |    8|  ap_memory |     from_1_18    |     array    |
|from_1_18_address1   | out |    7|  ap_memory |     from_1_18    |     array    |
|from_1_18_ce1        | out |    1|  ap_memory |     from_1_18    |     array    |
|from_1_18_q1         |  in |    8|  ap_memory |     from_1_18    |     array    |
|from_1_19_address0   | out |    7|  ap_memory |     from_1_19    |     array    |
|from_1_19_ce0        | out |    1|  ap_memory |     from_1_19    |     array    |
|from_1_19_q0         |  in |    8|  ap_memory |     from_1_19    |     array    |
|from_1_19_address1   | out |    7|  ap_memory |     from_1_19    |     array    |
|from_1_19_ce1        | out |    1|  ap_memory |     from_1_19    |     array    |
|from_1_19_q1         |  in |    8|  ap_memory |     from_1_19    |     array    |
|from_1_20_address0   | out |    7|  ap_memory |     from_1_20    |     array    |
|from_1_20_ce0        | out |    1|  ap_memory |     from_1_20    |     array    |
|from_1_20_q0         |  in |    8|  ap_memory |     from_1_20    |     array    |
|from_1_20_address1   | out |    7|  ap_memory |     from_1_20    |     array    |
|from_1_20_ce1        | out |    1|  ap_memory |     from_1_20    |     array    |
|from_1_20_q1         |  in |    8|  ap_memory |     from_1_20    |     array    |
|from_1_21_address0   | out |    7|  ap_memory |     from_1_21    |     array    |
|from_1_21_ce0        | out |    1|  ap_memory |     from_1_21    |     array    |
|from_1_21_q0         |  in |    8|  ap_memory |     from_1_21    |     array    |
|from_1_21_address1   | out |    7|  ap_memory |     from_1_21    |     array    |
|from_1_21_ce1        | out |    1|  ap_memory |     from_1_21    |     array    |
|from_1_21_q1         |  in |    8|  ap_memory |     from_1_21    |     array    |
|from_1_22_address0   | out |    7|  ap_memory |     from_1_22    |     array    |
|from_1_22_ce0        | out |    1|  ap_memory |     from_1_22    |     array    |
|from_1_22_q0         |  in |    8|  ap_memory |     from_1_22    |     array    |
|from_1_22_address1   | out |    7|  ap_memory |     from_1_22    |     array    |
|from_1_22_ce1        | out |    1|  ap_memory |     from_1_22    |     array    |
|from_1_22_q1         |  in |    8|  ap_memory |     from_1_22    |     array    |
|from_1_23_address0   | out |    7|  ap_memory |     from_1_23    |     array    |
|from_1_23_ce0        | out |    1|  ap_memory |     from_1_23    |     array    |
|from_1_23_q0         |  in |    8|  ap_memory |     from_1_23    |     array    |
|from_1_23_address1   | out |    7|  ap_memory |     from_1_23    |     array    |
|from_1_23_ce1        | out |    1|  ap_memory |     from_1_23    |     array    |
|from_1_23_q1         |  in |    8|  ap_memory |     from_1_23    |     array    |
|from_1_24_address0   | out |    7|  ap_memory |     from_1_24    |     array    |
|from_1_24_ce0        | out |    1|  ap_memory |     from_1_24    |     array    |
|from_1_24_q0         |  in |    8|  ap_memory |     from_1_24    |     array    |
|from_1_24_address1   | out |    7|  ap_memory |     from_1_24    |     array    |
|from_1_24_ce1        | out |    1|  ap_memory |     from_1_24    |     array    |
|from_1_24_q1         |  in |    8|  ap_memory |     from_1_24    |     array    |
|from_1_25_address0   | out |    7|  ap_memory |     from_1_25    |     array    |
|from_1_25_ce0        | out |    1|  ap_memory |     from_1_25    |     array    |
|from_1_25_q0         |  in |    8|  ap_memory |     from_1_25    |     array    |
|from_1_25_address1   | out |    7|  ap_memory |     from_1_25    |     array    |
|from_1_25_ce1        | out |    1|  ap_memory |     from_1_25    |     array    |
|from_1_25_q1         |  in |    8|  ap_memory |     from_1_25    |     array    |
|from_1_26_address0   | out |    7|  ap_memory |     from_1_26    |     array    |
|from_1_26_ce0        | out |    1|  ap_memory |     from_1_26    |     array    |
|from_1_26_q0         |  in |    8|  ap_memory |     from_1_26    |     array    |
|from_1_26_address1   | out |    7|  ap_memory |     from_1_26    |     array    |
|from_1_26_ce1        | out |    1|  ap_memory |     from_1_26    |     array    |
|from_1_26_q1         |  in |    8|  ap_memory |     from_1_26    |     array    |
|from_1_27_address0   | out |    7|  ap_memory |     from_1_27    |     array    |
|from_1_27_ce0        | out |    1|  ap_memory |     from_1_27    |     array    |
|from_1_27_q0         |  in |    8|  ap_memory |     from_1_27    |     array    |
|from_1_27_address1   | out |    7|  ap_memory |     from_1_27    |     array    |
|from_1_27_ce1        | out |    1|  ap_memory |     from_1_27    |     array    |
|from_1_27_q1         |  in |    8|  ap_memory |     from_1_27    |     array    |
|from_1_28_address0   | out |    7|  ap_memory |     from_1_28    |     array    |
|from_1_28_ce0        | out |    1|  ap_memory |     from_1_28    |     array    |
|from_1_28_q0         |  in |    8|  ap_memory |     from_1_28    |     array    |
|from_1_28_address1   | out |    7|  ap_memory |     from_1_28    |     array    |
|from_1_28_ce1        | out |    1|  ap_memory |     from_1_28    |     array    |
|from_1_28_q1         |  in |    8|  ap_memory |     from_1_28    |     array    |
|from_1_29_address0   | out |    7|  ap_memory |     from_1_29    |     array    |
|from_1_29_ce0        | out |    1|  ap_memory |     from_1_29    |     array    |
|from_1_29_q0         |  in |    8|  ap_memory |     from_1_29    |     array    |
|from_1_29_address1   | out |    7|  ap_memory |     from_1_29    |     array    |
|from_1_29_ce1        | out |    1|  ap_memory |     from_1_29    |     array    |
|from_1_29_q1         |  in |    8|  ap_memory |     from_1_29    |     array    |
|from_1_30_address0   | out |    7|  ap_memory |     from_1_30    |     array    |
|from_1_30_ce0        | out |    1|  ap_memory |     from_1_30    |     array    |
|from_1_30_q0         |  in |    8|  ap_memory |     from_1_30    |     array    |
|from_1_30_address1   | out |    7|  ap_memory |     from_1_30    |     array    |
|from_1_30_ce1        | out |    1|  ap_memory |     from_1_30    |     array    |
|from_1_30_q1         |  in |    8|  ap_memory |     from_1_30    |     array    |
|from_1_31_address0   | out |    7|  ap_memory |     from_1_31    |     array    |
|from_1_31_ce0        | out |    1|  ap_memory |     from_1_31    |     array    |
|from_1_31_q0         |  in |    8|  ap_memory |     from_1_31    |     array    |
|from_1_31_address1   | out |    7|  ap_memory |     from_1_31    |     array    |
|from_1_31_ce1        | out |    1|  ap_memory |     from_1_31    |     array    |
|from_1_31_q1         |  in |    8|  ap_memory |     from_1_31    |     array    |
|from_2_0_address0    | out |    7|  ap_memory |     from_2_0     |     array    |
|from_2_0_ce0         | out |    1|  ap_memory |     from_2_0     |     array    |
|from_2_0_q0          |  in |    8|  ap_memory |     from_2_0     |     array    |
|from_2_0_address1    | out |    7|  ap_memory |     from_2_0     |     array    |
|from_2_0_ce1         | out |    1|  ap_memory |     from_2_0     |     array    |
|from_2_0_q1          |  in |    8|  ap_memory |     from_2_0     |     array    |
|from_2_1_address0    | out |    7|  ap_memory |     from_2_1     |     array    |
|from_2_1_ce0         | out |    1|  ap_memory |     from_2_1     |     array    |
|from_2_1_q0          |  in |    8|  ap_memory |     from_2_1     |     array    |
|from_2_1_address1    | out |    7|  ap_memory |     from_2_1     |     array    |
|from_2_1_ce1         | out |    1|  ap_memory |     from_2_1     |     array    |
|from_2_1_q1          |  in |    8|  ap_memory |     from_2_1     |     array    |
|from_2_2_address0    | out |    7|  ap_memory |     from_2_2     |     array    |
|from_2_2_ce0         | out |    1|  ap_memory |     from_2_2     |     array    |
|from_2_2_q0          |  in |    8|  ap_memory |     from_2_2     |     array    |
|from_2_2_address1    | out |    7|  ap_memory |     from_2_2     |     array    |
|from_2_2_ce1         | out |    1|  ap_memory |     from_2_2     |     array    |
|from_2_2_q1          |  in |    8|  ap_memory |     from_2_2     |     array    |
|from_2_3_address0    | out |    7|  ap_memory |     from_2_3     |     array    |
|from_2_3_ce0         | out |    1|  ap_memory |     from_2_3     |     array    |
|from_2_3_q0          |  in |    8|  ap_memory |     from_2_3     |     array    |
|from_2_3_address1    | out |    7|  ap_memory |     from_2_3     |     array    |
|from_2_3_ce1         | out |    1|  ap_memory |     from_2_3     |     array    |
|from_2_3_q1          |  in |    8|  ap_memory |     from_2_3     |     array    |
|from_2_4_address0    | out |    7|  ap_memory |     from_2_4     |     array    |
|from_2_4_ce0         | out |    1|  ap_memory |     from_2_4     |     array    |
|from_2_4_q0          |  in |    8|  ap_memory |     from_2_4     |     array    |
|from_2_4_address1    | out |    7|  ap_memory |     from_2_4     |     array    |
|from_2_4_ce1         | out |    1|  ap_memory |     from_2_4     |     array    |
|from_2_4_q1          |  in |    8|  ap_memory |     from_2_4     |     array    |
|from_2_5_address0    | out |    7|  ap_memory |     from_2_5     |     array    |
|from_2_5_ce0         | out |    1|  ap_memory |     from_2_5     |     array    |
|from_2_5_q0          |  in |    8|  ap_memory |     from_2_5     |     array    |
|from_2_5_address1    | out |    7|  ap_memory |     from_2_5     |     array    |
|from_2_5_ce1         | out |    1|  ap_memory |     from_2_5     |     array    |
|from_2_5_q1          |  in |    8|  ap_memory |     from_2_5     |     array    |
|from_2_6_address0    | out |    7|  ap_memory |     from_2_6     |     array    |
|from_2_6_ce0         | out |    1|  ap_memory |     from_2_6     |     array    |
|from_2_6_q0          |  in |    8|  ap_memory |     from_2_6     |     array    |
|from_2_6_address1    | out |    7|  ap_memory |     from_2_6     |     array    |
|from_2_6_ce1         | out |    1|  ap_memory |     from_2_6     |     array    |
|from_2_6_q1          |  in |    8|  ap_memory |     from_2_6     |     array    |
|from_2_7_address0    | out |    7|  ap_memory |     from_2_7     |     array    |
|from_2_7_ce0         | out |    1|  ap_memory |     from_2_7     |     array    |
|from_2_7_q0          |  in |    8|  ap_memory |     from_2_7     |     array    |
|from_2_7_address1    | out |    7|  ap_memory |     from_2_7     |     array    |
|from_2_7_ce1         | out |    1|  ap_memory |     from_2_7     |     array    |
|from_2_7_q1          |  in |    8|  ap_memory |     from_2_7     |     array    |
|from_2_8_address0    | out |    7|  ap_memory |     from_2_8     |     array    |
|from_2_8_ce0         | out |    1|  ap_memory |     from_2_8     |     array    |
|from_2_8_q0          |  in |    8|  ap_memory |     from_2_8     |     array    |
|from_2_8_address1    | out |    7|  ap_memory |     from_2_8     |     array    |
|from_2_8_ce1         | out |    1|  ap_memory |     from_2_8     |     array    |
|from_2_8_q1          |  in |    8|  ap_memory |     from_2_8     |     array    |
|from_2_9_address0    | out |    7|  ap_memory |     from_2_9     |     array    |
|from_2_9_ce0         | out |    1|  ap_memory |     from_2_9     |     array    |
|from_2_9_q0          |  in |    8|  ap_memory |     from_2_9     |     array    |
|from_2_9_address1    | out |    7|  ap_memory |     from_2_9     |     array    |
|from_2_9_ce1         | out |    1|  ap_memory |     from_2_9     |     array    |
|from_2_9_q1          |  in |    8|  ap_memory |     from_2_9     |     array    |
|from_2_10_address0   | out |    7|  ap_memory |     from_2_10    |     array    |
|from_2_10_ce0        | out |    1|  ap_memory |     from_2_10    |     array    |
|from_2_10_q0         |  in |    8|  ap_memory |     from_2_10    |     array    |
|from_2_10_address1   | out |    7|  ap_memory |     from_2_10    |     array    |
|from_2_10_ce1        | out |    1|  ap_memory |     from_2_10    |     array    |
|from_2_10_q1         |  in |    8|  ap_memory |     from_2_10    |     array    |
|from_2_11_address0   | out |    7|  ap_memory |     from_2_11    |     array    |
|from_2_11_ce0        | out |    1|  ap_memory |     from_2_11    |     array    |
|from_2_11_q0         |  in |    8|  ap_memory |     from_2_11    |     array    |
|from_2_11_address1   | out |    7|  ap_memory |     from_2_11    |     array    |
|from_2_11_ce1        | out |    1|  ap_memory |     from_2_11    |     array    |
|from_2_11_q1         |  in |    8|  ap_memory |     from_2_11    |     array    |
|from_2_12_address0   | out |    7|  ap_memory |     from_2_12    |     array    |
|from_2_12_ce0        | out |    1|  ap_memory |     from_2_12    |     array    |
|from_2_12_q0         |  in |    8|  ap_memory |     from_2_12    |     array    |
|from_2_12_address1   | out |    7|  ap_memory |     from_2_12    |     array    |
|from_2_12_ce1        | out |    1|  ap_memory |     from_2_12    |     array    |
|from_2_12_q1         |  in |    8|  ap_memory |     from_2_12    |     array    |
|from_2_13_address0   | out |    7|  ap_memory |     from_2_13    |     array    |
|from_2_13_ce0        | out |    1|  ap_memory |     from_2_13    |     array    |
|from_2_13_q0         |  in |    8|  ap_memory |     from_2_13    |     array    |
|from_2_13_address1   | out |    7|  ap_memory |     from_2_13    |     array    |
|from_2_13_ce1        | out |    1|  ap_memory |     from_2_13    |     array    |
|from_2_13_q1         |  in |    8|  ap_memory |     from_2_13    |     array    |
|from_2_14_address0   | out |    7|  ap_memory |     from_2_14    |     array    |
|from_2_14_ce0        | out |    1|  ap_memory |     from_2_14    |     array    |
|from_2_14_q0         |  in |    8|  ap_memory |     from_2_14    |     array    |
|from_2_14_address1   | out |    7|  ap_memory |     from_2_14    |     array    |
|from_2_14_ce1        | out |    1|  ap_memory |     from_2_14    |     array    |
|from_2_14_q1         |  in |    8|  ap_memory |     from_2_14    |     array    |
|from_2_15_address0   | out |    7|  ap_memory |     from_2_15    |     array    |
|from_2_15_ce0        | out |    1|  ap_memory |     from_2_15    |     array    |
|from_2_15_q0         |  in |    8|  ap_memory |     from_2_15    |     array    |
|from_2_15_address1   | out |    7|  ap_memory |     from_2_15    |     array    |
|from_2_15_ce1        | out |    1|  ap_memory |     from_2_15    |     array    |
|from_2_15_q1         |  in |    8|  ap_memory |     from_2_15    |     array    |
|from_2_16_address0   | out |    7|  ap_memory |     from_2_16    |     array    |
|from_2_16_ce0        | out |    1|  ap_memory |     from_2_16    |     array    |
|from_2_16_q0         |  in |    8|  ap_memory |     from_2_16    |     array    |
|from_2_16_address1   | out |    7|  ap_memory |     from_2_16    |     array    |
|from_2_16_ce1        | out |    1|  ap_memory |     from_2_16    |     array    |
|from_2_16_q1         |  in |    8|  ap_memory |     from_2_16    |     array    |
|from_2_17_address0   | out |    7|  ap_memory |     from_2_17    |     array    |
|from_2_17_ce0        | out |    1|  ap_memory |     from_2_17    |     array    |
|from_2_17_q0         |  in |    8|  ap_memory |     from_2_17    |     array    |
|from_2_17_address1   | out |    7|  ap_memory |     from_2_17    |     array    |
|from_2_17_ce1        | out |    1|  ap_memory |     from_2_17    |     array    |
|from_2_17_q1         |  in |    8|  ap_memory |     from_2_17    |     array    |
|from_2_18_address0   | out |    7|  ap_memory |     from_2_18    |     array    |
|from_2_18_ce0        | out |    1|  ap_memory |     from_2_18    |     array    |
|from_2_18_q0         |  in |    8|  ap_memory |     from_2_18    |     array    |
|from_2_18_address1   | out |    7|  ap_memory |     from_2_18    |     array    |
|from_2_18_ce1        | out |    1|  ap_memory |     from_2_18    |     array    |
|from_2_18_q1         |  in |    8|  ap_memory |     from_2_18    |     array    |
|from_2_19_address0   | out |    7|  ap_memory |     from_2_19    |     array    |
|from_2_19_ce0        | out |    1|  ap_memory |     from_2_19    |     array    |
|from_2_19_q0         |  in |    8|  ap_memory |     from_2_19    |     array    |
|from_2_19_address1   | out |    7|  ap_memory |     from_2_19    |     array    |
|from_2_19_ce1        | out |    1|  ap_memory |     from_2_19    |     array    |
|from_2_19_q1         |  in |    8|  ap_memory |     from_2_19    |     array    |
|from_2_20_address0   | out |    7|  ap_memory |     from_2_20    |     array    |
|from_2_20_ce0        | out |    1|  ap_memory |     from_2_20    |     array    |
|from_2_20_q0         |  in |    8|  ap_memory |     from_2_20    |     array    |
|from_2_20_address1   | out |    7|  ap_memory |     from_2_20    |     array    |
|from_2_20_ce1        | out |    1|  ap_memory |     from_2_20    |     array    |
|from_2_20_q1         |  in |    8|  ap_memory |     from_2_20    |     array    |
|from_2_21_address0   | out |    7|  ap_memory |     from_2_21    |     array    |
|from_2_21_ce0        | out |    1|  ap_memory |     from_2_21    |     array    |
|from_2_21_q0         |  in |    8|  ap_memory |     from_2_21    |     array    |
|from_2_21_address1   | out |    7|  ap_memory |     from_2_21    |     array    |
|from_2_21_ce1        | out |    1|  ap_memory |     from_2_21    |     array    |
|from_2_21_q1         |  in |    8|  ap_memory |     from_2_21    |     array    |
|from_2_22_address0   | out |    7|  ap_memory |     from_2_22    |     array    |
|from_2_22_ce0        | out |    1|  ap_memory |     from_2_22    |     array    |
|from_2_22_q0         |  in |    8|  ap_memory |     from_2_22    |     array    |
|from_2_22_address1   | out |    7|  ap_memory |     from_2_22    |     array    |
|from_2_22_ce1        | out |    1|  ap_memory |     from_2_22    |     array    |
|from_2_22_q1         |  in |    8|  ap_memory |     from_2_22    |     array    |
|from_2_23_address0   | out |    7|  ap_memory |     from_2_23    |     array    |
|from_2_23_ce0        | out |    1|  ap_memory |     from_2_23    |     array    |
|from_2_23_q0         |  in |    8|  ap_memory |     from_2_23    |     array    |
|from_2_23_address1   | out |    7|  ap_memory |     from_2_23    |     array    |
|from_2_23_ce1        | out |    1|  ap_memory |     from_2_23    |     array    |
|from_2_23_q1         |  in |    8|  ap_memory |     from_2_23    |     array    |
|from_2_24_address0   | out |    7|  ap_memory |     from_2_24    |     array    |
|from_2_24_ce0        | out |    1|  ap_memory |     from_2_24    |     array    |
|from_2_24_q0         |  in |    8|  ap_memory |     from_2_24    |     array    |
|from_2_24_address1   | out |    7|  ap_memory |     from_2_24    |     array    |
|from_2_24_ce1        | out |    1|  ap_memory |     from_2_24    |     array    |
|from_2_24_q1         |  in |    8|  ap_memory |     from_2_24    |     array    |
|from_2_25_address0   | out |    7|  ap_memory |     from_2_25    |     array    |
|from_2_25_ce0        | out |    1|  ap_memory |     from_2_25    |     array    |
|from_2_25_q0         |  in |    8|  ap_memory |     from_2_25    |     array    |
|from_2_25_address1   | out |    7|  ap_memory |     from_2_25    |     array    |
|from_2_25_ce1        | out |    1|  ap_memory |     from_2_25    |     array    |
|from_2_25_q1         |  in |    8|  ap_memory |     from_2_25    |     array    |
|from_2_26_address0   | out |    7|  ap_memory |     from_2_26    |     array    |
|from_2_26_ce0        | out |    1|  ap_memory |     from_2_26    |     array    |
|from_2_26_q0         |  in |    8|  ap_memory |     from_2_26    |     array    |
|from_2_26_address1   | out |    7|  ap_memory |     from_2_26    |     array    |
|from_2_26_ce1        | out |    1|  ap_memory |     from_2_26    |     array    |
|from_2_26_q1         |  in |    8|  ap_memory |     from_2_26    |     array    |
|from_2_27_address0   | out |    7|  ap_memory |     from_2_27    |     array    |
|from_2_27_ce0        | out |    1|  ap_memory |     from_2_27    |     array    |
|from_2_27_q0         |  in |    8|  ap_memory |     from_2_27    |     array    |
|from_2_27_address1   | out |    7|  ap_memory |     from_2_27    |     array    |
|from_2_27_ce1        | out |    1|  ap_memory |     from_2_27    |     array    |
|from_2_27_q1         |  in |    8|  ap_memory |     from_2_27    |     array    |
|from_2_28_address0   | out |    7|  ap_memory |     from_2_28    |     array    |
|from_2_28_ce0        | out |    1|  ap_memory |     from_2_28    |     array    |
|from_2_28_q0         |  in |    8|  ap_memory |     from_2_28    |     array    |
|from_2_28_address1   | out |    7|  ap_memory |     from_2_28    |     array    |
|from_2_28_ce1        | out |    1|  ap_memory |     from_2_28    |     array    |
|from_2_28_q1         |  in |    8|  ap_memory |     from_2_28    |     array    |
|from_2_29_address0   | out |    7|  ap_memory |     from_2_29    |     array    |
|from_2_29_ce0        | out |    1|  ap_memory |     from_2_29    |     array    |
|from_2_29_q0         |  in |    8|  ap_memory |     from_2_29    |     array    |
|from_2_29_address1   | out |    7|  ap_memory |     from_2_29    |     array    |
|from_2_29_ce1        | out |    1|  ap_memory |     from_2_29    |     array    |
|from_2_29_q1         |  in |    8|  ap_memory |     from_2_29    |     array    |
|from_2_30_address0   | out |    7|  ap_memory |     from_2_30    |     array    |
|from_2_30_ce0        | out |    1|  ap_memory |     from_2_30    |     array    |
|from_2_30_q0         |  in |    8|  ap_memory |     from_2_30    |     array    |
|from_2_30_address1   | out |    7|  ap_memory |     from_2_30    |     array    |
|from_2_30_ce1        | out |    1|  ap_memory |     from_2_30    |     array    |
|from_2_30_q1         |  in |    8|  ap_memory |     from_2_30    |     array    |
|from_2_31_address0   | out |    7|  ap_memory |     from_2_31    |     array    |
|from_2_31_ce0        | out |    1|  ap_memory |     from_2_31    |     array    |
|from_2_31_q0         |  in |    8|  ap_memory |     from_2_31    |     array    |
|from_2_31_address1   | out |    7|  ap_memory |     from_2_31    |     array    |
|from_2_31_ce1        | out |    1|  ap_memory |     from_2_31    |     array    |
|from_2_31_q1         |  in |    8|  ap_memory |     from_2_31    |     array    |
|tile_index           |  in |   32|   ap_none  |    tile_index    |    scalar    |
+---------------------+-----+-----+------------+------------------+--------------+

