

================================================================
== Vivado HLS Report for 'compute'
================================================================
* Date:           Sat Apr 15 15:36:18 2017

* Version:        2016.3 (Build 1721985 on Tue Nov 29 18:45:36 MST 2016)
* Project:        edge_kernel
* Solution:       solution_OCL_REGION_0
* Product family: virtex7
* Target device:  xc7vx690tffg1157-2


================================================================
== Performance Estimates
================================================================
+ Timing (ns): 
    * Summary: 
    +--------+-------+----------+------------+
    |  Clock | Target| Estimated| Uncertainty|
    +--------+-------+----------+------------+
    |ap_clk  |   5.00|      3.60|        1.35|
    +--------+-------+----------+------------+

+ Latency (clock cycles): 
    * Summary: 
    +-----+------+-----+------+---------+
    |   Latency  |  Interval  | Pipeline|
    | min |  max | min |  max |   Type  |
    +-----+------+-----+------+---------+
    |    1|  2106|    1|  2106|   none  |
    +-----+------+-----+------+---------+

    + Detail: 
        * Instance: 
        N/A

        * Loop: 
        +----------+------+------+----------+-----------+-----------+------+----------+
        |          |   Latency   | Iteration|  Initiation Interval  | Trip |          |
        | Loop Name|  min |  max |  Latency |  achieved |   target  | Count| Pipelined|
        +----------+------+------+----------+-----------+-----------+------+----------+
        |- Loop 1  |  2068|  2068|         5|          1|          1|  2065|    yes   |
        +----------+------+------+----------+-----------+-----------+------+----------+



================================================================
== Utilization Estimates
================================================================
* Summary: 
+-----------------+---------+-------+--------+--------+
|       Name      | BRAM_18K| DSP48E|   FF   |   LUT  |
+-----------------+---------+-------+--------+--------+
|DSP              |        -|      -|       -|       -|
|Expression       |        -|      -|       0|    3366|
|FIFO             |        -|      -|       -|       -|
|Instance         |        -|      -|     576|     640|
|Memory           |        -|      -|       -|       -|
|Multiplexer      |        -|      -|       -|      87|
|Register         |        -|      -|    3594|      41|
+-----------------+---------+-------+--------+--------+
|Total            |        0|      0|    4170|    4134|
+-----------------+---------+-------+--------+--------+
|Available        |     2940|   3600|  866400|  433200|
+-----------------+---------+-------+--------+--------+
|Utilization (%)  |        0|      0|   ~0   |   ~0   |
+-----------------+---------+-------+--------+--------+

+ Detail: 
    * Instance: 
    +------------------------------------------+--------------------------------------+---------+-------+-----+-----+
    |                 Instance                 |                Module                | BRAM_18K| DSP48E|  FF | LUT |
    +------------------------------------------+--------------------------------------+---------+-------+-----+-----+
    |edge_kernel_sdiv_32ns_32ns_32_36_seq_U22  |edge_kernel_sdiv_32ns_32ns_32_36_seq  |        0|      0|  288|  320|
    |edge_kernel_srem_32ns_32ns_32_36_seq_U21  |edge_kernel_srem_32ns_32ns_32_36_seq  |        0|      0|  288|  320|
    +------------------------------------------+--------------------------------------+---------+-------+-----+-----+
    |Total                                     |                                      |        0|      0|  576|  640|
    +------------------------------------------+--------------------------------------+---------+-------+-----+-----+

    * DSP48: 
    N/A

    * Memory: 
    N/A

    * FIFO: 
    N/A

    * Expression: 
    +---------------------------------+----------+-------+---+----+------------+------------+
    |          Variable Name          | Operation| DSP48E| FF| LUT| Bitwidth P0| Bitwidth P1|
    +---------------------------------+----------+-------+---+----+------------+------------+
    |input_index_1_fu_1751_p2         |     +    |      0|  0|  12|          12|           1|
    |output_index_10_fu_2593_p2       |     +    |      0|  0|  16|          16|           9|
    |output_index_11_fu_2651_p2       |     +    |      0|  0|  16|          16|           9|
    |output_index_12_fu_2709_p2       |     +    |      0|  0|  16|          16|           9|
    |output_index_1_cp_fu_6732_p2     |     +    |      0|  0|  16|          10|          16|
    |output_index_1_fu_1905_p2        |     +    |      0|  0|  16|          16|          10|
    |output_index_2_fu_2477_p2        |     +    |      0|  0|  16|          16|           9|
    |output_index_3_fu_2535_p2        |     +    |      0|  0|  16|          16|           9|
    |output_index_4_fu_2071_p2        |     +    |      0|  0|  16|          16|           9|
    |output_index_5_fu_2129_p2        |     +    |      0|  0|  16|          16|           9|
    |output_index_6_fu_2187_p2        |     +    |      0|  0|  16|          16|           9|
    |output_index_7_fu_2245_p2        |     +    |      0|  0|  16|          16|           9|
    |output_index_8_fu_2303_p2        |     +    |      0|  0|  16|          16|           9|
    |output_index_9_fu_2361_p2        |     +    |      0|  0|  16|          16|           9|
    |output_index_cp_fu_6708_p2       |     +    |      0|  0|  16|          10|          16|
    |output_index_s_fu_2419_p2        |     +    |      0|  0|  16|          16|           9|
    |p_10_fu_2520_p2                  |     +    |      0|  0|  32|          32|          32|
    |p_11_fu_2578_p2                  |     +    |      0|  0|  32|          32|          32|
    |p_12_fu_2636_p2                  |     +    |      0|  0|  32|          32|          32|
    |p_13_fu_2694_p2                  |     +    |      0|  0|  32|          32|          32|
    |p_14_fu_2752_p2                  |     +    |      0|  0|  32|          32|          32|
    |p_1_fu_5157_p2                   |     +    |      0|  0|  32|          32|          32|
    |p_2_fu_2010_p2                   |     +    |      0|  0|  32|          32|          32|
    |p_3_fu_2056_p2                   |     +    |      0|  0|  32|          32|          32|
    |p_4_fu_2114_p2                   |     +    |      0|  0|  32|          32|          32|
    |p_5_fu_2172_p2                   |     +    |      0|  0|  32|          32|          32|
    |p_6_fu_2230_p2                   |     +    |      0|  0|  32|          32|          32|
    |p_7_fu_2288_p2                   |     +    |      0|  0|  32|          32|          32|
    |p_8_fu_2346_p2                   |     +    |      0|  0|  32|          32|          32|
    |p_9_fu_2404_p2                   |     +    |      0|  0|  32|          32|          32|
    |p_fu_5053_p2                     |     +    |      0|  0|  32|          32|          32|
    |p_s_fu_2462_p2                   |     +    |      0|  0|  32|          32|          32|
    |q_10_fu_2515_p2                  |     +    |      0|  0|  32|          32|          32|
    |q_11_fu_2573_p2                  |     +    |      0|  0|  32|          32|          32|
    |q_12_fu_2631_p2                  |     +    |      0|  0|  32|          32|          32|
    |q_13_fu_2689_p2                  |     +    |      0|  0|  32|          32|          32|
    |q_14_fu_2747_p2                  |     +    |      0|  0|  32|          32|          32|
    |q_1_fu_5152_p2                   |     +    |      0|  0|  32|          32|          32|
    |q_2_fu_2005_p2                   |     +    |      0|  0|  32|          32|          32|
    |q_3_fu_2051_p2                   |     +    |      0|  0|  32|          32|          32|
    |q_4_fu_2109_p2                   |     +    |      0|  0|  32|          32|          32|
    |q_5_fu_2167_p2                   |     +    |      0|  0|  32|          32|          32|
    |q_6_fu_2225_p2                   |     +    |      0|  0|  32|          32|          32|
    |q_7_fu_2283_p2                   |     +    |      0|  0|  32|          32|          32|
    |q_8_fu_2341_p2                   |     +    |      0|  0|  32|          32|          32|
    |q_9_fu_2399_p2                   |     +    |      0|  0|  32|          32|          32|
    |q_fu_5048_p2                     |     +    |      0|  0|  32|          32|          32|
    |q_s_fu_2457_p2                   |     +    |      0|  0|  32|          32|          32|
    |sum2_10_fu_5820_p2               |     +    |      0|  0|   4|           8|           8|
    |sum2_11_fu_5886_p2               |     +    |      0|  0|   4|           8|           8|
    |sum2_12_fu_5952_p2               |     +    |      0|  0|   4|           8|           8|
    |sum2_13_fu_6018_p2               |     +    |      0|  0|   4|           8|           8|
    |sum2_14_fu_6084_p2               |     +    |      0|  0|   4|           8|           8|
    |sum2_1_fu_6196_p2                |     +    |      0|  0|   4|           8|           8|
    |sum2_2_fu_5226_p2                |     +    |      0|  0|   4|           8|           8|
    |sum2_3_fu_5292_p2                |     +    |      0|  0|   4|           8|           8|
    |sum2_4_fu_5358_p2                |     +    |      0|  0|   4|           8|           8|
    |sum2_5_fu_5424_p2                |     +    |      0|  0|   4|           8|           8|
    |sum2_6_fu_5490_p2                |     +    |      0|  0|   4|           8|           8|
    |sum2_7_fu_5556_p2                |     +    |      0|  0|   4|           8|           8|
    |sum2_8_fu_5622_p2                |     +    |      0|  0|   4|           8|           8|
    |sum2_9_fu_5688_p2                |     +    |      0|  0|   4|           8|           8|
    |sum2_fu_6135_p2                  |     +    |      0|  0|   4|           8|           8|
    |sum2_s_fu_5754_p2                |     +    |      0|  0|   4|           8|           8|
    |tmp11_fu_5214_p2                 |     +    |      0|  0|   8|           8|           8|
    |tmp12_fu_5220_p2                 |     +    |      0|  0|   8|           8|           8|
    |tmp15_fu_5280_p2                 |     +    |      0|  0|   8|           8|           8|
    |tmp16_fu_5286_p2                 |     +    |      0|  0|   8|           8|           8|
    |tmp19_fu_5346_p2                 |     +    |      0|  0|   8|           8|           8|
    |tmp20_fu_5352_p2                 |     +    |      0|  0|   8|           8|           8|
    |tmp23_fu_5412_p2                 |     +    |      0|  0|   8|           8|           8|
    |tmp24_fu_5418_p2                 |     +    |      0|  0|   8|           8|           8|
    |tmp27_fu_5478_p2                 |     +    |      0|  0|   8|           8|           8|
    |tmp28_fu_5484_p2                 |     +    |      0|  0|   8|           8|           8|
    |tmp31_fu_5544_p2                 |     +    |      0|  0|   8|           8|           8|
    |tmp32_fu_5550_p2                 |     +    |      0|  0|   8|           8|           8|
    |tmp35_fu_5610_p2                 |     +    |      0|  0|   8|           8|           8|
    |tmp36_fu_5616_p2                 |     +    |      0|  0|   8|           8|           8|
    |tmp39_fu_5676_p2                 |     +    |      0|  0|   8|           8|           8|
    |tmp3_fu_6127_p2                  |     +    |      0|  0|   8|           8|           8|
    |tmp40_fu_5682_p2                 |     +    |      0|  0|   8|           8|           8|
    |tmp43_fu_5742_p2                 |     +    |      0|  0|   8|           8|           8|
    |tmp44_fu_5748_p2                 |     +    |      0|  0|   8|           8|           8|
    |tmp47_fu_5808_p2                 |     +    |      0|  0|   8|           8|           8|
    |tmp48_fu_5814_p2                 |     +    |      0|  0|   8|           8|           8|
    |tmp4_fu_6131_p2                  |     +    |      0|  0|   8|           8|           8|
    |tmp51_fu_5874_p2                 |     +    |      0|  0|   8|           8|           8|
    |tmp52_fu_5880_p2                 |     +    |      0|  0|   8|           8|           8|
    |tmp55_fu_5940_p2                 |     +    |      0|  0|   8|           8|           8|
    |tmp56_fu_5946_p2                 |     +    |      0|  0|   8|           8|           8|
    |tmp59_fu_6006_p2                 |     +    |      0|  0|   8|           8|           8|
    |tmp60_fu_6012_p2                 |     +    |      0|  0|   8|           8|           8|
    |tmp63_fu_6072_p2                 |     +    |      0|  0|   8|           8|           8|
    |tmp64_fu_6078_p2                 |     +    |      0|  0|   8|           8|           8|
    |tmp7_fu_6188_p2                  |     +    |      0|  0|   8|           8|           8|
    |tmp8_fu_6192_p2                  |     +    |      0|  0|   8|           8|           8|
    |tmp_1_fu_1817_p2                 |     +    |      0|  0|  16|          16|          10|
    |tmp_3_fu_1835_p2                 |     +    |      0|  0|  16|          16|          10|
    |tmp_40_1_fu_1911_p2              |     +    |      0|  0|  16|          16|           9|
    |tmp_6_fu_1737_p2                 |     +    |      0|  0|  32|          32|          32|
    |tmp_7_fu_1741_p2                 |     +    |      0|  0|  32|          32|          32|
    |p_neg1_fu_1857_p2                |     -    |      0|  0|  16|           9|          16|
    |p_neg_1_fu_1963_p2               |     -    |      0|  0|  18|           1|          18|
    |p_neg_t2_fu_1875_p2              |     -    |      0|  0|  16|           1|          16|
    |p_neg_t8_fu_1951_p2              |     -    |      0|  0|  16|           1|          16|
    |p_neg_t_1_fu_5117_p2             |     -    |      0|  0|  12|           1|          12|
    |p_neg_t_fu_1899_p2               |     -    |      0|  0|  12|           1|          12|
    |tmp_26_fu_6141_p2                |     -    |      0|  0|   4|           8|           8|
    |tmp_27_fu_6474_p2                |     -    |      0|  0|   4|           8|           8|
    |tmp_28_fu_6478_p2                |     -    |      0|  0|   4|           8|           8|
    |tmp_29_fu_6483_p2                |     -    |      0|  0|   4|           8|           8|
    |tmp_32_fu_6488_p2                |     -    |      0|  0|   4|           8|           8|
    |tmp_49_fu_1937_p2                |     -    |      0|  0|   7|           1|           7|
    |tmp_66_10_fu_5826_p2             |     -    |      0|  0|   4|           8|           8|
    |tmp_66_11_fu_5892_p2             |     -    |      0|  0|   4|           8|           8|
    |tmp_66_12_fu_5958_p2             |     -    |      0|  0|   4|           8|           8|
    |tmp_66_13_fu_6024_p2             |     -    |      0|  0|   4|           8|           8|
    |tmp_66_14_fu_6090_p2             |     -    |      0|  0|   4|           8|           8|
    |tmp_66_1_fu_6202_p2              |     -    |      0|  0|   4|           8|           8|
    |tmp_66_2_fu_5232_p2              |     -    |      0|  0|   4|           8|           8|
    |tmp_66_3_fu_5298_p2              |     -    |      0|  0|   4|           8|           8|
    |tmp_66_4_fu_5364_p2              |     -    |      0|  0|   4|           8|           8|
    |tmp_66_5_fu_5430_p2              |     -    |      0|  0|   4|           8|           8|
    |tmp_66_6_fu_5496_p2              |     -    |      0|  0|   4|           8|           8|
    |tmp_66_7_fu_5562_p2              |     -    |      0|  0|   4|           8|           8|
    |tmp_66_8_fu_5628_p2              |     -    |      0|  0|   4|           8|           8|
    |tmp_66_9_fu_5694_p2              |     -    |      0|  0|   4|           8|           8|
    |tmp_66_s_fu_5760_p2              |     -    |      0|  0|   4|           8|           8|
    |tmp_67_10_fu_6379_p2             |     -    |      0|  0|   4|           8|           8|
    |tmp_67_11_fu_6398_p2             |     -    |      0|  0|   4|           8|           8|
    |tmp_67_12_fu_6417_p2             |     -    |      0|  0|   4|           8|           8|
    |tmp_67_13_fu_6436_p2             |     -    |      0|  0|   4|           8|           8|
    |tmp_67_14_fu_6455_p2             |     -    |      0|  0|   4|           8|           8|
    |tmp_67_1_fu_6493_p2              |     -    |      0|  0|   4|           8|           8|
    |tmp_67_2_fu_6208_p2              |     -    |      0|  0|   4|           8|           8|
    |tmp_67_3_fu_6227_p2              |     -    |      0|  0|   4|           8|           8|
    |tmp_67_4_fu_6246_p2              |     -    |      0|  0|   4|           8|           8|
    |tmp_67_5_fu_6265_p2              |     -    |      0|  0|   4|           8|           8|
    |tmp_67_6_fu_6284_p2              |     -    |      0|  0|   4|           8|           8|
    |tmp_67_7_fu_6303_p2              |     -    |      0|  0|   4|           8|           8|
    |tmp_67_8_fu_6322_p2              |     -    |      0|  0|   4|           8|           8|
    |tmp_67_9_fu_6341_p2              |     -    |      0|  0|   4|           8|           8|
    |tmp_67_s_fu_6360_p2              |     -    |      0|  0|   4|           8|           8|
    |tmp_68_10_fu_6383_p2             |     -    |      0|  0|   4|           8|           8|
    |tmp_68_11_fu_6402_p2             |     -    |      0|  0|   4|           8|           8|
    |tmp_68_12_fu_6421_p2             |     -    |      0|  0|   4|           8|           8|
    |tmp_68_13_fu_6440_p2             |     -    |      0|  0|   4|           8|           8|
    |tmp_68_14_fu_6459_p2             |     -    |      0|  0|   4|           8|           8|
    |tmp_68_1_fu_6497_p2              |     -    |      0|  0|   4|           8|           8|
    |tmp_68_2_fu_6212_p2              |     -    |      0|  0|   4|           8|           8|
    |tmp_68_3_fu_6231_p2              |     -    |      0|  0|   4|           8|           8|
    |tmp_68_4_fu_6250_p2              |     -    |      0|  0|   4|           8|           8|
    |tmp_68_5_fu_6269_p2              |     -    |      0|  0|   4|           8|           8|
    |tmp_68_6_fu_6288_p2              |     -    |      0|  0|   4|           8|           8|
    |tmp_68_7_fu_6307_p2              |     -    |      0|  0|   4|           8|           8|
    |tmp_68_8_fu_6326_p2              |     -    |      0|  0|   4|           8|           8|
    |tmp_68_9_fu_6345_p2              |     -    |      0|  0|   4|           8|           8|
    |tmp_68_s_fu_6364_p2              |     -    |      0|  0|   4|           8|           8|
    |tmp_69_10_fu_6388_p2             |     -    |      0|  0|   4|           8|           8|
    |tmp_69_11_fu_6407_p2             |     -    |      0|  0|   4|           8|           8|
    |tmp_69_12_fu_6426_p2             |     -    |      0|  0|   4|           8|           8|
    |tmp_69_13_fu_6445_p2             |     -    |      0|  0|   4|           8|           8|
    |tmp_69_14_fu_6464_p2             |     -    |      0|  0|   4|           8|           8|
    |tmp_69_1_fu_6502_p2              |     -    |      0|  0|   4|           8|           8|
    |tmp_69_2_fu_6217_p2              |     -    |      0|  0|   4|           8|           8|
    |tmp_69_3_fu_6236_p2              |     -    |      0|  0|   4|           8|           8|
    |tmp_69_4_fu_6255_p2              |     -    |      0|  0|   4|           8|           8|
    |tmp_69_5_fu_6274_p2              |     -    |      0|  0|   4|           8|           8|
    |tmp_69_6_fu_6293_p2              |     -    |      0|  0|   4|           8|           8|
    |tmp_69_7_fu_6312_p2              |     -    |      0|  0|   4|           8|           8|
    |tmp_69_8_fu_6331_p2              |     -    |      0|  0|   4|           8|           8|
    |tmp_69_9_fu_6350_p2              |     -    |      0|  0|   4|           8|           8|
    |tmp_69_s_fu_6369_p2              |     -    |      0|  0|   4|           8|           8|
    |tmp_70_10_fu_6393_p2             |     -    |      0|  0|   4|           8|           8|
    |tmp_70_11_fu_6412_p2             |     -    |      0|  0|   4|           8|           8|
    |tmp_70_12_fu_6431_p2             |     -    |      0|  0|   4|           8|           8|
    |tmp_70_13_fu_6450_p2             |     -    |      0|  0|   4|           8|           8|
    |tmp_70_14_fu_6469_p2             |     -    |      0|  0|   4|           8|           8|
    |tmp_70_1_fu_6507_p2              |     -    |      0|  0|   4|           8|           8|
    |tmp_70_2_fu_6222_p2              |     -    |      0|  0|   4|           8|           8|
    |tmp_70_3_fu_6241_p2              |     -    |      0|  0|   4|           8|           8|
    |tmp_70_4_fu_6260_p2              |     -    |      0|  0|   4|           8|           8|
    |tmp_70_5_fu_6279_p2              |     -    |      0|  0|   4|           8|           8|
    |tmp_70_6_fu_6298_p2              |     -    |      0|  0|   4|           8|           8|
    |tmp_70_7_fu_6317_p2              |     -    |      0|  0|   4|           8|           8|
    |tmp_70_8_fu_6336_p2              |     -    |      0|  0|   4|           8|           8|
    |tmp_70_9_fu_6355_p2              |     -    |      0|  0|   4|           8|           8|
    |tmp_70_s_fu_6374_p2              |     -    |      0|  0|   4|           8|           8|
    |tmp_fu_1715_p2                   |     -    |      0|  0|  32|          32|          32|
    |tmp_s_fu_1731_p2                 |     -    |      0|  0|  32|          32|          32|
    |or_cond7_10_fu_5796_p2           |    and   |      0|  0|   1|           1|           1|
    |or_cond7_11_fu_5862_p2           |    and   |      0|  0|   1|           1|           1|
    |or_cond7_12_fu_5928_p2           |    and   |      0|  0|   1|           1|           1|
    |or_cond7_13_fu_5994_p2           |    and   |      0|  0|   1|           1|           1|
    |or_cond7_14_fu_6060_p2           |    and   |      0|  0|   1|           1|           1|
    |or_cond7_1_fu_6177_p2            |    and   |      0|  0|   1|           1|           1|
    |or_cond7_2_fu_5202_p2            |    and   |      0|  0|   1|           1|           1|
    |or_cond7_3_fu_5268_p2            |    and   |      0|  0|   1|           1|           1|
    |or_cond7_4_fu_5334_p2            |    and   |      0|  0|   1|           1|           1|
    |or_cond7_5_fu_5400_p2            |    and   |      0|  0|   1|           1|           1|
    |or_cond7_6_fu_5466_p2            |    and   |      0|  0|   1|           1|           1|
    |or_cond7_7_fu_5532_p2            |    and   |      0|  0|   1|           1|           1|
    |or_cond7_8_fu_5598_p2            |    and   |      0|  0|   1|           1|           1|
    |or_cond7_9_fu_5664_p2            |    and   |      0|  0|   1|           1|           1|
    |or_cond7_fu_6116_p2              |    and   |      0|  0|   1|           1|           1|
    |or_cond7_s_fu_5730_p2            |    and   |      0|  0|   1|           1|           1|
    |tmp10_fu_5197_p2                 |    and   |      0|  0|   1|           1|           1|
    |tmp13_fu_5257_p2                 |    and   |      0|  0|   1|           1|           1|
    |tmp14_fu_5263_p2                 |    and   |      0|  0|   1|           1|           1|
    |tmp17_fu_5323_p2                 |    and   |      0|  0|   1|           1|           1|
    |tmp18_fu_5329_p2                 |    and   |      0|  0|   1|           1|           1|
    |tmp1_fu_6106_p2                  |    and   |      0|  0|   1|           1|           1|
    |tmp21_fu_5389_p2                 |    and   |      0|  0|   1|           1|           1|
    |tmp22_fu_5395_p2                 |    and   |      0|  0|   1|           1|           1|
    |tmp25_fu_5455_p2                 |    and   |      0|  0|   1|           1|           1|
    |tmp26_fu_5461_p2                 |    and   |      0|  0|   1|           1|           1|
    |tmp29_fu_5521_p2                 |    and   |      0|  0|   1|           1|           1|
    |tmp2_fu_6112_p2                  |    and   |      0|  0|   1|           1|           1|
    |tmp30_fu_5527_p2                 |    and   |      0|  0|   1|           1|           1|
    |tmp33_fu_5587_p2                 |    and   |      0|  0|   1|           1|           1|
    |tmp34_fu_5593_p2                 |    and   |      0|  0|   1|           1|           1|
    |tmp37_fu_5653_p2                 |    and   |      0|  0|   1|           1|           1|
    |tmp38_fu_5659_p2                 |    and   |      0|  0|   1|           1|           1|
    |tmp41_fu_5719_p2                 |    and   |      0|  0|   1|           1|           1|
    |tmp42_fu_5725_p2                 |    and   |      0|  0|   1|           1|           1|
    |tmp45_fu_5785_p2                 |    and   |      0|  0|   1|           1|           1|
    |tmp46_fu_5791_p2                 |    and   |      0|  0|   1|           1|           1|
    |tmp49_fu_5851_p2                 |    and   |      0|  0|   1|           1|           1|
    |tmp50_fu_5857_p2                 |    and   |      0|  0|   1|           1|           1|
    |tmp53_fu_5917_p2                 |    and   |      0|  0|   1|           1|           1|
    |tmp54_fu_5923_p2                 |    and   |      0|  0|   1|           1|           1|
    |tmp57_fu_5983_p2                 |    and   |      0|  0|   1|           1|           1|
    |tmp58_fu_5989_p2                 |    and   |      0|  0|   1|           1|           1|
    |tmp5_fu_6166_p2                  |    and   |      0|  0|   1|           1|           1|
    |tmp61_fu_6049_p2                 |    and   |      0|  0|   1|           1|           1|
    |tmp62_fu_6055_p2                 |    and   |      0|  0|   1|           1|           1|
    |tmp6_fu_6172_p2                  |    and   |      0|  0|   1|           1|           1|
    |tmp9_fu_5191_p2                  |    and   |      0|  0|   1|           1|           1|
    |exitcond3_fu_1745_p2             |   icmp   |      0|  0|   5|          12|          12|
    |icmp1_fu_1851_p2                 |   icmp   |      0|  0|   6|          15|           1|
    |icmp_fu_1811_p2                  |   icmp   |      0|  0|   3|           8|           1|
    |slt10_fu_2177_p2                 |   icmp   |      0|  0|  11|          32|          32|
    |slt11_fu_5375_p2                 |   icmp   |      0|  0|  11|          32|          32|
    |slt12_fu_2235_p2                 |   icmp   |      0|  0|  11|          32|          32|
    |slt13_fu_5441_p2                 |   icmp   |      0|  0|  11|          32|          32|
    |slt14_fu_2293_p2                 |   icmp   |      0|  0|  11|          32|          32|
    |slt15_fu_5507_p2                 |   icmp   |      0|  0|  11|          32|          32|
    |slt16_fu_2351_p2                 |   icmp   |      0|  0|  11|          32|          32|
    |slt17_fu_5573_p2                 |   icmp   |      0|  0|  11|          32|          32|
    |slt18_fu_2409_p2                 |   icmp   |      0|  0|  11|          32|          32|
    |slt19_fu_5639_p2                 |   icmp   |      0|  0|  11|          32|          32|
    |slt1_fu_5063_p2                  |   icmp   |      0|  0|  11|          32|          32|
    |slt20_fu_2467_p2                 |   icmp   |      0|  0|  11|          32|          32|
    |slt21_fu_5705_p2                 |   icmp   |      0|  0|  11|          32|          32|
    |slt22_fu_2525_p2                 |   icmp   |      0|  0|  11|          32|          32|
    |slt23_fu_5771_p2                 |   icmp   |      0|  0|  11|          32|          32|
    |slt24_fu_2583_p2                 |   icmp   |      0|  0|  11|          32|          32|
    |slt25_fu_5837_p2                 |   icmp   |      0|  0|  11|          32|          32|
    |slt26_fu_2641_p2                 |   icmp   |      0|  0|  11|          32|          32|
    |slt27_fu_5903_p2                 |   icmp   |      0|  0|  11|          32|          32|
    |slt28_fu_2699_p2                 |   icmp   |      0|  0|  11|          32|          32|
    |slt29_fu_5969_p2                 |   icmp   |      0|  0|  11|          32|          32|
    |slt2_fu_5162_p2                  |   icmp   |      0|  0|  11|          32|          32|
    |slt30_fu_2757_p2                 |   icmp   |      0|  0|  11|          32|          32|
    |slt31_fu_6035_p2                 |   icmp   |      0|  0|  11|          32|          32|
    |slt3_fu_6152_p2                  |   icmp   |      0|  0|  11|          32|          32|
    |slt4_fu_2015_p2                  |   icmp   |      0|  0|  11|          32|          32|
    |slt5_fu_5177_p2                  |   icmp   |      0|  0|  11|          32|          32|
    |slt6_fu_2061_p2                  |   icmp   |      0|  0|  11|          32|          32|
    |slt7_fu_5243_p2                  |   icmp   |      0|  0|  11|          32|          32|
    |slt8_fu_2119_p2                  |   icmp   |      0|  0|  11|          32|          32|
    |slt9_fu_5309_p2                  |   icmp   |      0|  0|  11|          32|          32|
    |slt_fu_5058_p2                   |   icmp   |      0|  0|  11|          32|          32|
    |tmp_21_fu_5068_p2                |   icmp   |      0|  0|  11|          32|          32|
    |tmp_22_fu_5073_p2                |   icmp   |      0|  0|  11|          32|          32|
    |tmp_41_1_fu_1923_p2              |   icmp   |      0|  0|   6|          16|           1|
    |tmp_63_10_fu_2530_p2             |   icmp   |      0|  0|  11|          32|          32|
    |tmp_63_11_fu_2588_p2             |   icmp   |      0|  0|  11|          32|          32|
    |tmp_63_12_fu_2646_p2             |   icmp   |      0|  0|  11|          32|          32|
    |tmp_63_13_fu_2704_p2             |   icmp   |      0|  0|  11|          32|          32|
    |tmp_63_14_fu_2762_p2             |   icmp   |      0|  0|  11|          32|          32|
    |tmp_63_1_fu_5167_p2              |   icmp   |      0|  0|  11|          32|          32|
    |tmp_63_2_fu_2020_p2              |   icmp   |      0|  0|  11|          32|          32|
    |tmp_63_3_fu_2066_p2              |   icmp   |      0|  0|  11|          32|          32|
    |tmp_63_4_fu_2124_p2              |   icmp   |      0|  0|  11|          32|          32|
    |tmp_63_5_fu_2182_p2              |   icmp   |      0|  0|  11|          32|          32|
    |tmp_63_6_fu_2240_p2              |   icmp   |      0|  0|  11|          32|          32|
    |tmp_63_7_fu_2298_p2              |   icmp   |      0|  0|  11|          32|          32|
    |tmp_63_8_fu_2356_p2              |   icmp   |      0|  0|  11|          32|          32|
    |tmp_63_9_fu_2414_p2              |   icmp   |      0|  0|  11|          32|          32|
    |tmp_63_s_fu_2472_p2              |   icmp   |      0|  0|  11|          32|          32|
    |tmp_64_10_fu_5781_p2             |   icmp   |      0|  0|  11|          32|          32|
    |tmp_64_11_fu_5847_p2             |   icmp   |      0|  0|  11|          32|          32|
    |tmp_64_12_fu_5913_p2             |   icmp   |      0|  0|  11|          32|          32|
    |tmp_64_13_fu_5979_p2             |   icmp   |      0|  0|  11|          32|          32|
    |tmp_64_14_fu_6045_p2             |   icmp   |      0|  0|  11|          32|          32|
    |tmp_64_1_fu_6162_p2              |   icmp   |      0|  0|  11|          32|          32|
    |tmp_64_2_fu_5187_p2              |   icmp   |      0|  0|  11|          32|          32|
    |tmp_64_3_fu_5253_p2              |   icmp   |      0|  0|  11|          32|          32|
    |tmp_64_4_fu_5319_p2              |   icmp   |      0|  0|  11|          32|          32|
    |tmp_64_5_fu_5385_p2              |   icmp   |      0|  0|  11|          32|          32|
    |tmp_64_6_fu_5451_p2              |   icmp   |      0|  0|  11|          32|          32|
    |tmp_64_7_fu_5517_p2              |   icmp   |      0|  0|  11|          32|          32|
    |tmp_64_8_fu_5583_p2              |   icmp   |      0|  0|  11|          32|          32|
    |tmp_64_9_fu_5649_p2              |   icmp   |      0|  0|  11|          32|          32|
    |tmp_64_s_fu_5715_p2              |   icmp   |      0|  0|  11|          32|          32|
    |ap_enable_pp0                    |    or    |      0|  0|   1|           1|           1|
    |output_index_10_cast_fu_2599_p2  |    or    |      0|  0|  10|           7|           4|
    |output_index_11_cast_fu_2657_p2  |    or    |      0|  0|  10|           7|           4|
    |output_index_12_cast_fu_2715_p2  |    or    |      0|  0|  10|           7|           4|
    |output_index_2_cast_fu_2483_p2   |    or    |      0|  0|  10|           7|           4|
    |output_index_3_cast_fu_2541_p2   |    or    |      0|  0|  10|           7|           4|
    |output_index_4_cast_fu_2077_p2   |    or    |      0|  0|  10|           7|           2|
    |output_index_5_cast_fu_2135_p2   |    or    |      0|  0|  10|           7|           2|
    |output_index_6_cast_fu_2193_p2   |    or    |      0|  0|  10|           7|           3|
    |output_index_7_cast_fu_2251_p2   |    or    |      0|  0|  10|           7|           3|
    |output_index_8_cast_fu_2309_p2   |    or    |      0|  0|  10|           7|           3|
    |output_index_9_cast_fu_2367_p2   |    or    |      0|  0|  10|           7|           3|
    |output_index_cast_fu_2425_p2     |    or    |      0|  0|  10|           7|           4|
    |output_index_tr_s_fu_1957_p2     |    or    |      0|  0|  26|          18|           1|
    |tmp_40_1_cast_fu_1917_p2         |    or    |      0|  0|  10|           7|           1|
    |i_1_fu_5096_p3                   |  select  |      0|  0|  16|           1|          16|
    |i_fu_5009_p3                     |  select  |      0|  0|  16|           1|          16|
    |stencil_buf_0_17_2_fu_4897_p3    |  select  |      0|  0|   8|           1|           8|
    |stencil_buf_10_16_2_fu_4855_p3   |  select  |      0|  0|   8|           1|           8|
    |stencil_buf_11_16_2_fu_4862_p3   |  select  |      0|  0|   8|           1|           8|
    |stencil_buf_12_16_2_fu_4869_p3   |  select  |      0|  0|   8|           1|           8|
    |stencil_buf_13_16_2_fu_4876_p3   |  select  |      0|  0|   8|           1|           8|
    |stencil_buf_14_16_2_fu_4883_p3   |  select  |      0|  0|   8|           1|           8|
    |stencil_buf_15_16_2_fu_4890_p3   |  select  |      0|  0|   8|           1|           8|
    |stencil_buf_1_17_2_fu_4904_p3    |  select  |      0|  0|   8|           1|           8|
    |stencil_buf_2_16_2_fu_4799_p3    |  select  |      0|  0|   8|           1|           8|
    |stencil_buf_3_16_2_fu_4806_p3    |  select  |      0|  0|   8|           1|           8|
    |stencil_buf_4_16_2_fu_4813_p3    |  select  |      0|  0|   8|           1|           8|
    |stencil_buf_5_16_2_fu_4820_p3    |  select  |      0|  0|   8|           1|           8|
    |stencil_buf_6_16_2_fu_4827_p3    |  select  |      0|  0|   8|           1|           8|
    |stencil_buf_7_16_2_fu_4834_p3    |  select  |      0|  0|   8|           1|           8|
    |stencil_buf_8_16_2_fu_4841_p3    |  select  |      0|  0|   8|           1|           8|
    |stencil_buf_9_16_2_fu_4848_p3    |  select  |      0|  0|   8|           1|           8|
    |tmp_19_fu_5037_p3                |  select  |      0|  0|  12|           1|          12|
    |tmp_23_fu_5140_p3                |  select  |      0|  0|  12|           1|          12|
    |rev10_fu_5370_p2                 |    xor   |      0|  0|   2|           1|           2|
    |rev11_fu_5379_p2                 |    xor   |      0|  0|   2|           1|           2|
    |rev12_fu_5436_p2                 |    xor   |      0|  0|   2|           1|           2|
    |rev13_fu_5445_p2                 |    xor   |      0|  0|   2|           1|           2|
    |rev14_fu_5502_p2                 |    xor   |      0|  0|   2|           1|           2|
    |rev15_fu_5511_p2                 |    xor   |      0|  0|   2|           1|           2|
    |rev16_fu_5568_p2                 |    xor   |      0|  0|   2|           1|           2|
    |rev17_fu_5577_p2                 |    xor   |      0|  0|   2|           1|           2|
    |rev18_fu_5634_p2                 |    xor   |      0|  0|   2|           1|           2|
    |rev19_fu_5643_p2                 |    xor   |      0|  0|   2|           1|           2|
    |rev1_fu_6101_p2                  |    xor   |      0|  0|   2|           1|           2|
    |rev20_fu_5700_p2                 |    xor   |      0|  0|   2|           1|           2|
    |rev21_fu_5709_p2                 |    xor   |      0|  0|   2|           1|           2|
    |rev22_fu_5766_p2                 |    xor   |      0|  0|   2|           1|           2|
    |rev23_fu_5775_p2                 |    xor   |      0|  0|   2|           1|           2|
    |rev24_fu_5832_p2                 |    xor   |      0|  0|   2|           1|           2|
    |rev25_fu_5841_p2                 |    xor   |      0|  0|   2|           1|           2|
    |rev26_fu_5898_p2                 |    xor   |      0|  0|   2|           1|           2|
    |rev27_fu_5907_p2                 |    xor   |      0|  0|   2|           1|           2|
    |rev28_fu_5964_p2                 |    xor   |      0|  0|   2|           1|           2|
    |rev29_fu_5973_p2                 |    xor   |      0|  0|   2|           1|           2|
    |rev2_fu_6147_p2                  |    xor   |      0|  0|   2|           1|           2|
    |rev30_fu_6030_p2                 |    xor   |      0|  0|   2|           1|           2|
    |rev31_fu_6039_p2                 |    xor   |      0|  0|   2|           1|           2|
    |rev3_fu_6156_p2                  |    xor   |      0|  0|   2|           1|           2|
    |rev4_fu_5172_p2                  |    xor   |      0|  0|   2|           1|           2|
    |rev5_fu_5181_p2                  |    xor   |      0|  0|   2|           1|           2|
    |rev6_fu_5238_p2                  |    xor   |      0|  0|   2|           1|           2|
    |rev7_fu_5247_p2                  |    xor   |      0|  0|   2|           1|           2|
    |rev8_fu_5304_p2                  |    xor   |      0|  0|   2|           1|           2|
    |rev9_fu_5313_p2                  |    xor   |      0|  0|   2|           1|           2|
    |rev_fu_6096_p2                   |    xor   |      0|  0|   2|           1|           2|
    +---------------------------------+----------+-------+---+----+------------+------------+
    |Total                            |          |      0|  0|3366|        4788|        4855|
    +---------------------------------+----------+-------+---+----+------------+------------+

    * Multiplexer: 
    +-------------------------+----+-----------+-----+-----------+
    |           Name          | LUT| Input Size| Bits| Total Bits|
    +-------------------------+----+-----------+-----+-----------+
    |ap_NS_fsm                |  72|         40|    1|         40|
    |ap_enable_reg_pp0_iter1  |   1|          2|    1|          2|
    |ap_enable_reg_pp0_iter2  |   1|          2|    1|          2|
    |ap_enable_reg_pp0_iter4  |   1|          2|    1|          2|
    |input_index_reg_1682     |  12|          2|   12|         24|
    +-------------------------+----+-----------+-----+-----------+
    |Total                    |  87|         48|   16|         70|
    +-------------------------+----+-----------+-----+-----------+

    * Register: 
    +----------------------------------------------------------+----+----+-----+-----------+
    |                           Name                           | FF | LUT| Bits| Const Bits|
    +----------------------------------------------------------+----+----+-----+-----------+
    |ap_CS_fsm                                                 |  39|   0|   39|          0|
    |ap_enable_reg_pp0_iter0                                   |   1|   0|    1|          0|
    |ap_enable_reg_pp0_iter1                                   |   1|   0|    1|          0|
    |ap_enable_reg_pp0_iter2                                   |   1|   0|    1|          0|
    |ap_enable_reg_pp0_iter3                                   |   1|   0|    1|          0|
    |ap_enable_reg_pp0_iter4                                   |   1|   0|    1|          0|
    |ap_pipeline_reg_pp0_iter2_or_cond7_10_reg_9291            |   1|   0|    1|          0|
    |ap_pipeline_reg_pp0_iter2_or_cond7_11_reg_9300            |   1|   0|    1|          0|
    |ap_pipeline_reg_pp0_iter2_or_cond7_12_reg_9309            |   1|   0|    1|          0|
    |ap_pipeline_reg_pp0_iter2_or_cond7_13_reg_9318            |   1|   0|    1|          0|
    |ap_pipeline_reg_pp0_iter2_or_cond7_14_reg_9327            |   1|   0|    1|          0|
    |ap_pipeline_reg_pp0_iter2_or_cond7_2_reg_9210             |   1|   0|    1|          0|
    |ap_pipeline_reg_pp0_iter2_or_cond7_3_reg_9219             |   1|   0|    1|          0|
    |ap_pipeline_reg_pp0_iter2_or_cond7_4_reg_9228             |   1|   0|    1|          0|
    |ap_pipeline_reg_pp0_iter2_or_cond7_5_reg_9237             |   1|   0|    1|          0|
    |ap_pipeline_reg_pp0_iter2_or_cond7_6_reg_9246             |   1|   0|    1|          0|
    |ap_pipeline_reg_pp0_iter2_or_cond7_7_reg_9255             |   1|   0|    1|          0|
    |ap_pipeline_reg_pp0_iter2_or_cond7_8_reg_9264             |   1|   0|    1|          0|
    |ap_pipeline_reg_pp0_iter2_or_cond7_9_reg_9273             |   1|   0|    1|          0|
    |ap_pipeline_reg_pp0_iter2_or_cond7_s_reg_9282             |   1|   0|    1|          0|
    |ap_pipeline_reg_pp0_iter2_stencil_buf_0_15_load_reg_9054  |   8|   0|    8|          0|
    |ap_pipeline_reg_pp0_iter2_stencil_buf_1_15_load_reg_9059  |   8|   0|    8|          0|
    |ap_pipeline_reg_pp0_iter2_stencil_buf_2_16_2_reg_9065     |   8|   0|    8|          0|
    |ap_pipeline_reg_pp0_iter2_stencil_buf_2_7_load_reg_8978   |   8|   0|    8|          0|
    |ap_pipeline_reg_pp0_iter2_stencil_buf_3_16_2_reg_9072     |   8|   0|    8|          0|
    |ap_pipeline_reg_pp0_iter2_stencil_buf_3_7_load_reg_8989   |   8|   0|    8|          0|
    |ap_pipeline_reg_pp0_iter3_or_cond7_1_reg_9345             |   1|   0|    1|          0|
    |ap_pipeline_reg_pp0_iter3_or_cond7_reg_9336               |   1|   0|    1|          0|
    |exitcond3_reg_8480                                        |   1|   0|    1|          0|
    |icmp1_reg_8626                                            |   1|   0|    1|          0|
    |icmp_reg_8595                                             |   1|   0|    1|          0|
    |input_index_reg_1682                                      |  12|   0|   12|          0|
    |or_cond7_10_reg_9291                                      |   1|   0|    1|          0|
    |or_cond7_11_reg_9300                                      |   1|   0|    1|          0|
    |or_cond7_12_reg_9309                                      |   1|   0|    1|          0|
    |or_cond7_13_reg_9318                                      |   1|   0|    1|          0|
    |or_cond7_14_reg_9327                                      |   1|   0|    1|          0|
    |or_cond7_1_reg_9345                                       |   1|   0|    1|          0|
    |or_cond7_2_reg_9210                                       |   1|   0|    1|          0|
    |or_cond7_3_reg_9219                                       |   1|   0|    1|          0|
    |or_cond7_4_reg_9228                                       |   1|   0|    1|          0|
    |or_cond7_5_reg_9237                                       |   1|   0|    1|          0|
    |or_cond7_6_reg_9246                                       |   1|   0|    1|          0|
    |or_cond7_7_reg_9255                                       |   1|   0|    1|          0|
    |or_cond7_8_reg_9264                                       |   1|   0|    1|          0|
    |or_cond7_9_reg_9273                                       |   1|   0|    1|          0|
    |or_cond7_reg_9336                                         |   1|   0|    1|          0|
    |or_cond7_s_reg_9282                                       |   1|   0|    1|          0|
    |output_index_1_reg_8640                                   |  12|   0|   16|          4|
    |p_neg_t2_reg_8630                                         |  12|   0|   16|          4|
    |p_neg_t8_reg_8650                                         |  12|   0|   16|          4|
    |p_neg_t_reg_8635                                          |  12|   0|   12|          0|
    |q_10_reg_8844                                             |  32|   0|   32|          0|
    |q_11_reg_8864                                             |  32|   0|   32|          0|
    |q_12_reg_8884                                             |  32|   0|   32|          0|
    |q_13_reg_8904                                             |  32|   0|   32|          0|
    |q_14_reg_8924                                             |  32|   0|   32|          0|
    |q_1_reg_9194                                              |  32|   0|   32|          0|
    |q_2_reg_8664                                              |  32|   0|   32|          0|
    |q_3_reg_8684                                              |  32|   0|   32|          0|
    |q_4_reg_8704                                              |  32|   0|   32|          0|
    |q_5_reg_8724                                              |  32|   0|   32|          0|
    |q_6_reg_8744                                              |  32|   0|   32|          0|
    |q_7_reg_8764                                              |  32|   0|   32|          0|
    |q_8_reg_8784                                              |  32|   0|   32|          0|
    |q_9_reg_8804                                              |  32|   0|   32|          0|
    |q_s_reg_8824                                              |  32|   0|   32|          0|
    |slt10_reg_8730                                            |   1|   0|    1|          0|
    |slt12_reg_8750                                            |   1|   0|    1|          0|
    |slt14_reg_8770                                            |   1|   0|    1|          0|
    |slt16_reg_8790                                            |   1|   0|    1|          0|
    |slt18_reg_8810                                            |   1|   0|    1|          0|
    |slt1_reg_9179                                             |   1|   0|    1|          0|
    |slt20_reg_8830                                            |   1|   0|    1|          0|
    |slt22_reg_8850                                            |   1|   0|    1|          0|
    |slt24_reg_8870                                            |   1|   0|    1|          0|
    |slt26_reg_8890                                            |   1|   0|    1|          0|
    |slt28_reg_8910                                            |   1|   0|    1|          0|
    |slt2_reg_9200                                             |   1|   0|    1|          0|
    |slt30_reg_8930                                            |   1|   0|    1|          0|
    |slt4_reg_8670                                             |   1|   0|    1|          0|
    |slt6_reg_8690                                             |   1|   0|    1|          0|
    |slt8_reg_8710                                             |   1|   0|    1|          0|
    |slt_reg_9174                                              |   1|   0|    1|          0|
    |stencil_buf_0_0_fu_228                                    |   8|   0|    8|          0|
    |stencil_buf_0_0_load_reg_8940                             |   8|   0|    8|          0|
    |stencil_buf_0_0_s_fu_224                                  |   8|   0|    8|          0|
    |stencil_buf_0_10_fu_268                                   |   8|   0|    8|          0|
    |stencil_buf_0_11_fu_272                                   |   8|   0|    8|          0|
    |stencil_buf_0_12_fu_276                                   |   8|   0|    8|          0|
    |stencil_buf_0_13_fu_280                                   |   8|   0|    8|          0|
    |stencil_buf_0_14_fu_284                                   |   8|   0|    8|          0|
    |stencil_buf_0_15_fu_288                                   |   8|   0|    8|          0|
    |stencil_buf_0_15_load_reg_9054                            |   8|   0|    8|          0|
    |stencil_buf_0_17_2_reg_9163                               |   8|   0|    8|          0|
    |stencil_buf_0_1_fu_232                                    |   8|   0|    8|          0|
    |stencil_buf_0_2_fu_236                                    |   8|   0|    8|          0|
    |stencil_buf_0_3_fu_240                                    |   8|   0|    8|          0|
    |stencil_buf_0_4_fu_244                                    |   8|   0|    8|          0|
    |stencil_buf_0_5_fu_248                                    |   8|   0|    8|          0|
    |stencil_buf_0_6_fu_252                                    |   8|   0|    8|          0|
    |stencil_buf_0_7_fu_256                                    |   8|   0|    8|          0|
    |stencil_buf_0_7_load_reg_8945                             |   8|   0|    8|          0|
    |stencil_buf_0_8_fu_260                                    |   8|   0|    8|          0|
    |stencil_buf_0_8_load_reg_8950                             |   8|   0|    8|          0|
    |stencil_buf_0_9_fu_264                                    |   8|   0|    8|          0|
    |stencil_buf_10_0_fu_876                                   |   8|   0|    8|          0|
    |stencil_buf_10_0_s_fu_872                                 |   8|   0|    8|          0|
    |stencil_buf_10_10_fu_916                                  |   8|   0|    8|          0|
    |stencil_buf_10_11_fu_920                                  |   8|   0|    8|          0|
    |stencil_buf_10_12_fu_924                                  |   8|   0|    8|          0|
    |stencil_buf_10_13_fu_928                                  |   8|   0|    8|          0|
    |stencil_buf_10_14_fu_932                                  |   8|   0|    8|          0|
    |stencil_buf_10_16_2_reg_9121                              |   8|   0|    8|          0|
    |stencil_buf_10_1_fu_880                                   |   8|   0|    8|          0|
    |stencil_buf_10_2_fu_884                                   |   8|   0|    8|          0|
    |stencil_buf_10_3_fu_888                                   |   8|   0|    8|          0|
    |stencil_buf_10_4_fu_892                                   |   8|   0|    8|          0|
    |stencil_buf_10_5_fu_896                                   |   8|   0|    8|          0|
    |stencil_buf_10_6_fu_900                                   |   8|   0|    8|          0|
    |stencil_buf_10_7_fu_904                                   |   8|   0|    8|          0|
    |stencil_buf_10_7_load_reg_9024                            |   8|   0|    8|          0|
    |stencil_buf_10_8_fu_908                                   |   8|   0|    8|          0|
    |stencil_buf_10_9_fu_912                                   |   8|   0|    8|          0|
    |stencil_buf_11_0_fu_940                                   |   8|   0|    8|          0|
    |stencil_buf_11_0_s_fu_936                                 |   8|   0|    8|          0|
    |stencil_buf_11_10_fu_980                                  |   8|   0|    8|          0|
    |stencil_buf_11_11_fu_984                                  |   8|   0|    8|          0|
    |stencil_buf_11_12_fu_988                                  |   8|   0|    8|          0|
    |stencil_buf_11_13_fu_992                                  |   8|   0|    8|          0|
    |stencil_buf_11_14_fu_996                                  |   8|   0|    8|          0|
    |stencil_buf_11_16_2_reg_9128                              |   8|   0|    8|          0|
    |stencil_buf_11_1_fu_944                                   |   8|   0|    8|          0|
    |stencil_buf_11_2_fu_948                                   |   8|   0|    8|          0|
    |stencil_buf_11_3_fu_952                                   |   8|   0|    8|          0|
    |stencil_buf_11_4_fu_956                                   |   8|   0|    8|          0|
    |stencil_buf_11_5_fu_960                                   |   8|   0|    8|          0|
    |stencil_buf_11_6_fu_964                                   |   8|   0|    8|          0|
    |stencil_buf_11_7_fu_968                                   |   8|   0|    8|          0|
    |stencil_buf_11_7_load_reg_9029                            |   8|   0|    8|          0|
    |stencil_buf_11_8_fu_972                                   |   8|   0|    8|          0|
    |stencil_buf_11_9_fu_976                                   |   8|   0|    8|          0|
    |stencil_buf_12_0_fu_1004                                  |   8|   0|    8|          0|
    |stencil_buf_12_0_s_fu_1000                                |   8|   0|    8|          0|
    |stencil_buf_12_10_fu_1044                                 |   8|   0|    8|          0|
    |stencil_buf_12_11_fu_1048                                 |   8|   0|    8|          0|
    |stencil_buf_12_12_fu_1052                                 |   8|   0|    8|          0|
    |stencil_buf_12_13_fu_1056                                 |   8|   0|    8|          0|
    |stencil_buf_12_14_fu_1060                                 |   8|   0|    8|          0|
    |stencil_buf_12_16_2_reg_9135                              |   8|   0|    8|          0|
    |stencil_buf_12_1_fu_1008                                  |   8|   0|    8|          0|
    |stencil_buf_12_2_fu_1012                                  |   8|   0|    8|          0|
    |stencil_buf_12_3_fu_1016                                  |   8|   0|    8|          0|
    |stencil_buf_12_4_fu_1020                                  |   8|   0|    8|          0|
    |stencil_buf_12_5_fu_1024                                  |   8|   0|    8|          0|
    |stencil_buf_12_6_fu_1028                                  |   8|   0|    8|          0|
    |stencil_buf_12_7_fu_1032                                  |   8|   0|    8|          0|
    |stencil_buf_12_7_load_reg_9034                            |   8|   0|    8|          0|
    |stencil_buf_12_8_fu_1036                                  |   8|   0|    8|          0|
    |stencil_buf_12_9_fu_1040                                  |   8|   0|    8|          0|
    |stencil_buf_13_0_fu_1068                                  |   8|   0|    8|          0|
    |stencil_buf_13_0_s_fu_1064                                |   8|   0|    8|          0|
    |stencil_buf_13_10_fu_1108                                 |   8|   0|    8|          0|
    |stencil_buf_13_11_fu_1112                                 |   8|   0|    8|          0|
    |stencil_buf_13_12_fu_1116                                 |   8|   0|    8|          0|
    |stencil_buf_13_13_fu_1120                                 |   8|   0|    8|          0|
    |stencil_buf_13_14_fu_1124                                 |   8|   0|    8|          0|
    |stencil_buf_13_16_2_reg_9142                              |   8|   0|    8|          0|
    |stencil_buf_13_1_fu_1072                                  |   8|   0|    8|          0|
    |stencil_buf_13_2_fu_1076                                  |   8|   0|    8|          0|
    |stencil_buf_13_3_fu_1080                                  |   8|   0|    8|          0|
    |stencil_buf_13_4_fu_1084                                  |   8|   0|    8|          0|
    |stencil_buf_13_5_fu_1088                                  |   8|   0|    8|          0|
    |stencil_buf_13_6_fu_1092                                  |   8|   0|    8|          0|
    |stencil_buf_13_7_fu_1096                                  |   8|   0|    8|          0|
    |stencil_buf_13_7_load_reg_9039                            |   8|   0|    8|          0|
    |stencil_buf_13_8_fu_1100                                  |   8|   0|    8|          0|
    |stencil_buf_13_9_fu_1104                                  |   8|   0|    8|          0|
    |stencil_buf_14_0_fu_1132                                  |   8|   0|    8|          0|
    |stencil_buf_14_0_s_fu_1128                                |   8|   0|    8|          0|
    |stencil_buf_14_10_fu_1172                                 |   8|   0|    8|          0|
    |stencil_buf_14_11_fu_1176                                 |   8|   0|    8|          0|
    |stencil_buf_14_12_fu_1180                                 |   8|   0|    8|          0|
    |stencil_buf_14_13_fu_1184                                 |   8|   0|    8|          0|
    |stencil_buf_14_14_fu_1188                                 |   8|   0|    8|          0|
    |stencil_buf_14_16_2_reg_9149                              |   8|   0|    8|          0|
    |stencil_buf_14_1_fu_1136                                  |   8|   0|    8|          0|
    |stencil_buf_14_2_fu_1140                                  |   8|   0|    8|          0|
    |stencil_buf_14_3_fu_1144                                  |   8|   0|    8|          0|
    |stencil_buf_14_4_fu_1148                                  |   8|   0|    8|          0|
    |stencil_buf_14_5_fu_1152                                  |   8|   0|    8|          0|
    |stencil_buf_14_6_fu_1156                                  |   8|   0|    8|          0|
    |stencil_buf_14_7_fu_1160                                  |   8|   0|    8|          0|
    |stencil_buf_14_7_load_reg_9044                            |   8|   0|    8|          0|
    |stencil_buf_14_8_fu_1164                                  |   8|   0|    8|          0|
    |stencil_buf_14_9_fu_1168                                  |   8|   0|    8|          0|
    |stencil_buf_15_0_fu_1196                                  |   8|   0|    8|          0|
    |stencil_buf_15_0_s_fu_1192                                |   8|   0|    8|          0|
    |stencil_buf_15_10_fu_1236                                 |   8|   0|    8|          0|
    |stencil_buf_15_11_fu_1240                                 |   8|   0|    8|          0|
    |stencil_buf_15_12_fu_1244                                 |   8|   0|    8|          0|
    |stencil_buf_15_13_fu_1248                                 |   8|   0|    8|          0|
    |stencil_buf_15_14_fu_1252                                 |   8|   0|    8|          0|
    |stencil_buf_15_16_2_reg_9156                              |   8|   0|    8|          0|
    |stencil_buf_15_1_fu_1200                                  |   8|   0|    8|          0|
    |stencil_buf_15_2_fu_1204                                  |   8|   0|    8|          0|
    |stencil_buf_15_3_fu_1208                                  |   8|   0|    8|          0|
    |stencil_buf_15_4_fu_1212                                  |   8|   0|    8|          0|
    |stencil_buf_15_5_fu_1216                                  |   8|   0|    8|          0|
    |stencil_buf_15_6_fu_1220                                  |   8|   0|    8|          0|
    |stencil_buf_15_7_fu_1224                                  |   8|   0|    8|          0|
    |stencil_buf_15_7_load_reg_9049                            |   8|   0|    8|          0|
    |stencil_buf_15_8_fu_1228                                  |   8|   0|    8|          0|
    |stencil_buf_15_9_fu_1232                                  |   8|   0|    8|          0|
    |stencil_buf_1_0_fu_296                                    |   8|   0|    8|          0|
    |stencil_buf_1_0_load_reg_8955                             |   8|   0|    8|          0|
    |stencil_buf_1_0_s_fu_292                                  |   8|   0|    8|          0|
    |stencil_buf_1_10_fu_336                                   |   8|   0|    8|          0|
    |stencil_buf_1_11_fu_340                                   |   8|   0|    8|          0|
    |stencil_buf_1_12_fu_344                                   |   8|   0|    8|          0|
    |stencil_buf_1_13_fu_348                                   |   8|   0|    8|          0|
    |stencil_buf_1_14_fu_352                                   |   8|   0|    8|          0|
    |stencil_buf_1_15_fu_356                                   |   8|   0|    8|          0|
    |stencil_buf_1_15_load_reg_9059                            |   8|   0|    8|          0|
    |stencil_buf_1_17_2_reg_9169                               |   8|   0|    8|          0|
    |stencil_buf_1_1_fu_300                                    |   8|   0|    8|          0|
    |stencil_buf_1_2_fu_304                                    |   8|   0|    8|          0|
    |stencil_buf_1_3_fu_308                                    |   8|   0|    8|          0|
    |stencil_buf_1_4_fu_312                                    |   8|   0|    8|          0|
    |stencil_buf_1_5_fu_316                                    |   8|   0|    8|          0|
    |stencil_buf_1_6_fu_320                                    |   8|   0|    8|          0|
    |stencil_buf_1_7_fu_324                                    |   8|   0|    8|          0|
    |stencil_buf_1_7_load_reg_8961                             |   8|   0|    8|          0|
    |stencil_buf_1_8_fu_328                                    |   8|   0|    8|          0|
    |stencil_buf_1_8_load_reg_8967                             |   8|   0|    8|          0|
    |stencil_buf_1_9_fu_332                                    |   8|   0|    8|          0|
    |stencil_buf_2_0_fu_364                                    |   8|   0|    8|          0|
    |stencil_buf_2_0_load_reg_8972                             |   8|   0|    8|          0|
    |stencil_buf_2_0_s_fu_360                                  |   8|   0|    8|          0|
    |stencil_buf_2_10_fu_404                                   |   8|   0|    8|          0|
    |stencil_buf_2_11_fu_408                                   |   8|   0|    8|          0|
    |stencil_buf_2_12_fu_412                                   |   8|   0|    8|          0|
    |stencil_buf_2_13_fu_416                                   |   8|   0|    8|          0|
    |stencil_buf_2_14_fu_420                                   |   8|   0|    8|          0|
    |stencil_buf_2_16_2_reg_9065                               |   8|   0|    8|          0|
    |stencil_buf_2_1_fu_368                                    |   8|   0|    8|          0|
    |stencil_buf_2_2_fu_372                                    |   8|   0|    8|          0|
    |stencil_buf_2_3_fu_376                                    |   8|   0|    8|          0|
    |stencil_buf_2_4_fu_380                                    |   8|   0|    8|          0|
    |stencil_buf_2_5_fu_384                                    |   8|   0|    8|          0|
    |stencil_buf_2_6_fu_388                                    |   8|   0|    8|          0|
    |stencil_buf_2_7_fu_392                                    |   8|   0|    8|          0|
    |stencil_buf_2_7_load_reg_8978                             |   8|   0|    8|          0|
    |stencil_buf_2_8_fu_396                                    |   8|   0|    8|          0|
    |stencil_buf_2_9_fu_400                                    |   8|   0|    8|          0|
    |stencil_buf_3_0_fu_428                                    |   8|   0|    8|          0|
    |stencil_buf_3_0_load_reg_8984                             |   8|   0|    8|          0|
    |stencil_buf_3_0_s_fu_424                                  |   8|   0|    8|          0|
    |stencil_buf_3_10_fu_468                                   |   8|   0|    8|          0|
    |stencil_buf_3_11_fu_472                                   |   8|   0|    8|          0|
    |stencil_buf_3_12_fu_476                                   |   8|   0|    8|          0|
    |stencil_buf_3_13_fu_480                                   |   8|   0|    8|          0|
    |stencil_buf_3_14_fu_484                                   |   8|   0|    8|          0|
    |stencil_buf_3_16_2_reg_9072                               |   8|   0|    8|          0|
    |stencil_buf_3_1_fu_432                                    |   8|   0|    8|          0|
    |stencil_buf_3_2_fu_436                                    |   8|   0|    8|          0|
    |stencil_buf_3_3_fu_440                                    |   8|   0|    8|          0|
    |stencil_buf_3_4_fu_444                                    |   8|   0|    8|          0|
    |stencil_buf_3_5_fu_448                                    |   8|   0|    8|          0|
    |stencil_buf_3_6_fu_452                                    |   8|   0|    8|          0|
    |stencil_buf_3_7_fu_456                                    |   8|   0|    8|          0|
    |stencil_buf_3_7_load_reg_8989                             |   8|   0|    8|          0|
    |stencil_buf_3_8_fu_460                                    |   8|   0|    8|          0|
    |stencil_buf_3_9_fu_464                                    |   8|   0|    8|          0|
    |stencil_buf_4_0_fu_492                                    |   8|   0|    8|          0|
    |stencil_buf_4_0_s_fu_488                                  |   8|   0|    8|          0|
    |stencil_buf_4_10_fu_532                                   |   8|   0|    8|          0|
    |stencil_buf_4_11_fu_536                                   |   8|   0|    8|          0|
    |stencil_buf_4_12_fu_540                                   |   8|   0|    8|          0|
    |stencil_buf_4_13_fu_544                                   |   8|   0|    8|          0|
    |stencil_buf_4_14_fu_548                                   |   8|   0|    8|          0|
    |stencil_buf_4_16_2_reg_9079                               |   8|   0|    8|          0|
    |stencil_buf_4_1_fu_496                                    |   8|   0|    8|          0|
    |stencil_buf_4_2_fu_500                                    |   8|   0|    8|          0|
    |stencil_buf_4_3_fu_504                                    |   8|   0|    8|          0|
    |stencil_buf_4_4_fu_508                                    |   8|   0|    8|          0|
    |stencil_buf_4_5_fu_512                                    |   8|   0|    8|          0|
    |stencil_buf_4_6_fu_516                                    |   8|   0|    8|          0|
    |stencil_buf_4_7_fu_520                                    |   8|   0|    8|          0|
    |stencil_buf_4_7_load_reg_8994                             |   8|   0|    8|          0|
    |stencil_buf_4_8_fu_524                                    |   8|   0|    8|          0|
    |stencil_buf_4_9_fu_528                                    |   8|   0|    8|          0|
    |stencil_buf_5_0_fu_556                                    |   8|   0|    8|          0|
    |stencil_buf_5_0_s_fu_552                                  |   8|   0|    8|          0|
    |stencil_buf_5_10_fu_596                                   |   8|   0|    8|          0|
    |stencil_buf_5_11_fu_600                                   |   8|   0|    8|          0|
    |stencil_buf_5_12_fu_604                                   |   8|   0|    8|          0|
    |stencil_buf_5_13_fu_608                                   |   8|   0|    8|          0|
    |stencil_buf_5_14_fu_612                                   |   8|   0|    8|          0|
    |stencil_buf_5_16_2_reg_9086                               |   8|   0|    8|          0|
    |stencil_buf_5_1_fu_560                                    |   8|   0|    8|          0|
    |stencil_buf_5_2_fu_564                                    |   8|   0|    8|          0|
    |stencil_buf_5_3_fu_568                                    |   8|   0|    8|          0|
    |stencil_buf_5_4_fu_572                                    |   8|   0|    8|          0|
    |stencil_buf_5_5_fu_576                                    |   8|   0|    8|          0|
    |stencil_buf_5_6_fu_580                                    |   8|   0|    8|          0|
    |stencil_buf_5_7_fu_584                                    |   8|   0|    8|          0|
    |stencil_buf_5_7_load_reg_8999                             |   8|   0|    8|          0|
    |stencil_buf_5_8_fu_588                                    |   8|   0|    8|          0|
    |stencil_buf_5_9_fu_592                                    |   8|   0|    8|          0|
    |stencil_buf_6_0_fu_620                                    |   8|   0|    8|          0|
    |stencil_buf_6_0_s_fu_616                                  |   8|   0|    8|          0|
    |stencil_buf_6_10_fu_660                                   |   8|   0|    8|          0|
    |stencil_buf_6_11_fu_664                                   |   8|   0|    8|          0|
    |stencil_buf_6_12_fu_668                                   |   8|   0|    8|          0|
    |stencil_buf_6_13_fu_672                                   |   8|   0|    8|          0|
    |stencil_buf_6_14_fu_676                                   |   8|   0|    8|          0|
    |stencil_buf_6_16_2_reg_9093                               |   8|   0|    8|          0|
    |stencil_buf_6_1_fu_624                                    |   8|   0|    8|          0|
    |stencil_buf_6_2_fu_628                                    |   8|   0|    8|          0|
    |stencil_buf_6_3_fu_632                                    |   8|   0|    8|          0|
    |stencil_buf_6_4_fu_636                                    |   8|   0|    8|          0|
    |stencil_buf_6_5_fu_640                                    |   8|   0|    8|          0|
    |stencil_buf_6_6_fu_644                                    |   8|   0|    8|          0|
    |stencil_buf_6_7_fu_648                                    |   8|   0|    8|          0|
    |stencil_buf_6_7_load_reg_9004                             |   8|   0|    8|          0|
    |stencil_buf_6_8_fu_652                                    |   8|   0|    8|          0|
    |stencil_buf_6_9_fu_656                                    |   8|   0|    8|          0|
    |stencil_buf_7_0_fu_684                                    |   8|   0|    8|          0|
    |stencil_buf_7_0_s_fu_680                                  |   8|   0|    8|          0|
    |stencil_buf_7_10_fu_724                                   |   8|   0|    8|          0|
    |stencil_buf_7_11_fu_728                                   |   8|   0|    8|          0|
    |stencil_buf_7_12_fu_732                                   |   8|   0|    8|          0|
    |stencil_buf_7_13_fu_736                                   |   8|   0|    8|          0|
    |stencil_buf_7_14_fu_740                                   |   8|   0|    8|          0|
    |stencil_buf_7_16_2_reg_9100                               |   8|   0|    8|          0|
    |stencil_buf_7_1_fu_688                                    |   8|   0|    8|          0|
    |stencil_buf_7_2_fu_692                                    |   8|   0|    8|          0|
    |stencil_buf_7_3_fu_696                                    |   8|   0|    8|          0|
    |stencil_buf_7_4_fu_700                                    |   8|   0|    8|          0|
    |stencil_buf_7_5_fu_704                                    |   8|   0|    8|          0|
    |stencil_buf_7_6_fu_708                                    |   8|   0|    8|          0|
    |stencil_buf_7_7_fu_712                                    |   8|   0|    8|          0|
    |stencil_buf_7_7_load_reg_9009                             |   8|   0|    8|          0|
    |stencil_buf_7_8_fu_716                                    |   8|   0|    8|          0|
    |stencil_buf_7_9_fu_720                                    |   8|   0|    8|          0|
    |stencil_buf_8_0_fu_748                                    |   8|   0|    8|          0|
    |stencil_buf_8_0_s_fu_744                                  |   8|   0|    8|          0|
    |stencil_buf_8_10_fu_788                                   |   8|   0|    8|          0|
    |stencil_buf_8_11_fu_792                                   |   8|   0|    8|          0|
    |stencil_buf_8_12_fu_796                                   |   8|   0|    8|          0|
    |stencil_buf_8_13_fu_800                                   |   8|   0|    8|          0|
    |stencil_buf_8_14_fu_804                                   |   8|   0|    8|          0|
    |stencil_buf_8_16_2_reg_9107                               |   8|   0|    8|          0|
    |stencil_buf_8_1_fu_752                                    |   8|   0|    8|          0|
    |stencil_buf_8_2_fu_756                                    |   8|   0|    8|          0|
    |stencil_buf_8_3_fu_760                                    |   8|   0|    8|          0|
    |stencil_buf_8_4_fu_764                                    |   8|   0|    8|          0|
    |stencil_buf_8_5_fu_768                                    |   8|   0|    8|          0|
    |stencil_buf_8_6_fu_772                                    |   8|   0|    8|          0|
    |stencil_buf_8_7_fu_776                                    |   8|   0|    8|          0|
    |stencil_buf_8_7_load_reg_9014                             |   8|   0|    8|          0|
    |stencil_buf_8_8_fu_780                                    |   8|   0|    8|          0|
    |stencil_buf_8_9_fu_784                                    |   8|   0|    8|          0|
    |stencil_buf_9_0_fu_812                                    |   8|   0|    8|          0|
    |stencil_buf_9_0_s_fu_808                                  |   8|   0|    8|          0|
    |stencil_buf_9_10_fu_852                                   |   8|   0|    8|          0|
    |stencil_buf_9_11_fu_856                                   |   8|   0|    8|          0|
    |stencil_buf_9_12_fu_860                                   |   8|   0|    8|          0|
    |stencil_buf_9_13_fu_864                                   |   8|   0|    8|          0|
    |stencil_buf_9_14_fu_868                                   |   8|   0|    8|          0|
    |stencil_buf_9_16_2_reg_9114                               |   8|   0|    8|          0|
    |stencil_buf_9_1_fu_816                                    |   8|   0|    8|          0|
    |stencil_buf_9_2_fu_820                                    |   8|   0|    8|          0|
    |stencil_buf_9_3_fu_824                                    |   8|   0|    8|          0|
    |stencil_buf_9_4_fu_828                                    |   8|   0|    8|          0|
    |stencil_buf_9_5_fu_832                                    |   8|   0|    8|          0|
    |stencil_buf_9_6_fu_836                                    |   8|   0|    8|          0|
    |stencil_buf_9_7_fu_840                                    |   8|   0|    8|          0|
    |stencil_buf_9_7_load_reg_9019                             |   8|   0|    8|          0|
    |stencil_buf_9_8_fu_844                                    |   8|   0|    8|          0|
    |stencil_buf_9_9_fu_848                                    |   8|   0|    8|          0|
    |tile_index_dim0_reg_8388                                  |  32|   0|   32|          0|
    |tile_index_dim1_reg_8394                                  |  32|   0|   32|          0|
    |tmp_1_reg_8599                                            |  12|   0|   16|          4|
    |tmp_20_reg_8495                                           |   1|   0|    1|          0|
    |tmp_21_reg_9184                                           |   1|   0|    1|          0|
    |tmp_22_reg_9189                                           |   1|   0|    1|          0|
    |tmp_26_reg_9340                                           |   8|   0|    8|          0|
    |tmp_32_reg_9424                                           |   8|   0|    8|          0|
    |tmp_35_reg_8655                                           |  11|   0|   11|          0|
    |tmp_3_reg_8608                                            |  12|   0|   16|          4|
    |tmp_41_1_reg_8646                                         |   1|   0|    1|          0|
    |tmp_52_reg_8660                                           |   1|   0|    1|          0|
    |tmp_54_reg_8680                                           |   1|   0|    1|          0|
    |tmp_56_reg_8700                                           |   1|   0|    1|          0|
    |tmp_58_reg_8720                                           |   1|   0|    1|          0|
    |tmp_60_reg_8740                                           |   1|   0|    1|          0|
    |tmp_62_reg_8760                                           |   1|   0|    1|          0|
    |tmp_63_10_reg_8855                                        |   1|   0|    1|          0|
    |tmp_63_11_reg_8875                                        |   1|   0|    1|          0|
    |tmp_63_12_reg_8895                                        |   1|   0|    1|          0|
    |tmp_63_13_reg_8915                                        |   1|   0|    1|          0|
    |tmp_63_14_reg_8935                                        |   1|   0|    1|          0|
    |tmp_63_1_reg_9205                                         |   1|   0|    1|          0|
    |tmp_63_2_reg_8675                                         |   1|   0|    1|          0|
    |tmp_63_3_reg_8695                                         |   1|   0|    1|          0|
    |tmp_63_4_reg_8715                                         |   1|   0|    1|          0|
    |tmp_63_5_reg_8735                                         |   1|   0|    1|          0|
    |tmp_63_6_reg_8755                                         |   1|   0|    1|          0|
    |tmp_63_7_reg_8775                                         |   1|   0|    1|          0|
    |tmp_63_8_reg_8795                                         |   1|   0|    1|          0|
    |tmp_63_9_reg_8815                                         |   1|   0|    1|          0|
    |tmp_63_s_reg_8835                                         |   1|   0|    1|          0|
    |tmp_64_reg_8780                                           |   1|   0|    1|          0|
    |tmp_66_10_reg_9295                                        |   8|   0|    8|          0|
    |tmp_66_11_reg_9304                                        |   8|   0|    8|          0|
    |tmp_66_12_reg_9313                                        |   8|   0|    8|          0|
    |tmp_66_13_reg_9322                                        |   8|   0|    8|          0|
    |tmp_66_14_reg_9331                                        |   8|   0|    8|          0|
    |tmp_66_1_reg_9349                                         |   8|   0|    8|          0|
    |tmp_66_2_reg_9214                                         |   8|   0|    8|          0|
    |tmp_66_3_reg_9223                                         |   8|   0|    8|          0|
    |tmp_66_4_reg_9232                                         |   8|   0|    8|          0|
    |tmp_66_5_reg_9241                                         |   8|   0|    8|          0|
    |tmp_66_6_reg_9250                                         |   8|   0|    8|          0|
    |tmp_66_7_reg_9259                                         |   8|   0|    8|          0|
    |tmp_66_8_reg_9268                                         |   8|   0|    8|          0|
    |tmp_66_9_reg_9277                                         |   8|   0|    8|          0|
    |tmp_66_reg_8800                                           |   1|   0|    1|          0|
    |tmp_66_s_reg_9286                                         |   8|   0|    8|          0|
    |tmp_68_reg_8820                                           |   1|   0|    1|          0|
    |tmp_6_reg_8440                                            |  32|   0|   32|          0|
    |tmp_70_10_reg_9399                                        |   8|   0|    8|          0|
    |tmp_70_11_reg_9404                                        |   8|   0|    8|          0|
    |tmp_70_12_reg_9409                                        |   8|   0|    8|          0|
    |tmp_70_13_reg_9414                                        |   8|   0|    8|          0|
    |tmp_70_14_reg_9419                                        |   8|   0|    8|          0|
    |tmp_70_1_reg_9429                                         |   8|   0|    8|          0|
    |tmp_70_2_reg_9354                                         |   8|   0|    8|          0|
    |tmp_70_3_reg_9359                                         |   8|   0|    8|          0|
    |tmp_70_4_reg_9364                                         |   8|   0|    8|          0|
    |tmp_70_5_reg_9369                                         |   8|   0|    8|          0|
    |tmp_70_6_reg_9374                                         |   8|   0|    8|          0|
    |tmp_70_7_reg_9379                                         |   8|   0|    8|          0|
    |tmp_70_8_reg_9384                                         |   8|   0|    8|          0|
    |tmp_70_9_reg_9389                                         |   8|   0|    8|          0|
    |tmp_70_reg_8840                                           |   1|   0|    1|          0|
    |tmp_70_s_reg_9394                                         |   8|   0|    8|          0|
    |tmp_72_reg_8860                                           |   1|   0|    1|          0|
    |tmp_74_reg_8880                                           |   1|   0|    1|          0|
    |tmp_76_reg_8900                                           |   1|   0|    1|          0|
    |tmp_78_reg_8920                                           |   1|   0|    1|          0|
    |tmp_7_reg_8460                                            |  32|   0|   32|          0|
    |tmp_9_reg_8489                                            |  12|   0|   16|          4|
    |tmp_reg_8400                                              |  31|   0|   32|          1|
    |tmp_s_reg_8420                                            |  31|   0|   32|          1|
    |icmp1_reg_8626                                            |   0|   1|    1|          0|
    |icmp_reg_8595                                             |   0|   1|    1|          0|
    |tmp_3_reg_8608                                            |   0|  12|   16|          4|
    |tmp_41_1_reg_8646                                         |   0|   1|    1|          0|
    |tmp_52_reg_8660                                           |   0|   1|    1|          0|
    |tmp_54_reg_8680                                           |   0|   1|    1|          0|
    |tmp_56_reg_8700                                           |   0|   1|    1|          0|
    |tmp_58_reg_8720                                           |   0|   1|    1|          0|
    |tmp_60_reg_8740                                           |   0|   1|    1|          0|
    |tmp_62_reg_8760                                           |   0|   1|    1|          0|
    |tmp_64_reg_8780                                           |   0|   1|    1|          0|
    |tmp_66_reg_8800                                           |   0|   1|    1|          0|
    |tmp_68_reg_8820                                           |   0|   1|    1|          0|
    |tmp_70_reg_8840                                           |   0|   1|    1|          0|
    |tmp_72_reg_8860                                           |   0|   1|    1|          0|
    |tmp_74_reg_8880                                           |   0|   1|    1|          0|
    |tmp_76_reg_8900                                           |   0|   1|    1|          0|
    |tmp_78_reg_8920                                           |   0|   1|    1|          0|
    |tmp_9_reg_8489                                            |   0|  12|   16|          4|
    +----------------------------------------------------------+----+----+-----+-----------+
    |Total                                                     |3594|  41| 3669|         34|
    +----------------------------------------------------------+----+----+-----+-----------+



================================================================
== Interface
================================================================
* Summary: 
+---------------------+-----+-----+------------+---------------------+--------------+
|      RTL Ports      | Dir | Bits|  Protocol  |    Source Object    |    C Type    |
+---------------------+-----+-----+------------+---------------------+--------------+
|ap_clk               |  in |    1| ap_ctrl_hs |       compute       | return value |
|ap_rst               |  in |    1| ap_ctrl_hs |       compute       | return value |
|ap_start             |  in |    1| ap_ctrl_hs |       compute       | return value |
|ap_done              | out |    1| ap_ctrl_hs |       compute       | return value |
|ap_idle              | out |    1| ap_ctrl_hs |       compute       | return value |
|ap_ready             | out |    1| ap_ctrl_hs |       compute       | return value |
|compute_flag         |  in |    1|   ap_none  |     compute_flag    |    scalar    |
|output_0_address0    | out |   11|  ap_memory |       output_0      |     array    |
|output_0_ce0         | out |    1|  ap_memory |       output_0      |     array    |
|output_0_we0         | out |    1|  ap_memory |       output_0      |     array    |
|output_0_d0          | out |    8|  ap_memory |       output_0      |     array    |
|output_1_address0    | out |   11|  ap_memory |       output_1      |     array    |
|output_1_ce0         | out |    1|  ap_memory |       output_1      |     array    |
|output_1_we0         | out |    1|  ap_memory |       output_1      |     array    |
|output_1_d0          | out |    8|  ap_memory |       output_1      |     array    |
|output_2_address0    | out |   11|  ap_memory |       output_2      |     array    |
|output_2_ce0         | out |    1|  ap_memory |       output_2      |     array    |
|output_2_we0         | out |    1|  ap_memory |       output_2      |     array    |
|output_2_d0          | out |    8|  ap_memory |       output_2      |     array    |
|output_3_address0    | out |   11|  ap_memory |       output_3      |     array    |
|output_3_ce0         | out |    1|  ap_memory |       output_3      |     array    |
|output_3_we0         | out |    1|  ap_memory |       output_3      |     array    |
|output_3_d0          | out |    8|  ap_memory |       output_3      |     array    |
|output_4_address0    | out |   11|  ap_memory |       output_4      |     array    |
|output_4_ce0         | out |    1|  ap_memory |       output_4      |     array    |
|output_4_we0         | out |    1|  ap_memory |       output_4      |     array    |
|output_4_d0          | out |    8|  ap_memory |       output_4      |     array    |
|output_5_address0    | out |   11|  ap_memory |       output_5      |     array    |
|output_5_ce0         | out |    1|  ap_memory |       output_5      |     array    |
|output_5_we0         | out |    1|  ap_memory |       output_5      |     array    |
|output_5_d0          | out |    8|  ap_memory |       output_5      |     array    |
|output_6_address0    | out |   11|  ap_memory |       output_6      |     array    |
|output_6_ce0         | out |    1|  ap_memory |       output_6      |     array    |
|output_6_we0         | out |    1|  ap_memory |       output_6      |     array    |
|output_6_d0          | out |    8|  ap_memory |       output_6      |     array    |
|output_7_address0    | out |   11|  ap_memory |       output_7      |     array    |
|output_7_ce0         | out |    1|  ap_memory |       output_7      |     array    |
|output_7_we0         | out |    1|  ap_memory |       output_7      |     array    |
|output_7_d0          | out |    8|  ap_memory |       output_7      |     array    |
|output_8_address0    | out |   11|  ap_memory |       output_8      |     array    |
|output_8_ce0         | out |    1|  ap_memory |       output_8      |     array    |
|output_8_we0         | out |    1|  ap_memory |       output_8      |     array    |
|output_8_d0          | out |    8|  ap_memory |       output_8      |     array    |
|output_9_address0    | out |   11|  ap_memory |       output_9      |     array    |
|output_9_ce0         | out |    1|  ap_memory |       output_9      |     array    |
|output_9_we0         | out |    1|  ap_memory |       output_9      |     array    |
|output_9_d0          | out |    8|  ap_memory |       output_9      |     array    |
|output_10_address0   | out |   11|  ap_memory |      output_10      |     array    |
|output_10_ce0        | out |    1|  ap_memory |      output_10      |     array    |
|output_10_we0        | out |    1|  ap_memory |      output_10      |     array    |
|output_10_d0         | out |    8|  ap_memory |      output_10      |     array    |
|output_11_address0   | out |   11|  ap_memory |      output_11      |     array    |
|output_11_ce0        | out |    1|  ap_memory |      output_11      |     array    |
|output_11_we0        | out |    1|  ap_memory |      output_11      |     array    |
|output_11_d0         | out |    8|  ap_memory |      output_11      |     array    |
|output_12_address0   | out |   11|  ap_memory |      output_12      |     array    |
|output_12_ce0        | out |    1|  ap_memory |      output_12      |     array    |
|output_12_we0        | out |    1|  ap_memory |      output_12      |     array    |
|output_12_d0         | out |    8|  ap_memory |      output_12      |     array    |
|output_13_address0   | out |   11|  ap_memory |      output_13      |     array    |
|output_13_ce0        | out |    1|  ap_memory |      output_13      |     array    |
|output_13_we0        | out |    1|  ap_memory |      output_13      |     array    |
|output_13_d0         | out |    8|  ap_memory |      output_13      |     array    |
|output_14_address0   | out |   11|  ap_memory |      output_14      |     array    |
|output_14_ce0        | out |    1|  ap_memory |      output_14      |     array    |
|output_14_we0        | out |    1|  ap_memory |      output_14      |     array    |
|output_14_d0         | out |    8|  ap_memory |      output_14      |     array    |
|output_15_address0   | out |   11|  ap_memory |      output_15      |     array    |
|output_15_ce0        | out |    1|  ap_memory |      output_15      |     array    |
|output_15_we0        | out |    1|  ap_memory |      output_15      |     array    |
|output_15_d0         | out |    8|  ap_memory |      output_15      |     array    |
|input_0_address0     | out |   11|  ap_memory |       input_0       |     array    |
|input_0_ce0          | out |    1|  ap_memory |       input_0       |     array    |
|input_0_q0           |  in |    8|  ap_memory |       input_0       |     array    |
|input_1_address0     | out |   11|  ap_memory |       input_1       |     array    |
|input_1_ce0          | out |    1|  ap_memory |       input_1       |     array    |
|input_1_q0           |  in |    8|  ap_memory |       input_1       |     array    |
|input_2_address0     | out |   11|  ap_memory |       input_2       |     array    |
|input_2_ce0          | out |    1|  ap_memory |       input_2       |     array    |
|input_2_q0           |  in |    8|  ap_memory |       input_2       |     array    |
|input_3_address0     | out |   11|  ap_memory |       input_3       |     array    |
|input_3_ce0          | out |    1|  ap_memory |       input_3       |     array    |
|input_3_q0           |  in |    8|  ap_memory |       input_3       |     array    |
|input_4_address0     | out |   11|  ap_memory |       input_4       |     array    |
|input_4_ce0          | out |    1|  ap_memory |       input_4       |     array    |
|input_4_q0           |  in |    8|  ap_memory |       input_4       |     array    |
|input_5_address0     | out |   11|  ap_memory |       input_5       |     array    |
|input_5_ce0          | out |    1|  ap_memory |       input_5       |     array    |
|input_5_q0           |  in |    8|  ap_memory |       input_5       |     array    |
|input_6_address0     | out |   11|  ap_memory |       input_6       |     array    |
|input_6_ce0          | out |    1|  ap_memory |       input_6       |     array    |
|input_6_q0           |  in |    8|  ap_memory |       input_6       |     array    |
|input_7_address0     | out |   11|  ap_memory |       input_7       |     array    |
|input_7_ce0          | out |    1|  ap_memory |       input_7       |     array    |
|input_7_q0           |  in |    8|  ap_memory |       input_7       |     array    |
|input_8_address0     | out |   11|  ap_memory |       input_8       |     array    |
|input_8_ce0          | out |    1|  ap_memory |       input_8       |     array    |
|input_8_q0           |  in |    8|  ap_memory |       input_8       |     array    |
|input_9_address0     | out |   11|  ap_memory |       input_9       |     array    |
|input_9_ce0          | out |    1|  ap_memory |       input_9       |     array    |
|input_9_q0           |  in |    8|  ap_memory |       input_9       |     array    |
|input_10_address0    | out |   11|  ap_memory |       input_10      |     array    |
|input_10_ce0         | out |    1|  ap_memory |       input_10      |     array    |
|input_10_q0          |  in |    8|  ap_memory |       input_10      |     array    |
|input_11_address0    | out |   11|  ap_memory |       input_11      |     array    |
|input_11_ce0         | out |    1|  ap_memory |       input_11      |     array    |
|input_11_q0          |  in |    8|  ap_memory |       input_11      |     array    |
|input_12_address0    | out |   11|  ap_memory |       input_12      |     array    |
|input_12_ce0         | out |    1|  ap_memory |       input_12      |     array    |
|input_12_q0          |  in |    8|  ap_memory |       input_12      |     array    |
|input_13_address0    | out |   11|  ap_memory |       input_13      |     array    |
|input_13_ce0         | out |    1|  ap_memory |       input_13      |     array    |
|input_13_q0          |  in |    8|  ap_memory |       input_13      |     array    |
|input_14_address0    | out |   11|  ap_memory |       input_14      |     array    |
|input_14_ce0         | out |    1|  ap_memory |       input_14      |     array    |
|input_14_q0          |  in |    8|  ap_memory |       input_14      |     array    |
|input_15_address0    | out |   11|  ap_memory |       input_15      |     array    |
|input_15_ce0         | out |    1|  ap_memory |       input_15      |     array    |
|input_15_q0          |  in |    8|  ap_memory |       input_15      |     array    |
|tile_index           |  in |   32|   ap_none  |      tile_index     |    scalar    |
|tile_num_dim0        |  in |   32|   ap_none  |    tile_num_dim0    |    scalar    |
|var_edge_y_extent_0  |  in |   32|   ap_none  | var_edge_y_extent_0 |    scalar    |
|var_edge_y_extent_1  |  in |   32|   ap_none  | var_edge_y_extent_1 |    scalar    |
|var_edge_y_min_0     |  in |   32|   ap_none  |   var_edge_y_min_0  |    scalar    |
|var_edge_y_min_1     |  in |   32|   ap_none  |   var_edge_y_min_1  |    scalar    |
+---------------------+-----+-----+------------+---------------------+--------------+

