

================================================================
== Vivado HLS Report for 'compute'
================================================================
* Date:           Sat Apr 15 14:41:03 2017

* Version:        2016.3 (Build 1721985 on Tue Nov 29 18:45:36 MST 2016)
* Project:        edge_kernel
* Solution:       solution_OCL_REGION_0
* Product family: virtex7
* Target device:  xc7vx690tffg1157-2


================================================================
== Performance Estimates
================================================================
+ Timing (ns): 
    * Summary: 
    +--------+-------+----------+------------+
    |  Clock | Target| Estimated| Uncertainty|
    +--------+-------+----------+------------+
    |ap_clk  |   5.00|      3.60|        1.35|
    +--------+-------+----------+------------+

+ Latency (clock cycles): 
    * Summary: 
    +-----+------+-----+------+---------+
    |   Latency  |  Interval  | Pipeline|
    | min |  max | min |  max |   Type  |
    +-----+------+-----+------+---------+
    |    1|  2106|    1|  2106|   none  |
    +-----+------+-----+------+---------+

    + Detail: 
        * Instance: 
        N/A

        * Loop: 
        +----------+------+------+----------+-----------+-----------+------+----------+
        |          |   Latency   | Iteration|  Initiation Interval  | Trip |          |
        | Loop Name|  min |  max |  Latency |  achieved |   target  | Count| Pipelined|
        +----------+------+------+----------+-----------+-----------+------+----------+
        |- Loop 1  |  2068|  2068|         5|          1|          1|  2065|    yes   |
        +----------+------+------+----------+-----------+-----------+------+----------+



================================================================
== Utilization Estimates
================================================================
* Summary: 
+-----------------+---------+-------+--------+--------+
|       Name      | BRAM_18K| DSP48E|   FF   |   LUT  |
+-----------------+---------+-------+--------+--------+
|DSP              |        -|      -|       -|       -|
|Expression       |        -|      -|       0|    1825|
|FIFO             |        -|      -|       -|       -|
|Instance         |        -|      -|     576|     640|
|Memory           |        -|      -|       -|       -|
|Multiplexer      |        -|      -|       -|      87|
|Register         |        -|      -|    2018|      33|
+-----------------+---------+-------+--------+--------+
|Total            |        0|      0|    2594|    2585|
+-----------------+---------+-------+--------+--------+
|Available        |     2940|   3600|  866400|  433200|
+-----------------+---------+-------+--------+--------+
|Utilization (%)  |        0|      0|   ~0   |   ~0   |
+-----------------+---------+-------+--------+--------+

+ Detail: 
    * Instance: 
    +------------------------------------------+--------------------------------------+---------+-------+-----+-----+
    |                 Instance                 |                Module                | BRAM_18K| DSP48E|  FF | LUT |
    +------------------------------------------+--------------------------------------+---------+-------+-----+-----+
    |edge_kernel_sdiv_32ns_32ns_32_36_seq_U14  |edge_kernel_sdiv_32ns_32ns_32_36_seq  |        0|      0|  288|  320|
    |edge_kernel_srem_32ns_32ns_32_36_seq_U13  |edge_kernel_srem_32ns_32ns_32_36_seq  |        0|      0|  288|  320|
    +------------------------------------------+--------------------------------------+---------+-------+-----+-----+
    |Total                                     |                                      |        0|      0|  576|  640|
    +------------------------------------------+--------------------------------------+---------+-------+-----+-----+

    * DSP48: 
    N/A

    * Memory: 
    N/A

    * FIFO: 
    N/A

    * Expression: 
    +--------------------------------+----------+-------+---+----+------------+------------+
    |          Variable Name         | Operation| DSP48E| FF| LUT| Bitwidth P0| Bitwidth P1|
    +--------------------------------+----------+-------+---+----+------------+------------+
    |input_index_1_fu_985_p2         |     +    |      0|  0|  12|          12|           1|
    |output_index_1_cp_fu_3598_p2    |     +    |      0|  0|  15|           9|          15|
    |output_index_1_fu_1131_p2       |     +    |      0|  0|  15|          15|           9|
    |output_index_4_fu_1297_p2       |     +    |      0|  0|  15|          15|           8|
    |output_index_5_fu_1355_p2       |     +    |      0|  0|  15|          15|           8|
    |output_index_6_fu_1413_p2       |     +    |      0|  0|  15|          15|           8|
    |output_index_7_fu_1471_p2       |     +    |      0|  0|  15|          15|           8|
    |output_index_cp_fu_3574_p2      |     +    |      0|  0|  15|           9|          15|
    |p_1_fu_2815_p2                  |     +    |      0|  0|  32|          32|          32|
    |p_2_fu_1236_p2                  |     +    |      0|  0|  32|          32|          32|
    |p_3_fu_1282_p2                  |     +    |      0|  0|  32|          32|          32|
    |p_4_fu_1340_p2                  |     +    |      0|  0|  32|          32|          32|
    |p_5_fu_1398_p2                  |     +    |      0|  0|  32|          32|          32|
    |p_6_fu_1456_p2                  |     +    |      0|  0|  32|          32|          32|
    |p_7_fu_1514_p2                  |     +    |      0|  0|  32|          32|          32|
    |p_fu_2711_p2                    |     +    |      0|  0|  32|          32|          32|
    |q_1_fu_2810_p2                  |     +    |      0|  0|  32|          32|          32|
    |q_2_fu_1231_p2                  |     +    |      0|  0|  32|          32|          32|
    |q_3_fu_1277_p2                  |     +    |      0|  0|  32|          32|          32|
    |q_4_fu_1335_p2                  |     +    |      0|  0|  32|          32|          32|
    |q_5_fu_1393_p2                  |     +    |      0|  0|  32|          32|          32|
    |q_6_fu_1451_p2                  |     +    |      0|  0|  32|          32|          32|
    |q_7_fu_1509_p2                  |     +    |      0|  0|  32|          32|          32|
    |q_fu_2706_p2                    |     +    |      0|  0|  32|          32|          32|
    |sum2_1_fu_3326_p2               |     +    |      0|  0|   4|           8|           8|
    |sum2_2_fu_2884_p2               |     +    |      0|  0|   4|           8|           8|
    |sum2_3_fu_2950_p2               |     +    |      0|  0|   4|           8|           8|
    |sum2_4_fu_3016_p2               |     +    |      0|  0|   4|           8|           8|
    |sum2_5_fu_3082_p2               |     +    |      0|  0|   4|           8|           8|
    |sum2_6_fu_3148_p2               |     +    |      0|  0|   4|           8|           8|
    |sum2_7_fu_3214_p2               |     +    |      0|  0|   4|           8|           8|
    |sum2_fu_3265_p2                 |     +    |      0|  0|   4|           8|           8|
    |tmp11_fu_2872_p2                |     +    |      0|  0|   8|           8|           8|
    |tmp12_fu_2878_p2                |     +    |      0|  0|   8|           8|           8|
    |tmp15_fu_2938_p2                |     +    |      0|  0|   8|           8|           8|
    |tmp16_fu_2944_p2                |     +    |      0|  0|   8|           8|           8|
    |tmp19_fu_3004_p2                |     +    |      0|  0|   8|           8|           8|
    |tmp20_fu_3010_p2                |     +    |      0|  0|   8|           8|           8|
    |tmp23_fu_3070_p2                |     +    |      0|  0|   8|           8|           8|
    |tmp24_fu_3076_p2                |     +    |      0|  0|   8|           8|           8|
    |tmp27_fu_3136_p2                |     +    |      0|  0|   8|           8|           8|
    |tmp28_fu_3142_p2                |     +    |      0|  0|   8|           8|           8|
    |tmp31_fu_3202_p2                |     +    |      0|  0|   8|           8|           8|
    |tmp32_fu_3208_p2                |     +    |      0|  0|   8|           8|           8|
    |tmp3_fu_3257_p2                 |     +    |      0|  0|   8|           8|           8|
    |tmp4_fu_3261_p2                 |     +    |      0|  0|   8|           8|           8|
    |tmp7_fu_3318_p2                 |     +    |      0|  0|   8|           8|           8|
    |tmp8_fu_3322_p2                 |     +    |      0|  0|   8|           8|           8|
    |tmp_1_fu_1043_p2                |     +    |      0|  0|  15|          15|           9|
    |tmp_3_fu_1061_p2                |     +    |      0|  0|  15|          15|           9|
    |tmp_40_1_fu_1137_p2             |     +    |      0|  0|  15|          15|           8|
    |tmp_6_fu_971_p2                 |     +    |      0|  0|  32|          32|          32|
    |tmp_7_fu_975_p2                 |     +    |      0|  0|  32|          32|          32|
    |p_neg1_fu_1083_p2               |     -    |      0|  0|  15|           8|          15|
    |p_neg_1_fu_1189_p2              |     -    |      0|  0|  17|           1|          17|
    |p_neg_t2_fu_1101_p2             |     -    |      0|  0|  15|           1|          15|
    |p_neg_t8_fu_1177_p2             |     -    |      0|  0|  15|           1|          15|
    |p_neg_t_1_fu_2775_p2            |     -    |      0|  0|  12|           1|          12|
    |p_neg_t_fu_1125_p2              |     -    |      0|  0|  12|           1|          12|
    |tmp_26_fu_3271_p2               |     -    |      0|  0|   4|           8|           8|
    |tmp_27_fu_3452_p2               |     -    |      0|  0|   4|           8|           8|
    |tmp_28_fu_3456_p2               |     -    |      0|  0|   4|           8|           8|
    |tmp_29_fu_3461_p2               |     -    |      0|  0|   4|           8|           8|
    |tmp_32_fu_3466_p2               |     -    |      0|  0|   4|           8|           8|
    |tmp_49_fu_1163_p2               |     -    |      0|  0|   6|           1|           6|
    |tmp_66_1_fu_3332_p2             |     -    |      0|  0|   4|           8|           8|
    |tmp_66_2_fu_2890_p2             |     -    |      0|  0|   4|           8|           8|
    |tmp_66_3_fu_2956_p2             |     -    |      0|  0|   4|           8|           8|
    |tmp_66_4_fu_3022_p2             |     -    |      0|  0|   4|           8|           8|
    |tmp_66_5_fu_3088_p2             |     -    |      0|  0|   4|           8|           8|
    |tmp_66_6_fu_3154_p2             |     -    |      0|  0|   4|           8|           8|
    |tmp_66_7_fu_3220_p2             |     -    |      0|  0|   4|           8|           8|
    |tmp_67_1_fu_3471_p2             |     -    |      0|  0|   4|           8|           8|
    |tmp_67_2_fu_3338_p2             |     -    |      0|  0|   4|           8|           8|
    |tmp_67_3_fu_3357_p2             |     -    |      0|  0|   4|           8|           8|
    |tmp_67_4_fu_3376_p2             |     -    |      0|  0|   4|           8|           8|
    |tmp_67_5_fu_3395_p2             |     -    |      0|  0|   4|           8|           8|
    |tmp_67_6_fu_3414_p2             |     -    |      0|  0|   4|           8|           8|
    |tmp_67_7_fu_3433_p2             |     -    |      0|  0|   4|           8|           8|
    |tmp_68_1_fu_3475_p2             |     -    |      0|  0|   4|           8|           8|
    |tmp_68_2_fu_3342_p2             |     -    |      0|  0|   4|           8|           8|
    |tmp_68_3_fu_3361_p2             |     -    |      0|  0|   4|           8|           8|
    |tmp_68_4_fu_3380_p2             |     -    |      0|  0|   4|           8|           8|
    |tmp_68_5_fu_3399_p2             |     -    |      0|  0|   4|           8|           8|
    |tmp_68_6_fu_3418_p2             |     -    |      0|  0|   4|           8|           8|
    |tmp_68_7_fu_3437_p2             |     -    |      0|  0|   4|           8|           8|
    |tmp_69_1_fu_3480_p2             |     -    |      0|  0|   4|           8|           8|
    |tmp_69_2_fu_3347_p2             |     -    |      0|  0|   4|           8|           8|
    |tmp_69_3_fu_3366_p2             |     -    |      0|  0|   4|           8|           8|
    |tmp_69_4_fu_3385_p2             |     -    |      0|  0|   4|           8|           8|
    |tmp_69_5_fu_3404_p2             |     -    |      0|  0|   4|           8|           8|
    |tmp_69_6_fu_3423_p2             |     -    |      0|  0|   4|           8|           8|
    |tmp_69_7_fu_3442_p2             |     -    |      0|  0|   4|           8|           8|
    |tmp_70_1_fu_3485_p2             |     -    |      0|  0|   4|           8|           8|
    |tmp_70_2_fu_3352_p2             |     -    |      0|  0|   4|           8|           8|
    |tmp_70_3_fu_3371_p2             |     -    |      0|  0|   4|           8|           8|
    |tmp_70_4_fu_3390_p2             |     -    |      0|  0|   4|           8|           8|
    |tmp_70_5_fu_3409_p2             |     -    |      0|  0|   4|           8|           8|
    |tmp_70_6_fu_3428_p2             |     -    |      0|  0|   4|           8|           8|
    |tmp_70_7_fu_3447_p2             |     -    |      0|  0|   4|           8|           8|
    |tmp_fu_949_p2                   |     -    |      0|  0|  32|          32|          32|
    |tmp_s_fu_965_p2                 |     -    |      0|  0|  32|          32|          32|
    |or_cond7_1_fu_3307_p2           |    and   |      0|  0|   1|           1|           1|
    |or_cond7_2_fu_2860_p2           |    and   |      0|  0|   1|           1|           1|
    |or_cond7_3_fu_2926_p2           |    and   |      0|  0|   1|           1|           1|
    |or_cond7_4_fu_2992_p2           |    and   |      0|  0|   1|           1|           1|
    |or_cond7_5_fu_3058_p2           |    and   |      0|  0|   1|           1|           1|
    |or_cond7_6_fu_3124_p2           |    and   |      0|  0|   1|           1|           1|
    |or_cond7_7_fu_3190_p2           |    and   |      0|  0|   1|           1|           1|
    |or_cond7_fu_3246_p2             |    and   |      0|  0|   1|           1|           1|
    |tmp10_fu_2855_p2                |    and   |      0|  0|   1|           1|           1|
    |tmp13_fu_2915_p2                |    and   |      0|  0|   1|           1|           1|
    |tmp14_fu_2921_p2                |    and   |      0|  0|   1|           1|           1|
    |tmp17_fu_2981_p2                |    and   |      0|  0|   1|           1|           1|
    |tmp18_fu_2987_p2                |    and   |      0|  0|   1|           1|           1|
    |tmp1_fu_3236_p2                 |    and   |      0|  0|   1|           1|           1|
    |tmp21_fu_3047_p2                |    and   |      0|  0|   1|           1|           1|
    |tmp22_fu_3053_p2                |    and   |      0|  0|   1|           1|           1|
    |tmp25_fu_3113_p2                |    and   |      0|  0|   1|           1|           1|
    |tmp26_fu_3119_p2                |    and   |      0|  0|   1|           1|           1|
    |tmp29_fu_3179_p2                |    and   |      0|  0|   1|           1|           1|
    |tmp2_fu_3242_p2                 |    and   |      0|  0|   1|           1|           1|
    |tmp30_fu_3185_p2                |    and   |      0|  0|   1|           1|           1|
    |tmp5_fu_3296_p2                 |    and   |      0|  0|   1|           1|           1|
    |tmp6_fu_3302_p2                 |    and   |      0|  0|   1|           1|           1|
    |tmp9_fu_2849_p2                 |    and   |      0|  0|   1|           1|           1|
    |exitcond3_fu_979_p2             |   icmp   |      0|  0|   5|          12|          12|
    |icmp1_fu_1077_p2                |   icmp   |      0|  0|   5|          14|           1|
    |icmp_fu_1037_p2                 |   icmp   |      0|  0|   3|           8|           1|
    |slt10_fu_1403_p2                |   icmp   |      0|  0|  11|          32|          32|
    |slt11_fu_3033_p2                |   icmp   |      0|  0|  11|          32|          32|
    |slt12_fu_1461_p2                |   icmp   |      0|  0|  11|          32|          32|
    |slt13_fu_3099_p2                |   icmp   |      0|  0|  11|          32|          32|
    |slt14_fu_1519_p2                |   icmp   |      0|  0|  11|          32|          32|
    |slt15_fu_3165_p2                |   icmp   |      0|  0|  11|          32|          32|
    |slt1_fu_2721_p2                 |   icmp   |      0|  0|  11|          32|          32|
    |slt2_fu_2820_p2                 |   icmp   |      0|  0|  11|          32|          32|
    |slt3_fu_3282_p2                 |   icmp   |      0|  0|  11|          32|          32|
    |slt4_fu_1241_p2                 |   icmp   |      0|  0|  11|          32|          32|
    |slt5_fu_2835_p2                 |   icmp   |      0|  0|  11|          32|          32|
    |slt6_fu_1287_p2                 |   icmp   |      0|  0|  11|          32|          32|
    |slt7_fu_2901_p2                 |   icmp   |      0|  0|  11|          32|          32|
    |slt8_fu_1345_p2                 |   icmp   |      0|  0|  11|          32|          32|
    |slt9_fu_2967_p2                 |   icmp   |      0|  0|  11|          32|          32|
    |slt_fu_2716_p2                  |   icmp   |      0|  0|  11|          32|          32|
    |tmp_21_fu_2726_p2               |   icmp   |      0|  0|  11|          32|          32|
    |tmp_22_fu_2731_p2               |   icmp   |      0|  0|  11|          32|          32|
    |tmp_41_1_fu_1149_p2             |   icmp   |      0|  0|   6|          15|           1|
    |tmp_63_1_fu_2825_p2             |   icmp   |      0|  0|  11|          32|          32|
    |tmp_63_2_fu_1246_p2             |   icmp   |      0|  0|  11|          32|          32|
    |tmp_63_3_fu_1292_p2             |   icmp   |      0|  0|  11|          32|          32|
    |tmp_63_4_fu_1350_p2             |   icmp   |      0|  0|  11|          32|          32|
    |tmp_63_5_fu_1408_p2             |   icmp   |      0|  0|  11|          32|          32|
    |tmp_63_6_fu_1466_p2             |   icmp   |      0|  0|  11|          32|          32|
    |tmp_63_7_fu_1524_p2             |   icmp   |      0|  0|  11|          32|          32|
    |tmp_64_1_fu_3292_p2             |   icmp   |      0|  0|  11|          32|          32|
    |tmp_64_2_fu_2845_p2             |   icmp   |      0|  0|  11|          32|          32|
    |tmp_64_3_fu_2911_p2             |   icmp   |      0|  0|  11|          32|          32|
    |tmp_64_4_fu_2977_p2             |   icmp   |      0|  0|  11|          32|          32|
    |tmp_64_5_fu_3043_p2             |   icmp   |      0|  0|  11|          32|          32|
    |tmp_64_6_fu_3109_p2             |   icmp   |      0|  0|  11|          32|          32|
    |tmp_64_7_fu_3175_p2             |   icmp   |      0|  0|  11|          32|          32|
    |ap_enable_pp0                   |    or    |      0|  0|   1|           1|           1|
    |output_index_4_cast_fu_1303_p2  |    or    |      0|  0|   8|           6|           2|
    |output_index_5_cast_fu_1361_p2  |    or    |      0|  0|   8|           6|           2|
    |output_index_6_cast_fu_1419_p2  |    or    |      0|  0|   8|           6|           3|
    |output_index_7_cast_fu_1477_p2  |    or    |      0|  0|   8|           6|           3|
    |output_index_tr_s_fu_1183_p2    |    or    |      0|  0|  25|          17|           1|
    |tmp_40_1_cast_fu_1143_p2        |    or    |      0|  0|   8|           6|           1|
    |i_1_fu_2754_p3                  |  select  |      0|  0|  15|           1|          15|
    |i_fu_2667_p3                    |  select  |      0|  0|  15|           1|          15|
    |stencil_buf_0_17_2_fu_2595_p3   |  select  |      0|  0|   8|           1|           8|
    |stencil_buf_1_17_2_fu_2602_p3   |  select  |      0|  0|   8|           1|           8|
    |stencil_buf_2_16_2_fu_2553_p3   |  select  |      0|  0|   8|           1|           8|
    |stencil_buf_3_16_2_fu_2560_p3   |  select  |      0|  0|   8|           1|           8|
    |stencil_buf_4_16_2_fu_2567_p3   |  select  |      0|  0|   8|           1|           8|
    |stencil_buf_5_16_2_fu_2574_p3   |  select  |      0|  0|   8|           1|           8|
    |stencil_buf_6_16_2_fu_2581_p3   |  select  |      0|  0|   8|           1|           8|
    |stencil_buf_7_16_2_fu_2588_p3   |  select  |      0|  0|   8|           1|           8|
    |tmp_19_fu_2695_p3               |  select  |      0|  0|  12|           1|          12|
    |tmp_23_fu_2798_p3               |  select  |      0|  0|  12|           1|          12|
    |rev10_fu_3028_p2                |    xor   |      0|  0|   2|           1|           2|
    |rev11_fu_3037_p2                |    xor   |      0|  0|   2|           1|           2|
    |rev12_fu_3094_p2                |    xor   |      0|  0|   2|           1|           2|
    |rev13_fu_3103_p2                |    xor   |      0|  0|   2|           1|           2|
    |rev14_fu_3160_p2                |    xor   |      0|  0|   2|           1|           2|
    |rev15_fu_3169_p2                |    xor   |      0|  0|   2|           1|           2|
    |rev1_fu_3231_p2                 |    xor   |      0|  0|   2|           1|           2|
    |rev2_fu_3277_p2                 |    xor   |      0|  0|   2|           1|           2|
    |rev3_fu_3286_p2                 |    xor   |      0|  0|   2|           1|           2|
    |rev4_fu_2830_p2                 |    xor   |      0|  0|   2|           1|           2|
    |rev5_fu_2839_p2                 |    xor   |      0|  0|   2|           1|           2|
    |rev6_fu_2896_p2                 |    xor   |      0|  0|   2|           1|           2|
    |rev7_fu_2905_p2                 |    xor   |      0|  0|   2|           1|           2|
    |rev8_fu_2962_p2                 |    xor   |      0|  0|   2|           1|           2|
    |rev9_fu_2971_p2                 |    xor   |      0|  0|   2|           1|           2|
    |rev_fu_3226_p2                  |    xor   |      0|  0|   2|           1|           2|
    +--------------------------------+----------+-------+---+----+------------+------------+
    |Total                           |          |      0|  0|1825|        2489|        2568|
    +--------------------------------+----------+-------+---+----+------------+------------+

    * Multiplexer: 
    +-------------------------+----+-----------+-----+-----------+
    |           Name          | LUT| Input Size| Bits| Total Bits|
    +-------------------------+----+-----------+-----+-----------+
    |ap_NS_fsm                |  72|         40|    1|         40|
    |ap_enable_reg_pp0_iter1  |   1|          2|    1|          2|
    |ap_enable_reg_pp0_iter2  |   1|          2|    1|          2|
    |ap_enable_reg_pp0_iter4  |   1|          2|    1|          2|
    |input_index_reg_916      |  12|          2|   12|         24|
    +-------------------------+----+-----------+-----+-----------+
    |Total                    |  87|         48|   16|         70|
    +-------------------------+----+-----------+-----+-----------+

    * Register: 
    +----------------------------------------------------------+----+----+-----+-----------+
    |                           Name                           | FF | LUT| Bits| Const Bits|
    +----------------------------------------------------------+----+----+-----+-----------+
    |ap_CS_fsm                                                 |  39|   0|   39|          0|
    |ap_enable_reg_pp0_iter0                                   |   1|   0|    1|          0|
    |ap_enable_reg_pp0_iter1                                   |   1|   0|    1|          0|
    |ap_enable_reg_pp0_iter2                                   |   1|   0|    1|          0|
    |ap_enable_reg_pp0_iter3                                   |   1|   0|    1|          0|
    |ap_enable_reg_pp0_iter4                                   |   1|   0|    1|          0|
    |ap_pipeline_reg_pp0_iter2_or_cond7_2_reg_4940             |   1|   0|    1|          0|
    |ap_pipeline_reg_pp0_iter2_or_cond7_3_reg_4949             |   1|   0|    1|          0|
    |ap_pipeline_reg_pp0_iter2_or_cond7_4_reg_4958             |   1|   0|    1|          0|
    |ap_pipeline_reg_pp0_iter2_or_cond7_5_reg_4967             |   1|   0|    1|          0|
    |ap_pipeline_reg_pp0_iter2_or_cond7_6_reg_4976             |   1|   0|    1|          0|
    |ap_pipeline_reg_pp0_iter2_or_cond7_7_reg_4985             |   1|   0|    1|          0|
    |ap_pipeline_reg_pp0_iter2_stencil_buf_0_15_load_reg_4840  |   8|   0|    8|          0|
    |ap_pipeline_reg_pp0_iter2_stencil_buf_1_15_load_reg_4845  |   8|   0|    8|          0|
    |ap_pipeline_reg_pp0_iter2_stencil_buf_2_16_2_reg_4851     |   8|   0|    8|          0|
    |ap_pipeline_reg_pp0_iter2_stencil_buf_2_7_load_reg_4804   |   8|   0|    8|          0|
    |ap_pipeline_reg_pp0_iter2_stencil_buf_3_16_2_reg_4858     |   8|   0|    8|          0|
    |ap_pipeline_reg_pp0_iter2_stencil_buf_3_7_load_reg_4815   |   8|   0|    8|          0|
    |ap_pipeline_reg_pp0_iter3_or_cond7_1_reg_5003             |   1|   0|    1|          0|
    |ap_pipeline_reg_pp0_iter3_or_cond7_reg_4994               |   1|   0|    1|          0|
    |exitcond3_reg_4522                                        |   1|   0|    1|          0|
    |icmp1_reg_4612                                            |   1|   0|    1|          0|
    |icmp_reg_4589                                             |   1|   0|    1|          0|
    |input_index_reg_916                                       |  12|   0|   12|          0|
    |or_cond7_1_reg_5003                                       |   1|   0|    1|          0|
    |or_cond7_2_reg_4940                                       |   1|   0|    1|          0|
    |or_cond7_3_reg_4949                                       |   1|   0|    1|          0|
    |or_cond7_4_reg_4958                                       |   1|   0|    1|          0|
    |or_cond7_5_reg_4967                                       |   1|   0|    1|          0|
    |or_cond7_6_reg_4976                                       |   1|   0|    1|          0|
    |or_cond7_7_reg_4985                                       |   1|   0|    1|          0|
    |or_cond7_reg_4994                                         |   1|   0|    1|          0|
    |output_index_1_reg_4626                                   |  12|   0|   15|          3|
    |p_neg_t2_reg_4616                                         |  12|   0|   15|          3|
    |p_neg_t8_reg_4636                                         |  12|   0|   15|          3|
    |p_neg_t_reg_4621                                          |  12|   0|   12|          0|
    |q_1_reg_4924                                              |  32|   0|   32|          0|
    |q_2_reg_4650                                              |  32|   0|   32|          0|
    |q_3_reg_4670                                              |  32|   0|   32|          0|
    |q_4_reg_4690                                              |  32|   0|   32|          0|
    |q_5_reg_4710                                              |  32|   0|   32|          0|
    |q_6_reg_4730                                              |  32|   0|   32|          0|
    |q_7_reg_4750                                              |  32|   0|   32|          0|
    |slt10_reg_4716                                            |   1|   0|    1|          0|
    |slt12_reg_4736                                            |   1|   0|    1|          0|
    |slt14_reg_4756                                            |   1|   0|    1|          0|
    |slt1_reg_4909                                             |   1|   0|    1|          0|
    |slt2_reg_4930                                             |   1|   0|    1|          0|
    |slt4_reg_4656                                             |   1|   0|    1|          0|
    |slt6_reg_4676                                             |   1|   0|    1|          0|
    |slt8_reg_4696                                             |   1|   0|    1|          0|
    |slt_reg_4904                                              |   1|   0|    1|          0|
    |stencil_buf_0_0_fu_166                                    |   8|   0|    8|          0|
    |stencil_buf_0_0_load_reg_4766                             |   8|   0|    8|          0|
    |stencil_buf_0_0_s_fu_162                                  |   8|   0|    8|          0|
    |stencil_buf_0_10_fu_206                                   |   8|   0|    8|          0|
    |stencil_buf_0_11_fu_210                                   |   8|   0|    8|          0|
    |stencil_buf_0_12_fu_214                                   |   8|   0|    8|          0|
    |stencil_buf_0_13_fu_218                                   |   8|   0|    8|          0|
    |stencil_buf_0_14_fu_222                                   |   8|   0|    8|          0|
    |stencil_buf_0_15_fu_226                                   |   8|   0|    8|          0|
    |stencil_buf_0_15_load_reg_4840                            |   8|   0|    8|          0|
    |stencil_buf_0_17_2_reg_4893                               |   8|   0|    8|          0|
    |stencil_buf_0_1_fu_170                                    |   8|   0|    8|          0|
    |stencil_buf_0_2_fu_174                                    |   8|   0|    8|          0|
    |stencil_buf_0_3_fu_178                                    |   8|   0|    8|          0|
    |stencil_buf_0_4_fu_182                                    |   8|   0|    8|          0|
    |stencil_buf_0_5_fu_186                                    |   8|   0|    8|          0|
    |stencil_buf_0_6_fu_190                                    |   8|   0|    8|          0|
    |stencil_buf_0_7_fu_194                                    |   8|   0|    8|          0|
    |stencil_buf_0_7_load_reg_4771                             |   8|   0|    8|          0|
    |stencil_buf_0_8_fu_198                                    |   8|   0|    8|          0|
    |stencil_buf_0_8_load_reg_4776                             |   8|   0|    8|          0|
    |stencil_buf_0_9_fu_202                                    |   8|   0|    8|          0|
    |stencil_buf_1_0_fu_234                                    |   8|   0|    8|          0|
    |stencil_buf_1_0_load_reg_4781                             |   8|   0|    8|          0|
    |stencil_buf_1_0_s_fu_230                                  |   8|   0|    8|          0|
    |stencil_buf_1_10_fu_274                                   |   8|   0|    8|          0|
    |stencil_buf_1_11_fu_278                                   |   8|   0|    8|          0|
    |stencil_buf_1_12_fu_282                                   |   8|   0|    8|          0|
    |stencil_buf_1_13_fu_286                                   |   8|   0|    8|          0|
    |stencil_buf_1_14_fu_290                                   |   8|   0|    8|          0|
    |stencil_buf_1_15_fu_294                                   |   8|   0|    8|          0|
    |stencil_buf_1_15_load_reg_4845                            |   8|   0|    8|          0|
    |stencil_buf_1_17_2_reg_4899                               |   8|   0|    8|          0|
    |stencil_buf_1_1_fu_238                                    |   8|   0|    8|          0|
    |stencil_buf_1_2_fu_242                                    |   8|   0|    8|          0|
    |stencil_buf_1_3_fu_246                                    |   8|   0|    8|          0|
    |stencil_buf_1_4_fu_250                                    |   8|   0|    8|          0|
    |stencil_buf_1_5_fu_254                                    |   8|   0|    8|          0|
    |stencil_buf_1_6_fu_258                                    |   8|   0|    8|          0|
    |stencil_buf_1_7_fu_262                                    |   8|   0|    8|          0|
    |stencil_buf_1_7_load_reg_4787                             |   8|   0|    8|          0|
    |stencil_buf_1_8_fu_266                                    |   8|   0|    8|          0|
    |stencil_buf_1_8_load_reg_4793                             |   8|   0|    8|          0|
    |stencil_buf_1_9_fu_270                                    |   8|   0|    8|          0|
    |stencil_buf_2_0_fu_302                                    |   8|   0|    8|          0|
    |stencil_buf_2_0_load_reg_4798                             |   8|   0|    8|          0|
    |stencil_buf_2_0_s_fu_298                                  |   8|   0|    8|          0|
    |stencil_buf_2_10_fu_342                                   |   8|   0|    8|          0|
    |stencil_buf_2_11_fu_346                                   |   8|   0|    8|          0|
    |stencil_buf_2_12_fu_350                                   |   8|   0|    8|          0|
    |stencil_buf_2_13_fu_354                                   |   8|   0|    8|          0|
    |stencil_buf_2_14_fu_358                                   |   8|   0|    8|          0|
    |stencil_buf_2_16_2_reg_4851                               |   8|   0|    8|          0|
    |stencil_buf_2_1_fu_306                                    |   8|   0|    8|          0|
    |stencil_buf_2_2_fu_310                                    |   8|   0|    8|          0|
    |stencil_buf_2_3_fu_314                                    |   8|   0|    8|          0|
    |stencil_buf_2_4_fu_318                                    |   8|   0|    8|          0|
    |stencil_buf_2_5_fu_322                                    |   8|   0|    8|          0|
    |stencil_buf_2_6_fu_326                                    |   8|   0|    8|          0|
    |stencil_buf_2_7_fu_330                                    |   8|   0|    8|          0|
    |stencil_buf_2_7_load_reg_4804                             |   8|   0|    8|          0|
    |stencil_buf_2_8_fu_334                                    |   8|   0|    8|          0|
    |stencil_buf_2_9_fu_338                                    |   8|   0|    8|          0|
    |stencil_buf_3_0_fu_366                                    |   8|   0|    8|          0|
    |stencil_buf_3_0_load_reg_4810                             |   8|   0|    8|          0|
    |stencil_buf_3_0_s_fu_362                                  |   8|   0|    8|          0|
    |stencil_buf_3_10_fu_406                                   |   8|   0|    8|          0|
    |stencil_buf_3_11_fu_410                                   |   8|   0|    8|          0|
    |stencil_buf_3_12_fu_414                                   |   8|   0|    8|          0|
    |stencil_buf_3_13_fu_418                                   |   8|   0|    8|          0|
    |stencil_buf_3_14_fu_422                                   |   8|   0|    8|          0|
    |stencil_buf_3_16_2_reg_4858                               |   8|   0|    8|          0|
    |stencil_buf_3_1_fu_370                                    |   8|   0|    8|          0|
    |stencil_buf_3_2_fu_374                                    |   8|   0|    8|          0|
    |stencil_buf_3_3_fu_378                                    |   8|   0|    8|          0|
    |stencil_buf_3_4_fu_382                                    |   8|   0|    8|          0|
    |stencil_buf_3_5_fu_386                                    |   8|   0|    8|          0|
    |stencil_buf_3_6_fu_390                                    |   8|   0|    8|          0|
    |stencil_buf_3_7_fu_394                                    |   8|   0|    8|          0|
    |stencil_buf_3_7_load_reg_4815                             |   8|   0|    8|          0|
    |stencil_buf_3_8_fu_398                                    |   8|   0|    8|          0|
    |stencil_buf_3_9_fu_402                                    |   8|   0|    8|          0|
    |stencil_buf_4_0_fu_430                                    |   8|   0|    8|          0|
    |stencil_buf_4_0_s_fu_426                                  |   8|   0|    8|          0|
    |stencil_buf_4_10_fu_470                                   |   8|   0|    8|          0|
    |stencil_buf_4_11_fu_474                                   |   8|   0|    8|          0|
    |stencil_buf_4_12_fu_478                                   |   8|   0|    8|          0|
    |stencil_buf_4_13_fu_482                                   |   8|   0|    8|          0|
    |stencil_buf_4_14_fu_486                                   |   8|   0|    8|          0|
    |stencil_buf_4_16_2_reg_4865                               |   8|   0|    8|          0|
    |stencil_buf_4_1_fu_434                                    |   8|   0|    8|          0|
    |stencil_buf_4_2_fu_438                                    |   8|   0|    8|          0|
    |stencil_buf_4_3_fu_442                                    |   8|   0|    8|          0|
    |stencil_buf_4_4_fu_446                                    |   8|   0|    8|          0|
    |stencil_buf_4_5_fu_450                                    |   8|   0|    8|          0|
    |stencil_buf_4_6_fu_454                                    |   8|   0|    8|          0|
    |stencil_buf_4_7_fu_458                                    |   8|   0|    8|          0|
    |stencil_buf_4_7_load_reg_4820                             |   8|   0|    8|          0|
    |stencil_buf_4_8_fu_462                                    |   8|   0|    8|          0|
    |stencil_buf_4_9_fu_466                                    |   8|   0|    8|          0|
    |stencil_buf_5_0_fu_494                                    |   8|   0|    8|          0|
    |stencil_buf_5_0_s_fu_490                                  |   8|   0|    8|          0|
    |stencil_buf_5_10_fu_534                                   |   8|   0|    8|          0|
    |stencil_buf_5_11_fu_538                                   |   8|   0|    8|          0|
    |stencil_buf_5_12_fu_542                                   |   8|   0|    8|          0|
    |stencil_buf_5_13_fu_546                                   |   8|   0|    8|          0|
    |stencil_buf_5_14_fu_550                                   |   8|   0|    8|          0|
    |stencil_buf_5_16_2_reg_4872                               |   8|   0|    8|          0|
    |stencil_buf_5_1_fu_498                                    |   8|   0|    8|          0|
    |stencil_buf_5_2_fu_502                                    |   8|   0|    8|          0|
    |stencil_buf_5_3_fu_506                                    |   8|   0|    8|          0|
    |stencil_buf_5_4_fu_510                                    |   8|   0|    8|          0|
    |stencil_buf_5_5_fu_514                                    |   8|   0|    8|          0|
    |stencil_buf_5_6_fu_518                                    |   8|   0|    8|          0|
    |stencil_buf_5_7_fu_522                                    |   8|   0|    8|          0|
    |stencil_buf_5_7_load_reg_4825                             |   8|   0|    8|          0|
    |stencil_buf_5_8_fu_526                                    |   8|   0|    8|          0|
    |stencil_buf_5_9_fu_530                                    |   8|   0|    8|          0|
    |stencil_buf_6_0_fu_558                                    |   8|   0|    8|          0|
    |stencil_buf_6_0_s_fu_554                                  |   8|   0|    8|          0|
    |stencil_buf_6_10_fu_598                                   |   8|   0|    8|          0|
    |stencil_buf_6_11_fu_602                                   |   8|   0|    8|          0|
    |stencil_buf_6_12_fu_606                                   |   8|   0|    8|          0|
    |stencil_buf_6_13_fu_610                                   |   8|   0|    8|          0|
    |stencil_buf_6_14_fu_614                                   |   8|   0|    8|          0|
    |stencil_buf_6_16_2_reg_4879                               |   8|   0|    8|          0|
    |stencil_buf_6_1_fu_562                                    |   8|   0|    8|          0|
    |stencil_buf_6_2_fu_566                                    |   8|   0|    8|          0|
    |stencil_buf_6_3_fu_570                                    |   8|   0|    8|          0|
    |stencil_buf_6_4_fu_574                                    |   8|   0|    8|          0|
    |stencil_buf_6_5_fu_578                                    |   8|   0|    8|          0|
    |stencil_buf_6_6_fu_582                                    |   8|   0|    8|          0|
    |stencil_buf_6_7_fu_586                                    |   8|   0|    8|          0|
    |stencil_buf_6_7_load_reg_4830                             |   8|   0|    8|          0|
    |stencil_buf_6_8_fu_590                                    |   8|   0|    8|          0|
    |stencil_buf_6_9_fu_594                                    |   8|   0|    8|          0|
    |stencil_buf_7_0_fu_622                                    |   8|   0|    8|          0|
    |stencil_buf_7_0_s_fu_618                                  |   8|   0|    8|          0|
    |stencil_buf_7_10_fu_662                                   |   8|   0|    8|          0|
    |stencil_buf_7_11_fu_666                                   |   8|   0|    8|          0|
    |stencil_buf_7_12_fu_670                                   |   8|   0|    8|          0|
    |stencil_buf_7_13_fu_674                                   |   8|   0|    8|          0|
    |stencil_buf_7_14_fu_678                                   |   8|   0|    8|          0|
    |stencil_buf_7_16_2_reg_4886                               |   8|   0|    8|          0|
    |stencil_buf_7_1_fu_626                                    |   8|   0|    8|          0|
    |stencil_buf_7_2_fu_630                                    |   8|   0|    8|          0|
    |stencil_buf_7_3_fu_634                                    |   8|   0|    8|          0|
    |stencil_buf_7_4_fu_638                                    |   8|   0|    8|          0|
    |stencil_buf_7_5_fu_642                                    |   8|   0|    8|          0|
    |stencil_buf_7_6_fu_646                                    |   8|   0|    8|          0|
    |stencil_buf_7_7_fu_650                                    |   8|   0|    8|          0|
    |stencil_buf_7_7_load_reg_4835                             |   8|   0|    8|          0|
    |stencil_buf_7_8_fu_654                                    |   8|   0|    8|          0|
    |stencil_buf_7_9_fu_658                                    |   8|   0|    8|          0|
    |tile_index_dim0_reg_4462                                  |  32|   0|   32|          0|
    |tile_index_dim1_reg_4468                                  |  32|   0|   32|          0|
    |tmp_1_reg_4593                                            |  12|   0|   15|          3|
    |tmp_20_reg_4537                                           |   1|   0|    1|          0|
    |tmp_21_reg_4914                                           |   1|   0|    1|          0|
    |tmp_22_reg_4919                                           |   1|   0|    1|          0|
    |tmp_26_reg_4998                                           |   8|   0|    8|          0|
    |tmp_32_reg_5042                                           |   8|   0|    8|          0|
    |tmp_35_reg_4641                                           |  11|   0|   11|          0|
    |tmp_3_reg_4602                                            |  12|   0|   15|          3|
    |tmp_41_1_reg_4632                                         |   1|   0|    1|          0|
    |tmp_52_reg_4646                                           |   1|   0|    1|          0|
    |tmp_54_reg_4666                                           |   1|   0|    1|          0|
    |tmp_56_reg_4686                                           |   1|   0|    1|          0|
    |tmp_58_reg_4706                                           |   1|   0|    1|          0|
    |tmp_60_reg_4726                                           |   1|   0|    1|          0|
    |tmp_62_reg_4746                                           |   1|   0|    1|          0|
    |tmp_63_1_reg_4935                                         |   1|   0|    1|          0|
    |tmp_63_2_reg_4661                                         |   1|   0|    1|          0|
    |tmp_63_3_reg_4681                                         |   1|   0|    1|          0|
    |tmp_63_4_reg_4701                                         |   1|   0|    1|          0|
    |tmp_63_5_reg_4721                                         |   1|   0|    1|          0|
    |tmp_63_6_reg_4741                                         |   1|   0|    1|          0|
    |tmp_63_7_reg_4761                                         |   1|   0|    1|          0|
    |tmp_66_1_reg_5007                                         |   8|   0|    8|          0|
    |tmp_66_2_reg_4944                                         |   8|   0|    8|          0|
    |tmp_66_3_reg_4953                                         |   8|   0|    8|          0|
    |tmp_66_4_reg_4962                                         |   8|   0|    8|          0|
    |tmp_66_5_reg_4971                                         |   8|   0|    8|          0|
    |tmp_66_6_reg_4980                                         |   8|   0|    8|          0|
    |tmp_66_7_reg_4989                                         |   8|   0|    8|          0|
    |tmp_6_reg_4498                                            |  32|   0|   32|          0|
    |tmp_70_1_reg_5047                                         |   8|   0|    8|          0|
    |tmp_70_2_reg_5012                                         |   8|   0|    8|          0|
    |tmp_70_3_reg_5017                                         |   8|   0|    8|          0|
    |tmp_70_4_reg_5022                                         |   8|   0|    8|          0|
    |tmp_70_5_reg_5027                                         |   8|   0|    8|          0|
    |tmp_70_6_reg_5032                                         |   8|   0|    8|          0|
    |tmp_70_7_reg_5037                                         |   8|   0|    8|          0|
    |tmp_7_reg_4510                                            |  32|   0|   32|          0|
    |tmp_9_reg_4531                                            |  12|   0|   15|          3|
    |tmp_reg_4474                                              |  31|   0|   32|          1|
    |tmp_s_reg_4486                                            |  31|   0|   32|          1|
    |icmp1_reg_4612                                            |   0|   1|    1|          0|
    |icmp_reg_4589                                             |   0|   1|    1|          0|
    |tmp_3_reg_4602                                            |   0|  12|   15|          3|
    |tmp_41_1_reg_4632                                         |   0|   1|    1|          0|
    |tmp_52_reg_4646                                           |   0|   1|    1|          0|
    |tmp_54_reg_4666                                           |   0|   1|    1|          0|
    |tmp_56_reg_4686                                           |   0|   1|    1|          0|
    |tmp_58_reg_4706                                           |   0|   1|    1|          0|
    |tmp_60_reg_4726                                           |   0|   1|    1|          0|
    |tmp_62_reg_4746                                           |   0|   1|    1|          0|
    |tmp_9_reg_4531                                            |   0|  12|   15|          3|
    +----------------------------------------------------------+----+----+-----+-----------+
    |Total                                                     |2018|  33| 2077|         26|
    +----------------------------------------------------------+----+----+-----+-----------+



================================================================
== Interface
================================================================
* Summary: 
+---------------------+-----+-----+------------+---------------------+--------------+
|      RTL Ports      | Dir | Bits|  Protocol  |    Source Object    |    C Type    |
+---------------------+-----+-----+------------+---------------------+--------------+
|ap_clk               |  in |    1| ap_ctrl_hs |       compute       | return value |
|ap_rst               |  in |    1| ap_ctrl_hs |       compute       | return value |
|ap_start             |  in |    1| ap_ctrl_hs |       compute       | return value |
|ap_done              | out |    1| ap_ctrl_hs |       compute       | return value |
|ap_idle              | out |    1| ap_ctrl_hs |       compute       | return value |
|ap_ready             | out |    1| ap_ctrl_hs |       compute       | return value |
|compute_flag         |  in |    1|   ap_none  |     compute_flag    |    scalar    |
|output_0_address0    | out |   11|  ap_memory |       output_0      |     array    |
|output_0_ce0         | out |    1|  ap_memory |       output_0      |     array    |
|output_0_we0         | out |    1|  ap_memory |       output_0      |     array    |
|output_0_d0          | out |    8|  ap_memory |       output_0      |     array    |
|output_1_address0    | out |   11|  ap_memory |       output_1      |     array    |
|output_1_ce0         | out |    1|  ap_memory |       output_1      |     array    |
|output_1_we0         | out |    1|  ap_memory |       output_1      |     array    |
|output_1_d0          | out |    8|  ap_memory |       output_1      |     array    |
|output_2_address0    | out |   11|  ap_memory |       output_2      |     array    |
|output_2_ce0         | out |    1|  ap_memory |       output_2      |     array    |
|output_2_we0         | out |    1|  ap_memory |       output_2      |     array    |
|output_2_d0          | out |    8|  ap_memory |       output_2      |     array    |
|output_3_address0    | out |   11|  ap_memory |       output_3      |     array    |
|output_3_ce0         | out |    1|  ap_memory |       output_3      |     array    |
|output_3_we0         | out |    1|  ap_memory |       output_3      |     array    |
|output_3_d0          | out |    8|  ap_memory |       output_3      |     array    |
|output_4_address0    | out |   11|  ap_memory |       output_4      |     array    |
|output_4_ce0         | out |    1|  ap_memory |       output_4      |     array    |
|output_4_we0         | out |    1|  ap_memory |       output_4      |     array    |
|output_4_d0          | out |    8|  ap_memory |       output_4      |     array    |
|output_5_address0    | out |   11|  ap_memory |       output_5      |     array    |
|output_5_ce0         | out |    1|  ap_memory |       output_5      |     array    |
|output_5_we0         | out |    1|  ap_memory |       output_5      |     array    |
|output_5_d0          | out |    8|  ap_memory |       output_5      |     array    |
|output_6_address0    | out |   11|  ap_memory |       output_6      |     array    |
|output_6_ce0         | out |    1|  ap_memory |       output_6      |     array    |
|output_6_we0         | out |    1|  ap_memory |       output_6      |     array    |
|output_6_d0          | out |    8|  ap_memory |       output_6      |     array    |
|output_7_address0    | out |   11|  ap_memory |       output_7      |     array    |
|output_7_ce0         | out |    1|  ap_memory |       output_7      |     array    |
|output_7_we0         | out |    1|  ap_memory |       output_7      |     array    |
|output_7_d0          | out |    8|  ap_memory |       output_7      |     array    |
|input_0_address0     | out |   11|  ap_memory |       input_0       |     array    |
|input_0_ce0          | out |    1|  ap_memory |       input_0       |     array    |
|input_0_q0           |  in |    8|  ap_memory |       input_0       |     array    |
|input_1_address0     | out |   11|  ap_memory |       input_1       |     array    |
|input_1_ce0          | out |    1|  ap_memory |       input_1       |     array    |
|input_1_q0           |  in |    8|  ap_memory |       input_1       |     array    |
|input_2_address0     | out |   11|  ap_memory |       input_2       |     array    |
|input_2_ce0          | out |    1|  ap_memory |       input_2       |     array    |
|input_2_q0           |  in |    8|  ap_memory |       input_2       |     array    |
|input_3_address0     | out |   11|  ap_memory |       input_3       |     array    |
|input_3_ce0          | out |    1|  ap_memory |       input_3       |     array    |
|input_3_q0           |  in |    8|  ap_memory |       input_3       |     array    |
|input_4_address0     | out |   11|  ap_memory |       input_4       |     array    |
|input_4_ce0          | out |    1|  ap_memory |       input_4       |     array    |
|input_4_q0           |  in |    8|  ap_memory |       input_4       |     array    |
|input_5_address0     | out |   11|  ap_memory |       input_5       |     array    |
|input_5_ce0          | out |    1|  ap_memory |       input_5       |     array    |
|input_5_q0           |  in |    8|  ap_memory |       input_5       |     array    |
|input_6_address0     | out |   11|  ap_memory |       input_6       |     array    |
|input_6_ce0          | out |    1|  ap_memory |       input_6       |     array    |
|input_6_q0           |  in |    8|  ap_memory |       input_6       |     array    |
|input_7_address0     | out |   11|  ap_memory |       input_7       |     array    |
|input_7_ce0          | out |    1|  ap_memory |       input_7       |     array    |
|input_7_q0           |  in |    8|  ap_memory |       input_7       |     array    |
|tile_index           |  in |   32|   ap_none  |      tile_index     |    scalar    |
|tile_num_dim0        |  in |   32|   ap_none  |    tile_num_dim0    |    scalar    |
|var_edge_y_extent_0  |  in |   32|   ap_none  | var_edge_y_extent_0 |    scalar    |
|var_edge_y_extent_1  |  in |   32|   ap_none  | var_edge_y_extent_1 |    scalar    |
|var_edge_y_min_0     |  in |   32|   ap_none  |   var_edge_y_min_0  |    scalar    |
|var_edge_y_min_1     |  in |   32|   ap_none  |   var_edge_y_min_1  |    scalar    |
+---------------------+-----+-----+------------+---------------------+--------------+

