

================================================================
== Vivado HLS Report for 'compute'
================================================================
* Date:           Sat Apr 15 12:33:50 2017

* Version:        2016.3 (Build 1721985 on Tue Nov 29 18:45:36 MST 2016)
* Project:        edge_kernel
* Solution:       solution_OCL_REGION_0
* Product family: virtex7
* Target device:  xc7vx690tffg1157-2


================================================================
== Performance Estimates
================================================================
+ Timing (ns): 
    * Summary: 
    +--------+-------+----------+------------+
    |  Clock | Target| Estimated| Uncertainty|
    +--------+-------+----------+------------+
    |ap_clk  |   5.00|      3.60|        1.35|
    +--------+-------+----------+------------+

+ Latency (clock cycles): 
    * Summary: 
    +-----+-----+-----+-----+---------+
    |  Latency  |  Interval | Pipeline|
    | min | max | min | max |   Type  |
    +-----+-----+-----+-----+---------+
    |    1|  306|    1|  306|   none  |
    +-----+-----+-----+-----+---------+

    + Detail: 
        * Instance: 
        N/A

        * Loop: 
        +----------+-----+-----+----------+-----------+-----------+------+----------+
        |          |  Latency  | Iteration|  Initiation Interval  | Trip |          |
        | Loop Name| min | max |  Latency |  achieved |   target  | Count| Pipelined|
        +----------+-----+-----+----------+-----------+-----------+------+----------+
        |- Loop 1  |  268|  268|         5|          1|          1|   265|    yes   |
        +----------+-----+-----+----------+-----------+-----------+------+----------+



================================================================
== Utilization Estimates
================================================================
* Summary: 
+-----------------+---------+-------+--------+--------+
|       Name      | BRAM_18K| DSP48E|   FF   |   LUT  |
+-----------------+---------+-------+--------+--------+
|DSP              |        -|      -|       -|       -|
|Expression       |        -|      -|       0|    3249|
|FIFO             |        -|      -|       -|       -|
|Instance         |        -|      -|     576|     640|
|Memory           |        -|      -|       -|       -|
|Multiplexer      |        -|      -|       -|      84|
|Register         |        -|      -|    2545|      35|
+-----------------+---------+-------+--------+--------+
|Total            |        0|      0|    3121|    4008|
+-----------------+---------+-------+--------+--------+
|Available        |     2940|   3600|  866400|  433200|
+-----------------+---------+-------+--------+--------+
|Utilization (%)  |        0|      0|   ~0   |   ~0   |
+-----------------+---------+-------+--------+--------+

+ Detail: 
    * Instance: 
    +------------------------------------------+--------------------------------------+---------+-------+-----+-----+
    |                 Instance                 |                Module                | BRAM_18K| DSP48E|  FF | LUT |
    +------------------------------------------+--------------------------------------+---------+-------+-----+-----+
    |edge_kernel_sdiv_32ns_32ns_32_36_seq_U22  |edge_kernel_sdiv_32ns_32ns_32_36_seq  |        0|      0|  288|  320|
    |edge_kernel_srem_32ns_32ns_32_36_seq_U21  |edge_kernel_srem_32ns_32ns_32_36_seq  |        0|      0|  288|  320|
    +------------------------------------------+--------------------------------------+---------+-------+-----+-----+
    |Total                                     |                                      |        0|      0|  576|  640|
    +------------------------------------------+--------------------------------------+---------+-------+-----+-----+

    * DSP48: 
    N/A

    * Memory: 
    N/A

    * FIFO: 
    N/A

    * Expression: 
    +---------------------------------+----------+-------+---+----+------------+------------+
    |          Variable Name          | Operation| DSP48E| FF| LUT| Bitwidth P0| Bitwidth P1|
    +---------------------------------+----------+-------+---+----+------------+------------+
    |input_index_1_fu_1241_p2         |     +    |      0|  0|   9|           9|           1|
    |output_index_10_fu_2083_p2       |     +    |      0|  0|  13|          13|           8|
    |output_index_11_fu_2141_p2       |     +    |      0|  0|  13|          13|           8|
    |output_index_12_fu_2199_p2       |     +    |      0|  0|  13|          13|           8|
    |output_index_1_cp_fu_5198_p2     |     +    |      0|  0|  13|           9|          13|
    |output_index_1_fu_1395_p2        |     +    |      0|  0|  13|          13|           9|
    |output_index_2_fu_1967_p2        |     +    |      0|  0|  13|          13|           8|
    |output_index_3_fu_2025_p2        |     +    |      0|  0|  13|          13|           8|
    |output_index_4_fu_1561_p2        |     +    |      0|  0|  13|          13|           8|
    |output_index_5_fu_1619_p2        |     +    |      0|  0|  13|          13|           8|
    |output_index_6_fu_1677_p2        |     +    |      0|  0|  13|          13|           8|
    |output_index_7_fu_1735_p2        |     +    |      0|  0|  13|          13|           8|
    |output_index_8_fu_1793_p2        |     +    |      0|  0|  13|          13|           8|
    |output_index_9_fu_1851_p2        |     +    |      0|  0|  13|          13|           8|
    |output_index_cp_fu_5174_p2       |     +    |      0|  0|  13|           9|          13|
    |output_index_s_fu_1909_p2        |     +    |      0|  0|  13|          13|           8|
    |p_10_fu_2010_p2                  |     +    |      0|  0|  32|          32|          32|
    |p_11_fu_2068_p2                  |     +    |      0|  0|  32|          32|          32|
    |p_12_fu_2126_p2                  |     +    |      0|  0|  32|          32|          32|
    |p_13_fu_2184_p2                  |     +    |      0|  0|  32|          32|          32|
    |p_14_fu_2242_p2                  |     +    |      0|  0|  32|          32|          32|
    |p_1_fu_3623_p2                   |     +    |      0|  0|  32|          32|          32|
    |p_2_fu_1500_p2                   |     +    |      0|  0|  32|          32|          32|
    |p_3_fu_1546_p2                   |     +    |      0|  0|  32|          32|          32|
    |p_4_fu_1604_p2                   |     +    |      0|  0|  32|          32|          32|
    |p_5_fu_1662_p2                   |     +    |      0|  0|  32|          32|          32|
    |p_6_fu_1720_p2                   |     +    |      0|  0|  32|          32|          32|
    |p_7_fu_1778_p2                   |     +    |      0|  0|  32|          32|          32|
    |p_8_fu_1836_p2                   |     +    |      0|  0|  32|          32|          32|
    |p_9_fu_1894_p2                   |     +    |      0|  0|  32|          32|          32|
    |p_fu_3519_p2                     |     +    |      0|  0|  32|          32|          32|
    |p_s_fu_1952_p2                   |     +    |      0|  0|  32|          32|          32|
    |q_10_fu_2005_p2                  |     +    |      0|  0|  32|          32|          32|
    |q_11_fu_2063_p2                  |     +    |      0|  0|  32|          32|          32|
    |q_12_fu_2121_p2                  |     +    |      0|  0|  32|          32|          32|
    |q_13_fu_2179_p2                  |     +    |      0|  0|  32|          32|          32|
    |q_14_fu_2237_p2                  |     +    |      0|  0|  32|          32|          32|
    |q_1_fu_3618_p2                   |     +    |      0|  0|  32|          32|          32|
    |q_2_fu_1495_p2                   |     +    |      0|  0|  32|          32|          32|
    |q_3_fu_1541_p2                   |     +    |      0|  0|  32|          32|          32|
    |q_4_fu_1599_p2                   |     +    |      0|  0|  32|          32|          32|
    |q_5_fu_1657_p2                   |     +    |      0|  0|  32|          32|          32|
    |q_6_fu_1715_p2                   |     +    |      0|  0|  32|          32|          32|
    |q_7_fu_1773_p2                   |     +    |      0|  0|  32|          32|          32|
    |q_8_fu_1831_p2                   |     +    |      0|  0|  32|          32|          32|
    |q_9_fu_1889_p2                   |     +    |      0|  0|  32|          32|          32|
    |q_fu_3514_p2                     |     +    |      0|  0|  32|          32|          32|
    |q_s_fu_1947_p2                   |     +    |      0|  0|  32|          32|          32|
    |sum2_10_fu_4286_p2               |     +    |      0|  0|   4|           8|           8|
    |sum2_11_fu_4352_p2               |     +    |      0|  0|   4|           8|           8|
    |sum2_12_fu_4418_p2               |     +    |      0|  0|   4|           8|           8|
    |sum2_13_fu_4484_p2               |     +    |      0|  0|   4|           8|           8|
    |sum2_14_fu_4550_p2               |     +    |      0|  0|   4|           8|           8|
    |sum2_1_fu_4662_p2                |     +    |      0|  0|   4|           8|           8|
    |sum2_2_fu_3692_p2                |     +    |      0|  0|   4|           8|           8|
    |sum2_3_fu_3758_p2                |     +    |      0|  0|   4|           8|           8|
    |sum2_4_fu_3824_p2                |     +    |      0|  0|   4|           8|           8|
    |sum2_5_fu_3890_p2                |     +    |      0|  0|   4|           8|           8|
    |sum2_6_fu_3956_p2                |     +    |      0|  0|   4|           8|           8|
    |sum2_7_fu_4022_p2                |     +    |      0|  0|   4|           8|           8|
    |sum2_8_fu_4088_p2                |     +    |      0|  0|   4|           8|           8|
    |sum2_9_fu_4154_p2                |     +    |      0|  0|   4|           8|           8|
    |sum2_fu_4601_p2                  |     +    |      0|  0|   4|           8|           8|
    |sum2_s_fu_4220_p2                |     +    |      0|  0|   4|           8|           8|
    |tmp11_fu_3680_p2                 |     +    |      0|  0|   8|           8|           8|
    |tmp12_fu_3686_p2                 |     +    |      0|  0|   8|           8|           8|
    |tmp15_fu_3746_p2                 |     +    |      0|  0|   8|           8|           8|
    |tmp16_fu_3752_p2                 |     +    |      0|  0|   8|           8|           8|
    |tmp19_fu_3812_p2                 |     +    |      0|  0|   8|           8|           8|
    |tmp20_fu_3818_p2                 |     +    |      0|  0|   8|           8|           8|
    |tmp23_fu_3878_p2                 |     +    |      0|  0|   8|           8|           8|
    |tmp24_fu_3884_p2                 |     +    |      0|  0|   8|           8|           8|
    |tmp27_fu_3944_p2                 |     +    |      0|  0|   8|           8|           8|
    |tmp28_fu_3950_p2                 |     +    |      0|  0|   8|           8|           8|
    |tmp31_fu_4010_p2                 |     +    |      0|  0|   8|           8|           8|
    |tmp32_fu_4016_p2                 |     +    |      0|  0|   8|           8|           8|
    |tmp35_fu_4076_p2                 |     +    |      0|  0|   8|           8|           8|
    |tmp36_fu_4082_p2                 |     +    |      0|  0|   8|           8|           8|
    |tmp39_fu_4142_p2                 |     +    |      0|  0|   8|           8|           8|
    |tmp3_fu_4593_p2                  |     +    |      0|  0|   8|           8|           8|
    |tmp40_fu_4148_p2                 |     +    |      0|  0|   8|           8|           8|
    |tmp43_fu_4208_p2                 |     +    |      0|  0|   8|           8|           8|
    |tmp44_fu_4214_p2                 |     +    |      0|  0|   8|           8|           8|
    |tmp47_fu_4274_p2                 |     +    |      0|  0|   8|           8|           8|
    |tmp48_fu_4280_p2                 |     +    |      0|  0|   8|           8|           8|
    |tmp4_fu_4597_p2                  |     +    |      0|  0|   8|           8|           8|
    |tmp51_fu_4340_p2                 |     +    |      0|  0|   8|           8|           8|
    |tmp52_fu_4346_p2                 |     +    |      0|  0|   8|           8|           8|
    |tmp55_fu_4406_p2                 |     +    |      0|  0|   8|           8|           8|
    |tmp56_fu_4412_p2                 |     +    |      0|  0|   8|           8|           8|
    |tmp59_fu_4472_p2                 |     +    |      0|  0|   8|           8|           8|
    |tmp60_fu_4478_p2                 |     +    |      0|  0|   8|           8|           8|
    |tmp63_fu_4538_p2                 |     +    |      0|  0|   8|           8|           8|
    |tmp64_fu_4544_p2                 |     +    |      0|  0|   8|           8|           8|
    |tmp7_fu_4654_p2                  |     +    |      0|  0|   8|           8|           8|
    |tmp8_fu_4658_p2                  |     +    |      0|  0|   8|           8|           8|
    |tmp_1_fu_1307_p2                 |     +    |      0|  0|  13|          13|           9|
    |tmp_3_fu_1325_p2                 |     +    |      0|  0|  13|          13|           9|
    |tmp_40_1_fu_1401_p2              |     +    |      0|  0|  13|          13|           8|
    |tmp_6_fu_1227_p2                 |     +    |      0|  0|  32|          32|          32|
    |tmp_7_fu_1231_p2                 |     +    |      0|  0|  32|          32|          32|
    |p_neg1_fu_1347_p2                |     -    |      0|  0|  13|           8|          13|
    |p_neg_1_fu_1453_p2               |     -    |      0|  0|  15|           1|          15|
    |p_neg_t2_fu_1365_p2              |     -    |      0|  0|  13|           1|          13|
    |p_neg_t8_fu_1441_p2              |     -    |      0|  0|  13|           1|          13|
    |p_neg_t_1_fu_3583_p2             |     -    |      0|  0|  10|           1|          10|
    |p_neg_t_fu_1389_p2               |     -    |      0|  0|  10|           1|          10|
    |tmp_26_fu_4607_p2                |     -    |      0|  0|   4|           8|           8|
    |tmp_27_fu_4940_p2                |     -    |      0|  0|   4|           8|           8|
    |tmp_28_fu_4944_p2                |     -    |      0|  0|   4|           8|           8|
    |tmp_29_fu_4949_p2                |     -    |      0|  0|   4|           8|           8|
    |tmp_32_fu_4954_p2                |     -    |      0|  0|   4|           8|           8|
    |tmp_49_fu_1427_p2                |     -    |      0|  0|   6|           1|           6|
    |tmp_66_10_fu_4292_p2             |     -    |      0|  0|   4|           8|           8|
    |tmp_66_11_fu_4358_p2             |     -    |      0|  0|   4|           8|           8|
    |tmp_66_12_fu_4424_p2             |     -    |      0|  0|   4|           8|           8|
    |tmp_66_13_fu_4490_p2             |     -    |      0|  0|   4|           8|           8|
    |tmp_66_14_fu_4556_p2             |     -    |      0|  0|   4|           8|           8|
    |tmp_66_1_fu_4668_p2              |     -    |      0|  0|   4|           8|           8|
    |tmp_66_2_fu_3698_p2              |     -    |      0|  0|   4|           8|           8|
    |tmp_66_3_fu_3764_p2              |     -    |      0|  0|   4|           8|           8|
    |tmp_66_4_fu_3830_p2              |     -    |      0|  0|   4|           8|           8|
    |tmp_66_5_fu_3896_p2              |     -    |      0|  0|   4|           8|           8|
    |tmp_66_6_fu_3962_p2              |     -    |      0|  0|   4|           8|           8|
    |tmp_66_7_fu_4028_p2              |     -    |      0|  0|   4|           8|           8|
    |tmp_66_8_fu_4094_p2              |     -    |      0|  0|   4|           8|           8|
    |tmp_66_9_fu_4160_p2              |     -    |      0|  0|   4|           8|           8|
    |tmp_66_s_fu_4226_p2              |     -    |      0|  0|   4|           8|           8|
    |tmp_67_10_fu_4845_p2             |     -    |      0|  0|   4|           8|           8|
    |tmp_67_11_fu_4864_p2             |     -    |      0|  0|   4|           8|           8|
    |tmp_67_12_fu_4883_p2             |     -    |      0|  0|   4|           8|           8|
    |tmp_67_13_fu_4902_p2             |     -    |      0|  0|   4|           8|           8|
    |tmp_67_14_fu_4921_p2             |     -    |      0|  0|   4|           8|           8|
    |tmp_67_1_fu_4959_p2              |     -    |      0|  0|   4|           8|           8|
    |tmp_67_2_fu_4674_p2              |     -    |      0|  0|   4|           8|           8|
    |tmp_67_3_fu_4693_p2              |     -    |      0|  0|   4|           8|           8|
    |tmp_67_4_fu_4712_p2              |     -    |      0|  0|   4|           8|           8|
    |tmp_67_5_fu_4731_p2              |     -    |      0|  0|   4|           8|           8|
    |tmp_67_6_fu_4750_p2              |     -    |      0|  0|   4|           8|           8|
    |tmp_67_7_fu_4769_p2              |     -    |      0|  0|   4|           8|           8|
    |tmp_67_8_fu_4788_p2              |     -    |      0|  0|   4|           8|           8|
    |tmp_67_9_fu_4807_p2              |     -    |      0|  0|   4|           8|           8|
    |tmp_67_s_fu_4826_p2              |     -    |      0|  0|   4|           8|           8|
    |tmp_68_10_fu_4849_p2             |     -    |      0|  0|   4|           8|           8|
    |tmp_68_11_fu_4868_p2             |     -    |      0|  0|   4|           8|           8|
    |tmp_68_12_fu_4887_p2             |     -    |      0|  0|   4|           8|           8|
    |tmp_68_13_fu_4906_p2             |     -    |      0|  0|   4|           8|           8|
    |tmp_68_14_fu_4925_p2             |     -    |      0|  0|   4|           8|           8|
    |tmp_68_1_fu_4963_p2              |     -    |      0|  0|   4|           8|           8|
    |tmp_68_2_fu_4678_p2              |     -    |      0|  0|   4|           8|           8|
    |tmp_68_3_fu_4697_p2              |     -    |      0|  0|   4|           8|           8|
    |tmp_68_4_fu_4716_p2              |     -    |      0|  0|   4|           8|           8|
    |tmp_68_5_fu_4735_p2              |     -    |      0|  0|   4|           8|           8|
    |tmp_68_6_fu_4754_p2              |     -    |      0|  0|   4|           8|           8|
    |tmp_68_7_fu_4773_p2              |     -    |      0|  0|   4|           8|           8|
    |tmp_68_8_fu_4792_p2              |     -    |      0|  0|   4|           8|           8|
    |tmp_68_9_fu_4811_p2              |     -    |      0|  0|   4|           8|           8|
    |tmp_68_s_fu_4830_p2              |     -    |      0|  0|   4|           8|           8|
    |tmp_69_10_fu_4854_p2             |     -    |      0|  0|   4|           8|           8|
    |tmp_69_11_fu_4873_p2             |     -    |      0|  0|   4|           8|           8|
    |tmp_69_12_fu_4892_p2             |     -    |      0|  0|   4|           8|           8|
    |tmp_69_13_fu_4911_p2             |     -    |      0|  0|   4|           8|           8|
    |tmp_69_14_fu_4930_p2             |     -    |      0|  0|   4|           8|           8|
    |tmp_69_1_fu_4968_p2              |     -    |      0|  0|   4|           8|           8|
    |tmp_69_2_fu_4683_p2              |     -    |      0|  0|   4|           8|           8|
    |tmp_69_3_fu_4702_p2              |     -    |      0|  0|   4|           8|           8|
    |tmp_69_4_fu_4721_p2              |     -    |      0|  0|   4|           8|           8|
    |tmp_69_5_fu_4740_p2              |     -    |      0|  0|   4|           8|           8|
    |tmp_69_6_fu_4759_p2              |     -    |      0|  0|   4|           8|           8|
    |tmp_69_7_fu_4778_p2              |     -    |      0|  0|   4|           8|           8|
    |tmp_69_8_fu_4797_p2              |     -    |      0|  0|   4|           8|           8|
    |tmp_69_9_fu_4816_p2              |     -    |      0|  0|   4|           8|           8|
    |tmp_69_s_fu_4835_p2              |     -    |      0|  0|   4|           8|           8|
    |tmp_70_10_fu_4859_p2             |     -    |      0|  0|   4|           8|           8|
    |tmp_70_11_fu_4878_p2             |     -    |      0|  0|   4|           8|           8|
    |tmp_70_12_fu_4897_p2             |     -    |      0|  0|   4|           8|           8|
    |tmp_70_13_fu_4916_p2             |     -    |      0|  0|   4|           8|           8|
    |tmp_70_14_fu_4935_p2             |     -    |      0|  0|   4|           8|           8|
    |tmp_70_1_fu_4973_p2              |     -    |      0|  0|   4|           8|           8|
    |tmp_70_2_fu_4688_p2              |     -    |      0|  0|   4|           8|           8|
    |tmp_70_3_fu_4707_p2              |     -    |      0|  0|   4|           8|           8|
    |tmp_70_4_fu_4726_p2              |     -    |      0|  0|   4|           8|           8|
    |tmp_70_5_fu_4745_p2              |     -    |      0|  0|   4|           8|           8|
    |tmp_70_6_fu_4764_p2              |     -    |      0|  0|   4|           8|           8|
    |tmp_70_7_fu_4783_p2              |     -    |      0|  0|   4|           8|           8|
    |tmp_70_8_fu_4802_p2              |     -    |      0|  0|   4|           8|           8|
    |tmp_70_9_fu_4821_p2              |     -    |      0|  0|   4|           8|           8|
    |tmp_70_s_fu_4840_p2              |     -    |      0|  0|   4|           8|           8|
    |tmp_fu_1205_p2                   |     -    |      0|  0|  32|          32|          32|
    |tmp_s_fu_1221_p2                 |     -    |      0|  0|  32|          32|          32|
    |or_cond7_10_fu_4262_p2           |    and   |      0|  0|   1|           1|           1|
    |or_cond7_11_fu_4328_p2           |    and   |      0|  0|   1|           1|           1|
    |or_cond7_12_fu_4394_p2           |    and   |      0|  0|   1|           1|           1|
    |or_cond7_13_fu_4460_p2           |    and   |      0|  0|   1|           1|           1|
    |or_cond7_14_fu_4526_p2           |    and   |      0|  0|   1|           1|           1|
    |or_cond7_1_fu_4643_p2            |    and   |      0|  0|   1|           1|           1|
    |or_cond7_2_fu_3668_p2            |    and   |      0|  0|   1|           1|           1|
    |or_cond7_3_fu_3734_p2            |    and   |      0|  0|   1|           1|           1|
    |or_cond7_4_fu_3800_p2            |    and   |      0|  0|   1|           1|           1|
    |or_cond7_5_fu_3866_p2            |    and   |      0|  0|   1|           1|           1|
    |or_cond7_6_fu_3932_p2            |    and   |      0|  0|   1|           1|           1|
    |or_cond7_7_fu_3998_p2            |    and   |      0|  0|   1|           1|           1|
    |or_cond7_8_fu_4064_p2            |    and   |      0|  0|   1|           1|           1|
    |or_cond7_9_fu_4130_p2            |    and   |      0|  0|   1|           1|           1|
    |or_cond7_fu_4582_p2              |    and   |      0|  0|   1|           1|           1|
    |or_cond7_s_fu_4196_p2            |    and   |      0|  0|   1|           1|           1|
    |tmp10_fu_3663_p2                 |    and   |      0|  0|   1|           1|           1|
    |tmp13_fu_3723_p2                 |    and   |      0|  0|   1|           1|           1|
    |tmp14_fu_3729_p2                 |    and   |      0|  0|   1|           1|           1|
    |tmp17_fu_3789_p2                 |    and   |      0|  0|   1|           1|           1|
    |tmp18_fu_3795_p2                 |    and   |      0|  0|   1|           1|           1|
    |tmp1_fu_4572_p2                  |    and   |      0|  0|   1|           1|           1|
    |tmp21_fu_3855_p2                 |    and   |      0|  0|   1|           1|           1|
    |tmp22_fu_3861_p2                 |    and   |      0|  0|   1|           1|           1|
    |tmp25_fu_3921_p2                 |    and   |      0|  0|   1|           1|           1|
    |tmp26_fu_3927_p2                 |    and   |      0|  0|   1|           1|           1|
    |tmp29_fu_3987_p2                 |    and   |      0|  0|   1|           1|           1|
    |tmp2_fu_4578_p2                  |    and   |      0|  0|   1|           1|           1|
    |tmp30_fu_3993_p2                 |    and   |      0|  0|   1|           1|           1|
    |tmp33_fu_4053_p2                 |    and   |      0|  0|   1|           1|           1|
    |tmp34_fu_4059_p2                 |    and   |      0|  0|   1|           1|           1|
    |tmp37_fu_4119_p2                 |    and   |      0|  0|   1|           1|           1|
    |tmp38_fu_4125_p2                 |    and   |      0|  0|   1|           1|           1|
    |tmp41_fu_4185_p2                 |    and   |      0|  0|   1|           1|           1|
    |tmp42_fu_4191_p2                 |    and   |      0|  0|   1|           1|           1|
    |tmp45_fu_4251_p2                 |    and   |      0|  0|   1|           1|           1|
    |tmp46_fu_4257_p2                 |    and   |      0|  0|   1|           1|           1|
    |tmp49_fu_4317_p2                 |    and   |      0|  0|   1|           1|           1|
    |tmp50_fu_4323_p2                 |    and   |      0|  0|   1|           1|           1|
    |tmp53_fu_4383_p2                 |    and   |      0|  0|   1|           1|           1|
    |tmp54_fu_4389_p2                 |    and   |      0|  0|   1|           1|           1|
    |tmp57_fu_4449_p2                 |    and   |      0|  0|   1|           1|           1|
    |tmp58_fu_4455_p2                 |    and   |      0|  0|   1|           1|           1|
    |tmp5_fu_4632_p2                  |    and   |      0|  0|   1|           1|           1|
    |tmp61_fu_4515_p2                 |    and   |      0|  0|   1|           1|           1|
    |tmp62_fu_4521_p2                 |    and   |      0|  0|   1|           1|           1|
    |tmp6_fu_4638_p2                  |    and   |      0|  0|   1|           1|           1|
    |tmp9_fu_3657_p2                  |    and   |      0|  0|   1|           1|           1|
    |exitcond3_fu_1235_p2             |   icmp   |      0|  0|   3|           9|           9|
    |icmp1_fu_1341_p2                 |   icmp   |      0|  0|   5|          12|           1|
    |icmp_fu_1301_p2                  |   icmp   |      0|  0|   3|           6|           1|
    |slt10_fu_1667_p2                 |   icmp   |      0|  0|  11|          32|          32|
    |slt11_fu_3841_p2                 |   icmp   |      0|  0|  11|          32|          32|
    |slt12_fu_1725_p2                 |   icmp   |      0|  0|  11|          32|          32|
    |slt13_fu_3907_p2                 |   icmp   |      0|  0|  11|          32|          32|
    |slt14_fu_1783_p2                 |   icmp   |      0|  0|  11|          32|          32|
    |slt15_fu_3973_p2                 |   icmp   |      0|  0|  11|          32|          32|
    |slt16_fu_1841_p2                 |   icmp   |      0|  0|  11|          32|          32|
    |slt17_fu_4039_p2                 |   icmp   |      0|  0|  11|          32|          32|
    |slt18_fu_1899_p2                 |   icmp   |      0|  0|  11|          32|          32|
    |slt19_fu_4105_p2                 |   icmp   |      0|  0|  11|          32|          32|
    |slt1_fu_3529_p2                  |   icmp   |      0|  0|  11|          32|          32|
    |slt20_fu_1957_p2                 |   icmp   |      0|  0|  11|          32|          32|
    |slt21_fu_4171_p2                 |   icmp   |      0|  0|  11|          32|          32|
    |slt22_fu_2015_p2                 |   icmp   |      0|  0|  11|          32|          32|
    |slt23_fu_4237_p2                 |   icmp   |      0|  0|  11|          32|          32|
    |slt24_fu_2073_p2                 |   icmp   |      0|  0|  11|          32|          32|
    |slt25_fu_4303_p2                 |   icmp   |      0|  0|  11|          32|          32|
    |slt26_fu_2131_p2                 |   icmp   |      0|  0|  11|          32|          32|
    |slt27_fu_4369_p2                 |   icmp   |      0|  0|  11|          32|          32|
    |slt28_fu_2189_p2                 |   icmp   |      0|  0|  11|          32|          32|
    |slt29_fu_4435_p2                 |   icmp   |      0|  0|  11|          32|          32|
    |slt2_fu_3628_p2                  |   icmp   |      0|  0|  11|          32|          32|
    |slt30_fu_2247_p2                 |   icmp   |      0|  0|  11|          32|          32|
    |slt31_fu_4501_p2                 |   icmp   |      0|  0|  11|          32|          32|
    |slt3_fu_4618_p2                  |   icmp   |      0|  0|  11|          32|          32|
    |slt4_fu_1505_p2                  |   icmp   |      0|  0|  11|          32|          32|
    |slt5_fu_3643_p2                  |   icmp   |      0|  0|  11|          32|          32|
    |slt6_fu_1551_p2                  |   icmp   |      0|  0|  11|          32|          32|
    |slt7_fu_3709_p2                  |   icmp   |      0|  0|  11|          32|          32|
    |slt8_fu_1609_p2                  |   icmp   |      0|  0|  11|          32|          32|
    |slt9_fu_3775_p2                  |   icmp   |      0|  0|  11|          32|          32|
    |slt_fu_3524_p2                   |   icmp   |      0|  0|  11|          32|          32|
    |tmp_21_fu_3534_p2                |   icmp   |      0|  0|  11|          32|          32|
    |tmp_22_fu_3539_p2                |   icmp   |      0|  0|  11|          32|          32|
    |tmp_41_1_fu_1413_p2              |   icmp   |      0|  0|   5|          13|           1|
    |tmp_63_10_fu_2020_p2             |   icmp   |      0|  0|  11|          32|          32|
    |tmp_63_11_fu_2078_p2             |   icmp   |      0|  0|  11|          32|          32|
    |tmp_63_12_fu_2136_p2             |   icmp   |      0|  0|  11|          32|          32|
    |tmp_63_13_fu_2194_p2             |   icmp   |      0|  0|  11|          32|          32|
    |tmp_63_14_fu_2252_p2             |   icmp   |      0|  0|  11|          32|          32|
    |tmp_63_1_fu_3633_p2              |   icmp   |      0|  0|  11|          32|          32|
    |tmp_63_2_fu_1510_p2              |   icmp   |      0|  0|  11|          32|          32|
    |tmp_63_3_fu_1556_p2              |   icmp   |      0|  0|  11|          32|          32|
    |tmp_63_4_fu_1614_p2              |   icmp   |      0|  0|  11|          32|          32|
    |tmp_63_5_fu_1672_p2              |   icmp   |      0|  0|  11|          32|          32|
    |tmp_63_6_fu_1730_p2              |   icmp   |      0|  0|  11|          32|          32|
    |tmp_63_7_fu_1788_p2              |   icmp   |      0|  0|  11|          32|          32|
    |tmp_63_8_fu_1846_p2              |   icmp   |      0|  0|  11|          32|          32|
    |tmp_63_9_fu_1904_p2              |   icmp   |      0|  0|  11|          32|          32|
    |tmp_63_s_fu_1962_p2              |   icmp   |      0|  0|  11|          32|          32|
    |tmp_64_10_fu_4247_p2             |   icmp   |      0|  0|  11|          32|          32|
    |tmp_64_11_fu_4313_p2             |   icmp   |      0|  0|  11|          32|          32|
    |tmp_64_12_fu_4379_p2             |   icmp   |      0|  0|  11|          32|          32|
    |tmp_64_13_fu_4445_p2             |   icmp   |      0|  0|  11|          32|          32|
    |tmp_64_14_fu_4511_p2             |   icmp   |      0|  0|  11|          32|          32|
    |tmp_64_1_fu_4628_p2              |   icmp   |      0|  0|  11|          32|          32|
    |tmp_64_2_fu_3653_p2              |   icmp   |      0|  0|  11|          32|          32|
    |tmp_64_3_fu_3719_p2              |   icmp   |      0|  0|  11|          32|          32|
    |tmp_64_4_fu_3785_p2              |   icmp   |      0|  0|  11|          32|          32|
    |tmp_64_5_fu_3851_p2              |   icmp   |      0|  0|  11|          32|          32|
    |tmp_64_6_fu_3917_p2              |   icmp   |      0|  0|  11|          32|          32|
    |tmp_64_7_fu_3983_p2              |   icmp   |      0|  0|  11|          32|          32|
    |tmp_64_8_fu_4049_p2              |   icmp   |      0|  0|  11|          32|          32|
    |tmp_64_9_fu_4115_p2              |   icmp   |      0|  0|  11|          32|          32|
    |tmp_64_s_fu_4181_p2              |   icmp   |      0|  0|  11|          32|          32|
    |ap_enable_pp0                    |    or    |      0|  0|   1|           1|           1|
    |output_index_10_cast_fu_2089_p2  |    or    |      0|  0|   8|           6|           4|
    |output_index_11_cast_fu_2147_p2  |    or    |      0|  0|   8|           6|           4|
    |output_index_12_cast_fu_2205_p2  |    or    |      0|  0|   8|           6|           4|
    |output_index_2_cast_fu_1973_p2   |    or    |      0|  0|   8|           6|           4|
    |output_index_3_cast_fu_2031_p2   |    or    |      0|  0|   8|           6|           4|
    |output_index_4_cast_fu_1567_p2   |    or    |      0|  0|   8|           6|           2|
    |output_index_5_cast_fu_1625_p2   |    or    |      0|  0|   8|           6|           2|
    |output_index_6_cast_fu_1683_p2   |    or    |      0|  0|   8|           6|           3|
    |output_index_7_cast_fu_1741_p2   |    or    |      0|  0|   8|           6|           3|
    |output_index_8_cast_fu_1799_p2   |    or    |      0|  0|   8|           6|           3|
    |output_index_9_cast_fu_1857_p2   |    or    |      0|  0|   8|           6|           3|
    |output_index_cast_fu_1915_p2     |    or    |      0|  0|   8|           6|           4|
    |output_index_tr_s_fu_1447_p2     |    or    |      0|  0|  23|          15|           1|
    |tmp_40_1_cast_fu_1407_p2         |    or    |      0|  0|   8|           6|           1|
    |i_1_fu_3562_p3                   |  select  |      0|  0|  13|           1|          13|
    |i_fu_3475_p3                     |  select  |      0|  0|  13|           1|          13|
    |stencil_buf_0_9_2_fu_3363_p3     |  select  |      0|  0|   8|           1|           8|
    |stencil_buf_10_8_2_fu_3321_p3    |  select  |      0|  0|   8|           1|           8|
    |stencil_buf_11_8_2_fu_3328_p3    |  select  |      0|  0|   8|           1|           8|
    |stencil_buf_12_8_2_fu_3335_p3    |  select  |      0|  0|   8|           1|           8|
    |stencil_buf_13_8_2_fu_3342_p3    |  select  |      0|  0|   8|           1|           8|
    |stencil_buf_14_8_2_fu_3349_p3    |  select  |      0|  0|   8|           1|           8|
    |stencil_buf_15_8_2_fu_3356_p3    |  select  |      0|  0|   8|           1|           8|
    |stencil_buf_1_9_2_fu_3370_p3     |  select  |      0|  0|   8|           1|           8|
    |stencil_buf_2_8_2_fu_3265_p3     |  select  |      0|  0|   8|           1|           8|
    |stencil_buf_3_8_2_fu_3272_p3     |  select  |      0|  0|   8|           1|           8|
    |stencil_buf_4_8_2_fu_3279_p3     |  select  |      0|  0|   8|           1|           8|
    |stencil_buf_5_8_2_fu_3286_p3     |  select  |      0|  0|   8|           1|           8|
    |stencil_buf_6_8_2_fu_3293_p3     |  select  |      0|  0|   8|           1|           8|
    |stencil_buf_7_8_2_fu_3300_p3     |  select  |      0|  0|   8|           1|           8|
    |stencil_buf_8_8_2_fu_3307_p3     |  select  |      0|  0|   8|           1|           8|
    |stencil_buf_9_8_2_fu_3314_p3     |  select  |      0|  0|   8|           1|           8|
    |tmp_19_fu_3503_p3                |  select  |      0|  0|  10|           1|          10|
    |tmp_23_fu_3606_p3                |  select  |      0|  0|  10|           1|          10|
    |rev10_fu_3836_p2                 |    xor   |      0|  0|   2|           1|           2|
    |rev11_fu_3845_p2                 |    xor   |      0|  0|   2|           1|           2|
    |rev12_fu_3902_p2                 |    xor   |      0|  0|   2|           1|           2|
    |rev13_fu_3911_p2                 |    xor   |      0|  0|   2|           1|           2|
    |rev14_fu_3968_p2                 |    xor   |      0|  0|   2|           1|           2|
    |rev15_fu_3977_p2                 |    xor   |      0|  0|   2|           1|           2|
    |rev16_fu_4034_p2                 |    xor   |      0|  0|   2|           1|           2|
    |rev17_fu_4043_p2                 |    xor   |      0|  0|   2|           1|           2|
    |rev18_fu_4100_p2                 |    xor   |      0|  0|   2|           1|           2|
    |rev19_fu_4109_p2                 |    xor   |      0|  0|   2|           1|           2|
    |rev1_fu_4567_p2                  |    xor   |      0|  0|   2|           1|           2|
    |rev20_fu_4166_p2                 |    xor   |      0|  0|   2|           1|           2|
    |rev21_fu_4175_p2                 |    xor   |      0|  0|   2|           1|           2|
    |rev22_fu_4232_p2                 |    xor   |      0|  0|   2|           1|           2|
    |rev23_fu_4241_p2                 |    xor   |      0|  0|   2|           1|           2|
    |rev24_fu_4298_p2                 |    xor   |      0|  0|   2|           1|           2|
    |rev25_fu_4307_p2                 |    xor   |      0|  0|   2|           1|           2|
    |rev26_fu_4364_p2                 |    xor   |      0|  0|   2|           1|           2|
    |rev27_fu_4373_p2                 |    xor   |      0|  0|   2|           1|           2|
    |rev28_fu_4430_p2                 |    xor   |      0|  0|   2|           1|           2|
    |rev29_fu_4439_p2                 |    xor   |      0|  0|   2|           1|           2|
    |rev2_fu_4613_p2                  |    xor   |      0|  0|   2|           1|           2|
    |rev30_fu_4496_p2                 |    xor   |      0|  0|   2|           1|           2|
    |rev31_fu_4505_p2                 |    xor   |      0|  0|   2|           1|           2|
    |rev3_fu_4622_p2                  |    xor   |      0|  0|   2|           1|           2|
    |rev4_fu_3638_p2                  |    xor   |      0|  0|   2|           1|           2|
    |rev5_fu_3647_p2                  |    xor   |      0|  0|   2|           1|           2|
    |rev6_fu_3704_p2                  |    xor   |      0|  0|   2|           1|           2|
    |rev7_fu_3713_p2                  |    xor   |      0|  0|   2|           1|           2|
    |rev8_fu_3770_p2                  |    xor   |      0|  0|   2|           1|           2|
    |rev9_fu_3779_p2                  |    xor   |      0|  0|   2|           1|           2|
    |rev_fu_4562_p2                   |    xor   |      0|  0|   2|           1|           2|
    +---------------------------------+----------+-------+---+----+------------+------------+
    |Total                            |          |      0|  0|3249|        4707|        4803|
    +---------------------------------+----------+-------+---+----+------------+------------+

    * Multiplexer: 
    +-------------------------+----+-----------+-----+-----------+
    |           Name          | LUT| Input Size| Bits| Total Bits|
    +-------------------------+----+-----------+-----+-----------+
    |ap_NS_fsm                |  72|         40|    1|         40|
    |ap_enable_reg_pp0_iter1  |   1|          2|    1|          2|
    |ap_enable_reg_pp0_iter2  |   1|          2|    1|          2|
    |ap_enable_reg_pp0_iter4  |   1|          2|    1|          2|
    |input_index_reg_1172     |   9|          2|    9|         18|
    +-------------------------+----+-----------+-----+-----------+
    |Total                    |  84|         48|   13|         64|
    +-------------------------+----+-----------+-----+-----------+

    * Register: 
    +---------------------------------------------------------+----+----+-----+-----------+
    |                           Name                          | FF | LUT| Bits| Const Bits|
    +---------------------------------------------------------+----+----+-----+-----------+
    |ap_CS_fsm                                                |  39|   0|   39|          0|
    |ap_enable_reg_pp0_iter0                                  |   1|   0|    1|          0|
    |ap_enable_reg_pp0_iter1                                  |   1|   0|    1|          0|
    |ap_enable_reg_pp0_iter2                                  |   1|   0|    1|          0|
    |ap_enable_reg_pp0_iter3                                  |   1|   0|    1|          0|
    |ap_enable_reg_pp0_iter4                                  |   1|   0|    1|          0|
    |ap_pipeline_reg_pp0_iter2_or_cond7_10_reg_6989           |   1|   0|    1|          0|
    |ap_pipeline_reg_pp0_iter2_or_cond7_11_reg_6998           |   1|   0|    1|          0|
    |ap_pipeline_reg_pp0_iter2_or_cond7_12_reg_7007           |   1|   0|    1|          0|
    |ap_pipeline_reg_pp0_iter2_or_cond7_13_reg_7016           |   1|   0|    1|          0|
    |ap_pipeline_reg_pp0_iter2_or_cond7_14_reg_7025           |   1|   0|    1|          0|
    |ap_pipeline_reg_pp0_iter2_or_cond7_2_reg_6908            |   1|   0|    1|          0|
    |ap_pipeline_reg_pp0_iter2_or_cond7_3_reg_6917            |   1|   0|    1|          0|
    |ap_pipeline_reg_pp0_iter2_or_cond7_4_reg_6926            |   1|   0|    1|          0|
    |ap_pipeline_reg_pp0_iter2_or_cond7_5_reg_6935            |   1|   0|    1|          0|
    |ap_pipeline_reg_pp0_iter2_or_cond7_6_reg_6944            |   1|   0|    1|          0|
    |ap_pipeline_reg_pp0_iter2_or_cond7_7_reg_6953            |   1|   0|    1|          0|
    |ap_pipeline_reg_pp0_iter2_or_cond7_8_reg_6962            |   1|   0|    1|          0|
    |ap_pipeline_reg_pp0_iter2_or_cond7_9_reg_6971            |   1|   0|    1|          0|
    |ap_pipeline_reg_pp0_iter2_or_cond7_s_reg_6980            |   1|   0|    1|          0|
    |ap_pipeline_reg_pp0_iter2_stencil_buf_0_7_load_reg_6752  |   8|   0|    8|          0|
    |ap_pipeline_reg_pp0_iter2_stencil_buf_1_7_load_reg_6757  |   8|   0|    8|          0|
    |ap_pipeline_reg_pp0_iter2_stencil_buf_2_3_load_reg_6676  |   8|   0|    8|          0|
    |ap_pipeline_reg_pp0_iter2_stencil_buf_2_8_2_reg_6763     |   8|   0|    8|          0|
    |ap_pipeline_reg_pp0_iter2_stencil_buf_3_3_load_reg_6687  |   8|   0|    8|          0|
    |ap_pipeline_reg_pp0_iter2_stencil_buf_3_8_2_reg_6770     |   8|   0|    8|          0|
    |ap_pipeline_reg_pp0_iter3_or_cond7_1_reg_7043            |   1|   0|    1|          0|
    |ap_pipeline_reg_pp0_iter3_or_cond7_reg_7034              |   1|   0|    1|          0|
    |exitcond3_reg_6178                                       |   1|   0|    1|          0|
    |icmp1_reg_6324                                           |   1|   0|    1|          0|
    |icmp_reg_6293                                            |   1|   0|    1|          0|
    |input_index_reg_1172                                     |   9|   0|    9|          0|
    |or_cond7_10_reg_6989                                     |   1|   0|    1|          0|
    |or_cond7_11_reg_6998                                     |   1|   0|    1|          0|
    |or_cond7_12_reg_7007                                     |   1|   0|    1|          0|
    |or_cond7_13_reg_7016                                     |   1|   0|    1|          0|
    |or_cond7_14_reg_7025                                     |   1|   0|    1|          0|
    |or_cond7_1_reg_7043                                      |   1|   0|    1|          0|
    |or_cond7_2_reg_6908                                      |   1|   0|    1|          0|
    |or_cond7_3_reg_6917                                      |   1|   0|    1|          0|
    |or_cond7_4_reg_6926                                      |   1|   0|    1|          0|
    |or_cond7_5_reg_6935                                      |   1|   0|    1|          0|
    |or_cond7_6_reg_6944                                      |   1|   0|    1|          0|
    |or_cond7_7_reg_6953                                      |   1|   0|    1|          0|
    |or_cond7_8_reg_6962                                      |   1|   0|    1|          0|
    |or_cond7_9_reg_6971                                      |   1|   0|    1|          0|
    |or_cond7_reg_7034                                        |   1|   0|    1|          0|
    |or_cond7_s_reg_6980                                      |   1|   0|    1|          0|
    |output_index_1_reg_6338                                  |   9|   0|   13|          4|
    |p_neg_t2_reg_6328                                        |   9|   0|   13|          4|
    |p_neg_t8_reg_6348                                        |   9|   0|   13|          4|
    |p_neg_t_reg_6333                                         |  10|   0|   10|          0|
    |q_10_reg_6542                                            |  32|   0|   32|          0|
    |q_11_reg_6562                                            |  32|   0|   32|          0|
    |q_12_reg_6582                                            |  32|   0|   32|          0|
    |q_13_reg_6602                                            |  32|   0|   32|          0|
    |q_14_reg_6622                                            |  32|   0|   32|          0|
    |q_1_reg_6892                                             |  32|   0|   32|          0|
    |q_2_reg_6362                                             |  32|   0|   32|          0|
    |q_3_reg_6382                                             |  32|   0|   32|          0|
    |q_4_reg_6402                                             |  32|   0|   32|          0|
    |q_5_reg_6422                                             |  32|   0|   32|          0|
    |q_6_reg_6442                                             |  32|   0|   32|          0|
    |q_7_reg_6462                                             |  32|   0|   32|          0|
    |q_8_reg_6482                                             |  32|   0|   32|          0|
    |q_9_reg_6502                                             |  32|   0|   32|          0|
    |q_s_reg_6522                                             |  32|   0|   32|          0|
    |slt10_reg_6428                                           |   1|   0|    1|          0|
    |slt12_reg_6448                                           |   1|   0|    1|          0|
    |slt14_reg_6468                                           |   1|   0|    1|          0|
    |slt16_reg_6488                                           |   1|   0|    1|          0|
    |slt18_reg_6508                                           |   1|   0|    1|          0|
    |slt1_reg_6877                                            |   1|   0|    1|          0|
    |slt20_reg_6528                                           |   1|   0|    1|          0|
    |slt22_reg_6548                                           |   1|   0|    1|          0|
    |slt24_reg_6568                                           |   1|   0|    1|          0|
    |slt26_reg_6588                                           |   1|   0|    1|          0|
    |slt28_reg_6608                                           |   1|   0|    1|          0|
    |slt2_reg_6898                                            |   1|   0|    1|          0|
    |slt30_reg_6628                                           |   1|   0|    1|          0|
    |slt4_reg_6368                                            |   1|   0|    1|          0|
    |slt6_reg_6388                                            |   1|   0|    1|          0|
    |slt8_reg_6408                                            |   1|   0|    1|          0|
    |slt_reg_6872                                             |   1|   0|    1|          0|
    |stencil_buf_0_0_fu_230                                   |   8|   0|    8|          0|
    |stencil_buf_0_0_load_reg_6638                            |   8|   0|    8|          0|
    |stencil_buf_0_0_s_fu_226                                 |   8|   0|    8|          0|
    |stencil_buf_0_1_fu_234                                   |   8|   0|    8|          0|
    |stencil_buf_0_2_fu_238                                   |   8|   0|    8|          0|
    |stencil_buf_0_3_fu_242                                   |   8|   0|    8|          0|
    |stencil_buf_0_3_load_reg_6643                            |   8|   0|    8|          0|
    |stencil_buf_0_4_fu_246                                   |   8|   0|    8|          0|
    |stencil_buf_0_4_load_reg_6648                            |   8|   0|    8|          0|
    |stencil_buf_0_5_fu_250                                   |   8|   0|    8|          0|
    |stencil_buf_0_6_fu_254                                   |   8|   0|    8|          0|
    |stencil_buf_0_7_fu_258                                   |   8|   0|    8|          0|
    |stencil_buf_0_7_load_reg_6752                            |   8|   0|    8|          0|
    |stencil_buf_0_9_2_reg_6861                               |   8|   0|    8|          0|
    |stencil_buf_10_0_fu_558                                  |   8|   0|    8|          0|
    |stencil_buf_10_0_s_fu_554                                |   8|   0|    8|          0|
    |stencil_buf_10_1_fu_562                                  |   8|   0|    8|          0|
    |stencil_buf_10_2_fu_566                                  |   8|   0|    8|          0|
    |stencil_buf_10_3_fu_570                                  |   8|   0|    8|          0|
    |stencil_buf_10_3_load_reg_6722                           |   8|   0|    8|          0|
    |stencil_buf_10_4_fu_574                                  |   8|   0|    8|          0|
    |stencil_buf_10_5_fu_578                                  |   8|   0|    8|          0|
    |stencil_buf_10_6_fu_582                                  |   8|   0|    8|          0|
    |stencil_buf_10_8_2_reg_6819                              |   8|   0|    8|          0|
    |stencil_buf_11_0_fu_590                                  |   8|   0|    8|          0|
    |stencil_buf_11_0_s_fu_586                                |   8|   0|    8|          0|
    |stencil_buf_11_1_fu_594                                  |   8|   0|    8|          0|
    |stencil_buf_11_2_fu_598                                  |   8|   0|    8|          0|
    |stencil_buf_11_3_fu_602                                  |   8|   0|    8|          0|
    |stencil_buf_11_3_load_reg_6727                           |   8|   0|    8|          0|
    |stencil_buf_11_4_fu_606                                  |   8|   0|    8|          0|
    |stencil_buf_11_5_fu_610                                  |   8|   0|    8|          0|
    |stencil_buf_11_6_fu_614                                  |   8|   0|    8|          0|
    |stencil_buf_11_8_2_reg_6826                              |   8|   0|    8|          0|
    |stencil_buf_12_0_fu_622                                  |   8|   0|    8|          0|
    |stencil_buf_12_0_s_fu_618                                |   8|   0|    8|          0|
    |stencil_buf_12_1_fu_626                                  |   8|   0|    8|          0|
    |stencil_buf_12_2_fu_630                                  |   8|   0|    8|          0|
    |stencil_buf_12_3_fu_634                                  |   8|   0|    8|          0|
    |stencil_buf_12_3_load_reg_6732                           |   8|   0|    8|          0|
    |stencil_buf_12_4_fu_638                                  |   8|   0|    8|          0|
    |stencil_buf_12_5_fu_642                                  |   8|   0|    8|          0|
    |stencil_buf_12_6_fu_646                                  |   8|   0|    8|          0|
    |stencil_buf_12_8_2_reg_6833                              |   8|   0|    8|          0|
    |stencil_buf_13_0_fu_654                                  |   8|   0|    8|          0|
    |stencil_buf_13_0_s_fu_650                                |   8|   0|    8|          0|
    |stencil_buf_13_1_fu_658                                  |   8|   0|    8|          0|
    |stencil_buf_13_2_fu_662                                  |   8|   0|    8|          0|
    |stencil_buf_13_3_fu_666                                  |   8|   0|    8|          0|
    |stencil_buf_13_3_load_reg_6737                           |   8|   0|    8|          0|
    |stencil_buf_13_4_fu_670                                  |   8|   0|    8|          0|
    |stencil_buf_13_5_fu_674                                  |   8|   0|    8|          0|
    |stencil_buf_13_6_fu_678                                  |   8|   0|    8|          0|
    |stencil_buf_13_8_2_reg_6840                              |   8|   0|    8|          0|
    |stencil_buf_14_0_fu_686                                  |   8|   0|    8|          0|
    |stencil_buf_14_0_s_fu_682                                |   8|   0|    8|          0|
    |stencil_buf_14_1_fu_690                                  |   8|   0|    8|          0|
    |stencil_buf_14_2_fu_694                                  |   8|   0|    8|          0|
    |stencil_buf_14_3_fu_698                                  |   8|   0|    8|          0|
    |stencil_buf_14_3_load_reg_6742                           |   8|   0|    8|          0|
    |stencil_buf_14_4_fu_702                                  |   8|   0|    8|          0|
    |stencil_buf_14_5_fu_706                                  |   8|   0|    8|          0|
    |stencil_buf_14_6_fu_710                                  |   8|   0|    8|          0|
    |stencil_buf_14_8_2_reg_6847                              |   8|   0|    8|          0|
    |stencil_buf_15_0_fu_718                                  |   8|   0|    8|          0|
    |stencil_buf_15_0_s_fu_714                                |   8|   0|    8|          0|
    |stencil_buf_15_1_fu_722                                  |   8|   0|    8|          0|
    |stencil_buf_15_2_fu_726                                  |   8|   0|    8|          0|
    |stencil_buf_15_3_fu_730                                  |   8|   0|    8|          0|
    |stencil_buf_15_3_load_reg_6747                           |   8|   0|    8|          0|
    |stencil_buf_15_4_fu_734                                  |   8|   0|    8|          0|
    |stencil_buf_15_5_fu_738                                  |   8|   0|    8|          0|
    |stencil_buf_15_6_fu_742                                  |   8|   0|    8|          0|
    |stencil_buf_15_8_2_reg_6854                              |   8|   0|    8|          0|
    |stencil_buf_1_0_fu_266                                   |   8|   0|    8|          0|
    |stencil_buf_1_0_load_reg_6653                            |   8|   0|    8|          0|
    |stencil_buf_1_0_s_fu_262                                 |   8|   0|    8|          0|
    |stencil_buf_1_1_fu_270                                   |   8|   0|    8|          0|
    |stencil_buf_1_2_fu_274                                   |   8|   0|    8|          0|
    |stencil_buf_1_3_fu_278                                   |   8|   0|    8|          0|
    |stencil_buf_1_3_load_reg_6659                            |   8|   0|    8|          0|
    |stencil_buf_1_4_fu_282                                   |   8|   0|    8|          0|
    |stencil_buf_1_4_load_reg_6665                            |   8|   0|    8|          0|
    |stencil_buf_1_5_fu_286                                   |   8|   0|    8|          0|
    |stencil_buf_1_6_fu_290                                   |   8|   0|    8|          0|
    |stencil_buf_1_7_fu_294                                   |   8|   0|    8|          0|
    |stencil_buf_1_7_load_reg_6757                            |   8|   0|    8|          0|
    |stencil_buf_1_9_2_reg_6867                               |   8|   0|    8|          0|
    |stencil_buf_2_0_fu_302                                   |   8|   0|    8|          0|
    |stencil_buf_2_0_load_reg_6670                            |   8|   0|    8|          0|
    |stencil_buf_2_0_s_fu_298                                 |   8|   0|    8|          0|
    |stencil_buf_2_1_fu_306                                   |   8|   0|    8|          0|
    |stencil_buf_2_2_fu_310                                   |   8|   0|    8|          0|
    |stencil_buf_2_3_fu_314                                   |   8|   0|    8|          0|
    |stencil_buf_2_3_load_reg_6676                            |   8|   0|    8|          0|
    |stencil_buf_2_4_fu_318                                   |   8|   0|    8|          0|
    |stencil_buf_2_5_fu_322                                   |   8|   0|    8|          0|
    |stencil_buf_2_6_fu_326                                   |   8|   0|    8|          0|
    |stencil_buf_2_8_2_reg_6763                               |   8|   0|    8|          0|
    |stencil_buf_3_0_fu_334                                   |   8|   0|    8|          0|
    |stencil_buf_3_0_load_reg_6682                            |   8|   0|    8|          0|
    |stencil_buf_3_0_s_fu_330                                 |   8|   0|    8|          0|
    |stencil_buf_3_1_fu_338                                   |   8|   0|    8|          0|
    |stencil_buf_3_2_fu_342                                   |   8|   0|    8|          0|
    |stencil_buf_3_3_fu_346                                   |   8|   0|    8|          0|
    |stencil_buf_3_3_load_reg_6687                            |   8|   0|    8|          0|
    |stencil_buf_3_4_fu_350                                   |   8|   0|    8|          0|
    |stencil_buf_3_5_fu_354                                   |   8|   0|    8|          0|
    |stencil_buf_3_6_fu_358                                   |   8|   0|    8|          0|
    |stencil_buf_3_8_2_reg_6770                               |   8|   0|    8|          0|
    |stencil_buf_4_0_fu_366                                   |   8|   0|    8|          0|
    |stencil_buf_4_0_s_fu_362                                 |   8|   0|    8|          0|
    |stencil_buf_4_1_fu_370                                   |   8|   0|    8|          0|
    |stencil_buf_4_2_fu_374                                   |   8|   0|    8|          0|
    |stencil_buf_4_3_fu_378                                   |   8|   0|    8|          0|
    |stencil_buf_4_3_load_reg_6692                            |   8|   0|    8|          0|
    |stencil_buf_4_4_fu_382                                   |   8|   0|    8|          0|
    |stencil_buf_4_5_fu_386                                   |   8|   0|    8|          0|
    |stencil_buf_4_6_fu_390                                   |   8|   0|    8|          0|
    |stencil_buf_4_8_2_reg_6777                               |   8|   0|    8|          0|
    |stencil_buf_5_0_fu_398                                   |   8|   0|    8|          0|
    |stencil_buf_5_0_s_fu_394                                 |   8|   0|    8|          0|
    |stencil_buf_5_1_fu_402                                   |   8|   0|    8|          0|
    |stencil_buf_5_2_fu_406                                   |   8|   0|    8|          0|
    |stencil_buf_5_3_fu_410                                   |   8|   0|    8|          0|
    |stencil_buf_5_3_load_reg_6697                            |   8|   0|    8|          0|
    |stencil_buf_5_4_fu_414                                   |   8|   0|    8|          0|
    |stencil_buf_5_5_fu_418                                   |   8|   0|    8|          0|
    |stencil_buf_5_6_fu_422                                   |   8|   0|    8|          0|
    |stencil_buf_5_8_2_reg_6784                               |   8|   0|    8|          0|
    |stencil_buf_6_0_fu_430                                   |   8|   0|    8|          0|
    |stencil_buf_6_0_s_fu_426                                 |   8|   0|    8|          0|
    |stencil_buf_6_1_fu_434                                   |   8|   0|    8|          0|
    |stencil_buf_6_2_fu_438                                   |   8|   0|    8|          0|
    |stencil_buf_6_3_fu_442                                   |   8|   0|    8|          0|
    |stencil_buf_6_3_load_reg_6702                            |   8|   0|    8|          0|
    |stencil_buf_6_4_fu_446                                   |   8|   0|    8|          0|
    |stencil_buf_6_5_fu_450                                   |   8|   0|    8|          0|
    |stencil_buf_6_6_fu_454                                   |   8|   0|    8|          0|
    |stencil_buf_6_8_2_reg_6791                               |   8|   0|    8|          0|
    |stencil_buf_7_0_fu_462                                   |   8|   0|    8|          0|
    |stencil_buf_7_0_s_fu_458                                 |   8|   0|    8|          0|
    |stencil_buf_7_1_fu_466                                   |   8|   0|    8|          0|
    |stencil_buf_7_2_fu_470                                   |   8|   0|    8|          0|
    |stencil_buf_7_3_fu_474                                   |   8|   0|    8|          0|
    |stencil_buf_7_3_load_reg_6707                            |   8|   0|    8|          0|
    |stencil_buf_7_4_fu_478                                   |   8|   0|    8|          0|
    |stencil_buf_7_5_fu_482                                   |   8|   0|    8|          0|
    |stencil_buf_7_6_fu_486                                   |   8|   0|    8|          0|
    |stencil_buf_7_8_2_reg_6798                               |   8|   0|    8|          0|
    |stencil_buf_8_0_fu_494                                   |   8|   0|    8|          0|
    |stencil_buf_8_0_s_fu_490                                 |   8|   0|    8|          0|
    |stencil_buf_8_1_fu_498                                   |   8|   0|    8|          0|
    |stencil_buf_8_2_fu_502                                   |   8|   0|    8|          0|
    |stencil_buf_8_3_fu_506                                   |   8|   0|    8|          0|
    |stencil_buf_8_3_load_reg_6712                            |   8|   0|    8|          0|
    |stencil_buf_8_4_fu_510                                   |   8|   0|    8|          0|
    |stencil_buf_8_5_fu_514                                   |   8|   0|    8|          0|
    |stencil_buf_8_6_fu_518                                   |   8|   0|    8|          0|
    |stencil_buf_8_8_2_reg_6805                               |   8|   0|    8|          0|
    |stencil_buf_9_0_fu_526                                   |   8|   0|    8|          0|
    |stencil_buf_9_0_s_fu_522                                 |   8|   0|    8|          0|
    |stencil_buf_9_1_fu_530                                   |   8|   0|    8|          0|
    |stencil_buf_9_2_fu_534                                   |   8|   0|    8|          0|
    |stencil_buf_9_3_fu_538                                   |   8|   0|    8|          0|
    |stencil_buf_9_3_load_reg_6717                            |   8|   0|    8|          0|
    |stencil_buf_9_4_fu_542                                   |   8|   0|    8|          0|
    |stencil_buf_9_5_fu_546                                   |   8|   0|    8|          0|
    |stencil_buf_9_6_fu_550                                   |   8|   0|    8|          0|
    |stencil_buf_9_8_2_reg_6812                               |   8|   0|    8|          0|
    |tile_index_dim0_reg_6086                                 |  32|   0|   32|          0|
    |tile_index_dim1_reg_6092                                 |  32|   0|   32|          0|
    |tmp_1_reg_6297                                           |   9|   0|   13|          4|
    |tmp_20_reg_6193                                          |   1|   0|    1|          0|
    |tmp_21_reg_6882                                          |   1|   0|    1|          0|
    |tmp_22_reg_6887                                          |   1|   0|    1|          0|
    |tmp_26_reg_7038                                          |   8|   0|    8|          0|
    |tmp_32_reg_7122                                          |   8|   0|    8|          0|
    |tmp_35_reg_6353                                          |   9|   0|    9|          0|
    |tmp_3_reg_6306                                           |   9|   0|   13|          4|
    |tmp_41_1_reg_6344                                        |   1|   0|    1|          0|
    |tmp_52_reg_6358                                          |   1|   0|    1|          0|
    |tmp_54_reg_6378                                          |   1|   0|    1|          0|
    |tmp_56_reg_6398                                          |   1|   0|    1|          0|
    |tmp_58_reg_6418                                          |   1|   0|    1|          0|
    |tmp_60_reg_6438                                          |   1|   0|    1|          0|
    |tmp_62_reg_6458                                          |   1|   0|    1|          0|
    |tmp_63_10_reg_6553                                       |   1|   0|    1|          0|
    |tmp_63_11_reg_6573                                       |   1|   0|    1|          0|
    |tmp_63_12_reg_6593                                       |   1|   0|    1|          0|
    |tmp_63_13_reg_6613                                       |   1|   0|    1|          0|
    |tmp_63_14_reg_6633                                       |   1|   0|    1|          0|
    |tmp_63_1_reg_6903                                        |   1|   0|    1|          0|
    |tmp_63_2_reg_6373                                        |   1|   0|    1|          0|
    |tmp_63_3_reg_6393                                        |   1|   0|    1|          0|
    |tmp_63_4_reg_6413                                        |   1|   0|    1|          0|
    |tmp_63_5_reg_6433                                        |   1|   0|    1|          0|
    |tmp_63_6_reg_6453                                        |   1|   0|    1|          0|
    |tmp_63_7_reg_6473                                        |   1|   0|    1|          0|
    |tmp_63_8_reg_6493                                        |   1|   0|    1|          0|
    |tmp_63_9_reg_6513                                        |   1|   0|    1|          0|
    |tmp_63_s_reg_6533                                        |   1|   0|    1|          0|
    |tmp_64_reg_6478                                          |   1|   0|    1|          0|
    |tmp_66_10_reg_6993                                       |   8|   0|    8|          0|
    |tmp_66_11_reg_7002                                       |   8|   0|    8|          0|
    |tmp_66_12_reg_7011                                       |   8|   0|    8|          0|
    |tmp_66_13_reg_7020                                       |   8|   0|    8|          0|
    |tmp_66_14_reg_7029                                       |   8|   0|    8|          0|
    |tmp_66_1_reg_7047                                        |   8|   0|    8|          0|
    |tmp_66_2_reg_6912                                        |   8|   0|    8|          0|
    |tmp_66_3_reg_6921                                        |   8|   0|    8|          0|
    |tmp_66_4_reg_6930                                        |   8|   0|    8|          0|
    |tmp_66_5_reg_6939                                        |   8|   0|    8|          0|
    |tmp_66_6_reg_6948                                        |   8|   0|    8|          0|
    |tmp_66_7_reg_6957                                        |   8|   0|    8|          0|
    |tmp_66_8_reg_6966                                        |   8|   0|    8|          0|
    |tmp_66_9_reg_6975                                        |   8|   0|    8|          0|
    |tmp_66_reg_6498                                          |   1|   0|    1|          0|
    |tmp_66_s_reg_6984                                        |   8|   0|    8|          0|
    |tmp_68_reg_6518                                          |   1|   0|    1|          0|
    |tmp_6_reg_6138                                           |  32|   0|   32|          0|
    |tmp_70_10_reg_7097                                       |   8|   0|    8|          0|
    |tmp_70_11_reg_7102                                       |   8|   0|    8|          0|
    |tmp_70_12_reg_7107                                       |   8|   0|    8|          0|
    |tmp_70_13_reg_7112                                       |   8|   0|    8|          0|
    |tmp_70_14_reg_7117                                       |   8|   0|    8|          0|
    |tmp_70_1_reg_7127                                        |   8|   0|    8|          0|
    |tmp_70_2_reg_7052                                        |   8|   0|    8|          0|
    |tmp_70_3_reg_7057                                        |   8|   0|    8|          0|
    |tmp_70_4_reg_7062                                        |   8|   0|    8|          0|
    |tmp_70_5_reg_7067                                        |   8|   0|    8|          0|
    |tmp_70_6_reg_7072                                        |   8|   0|    8|          0|
    |tmp_70_7_reg_7077                                        |   8|   0|    8|          0|
    |tmp_70_8_reg_7082                                        |   8|   0|    8|          0|
    |tmp_70_9_reg_7087                                        |   8|   0|    8|          0|
    |tmp_70_reg_6538                                          |   1|   0|    1|          0|
    |tmp_70_s_reg_7092                                        |   8|   0|    8|          0|
    |tmp_72_reg_6558                                          |   1|   0|    1|          0|
    |tmp_74_reg_6578                                          |   1|   0|    1|          0|
    |tmp_76_reg_6598                                          |   1|   0|    1|          0|
    |tmp_78_reg_6618                                          |   1|   0|    1|          0|
    |tmp_7_reg_6158                                           |  32|   0|   32|          0|
    |tmp_9_reg_6187                                           |   9|   0|   13|          4|
    |tmp_reg_6098                                             |  31|   0|   32|          1|
    |tmp_s_reg_6118                                           |  31|   0|   32|          1|
    |icmp1_reg_6324                                           |   0|   1|    1|          0|
    |icmp_reg_6293                                            |   0|   1|    1|          0|
    |tmp_3_reg_6306                                           |   0|   9|   13|          4|
    |tmp_41_1_reg_6344                                        |   0|   1|    1|          0|
    |tmp_52_reg_6358                                          |   0|   1|    1|          0|
    |tmp_54_reg_6378                                          |   0|   1|    1|          0|
    |tmp_56_reg_6398                                          |   0|   1|    1|          0|
    |tmp_58_reg_6418                                          |   0|   1|    1|          0|
    |tmp_60_reg_6438                                          |   0|   1|    1|          0|
    |tmp_62_reg_6458                                          |   0|   1|    1|          0|
    |tmp_64_reg_6478                                          |   0|   1|    1|          0|
    |tmp_66_reg_6498                                          |   0|   1|    1|          0|
    |tmp_68_reg_6518                                          |   0|   1|    1|          0|
    |tmp_70_reg_6538                                          |   0|   1|    1|          0|
    |tmp_72_reg_6558                                          |   0|   1|    1|          0|
    |tmp_74_reg_6578                                          |   0|   1|    1|          0|
    |tmp_76_reg_6598                                          |   0|   1|    1|          0|
    |tmp_78_reg_6618                                          |   0|   1|    1|          0|
    |tmp_9_reg_6187                                           |   0|   9|   13|          4|
    +---------------------------------------------------------+----+----+-----+-----------+
    |Total                                                    |2545|  35| 2614|         34|
    +---------------------------------------------------------+----+----+-----+-----------+



================================================================
== Interface
================================================================
* Summary: 
+---------------------+-----+-----+------------+---------------------+--------------+
|      RTL Ports      | Dir | Bits|  Protocol  |    Source Object    |    C Type    |
+---------------------+-----+-----+------------+---------------------+--------------+
|ap_clk               |  in |    1| ap_ctrl_hs |       compute       | return value |
|ap_rst               |  in |    1| ap_ctrl_hs |       compute       | return value |
|ap_start             |  in |    1| ap_ctrl_hs |       compute       | return value |
|ap_done              | out |    1| ap_ctrl_hs |       compute       | return value |
|ap_idle              | out |    1| ap_ctrl_hs |       compute       | return value |
|ap_ready             | out |    1| ap_ctrl_hs |       compute       | return value |
|compute_flag         |  in |    1|   ap_none  |     compute_flag    |    scalar    |
|output_0_address0    | out |    8|  ap_memory |       output_0      |     array    |
|output_0_ce0         | out |    1|  ap_memory |       output_0      |     array    |
|output_0_we0         | out |    1|  ap_memory |       output_0      |     array    |
|output_0_d0          | out |    8|  ap_memory |       output_0      |     array    |
|output_1_address0    | out |    8|  ap_memory |       output_1      |     array    |
|output_1_ce0         | out |    1|  ap_memory |       output_1      |     array    |
|output_1_we0         | out |    1|  ap_memory |       output_1      |     array    |
|output_1_d0          | out |    8|  ap_memory |       output_1      |     array    |
|output_2_address0    | out |    8|  ap_memory |       output_2      |     array    |
|output_2_ce0         | out |    1|  ap_memory |       output_2      |     array    |
|output_2_we0         | out |    1|  ap_memory |       output_2      |     array    |
|output_2_d0          | out |    8|  ap_memory |       output_2      |     array    |
|output_3_address0    | out |    8|  ap_memory |       output_3      |     array    |
|output_3_ce0         | out |    1|  ap_memory |       output_3      |     array    |
|output_3_we0         | out |    1|  ap_memory |       output_3      |     array    |
|output_3_d0          | out |    8|  ap_memory |       output_3      |     array    |
|output_4_address0    | out |    8|  ap_memory |       output_4      |     array    |
|output_4_ce0         | out |    1|  ap_memory |       output_4      |     array    |
|output_4_we0         | out |    1|  ap_memory |       output_4      |     array    |
|output_4_d0          | out |    8|  ap_memory |       output_4      |     array    |
|output_5_address0    | out |    8|  ap_memory |       output_5      |     array    |
|output_5_ce0         | out |    1|  ap_memory |       output_5      |     array    |
|output_5_we0         | out |    1|  ap_memory |       output_5      |     array    |
|output_5_d0          | out |    8|  ap_memory |       output_5      |     array    |
|output_6_address0    | out |    8|  ap_memory |       output_6      |     array    |
|output_6_ce0         | out |    1|  ap_memory |       output_6      |     array    |
|output_6_we0         | out |    1|  ap_memory |       output_6      |     array    |
|output_6_d0          | out |    8|  ap_memory |       output_6      |     array    |
|output_7_address0    | out |    8|  ap_memory |       output_7      |     array    |
|output_7_ce0         | out |    1|  ap_memory |       output_7      |     array    |
|output_7_we0         | out |    1|  ap_memory |       output_7      |     array    |
|output_7_d0          | out |    8|  ap_memory |       output_7      |     array    |
|output_8_address0    | out |    8|  ap_memory |       output_8      |     array    |
|output_8_ce0         | out |    1|  ap_memory |       output_8      |     array    |
|output_8_we0         | out |    1|  ap_memory |       output_8      |     array    |
|output_8_d0          | out |    8|  ap_memory |       output_8      |     array    |
|output_9_address0    | out |    8|  ap_memory |       output_9      |     array    |
|output_9_ce0         | out |    1|  ap_memory |       output_9      |     array    |
|output_9_we0         | out |    1|  ap_memory |       output_9      |     array    |
|output_9_d0          | out |    8|  ap_memory |       output_9      |     array    |
|output_10_address0   | out |    8|  ap_memory |      output_10      |     array    |
|output_10_ce0        | out |    1|  ap_memory |      output_10      |     array    |
|output_10_we0        | out |    1|  ap_memory |      output_10      |     array    |
|output_10_d0         | out |    8|  ap_memory |      output_10      |     array    |
|output_11_address0   | out |    8|  ap_memory |      output_11      |     array    |
|output_11_ce0        | out |    1|  ap_memory |      output_11      |     array    |
|output_11_we0        | out |    1|  ap_memory |      output_11      |     array    |
|output_11_d0         | out |    8|  ap_memory |      output_11      |     array    |
|output_12_address0   | out |    8|  ap_memory |      output_12      |     array    |
|output_12_ce0        | out |    1|  ap_memory |      output_12      |     array    |
|output_12_we0        | out |    1|  ap_memory |      output_12      |     array    |
|output_12_d0         | out |    8|  ap_memory |      output_12      |     array    |
|output_13_address0   | out |    8|  ap_memory |      output_13      |     array    |
|output_13_ce0        | out |    1|  ap_memory |      output_13      |     array    |
|output_13_we0        | out |    1|  ap_memory |      output_13      |     array    |
|output_13_d0         | out |    8|  ap_memory |      output_13      |     array    |
|output_14_address0   | out |    8|  ap_memory |      output_14      |     array    |
|output_14_ce0        | out |    1|  ap_memory |      output_14      |     array    |
|output_14_we0        | out |    1|  ap_memory |      output_14      |     array    |
|output_14_d0         | out |    8|  ap_memory |      output_14      |     array    |
|output_15_address0   | out |    8|  ap_memory |      output_15      |     array    |
|output_15_ce0        | out |    1|  ap_memory |      output_15      |     array    |
|output_15_we0        | out |    1|  ap_memory |      output_15      |     array    |
|output_15_d0         | out |    8|  ap_memory |      output_15      |     array    |
|input_0_address0     | out |    8|  ap_memory |       input_0       |     array    |
|input_0_ce0          | out |    1|  ap_memory |       input_0       |     array    |
|input_0_q0           |  in |    8|  ap_memory |       input_0       |     array    |
|input_1_address0     | out |    8|  ap_memory |       input_1       |     array    |
|input_1_ce0          | out |    1|  ap_memory |       input_1       |     array    |
|input_1_q0           |  in |    8|  ap_memory |       input_1       |     array    |
|input_2_address0     | out |    8|  ap_memory |       input_2       |     array    |
|input_2_ce0          | out |    1|  ap_memory |       input_2       |     array    |
|input_2_q0           |  in |    8|  ap_memory |       input_2       |     array    |
|input_3_address0     | out |    8|  ap_memory |       input_3       |     array    |
|input_3_ce0          | out |    1|  ap_memory |       input_3       |     array    |
|input_3_q0           |  in |    8|  ap_memory |       input_3       |     array    |
|input_4_address0     | out |    8|  ap_memory |       input_4       |     array    |
|input_4_ce0          | out |    1|  ap_memory |       input_4       |     array    |
|input_4_q0           |  in |    8|  ap_memory |       input_4       |     array    |
|input_5_address0     | out |    8|  ap_memory |       input_5       |     array    |
|input_5_ce0          | out |    1|  ap_memory |       input_5       |     array    |
|input_5_q0           |  in |    8|  ap_memory |       input_5       |     array    |
|input_6_address0     | out |    8|  ap_memory |       input_6       |     array    |
|input_6_ce0          | out |    1|  ap_memory |       input_6       |     array    |
|input_6_q0           |  in |    8|  ap_memory |       input_6       |     array    |
|input_7_address0     | out |    8|  ap_memory |       input_7       |     array    |
|input_7_ce0          | out |    1|  ap_memory |       input_7       |     array    |
|input_7_q0           |  in |    8|  ap_memory |       input_7       |     array    |
|input_8_address0     | out |    8|  ap_memory |       input_8       |     array    |
|input_8_ce0          | out |    1|  ap_memory |       input_8       |     array    |
|input_8_q0           |  in |    8|  ap_memory |       input_8       |     array    |
|input_9_address0     | out |    8|  ap_memory |       input_9       |     array    |
|input_9_ce0          | out |    1|  ap_memory |       input_9       |     array    |
|input_9_q0           |  in |    8|  ap_memory |       input_9       |     array    |
|input_10_address0    | out |    8|  ap_memory |       input_10      |     array    |
|input_10_ce0         | out |    1|  ap_memory |       input_10      |     array    |
|input_10_q0          |  in |    8|  ap_memory |       input_10      |     array    |
|input_11_address0    | out |    8|  ap_memory |       input_11      |     array    |
|input_11_ce0         | out |    1|  ap_memory |       input_11      |     array    |
|input_11_q0          |  in |    8|  ap_memory |       input_11      |     array    |
|input_12_address0    | out |    8|  ap_memory |       input_12      |     array    |
|input_12_ce0         | out |    1|  ap_memory |       input_12      |     array    |
|input_12_q0          |  in |    8|  ap_memory |       input_12      |     array    |
|input_13_address0    | out |    8|  ap_memory |       input_13      |     array    |
|input_13_ce0         | out |    1|  ap_memory |       input_13      |     array    |
|input_13_q0          |  in |    8|  ap_memory |       input_13      |     array    |
|input_14_address0    | out |    8|  ap_memory |       input_14      |     array    |
|input_14_ce0         | out |    1|  ap_memory |       input_14      |     array    |
|input_14_q0          |  in |    8|  ap_memory |       input_14      |     array    |
|input_15_address0    | out |    8|  ap_memory |       input_15      |     array    |
|input_15_ce0         | out |    1|  ap_memory |       input_15      |     array    |
|input_15_q0          |  in |    8|  ap_memory |       input_15      |     array    |
|tile_index           |  in |   32|   ap_none  |      tile_index     |    scalar    |
|tile_num_dim0        |  in |   32|   ap_none  |    tile_num_dim0    |    scalar    |
|var_edge_y_extent_0  |  in |   32|   ap_none  | var_edge_y_extent_0 |    scalar    |
|var_edge_y_extent_1  |  in |   32|   ap_none  | var_edge_y_extent_1 |    scalar    |
|var_edge_y_min_0     |  in |   32|   ap_none  |   var_edge_y_min_0  |    scalar    |
|var_edge_y_min_1     |  in |   32|   ap_none  |   var_edge_y_min_1  |    scalar    |
+---------------------+-----+-----+------------+---------------------+--------------+

