

================================================================
== Vivado HLS Report for 'compute'
================================================================
* Date:           Sat Apr 15 19:20:19 2017

* Version:        2016.3 (Build 1721985 on Tue Nov 29 18:45:36 MST 2016)
* Project:        gaussian_kernel
* Solution:       solution_OCL_REGION_0
* Product family: virtex7
* Target device:  xc7vx690tffg1157-2


================================================================
== Performance Estimates
================================================================
+ Timing (ns): 
    * Summary: 
    +--------+-------+----------+------------+
    |  Clock | Target| Estimated| Uncertainty|
    +--------+-------+----------+------------+
    |ap_clk  |   5.00|      3.42|        1.35|
    +--------+-------+----------+------------+

+ Latency (clock cycles): 
    * Summary: 
    +-----+----------+-----+----------+---------+
    |     Latency    |    Interval    | Pipeline|
    | min |    max   | min |    max   |   Type  |
    +-----+----------+-----+----------+---------+
    |    1|  35046489|    1|  35046489|   none  |
    +-----+----------+-----+----------+---------+

    + Detail: 
        * Instance: 
        N/A

        * Loop: 
        +----------+----------+----------+-------------+-----------+-----------+-------+----------+
        |          |       Latency       |  Iteration  |  Initiation Interval  |  Trip |          |
        | Loop Name|    min   |    max   |   Latency   |  achieved |   target  | Count | Pipelined|
        +----------+----------+----------+-------------+-----------+-----------+-------+----------+
        |- Loop 1  |  34843676|  35046452| 1031 ~ 1037 |          -|          -|  33796|    no    |
        +----------+----------+----------+-------------+-----------+-----------+-------+----------+



================================================================
== Utilization Estimates
================================================================
* Summary: 
+-----------------+---------+-------+--------+--------+
|       Name      | BRAM_18K| DSP48E|   FF   |   LUT  |
+-----------------+---------+-------+--------+--------+
|DSP              |        -|      -|       -|       -|
|Expression       |        -|      -|       0|     685|
|FIFO             |        -|      -|       -|       -|
|Instance         |        -|      -|     576|     640|
|Memory           |        2|      -|       0|       0|
|Multiplexer      |        -|      -|       -|   14883|
|Register         |        -|      -|   18067|       -|
+-----------------+---------+-------+--------+--------+
|Total            |        2|      0|   18643|   16208|
+-----------------+---------+-------+--------+--------+
|Available        |     2940|   3600|  866400|  433200|
+-----------------+---------+-------+--------+--------+
|Utilization (%)  |    ~0   |      0|       2|       3|
+-----------------+---------+-------+--------+--------+

+ Detail: 
    * Instance: 
    +---------------------------------------------+------------------------------------------+---------+-------+-----+-----+
    |                   Instance                  |                  Module                  | BRAM_18K| DSP48E|  FF | LUT |
    +---------------------------------------------+------------------------------------------+---------+-------+-----+-----+
    |gaussian_kernel_sdiv_32ns_32ns_32_36_seq_U7  |gaussian_kernel_sdiv_32ns_32ns_32_36_seq  |        0|      0|  288|  320|
    |gaussian_kernel_srem_32ns_32ns_32_36_seq_U6  |gaussian_kernel_srem_32ns_32ns_32_36_seq  |        0|      0|  288|  320|
    +---------------------------------------------+------------------------------------------+---------+-------+-----+-----+
    |Total                                        |                                          |        0|      0|  576|  640|
    +---------------------------------------------+------------------------------------------+---------+-------+-----+-----+

    * DSP48: 
    N/A

    * Memory: 
    +---------------+---------------------+---------+---+----+------+-----+------+-------------+
    |     Memory    |        Module       | BRAM_18K| FF| LUT| Words| Bits| Banks| W*Bits*Banks|
    +---------------+---------------------+---------+---+----+------+-----+------+-------------+
    |stencil_buf_U  |compute_stencil_buf  |        2|  0|   0|  1029|   16|     1|        16464|
    +---------------+---------------------+---------+---+----+------+-----+------+-------------+
    |Total          |                     |        2|  0|   0|  1029|   16|     1|        16464|
    +---------------+---------------------+---------+---+----+------+-----+------+-------------+

    * FIFO: 
    N/A

    * Expression: 
    +--------------------------+----------+-------+---+----+------------+------------+
    |       Variable Name      | Operation| DSP48E| FF| LUT| Bitwidth P0| Bitwidth P1|
    +--------------------------+----------+-------+---+----+------------+------------+
    |input_index_1_fu_9529_p2  |     +    |      0|  0|  16|          16|           1|
    |p_fu_9584_p2              |     +    |      0|  0|  32|          32|          32|
    |q_fu_9638_p2              |     +    |      0|  0|  32|          32|          32|
    |tmp10_fu_9740_p2          |     +    |      0|  0|  14|          14|          14|
    |tmp12_fu_9768_p2          |     +    |      0|  0|  14|          14|          14|
    |tmp14_fu_9796_p2          |     +    |      0|  0|  14|          14|          14|
    |tmp18_fu_9814_p2          |     +    |      0|  0|  16|          16|          16|
    |tmp19_fu_9819_p2          |     +    |      0|  0|   8|          16|          16|
    |tmp1_fu_9712_p2           |     +    |      0|  0|  14|          14|          14|
    |tmp20_fu_9967_p2          |     +    |      0|  0|  16|          16|          16|
    |tmp21_fu_9971_p2          |     +    |      0|  0|   8|          16|          16|
    |tmp22_fu_9875_p2          |     +    |      0|  0|  16|          16|          16|
    |tmp23_fu_9879_p2          |     +    |      0|  0|   8|          16|          16|
    |tmp24_fu_9907_p2          |     +    |      0|  0|  16|          16|          16|
    |tmp25_fu_9911_p2          |     +    |      0|  0|   8|          16|          16|
    |tmp26_fu_9802_p2          |     +    |      0|  0|   8|          16|          16|
    |tmp27_fu_9939_p2          |     +    |      0|  0|   8|          16|          16|
    |tmp28_fu_10054_p2         |     +    |      0|  0|  15|          15|          15|
    |tmp29_fu_10034_p2         |     +    |      0|  0|  15|          15|          15|
    |tmp30_fu_10067_p2         |     +    |      0|  0|   8|          16|          16|
    |tmp6_fu_9862_p2           |     +    |      0|  0|  14|          14|          14|
    |tmp_15_cast_fu_9558_p2    |     +    |      0|  0|   8|           4|           8|
    |tmp_16_fu_9824_p2         |     +    |      0|  0|   8|          16|          16|
    |tmp_21_fu_9976_p2         |     +    |      0|  0|   8|          16|          16|
    |tmp_27_fu_9884_p2         |     +    |      0|  0|   8|          16|          16|
    |tmp_34_fu_9916_p2         |     +    |      0|  0|   8|          16|          16|
    |tmp_3_fu_9589_p2          |     +    |      0|  0|  16|          12|          16|
    |tmp_40_fu_9945_p2         |     +    |      0|  0|   8|          16|          16|
    |tmp_42_fu_10072_p2        |     +    |      0|  0|   8|          16|          16|
    |tmp_6_fu_9515_p2          |     +    |      0|  0|  32|          32|          32|
    |tmp_7_fu_9519_p2          |     +    |      0|  0|  32|          32|          32|
    |p_neg_fu_9568_p2          |     -    |      0|  0|  16|          11|          16|
    |p_neg_t_fu_9606_p2        |     -    |      0|  0|   9|           1|           9|
    |tmp_12_fu_9699_p2         |     -    |      0|  0|  16|          16|          16|
    |tmp_18_fu_9850_p2         |     -    |      0|  0|  16|          16|          16|
    |tmp_24_fu_9728_p2         |     -    |      0|  0|  16|          16|          16|
    |tmp_30_fu_10014_p2        |     -    |      0|  0|  16|          16|          16|
    |tmp_31_fu_9756_p2         |     -    |      0|  0|  16|          16|          16|
    |tmp_37_fu_9784_p2         |     -    |      0|  0|   8|          16|          16|
    |tmp_5_fu_9509_p2          |     -    |      0|  0|  32|          32|          32|
    |tmp_s_fu_9493_p2          |     -    |      0|  0|  32|          32|          32|
    |or_cond2_fu_9681_p2       |    and   |      0|  0|   1|           1|           1|
    |tmp16_fu_9670_p2          |    and   |      0|  0|   1|           1|           1|
    |tmp17_fu_9676_p2          |    and   |      0|  0|   1|           1|           1|
    |exitcond3_fu_9523_p2      |   icmp   |      0|  0|   6|          16|          16|
    |slt1_fu_9656_p2           |   icmp   |      0|  0|  11|          32|          32|
    |slt_fu_9643_p2            |   icmp   |      0|  0|  11|          32|          32|
    |tmp_10_fu_9647_p2         |   icmp   |      0|  0|  11|          32|          32|
    |tmp_11_fu_9666_p2         |   icmp   |      0|  0|  11|          32|          32|
    |tmp_2_fu_9548_p2          |   icmp   |      0|  0|   6|          16|          11|
    |tmp_4_fu_9626_p3          |  select  |      0|  0|   9|           1|           9|
    |rev1_fu_9660_p2           |    xor   |      0|  0|   2|           1|           2|
    |rev_fu_9651_p2            |    xor   |      0|  0|   2|           1|           2|
    +--------------------------+----------+-------+---+----+------------+------------+
    |Total                     |          |      0|  0| 685|         870|         881|
    +--------------------------+----------+-------+---+----+------------+------------+

    * Multiplexer: 
    +---------------------------------+------+-----------+-----+-----------+
    |               Name              |  LUT | Input Size| Bits| Total Bits|
    +---------------------------------+------+-----------+-----+-----------+
    |ap_NS_fsm                        |  3861|       1075|    1|       1075|
    |input_index_reg_9430             |    16|          2|   16|         32|
    |reg_9453                         |    16|          2|   16|         32|
    |reg_9459                         |    16|          2|   16|         32|
    |reg_9465                         |    16|          2|   16|         32|
    |stencil_buf_addr_1_loc_reg_9442  |    16|          2|   16|         32|
    |stencil_buf_address0             |  2783|        773|   11|       8503|
    |stencil_buf_address1             |  2783|        773|   11|       8503|
    |stencil_buf_d0                   |  2688|        515|   16|       8240|
    |stencil_buf_d1                   |  2688|        514|   16|       8224|
    +---------------------------------+------+-----------+-----+-----------+
    |Total                            | 14883|       3660|  135|      34705|
    +---------------------------------+------+-----------+-----+-----------+

    * Register: 
    +---------------------------------+------+----+------+-----------+
    |               Name              |  FF  | LUT| Bits | Const Bits|
    +---------------------------------+------+----+------+-----------+
    |ap_CS_fsm                        |  1074|   0|  1074|          0|
    |input_index_1_reg_15825          |    16|   0|    16|          0|
    |input_index_reg_9430             |    16|   0|    16|          0|
    |input_load_reg_15844             |    16|   0|    16|          0|
    |or_cond2_reg_16016               |     1|   0|     1|          0|
    |p_reg_15989                      |    32|   0|    32|          0|
    |q_reg_16000                      |    32|   0|    32|          0|
    |reg_9453                         |    16|   0|    16|          0|
    |reg_9459                         |    16|   0|    16|          0|
    |reg_9465                         |    16|   0|    16|          0|
    |slt_reg_16006                    |     1|   0|     1|          0|
    |stencil_buf_addr_1_loc_reg_9442  |    16|   0|    16|          0|
    |stencil_buf_load_1000_reg_20981  |    16|   0|    16|          0|
    |stencil_buf_load_1001_reg_20986  |    16|   0|    16|          0|
    |stencil_buf_load_1002_reg_20991  |    16|   0|    16|          0|
    |stencil_buf_load_1003_reg_20996  |    16|   0|    16|          0|
    |stencil_buf_load_1004_reg_21001  |    16|   0|    16|          0|
    |stencil_buf_load_1005_reg_21006  |    16|   0|    16|          0|
    |stencil_buf_load_1006_reg_21011  |    16|   0|    16|          0|
    |stencil_buf_load_1007_reg_21016  |    16|   0|    16|          0|
    |stencil_buf_load_1008_reg_21021  |    16|   0|    16|          0|
    |stencil_buf_load_1009_reg_21026  |    16|   0|    16|          0|
    |stencil_buf_load_100_reg_16481   |    16|   0|    16|          0|
    |stencil_buf_load_1010_reg_21031  |    16|   0|    16|          0|
    |stencil_buf_load_1011_reg_21036  |    16|   0|    16|          0|
    |stencil_buf_load_1012_reg_21041  |    16|   0|    16|          0|
    |stencil_buf_load_1013_reg_21046  |    16|   0|    16|          0|
    |stencil_buf_load_1014_reg_21051  |    16|   0|    16|          0|
    |stencil_buf_load_1015_reg_21056  |    16|   0|    16|          0|
    |stencil_buf_load_1016_reg_21061  |    16|   0|    16|          0|
    |stencil_buf_load_1017_reg_21066  |    16|   0|    16|          0|
    |stencil_buf_load_1018_reg_21071  |    16|   0|    16|          0|
    |stencil_buf_load_1019_reg_21076  |    16|   0|    16|          0|
    |stencil_buf_load_101_reg_16486   |    16|   0|    16|          0|
    |stencil_buf_load_1020_reg_21081  |    16|   0|    16|          0|
    |stencil_buf_load_1021_reg_21086  |    16|   0|    16|          0|
    |stencil_buf_load_1022_reg_21091  |    16|   0|    16|          0|
    |stencil_buf_load_1023_reg_21096  |    16|   0|    16|          0|
    |stencil_buf_load_1024_reg_21101  |    16|   0|    16|          0|
    |stencil_buf_load_1025_reg_21106  |    16|   0|    16|          0|
    |stencil_buf_load_1026_reg_21111  |    16|   0|    16|          0|
    |stencil_buf_load_102_reg_16491   |    16|   0|    16|          0|
    |stencil_buf_load_103_reg_16496   |    16|   0|    16|          0|
    |stencil_buf_load_104_reg_16501   |    16|   0|    16|          0|
    |stencil_buf_load_105_reg_16506   |    16|   0|    16|          0|
    |stencil_buf_load_106_reg_16511   |    16|   0|    16|          0|
    |stencil_buf_load_107_reg_16516   |    16|   0|    16|          0|
    |stencil_buf_load_108_reg_16521   |    16|   0|    16|          0|
    |stencil_buf_load_109_reg_16526   |    16|   0|    16|          0|
    |stencil_buf_load_10_reg_15900    |    16|   0|    16|          0|
    |stencil_buf_load_110_reg_16531   |    16|   0|    16|          0|
    |stencil_buf_load_111_reg_16536   |    16|   0|    16|          0|
    |stencil_buf_load_112_reg_16541   |    16|   0|    16|          0|
    |stencil_buf_load_113_reg_16546   |    16|   0|    16|          0|
    |stencil_buf_load_114_reg_16551   |    16|   0|    16|          0|
    |stencil_buf_load_115_reg_16556   |    16|   0|    16|          0|
    |stencil_buf_load_116_reg_16561   |    16|   0|    16|          0|
    |stencil_buf_load_117_reg_16566   |    16|   0|    16|          0|
    |stencil_buf_load_118_reg_16571   |    16|   0|    16|          0|
    |stencil_buf_load_119_reg_16576   |    16|   0|    16|          0|
    |stencil_buf_load_11_reg_15906    |    16|   0|    16|          0|
    |stencil_buf_load_120_reg_16581   |    16|   0|    16|          0|
    |stencil_buf_load_121_reg_16586   |    16|   0|    16|          0|
    |stencil_buf_load_122_reg_16591   |    16|   0|    16|          0|
    |stencil_buf_load_123_reg_16596   |    16|   0|    16|          0|
    |stencil_buf_load_124_reg_16601   |    16|   0|    16|          0|
    |stencil_buf_load_125_reg_16606   |    16|   0|    16|          0|
    |stencil_buf_load_126_reg_16611   |    16|   0|    16|          0|
    |stencil_buf_load_127_reg_16616   |    16|   0|    16|          0|
    |stencil_buf_load_128_reg_16621   |    16|   0|    16|          0|
    |stencil_buf_load_129_reg_16626   |    16|   0|    16|          0|
    |stencil_buf_load_12_reg_15912    |    16|   0|    16|          0|
    |stencil_buf_load_130_reg_16631   |    16|   0|    16|          0|
    |stencil_buf_load_131_reg_16636   |    16|   0|    16|          0|
    |stencil_buf_load_132_reg_16641   |    16|   0|    16|          0|
    |stencil_buf_load_133_reg_16646   |    16|   0|    16|          0|
    |stencil_buf_load_134_reg_16651   |    16|   0|    16|          0|
    |stencil_buf_load_135_reg_16656   |    16|   0|    16|          0|
    |stencil_buf_load_136_reg_16661   |    16|   0|    16|          0|
    |stencil_buf_load_137_reg_16666   |    16|   0|    16|          0|
    |stencil_buf_load_138_reg_16671   |    16|   0|    16|          0|
    |stencil_buf_load_139_reg_16676   |    16|   0|    16|          0|
    |stencil_buf_load_13_reg_15918    |    16|   0|    16|          0|
    |stencil_buf_load_140_reg_16681   |    16|   0|    16|          0|
    |stencil_buf_load_141_reg_16686   |    16|   0|    16|          0|
    |stencil_buf_load_142_reg_16691   |    16|   0|    16|          0|
    |stencil_buf_load_143_reg_16696   |    16|   0|    16|          0|
    |stencil_buf_load_144_reg_16701   |    16|   0|    16|          0|
    |stencil_buf_load_145_reg_16706   |    16|   0|    16|          0|
    |stencil_buf_load_146_reg_16711   |    16|   0|    16|          0|
    |stencil_buf_load_147_reg_16716   |    16|   0|    16|          0|
    |stencil_buf_load_148_reg_16721   |    16|   0|    16|          0|
    |stencil_buf_load_149_reg_16726   |    16|   0|    16|          0|
    |stencil_buf_load_14_reg_15925    |    16|   0|    16|          0|
    |stencil_buf_load_150_reg_16731   |    16|   0|    16|          0|
    |stencil_buf_load_151_reg_16736   |    16|   0|    16|          0|
    |stencil_buf_load_152_reg_16741   |    16|   0|    16|          0|
    |stencil_buf_load_153_reg_16746   |    16|   0|    16|          0|
    |stencil_buf_load_154_reg_16751   |    16|   0|    16|          0|
    |stencil_buf_load_155_reg_16756   |    16|   0|    16|          0|
    |stencil_buf_load_156_reg_16761   |    16|   0|    16|          0|
    |stencil_buf_load_157_reg_16766   |    16|   0|    16|          0|
    |stencil_buf_load_158_reg_16771   |    16|   0|    16|          0|
    |stencil_buf_load_159_reg_16776   |    16|   0|    16|          0|
    |stencil_buf_load_15_reg_15931    |    16|   0|    16|          0|
    |stencil_buf_load_160_reg_16781   |    16|   0|    16|          0|
    |stencil_buf_load_161_reg_16786   |    16|   0|    16|          0|
    |stencil_buf_load_162_reg_16791   |    16|   0|    16|          0|
    |stencil_buf_load_163_reg_16796   |    16|   0|    16|          0|
    |stencil_buf_load_164_reg_16801   |    16|   0|    16|          0|
    |stencil_buf_load_165_reg_16806   |    16|   0|    16|          0|
    |stencil_buf_load_166_reg_16811   |    16|   0|    16|          0|
    |stencil_buf_load_167_reg_16816   |    16|   0|    16|          0|
    |stencil_buf_load_168_reg_16821   |    16|   0|    16|          0|
    |stencil_buf_load_169_reg_16826   |    16|   0|    16|          0|
    |stencil_buf_load_16_reg_15937    |    16|   0|    16|          0|
    |stencil_buf_load_170_reg_16831   |    16|   0|    16|          0|
    |stencil_buf_load_171_reg_16836   |    16|   0|    16|          0|
    |stencil_buf_load_172_reg_16841   |    16|   0|    16|          0|
    |stencil_buf_load_173_reg_16846   |    16|   0|    16|          0|
    |stencil_buf_load_174_reg_16851   |    16|   0|    16|          0|
    |stencil_buf_load_175_reg_16856   |    16|   0|    16|          0|
    |stencil_buf_load_176_reg_16861   |    16|   0|    16|          0|
    |stencil_buf_load_177_reg_16866   |    16|   0|    16|          0|
    |stencil_buf_load_178_reg_16871   |    16|   0|    16|          0|
    |stencil_buf_load_179_reg_16876   |    16|   0|    16|          0|
    |stencil_buf_load_17_reg_15943    |    16|   0|    16|          0|
    |stencil_buf_load_180_reg_16881   |    16|   0|    16|          0|
    |stencil_buf_load_181_reg_16886   |    16|   0|    16|          0|
    |stencil_buf_load_182_reg_16891   |    16|   0|    16|          0|
    |stencil_buf_load_183_reg_16896   |    16|   0|    16|          0|
    |stencil_buf_load_184_reg_16901   |    16|   0|    16|          0|
    |stencil_buf_load_185_reg_16906   |    16|   0|    16|          0|
    |stencil_buf_load_186_reg_16911   |    16|   0|    16|          0|
    |stencil_buf_load_187_reg_16916   |    16|   0|    16|          0|
    |stencil_buf_load_188_reg_16921   |    16|   0|    16|          0|
    |stencil_buf_load_189_reg_16926   |    16|   0|    16|          0|
    |stencil_buf_load_18_reg_15949    |    16|   0|    16|          0|
    |stencil_buf_load_190_reg_16931   |    16|   0|    16|          0|
    |stencil_buf_load_191_reg_16936   |    16|   0|    16|          0|
    |stencil_buf_load_192_reg_16941   |    16|   0|    16|          0|
    |stencil_buf_load_193_reg_16946   |    16|   0|    16|          0|
    |stencil_buf_load_194_reg_16951   |    16|   0|    16|          0|
    |stencil_buf_load_195_reg_16956   |    16|   0|    16|          0|
    |stencil_buf_load_196_reg_16961   |    16|   0|    16|          0|
    |stencil_buf_load_197_reg_16966   |    16|   0|    16|          0|
    |stencil_buf_load_198_reg_16971   |    16|   0|    16|          0|
    |stencil_buf_load_199_reg_16976   |    16|   0|    16|          0|
    |stencil_buf_load_19_reg_15956    |    16|   0|    16|          0|
    |stencil_buf_load_200_reg_16981   |    16|   0|    16|          0|
    |stencil_buf_load_201_reg_16986   |    16|   0|    16|          0|
    |stencil_buf_load_202_reg_16991   |    16|   0|    16|          0|
    |stencil_buf_load_203_reg_16996   |    16|   0|    16|          0|
    |stencil_buf_load_204_reg_17001   |    16|   0|    16|          0|
    |stencil_buf_load_205_reg_17006   |    16|   0|    16|          0|
    |stencil_buf_load_206_reg_17011   |    16|   0|    16|          0|
    |stencil_buf_load_207_reg_17016   |    16|   0|    16|          0|
    |stencil_buf_load_208_reg_17021   |    16|   0|    16|          0|
    |stencil_buf_load_209_reg_17026   |    16|   0|    16|          0|
    |stencil_buf_load_20_reg_15962    |    16|   0|    16|          0|
    |stencil_buf_load_210_reg_17031   |    16|   0|    16|          0|
    |stencil_buf_load_211_reg_17036   |    16|   0|    16|          0|
    |stencil_buf_load_212_reg_17041   |    16|   0|    16|          0|
    |stencil_buf_load_213_reg_17046   |    16|   0|    16|          0|
    |stencil_buf_load_214_reg_17051   |    16|   0|    16|          0|
    |stencil_buf_load_215_reg_17056   |    16|   0|    16|          0|
    |stencil_buf_load_216_reg_17061   |    16|   0|    16|          0|
    |stencil_buf_load_217_reg_17066   |    16|   0|    16|          0|
    |stencil_buf_load_218_reg_17071   |    16|   0|    16|          0|
    |stencil_buf_load_219_reg_17076   |    16|   0|    16|          0|
    |stencil_buf_load_21_reg_15968    |    16|   0|    16|          0|
    |stencil_buf_load_220_reg_17081   |    16|   0|    16|          0|
    |stencil_buf_load_221_reg_17086   |    16|   0|    16|          0|
    |stencil_buf_load_222_reg_17091   |    16|   0|    16|          0|
    |stencil_buf_load_223_reg_17096   |    16|   0|    16|          0|
    |stencil_buf_load_224_reg_17101   |    16|   0|    16|          0|
    |stencil_buf_load_225_reg_17106   |    16|   0|    16|          0|
    |stencil_buf_load_226_reg_17111   |    16|   0|    16|          0|
    |stencil_buf_load_227_reg_17116   |    16|   0|    16|          0|
    |stencil_buf_load_228_reg_17121   |    16|   0|    16|          0|
    |stencil_buf_load_229_reg_17126   |    16|   0|    16|          0|
    |stencil_buf_load_22_reg_15974    |    16|   0|    16|          0|
    |stencil_buf_load_230_reg_17131   |    16|   0|    16|          0|
    |stencil_buf_load_231_reg_17136   |    16|   0|    16|          0|
    |stencil_buf_load_232_reg_17141   |    16|   0|    16|          0|
    |stencil_buf_load_233_reg_17146   |    16|   0|    16|          0|
    |stencil_buf_load_234_reg_17151   |    16|   0|    16|          0|
    |stencil_buf_load_235_reg_17156   |    16|   0|    16|          0|
    |stencil_buf_load_236_reg_17161   |    16|   0|    16|          0|
    |stencil_buf_load_237_reg_17166   |    16|   0|    16|          0|
    |stencil_buf_load_238_reg_17171   |    16|   0|    16|          0|
    |stencil_buf_load_239_reg_17176   |    16|   0|    16|          0|
    |stencil_buf_load_240_reg_17181   |    16|   0|    16|          0|
    |stencil_buf_load_241_reg_17186   |    16|   0|    16|          0|
    |stencil_buf_load_242_reg_17191   |    16|   0|    16|          0|
    |stencil_buf_load_243_reg_17196   |    16|   0|    16|          0|
    |stencil_buf_load_244_reg_17201   |    16|   0|    16|          0|
    |stencil_buf_load_245_reg_17206   |    16|   0|    16|          0|
    |stencil_buf_load_246_reg_17211   |    16|   0|    16|          0|
    |stencil_buf_load_247_reg_17216   |    16|   0|    16|          0|
    |stencil_buf_load_248_reg_17221   |    16|   0|    16|          0|
    |stencil_buf_load_249_reg_17226   |    16|   0|    16|          0|
    |stencil_buf_load_250_reg_17231   |    16|   0|    16|          0|
    |stencil_buf_load_251_reg_17236   |    16|   0|    16|          0|
    |stencil_buf_load_252_reg_17241   |    16|   0|    16|          0|
    |stencil_buf_load_253_reg_17246   |    16|   0|    16|          0|
    |stencil_buf_load_254_reg_17251   |    16|   0|    16|          0|
    |stencil_buf_load_255_reg_17256   |    16|   0|    16|          0|
    |stencil_buf_load_256_reg_17261   |    16|   0|    16|          0|
    |stencil_buf_load_257_reg_17266   |    16|   0|    16|          0|
    |stencil_buf_load_258_reg_17271   |    16|   0|    16|          0|
    |stencil_buf_load_259_reg_17276   |    16|   0|    16|          0|
    |stencil_buf_load_260_reg_17281   |    16|   0|    16|          0|
    |stencil_buf_load_261_reg_17286   |    16|   0|    16|          0|
    |stencil_buf_load_262_reg_17291   |    16|   0|    16|          0|
    |stencil_buf_load_263_reg_17296   |    16|   0|    16|          0|
    |stencil_buf_load_264_reg_17301   |    16|   0|    16|          0|
    |stencil_buf_load_265_reg_17306   |    16|   0|    16|          0|
    |stencil_buf_load_266_reg_17311   |    16|   0|    16|          0|
    |stencil_buf_load_267_reg_17316   |    16|   0|    16|          0|
    |stencil_buf_load_268_reg_17321   |    16|   0|    16|          0|
    |stencil_buf_load_269_reg_17326   |    16|   0|    16|          0|
    |stencil_buf_load_26_reg_16111    |    16|   0|    16|          0|
    |stencil_buf_load_270_reg_17331   |    16|   0|    16|          0|
    |stencil_buf_load_271_reg_17336   |    16|   0|    16|          0|
    |stencil_buf_load_272_reg_17341   |    16|   0|    16|          0|
    |stencil_buf_load_273_reg_17346   |    16|   0|    16|          0|
    |stencil_buf_load_274_reg_17351   |    16|   0|    16|          0|
    |stencil_buf_load_275_reg_17356   |    16|   0|    16|          0|
    |stencil_buf_load_276_reg_17361   |    16|   0|    16|          0|
    |stencil_buf_load_277_reg_17366   |    16|   0|    16|          0|
    |stencil_buf_load_278_reg_17371   |    16|   0|    16|          0|
    |stencil_buf_load_279_reg_17376   |    16|   0|    16|          0|
    |stencil_buf_load_27_reg_16116    |    16|   0|    16|          0|
    |stencil_buf_load_280_reg_17381   |    16|   0|    16|          0|
    |stencil_buf_load_281_reg_17386   |    16|   0|    16|          0|
    |stencil_buf_load_282_reg_17391   |    16|   0|    16|          0|
    |stencil_buf_load_283_reg_17396   |    16|   0|    16|          0|
    |stencil_buf_load_284_reg_17401   |    16|   0|    16|          0|
    |stencil_buf_load_285_reg_17406   |    16|   0|    16|          0|
    |stencil_buf_load_286_reg_17411   |    16|   0|    16|          0|
    |stencil_buf_load_287_reg_17416   |    16|   0|    16|          0|
    |stencil_buf_load_288_reg_17421   |    16|   0|    16|          0|
    |stencil_buf_load_289_reg_17426   |    16|   0|    16|          0|
    |stencil_buf_load_28_reg_16121    |    16|   0|    16|          0|
    |stencil_buf_load_290_reg_17431   |    16|   0|    16|          0|
    |stencil_buf_load_291_reg_17436   |    16|   0|    16|          0|
    |stencil_buf_load_292_reg_17441   |    16|   0|    16|          0|
    |stencil_buf_load_293_reg_17446   |    16|   0|    16|          0|
    |stencil_buf_load_294_reg_17451   |    16|   0|    16|          0|
    |stencil_buf_load_295_reg_17456   |    16|   0|    16|          0|
    |stencil_buf_load_296_reg_17461   |    16|   0|    16|          0|
    |stencil_buf_load_297_reg_17466   |    16|   0|    16|          0|
    |stencil_buf_load_298_reg_17471   |    16|   0|    16|          0|
    |stencil_buf_load_299_reg_17476   |    16|   0|    16|          0|
    |stencil_buf_load_29_reg_16126    |    16|   0|    16|          0|
    |stencil_buf_load_2_reg_15850     |    16|   0|    16|          0|
    |stencil_buf_load_300_reg_17481   |    16|   0|    16|          0|
    |stencil_buf_load_301_reg_17486   |    16|   0|    16|          0|
    |stencil_buf_load_302_reg_17491   |    16|   0|    16|          0|
    |stencil_buf_load_303_reg_17496   |    16|   0|    16|          0|
    |stencil_buf_load_304_reg_17501   |    16|   0|    16|          0|
    |stencil_buf_load_305_reg_17506   |    16|   0|    16|          0|
    |stencil_buf_load_306_reg_17511   |    16|   0|    16|          0|
    |stencil_buf_load_307_reg_17516   |    16|   0|    16|          0|
    |stencil_buf_load_308_reg_17521   |    16|   0|    16|          0|
    |stencil_buf_load_309_reg_17526   |    16|   0|    16|          0|
    |stencil_buf_load_30_reg_16131    |    16|   0|    16|          0|
    |stencil_buf_load_310_reg_17531   |    16|   0|    16|          0|
    |stencil_buf_load_311_reg_17536   |    16|   0|    16|          0|
    |stencil_buf_load_312_reg_17541   |    16|   0|    16|          0|
    |stencil_buf_load_313_reg_17546   |    16|   0|    16|          0|
    |stencil_buf_load_314_reg_17551   |    16|   0|    16|          0|
    |stencil_buf_load_315_reg_17556   |    16|   0|    16|          0|
    |stencil_buf_load_316_reg_17561   |    16|   0|    16|          0|
    |stencil_buf_load_317_reg_17566   |    16|   0|    16|          0|
    |stencil_buf_load_318_reg_17571   |    16|   0|    16|          0|
    |stencil_buf_load_319_reg_17576   |    16|   0|    16|          0|
    |stencil_buf_load_31_reg_16136    |    16|   0|    16|          0|
    |stencil_buf_load_320_reg_17581   |    16|   0|    16|          0|
    |stencil_buf_load_321_reg_17586   |    16|   0|    16|          0|
    |stencil_buf_load_322_reg_17591   |    16|   0|    16|          0|
    |stencil_buf_load_323_reg_17596   |    16|   0|    16|          0|
    |stencil_buf_load_324_reg_17601   |    16|   0|    16|          0|
    |stencil_buf_load_325_reg_17606   |    16|   0|    16|          0|
    |stencil_buf_load_326_reg_17611   |    16|   0|    16|          0|
    |stencil_buf_load_327_reg_17616   |    16|   0|    16|          0|
    |stencil_buf_load_328_reg_17621   |    16|   0|    16|          0|
    |stencil_buf_load_329_reg_17626   |    16|   0|    16|          0|
    |stencil_buf_load_32_reg_16141    |    16|   0|    16|          0|
    |stencil_buf_load_330_reg_17631   |    16|   0|    16|          0|
    |stencil_buf_load_331_reg_17636   |    16|   0|    16|          0|
    |stencil_buf_load_332_reg_17641   |    16|   0|    16|          0|
    |stencil_buf_load_333_reg_17646   |    16|   0|    16|          0|
    |stencil_buf_load_334_reg_17651   |    16|   0|    16|          0|
    |stencil_buf_load_335_reg_17656   |    16|   0|    16|          0|
    |stencil_buf_load_336_reg_17661   |    16|   0|    16|          0|
    |stencil_buf_load_337_reg_17666   |    16|   0|    16|          0|
    |stencil_buf_load_338_reg_17671   |    16|   0|    16|          0|
    |stencil_buf_load_339_reg_17676   |    16|   0|    16|          0|
    |stencil_buf_load_33_reg_16146    |    16|   0|    16|          0|
    |stencil_buf_load_340_reg_17681   |    16|   0|    16|          0|
    |stencil_buf_load_341_reg_17686   |    16|   0|    16|          0|
    |stencil_buf_load_342_reg_17691   |    16|   0|    16|          0|
    |stencil_buf_load_343_reg_17696   |    16|   0|    16|          0|
    |stencil_buf_load_344_reg_17701   |    16|   0|    16|          0|
    |stencil_buf_load_345_reg_17706   |    16|   0|    16|          0|
    |stencil_buf_load_346_reg_17711   |    16|   0|    16|          0|
    |stencil_buf_load_347_reg_17716   |    16|   0|    16|          0|
    |stencil_buf_load_348_reg_17721   |    16|   0|    16|          0|
    |stencil_buf_load_349_reg_17726   |    16|   0|    16|          0|
    |stencil_buf_load_34_reg_16151    |    16|   0|    16|          0|
    |stencil_buf_load_350_reg_17731   |    16|   0|    16|          0|
    |stencil_buf_load_351_reg_17736   |    16|   0|    16|          0|
    |stencil_buf_load_352_reg_17741   |    16|   0|    16|          0|
    |stencil_buf_load_353_reg_17746   |    16|   0|    16|          0|
    |stencil_buf_load_354_reg_17751   |    16|   0|    16|          0|
    |stencil_buf_load_355_reg_17756   |    16|   0|    16|          0|
    |stencil_buf_load_356_reg_17761   |    16|   0|    16|          0|
    |stencil_buf_load_357_reg_17766   |    16|   0|    16|          0|
    |stencil_buf_load_358_reg_17771   |    16|   0|    16|          0|
    |stencil_buf_load_359_reg_17776   |    16|   0|    16|          0|
    |stencil_buf_load_35_reg_16156    |    16|   0|    16|          0|
    |stencil_buf_load_360_reg_17781   |    16|   0|    16|          0|
    |stencil_buf_load_361_reg_17786   |    16|   0|    16|          0|
    |stencil_buf_load_362_reg_17791   |    16|   0|    16|          0|
    |stencil_buf_load_363_reg_17796   |    16|   0|    16|          0|
    |stencil_buf_load_364_reg_17801   |    16|   0|    16|          0|
    |stencil_buf_load_365_reg_17806   |    16|   0|    16|          0|
    |stencil_buf_load_366_reg_17811   |    16|   0|    16|          0|
    |stencil_buf_load_367_reg_17816   |    16|   0|    16|          0|
    |stencil_buf_load_368_reg_17821   |    16|   0|    16|          0|
    |stencil_buf_load_369_reg_17826   |    16|   0|    16|          0|
    |stencil_buf_load_36_reg_16161    |    16|   0|    16|          0|
    |stencil_buf_load_370_reg_17831   |    16|   0|    16|          0|
    |stencil_buf_load_371_reg_17836   |    16|   0|    16|          0|
    |stencil_buf_load_372_reg_17841   |    16|   0|    16|          0|
    |stencil_buf_load_373_reg_17846   |    16|   0|    16|          0|
    |stencil_buf_load_374_reg_17851   |    16|   0|    16|          0|
    |stencil_buf_load_375_reg_17856   |    16|   0|    16|          0|
    |stencil_buf_load_376_reg_17861   |    16|   0|    16|          0|
    |stencil_buf_load_377_reg_17866   |    16|   0|    16|          0|
    |stencil_buf_load_378_reg_17871   |    16|   0|    16|          0|
    |stencil_buf_load_379_reg_17876   |    16|   0|    16|          0|
    |stencil_buf_load_37_reg_16166    |    16|   0|    16|          0|
    |stencil_buf_load_380_reg_17881   |    16|   0|    16|          0|
    |stencil_buf_load_381_reg_17886   |    16|   0|    16|          0|
    |stencil_buf_load_382_reg_17891   |    16|   0|    16|          0|
    |stencil_buf_load_383_reg_17896   |    16|   0|    16|          0|
    |stencil_buf_load_384_reg_17901   |    16|   0|    16|          0|
    |stencil_buf_load_385_reg_17906   |    16|   0|    16|          0|
    |stencil_buf_load_386_reg_17911   |    16|   0|    16|          0|
    |stencil_buf_load_387_reg_17916   |    16|   0|    16|          0|
    |stencil_buf_load_388_reg_17921   |    16|   0|    16|          0|
    |stencil_buf_load_389_reg_17926   |    16|   0|    16|          0|
    |stencil_buf_load_38_reg_16171    |    16|   0|    16|          0|
    |stencil_buf_load_390_reg_17931   |    16|   0|    16|          0|
    |stencil_buf_load_391_reg_17936   |    16|   0|    16|          0|
    |stencil_buf_load_392_reg_17941   |    16|   0|    16|          0|
    |stencil_buf_load_393_reg_17946   |    16|   0|    16|          0|
    |stencil_buf_load_394_reg_17951   |    16|   0|    16|          0|
    |stencil_buf_load_395_reg_17956   |    16|   0|    16|          0|
    |stencil_buf_load_396_reg_17961   |    16|   0|    16|          0|
    |stencil_buf_load_397_reg_17966   |    16|   0|    16|          0|
    |stencil_buf_load_398_reg_17971   |    16|   0|    16|          0|
    |stencil_buf_load_399_reg_17976   |    16|   0|    16|          0|
    |stencil_buf_load_39_reg_16176    |    16|   0|    16|          0|
    |stencil_buf_load_3_reg_15856     |    16|   0|    16|          0|
    |stencil_buf_load_400_reg_17981   |    16|   0|    16|          0|
    |stencil_buf_load_401_reg_17986   |    16|   0|    16|          0|
    |stencil_buf_load_402_reg_17991   |    16|   0|    16|          0|
    |stencil_buf_load_403_reg_17996   |    16|   0|    16|          0|
    |stencil_buf_load_404_reg_18001   |    16|   0|    16|          0|
    |stencil_buf_load_405_reg_18006   |    16|   0|    16|          0|
    |stencil_buf_load_406_reg_18011   |    16|   0|    16|          0|
    |stencil_buf_load_407_reg_18016   |    16|   0|    16|          0|
    |stencil_buf_load_408_reg_18021   |    16|   0|    16|          0|
    |stencil_buf_load_409_reg_18026   |    16|   0|    16|          0|
    |stencil_buf_load_40_reg_16181    |    16|   0|    16|          0|
    |stencil_buf_load_410_reg_18031   |    16|   0|    16|          0|
    |stencil_buf_load_411_reg_18036   |    16|   0|    16|          0|
    |stencil_buf_load_412_reg_18041   |    16|   0|    16|          0|
    |stencil_buf_load_413_reg_18046   |    16|   0|    16|          0|
    |stencil_buf_load_414_reg_18051   |    16|   0|    16|          0|
    |stencil_buf_load_415_reg_18056   |    16|   0|    16|          0|
    |stencil_buf_load_416_reg_18061   |    16|   0|    16|          0|
    |stencil_buf_load_417_reg_18066   |    16|   0|    16|          0|
    |stencil_buf_load_418_reg_18071   |    16|   0|    16|          0|
    |stencil_buf_load_419_reg_18076   |    16|   0|    16|          0|
    |stencil_buf_load_41_reg_16186    |    16|   0|    16|          0|
    |stencil_buf_load_420_reg_18081   |    16|   0|    16|          0|
    |stencil_buf_load_421_reg_18086   |    16|   0|    16|          0|
    |stencil_buf_load_422_reg_18091   |    16|   0|    16|          0|
    |stencil_buf_load_423_reg_18096   |    16|   0|    16|          0|
    |stencil_buf_load_424_reg_18101   |    16|   0|    16|          0|
    |stencil_buf_load_425_reg_18106   |    16|   0|    16|          0|
    |stencil_buf_load_426_reg_18111   |    16|   0|    16|          0|
    |stencil_buf_load_427_reg_18116   |    16|   0|    16|          0|
    |stencil_buf_load_428_reg_18121   |    16|   0|    16|          0|
    |stencil_buf_load_429_reg_18126   |    16|   0|    16|          0|
    |stencil_buf_load_42_reg_16191    |    16|   0|    16|          0|
    |stencil_buf_load_430_reg_18131   |    16|   0|    16|          0|
    |stencil_buf_load_431_reg_18136   |    16|   0|    16|          0|
    |stencil_buf_load_432_reg_18141   |    16|   0|    16|          0|
    |stencil_buf_load_433_reg_18146   |    16|   0|    16|          0|
    |stencil_buf_load_434_reg_18151   |    16|   0|    16|          0|
    |stencil_buf_load_435_reg_18156   |    16|   0|    16|          0|
    |stencil_buf_load_436_reg_18161   |    16|   0|    16|          0|
    |stencil_buf_load_437_reg_18166   |    16|   0|    16|          0|
    |stencil_buf_load_438_reg_18171   |    16|   0|    16|          0|
    |stencil_buf_load_439_reg_18176   |    16|   0|    16|          0|
    |stencil_buf_load_43_reg_16196    |    16|   0|    16|          0|
    |stencil_buf_load_440_reg_18181   |    16|   0|    16|          0|
    |stencil_buf_load_441_reg_18186   |    16|   0|    16|          0|
    |stencil_buf_load_442_reg_18191   |    16|   0|    16|          0|
    |stencil_buf_load_443_reg_18196   |    16|   0|    16|          0|
    |stencil_buf_load_444_reg_18201   |    16|   0|    16|          0|
    |stencil_buf_load_445_reg_18206   |    16|   0|    16|          0|
    |stencil_buf_load_446_reg_18211   |    16|   0|    16|          0|
    |stencil_buf_load_447_reg_18216   |    16|   0|    16|          0|
    |stencil_buf_load_448_reg_18221   |    16|   0|    16|          0|
    |stencil_buf_load_449_reg_18226   |    16|   0|    16|          0|
    |stencil_buf_load_44_reg_16201    |    16|   0|    16|          0|
    |stencil_buf_load_450_reg_18231   |    16|   0|    16|          0|
    |stencil_buf_load_451_reg_18236   |    16|   0|    16|          0|
    |stencil_buf_load_452_reg_18241   |    16|   0|    16|          0|
    |stencil_buf_load_453_reg_18246   |    16|   0|    16|          0|
    |stencil_buf_load_454_reg_18251   |    16|   0|    16|          0|
    |stencil_buf_load_455_reg_18256   |    16|   0|    16|          0|
    |stencil_buf_load_456_reg_18261   |    16|   0|    16|          0|
    |stencil_buf_load_457_reg_18266   |    16|   0|    16|          0|
    |stencil_buf_load_458_reg_18271   |    16|   0|    16|          0|
    |stencil_buf_load_459_reg_18276   |    16|   0|    16|          0|
    |stencil_buf_load_45_reg_16206    |    16|   0|    16|          0|
    |stencil_buf_load_460_reg_18281   |    16|   0|    16|          0|
    |stencil_buf_load_461_reg_18286   |    16|   0|    16|          0|
    |stencil_buf_load_462_reg_18291   |    16|   0|    16|          0|
    |stencil_buf_load_463_reg_18296   |    16|   0|    16|          0|
    |stencil_buf_load_464_reg_18301   |    16|   0|    16|          0|
    |stencil_buf_load_465_reg_18306   |    16|   0|    16|          0|
    |stencil_buf_load_466_reg_18311   |    16|   0|    16|          0|
    |stencil_buf_load_467_reg_18316   |    16|   0|    16|          0|
    |stencil_buf_load_468_reg_18321   |    16|   0|    16|          0|
    |stencil_buf_load_469_reg_18326   |    16|   0|    16|          0|
    |stencil_buf_load_46_reg_16211    |    16|   0|    16|          0|
    |stencil_buf_load_470_reg_18331   |    16|   0|    16|          0|
    |stencil_buf_load_471_reg_18336   |    16|   0|    16|          0|
    |stencil_buf_load_472_reg_18341   |    16|   0|    16|          0|
    |stencil_buf_load_473_reg_18346   |    16|   0|    16|          0|
    |stencil_buf_load_474_reg_18351   |    16|   0|    16|          0|
    |stencil_buf_load_475_reg_18356   |    16|   0|    16|          0|
    |stencil_buf_load_476_reg_18361   |    16|   0|    16|          0|
    |stencil_buf_load_477_reg_18366   |    16|   0|    16|          0|
    |stencil_buf_load_478_reg_18371   |    16|   0|    16|          0|
    |stencil_buf_load_479_reg_18376   |    16|   0|    16|          0|
    |stencil_buf_load_47_reg_16216    |    16|   0|    16|          0|
    |stencil_buf_load_480_reg_18381   |    16|   0|    16|          0|
    |stencil_buf_load_481_reg_18386   |    16|   0|    16|          0|
    |stencil_buf_load_482_reg_18391   |    16|   0|    16|          0|
    |stencil_buf_load_483_reg_18396   |    16|   0|    16|          0|
    |stencil_buf_load_484_reg_18401   |    16|   0|    16|          0|
    |stencil_buf_load_485_reg_18406   |    16|   0|    16|          0|
    |stencil_buf_load_486_reg_18411   |    16|   0|    16|          0|
    |stencil_buf_load_487_reg_18416   |    16|   0|    16|          0|
    |stencil_buf_load_488_reg_18421   |    16|   0|    16|          0|
    |stencil_buf_load_489_reg_18426   |    16|   0|    16|          0|
    |stencil_buf_load_48_reg_16221    |    16|   0|    16|          0|
    |stencil_buf_load_490_reg_18431   |    16|   0|    16|          0|
    |stencil_buf_load_491_reg_18436   |    16|   0|    16|          0|
    |stencil_buf_load_492_reg_18441   |    16|   0|    16|          0|
    |stencil_buf_load_493_reg_18446   |    16|   0|    16|          0|
    |stencil_buf_load_494_reg_18451   |    16|   0|    16|          0|
    |stencil_buf_load_495_reg_18456   |    16|   0|    16|          0|
    |stencil_buf_load_496_reg_18461   |    16|   0|    16|          0|
    |stencil_buf_load_497_reg_18466   |    16|   0|    16|          0|
    |stencil_buf_load_498_reg_18471   |    16|   0|    16|          0|
    |stencil_buf_load_499_reg_18476   |    16|   0|    16|          0|
    |stencil_buf_load_49_reg_16226    |    16|   0|    16|          0|
    |stencil_buf_load_4_reg_15863     |    16|   0|    16|          0|
    |stencil_buf_load_500_reg_18481   |    16|   0|    16|          0|
    |stencil_buf_load_501_reg_18486   |    16|   0|    16|          0|
    |stencil_buf_load_502_reg_18491   |    16|   0|    16|          0|
    |stencil_buf_load_503_reg_18496   |    16|   0|    16|          0|
    |stencil_buf_load_504_reg_18501   |    16|   0|    16|          0|
    |stencil_buf_load_505_reg_18506   |    16|   0|    16|          0|
    |stencil_buf_load_506_reg_18511   |    16|   0|    16|          0|
    |stencil_buf_load_507_reg_18516   |    16|   0|    16|          0|
    |stencil_buf_load_508_reg_18521   |    16|   0|    16|          0|
    |stencil_buf_load_509_reg_18526   |    16|   0|    16|          0|
    |stencil_buf_load_50_reg_16231    |    16|   0|    16|          0|
    |stencil_buf_load_510_reg_18531   |    16|   0|    16|          0|
    |stencil_buf_load_511_reg_18536   |    16|   0|    16|          0|
    |stencil_buf_load_512_reg_18541   |    16|   0|    16|          0|
    |stencil_buf_load_513_reg_18546   |    16|   0|    16|          0|
    |stencil_buf_load_514_reg_18551   |    16|   0|    16|          0|
    |stencil_buf_load_515_reg_18556   |    16|   0|    16|          0|
    |stencil_buf_load_516_reg_18561   |    16|   0|    16|          0|
    |stencil_buf_load_517_reg_18566   |    16|   0|    16|          0|
    |stencil_buf_load_518_reg_18571   |    16|   0|    16|          0|
    |stencil_buf_load_519_reg_18576   |    16|   0|    16|          0|
    |stencil_buf_load_51_reg_16236    |    16|   0|    16|          0|
    |stencil_buf_load_520_reg_18581   |    16|   0|    16|          0|
    |stencil_buf_load_521_reg_18586   |    16|   0|    16|          0|
    |stencil_buf_load_522_reg_18591   |    16|   0|    16|          0|
    |stencil_buf_load_523_reg_18596   |    16|   0|    16|          0|
    |stencil_buf_load_524_reg_18601   |    16|   0|    16|          0|
    |stencil_buf_load_525_reg_18606   |    16|   0|    16|          0|
    |stencil_buf_load_526_reg_18611   |    16|   0|    16|          0|
    |stencil_buf_load_527_reg_18616   |    16|   0|    16|          0|
    |stencil_buf_load_528_reg_18621   |    16|   0|    16|          0|
    |stencil_buf_load_529_reg_18626   |    16|   0|    16|          0|
    |stencil_buf_load_52_reg_16241    |    16|   0|    16|          0|
    |stencil_buf_load_530_reg_18631   |    16|   0|    16|          0|
    |stencil_buf_load_531_reg_18636   |    16|   0|    16|          0|
    |stencil_buf_load_532_reg_18641   |    16|   0|    16|          0|
    |stencil_buf_load_533_reg_18646   |    16|   0|    16|          0|
    |stencil_buf_load_534_reg_18651   |    16|   0|    16|          0|
    |stencil_buf_load_535_reg_18656   |    16|   0|    16|          0|
    |stencil_buf_load_536_reg_18661   |    16|   0|    16|          0|
    |stencil_buf_load_537_reg_18666   |    16|   0|    16|          0|
    |stencil_buf_load_538_reg_18671   |    16|   0|    16|          0|
    |stencil_buf_load_539_reg_18676   |    16|   0|    16|          0|
    |stencil_buf_load_53_reg_16246    |    16|   0|    16|          0|
    |stencil_buf_load_540_reg_18681   |    16|   0|    16|          0|
    |stencil_buf_load_541_reg_18686   |    16|   0|    16|          0|
    |stencil_buf_load_542_reg_18691   |    16|   0|    16|          0|
    |stencil_buf_load_543_reg_18696   |    16|   0|    16|          0|
    |stencil_buf_load_544_reg_18701   |    16|   0|    16|          0|
    |stencil_buf_load_545_reg_18706   |    16|   0|    16|          0|
    |stencil_buf_load_546_reg_18711   |    16|   0|    16|          0|
    |stencil_buf_load_547_reg_18716   |    16|   0|    16|          0|
    |stencil_buf_load_548_reg_18721   |    16|   0|    16|          0|
    |stencil_buf_load_549_reg_18726   |    16|   0|    16|          0|
    |stencil_buf_load_54_reg_16251    |    16|   0|    16|          0|
    |stencil_buf_load_550_reg_18731   |    16|   0|    16|          0|
    |stencil_buf_load_551_reg_18736   |    16|   0|    16|          0|
    |stencil_buf_load_552_reg_18741   |    16|   0|    16|          0|
    |stencil_buf_load_553_reg_18746   |    16|   0|    16|          0|
    |stencil_buf_load_554_reg_18751   |    16|   0|    16|          0|
    |stencil_buf_load_555_reg_18756   |    16|   0|    16|          0|
    |stencil_buf_load_556_reg_18761   |    16|   0|    16|          0|
    |stencil_buf_load_557_reg_18766   |    16|   0|    16|          0|
    |stencil_buf_load_558_reg_18771   |    16|   0|    16|          0|
    |stencil_buf_load_559_reg_18776   |    16|   0|    16|          0|
    |stencil_buf_load_55_reg_16256    |    16|   0|    16|          0|
    |stencil_buf_load_560_reg_18781   |    16|   0|    16|          0|
    |stencil_buf_load_561_reg_18786   |    16|   0|    16|          0|
    |stencil_buf_load_562_reg_18791   |    16|   0|    16|          0|
    |stencil_buf_load_563_reg_18796   |    16|   0|    16|          0|
    |stencil_buf_load_564_reg_18801   |    16|   0|    16|          0|
    |stencil_buf_load_565_reg_18806   |    16|   0|    16|          0|
    |stencil_buf_load_566_reg_18811   |    16|   0|    16|          0|
    |stencil_buf_load_567_reg_18816   |    16|   0|    16|          0|
    |stencil_buf_load_568_reg_18821   |    16|   0|    16|          0|
    |stencil_buf_load_569_reg_18826   |    16|   0|    16|          0|
    |stencil_buf_load_56_reg_16261    |    16|   0|    16|          0|
    |stencil_buf_load_570_reg_18831   |    16|   0|    16|          0|
    |stencil_buf_load_571_reg_18836   |    16|   0|    16|          0|
    |stencil_buf_load_572_reg_18841   |    16|   0|    16|          0|
    |stencil_buf_load_573_reg_18846   |    16|   0|    16|          0|
    |stencil_buf_load_574_reg_18851   |    16|   0|    16|          0|
    |stencil_buf_load_575_reg_18856   |    16|   0|    16|          0|
    |stencil_buf_load_576_reg_18861   |    16|   0|    16|          0|
    |stencil_buf_load_577_reg_18866   |    16|   0|    16|          0|
    |stencil_buf_load_578_reg_18871   |    16|   0|    16|          0|
    |stencil_buf_load_579_reg_18876   |    16|   0|    16|          0|
    |stencil_buf_load_57_reg_16266    |    16|   0|    16|          0|
    |stencil_buf_load_580_reg_18881   |    16|   0|    16|          0|
    |stencil_buf_load_581_reg_18886   |    16|   0|    16|          0|
    |stencil_buf_load_582_reg_18891   |    16|   0|    16|          0|
    |stencil_buf_load_583_reg_18896   |    16|   0|    16|          0|
    |stencil_buf_load_584_reg_18901   |    16|   0|    16|          0|
    |stencil_buf_load_585_reg_18906   |    16|   0|    16|          0|
    |stencil_buf_load_586_reg_18911   |    16|   0|    16|          0|
    |stencil_buf_load_587_reg_18916   |    16|   0|    16|          0|
    |stencil_buf_load_588_reg_18921   |    16|   0|    16|          0|
    |stencil_buf_load_589_reg_18926   |    16|   0|    16|          0|
    |stencil_buf_load_58_reg_16271    |    16|   0|    16|          0|
    |stencil_buf_load_590_reg_18931   |    16|   0|    16|          0|
    |stencil_buf_load_591_reg_18936   |    16|   0|    16|          0|
    |stencil_buf_load_592_reg_18941   |    16|   0|    16|          0|
    |stencil_buf_load_593_reg_18946   |    16|   0|    16|          0|
    |stencil_buf_load_594_reg_18951   |    16|   0|    16|          0|
    |stencil_buf_load_595_reg_18956   |    16|   0|    16|          0|
    |stencil_buf_load_596_reg_18961   |    16|   0|    16|          0|
    |stencil_buf_load_597_reg_18966   |    16|   0|    16|          0|
    |stencil_buf_load_598_reg_18971   |    16|   0|    16|          0|
    |stencil_buf_load_599_reg_18976   |    16|   0|    16|          0|
    |stencil_buf_load_59_reg_16276    |    16|   0|    16|          0|
    |stencil_buf_load_5_reg_15869     |    16|   0|    16|          0|
    |stencil_buf_load_600_reg_18981   |    16|   0|    16|          0|
    |stencil_buf_load_601_reg_18986   |    16|   0|    16|          0|
    |stencil_buf_load_602_reg_18991   |    16|   0|    16|          0|
    |stencil_buf_load_603_reg_18996   |    16|   0|    16|          0|
    |stencil_buf_load_604_reg_19001   |    16|   0|    16|          0|
    |stencil_buf_load_605_reg_19006   |    16|   0|    16|          0|
    |stencil_buf_load_606_reg_19011   |    16|   0|    16|          0|
    |stencil_buf_load_607_reg_19016   |    16|   0|    16|          0|
    |stencil_buf_load_608_reg_19021   |    16|   0|    16|          0|
    |stencil_buf_load_609_reg_19026   |    16|   0|    16|          0|
    |stencil_buf_load_60_reg_16281    |    16|   0|    16|          0|
    |stencil_buf_load_610_reg_19031   |    16|   0|    16|          0|
    |stencil_buf_load_611_reg_19036   |    16|   0|    16|          0|
    |stencil_buf_load_612_reg_19041   |    16|   0|    16|          0|
    |stencil_buf_load_613_reg_19046   |    16|   0|    16|          0|
    |stencil_buf_load_614_reg_19051   |    16|   0|    16|          0|
    |stencil_buf_load_615_reg_19056   |    16|   0|    16|          0|
    |stencil_buf_load_616_reg_19061   |    16|   0|    16|          0|
    |stencil_buf_load_617_reg_19066   |    16|   0|    16|          0|
    |stencil_buf_load_618_reg_19071   |    16|   0|    16|          0|
    |stencil_buf_load_619_reg_19076   |    16|   0|    16|          0|
    |stencil_buf_load_61_reg_16286    |    16|   0|    16|          0|
    |stencil_buf_load_620_reg_19081   |    16|   0|    16|          0|
    |stencil_buf_load_621_reg_19086   |    16|   0|    16|          0|
    |stencil_buf_load_622_reg_19091   |    16|   0|    16|          0|
    |stencil_buf_load_623_reg_19096   |    16|   0|    16|          0|
    |stencil_buf_load_624_reg_19101   |    16|   0|    16|          0|
    |stencil_buf_load_625_reg_19106   |    16|   0|    16|          0|
    |stencil_buf_load_626_reg_19111   |    16|   0|    16|          0|
    |stencil_buf_load_627_reg_19116   |    16|   0|    16|          0|
    |stencil_buf_load_628_reg_19121   |    16|   0|    16|          0|
    |stencil_buf_load_629_reg_19126   |    16|   0|    16|          0|
    |stencil_buf_load_62_reg_16291    |    16|   0|    16|          0|
    |stencil_buf_load_630_reg_19131   |    16|   0|    16|          0|
    |stencil_buf_load_631_reg_19136   |    16|   0|    16|          0|
    |stencil_buf_load_632_reg_19141   |    16|   0|    16|          0|
    |stencil_buf_load_633_reg_19146   |    16|   0|    16|          0|
    |stencil_buf_load_634_reg_19151   |    16|   0|    16|          0|
    |stencil_buf_load_635_reg_19156   |    16|   0|    16|          0|
    |stencil_buf_load_636_reg_19161   |    16|   0|    16|          0|
    |stencil_buf_load_637_reg_19166   |    16|   0|    16|          0|
    |stencil_buf_load_638_reg_19171   |    16|   0|    16|          0|
    |stencil_buf_load_639_reg_19176   |    16|   0|    16|          0|
    |stencil_buf_load_63_reg_16296    |    16|   0|    16|          0|
    |stencil_buf_load_640_reg_19181   |    16|   0|    16|          0|
    |stencil_buf_load_641_reg_19186   |    16|   0|    16|          0|
    |stencil_buf_load_642_reg_19191   |    16|   0|    16|          0|
    |stencil_buf_load_643_reg_19196   |    16|   0|    16|          0|
    |stencil_buf_load_644_reg_19201   |    16|   0|    16|          0|
    |stencil_buf_load_645_reg_19206   |    16|   0|    16|          0|
    |stencil_buf_load_646_reg_19211   |    16|   0|    16|          0|
    |stencil_buf_load_647_reg_19216   |    16|   0|    16|          0|
    |stencil_buf_load_648_reg_19221   |    16|   0|    16|          0|
    |stencil_buf_load_649_reg_19226   |    16|   0|    16|          0|
    |stencil_buf_load_64_reg_16301    |    16|   0|    16|          0|
    |stencil_buf_load_650_reg_19231   |    16|   0|    16|          0|
    |stencil_buf_load_651_reg_19236   |    16|   0|    16|          0|
    |stencil_buf_load_652_reg_19241   |    16|   0|    16|          0|
    |stencil_buf_load_653_reg_19246   |    16|   0|    16|          0|
    |stencil_buf_load_654_reg_19251   |    16|   0|    16|          0|
    |stencil_buf_load_655_reg_19256   |    16|   0|    16|          0|
    |stencil_buf_load_656_reg_19261   |    16|   0|    16|          0|
    |stencil_buf_load_657_reg_19266   |    16|   0|    16|          0|
    |stencil_buf_load_658_reg_19271   |    16|   0|    16|          0|
    |stencil_buf_load_659_reg_19276   |    16|   0|    16|          0|
    |stencil_buf_load_65_reg_16306    |    16|   0|    16|          0|
    |stencil_buf_load_660_reg_19281   |    16|   0|    16|          0|
    |stencil_buf_load_661_reg_19286   |    16|   0|    16|          0|
    |stencil_buf_load_662_reg_19291   |    16|   0|    16|          0|
    |stencil_buf_load_663_reg_19296   |    16|   0|    16|          0|
    |stencil_buf_load_664_reg_19301   |    16|   0|    16|          0|
    |stencil_buf_load_665_reg_19306   |    16|   0|    16|          0|
    |stencil_buf_load_666_reg_19311   |    16|   0|    16|          0|
    |stencil_buf_load_667_reg_19316   |    16|   0|    16|          0|
    |stencil_buf_load_668_reg_19321   |    16|   0|    16|          0|
    |stencil_buf_load_669_reg_19326   |    16|   0|    16|          0|
    |stencil_buf_load_66_reg_16311    |    16|   0|    16|          0|
    |stencil_buf_load_670_reg_19331   |    16|   0|    16|          0|
    |stencil_buf_load_671_reg_19336   |    16|   0|    16|          0|
    |stencil_buf_load_672_reg_19341   |    16|   0|    16|          0|
    |stencil_buf_load_673_reg_19346   |    16|   0|    16|          0|
    |stencil_buf_load_674_reg_19351   |    16|   0|    16|          0|
    |stencil_buf_load_675_reg_19356   |    16|   0|    16|          0|
    |stencil_buf_load_676_reg_19361   |    16|   0|    16|          0|
    |stencil_buf_load_677_reg_19366   |    16|   0|    16|          0|
    |stencil_buf_load_678_reg_19371   |    16|   0|    16|          0|
    |stencil_buf_load_679_reg_19376   |    16|   0|    16|          0|
    |stencil_buf_load_67_reg_16316    |    16|   0|    16|          0|
    |stencil_buf_load_680_reg_19381   |    16|   0|    16|          0|
    |stencil_buf_load_681_reg_19386   |    16|   0|    16|          0|
    |stencil_buf_load_682_reg_19391   |    16|   0|    16|          0|
    |stencil_buf_load_683_reg_19396   |    16|   0|    16|          0|
    |stencil_buf_load_684_reg_19401   |    16|   0|    16|          0|
    |stencil_buf_load_685_reg_19406   |    16|   0|    16|          0|
    |stencil_buf_load_686_reg_19411   |    16|   0|    16|          0|
    |stencil_buf_load_687_reg_19416   |    16|   0|    16|          0|
    |stencil_buf_load_688_reg_19421   |    16|   0|    16|          0|
    |stencil_buf_load_689_reg_19426   |    16|   0|    16|          0|
    |stencil_buf_load_68_reg_16321    |    16|   0|    16|          0|
    |stencil_buf_load_690_reg_19431   |    16|   0|    16|          0|
    |stencil_buf_load_691_reg_19436   |    16|   0|    16|          0|
    |stencil_buf_load_692_reg_19441   |    16|   0|    16|          0|
    |stencil_buf_load_693_reg_19446   |    16|   0|    16|          0|
    |stencil_buf_load_694_reg_19451   |    16|   0|    16|          0|
    |stencil_buf_load_695_reg_19456   |    16|   0|    16|          0|
    |stencil_buf_load_696_reg_19461   |    16|   0|    16|          0|
    |stencil_buf_load_697_reg_19466   |    16|   0|    16|          0|
    |stencil_buf_load_698_reg_19471   |    16|   0|    16|          0|
    |stencil_buf_load_699_reg_19476   |    16|   0|    16|          0|
    |stencil_buf_load_69_reg_16326    |    16|   0|    16|          0|
    |stencil_buf_load_6_reg_15875     |    16|   0|    16|          0|
    |stencil_buf_load_700_reg_19481   |    16|   0|    16|          0|
    |stencil_buf_load_701_reg_19486   |    16|   0|    16|          0|
    |stencil_buf_load_702_reg_19491   |    16|   0|    16|          0|
    |stencil_buf_load_703_reg_19496   |    16|   0|    16|          0|
    |stencil_buf_load_704_reg_19501   |    16|   0|    16|          0|
    |stencil_buf_load_705_reg_19506   |    16|   0|    16|          0|
    |stencil_buf_load_706_reg_19511   |    16|   0|    16|          0|
    |stencil_buf_load_707_reg_19516   |    16|   0|    16|          0|
    |stencil_buf_load_708_reg_19521   |    16|   0|    16|          0|
    |stencil_buf_load_709_reg_19526   |    16|   0|    16|          0|
    |stencil_buf_load_70_reg_16331    |    16|   0|    16|          0|
    |stencil_buf_load_710_reg_19531   |    16|   0|    16|          0|
    |stencil_buf_load_711_reg_19536   |    16|   0|    16|          0|
    |stencil_buf_load_712_reg_19541   |    16|   0|    16|          0|
    |stencil_buf_load_713_reg_19546   |    16|   0|    16|          0|
    |stencil_buf_load_714_reg_19551   |    16|   0|    16|          0|
    |stencil_buf_load_715_reg_19556   |    16|   0|    16|          0|
    |stencil_buf_load_716_reg_19561   |    16|   0|    16|          0|
    |stencil_buf_load_717_reg_19566   |    16|   0|    16|          0|
    |stencil_buf_load_718_reg_19571   |    16|   0|    16|          0|
    |stencil_buf_load_719_reg_19576   |    16|   0|    16|          0|
    |stencil_buf_load_71_reg_16336    |    16|   0|    16|          0|
    |stencil_buf_load_720_reg_19581   |    16|   0|    16|          0|
    |stencil_buf_load_721_reg_19586   |    16|   0|    16|          0|
    |stencil_buf_load_722_reg_19591   |    16|   0|    16|          0|
    |stencil_buf_load_723_reg_19596   |    16|   0|    16|          0|
    |stencil_buf_load_724_reg_19601   |    16|   0|    16|          0|
    |stencil_buf_load_725_reg_19606   |    16|   0|    16|          0|
    |stencil_buf_load_726_reg_19611   |    16|   0|    16|          0|
    |stencil_buf_load_727_reg_19616   |    16|   0|    16|          0|
    |stencil_buf_load_728_reg_19621   |    16|   0|    16|          0|
    |stencil_buf_load_729_reg_19626   |    16|   0|    16|          0|
    |stencil_buf_load_72_reg_16341    |    16|   0|    16|          0|
    |stencil_buf_load_730_reg_19631   |    16|   0|    16|          0|
    |stencil_buf_load_731_reg_19636   |    16|   0|    16|          0|
    |stencil_buf_load_732_reg_19641   |    16|   0|    16|          0|
    |stencil_buf_load_733_reg_19646   |    16|   0|    16|          0|
    |stencil_buf_load_734_reg_19651   |    16|   0|    16|          0|
    |stencil_buf_load_735_reg_19656   |    16|   0|    16|          0|
    |stencil_buf_load_736_reg_19661   |    16|   0|    16|          0|
    |stencil_buf_load_737_reg_19666   |    16|   0|    16|          0|
    |stencil_buf_load_738_reg_19671   |    16|   0|    16|          0|
    |stencil_buf_load_739_reg_19676   |    16|   0|    16|          0|
    |stencil_buf_load_73_reg_16346    |    16|   0|    16|          0|
    |stencil_buf_load_740_reg_19681   |    16|   0|    16|          0|
    |stencil_buf_load_741_reg_19686   |    16|   0|    16|          0|
    |stencil_buf_load_742_reg_19691   |    16|   0|    16|          0|
    |stencil_buf_load_743_reg_19696   |    16|   0|    16|          0|
    |stencil_buf_load_744_reg_19701   |    16|   0|    16|          0|
    |stencil_buf_load_745_reg_19706   |    16|   0|    16|          0|
    |stencil_buf_load_746_reg_19711   |    16|   0|    16|          0|
    |stencil_buf_load_747_reg_19716   |    16|   0|    16|          0|
    |stencil_buf_load_748_reg_19721   |    16|   0|    16|          0|
    |stencil_buf_load_749_reg_19726   |    16|   0|    16|          0|
    |stencil_buf_load_74_reg_16351    |    16|   0|    16|          0|
    |stencil_buf_load_750_reg_19731   |    16|   0|    16|          0|
    |stencil_buf_load_751_reg_19736   |    16|   0|    16|          0|
    |stencil_buf_load_752_reg_19741   |    16|   0|    16|          0|
    |stencil_buf_load_753_reg_19746   |    16|   0|    16|          0|
    |stencil_buf_load_754_reg_19751   |    16|   0|    16|          0|
    |stencil_buf_load_755_reg_19756   |    16|   0|    16|          0|
    |stencil_buf_load_756_reg_19761   |    16|   0|    16|          0|
    |stencil_buf_load_757_reg_19766   |    16|   0|    16|          0|
    |stencil_buf_load_758_reg_19771   |    16|   0|    16|          0|
    |stencil_buf_load_759_reg_19776   |    16|   0|    16|          0|
    |stencil_buf_load_75_reg_16356    |    16|   0|    16|          0|
    |stencil_buf_load_760_reg_19781   |    16|   0|    16|          0|
    |stencil_buf_load_761_reg_19786   |    16|   0|    16|          0|
    |stencil_buf_load_762_reg_19791   |    16|   0|    16|          0|
    |stencil_buf_load_763_reg_19796   |    16|   0|    16|          0|
    |stencil_buf_load_764_reg_19801   |    16|   0|    16|          0|
    |stencil_buf_load_765_reg_19806   |    16|   0|    16|          0|
    |stencil_buf_load_766_reg_19811   |    16|   0|    16|          0|
    |stencil_buf_load_767_reg_19816   |    16|   0|    16|          0|
    |stencil_buf_load_768_reg_19821   |    16|   0|    16|          0|
    |stencil_buf_load_769_reg_19826   |    16|   0|    16|          0|
    |stencil_buf_load_76_reg_16361    |    16|   0|    16|          0|
    |stencil_buf_load_770_reg_19831   |    16|   0|    16|          0|
    |stencil_buf_load_771_reg_19836   |    16|   0|    16|          0|
    |stencil_buf_load_772_reg_19841   |    16|   0|    16|          0|
    |stencil_buf_load_773_reg_19846   |    16|   0|    16|          0|
    |stencil_buf_load_774_reg_19851   |    16|   0|    16|          0|
    |stencil_buf_load_775_reg_19856   |    16|   0|    16|          0|
    |stencil_buf_load_776_reg_19861   |    16|   0|    16|          0|
    |stencil_buf_load_777_reg_19866   |    16|   0|    16|          0|
    |stencil_buf_load_778_reg_19871   |    16|   0|    16|          0|
    |stencil_buf_load_779_reg_19876   |    16|   0|    16|          0|
    |stencil_buf_load_77_reg_16366    |    16|   0|    16|          0|
    |stencil_buf_load_780_reg_19881   |    16|   0|    16|          0|
    |stencil_buf_load_781_reg_19886   |    16|   0|    16|          0|
    |stencil_buf_load_782_reg_19891   |    16|   0|    16|          0|
    |stencil_buf_load_783_reg_19896   |    16|   0|    16|          0|
    |stencil_buf_load_784_reg_19901   |    16|   0|    16|          0|
    |stencil_buf_load_785_reg_19906   |    16|   0|    16|          0|
    |stencil_buf_load_786_reg_19911   |    16|   0|    16|          0|
    |stencil_buf_load_787_reg_19916   |    16|   0|    16|          0|
    |stencil_buf_load_788_reg_19921   |    16|   0|    16|          0|
    |stencil_buf_load_789_reg_19926   |    16|   0|    16|          0|
    |stencil_buf_load_78_reg_16371    |    16|   0|    16|          0|
    |stencil_buf_load_790_reg_19931   |    16|   0|    16|          0|
    |stencil_buf_load_791_reg_19936   |    16|   0|    16|          0|
    |stencil_buf_load_792_reg_19941   |    16|   0|    16|          0|
    |stencil_buf_load_793_reg_19946   |    16|   0|    16|          0|
    |stencil_buf_load_794_reg_19951   |    16|   0|    16|          0|
    |stencil_buf_load_795_reg_19956   |    16|   0|    16|          0|
    |stencil_buf_load_796_reg_19961   |    16|   0|    16|          0|
    |stencil_buf_load_797_reg_19966   |    16|   0|    16|          0|
    |stencil_buf_load_798_reg_19971   |    16|   0|    16|          0|
    |stencil_buf_load_799_reg_19976   |    16|   0|    16|          0|
    |stencil_buf_load_79_reg_16376    |    16|   0|    16|          0|
    |stencil_buf_load_7_reg_15881     |    16|   0|    16|          0|
    |stencil_buf_load_800_reg_19981   |    16|   0|    16|          0|
    |stencil_buf_load_801_reg_19986   |    16|   0|    16|          0|
    |stencil_buf_load_802_reg_19991   |    16|   0|    16|          0|
    |stencil_buf_load_803_reg_19996   |    16|   0|    16|          0|
    |stencil_buf_load_804_reg_20001   |    16|   0|    16|          0|
    |stencil_buf_load_805_reg_20006   |    16|   0|    16|          0|
    |stencil_buf_load_806_reg_20011   |    16|   0|    16|          0|
    |stencil_buf_load_807_reg_20016   |    16|   0|    16|          0|
    |stencil_buf_load_808_reg_20021   |    16|   0|    16|          0|
    |stencil_buf_load_809_reg_20026   |    16|   0|    16|          0|
    |stencil_buf_load_80_reg_16381    |    16|   0|    16|          0|
    |stencil_buf_load_810_reg_20031   |    16|   0|    16|          0|
    |stencil_buf_load_811_reg_20036   |    16|   0|    16|          0|
    |stencil_buf_load_812_reg_20041   |    16|   0|    16|          0|
    |stencil_buf_load_813_reg_20046   |    16|   0|    16|          0|
    |stencil_buf_load_814_reg_20051   |    16|   0|    16|          0|
    |stencil_buf_load_815_reg_20056   |    16|   0|    16|          0|
    |stencil_buf_load_816_reg_20061   |    16|   0|    16|          0|
    |stencil_buf_load_817_reg_20066   |    16|   0|    16|          0|
    |stencil_buf_load_818_reg_20071   |    16|   0|    16|          0|
    |stencil_buf_load_819_reg_20076   |    16|   0|    16|          0|
    |stencil_buf_load_81_reg_16386    |    16|   0|    16|          0|
    |stencil_buf_load_820_reg_20081   |    16|   0|    16|          0|
    |stencil_buf_load_821_reg_20086   |    16|   0|    16|          0|
    |stencil_buf_load_822_reg_20091   |    16|   0|    16|          0|
    |stencil_buf_load_823_reg_20096   |    16|   0|    16|          0|
    |stencil_buf_load_824_reg_20101   |    16|   0|    16|          0|
    |stencil_buf_load_825_reg_20106   |    16|   0|    16|          0|
    |stencil_buf_load_826_reg_20111   |    16|   0|    16|          0|
    |stencil_buf_load_827_reg_20116   |    16|   0|    16|          0|
    |stencil_buf_load_828_reg_20121   |    16|   0|    16|          0|
    |stencil_buf_load_829_reg_20126   |    16|   0|    16|          0|
    |stencil_buf_load_82_reg_16391    |    16|   0|    16|          0|
    |stencil_buf_load_830_reg_20131   |    16|   0|    16|          0|
    |stencil_buf_load_831_reg_20136   |    16|   0|    16|          0|
    |stencil_buf_load_832_reg_20141   |    16|   0|    16|          0|
    |stencil_buf_load_833_reg_20146   |    16|   0|    16|          0|
    |stencil_buf_load_834_reg_20151   |    16|   0|    16|          0|
    |stencil_buf_load_835_reg_20156   |    16|   0|    16|          0|
    |stencil_buf_load_836_reg_20161   |    16|   0|    16|          0|
    |stencil_buf_load_837_reg_20166   |    16|   0|    16|          0|
    |stencil_buf_load_838_reg_20171   |    16|   0|    16|          0|
    |stencil_buf_load_839_reg_20176   |    16|   0|    16|          0|
    |stencil_buf_load_83_reg_16396    |    16|   0|    16|          0|
    |stencil_buf_load_840_reg_20181   |    16|   0|    16|          0|
    |stencil_buf_load_841_reg_20186   |    16|   0|    16|          0|
    |stencil_buf_load_842_reg_20191   |    16|   0|    16|          0|
    |stencil_buf_load_843_reg_20196   |    16|   0|    16|          0|
    |stencil_buf_load_844_reg_20201   |    16|   0|    16|          0|
    |stencil_buf_load_845_reg_20206   |    16|   0|    16|          0|
    |stencil_buf_load_846_reg_20211   |    16|   0|    16|          0|
    |stencil_buf_load_847_reg_20216   |    16|   0|    16|          0|
    |stencil_buf_load_848_reg_20221   |    16|   0|    16|          0|
    |stencil_buf_load_849_reg_20226   |    16|   0|    16|          0|
    |stencil_buf_load_84_reg_16401    |    16|   0|    16|          0|
    |stencil_buf_load_850_reg_20231   |    16|   0|    16|          0|
    |stencil_buf_load_851_reg_20236   |    16|   0|    16|          0|
    |stencil_buf_load_852_reg_20241   |    16|   0|    16|          0|
    |stencil_buf_load_853_reg_20246   |    16|   0|    16|          0|
    |stencil_buf_load_854_reg_20251   |    16|   0|    16|          0|
    |stencil_buf_load_855_reg_20256   |    16|   0|    16|          0|
    |stencil_buf_load_856_reg_20261   |    16|   0|    16|          0|
    |stencil_buf_load_857_reg_20266   |    16|   0|    16|          0|
    |stencil_buf_load_858_reg_20271   |    16|   0|    16|          0|
    |stencil_buf_load_859_reg_20276   |    16|   0|    16|          0|
    |stencil_buf_load_85_reg_16406    |    16|   0|    16|          0|
    |stencil_buf_load_860_reg_20281   |    16|   0|    16|          0|
    |stencil_buf_load_861_reg_20286   |    16|   0|    16|          0|
    |stencil_buf_load_862_reg_20291   |    16|   0|    16|          0|
    |stencil_buf_load_863_reg_20296   |    16|   0|    16|          0|
    |stencil_buf_load_864_reg_20301   |    16|   0|    16|          0|
    |stencil_buf_load_865_reg_20306   |    16|   0|    16|          0|
    |stencil_buf_load_866_reg_20311   |    16|   0|    16|          0|
    |stencil_buf_load_867_reg_20316   |    16|   0|    16|          0|
    |stencil_buf_load_868_reg_20321   |    16|   0|    16|          0|
    |stencil_buf_load_869_reg_20326   |    16|   0|    16|          0|
    |stencil_buf_load_86_reg_16411    |    16|   0|    16|          0|
    |stencil_buf_load_870_reg_20331   |    16|   0|    16|          0|
    |stencil_buf_load_871_reg_20336   |    16|   0|    16|          0|
    |stencil_buf_load_872_reg_20341   |    16|   0|    16|          0|
    |stencil_buf_load_873_reg_20346   |    16|   0|    16|          0|
    |stencil_buf_load_874_reg_20351   |    16|   0|    16|          0|
    |stencil_buf_load_875_reg_20356   |    16|   0|    16|          0|
    |stencil_buf_load_876_reg_20361   |    16|   0|    16|          0|
    |stencil_buf_load_877_reg_20366   |    16|   0|    16|          0|
    |stencil_buf_load_878_reg_20371   |    16|   0|    16|          0|
    |stencil_buf_load_879_reg_20376   |    16|   0|    16|          0|
    |stencil_buf_load_87_reg_16416    |    16|   0|    16|          0|
    |stencil_buf_load_880_reg_20381   |    16|   0|    16|          0|
    |stencil_buf_load_881_reg_20386   |    16|   0|    16|          0|
    |stencil_buf_load_882_reg_20391   |    16|   0|    16|          0|
    |stencil_buf_load_883_reg_20396   |    16|   0|    16|          0|
    |stencil_buf_load_884_reg_20401   |    16|   0|    16|          0|
    |stencil_buf_load_885_reg_20406   |    16|   0|    16|          0|
    |stencil_buf_load_886_reg_20411   |    16|   0|    16|          0|
    |stencil_buf_load_887_reg_20416   |    16|   0|    16|          0|
    |stencil_buf_load_888_reg_20421   |    16|   0|    16|          0|
    |stencil_buf_load_889_reg_20426   |    16|   0|    16|          0|
    |stencil_buf_load_88_reg_16421    |    16|   0|    16|          0|
    |stencil_buf_load_890_reg_20431   |    16|   0|    16|          0|
    |stencil_buf_load_891_reg_20436   |    16|   0|    16|          0|
    |stencil_buf_load_892_reg_20441   |    16|   0|    16|          0|
    |stencil_buf_load_893_reg_20446   |    16|   0|    16|          0|
    |stencil_buf_load_894_reg_20451   |    16|   0|    16|          0|
    |stencil_buf_load_895_reg_20456   |    16|   0|    16|          0|
    |stencil_buf_load_896_reg_20461   |    16|   0|    16|          0|
    |stencil_buf_load_897_reg_20466   |    16|   0|    16|          0|
    |stencil_buf_load_898_reg_20471   |    16|   0|    16|          0|
    |stencil_buf_load_899_reg_20476   |    16|   0|    16|          0|
    |stencil_buf_load_89_reg_16426    |    16|   0|    16|          0|
    |stencil_buf_load_8_reg_15887     |    16|   0|    16|          0|
    |stencil_buf_load_900_reg_20481   |    16|   0|    16|          0|
    |stencil_buf_load_901_reg_20486   |    16|   0|    16|          0|
    |stencil_buf_load_902_reg_20491   |    16|   0|    16|          0|
    |stencil_buf_load_903_reg_20496   |    16|   0|    16|          0|
    |stencil_buf_load_904_reg_20501   |    16|   0|    16|          0|
    |stencil_buf_load_905_reg_20506   |    16|   0|    16|          0|
    |stencil_buf_load_906_reg_20511   |    16|   0|    16|          0|
    |stencil_buf_load_907_reg_20516   |    16|   0|    16|          0|
    |stencil_buf_load_908_reg_20521   |    16|   0|    16|          0|
    |stencil_buf_load_909_reg_20526   |    16|   0|    16|          0|
    |stencil_buf_load_90_reg_16431    |    16|   0|    16|          0|
    |stencil_buf_load_910_reg_20531   |    16|   0|    16|          0|
    |stencil_buf_load_911_reg_20536   |    16|   0|    16|          0|
    |stencil_buf_load_912_reg_20541   |    16|   0|    16|          0|
    |stencil_buf_load_913_reg_20546   |    16|   0|    16|          0|
    |stencil_buf_load_914_reg_20551   |    16|   0|    16|          0|
    |stencil_buf_load_915_reg_20556   |    16|   0|    16|          0|
    |stencil_buf_load_916_reg_20561   |    16|   0|    16|          0|
    |stencil_buf_load_917_reg_20566   |    16|   0|    16|          0|
    |stencil_buf_load_918_reg_20571   |    16|   0|    16|          0|
    |stencil_buf_load_919_reg_20576   |    16|   0|    16|          0|
    |stencil_buf_load_91_reg_16436    |    16|   0|    16|          0|
    |stencil_buf_load_920_reg_20581   |    16|   0|    16|          0|
    |stencil_buf_load_921_reg_20586   |    16|   0|    16|          0|
    |stencil_buf_load_922_reg_20591   |    16|   0|    16|          0|
    |stencil_buf_load_923_reg_20596   |    16|   0|    16|          0|
    |stencil_buf_load_924_reg_20601   |    16|   0|    16|          0|
    |stencil_buf_load_925_reg_20606   |    16|   0|    16|          0|
    |stencil_buf_load_926_reg_20611   |    16|   0|    16|          0|
    |stencil_buf_load_927_reg_20616   |    16|   0|    16|          0|
    |stencil_buf_load_928_reg_20621   |    16|   0|    16|          0|
    |stencil_buf_load_929_reg_20626   |    16|   0|    16|          0|
    |stencil_buf_load_92_reg_16441    |    16|   0|    16|          0|
    |stencil_buf_load_930_reg_20631   |    16|   0|    16|          0|
    |stencil_buf_load_931_reg_20636   |    16|   0|    16|          0|
    |stencil_buf_load_932_reg_20641   |    16|   0|    16|          0|
    |stencil_buf_load_933_reg_20646   |    16|   0|    16|          0|
    |stencil_buf_load_934_reg_20651   |    16|   0|    16|          0|
    |stencil_buf_load_935_reg_20656   |    16|   0|    16|          0|
    |stencil_buf_load_936_reg_20661   |    16|   0|    16|          0|
    |stencil_buf_load_937_reg_20666   |    16|   0|    16|          0|
    |stencil_buf_load_938_reg_20671   |    16|   0|    16|          0|
    |stencil_buf_load_939_reg_20676   |    16|   0|    16|          0|
    |stencil_buf_load_93_reg_16446    |    16|   0|    16|          0|
    |stencil_buf_load_940_reg_20681   |    16|   0|    16|          0|
    |stencil_buf_load_941_reg_20686   |    16|   0|    16|          0|
    |stencil_buf_load_942_reg_20691   |    16|   0|    16|          0|
    |stencil_buf_load_943_reg_20696   |    16|   0|    16|          0|
    |stencil_buf_load_944_reg_20701   |    16|   0|    16|          0|
    |stencil_buf_load_945_reg_20706   |    16|   0|    16|          0|
    |stencil_buf_load_946_reg_20711   |    16|   0|    16|          0|
    |stencil_buf_load_947_reg_20716   |    16|   0|    16|          0|
    |stencil_buf_load_948_reg_20721   |    16|   0|    16|          0|
    |stencil_buf_load_949_reg_20726   |    16|   0|    16|          0|
    |stencil_buf_load_94_reg_16451    |    16|   0|    16|          0|
    |stencil_buf_load_950_reg_20731   |    16|   0|    16|          0|
    |stencil_buf_load_951_reg_20736   |    16|   0|    16|          0|
    |stencil_buf_load_952_reg_20741   |    16|   0|    16|          0|
    |stencil_buf_load_953_reg_20746   |    16|   0|    16|          0|
    |stencil_buf_load_954_reg_20751   |    16|   0|    16|          0|
    |stencil_buf_load_955_reg_20756   |    16|   0|    16|          0|
    |stencil_buf_load_956_reg_20761   |    16|   0|    16|          0|
    |stencil_buf_load_957_reg_20766   |    16|   0|    16|          0|
    |stencil_buf_load_958_reg_20771   |    16|   0|    16|          0|
    |stencil_buf_load_959_reg_20776   |    16|   0|    16|          0|
    |stencil_buf_load_95_reg_16456    |    16|   0|    16|          0|
    |stencil_buf_load_960_reg_20781   |    16|   0|    16|          0|
    |stencil_buf_load_961_reg_20786   |    16|   0|    16|          0|
    |stencil_buf_load_962_reg_20791   |    16|   0|    16|          0|
    |stencil_buf_load_963_reg_20796   |    16|   0|    16|          0|
    |stencil_buf_load_964_reg_20801   |    16|   0|    16|          0|
    |stencil_buf_load_965_reg_20806   |    16|   0|    16|          0|
    |stencil_buf_load_966_reg_20811   |    16|   0|    16|          0|
    |stencil_buf_load_967_reg_20816   |    16|   0|    16|          0|
    |stencil_buf_load_968_reg_20821   |    16|   0|    16|          0|
    |stencil_buf_load_969_reg_20826   |    16|   0|    16|          0|
    |stencil_buf_load_96_reg_16461    |    16|   0|    16|          0|
    |stencil_buf_load_970_reg_20831   |    16|   0|    16|          0|
    |stencil_buf_load_971_reg_20836   |    16|   0|    16|          0|
    |stencil_buf_load_972_reg_20841   |    16|   0|    16|          0|
    |stencil_buf_load_973_reg_20846   |    16|   0|    16|          0|
    |stencil_buf_load_974_reg_20851   |    16|   0|    16|          0|
    |stencil_buf_load_975_reg_20856   |    16|   0|    16|          0|
    |stencil_buf_load_976_reg_20861   |    16|   0|    16|          0|
    |stencil_buf_load_977_reg_20866   |    16|   0|    16|          0|
    |stencil_buf_load_978_reg_20871   |    16|   0|    16|          0|
    |stencil_buf_load_979_reg_20876   |    16|   0|    16|          0|
    |stencil_buf_load_97_reg_16466    |    16|   0|    16|          0|
    |stencil_buf_load_980_reg_20881   |    16|   0|    16|          0|
    |stencil_buf_load_981_reg_20886   |    16|   0|    16|          0|
    |stencil_buf_load_982_reg_20891   |    16|   0|    16|          0|
    |stencil_buf_load_983_reg_20896   |    16|   0|    16|          0|
    |stencil_buf_load_984_reg_20901   |    16|   0|    16|          0|
    |stencil_buf_load_985_reg_20906   |    16|   0|    16|          0|
    |stencil_buf_load_986_reg_20911   |    16|   0|    16|          0|
    |stencil_buf_load_987_reg_20916   |    16|   0|    16|          0|
    |stencil_buf_load_988_reg_20921   |    16|   0|    16|          0|
    |stencil_buf_load_989_reg_20926   |    16|   0|    16|          0|
    |stencil_buf_load_98_reg_16471    |    16|   0|    16|          0|
    |stencil_buf_load_990_reg_20931   |    16|   0|    16|          0|
    |stencil_buf_load_991_reg_20936   |    16|   0|    16|          0|
    |stencil_buf_load_992_reg_20941   |    16|   0|    16|          0|
    |stencil_buf_load_993_reg_20946   |    16|   0|    16|          0|
    |stencil_buf_load_994_reg_20951   |    16|   0|    16|          0|
    |stencil_buf_load_995_reg_20956   |    16|   0|    16|          0|
    |stencil_buf_load_996_reg_20961   |    16|   0|    16|          0|
    |stencil_buf_load_997_reg_20966   |    16|   0|    16|          0|
    |stencil_buf_load_998_reg_20971   |    16|   0|    16|          0|
    |stencil_buf_load_999_reg_20976   |    16|   0|    16|          0|
    |stencil_buf_load_99_reg_16476    |    16|   0|    16|          0|
    |stencil_buf_load_9_reg_15894     |    16|   0|    16|          0|
    |tile_index_dim0_reg_10130        |    32|   0|    32|          0|
    |tile_index_dim1_reg_10136        |    32|   0|    32|          0|
    |tmp10_reg_16035                  |    14|   0|    14|          0|
    |tmp12_reg_16045                  |    14|   0|    14|          0|
    |tmp14_reg_16050                  |    14|   0|    14|          0|
    |tmp1_reg_16025                   |    14|   0|    14|          0|
    |tmp26_reg_16055                  |    16|   0|    16|          0|
    |tmp29_reg_16101                  |    15|   0|    15|          0|
    |tmp6_reg_16070                   |    14|   0|    14|          0|
    |tmp_10_reg_16011                 |     1|   0|     1|          0|
    |tmp_12_reg_16020                 |    15|   0|    16|          1|
    |tmp_18_reg_16065                 |    15|   0|    16|          1|
    |tmp_19_reg_15830                 |     1|   0|     1|          0|
    |tmp_24_reg_16030                 |    15|   0|    16|          1|
    |tmp_2_reg_15980                  |     1|   0|     1|          0|
    |tmp_30_reg_16096                 |    15|   0|    16|          1|
    |tmp_31_reg_16040                 |    15|   0|    16|          1|
    |tmp_33_reg_16060                 |    12|   0|    12|          0|
    |tmp_3_reg_15995                  |    16|   0|    16|          0|
    |tmp_43_reg_16091                 |    12|   0|    12|          0|
    |tmp_49_reg_16075                 |    12|   0|    12|          0|
    |tmp_54_reg_16081                 |    12|   0|    12|          0|
    |tmp_59_reg_16086                 |    12|   0|    12|          0|
    |tmp_5_reg_10158                  |    30|   0|    32|          2|
    |tmp_60_cast_reg_16106            |    12|   0|    12|          0|
    |tmp_6_reg_10290                  |    32|   0|    32|          0|
    |tmp_7_reg_10295                  |    32|   0|    32|          0|
    |tmp_9_reg_15984                  |     8|   0|     8|          0|
    |tmp_s_reg_10153                  |    30|   0|    32|          2|
    +---------------------------------+------+----+------+-----------+
    |Total                            | 18067|   0| 18076|          9|
    +---------------------------------+------+----+------+-----------+



================================================================
== Interface
================================================================
* Summary: 
+-------------------------+-----+-----+------------+-------------------------+--------------+
|        RTL Ports        | Dir | Bits|  Protocol  |      Source Object      |    C Type    |
+-------------------------+-----+-----+------------+-------------------------+--------------+
|ap_clk                   |  in |    1| ap_ctrl_hs |         compute         | return value |
|ap_rst                   |  in |    1| ap_ctrl_hs |         compute         | return value |
|ap_start                 |  in |    1| ap_ctrl_hs |         compute         | return value |
|ap_done                  | out |    1| ap_ctrl_hs |         compute         | return value |
|ap_idle                  | out |    1| ap_ctrl_hs |         compute         | return value |
|ap_ready                 | out |    1| ap_ctrl_hs |         compute         | return value |
|compute_flag             |  in |    1|   ap_none  |       compute_flag      |    scalar    |
|output_r_address0        | out |   15|  ap_memory |         output_r        |     array    |
|output_r_ce0             | out |    1|  ap_memory |         output_r        |     array    |
|output_r_we0             | out |    1|  ap_memory |         output_r        |     array    |
|output_r_d0              | out |   12|  ap_memory |         output_r        |     array    |
|input_r_address0         | out |   15|  ap_memory |         input_r         |     array    |
|input_r_ce0              | out |    1|  ap_memory |         input_r         |     array    |
|input_r_q0               |  in |   16|  ap_memory |         input_r         |     array    |
|tile_index               |  in |   32|   ap_none  |        tile_index       |    scalar    |
|tile_num_dim0            |  in |   32|   ap_none  |      tile_num_dim0      |    scalar    |
|var_gaussian_y_extent_0  |  in |   32|   ap_none  | var_gaussian_y_extent_0 |    scalar    |
|var_gaussian_y_extent_1  |  in |   32|   ap_none  | var_gaussian_y_extent_1 |    scalar    |
|var_gaussian_y_min_0     |  in |   32|   ap_none  |   var_gaussian_y_min_0  |    scalar    |
|var_gaussian_y_min_1     |  in |   32|   ap_none  |   var_gaussian_y_min_1  |    scalar    |
+-------------------------+-----+-----+------------+-------------------------+--------------+

