

================================================================
== Vivado HLS Report for 'load'
================================================================
* Date:           Thu Apr 13 01:55:00 2017

* Version:        2016.3 (Build 1721985 on Tue Nov 29 18:45:36 MST 2016)
* Project:        gradient_kernel
* Solution:       solution_OCL_REGION_0
* Product family: virtex7
* Target device:  xc7vx690tffg1157-2


================================================================
== Performance Estimates
================================================================
+ Timing (ns): 
    * Summary: 
    +--------+-------+----------+------------+
    |  Clock | Target| Estimated| Uncertainty|
    +--------+-------+----------+------------+
    |ap_clk  |   5.00|      3.65|        1.35|
    +--------+-------+----------+------------+

+ Latency (clock cycles): 
    * Summary: 
    +-----+-------+-----+-------+---------+
    |   Latency   |   Interval  | Pipeline|
    | min |  max  | min |  max  |   Type  |
    +-----+-------+-----+-------+---------+
    |    1|  20609|    1|  20609|   none  |
    +-----+-------+-----+-------+---------+

    + Detail: 
        * Instance: 
        N/A

        * Loop: 
        +----------+-------+-------+----------+-----------+-----------+------+----------+
        |          |    Latency    | Iteration|  Initiation Interval  | Trip |          |
        | Loop Name|  min  |  max  |  Latency |  achieved |   target  | Count| Pipelined|
        +----------+-------+-------+----------+-----------+-----------+------+----------+
        |- Loop 1  |  20481|  20481|         7|          5|          1|  4096|    yes   |
        +----------+-------+-------+----------+-----------+-----------+------+----------+



================================================================
== Utilization Estimates
================================================================
* Summary: 
+-----------------+---------+-------+--------+--------+
|       Name      | BRAM_18K| DSP48E|   FF   |   LUT  |
+-----------------+---------+-------+--------+--------+
|DSP              |        -|      -|       -|       -|
|Expression       |        -|      -|       0|     240|
|FIFO             |        -|      -|       -|       -|
|Instance         |        -|      -|       -|       -|
|Memory           |        -|      -|       -|       -|
|Multiplexer      |        -|      -|       -|     561|
|Register         |        -|      -|     807|       -|
+-----------------+---------+-------+--------+--------+
|Total            |        0|      0|     807|     801|
+-----------------+---------+-------+--------+--------+
|Available        |     2940|   3600|  866400|  433200|
+-----------------+---------+-------+--------+--------+
|Utilization (%)  |        0|      0|   ~0   |   ~0   |
+-----------------+---------+-------+--------+--------+

+ Detail: 
    * Instance: 
    N/A

    * DSP48: 
    N/A

    * Memory: 
    N/A

    * FIFO: 
    N/A

    * Expression: 
    +---------------------+----------+-------+---+----+------------+------------+
    |    Variable Name    | Operation| DSP48E| FF| LUT| Bitwidth P0| Bitwidth P1|
    +---------------------+----------+-------+---+----+------------+------------+
    |i_2_fu_373_p2        |     +    |      0|  0|  13|          13|           1|
    |sum_fu_351_p2        |     +    |      0|  0|  59|          59|          59|
    |ap_block_state129    |    and   |      0|  0|   1|           1|           1|
    |tmp_1_fu_367_p2      |   icmp   |      0|  0|   5|          13|          14|
    |ap_enable_pp0        |    or    |      0|  0|   1|           1|           1|
    |newIndex3_fu_575_p2  |    or    |      0|  0|  23|          15|           1|
    |newIndex4_fu_687_p2  |    or    |      0|  0|  23|          15|           3|
    |newIndex5_fu_594_p2  |    or    |      0|  0|  23|          15|           2|
    |newIndex6_fu_613_p2  |    or    |      0|  0|  23|          15|           2|
    |newIndex7_fu_631_p2  |    or    |      0|  0|  23|          15|           3|
    |newIndex8_fu_650_p2  |    or    |      0|  0|  23|          15|           3|
    |newIndex9_fu_668_p2  |    or    |      0|  0|  23|          15|           3|
    +---------------------+----------+-------+---+----+------------+------------+
    |Total                |          |      0|  0| 240|         192|          93|
    +---------------------+----------+-------+---+----+------------+------------+

    * Multiplexer: 
    +-------------------------------------+-----+-----------+-----+-----------+
    |                 Name                | LUT | Input Size| Bits| Total Bits|
    +-------------------------------------+-----+-----------+-----+-----------+
    |ap_NS_fsm                            |  344|        134|    1|        134|
    |ap_sig_ioackin_m_axi_from_V_ARREADY  |    1|          2|    1|          2|
    |from_V_blk_n_AR                      |    1|          2|    1|          2|
    |from_V_blk_n_R                       |    1|          2|    1|          2|
    |i_phi_fu_328_p4                      |   13|          2|   13|         26|
    |i_reg_324                            |   13|          2|   13|         26|
    |to_0_address0                        |   15|          5|   15|         75|
    |to_0_address1                        |   15|          5|   15|         75|
    |to_0_d0                              |   32|          5|   32|        160|
    |to_0_d1                              |   32|          5|   32|        160|
    |to_1_address0                        |   15|          5|   15|         75|
    |to_1_address1                        |   15|          5|   15|         75|
    |to_1_d0                              |   32|          5|   32|        160|
    |to_1_d1                              |   32|          5|   32|        160|
    +-------------------------------------+-----+-----------+-----+-----------+
    |Total                                |  561|        184|  218|       1132|
    +-------------------------------------+-----+-----------+-----+-----------+

    * Register: 
    +-----------------------------------------+-----+----+-----+-----------+
    |                   Name                  |  FF | LUT| Bits| Const Bits|
    +-----------------------------------------+-----+----+-----+-----------+
    |ap_CS_fsm                                |  133|   0|  133|          0|
    |ap_enable_reg_pp0_iter0                  |    1|   0|    1|          0|
    |ap_enable_reg_pp0_iter1                  |    1|   0|    1|          0|
    |ap_pipeline_reg_pp0_iter1_tmp_1_reg_716  |    1|   0|    1|          0|
    |ap_reg_ioackin_m_axi_from_V_ARREADY      |    1|   0|    1|          0|
    |i_2_reg_720                              |   13|   0|   13|          0|
    |i_reg_324                                |   13|   0|   13|          0|
    |newIndex3_cast_reg_821                   |   12|   0|   64|         52|
    |newIndex4_cast_reg_836                   |   12|   0|   64|         52|
    |newIndex6_cast_reg_826                   |   12|   0|   64|         52|
    |newIndex8_cast_reg_831                   |   12|   0|   64|         52|
    |p_Result_10_reg_786                      |   32|   0|   32|          0|
    |p_Result_11_reg_791                      |   32|   0|   32|          0|
    |p_Result_12_reg_796                      |   32|   0|   32|          0|
    |p_Result_13_reg_801                      |   32|   0|   32|          0|
    |p_Result_14_reg_806                      |   32|   0|   32|          0|
    |p_Result_1_reg_736                       |   32|   0|   32|          0|
    |p_Result_2_reg_741                       |   32|   0|   32|          0|
    |p_Result_3_reg_746                       |   32|   0|   32|          0|
    |p_Result_4_reg_751                       |   32|   0|   32|          0|
    |p_Result_5_reg_756                       |   32|   0|   32|          0|
    |p_Result_6_reg_761                       |   32|   0|   32|          0|
    |p_Result_7_reg_766                       |   32|   0|   32|          0|
    |p_Result_8_reg_771                       |   32|   0|   32|          0|
    |p_Result_9_reg_776                       |   32|   0|   32|          0|
    |p_Result_s_reg_781                       |   32|   0|   32|          0|
    |sum_reg_705                              |   59|   0|   59|          0|
    |tmp_1_reg_716                            |    1|   0|    1|          0|
    |tmp_2_reg_725                            |   12|   0|   12|          0|
    |tmp_9_reg_811                            |   12|   0|   15|          3|
    |tmp_reg_731                              |   32|   0|   32|          0|
    +-----------------------------------------+-----+----+-----+-----------+
    |Total                                    |  807|   0| 1018|        211|
    +-----------------------------------------+-----+----+-----+-----------+



================================================================
== Interface
================================================================
* Summary: 
+-----------------------+-----+-----+------------+--------------+--------------+
|       RTL Ports       | Dir | Bits|  Protocol  | Source Object|    C Type    |
+-----------------------+-----+-----+------------+--------------+--------------+
|ap_clk                 |  in |    1| ap_ctrl_hs |     load     | return value |
|ap_rst                 |  in |    1| ap_ctrl_hs |     load     | return value |
|ap_start               |  in |    1| ap_ctrl_hs |     load     | return value |
|ap_done                | out |    1| ap_ctrl_hs |     load     | return value |
|ap_idle                | out |    1| ap_ctrl_hs |     load     | return value |
|ap_ready               | out |    1| ap_ctrl_hs |     load     | return value |
|load_flag              |  in |    1|   ap_none  |   load_flag  |    scalar    |
|to_0_address0          | out |   15|  ap_memory |     to_0     |     array    |
|to_0_ce0               | out |    1|  ap_memory |     to_0     |     array    |
|to_0_we0               | out |    1|  ap_memory |     to_0     |     array    |
|to_0_d0                | out |   32|  ap_memory |     to_0     |     array    |
|to_0_address1          | out |   15|  ap_memory |     to_0     |     array    |
|to_0_ce1               | out |    1|  ap_memory |     to_0     |     array    |
|to_0_we1               | out |    1|  ap_memory |     to_0     |     array    |
|to_0_d1                | out |   32|  ap_memory |     to_0     |     array    |
|to_1_address0          | out |   15|  ap_memory |     to_1     |     array    |
|to_1_ce0               | out |    1|  ap_memory |     to_1     |     array    |
|to_1_we0               | out |    1|  ap_memory |     to_1     |     array    |
|to_1_d0                | out |   32|  ap_memory |     to_1     |     array    |
|to_1_address1          | out |   15|  ap_memory |     to_1     |     array    |
|to_1_ce1               | out |    1|  ap_memory |     to_1     |     array    |
|to_1_we1               | out |    1|  ap_memory |     to_1     |     array    |
|to_1_d1                | out |   32|  ap_memory |     to_1     |     array    |
|m_axi_from_V_AWVALID   | out |    1|    m_axi   |    from_V    |    pointer   |
|m_axi_from_V_AWREADY   |  in |    1|    m_axi   |    from_V    |    pointer   |
|m_axi_from_V_AWADDR    | out |   64|    m_axi   |    from_V    |    pointer   |
|m_axi_from_V_AWID      | out |    1|    m_axi   |    from_V    |    pointer   |
|m_axi_from_V_AWLEN     | out |   32|    m_axi   |    from_V    |    pointer   |
|m_axi_from_V_AWSIZE    | out |    3|    m_axi   |    from_V    |    pointer   |
|m_axi_from_V_AWBURST   | out |    2|    m_axi   |    from_V    |    pointer   |
|m_axi_from_V_AWLOCK    | out |    2|    m_axi   |    from_V    |    pointer   |
|m_axi_from_V_AWCACHE   | out |    4|    m_axi   |    from_V    |    pointer   |
|m_axi_from_V_AWPROT    | out |    3|    m_axi   |    from_V    |    pointer   |
|m_axi_from_V_AWQOS     | out |    4|    m_axi   |    from_V    |    pointer   |
|m_axi_from_V_AWREGION  | out |    4|    m_axi   |    from_V    |    pointer   |
|m_axi_from_V_AWUSER    | out |    1|    m_axi   |    from_V    |    pointer   |
|m_axi_from_V_WVALID    | out |    1|    m_axi   |    from_V    |    pointer   |
|m_axi_from_V_WREADY    |  in |    1|    m_axi   |    from_V    |    pointer   |
|m_axi_from_V_WDATA     | out |  512|    m_axi   |    from_V    |    pointer   |
|m_axi_from_V_WSTRB     | out |   64|    m_axi   |    from_V    |    pointer   |
|m_axi_from_V_WLAST     | out |    1|    m_axi   |    from_V    |    pointer   |
|m_axi_from_V_WID       | out |    1|    m_axi   |    from_V    |    pointer   |
|m_axi_from_V_WUSER     | out |    1|    m_axi   |    from_V    |    pointer   |
|m_axi_from_V_ARVALID   | out |    1|    m_axi   |    from_V    |    pointer   |
|m_axi_from_V_ARREADY   |  in |    1|    m_axi   |    from_V    |    pointer   |
|m_axi_from_V_ARADDR    | out |   64|    m_axi   |    from_V    |    pointer   |
|m_axi_from_V_ARID      | out |    1|    m_axi   |    from_V    |    pointer   |
|m_axi_from_V_ARLEN     | out |   32|    m_axi   |    from_V    |    pointer   |
|m_axi_from_V_ARSIZE    | out |    3|    m_axi   |    from_V    |    pointer   |
|m_axi_from_V_ARBURST   | out |    2|    m_axi   |    from_V    |    pointer   |
|m_axi_from_V_ARLOCK    | out |    2|    m_axi   |    from_V    |    pointer   |
|m_axi_from_V_ARCACHE   | out |    4|    m_axi   |    from_V    |    pointer   |
|m_axi_from_V_ARPROT    | out |    3|    m_axi   |    from_V    |    pointer   |
|m_axi_from_V_ARQOS     | out |    4|    m_axi   |    from_V    |    pointer   |
|m_axi_from_V_ARREGION  | out |    4|    m_axi   |    from_V    |    pointer   |
|m_axi_from_V_ARUSER    | out |    1|    m_axi   |    from_V    |    pointer   |
|m_axi_from_V_RVALID    |  in |    1|    m_axi   |    from_V    |    pointer   |
|m_axi_from_V_RREADY    | out |    1|    m_axi   |    from_V    |    pointer   |
|m_axi_from_V_RDATA     |  in |  512|    m_axi   |    from_V    |    pointer   |
|m_axi_from_V_RLAST     |  in |    1|    m_axi   |    from_V    |    pointer   |
|m_axi_from_V_RID       |  in |    1|    m_axi   |    from_V    |    pointer   |
|m_axi_from_V_RUSER     |  in |    1|    m_axi   |    from_V    |    pointer   |
|m_axi_from_V_RRESP     |  in |    2|    m_axi   |    from_V    |    pointer   |
|m_axi_from_V_BVALID    |  in |    1|    m_axi   |    from_V    |    pointer   |
|m_axi_from_V_BREADY    | out |    1|    m_axi   |    from_V    |    pointer   |
|m_axi_from_V_BRESP     |  in |    2|    m_axi   |    from_V    |    pointer   |
|m_axi_from_V_BID       |  in |    1|    m_axi   |    from_V    |    pointer   |
|m_axi_from_V_BUSER     |  in |    1|    m_axi   |    from_V    |    pointer   |
|var_input_V3           |  in |   58|   ap_none  | var_input_V3 |    scalar    |
|tile_index             |  in |   31|   ap_none  |  tile_index  |    scalar    |
+-----------------------+-----+-----+------------+--------------+--------------+

