

================================================================
== Vivado HLS Report for 'compute'
================================================================
* Date:           Sat Apr 15 13:47:35 2017

* Version:        2016.3 (Build 1721985 on Tue Nov 29 18:45:36 MST 2016)
* Project:        sharpen_kernel
* Solution:       solution_OCL_REGION_0
* Product family: virtex7
* Target device:  xc7vx690tffg1157-2


================================================================
== Performance Estimates
================================================================
+ Timing (ns): 
    * Summary: 
    +--------+-------+----------+------------+
    |  Clock | Target| Estimated| Uncertainty|
    +--------+-------+----------+------------+
    |ap_clk  |   5.00|      3.42|        1.35|
    +--------+-------+----------+------------+

+ Latency (clock cycles): 
    * Summary: 
    +-----+-----+-----+-----+---------+
    |  Latency  |  Interval | Pipeline|
    | min | max | min | max |   Type  |
    +-----+-----+-----+-----+---------+
    |    1|  306|    1|  306|   none  |
    +-----+-----+-----+-----+---------+

    + Detail: 
        * Instance: 
        N/A

        * Loop: 
        +----------+-----+-----+----------+-----------+-----------+------+----------+
        |          |  Latency  | Iteration|  Initiation Interval  | Trip |          |
        | Loop Name| min | max |  Latency |  achieved |   target  | Count| Pipelined|
        +----------+-----+-----+----------+-----------+-----------+------+----------+
        |- Loop 1  |  268|  268|         5|          1|          1|   265|    yes   |
        +----------+-----+-----+----------+-----------+-----------+------+----------+



================================================================
== Utilization Estimates
================================================================
* Summary: 
+-----------------+---------+-------+--------+--------+
|       Name      | BRAM_18K| DSP48E|   FF   |   LUT  |
+-----------------+---------+-------+--------+--------+
|DSP              |        -|      -|       -|       -|
|Expression       |        -|      -|       0|    3405|
|FIFO             |        -|      -|       -|       -|
|Instance         |        -|      -|     576|     640|
|Memory           |        -|      -|       -|       -|
|Multiplexer      |        -|      -|       -|      84|
|Register         |        -|      -|    4033|      26|
+-----------------+---------+-------+--------+--------+
|Total            |        0|      0|    4609|    4155|
+-----------------+---------+-------+--------+--------+
|Available        |     2940|   3600|  866400|  433200|
+-----------------+---------+-------+--------+--------+
|Utilization (%)  |        0|      0|   ~0   |   ~0   |
+-----------------+---------+-------+--------+--------+

+ Detail: 
    * Instance: 
    +---------------------------------------------+-----------------------------------------+---------+-------+-----+-----+
    |                   Instance                  |                  Module                 | BRAM_18K| DSP48E|  FF | LUT |
    +---------------------------------------------+-----------------------------------------+---------+-------+-----+-----+
    |sharpen_kernel_sdiv_32ns_32ns_32_36_seq_U22  |sharpen_kernel_sdiv_32ns_32ns_32_36_seq  |        0|      0|  288|  320|
    |sharpen_kernel_srem_32ns_32ns_32_36_seq_U21  |sharpen_kernel_srem_32ns_32ns_32_36_seq  |        0|      0|  288|  320|
    +---------------------------------------------+-----------------------------------------+---------+-------+-----+-----+
    |Total                                        |                                         |        0|      0|  576|  640|
    +---------------------------------------------+-----------------------------------------+---------+-------+-----+-----+

    * DSP48: 
    N/A

    * Memory: 
    N/A

    * FIFO: 
    N/A

    * Expression: 
    +---------------------------------+----------+-------+---+----+------------+------------+
    |          Variable Name          | Operation| DSP48E| FF| LUT| Bitwidth P0| Bitwidth P1|
    +---------------------------------+----------+-------+---+----+------------+------------+
    |assign_97_10_fu_4128_p2          |     +    |      0|  0|  16|          16|          16|
    |assign_97_11_fu_4188_p2          |     +    |      0|  0|  16|          16|          16|
    |assign_97_12_fu_4248_p2          |     +    |      0|  0|  16|          16|          16|
    |assign_97_13_fu_4308_p2          |     +    |      0|  0|  16|          16|          16|
    |assign_97_14_fu_4368_p2          |     +    |      0|  0|  16|          16|          16|
    |assign_97_1_fu_3528_p2           |     +    |      0|  0|  16|          16|          16|
    |assign_97_2_fu_3588_p2           |     +    |      0|  0|  16|          16|          16|
    |assign_97_3_fu_3648_p2           |     +    |      0|  0|  16|          16|          16|
    |assign_97_4_fu_3708_p2           |     +    |      0|  0|  16|          16|          16|
    |assign_97_5_fu_3768_p2           |     +    |      0|  0|  16|          16|          16|
    |assign_97_6_fu_3828_p2           |     +    |      0|  0|  16|          16|          16|
    |assign_97_7_fu_3888_p2           |     +    |      0|  0|  16|          16|          16|
    |assign_97_8_fu_3948_p2           |     +    |      0|  0|  16|          16|          16|
    |assign_97_9_fu_4008_p2           |     +    |      0|  0|  16|          16|          16|
    |assign_97_s_fu_4068_p2           |     +    |      0|  0|  16|          16|          16|
    |assign_s_fu_4417_p2              |     +    |      0|  0|  16|          16|          16|
    |input_index_1_fu_1221_p2         |     +    |      0|  0|   9|           9|           1|
    |output_index_10_fu_1983_p2       |     +    |      0|  0|  13|          13|           8|
    |output_index_11_fu_2041_p2       |     +    |      0|  0|  13|          13|           8|
    |output_index_12_fu_2099_p2       |     +    |      0|  0|  13|          13|           8|
    |output_index_13_fu_2157_p2       |     +    |      0|  0|  13|          13|           8|
    |output_index_1_fu_1925_p2        |     +    |      0|  0|  13|          13|           8|
    |output_index_2_fu_1403_p2        |     +    |      0|  0|  13|          13|           8|
    |output_index_3_fu_1461_p2        |     +    |      0|  0|  13|          13|           8|
    |output_index_4_fu_1519_p2        |     +    |      0|  0|  13|          13|           8|
    |output_index_5_fu_1577_p2        |     +    |      0|  0|  13|          13|           8|
    |output_index_6_fu_1635_p2        |     +    |      0|  0|  13|          13|           8|
    |output_index_7_fu_1693_p2        |     +    |      0|  0|  13|          13|           8|
    |output_index_8_fu_1751_p2        |     +    |      0|  0|  13|          13|           8|
    |output_index_9_fu_1809_p2        |     +    |      0|  0|  13|          13|           8|
    |output_index_cp_fu_4432_p2       |     +    |      0|  0|  13|           9|          13|
    |output_index_s_fu_1867_p2        |     +    |      0|  0|  13|          13|           8|
    |p_10_fu_1968_p2                  |     +    |      0|  0|  32|          32|          32|
    |p_11_fu_2026_p2                  |     +    |      0|  0|  32|          32|          32|
    |p_12_fu_2084_p2                  |     +    |      0|  0|  32|          32|          32|
    |p_13_fu_2142_p2                  |     +    |      0|  0|  32|          32|          32|
    |p_14_fu_2200_p2                  |     +    |      0|  0|  32|          32|          32|
    |p_1_fu_1388_p2                   |     +    |      0|  0|  32|          32|          32|
    |p_2_fu_1446_p2                   |     +    |      0|  0|  32|          32|          32|
    |p_3_fu_1504_p2                   |     +    |      0|  0|  32|          32|          32|
    |p_4_fu_1562_p2                   |     +    |      0|  0|  32|          32|          32|
    |p_5_fu_1620_p2                   |     +    |      0|  0|  32|          32|          32|
    |p_6_fu_1678_p2                   |     +    |      0|  0|  32|          32|          32|
    |p_7_fu_1736_p2                   |     +    |      0|  0|  32|          32|          32|
    |p_8_fu_1794_p2                   |     +    |      0|  0|  32|          32|          32|
    |p_9_fu_1852_p2                   |     +    |      0|  0|  32|          32|          32|
    |p_fu_3461_p2                     |     +    |      0|  0|  32|          32|          32|
    |p_s_fu_1910_p2                   |     +    |      0|  0|  32|          32|          32|
    |q_10_fu_1963_p2                  |     +    |      0|  0|  32|          32|          32|
    |q_11_fu_2021_p2                  |     +    |      0|  0|  32|          32|          32|
    |q_12_fu_2079_p2                  |     +    |      0|  0|  32|          32|          32|
    |q_13_fu_2137_p2                  |     +    |      0|  0|  32|          32|          32|
    |q_14_fu_2195_p2                  |     +    |      0|  0|  32|          32|          32|
    |q_1_fu_1383_p2                   |     +    |      0|  0|  32|          32|          32|
    |q_2_fu_1441_p2                   |     +    |      0|  0|  32|          32|          32|
    |q_3_fu_1499_p2                   |     +    |      0|  0|  32|          32|          32|
    |q_4_fu_1557_p2                   |     +    |      0|  0|  32|          32|          32|
    |q_5_fu_1615_p2                   |     +    |      0|  0|  32|          32|          32|
    |q_6_fu_1673_p2                   |     +    |      0|  0|  32|          32|          32|
    |q_7_fu_1731_p2                   |     +    |      0|  0|  32|          32|          32|
    |q_8_fu_1789_p2                   |     +    |      0|  0|  32|          32|          32|
    |q_9_fu_1847_p2                   |     +    |      0|  0|  32|          32|          32|
    |q_fu_3456_p2                     |     +    |      0|  0|  32|          32|          32|
    |q_s_fu_1905_p2                   |     +    |      0|  0|  32|          32|          32|
    |sum_10_fu_4134_p2                |     +    |      0|  0|   8|          16|          16|
    |sum_11_fu_4194_p2                |     +    |      0|  0|   8|          16|          16|
    |sum_12_fu_4254_p2                |     +    |      0|  0|   8|          16|          16|
    |sum_13_fu_4314_p2                |     +    |      0|  0|   8|          16|          16|
    |sum_14_fu_4374_p2                |     +    |      0|  0|   8|          16|          16|
    |sum_1_fu_3534_p2                 |     +    |      0|  0|   8|          16|          16|
    |sum_2_fu_3594_p2                 |     +    |      0|  0|   8|          16|          16|
    |sum_3_fu_3654_p2                 |     +    |      0|  0|   8|          16|          16|
    |sum_4_fu_3714_p2                 |     +    |      0|  0|   8|          16|          16|
    |sum_5_fu_3774_p2                 |     +    |      0|  0|   8|          16|          16|
    |sum_6_fu_3834_p2                 |     +    |      0|  0|   8|          16|          16|
    |sum_7_fu_3894_p2                 |     +    |      0|  0|   8|          16|          16|
    |sum_8_fu_3954_p2                 |     +    |      0|  0|   8|          16|          16|
    |sum_9_fu_4014_p2                 |     +    |      0|  0|   8|          16|          16|
    |sum_fu_4422_p2                   |     +    |      0|  0|   8|          16|          16|
    |sum_s_fu_4074_p2                 |     +    |      0|  0|   8|          16|          16|
    |tmp_1_fu_1207_p2                 |     +    |      0|  0|  32|          32|          32|
    |tmp_2_fu_1211_p2                 |     +    |      0|  0|  32|          32|          32|
    |tmp_7_fu_1283_p2                 |     +    |      0|  0|  13|          13|           9|
    |tmp_8_fu_1297_p2                 |     +    |      0|  0|  13|          13|           9|
    |assign_110_10_fu_4140_p2         |     -    |      0|  0|   8|          16|          16|
    |assign_110_11_fu_4200_p2         |     -    |      0|  0|   8|          16|          16|
    |assign_110_12_fu_4260_p2         |     -    |      0|  0|   8|          16|          16|
    |assign_110_13_fu_4320_p2         |     -    |      0|  0|   8|          16|          16|
    |assign_110_14_fu_4380_p2         |     -    |      0|  0|   8|          16|          16|
    |assign_110_1_fu_3540_p2          |     -    |      0|  0|   8|          16|          16|
    |assign_110_2_fu_3600_p2          |     -    |      0|  0|   8|          16|          16|
    |assign_110_3_fu_3660_p2          |     -    |      0|  0|   8|          16|          16|
    |assign_110_4_fu_3720_p2          |     -    |      0|  0|   8|          16|          16|
    |assign_110_5_fu_3780_p2          |     -    |      0|  0|   8|          16|          16|
    |assign_110_6_fu_3840_p2          |     -    |      0|  0|   8|          16|          16|
    |assign_110_7_fu_3900_p2          |     -    |      0|  0|   8|          16|          16|
    |assign_110_8_fu_3960_p2          |     -    |      0|  0|   8|          16|          16|
    |assign_110_9_fu_4020_p2          |     -    |      0|  0|   8|          16|          16|
    |assign_110_s_fu_4080_p2          |     -    |      0|  0|   8|          16|          16|
    |assign_112_10_fu_4537_p2         |     -    |      0|  0|   8|          16|          16|
    |assign_112_11_fu_4546_p2         |     -    |      0|  0|   8|          16|          16|
    |assign_112_12_fu_4555_p2         |     -    |      0|  0|   8|          16|          16|
    |assign_112_13_fu_4564_p2         |     -    |      0|  0|   8|          16|          16|
    |assign_112_14_fu_4573_p2         |     -    |      0|  0|   8|          16|          16|
    |assign_112_1_fu_4447_p2          |     -    |      0|  0|   8|          16|          16|
    |assign_112_2_fu_4456_p2          |     -    |      0|  0|   8|          16|          16|
    |assign_112_3_fu_4465_p2          |     -    |      0|  0|   8|          16|          16|
    |assign_112_4_fu_4474_p2          |     -    |      0|  0|   8|          16|          16|
    |assign_112_5_fu_4483_p2          |     -    |      0|  0|   8|          16|          16|
    |assign_112_6_fu_4492_p2          |     -    |      0|  0|   8|          16|          16|
    |assign_112_7_fu_4501_p2          |     -    |      0|  0|   8|          16|          16|
    |assign_112_8_fu_4510_p2          |     -    |      0|  0|   8|          16|          16|
    |assign_112_9_fu_4519_p2          |     -    |      0|  0|   8|          16|          16|
    |assign_112_s_fu_4528_p2          |     -    |      0|  0|   8|          16|          16|
    |assign_115_10_fu_4541_p2         |     -    |      0|  0|   8|          16|          16|
    |assign_115_11_fu_4550_p2         |     -    |      0|  0|   8|          16|          16|
    |assign_115_12_fu_4559_p2         |     -    |      0|  0|   8|          16|          16|
    |assign_115_13_fu_4568_p2         |     -    |      0|  0|   8|          16|          16|
    |assign_115_14_fu_4577_p2         |     -    |      0|  0|   8|          16|          16|
    |assign_115_1_fu_4451_p2          |     -    |      0|  0|   8|          16|          16|
    |assign_115_2_fu_4460_p2          |     -    |      0|  0|   8|          16|          16|
    |assign_115_3_fu_4469_p2          |     -    |      0|  0|   8|          16|          16|
    |assign_115_4_fu_4478_p2          |     -    |      0|  0|   8|          16|          16|
    |assign_115_5_fu_4487_p2          |     -    |      0|  0|   8|          16|          16|
    |assign_115_6_fu_4496_p2          |     -    |      0|  0|   8|          16|          16|
    |assign_115_7_fu_4505_p2          |     -    |      0|  0|   8|          16|          16|
    |assign_115_8_fu_4514_p2          |     -    |      0|  0|   8|          16|          16|
    |assign_115_9_fu_4523_p2          |     -    |      0|  0|   8|          16|          16|
    |assign_115_s_fu_4532_p2          |     -    |      0|  0|   8|          16|          16|
    |assign_1_fu_4426_p2              |     -    |      0|  0|   8|          16|          16|
    |assign_2_fu_4582_p2              |     -    |      0|  0|   8|          16|          16|
    |assign_3_fu_4586_p2              |     -    |      0|  0|   8|          16|          16|
    |p_neg1_fu_1309_p2                |     -    |      0|  0|  13|           8|          13|
    |p_neg_t2_fu_1327_p2              |     -    |      0|  0|  13|           1|          13|
    |p_neg_t_fu_1351_p2               |     -    |      0|  0|  10|           1|          10|
    |tmp_fu_1185_p2                   |     -    |      0|  0|  32|          32|          32|
    |tmp_s_fu_1201_p2                 |     -    |      0|  0|  32|          32|          32|
    |or_cond7_10_fu_4116_p2           |    and   |      0|  0|   1|           1|           1|
    |or_cond7_11_fu_4176_p2           |    and   |      0|  0|   1|           1|           1|
    |or_cond7_12_fu_4236_p2           |    and   |      0|  0|   1|           1|           1|
    |or_cond7_13_fu_4296_p2           |    and   |      0|  0|   1|           1|           1|
    |or_cond7_14_fu_4356_p2           |    and   |      0|  0|   1|           1|           1|
    |or_cond7_1_fu_3516_p2            |    and   |      0|  0|   1|           1|           1|
    |or_cond7_2_fu_3576_p2            |    and   |      0|  0|   1|           1|           1|
    |or_cond7_3_fu_3636_p2            |    and   |      0|  0|   1|           1|           1|
    |or_cond7_4_fu_3696_p2            |    and   |      0|  0|   1|           1|           1|
    |or_cond7_5_fu_3756_p2            |    and   |      0|  0|   1|           1|           1|
    |or_cond7_6_fu_3816_p2            |    and   |      0|  0|   1|           1|           1|
    |or_cond7_7_fu_3876_p2            |    and   |      0|  0|   1|           1|           1|
    |or_cond7_8_fu_3936_p2            |    and   |      0|  0|   1|           1|           1|
    |or_cond7_9_fu_3996_p2            |    and   |      0|  0|   1|           1|           1|
    |or_cond7_fu_4406_p2              |    and   |      0|  0|   1|           1|           1|
    |or_cond7_s_fu_4056_p2            |    and   |      0|  0|   1|           1|           1|
    |tmp10_fu_3691_p2                 |    and   |      0|  0|   1|           1|           1|
    |tmp11_fu_3745_p2                 |    and   |      0|  0|   1|           1|           1|
    |tmp12_fu_3751_p2                 |    and   |      0|  0|   1|           1|           1|
    |tmp13_fu_3805_p2                 |    and   |      0|  0|   1|           1|           1|
    |tmp14_fu_3811_p2                 |    and   |      0|  0|   1|           1|           1|
    |tmp15_fu_3865_p2                 |    and   |      0|  0|   1|           1|           1|
    |tmp16_fu_3871_p2                 |    and   |      0|  0|   1|           1|           1|
    |tmp17_fu_3925_p2                 |    and   |      0|  0|   1|           1|           1|
    |tmp18_fu_3931_p2                 |    and   |      0|  0|   1|           1|           1|
    |tmp19_fu_3985_p2                 |    and   |      0|  0|   1|           1|           1|
    |tmp1_fu_4396_p2                  |    and   |      0|  0|   1|           1|           1|
    |tmp20_fu_3991_p2                 |    and   |      0|  0|   1|           1|           1|
    |tmp21_fu_4045_p2                 |    and   |      0|  0|   1|           1|           1|
    |tmp22_fu_4051_p2                 |    and   |      0|  0|   1|           1|           1|
    |tmp23_fu_4105_p2                 |    and   |      0|  0|   1|           1|           1|
    |tmp24_fu_4111_p2                 |    and   |      0|  0|   1|           1|           1|
    |tmp25_fu_4165_p2                 |    and   |      0|  0|   1|           1|           1|
    |tmp26_fu_4171_p2                 |    and   |      0|  0|   1|           1|           1|
    |tmp27_fu_4225_p2                 |    and   |      0|  0|   1|           1|           1|
    |tmp28_fu_4231_p2                 |    and   |      0|  0|   1|           1|           1|
    |tmp29_fu_4285_p2                 |    and   |      0|  0|   1|           1|           1|
    |tmp2_fu_4402_p2                  |    and   |      0|  0|   1|           1|           1|
    |tmp30_fu_4291_p2                 |    and   |      0|  0|   1|           1|           1|
    |tmp31_fu_4345_p2                 |    and   |      0|  0|   1|           1|           1|
    |tmp32_fu_4351_p2                 |    and   |      0|  0|   1|           1|           1|
    |tmp3_fu_3505_p2                  |    and   |      0|  0|   1|           1|           1|
    |tmp4_fu_3511_p2                  |    and   |      0|  0|   1|           1|           1|
    |tmp5_fu_3565_p2                  |    and   |      0|  0|   1|           1|           1|
    |tmp6_fu_3571_p2                  |    and   |      0|  0|   1|           1|           1|
    |tmp7_fu_3625_p2                  |    and   |      0|  0|   1|           1|           1|
    |tmp8_fu_3631_p2                  |    and   |      0|  0|   1|           1|           1|
    |tmp9_fu_3685_p2                  |    and   |      0|  0|   1|           1|           1|
    |exitcond3_fu_1215_p2             |   icmp   |      0|  0|   3|           9|           9|
    |icmp_fu_1277_p2                  |   icmp   |      0|  0|   3|           6|           1|
    |slt10_fu_1625_p2                 |   icmp   |      0|  0|  11|          32|          32|
    |slt11_fu_3731_p2                 |   icmp   |      0|  0|  11|          32|          32|
    |slt12_fu_1683_p2                 |   icmp   |      0|  0|  11|          32|          32|
    |slt13_fu_3791_p2                 |   icmp   |      0|  0|  11|          32|          32|
    |slt14_fu_1741_p2                 |   icmp   |      0|  0|  11|          32|          32|
    |slt15_fu_3851_p2                 |   icmp   |      0|  0|  11|          32|          32|
    |slt16_fu_1799_p2                 |   icmp   |      0|  0|  11|          32|          32|
    |slt17_fu_3911_p2                 |   icmp   |      0|  0|  11|          32|          32|
    |slt18_fu_1857_p2                 |   icmp   |      0|  0|  11|          32|          32|
    |slt19_fu_3971_p2                 |   icmp   |      0|  0|  11|          32|          32|
    |slt1_fu_3471_p2                  |   icmp   |      0|  0|  11|          32|          32|
    |slt20_fu_1915_p2                 |   icmp   |      0|  0|  11|          32|          32|
    |slt21_fu_4031_p2                 |   icmp   |      0|  0|  11|          32|          32|
    |slt22_fu_1973_p2                 |   icmp   |      0|  0|  11|          32|          32|
    |slt23_fu_4091_p2                 |   icmp   |      0|  0|  11|          32|          32|
    |slt24_fu_2031_p2                 |   icmp   |      0|  0|  11|          32|          32|
    |slt25_fu_4151_p2                 |   icmp   |      0|  0|  11|          32|          32|
    |slt26_fu_2089_p2                 |   icmp   |      0|  0|  11|          32|          32|
    |slt27_fu_4211_p2                 |   icmp   |      0|  0|  11|          32|          32|
    |slt28_fu_2147_p2                 |   icmp   |      0|  0|  11|          32|          32|
    |slt29_fu_4271_p2                 |   icmp   |      0|  0|  11|          32|          32|
    |slt2_fu_1393_p2                  |   icmp   |      0|  0|  11|          32|          32|
    |slt30_fu_2205_p2                 |   icmp   |      0|  0|  11|          32|          32|
    |slt31_fu_4331_p2                 |   icmp   |      0|  0|  11|          32|          32|
    |slt3_fu_3491_p2                  |   icmp   |      0|  0|  11|          32|          32|
    |slt4_fu_1451_p2                  |   icmp   |      0|  0|  11|          32|          32|
    |slt5_fu_3551_p2                  |   icmp   |      0|  0|  11|          32|          32|
    |slt6_fu_1509_p2                  |   icmp   |      0|  0|  11|          32|          32|
    |slt7_fu_3611_p2                  |   icmp   |      0|  0|  11|          32|          32|
    |slt8_fu_1567_p2                  |   icmp   |      0|  0|  11|          32|          32|
    |slt9_fu_3671_p2                  |   icmp   |      0|  0|  11|          32|          32|
    |slt_fu_3466_p2                   |   icmp   |      0|  0|  11|          32|          32|
    |tmp_12_fu_3476_p2                |   icmp   |      0|  0|  11|          32|          32|
    |tmp_13_fu_3481_p2                |   icmp   |      0|  0|  11|          32|          32|
    |tmp_56_10_fu_1978_p2             |   icmp   |      0|  0|  11|          32|          32|
    |tmp_56_11_fu_2036_p2             |   icmp   |      0|  0|  11|          32|          32|
    |tmp_56_12_fu_2094_p2             |   icmp   |      0|  0|  11|          32|          32|
    |tmp_56_13_fu_2152_p2             |   icmp   |      0|  0|  11|          32|          32|
    |tmp_56_14_fu_2210_p2             |   icmp   |      0|  0|  11|          32|          32|
    |tmp_56_1_fu_1398_p2              |   icmp   |      0|  0|  11|          32|          32|
    |tmp_56_2_fu_1456_p2              |   icmp   |      0|  0|  11|          32|          32|
    |tmp_56_3_fu_1514_p2              |   icmp   |      0|  0|  11|          32|          32|
    |tmp_56_4_fu_1572_p2              |   icmp   |      0|  0|  11|          32|          32|
    |tmp_56_5_fu_1630_p2              |   icmp   |      0|  0|  11|          32|          32|
    |tmp_56_6_fu_1688_p2              |   icmp   |      0|  0|  11|          32|          32|
    |tmp_56_7_fu_1746_p2              |   icmp   |      0|  0|  11|          32|          32|
    |tmp_56_8_fu_1804_p2              |   icmp   |      0|  0|  11|          32|          32|
    |tmp_56_9_fu_1862_p2              |   icmp   |      0|  0|  11|          32|          32|
    |tmp_56_s_fu_1920_p2              |   icmp   |      0|  0|  11|          32|          32|
    |tmp_57_10_fu_4101_p2             |   icmp   |      0|  0|  11|          32|          32|
    |tmp_57_11_fu_4161_p2             |   icmp   |      0|  0|  11|          32|          32|
    |tmp_57_12_fu_4221_p2             |   icmp   |      0|  0|  11|          32|          32|
    |tmp_57_13_fu_4281_p2             |   icmp   |      0|  0|  11|          32|          32|
    |tmp_57_14_fu_4341_p2             |   icmp   |      0|  0|  11|          32|          32|
    |tmp_57_1_fu_3501_p2              |   icmp   |      0|  0|  11|          32|          32|
    |tmp_57_2_fu_3561_p2              |   icmp   |      0|  0|  11|          32|          32|
    |tmp_57_3_fu_3621_p2              |   icmp   |      0|  0|  11|          32|          32|
    |tmp_57_4_fu_3681_p2              |   icmp   |      0|  0|  11|          32|          32|
    |tmp_57_5_fu_3741_p2              |   icmp   |      0|  0|  11|          32|          32|
    |tmp_57_6_fu_3801_p2              |   icmp   |      0|  0|  11|          32|          32|
    |tmp_57_7_fu_3861_p2              |   icmp   |      0|  0|  11|          32|          32|
    |tmp_57_8_fu_3921_p2              |   icmp   |      0|  0|  11|          32|          32|
    |tmp_57_9_fu_3981_p2              |   icmp   |      0|  0|  11|          32|          32|
    |tmp_57_s_fu_4041_p2              |   icmp   |      0|  0|  11|          32|          32|
    |tmp_6_fu_1303_p2                 |   icmp   |      0|  0|   5|          13|           1|
    |ap_enable_pp0                    |    or    |      0|  0|   1|           1|           1|
    |output_index_10_cast_fu_1989_p2  |    or    |      0|  0|   8|           6|           4|
    |output_index_11_cast_fu_2047_p2  |    or    |      0|  0|   8|           6|           4|
    |output_index_12_cast_fu_2105_p2  |    or    |      0|  0|   8|           6|           4|
    |output_index_13_cast_fu_2163_p2  |    or    |      0|  0|   8|           6|           4|
    |output_index_1_cast_fu_1931_p2   |    or    |      0|  0|   8|           6|           4|
    |output_index_2_cast_fu_1409_p2   |    or    |      0|  0|   8|           6|           1|
    |output_index_3_cast_fu_1467_p2   |    or    |      0|  0|   8|           6|           2|
    |output_index_4_cast_fu_1525_p2   |    or    |      0|  0|   8|           6|           2|
    |output_index_5_cast_fu_1583_p2   |    or    |      0|  0|   8|           6|           3|
    |output_index_6_cast_fu_1641_p2   |    or    |      0|  0|   8|           6|           3|
    |output_index_7_cast_fu_1699_p2   |    or    |      0|  0|   8|           6|           3|
    |output_index_8_cast_fu_1757_p2   |    or    |      0|  0|   8|           6|           3|
    |output_index_9_cast_fu_1815_p2   |    or    |      0|  0|   8|           6|           4|
    |output_index_cast_fu_1873_p2     |    or    |      0|  0|   8|           6|           4|
    |i_fu_3417_p3                     |  select  |      0|  0|  13|           1|          13|
    |stencil_buf_0_9_2_fu_3312_p3     |  select  |      0|  0|  16|           1|          16|
    |stencil_buf_10_8_2_fu_3270_p3    |  select  |      0|  0|  16|           1|          16|
    |stencil_buf_11_8_2_fu_3277_p3    |  select  |      0|  0|  16|           1|          16|
    |stencil_buf_12_8_2_fu_3284_p3    |  select  |      0|  0|  16|           1|          16|
    |stencil_buf_13_8_2_fu_3291_p3    |  select  |      0|  0|  16|           1|          16|
    |stencil_buf_14_8_2_fu_3298_p3    |  select  |      0|  0|  16|           1|          16|
    |stencil_buf_15_8_2_fu_3305_p3    |  select  |      0|  0|  16|           1|          16|
    |stencil_buf_1_8_2_fu_3207_p3     |  select  |      0|  0|  16|           1|          16|
    |stencil_buf_2_8_2_fu_3214_p3     |  select  |      0|  0|  16|           1|          16|
    |stencil_buf_3_8_2_fu_3221_p3     |  select  |      0|  0|  16|           1|          16|
    |stencil_buf_4_8_2_fu_3228_p3     |  select  |      0|  0|  16|           1|          16|
    |stencil_buf_5_8_2_fu_3235_p3     |  select  |      0|  0|  16|           1|          16|
    |stencil_buf_6_8_2_fu_3242_p3     |  select  |      0|  0|  16|           1|          16|
    |stencil_buf_7_8_2_fu_3249_p3     |  select  |      0|  0|  16|           1|          16|
    |stencil_buf_8_8_2_fu_3256_p3     |  select  |      0|  0|  16|           1|          16|
    |stencil_buf_9_8_2_fu_3263_p3     |  select  |      0|  0|  16|           1|          16|
    |tmp_11_fu_3445_p3                |  select  |      0|  0|  10|           1|          10|
    |rev10_fu_3726_p2                 |    xor   |      0|  0|   2|           1|           2|
    |rev11_fu_3735_p2                 |    xor   |      0|  0|   2|           1|           2|
    |rev12_fu_3786_p2                 |    xor   |      0|  0|   2|           1|           2|
    |rev13_fu_3795_p2                 |    xor   |      0|  0|   2|           1|           2|
    |rev14_fu_3846_p2                 |    xor   |      0|  0|   2|           1|           2|
    |rev15_fu_3855_p2                 |    xor   |      0|  0|   2|           1|           2|
    |rev16_fu_3906_p2                 |    xor   |      0|  0|   2|           1|           2|
    |rev17_fu_3915_p2                 |    xor   |      0|  0|   2|           1|           2|
    |rev18_fu_3966_p2                 |    xor   |      0|  0|   2|           1|           2|
    |rev19_fu_3975_p2                 |    xor   |      0|  0|   2|           1|           2|
    |rev1_fu_4391_p2                  |    xor   |      0|  0|   2|           1|           2|
    |rev20_fu_4026_p2                 |    xor   |      0|  0|   2|           1|           2|
    |rev21_fu_4035_p2                 |    xor   |      0|  0|   2|           1|           2|
    |rev22_fu_4086_p2                 |    xor   |      0|  0|   2|           1|           2|
    |rev23_fu_4095_p2                 |    xor   |      0|  0|   2|           1|           2|
    |rev24_fu_4146_p2                 |    xor   |      0|  0|   2|           1|           2|
    |rev25_fu_4155_p2                 |    xor   |      0|  0|   2|           1|           2|
    |rev26_fu_4206_p2                 |    xor   |      0|  0|   2|           1|           2|
    |rev27_fu_4215_p2                 |    xor   |      0|  0|   2|           1|           2|
    |rev28_fu_4266_p2                 |    xor   |      0|  0|   2|           1|           2|
    |rev29_fu_4275_p2                 |    xor   |      0|  0|   2|           1|           2|
    |rev2_fu_3486_p2                  |    xor   |      0|  0|   2|           1|           2|
    |rev30_fu_4326_p2                 |    xor   |      0|  0|   2|           1|           2|
    |rev31_fu_4335_p2                 |    xor   |      0|  0|   2|           1|           2|
    |rev3_fu_3495_p2                  |    xor   |      0|  0|   2|           1|           2|
    |rev4_fu_3546_p2                  |    xor   |      0|  0|   2|           1|           2|
    |rev5_fu_3555_p2                  |    xor   |      0|  0|   2|           1|           2|
    |rev6_fu_3606_p2                  |    xor   |      0|  0|   2|           1|           2|
    |rev7_fu_3615_p2                  |    xor   |      0|  0|   2|           1|           2|
    |rev8_fu_3666_p2                  |    xor   |      0|  0|   2|           1|           2|
    |rev9_fu_3675_p2                  |    xor   |      0|  0|   2|           1|           2|
    |rev_fu_4386_p2                   |    xor   |      0|  0|   2|           1|           2|
    +---------------------------------+----------+-------+---+----+------------+------------+
    |Total                            |          |      0|  0|3405|        4927|        5108|
    +---------------------------------+----------+-------+---+----+------------+------------+

    * Multiplexer: 
    +-------------------------+----+-----------+-----+-----------+
    |           Name          | LUT| Input Size| Bits| Total Bits|
    +-------------------------+----+-----------+-----+-----------+
    |ap_NS_fsm                |  72|         40|    1|         40|
    |ap_enable_reg_pp0_iter1  |   1|          2|    1|          2|
    |ap_enable_reg_pp0_iter2  |   1|          2|    1|          2|
    |ap_enable_reg_pp0_iter4  |   1|          2|    1|          2|
    |input_index_reg_1152     |   9|          2|    9|         18|
    +-------------------------+----+-----------+-----+-----------+
    |Total                    |  84|         48|   13|         64|
    +-------------------------+----+-----------+-----+-----------+

    * Register: 
    +---------------------------------------------------------+----+----+-----+-----------+
    |                           Name                          | FF | LUT| Bits| Const Bits|
    +---------------------------------------------------------+----+----+-----+-----------+
    |ap_CS_fsm                                                |  39|   0|   39|          0|
    |ap_enable_reg_pp0_iter0                                  |   1|   0|    1|          0|
    |ap_enable_reg_pp0_iter1                                  |   1|   0|    1|          0|
    |ap_enable_reg_pp0_iter2                                  |   1|   0|    1|          0|
    |ap_enable_reg_pp0_iter3                                  |   1|   0|    1|          0|
    |ap_enable_reg_pp0_iter4                                  |   1|   0|    1|          0|
    |ap_pipeline_reg_pp0_iter1_tmp_4_reg_5762                 |   9|   0|   13|          4|
    |ap_pipeline_reg_pp0_iter2_or_cond7_10_reg_6497           |   1|   0|    1|          0|
    |ap_pipeline_reg_pp0_iter2_or_cond7_11_reg_6506           |   1|   0|    1|          0|
    |ap_pipeline_reg_pp0_iter2_or_cond7_12_reg_6515           |   1|   0|    1|          0|
    |ap_pipeline_reg_pp0_iter2_or_cond7_13_reg_6524           |   1|   0|    1|          0|
    |ap_pipeline_reg_pp0_iter2_or_cond7_14_reg_6533           |   1|   0|    1|          0|
    |ap_pipeline_reg_pp0_iter2_or_cond7_1_reg_6407            |   1|   0|    1|          0|
    |ap_pipeline_reg_pp0_iter2_or_cond7_2_reg_6416            |   1|   0|    1|          0|
    |ap_pipeline_reg_pp0_iter2_or_cond7_3_reg_6425            |   1|   0|    1|          0|
    |ap_pipeline_reg_pp0_iter2_or_cond7_4_reg_6434            |   1|   0|    1|          0|
    |ap_pipeline_reg_pp0_iter2_or_cond7_5_reg_6443            |   1|   0|    1|          0|
    |ap_pipeline_reg_pp0_iter2_or_cond7_6_reg_6452            |   1|   0|    1|          0|
    |ap_pipeline_reg_pp0_iter2_or_cond7_7_reg_6461            |   1|   0|    1|          0|
    |ap_pipeline_reg_pp0_iter2_or_cond7_8_reg_6470            |   1|   0|    1|          0|
    |ap_pipeline_reg_pp0_iter2_or_cond7_9_reg_6479            |   1|   0|    1|          0|
    |ap_pipeline_reg_pp0_iter2_or_cond7_s_reg_6488            |   1|   0|    1|          0|
    |ap_pipeline_reg_pp0_iter2_stencil_buf_1_8_2_reg_6307     |  16|   0|   16|          0|
    |ap_pipeline_reg_pp0_iter2_stencil_buf_2_3_load_reg_6237  |  16|   0|   16|          0|
    |ap_pipeline_reg_pp0_iter3_or_cond7_reg_6542              |   1|   0|    1|          0|
    |ap_pipeline_reg_pp0_iter3_tmp_25_reg_6551                |   9|   0|    9|          0|
    |assign_110_10_reg_6501                                   |  16|   0|   16|          0|
    |assign_110_11_reg_6510                                   |  16|   0|   16|          0|
    |assign_110_12_reg_6519                                   |  16|   0|   16|          0|
    |assign_110_13_reg_6528                                   |  16|   0|   16|          0|
    |assign_110_14_reg_6537                                   |  16|   0|   16|          0|
    |assign_110_1_reg_6411                                    |  16|   0|   16|          0|
    |assign_110_2_reg_6420                                    |  16|   0|   16|          0|
    |assign_110_3_reg_6429                                    |  16|   0|   16|          0|
    |assign_110_4_reg_6438                                    |  16|   0|   16|          0|
    |assign_110_5_reg_6447                                    |  16|   0|   16|          0|
    |assign_110_6_reg_6456                                    |  16|   0|   16|          0|
    |assign_110_7_reg_6465                                    |  16|   0|   16|          0|
    |assign_110_8_reg_6474                                    |  16|   0|   16|          0|
    |assign_110_9_reg_6483                                    |  16|   0|   16|          0|
    |assign_110_s_reg_6492                                    |  16|   0|   16|          0|
    |assign_115_10_reg_6606                                   |  16|   0|   16|          0|
    |assign_115_11_reg_6611                                   |  16|   0|   16|          0|
    |assign_115_12_reg_6616                                   |  16|   0|   16|          0|
    |assign_115_13_reg_6621                                   |  16|   0|   16|          0|
    |assign_115_14_reg_6626                                   |  16|   0|   16|          0|
    |assign_115_1_reg_6556                                    |  16|   0|   16|          0|
    |assign_115_2_reg_6561                                    |  16|   0|   16|          0|
    |assign_115_3_reg_6566                                    |  16|   0|   16|          0|
    |assign_115_4_reg_6571                                    |  16|   0|   16|          0|
    |assign_115_5_reg_6576                                    |  16|   0|   16|          0|
    |assign_115_6_reg_6581                                    |  16|   0|   16|          0|
    |assign_115_7_reg_6586                                    |  16|   0|   16|          0|
    |assign_115_8_reg_6591                                    |  16|   0|   16|          0|
    |assign_115_9_reg_6596                                    |  16|   0|   16|          0|
    |assign_115_s_reg_6601                                    |  16|   0|   16|          0|
    |assign_1_reg_6546                                        |  16|   0|   16|          0|
    |assign_3_reg_6631                                        |  16|   0|   16|          0|
    |exitcond3_reg_5753                                       |   1|   0|    1|          0|
    |icmp_reg_5867                                            |   1|   0|    1|          0|
    |input_index_reg_1152                                     |   9|   0|    9|          0|
    |or_cond7_10_reg_6497                                     |   1|   0|    1|          0|
    |or_cond7_11_reg_6506                                     |   1|   0|    1|          0|
    |or_cond7_12_reg_6515                                     |   1|   0|    1|          0|
    |or_cond7_13_reg_6524                                     |   1|   0|    1|          0|
    |or_cond7_14_reg_6533                                     |   1|   0|    1|          0|
    |or_cond7_1_reg_6407                                      |   1|   0|    1|          0|
    |or_cond7_2_reg_6416                                      |   1|   0|    1|          0|
    |or_cond7_3_reg_6425                                      |   1|   0|    1|          0|
    |or_cond7_4_reg_6434                                      |   1|   0|    1|          0|
    |or_cond7_5_reg_6443                                      |   1|   0|    1|          0|
    |or_cond7_6_reg_6452                                      |   1|   0|    1|          0|
    |or_cond7_7_reg_6461                                      |   1|   0|    1|          0|
    |or_cond7_8_reg_6470                                      |   1|   0|    1|          0|
    |or_cond7_9_reg_6479                                      |   1|   0|    1|          0|
    |or_cond7_reg_6542                                        |   1|   0|    1|          0|
    |or_cond7_s_reg_6488                                      |   1|   0|    1|          0|
    |p_neg_t2_reg_5901                                        |   9|   0|   13|          4|
    |p_neg_t_reg_5906                                         |  10|   0|   10|          0|
    |q_10_reg_6115                                            |  32|   0|   32|          0|
    |q_11_reg_6135                                            |  32|   0|   32|          0|
    |q_12_reg_6155                                            |  32|   0|   32|          0|
    |q_13_reg_6175                                            |  32|   0|   32|          0|
    |q_14_reg_6195                                            |  32|   0|   32|          0|
    |q_1_reg_5915                                             |  32|   0|   32|          0|
    |q_2_reg_5935                                             |  32|   0|   32|          0|
    |q_3_reg_5955                                             |  32|   0|   32|          0|
    |q_4_reg_5975                                             |  32|   0|   32|          0|
    |q_5_reg_5995                                             |  32|   0|   32|          0|
    |q_6_reg_6015                                             |  32|   0|   32|          0|
    |q_7_reg_6035                                             |  32|   0|   32|          0|
    |q_8_reg_6055                                             |  32|   0|   32|          0|
    |q_9_reg_6075                                             |  32|   0|   32|          0|
    |q_s_reg_6095                                             |  32|   0|   32|          0|
    |slt10_reg_6001                                           |   1|   0|    1|          0|
    |slt12_reg_6021                                           |   1|   0|    1|          0|
    |slt14_reg_6041                                           |   1|   0|    1|          0|
    |slt16_reg_6061                                           |   1|   0|    1|          0|
    |slt18_reg_6081                                           |   1|   0|    1|          0|
    |slt1_reg_6392                                            |   1|   0|    1|          0|
    |slt20_reg_6101                                           |   1|   0|    1|          0|
    |slt22_reg_6121                                           |   1|   0|    1|          0|
    |slt24_reg_6141                                           |   1|   0|    1|          0|
    |slt26_reg_6161                                           |   1|   0|    1|          0|
    |slt28_reg_6181                                           |   1|   0|    1|          0|
    |slt2_reg_5921                                            |   1|   0|    1|          0|
    |slt30_reg_6201                                           |   1|   0|    1|          0|
    |slt4_reg_5941                                            |   1|   0|    1|          0|
    |slt6_reg_5961                                            |   1|   0|    1|          0|
    |slt8_reg_5981                                            |   1|   0|    1|          0|
    |slt_reg_6387                                             |   1|   0|    1|          0|
    |stencil_buf_0_1_fu_218                                   |  16|   0|   16|          0|
    |stencil_buf_0_1_s_fu_214                                 |  16|   0|   16|          0|
    |stencil_buf_0_2_fu_222                                   |  16|   0|   16|          0|
    |stencil_buf_0_3_fu_226                                   |  16|   0|   16|          0|
    |stencil_buf_0_3_load_reg_6211                            |  16|   0|   16|          0|
    |stencil_buf_0_4_fu_230                                   |  16|   0|   16|          0|
    |stencil_buf_0_4_load_reg_6216                            |  16|   0|   16|          0|
    |stencil_buf_0_5_fu_234                                   |  16|   0|   16|          0|
    |stencil_buf_0_6_fu_238                                   |  16|   0|   16|          0|
    |stencil_buf_0_7_fu_242                                   |  16|   0|   16|          0|
    |stencil_buf_0_9_2_reg_6382                               |  16|   0|   16|          0|
    |stencil_buf_10_0_fu_538                                  |  16|   0|   16|          0|
    |stencil_buf_10_0_s_fu_534                                |  16|   0|   16|          0|
    |stencil_buf_10_1_fu_542                                  |  16|   0|   16|          0|
    |stencil_buf_10_2_fu_546                                  |  16|   0|   16|          0|
    |stencil_buf_10_3_fu_550                                  |  16|   0|   16|          0|
    |stencil_buf_10_3_load_reg_6277                           |  16|   0|   16|          0|
    |stencil_buf_10_4_fu_554                                  |  16|   0|   16|          0|
    |stencil_buf_10_5_fu_558                                  |  16|   0|   16|          0|
    |stencil_buf_10_6_fu_562                                  |  16|   0|   16|          0|
    |stencil_buf_10_8_2_reg_6352                              |  16|   0|   16|          0|
    |stencil_buf_11_0_fu_570                                  |  16|   0|   16|          0|
    |stencil_buf_11_0_s_fu_566                                |  16|   0|   16|          0|
    |stencil_buf_11_1_fu_574                                  |  16|   0|   16|          0|
    |stencil_buf_11_2_fu_578                                  |  16|   0|   16|          0|
    |stencil_buf_11_3_fu_582                                  |  16|   0|   16|          0|
    |stencil_buf_11_3_load_reg_6282                           |  16|   0|   16|          0|
    |stencil_buf_11_4_fu_586                                  |  16|   0|   16|          0|
    |stencil_buf_11_5_fu_590                                  |  16|   0|   16|          0|
    |stencil_buf_11_6_fu_594                                  |  16|   0|   16|          0|
    |stencil_buf_11_8_2_reg_6357                              |  16|   0|   16|          0|
    |stencil_buf_12_0_fu_602                                  |  16|   0|   16|          0|
    |stencil_buf_12_0_s_fu_598                                |  16|   0|   16|          0|
    |stencil_buf_12_1_fu_606                                  |  16|   0|   16|          0|
    |stencil_buf_12_2_fu_610                                  |  16|   0|   16|          0|
    |stencil_buf_12_3_fu_614                                  |  16|   0|   16|          0|
    |stencil_buf_12_3_load_reg_6287                           |  16|   0|   16|          0|
    |stencil_buf_12_4_fu_618                                  |  16|   0|   16|          0|
    |stencil_buf_12_5_fu_622                                  |  16|   0|   16|          0|
    |stencil_buf_12_6_fu_626                                  |  16|   0|   16|          0|
    |stencil_buf_12_8_2_reg_6362                              |  16|   0|   16|          0|
    |stencil_buf_13_0_fu_634                                  |  16|   0|   16|          0|
    |stencil_buf_13_0_s_fu_630                                |  16|   0|   16|          0|
    |stencil_buf_13_1_fu_638                                  |  16|   0|   16|          0|
    |stencil_buf_13_2_fu_642                                  |  16|   0|   16|          0|
    |stencil_buf_13_3_fu_646                                  |  16|   0|   16|          0|
    |stencil_buf_13_3_load_reg_6292                           |  16|   0|   16|          0|
    |stencil_buf_13_4_fu_650                                  |  16|   0|   16|          0|
    |stencil_buf_13_5_fu_654                                  |  16|   0|   16|          0|
    |stencil_buf_13_6_fu_658                                  |  16|   0|   16|          0|
    |stencil_buf_13_8_2_reg_6367                              |  16|   0|   16|          0|
    |stencil_buf_14_0_fu_666                                  |  16|   0|   16|          0|
    |stencil_buf_14_0_s_fu_662                                |  16|   0|   16|          0|
    |stencil_buf_14_1_fu_670                                  |  16|   0|   16|          0|
    |stencil_buf_14_2_fu_674                                  |  16|   0|   16|          0|
    |stencil_buf_14_3_fu_678                                  |  16|   0|   16|          0|
    |stencil_buf_14_3_load_reg_6297                           |  16|   0|   16|          0|
    |stencil_buf_14_4_fu_682                                  |  16|   0|   16|          0|
    |stencil_buf_14_5_fu_686                                  |  16|   0|   16|          0|
    |stencil_buf_14_6_fu_690                                  |  16|   0|   16|          0|
    |stencil_buf_14_8_2_reg_6372                              |  16|   0|   16|          0|
    |stencil_buf_15_0_fu_698                                  |  16|   0|   16|          0|
    |stencil_buf_15_0_s_fu_694                                |  16|   0|   16|          0|
    |stencil_buf_15_1_fu_702                                  |  16|   0|   16|          0|
    |stencil_buf_15_2_fu_706                                  |  16|   0|   16|          0|
    |stencil_buf_15_3_fu_710                                  |  16|   0|   16|          0|
    |stencil_buf_15_3_load_reg_6302                           |  16|   0|   16|          0|
    |stencil_buf_15_4_fu_714                                  |  16|   0|   16|          0|
    |stencil_buf_15_5_fu_718                                  |  16|   0|   16|          0|
    |stencil_buf_15_6_fu_722                                  |  16|   0|   16|          0|
    |stencil_buf_15_8_2_reg_6377                              |  16|   0|   16|          0|
    |stencil_buf_1_0_fu_250                                   |  16|   0|   16|          0|
    |stencil_buf_1_0_load_reg_6221                            |  16|   0|   16|          0|
    |stencil_buf_1_0_s_fu_246                                 |  16|   0|   16|          0|
    |stencil_buf_1_1_fu_254                                   |  16|   0|   16|          0|
    |stencil_buf_1_2_fu_258                                   |  16|   0|   16|          0|
    |stencil_buf_1_3_fu_262                                   |  16|   0|   16|          0|
    |stencil_buf_1_3_load_reg_6226                            |  16|   0|   16|          0|
    |stencil_buf_1_4_fu_266                                   |  16|   0|   16|          0|
    |stencil_buf_1_4_load_reg_6232                            |  16|   0|   16|          0|
    |stencil_buf_1_5_fu_270                                   |  16|   0|   16|          0|
    |stencil_buf_1_6_fu_274                                   |  16|   0|   16|          0|
    |stencil_buf_1_8_2_reg_6307                               |  16|   0|   16|          0|
    |stencil_buf_2_0_fu_282                                   |  16|   0|   16|          0|
    |stencil_buf_2_0_s_fu_278                                 |  16|   0|   16|          0|
    |stencil_buf_2_1_fu_286                                   |  16|   0|   16|          0|
    |stencil_buf_2_2_fu_290                                   |  16|   0|   16|          0|
    |stencil_buf_2_3_fu_294                                   |  16|   0|   16|          0|
    |stencil_buf_2_3_load_reg_6237                            |  16|   0|   16|          0|
    |stencil_buf_2_4_fu_298                                   |  16|   0|   16|          0|
    |stencil_buf_2_5_fu_302                                   |  16|   0|   16|          0|
    |stencil_buf_2_6_fu_306                                   |  16|   0|   16|          0|
    |stencil_buf_2_8_2_reg_6312                               |  16|   0|   16|          0|
    |stencil_buf_3_0_fu_314                                   |  16|   0|   16|          0|
    |stencil_buf_3_0_s_fu_310                                 |  16|   0|   16|          0|
    |stencil_buf_3_1_fu_318                                   |  16|   0|   16|          0|
    |stencil_buf_3_2_fu_322                                   |  16|   0|   16|          0|
    |stencil_buf_3_3_fu_326                                   |  16|   0|   16|          0|
    |stencil_buf_3_3_load_reg_6242                            |  16|   0|   16|          0|
    |stencil_buf_3_4_fu_330                                   |  16|   0|   16|          0|
    |stencil_buf_3_5_fu_334                                   |  16|   0|   16|          0|
    |stencil_buf_3_6_fu_338                                   |  16|   0|   16|          0|
    |stencil_buf_3_8_2_reg_6317                               |  16|   0|   16|          0|
    |stencil_buf_4_0_fu_346                                   |  16|   0|   16|          0|
    |stencil_buf_4_0_s_fu_342                                 |  16|   0|   16|          0|
    |stencil_buf_4_1_fu_350                                   |  16|   0|   16|          0|
    |stencil_buf_4_2_fu_354                                   |  16|   0|   16|          0|
    |stencil_buf_4_3_fu_358                                   |  16|   0|   16|          0|
    |stencil_buf_4_3_load_reg_6247                            |  16|   0|   16|          0|
    |stencil_buf_4_4_fu_362                                   |  16|   0|   16|          0|
    |stencil_buf_4_5_fu_366                                   |  16|   0|   16|          0|
    |stencil_buf_4_6_fu_370                                   |  16|   0|   16|          0|
    |stencil_buf_4_8_2_reg_6322                               |  16|   0|   16|          0|
    |stencil_buf_5_0_fu_378                                   |  16|   0|   16|          0|
    |stencil_buf_5_0_s_fu_374                                 |  16|   0|   16|          0|
    |stencil_buf_5_1_fu_382                                   |  16|   0|   16|          0|
    |stencil_buf_5_2_fu_386                                   |  16|   0|   16|          0|
    |stencil_buf_5_3_fu_390                                   |  16|   0|   16|          0|
    |stencil_buf_5_3_load_reg_6252                            |  16|   0|   16|          0|
    |stencil_buf_5_4_fu_394                                   |  16|   0|   16|          0|
    |stencil_buf_5_5_fu_398                                   |  16|   0|   16|          0|
    |stencil_buf_5_6_fu_402                                   |  16|   0|   16|          0|
    |stencil_buf_5_8_2_reg_6327                               |  16|   0|   16|          0|
    |stencil_buf_6_0_fu_410                                   |  16|   0|   16|          0|
    |stencil_buf_6_0_s_fu_406                                 |  16|   0|   16|          0|
    |stencil_buf_6_1_fu_414                                   |  16|   0|   16|          0|
    |stencil_buf_6_2_fu_418                                   |  16|   0|   16|          0|
    |stencil_buf_6_3_fu_422                                   |  16|   0|   16|          0|
    |stencil_buf_6_3_load_reg_6257                            |  16|   0|   16|          0|
    |stencil_buf_6_4_fu_426                                   |  16|   0|   16|          0|
    |stencil_buf_6_5_fu_430                                   |  16|   0|   16|          0|
    |stencil_buf_6_6_fu_434                                   |  16|   0|   16|          0|
    |stencil_buf_6_8_2_reg_6332                               |  16|   0|   16|          0|
    |stencil_buf_7_0_fu_442                                   |  16|   0|   16|          0|
    |stencil_buf_7_0_s_fu_438                                 |  16|   0|   16|          0|
    |stencil_buf_7_1_fu_446                                   |  16|   0|   16|          0|
    |stencil_buf_7_2_fu_450                                   |  16|   0|   16|          0|
    |stencil_buf_7_3_fu_454                                   |  16|   0|   16|          0|
    |stencil_buf_7_3_load_reg_6262                            |  16|   0|   16|          0|
    |stencil_buf_7_4_fu_458                                   |  16|   0|   16|          0|
    |stencil_buf_7_5_fu_462                                   |  16|   0|   16|          0|
    |stencil_buf_7_6_fu_466                                   |  16|   0|   16|          0|
    |stencil_buf_7_8_2_reg_6337                               |  16|   0|   16|          0|
    |stencil_buf_8_0_fu_474                                   |  16|   0|   16|          0|
    |stencil_buf_8_0_s_fu_470                                 |  16|   0|   16|          0|
    |stencil_buf_8_1_fu_478                                   |  16|   0|   16|          0|
    |stencil_buf_8_2_fu_482                                   |  16|   0|   16|          0|
    |stencil_buf_8_3_fu_486                                   |  16|   0|   16|          0|
    |stencil_buf_8_3_load_reg_6267                            |  16|   0|   16|          0|
    |stencil_buf_8_4_fu_490                                   |  16|   0|   16|          0|
    |stencil_buf_8_5_fu_494                                   |  16|   0|   16|          0|
    |stencil_buf_8_6_fu_498                                   |  16|   0|   16|          0|
    |stencil_buf_8_8_2_reg_6342                               |  16|   0|   16|          0|
    |stencil_buf_9_0_fu_506                                   |  16|   0|   16|          0|
    |stencil_buf_9_0_s_fu_502                                 |  16|   0|   16|          0|
    |stencil_buf_9_1_fu_510                                   |  16|   0|   16|          0|
    |stencil_buf_9_2_fu_514                                   |  16|   0|   16|          0|
    |stencil_buf_9_3_fu_518                                   |  16|   0|   16|          0|
    |stencil_buf_9_3_load_reg_6272                            |  16|   0|   16|          0|
    |stencil_buf_9_4_fu_522                                   |  16|   0|   16|          0|
    |stencil_buf_9_5_fu_526                                   |  16|   0|   16|          0|
    |stencil_buf_9_6_fu_530                                   |  16|   0|   16|          0|
    |stencil_buf_9_8_2_reg_6347                               |  16|   0|   16|          0|
    |tile_index_dim0_reg_5661                                 |  32|   0|   32|          0|
    |tile_index_dim1_reg_5667                                 |  32|   0|   32|          0|
    |tmp_12_reg_6397                                          |   1|   0|    1|          0|
    |tmp_13_reg_6402                                          |   1|   0|    1|          0|
    |tmp_1_reg_5713                                           |  32|   0|   32|          0|
    |tmp_20_reg_5767                                          |   1|   0|    1|          0|
    |tmp_25_reg_6551                                          |   9|   0|    9|          0|
    |tmp_2_reg_5733                                           |  32|   0|   32|          0|
    |tmp_32_reg_5911                                          |   1|   0|    1|          0|
    |tmp_34_reg_5931                                          |   1|   0|    1|          0|
    |tmp_36_reg_5951                                          |   1|   0|    1|          0|
    |tmp_38_reg_5971                                          |   1|   0|    1|          0|
    |tmp_40_reg_5991                                          |   1|   0|    1|          0|
    |tmp_42_reg_6011                                          |   1|   0|    1|          0|
    |tmp_44_reg_6031                                          |   1|   0|    1|          0|
    |tmp_46_reg_6051                                          |   1|   0|    1|          0|
    |tmp_48_reg_6071                                          |   1|   0|    1|          0|
    |tmp_4_reg_5762                                           |   9|   0|   13|          4|
    |tmp_50_reg_6091                                          |   1|   0|    1|          0|
    |tmp_52_reg_6111                                          |   1|   0|    1|          0|
    |tmp_54_reg_6131                                          |   1|   0|    1|          0|
    |tmp_56_10_reg_6126                                       |   1|   0|    1|          0|
    |tmp_56_11_reg_6146                                       |   1|   0|    1|          0|
    |tmp_56_12_reg_6166                                       |   1|   0|    1|          0|
    |tmp_56_13_reg_6186                                       |   1|   0|    1|          0|
    |tmp_56_14_reg_6206                                       |   1|   0|    1|          0|
    |tmp_56_1_reg_5926                                        |   1|   0|    1|          0|
    |tmp_56_2_reg_5946                                        |   1|   0|    1|          0|
    |tmp_56_3_reg_5966                                        |   1|   0|    1|          0|
    |tmp_56_4_reg_5986                                        |   1|   0|    1|          0|
    |tmp_56_5_reg_6006                                        |   1|   0|    1|          0|
    |tmp_56_6_reg_6026                                        |   1|   0|    1|          0|
    |tmp_56_7_reg_6046                                        |   1|   0|    1|          0|
    |tmp_56_8_reg_6066                                        |   1|   0|    1|          0|
    |tmp_56_9_reg_6086                                        |   1|   0|    1|          0|
    |tmp_56_reg_6151                                          |   1|   0|    1|          0|
    |tmp_56_s_reg_6106                                        |   1|   0|    1|          0|
    |tmp_58_reg_6171                                          |   1|   0|    1|          0|
    |tmp_60_reg_6191                                          |   1|   0|    1|          0|
    |tmp_6_reg_5897                                           |   1|   0|    1|          0|
    |tmp_7_reg_5871                                           |   9|   0|   13|          4|
    |tmp_8_reg_5878                                           |   9|   0|   13|          4|
    |tmp_reg_5673                                             |  31|   0|   32|          1|
    |tmp_s_reg_5693                                           |  31|   0|   32|          1|
    |icmp_reg_5867                                            |   0|   1|    1|          0|
    |tmp_32_reg_5911                                          |   0|   1|    1|          0|
    |tmp_34_reg_5931                                          |   0|   1|    1|          0|
    |tmp_36_reg_5951                                          |   0|   1|    1|          0|
    |tmp_38_reg_5971                                          |   0|   1|    1|          0|
    |tmp_40_reg_5991                                          |   0|   1|    1|          0|
    |tmp_42_reg_6011                                          |   0|   1|    1|          0|
    |tmp_44_reg_6031                                          |   0|   1|    1|          0|
    |tmp_46_reg_6051                                          |   0|   1|    1|          0|
    |tmp_48_reg_6071                                          |   0|   1|    1|          0|
    |tmp_50_reg_6091                                          |   0|   1|    1|          0|
    |tmp_52_reg_6111                                          |   0|   1|    1|          0|
    |tmp_54_reg_6131                                          |   0|   1|    1|          0|
    |tmp_56_reg_6151                                          |   0|   1|    1|          0|
    |tmp_58_reg_6171                                          |   0|   1|    1|          0|
    |tmp_60_reg_6191                                          |   0|   1|    1|          0|
    |tmp_6_reg_5897                                           |   0|   1|    1|          0|
    |tmp_8_reg_5878                                           |   0|   9|   13|          4|
    +---------------------------------------------------------+----+----+-----+-----------+
    |Total                                                    |4033|  26| 4085|         26|
    +---------------------------------------------------------+----+----+-----+-----------+



================================================================
== Interface
================================================================
* Summary: 
+------------------------+-----+-----+------------+------------------------+--------------+
|        RTL Ports       | Dir | Bits|  Protocol  |      Source Object     |    C Type    |
+------------------------+-----+-----+------------+------------------------+--------------+
|ap_clk                  |  in |    1| ap_ctrl_hs |         compute        | return value |
|ap_rst                  |  in |    1| ap_ctrl_hs |         compute        | return value |
|ap_start                |  in |    1| ap_ctrl_hs |         compute        | return value |
|ap_done                 | out |    1| ap_ctrl_hs |         compute        | return value |
|ap_idle                 | out |    1| ap_ctrl_hs |         compute        | return value |
|ap_ready                | out |    1| ap_ctrl_hs |         compute        | return value |
|compute_flag            |  in |    1|   ap_none  |      compute_flag      |    scalar    |
|output_0_address0       | out |    8|  ap_memory |        output_0        |     array    |
|output_0_ce0            | out |    1|  ap_memory |        output_0        |     array    |
|output_0_we0            | out |    1|  ap_memory |        output_0        |     array    |
|output_0_d0             | out |   16|  ap_memory |        output_0        |     array    |
|output_1_address0       | out |    8|  ap_memory |        output_1        |     array    |
|output_1_ce0            | out |    1|  ap_memory |        output_1        |     array    |
|output_1_we0            | out |    1|  ap_memory |        output_1        |     array    |
|output_1_d0             | out |   16|  ap_memory |        output_1        |     array    |
|output_2_address0       | out |    8|  ap_memory |        output_2        |     array    |
|output_2_ce0            | out |    1|  ap_memory |        output_2        |     array    |
|output_2_we0            | out |    1|  ap_memory |        output_2        |     array    |
|output_2_d0             | out |   16|  ap_memory |        output_2        |     array    |
|output_3_address0       | out |    8|  ap_memory |        output_3        |     array    |
|output_3_ce0            | out |    1|  ap_memory |        output_3        |     array    |
|output_3_we0            | out |    1|  ap_memory |        output_3        |     array    |
|output_3_d0             | out |   16|  ap_memory |        output_3        |     array    |
|output_4_address0       | out |    8|  ap_memory |        output_4        |     array    |
|output_4_ce0            | out |    1|  ap_memory |        output_4        |     array    |
|output_4_we0            | out |    1|  ap_memory |        output_4        |     array    |
|output_4_d0             | out |   16|  ap_memory |        output_4        |     array    |
|output_5_address0       | out |    8|  ap_memory |        output_5        |     array    |
|output_5_ce0            | out |    1|  ap_memory |        output_5        |     array    |
|output_5_we0            | out |    1|  ap_memory |        output_5        |     array    |
|output_5_d0             | out |   16|  ap_memory |        output_5        |     array    |
|output_6_address0       | out |    8|  ap_memory |        output_6        |     array    |
|output_6_ce0            | out |    1|  ap_memory |        output_6        |     array    |
|output_6_we0            | out |    1|  ap_memory |        output_6        |     array    |
|output_6_d0             | out |   16|  ap_memory |        output_6        |     array    |
|output_7_address0       | out |    8|  ap_memory |        output_7        |     array    |
|output_7_ce0            | out |    1|  ap_memory |        output_7        |     array    |
|output_7_we0            | out |    1|  ap_memory |        output_7        |     array    |
|output_7_d0             | out |   16|  ap_memory |        output_7        |     array    |
|output_8_address0       | out |    8|  ap_memory |        output_8        |     array    |
|output_8_ce0            | out |    1|  ap_memory |        output_8        |     array    |
|output_8_we0            | out |    1|  ap_memory |        output_8        |     array    |
|output_8_d0             | out |   16|  ap_memory |        output_8        |     array    |
|output_9_address0       | out |    8|  ap_memory |        output_9        |     array    |
|output_9_ce0            | out |    1|  ap_memory |        output_9        |     array    |
|output_9_we0            | out |    1|  ap_memory |        output_9        |     array    |
|output_9_d0             | out |   16|  ap_memory |        output_9        |     array    |
|output_10_address0      | out |    8|  ap_memory |        output_10       |     array    |
|output_10_ce0           | out |    1|  ap_memory |        output_10       |     array    |
|output_10_we0           | out |    1|  ap_memory |        output_10       |     array    |
|output_10_d0            | out |   16|  ap_memory |        output_10       |     array    |
|output_11_address0      | out |    8|  ap_memory |        output_11       |     array    |
|output_11_ce0           | out |    1|  ap_memory |        output_11       |     array    |
|output_11_we0           | out |    1|  ap_memory |        output_11       |     array    |
|output_11_d0            | out |   16|  ap_memory |        output_11       |     array    |
|output_12_address0      | out |    8|  ap_memory |        output_12       |     array    |
|output_12_ce0           | out |    1|  ap_memory |        output_12       |     array    |
|output_12_we0           | out |    1|  ap_memory |        output_12       |     array    |
|output_12_d0            | out |   16|  ap_memory |        output_12       |     array    |
|output_13_address0      | out |    8|  ap_memory |        output_13       |     array    |
|output_13_ce0           | out |    1|  ap_memory |        output_13       |     array    |
|output_13_we0           | out |    1|  ap_memory |        output_13       |     array    |
|output_13_d0            | out |   16|  ap_memory |        output_13       |     array    |
|output_14_address0      | out |    8|  ap_memory |        output_14       |     array    |
|output_14_ce0           | out |    1|  ap_memory |        output_14       |     array    |
|output_14_we0           | out |    1|  ap_memory |        output_14       |     array    |
|output_14_d0            | out |   16|  ap_memory |        output_14       |     array    |
|output_15_address0      | out |    8|  ap_memory |        output_15       |     array    |
|output_15_ce0           | out |    1|  ap_memory |        output_15       |     array    |
|output_15_we0           | out |    1|  ap_memory |        output_15       |     array    |
|output_15_d0            | out |   16|  ap_memory |        output_15       |     array    |
|input_0_address0        | out |    8|  ap_memory |         input_0        |     array    |
|input_0_ce0             | out |    1|  ap_memory |         input_0        |     array    |
|input_0_q0              |  in |   16|  ap_memory |         input_0        |     array    |
|input_1_address0        | out |    8|  ap_memory |         input_1        |     array    |
|input_1_ce0             | out |    1|  ap_memory |         input_1        |     array    |
|input_1_q0              |  in |   16|  ap_memory |         input_1        |     array    |
|input_2_address0        | out |    8|  ap_memory |         input_2        |     array    |
|input_2_ce0             | out |    1|  ap_memory |         input_2        |     array    |
|input_2_q0              |  in |   16|  ap_memory |         input_2        |     array    |
|input_3_address0        | out |    8|  ap_memory |         input_3        |     array    |
|input_3_ce0             | out |    1|  ap_memory |         input_3        |     array    |
|input_3_q0              |  in |   16|  ap_memory |         input_3        |     array    |
|input_4_address0        | out |    8|  ap_memory |         input_4        |     array    |
|input_4_ce0             | out |    1|  ap_memory |         input_4        |     array    |
|input_4_q0              |  in |   16|  ap_memory |         input_4        |     array    |
|input_5_address0        | out |    8|  ap_memory |         input_5        |     array    |
|input_5_ce0             | out |    1|  ap_memory |         input_5        |     array    |
|input_5_q0              |  in |   16|  ap_memory |         input_5        |     array    |
|input_6_address0        | out |    8|  ap_memory |         input_6        |     array    |
|input_6_ce0             | out |    1|  ap_memory |         input_6        |     array    |
|input_6_q0              |  in |   16|  ap_memory |         input_6        |     array    |
|input_7_address0        | out |    8|  ap_memory |         input_7        |     array    |
|input_7_ce0             | out |    1|  ap_memory |         input_7        |     array    |
|input_7_q0              |  in |   16|  ap_memory |         input_7        |     array    |
|input_8_address0        | out |    8|  ap_memory |         input_8        |     array    |
|input_8_ce0             | out |    1|  ap_memory |         input_8        |     array    |
|input_8_q0              |  in |   16|  ap_memory |         input_8        |     array    |
|input_9_address0        | out |    8|  ap_memory |         input_9        |     array    |
|input_9_ce0             | out |    1|  ap_memory |         input_9        |     array    |
|input_9_q0              |  in |   16|  ap_memory |         input_9        |     array    |
|input_10_address0       | out |    8|  ap_memory |        input_10        |     array    |
|input_10_ce0            | out |    1|  ap_memory |        input_10        |     array    |
|input_10_q0             |  in |   16|  ap_memory |        input_10        |     array    |
|input_11_address0       | out |    8|  ap_memory |        input_11        |     array    |
|input_11_ce0            | out |    1|  ap_memory |        input_11        |     array    |
|input_11_q0             |  in |   16|  ap_memory |        input_11        |     array    |
|input_12_address0       | out |    8|  ap_memory |        input_12        |     array    |
|input_12_ce0            | out |    1|  ap_memory |        input_12        |     array    |
|input_12_q0             |  in |   16|  ap_memory |        input_12        |     array    |
|input_13_address0       | out |    8|  ap_memory |        input_13        |     array    |
|input_13_ce0            | out |    1|  ap_memory |        input_13        |     array    |
|input_13_q0             |  in |   16|  ap_memory |        input_13        |     array    |
|input_14_address0       | out |    8|  ap_memory |        input_14        |     array    |
|input_14_ce0            | out |    1|  ap_memory |        input_14        |     array    |
|input_14_q0             |  in |   16|  ap_memory |        input_14        |     array    |
|input_15_address0       | out |    8|  ap_memory |        input_15        |     array    |
|input_15_ce0            | out |    1|  ap_memory |        input_15        |     array    |
|input_15_q0             |  in |   16|  ap_memory |        input_15        |     array    |
|tile_index              |  in |   32|   ap_none  |       tile_index       |    scalar    |
|tile_num_dim0           |  in |   32|   ap_none  |      tile_num_dim0     |    scalar    |
|var_sharpen_y_extent_0  |  in |   32|   ap_none  | var_sharpen_y_extent_0 |    scalar    |
|var_sharpen_y_extent_1  |  in |   32|   ap_none  | var_sharpen_y_extent_1 |    scalar    |
|var_sharpen_y_min_0     |  in |   32|   ap_none  |   var_sharpen_y_min_0  |    scalar    |
|var_sharpen_y_min_1     |  in |   32|   ap_none  |   var_sharpen_y_min_1  |    scalar    |
+------------------------+-----+-----+------------+------------------------+--------------+

