

================================================================
== Vivado HLS Report for 'compute'
================================================================
* Date:           Sat Apr 15 14:28:45 2017

* Version:        2016.3 (Build 1721985 on Tue Nov 29 18:45:36 MST 2016)
* Project:        sharpen_kernel
* Solution:       solution_OCL_REGION_0
* Product family: virtex7
* Target device:  xc7vx690tffg1157-2


================================================================
== Performance Estimates
================================================================
+ Timing (ns): 
    * Summary: 
    +--------+-------+----------+------------+
    |  Clock | Target| Estimated| Uncertainty|
    +--------+-------+----------+------------+
    |ap_clk  |   5.00|      3.50|        1.35|
    +--------+-------+----------+------------+

+ Latency (clock cycles): 
    * Summary: 
    +-----+--------+-----+--------+---------+
    |    Latency   |   Interval   | Pipeline|
    | min |   max  | min |   max  |   Type  |
    +-----+--------+-----+--------+---------+
    |    1|  545000|    1|  545000|   none  |
    +-----+--------+-----+--------+---------+

    + Detail: 
        * Instance: 
        N/A

        * Loop: 
        +----------+--------+--------+----------+-----------+-----------+------+----------+
        |          |     Latency     | Iteration|  Initiation Interval  | Trip |          |
        | Loop Name|   min  |   max  |  Latency |  achieved |   target  | Count| Pipelined|
        +----------+--------+--------+----------+-----------+-----------+------+----------+
        |- Loop 1  |  544962|  544962|        66|         66|          1|  8257|    yes   |
        +----------+--------+--------+----------+-----------+-----------+------+----------+



================================================================
== Utilization Estimates
================================================================
* Summary: 
+-----------------+---------+-------+--------+--------+
|       Name      | BRAM_18K| DSP48E|   FF   |   LUT  |
+-----------------+---------+-------+--------+--------+
|DSP              |        -|      -|       -|       -|
|Expression       |        -|      -|       0|    1761|
|FIFO             |        -|      -|       -|       -|
|Instance         |        -|      -|     576|     640|
|Memory           |        8|      -|       0|       0|
|Multiplexer      |        -|      -|       -|    4682|
|Register         |        -|      -|    9207|       -|
+-----------------+---------+-------+--------+--------+
|Total            |        8|      0|    9783|    7083|
+-----------------+---------+-------+--------+--------+
|Available        |     2940|   3600|  866400|  433200|
+-----------------+---------+-------+--------+--------+
|Utilization (%)  |    ~0   |      0|       1|       1|
+-----------------+---------+-------+--------+--------+

+ Detail: 
    * Instance: 
    +---------------------------------------------+-----------------------------------------+---------+-------+-----+-----+
    |                   Instance                  |                  Module                 | BRAM_18K| DSP48E|  FF | LUT |
    +---------------------------------------------+-----------------------------------------+---------+-------+-----+-----+
    |sharpen_kernel_sdiv_32ns_32ns_32_36_seq_U14  |sharpen_kernel_sdiv_32ns_32ns_32_36_seq  |        0|      0|  288|  320|
    |sharpen_kernel_srem_32ns_32ns_32_36_seq_U13  |sharpen_kernel_srem_32ns_32ns_32_36_seq  |        0|      0|  288|  320|
    +---------------------------------------------+-----------------------------------------+---------+-------+-----+-----+
    |Total                                        |                                         |        0|      0|  576|  640|
    +---------------------------------------------+-----------------------------------------+---------+-------+-----+-----+

    * DSP48: 
    N/A

    * Memory: 
    +-----------------+-----------------------+---------+---+----+------+-----+------+-------------+
    |      Memory     |         Module        | BRAM_18K| FF| LUT| Words| Bits| Banks| W*Bits*Banks|
    +-----------------+-----------------------+---------+---+----+------+-----+------+-------------+
    |stencil_buf_0_U  |compute_stencil_buf_0  |        1|  0|   0|    66|   16|     1|         1056|
    |stencil_buf_1_U  |compute_stencil_buf_1  |        1|  0|   0|    65|   16|     1|         1040|
    |stencil_buf_2_U  |compute_stencil_buf_1  |        1|  0|   0|    65|   16|     1|         1040|
    |stencil_buf_3_U  |compute_stencil_buf_1  |        1|  0|   0|    65|   16|     1|         1040|
    |stencil_buf_4_U  |compute_stencil_buf_1  |        1|  0|   0|    65|   16|     1|         1040|
    |stencil_buf_5_U  |compute_stencil_buf_1  |        1|  0|   0|    65|   16|     1|         1040|
    |stencil_buf_6_U  |compute_stencil_buf_1  |        1|  0|   0|    65|   16|     1|         1040|
    |stencil_buf_7_U  |compute_stencil_buf_1  |        1|  0|   0|    65|   16|     1|         1040|
    +-----------------+-----------------------+---------+---+----+------+-----+------+-------------+
    |Total            |                       |        8|  0|   0|   521|  128|     8|         8336|
    +-----------------+-----------------------+---------+---+----+------+-----+------+-------------+

    * FIFO: 
    N/A

    * Expression: 
    +--------------------------------+----------+-------+---+----+------------+------------+
    |          Variable Name         | Operation| DSP48E| FF| LUT| Bitwidth P0| Bitwidth P1|
    +--------------------------------+----------+-------+---+----+------------+------------+
    |assign_97_1_fu_5314_p2          |     +    |      0|  0|  16|          16|          16|
    |assign_97_2_fu_5369_p2          |     +    |      0|  0|  16|          16|          16|
    |assign_97_3_fu_5404_p2          |     +    |      0|  0|  16|          16|          16|
    |assign_97_4_fu_5439_p2          |     +    |      0|  0|  16|          16|          16|
    |assign_97_5_fu_5474_p2          |     +    |      0|  0|  16|          16|          16|
    |assign_97_6_fu_5509_p2          |     +    |      0|  0|  16|          16|          16|
    |assign_97_7_fu_5641_p2          |     +    |      0|  0|  16|          16|          16|
    |assign_s_fu_5283_p2             |     +    |      0|  0|  16|          16|          16|
    |input_index_1_fu_4464_p2        |     +    |      0|  0|  14|          14|           1|
    |output_index_2_fu_4580_p2       |     +    |      0|  0|  17|          17|          10|
    |output_index_3_fu_4629_p2       |     +    |      0|  0|  17|          17|          10|
    |output_index_4_fu_4678_p2       |     +    |      0|  0|  17|          17|          10|
    |output_index_5_fu_4727_p2       |     +    |      0|  0|  17|          17|          10|
    |output_index_6_fu_4776_p2       |     +    |      0|  0|  17|          17|          10|
    |output_index_7_fu_5544_p2       |     +    |      0|  0|  17|          17|          10|
    |output_index_cp_fu_5330_p2      |     +    |      0|  0|  17|          11|          17|
    |p_1_fu_4933_p2                  |     +    |      0|  0|  32|          32|          32|
    |p_2_fu_4614_p2                  |     +    |      0|  0|  32|          32|          32|
    |p_3_fu_4663_p2                  |     +    |      0|  0|  32|          32|          32|
    |p_4_fu_4712_p2                  |     +    |      0|  0|  32|          32|          32|
    |p_5_fu_4761_p2                  |     +    |      0|  0|  32|          32|          32|
    |p_6_fu_4810_p2                  |     +    |      0|  0|  32|          32|          32|
    |p_7_fu_5585_p2                  |     +    |      0|  0|  32|          32|          32|
    |p_fu_4887_p2                    |     +    |      0|  0|  32|          32|          32|
    |q_1_fu_4928_p2                  |     +    |      0|  0|  32|          32|          32|
    |q_2_fu_4961_p2                  |     +    |      0|  0|  32|          32|          32|
    |q_3_fu_4979_p2                  |     +    |      0|  0|  32|          32|          32|
    |q_4_fu_4997_p2                  |     +    |      0|  0|  32|          32|          32|
    |q_5_fu_5015_p2                  |     +    |      0|  0|  32|          32|          32|
    |q_6_fu_5033_p2                  |     +    |      0|  0|  32|          32|          32|
    |q_7_fu_5580_p2                  |     +    |      0|  0|  32|          32|          32|
    |q_fu_4882_p2                    |     +    |      0|  0|  32|          32|          32|
    |sum_1_fu_5319_p2                |     +    |      0|  0|   8|          16|          16|
    |sum_2_fu_5374_p2                |     +    |      0|  0|   8|          16|          16|
    |sum_3_fu_5409_p2                |     +    |      0|  0|   8|          16|          16|
    |sum_4_fu_5444_p2                |     +    |      0|  0|   8|          16|          16|
    |sum_5_fu_5479_p2                |     +    |      0|  0|   8|          16|          16|
    |sum_6_fu_5514_p2                |     +    |      0|  0|   8|          16|          16|
    |sum_7_fu_5646_p2                |     +    |      0|  0|   8|          16|          16|
    |sum_fu_5288_p2                  |     +    |      0|  0|   8|          16|          16|
    |tmp_1_fu_4450_p2                |     +    |      0|  0|  32|          32|          32|
    |tmp_2_fu_4454_p2                |     +    |      0|  0|  32|          32|          32|
    |tmp_7_fu_4498_p2                |     +    |      0|  0|  17|          17|          11|
    |tmp_8_fu_4512_p2                |     +    |      0|  0|  17|          17|          11|
    |assign_110_1_fu_5324_p2         |     -    |      0|  0|   8|          16|          16|
    |assign_110_2_fu_5378_p2         |     -    |      0|  0|   8|          16|          16|
    |assign_110_3_fu_5413_p2         |     -    |      0|  0|   8|          16|          16|
    |assign_110_4_fu_5448_p2         |     -    |      0|  0|   8|          16|          16|
    |assign_110_5_fu_5483_p2         |     -    |      0|  0|   8|          16|          16|
    |assign_110_6_fu_5518_p2         |     -    |      0|  0|   8|          16|          16|
    |assign_110_7_fu_5650_p2         |     -    |      0|  0|   8|          16|          16|
    |assign_112_1_fu_5354_p2         |     -    |      0|  0|   8|          16|          16|
    |assign_112_2_fu_5389_p2         |     -    |      0|  0|   8|          16|          16|
    |assign_112_3_fu_5424_p2         |     -    |      0|  0|   8|          16|          16|
    |assign_112_4_fu_5459_p2         |     -    |      0|  0|   8|          16|          16|
    |assign_112_5_fu_5494_p2         |     -    |      0|  0|   8|          16|          16|
    |assign_112_6_fu_5529_p2         |     -    |      0|  0|   8|          16|          16|
    |assign_112_7_fu_5656_p2         |     -    |      0|  0|   8|          16|          16|
    |assign_115_1_fu_5358_p2         |     -    |      0|  0|   8|          16|          16|
    |assign_115_2_fu_5393_p2         |     -    |      0|  0|   8|          16|          16|
    |assign_115_3_fu_5428_p2         |     -    |      0|  0|   8|          16|          16|
    |assign_115_4_fu_5463_p2         |     -    |      0|  0|   8|          16|          16|
    |assign_115_5_fu_5498_p2         |     -    |      0|  0|   8|          16|          16|
    |assign_115_6_fu_5533_p2         |     -    |      0|  0|   8|          16|          16|
    |assign_115_7_fu_5660_p2         |     -    |      0|  0|   8|          16|          16|
    |assign_1_fu_5293_p2             |     -    |      0|  0|   8|          16|          16|
    |assign_2_fu_5299_p2             |     -    |      0|  0|   8|          16|          16|
    |assign_3_fu_5303_p2             |     -    |      0|  0|   8|          16|          16|
    |p_neg1_fu_4524_p2               |     -    |      0|  0|  17|          10|          17|
    |p_neg_t2_fu_4542_p2             |     -    |      0|  0|  17|           1|          17|
    |p_neg_t_fu_4566_p2              |     -    |      0|  0|  12|           1|          12|
    |tmp_fu_4428_p2                  |     -    |      0|  0|  32|          32|          32|
    |tmp_s_fu_4444_p2                |     -    |      0|  0|  32|          32|          32|
    |ap_condition_3952               |    and   |      0|  0|   1|           1|           1|
    |or_cond7_1_fu_5102_p2           |    and   |      0|  0|   1|           1|           1|
    |or_cond7_2_fu_5128_p2           |    and   |      0|  0|   1|           1|           1|
    |or_cond7_3_fu_5154_p2           |    and   |      0|  0|   1|           1|           1|
    |or_cond7_4_fu_5180_p2           |    and   |      0|  0|   1|           1|           1|
    |or_cond7_5_fu_5206_p2           |    and   |      0|  0|   1|           1|           1|
    |or_cond7_6_fu_5232_p2           |    and   |      0|  0|   1|           1|           1|
    |or_cond7_7_fu_5630_p2           |    and   |      0|  0|   1|           1|           1|
    |or_cond7_fu_5076_p2             |    and   |      0|  0|   1|           1|           1|
    |tmp10_fu_5176_p2                |    and   |      0|  0|   1|           1|           1|
    |tmp11_fu_5196_p2                |    and   |      0|  0|   1|           1|           1|
    |tmp12_fu_5202_p2                |    and   |      0|  0|   1|           1|           1|
    |tmp13_fu_5222_p2                |    and   |      0|  0|   1|           1|           1|
    |tmp14_fu_5228_p2                |    and   |      0|  0|   1|           1|           1|
    |tmp15_fu_5619_p2                |    and   |      0|  0|   1|           1|           1|
    |tmp16_fu_5625_p2                |    and   |      0|  0|   1|           1|           1|
    |tmp1_fu_5066_p2                 |    and   |      0|  0|   1|           1|           1|
    |tmp2_fu_5072_p2                 |    and   |      0|  0|   1|           1|           1|
    |tmp3_fu_5092_p2                 |    and   |      0|  0|   1|           1|           1|
    |tmp4_fu_5098_p2                 |    and   |      0|  0|   1|           1|           1|
    |tmp5_fu_5118_p2                 |    and   |      0|  0|   1|           1|           1|
    |tmp6_fu_5124_p2                 |    and   |      0|  0|   1|           1|           1|
    |tmp7_fu_5144_p2                 |    and   |      0|  0|   1|           1|           1|
    |tmp8_fu_5150_p2                 |    and   |      0|  0|   1|           1|           1|
    |tmp9_fu_5170_p2                 |    and   |      0|  0|   1|           1|           1|
    |exitcond3_fu_4458_p2            |   icmp   |      0|  0|   5|          14|          14|
    |icmp_fu_4492_p2                 |   icmp   |      0|  0|   3|           8|           1|
    |slt10_fu_4766_p2                |   icmp   |      0|  0|  11|          32|          32|
    |slt11_fu_5020_p2                |   icmp   |      0|  0|  11|          32|          32|
    |slt12_fu_4815_p2                |   icmp   |      0|  0|  11|          32|          32|
    |slt13_fu_5038_p2                |   icmp   |      0|  0|  11|          32|          32|
    |slt14_fu_5590_p2                |   icmp   |      0|  0|  11|          32|          32|
    |slt15_fu_5605_p2                |   icmp   |      0|  0|  11|          32|          32|
    |slt1_fu_4897_p2                 |   icmp   |      0|  0|  11|          32|          32|
    |slt2_fu_4938_p2                 |   icmp   |      0|  0|  11|          32|          32|
    |slt3_fu_4943_p2                 |   icmp   |      0|  0|  11|          32|          32|
    |slt4_fu_4619_p2                 |   icmp   |      0|  0|  11|          32|          32|
    |slt5_fu_4966_p2                 |   icmp   |      0|  0|  11|          32|          32|
    |slt6_fu_4668_p2                 |   icmp   |      0|  0|  11|          32|          32|
    |slt7_fu_4984_p2                 |   icmp   |      0|  0|  11|          32|          32|
    |slt8_fu_4717_p2                 |   icmp   |      0|  0|  11|          32|          32|
    |slt9_fu_5002_p2                 |   icmp   |      0|  0|  11|          32|          32|
    |slt_fu_4892_p2                  |   icmp   |      0|  0|  11|          32|          32|
    |tmp_12_fu_4902_p2               |   icmp   |      0|  0|  11|          32|          32|
    |tmp_20_fu_4907_p2               |   icmp   |      0|  0|  11|          32|          32|
    |tmp_56_1_fu_4948_p2             |   icmp   |      0|  0|  11|          32|          32|
    |tmp_56_2_fu_4624_p2             |   icmp   |      0|  0|  11|          32|          32|
    |tmp_56_3_fu_4673_p2             |   icmp   |      0|  0|  11|          32|          32|
    |tmp_56_4_fu_4722_p2             |   icmp   |      0|  0|  11|          32|          32|
    |tmp_56_5_fu_4771_p2             |   icmp   |      0|  0|  11|          32|          32|
    |tmp_56_6_fu_4820_p2             |   icmp   |      0|  0|  11|          32|          32|
    |tmp_56_7_fu_5595_p2             |   icmp   |      0|  0|  11|          32|          32|
    |tmp_57_1_fu_4953_p2             |   icmp   |      0|  0|  11|          32|          32|
    |tmp_57_2_fu_4971_p2             |   icmp   |      0|  0|  11|          32|          32|
    |tmp_57_3_fu_4989_p2             |   icmp   |      0|  0|  11|          32|          32|
    |tmp_57_4_fu_5007_p2             |   icmp   |      0|  0|  11|          32|          32|
    |tmp_57_5_fu_5025_p2             |   icmp   |      0|  0|  11|          32|          32|
    |tmp_57_6_fu_5043_p2             |   icmp   |      0|  0|  11|          32|          32|
    |tmp_57_7_fu_5615_p2             |   icmp   |      0|  0|  11|          32|          32|
    |tmp_6_fu_4518_p2                |   icmp   |      0|  0|   6|          17|           1|
    |output_index_2_cast_fu_4586_p2  |    or    |      0|  0|  12|           8|           1|
    |output_index_3_cast_fu_4635_p2  |    or    |      0|  0|  12|           8|           2|
    |output_index_4_cast_fu_4684_p2  |    or    |      0|  0|  12|           8|           2|
    |output_index_5_cast_fu_4733_p2  |    or    |      0|  0|  12|           8|           3|
    |output_index_6_cast_fu_4782_p2  |    or    |      0|  0|  12|           8|           3|
    |output_index_7_cast_fu_5549_p2  |    or    |      0|  0|  12|           8|           3|
    |i_fu_4843_p3                    |  select  |      0|  0|  17|           1|          17|
    |tmp_11_fu_4871_p3               |  select  |      0|  0|  12|           1|          12|
    |rev10_fu_5186_p2                |    xor   |      0|  0|   2|           1|           2|
    |rev11_fu_5191_p2                |    xor   |      0|  0|   2|           1|           2|
    |rev12_fu_5212_p2                |    xor   |      0|  0|   2|           1|           2|
    |rev13_fu_5217_p2                |    xor   |      0|  0|   2|           1|           2|
    |rev14_fu_5600_p2                |    xor   |      0|  0|   2|           1|           2|
    |rev15_fu_5609_p2                |    xor   |      0|  0|   2|           1|           2|
    |rev1_fu_5061_p2                 |    xor   |      0|  0|   2|           1|           2|
    |rev2_fu_5082_p2                 |    xor   |      0|  0|   2|           1|           2|
    |rev3_fu_5087_p2                 |    xor   |      0|  0|   2|           1|           2|
    |rev4_fu_5108_p2                 |    xor   |      0|  0|   2|           1|           2|
    |rev5_fu_5113_p2                 |    xor   |      0|  0|   2|           1|           2|
    |rev6_fu_5134_p2                 |    xor   |      0|  0|   2|           1|           2|
    |rev7_fu_5139_p2                 |    xor   |      0|  0|   2|           1|           2|
    |rev8_fu_5160_p2                 |    xor   |      0|  0|   2|           1|           2|
    |rev9_fu_5165_p2                 |    xor   |      0|  0|   2|           1|           2|
    |rev_fu_5056_p2                  |    xor   |      0|  0|   2|           1|           2|
    +--------------------------------+----------+-------+---+----+------------+------------+
    |Total                           |          |      0|  0|1761|        2607|        2566|
    +--------------------------------+----------+-------+---+----+------------+------------+

    * Multiplexer: 
    +------------------------+-----+-----------+-----+-----------+
    |          Name          | LUT | Input Size| Bits| Total Bits|
    +------------------------+-----+-----------+-----+-----------+
    |ap_NS_fsm               |  231|        105|    1|        105|
    |gep103_loc_reg_4261     |   16|          2|   16|         32|
    |gep4729_loc_reg_4338    |   16|          2|   16|         32|
    |gep49_loc_reg_4327      |   16|          2|   16|         32|
    |gep58_loc_reg_4316      |   16|          2|   16|         32|
    |gep67_loc_reg_4305      |   16|          2|   16|         32|
    |gep76_loc_reg_4294      |   16|          2|   16|         32|
    |gep85_loc_reg_4283      |   16|          2|   16|         32|
    |gep94_loc_reg_4272      |   16|          2|   16|         32|
    |input_index_reg_4249    |   14|          2|   14|         28|
    |reg_4358                |   16|          2|   16|         32|
    |reg_4394                |   16|          2|   16|         32|
    |reg_4400                |   16|          2|   16|         32|
    |stencil_buf_0_address0  |   77|         36|    7|        252|
    |stencil_buf_0_address1  |   70|         35|    7|        245|
    |stencil_buf_0_d0        |  160|         35|   16|        560|
    |stencil_buf_0_d1        |  160|         32|   16|        512|
    |stencil_buf_1_address0  |  147|         64|    7|        448|
    |stencil_buf_1_address1  |  147|         64|    7|        448|
    |stencil_buf_1_d0        |  160|         33|   16|        528|
    |stencil_buf_1_d1        |  160|         33|   16|        528|
    |stencil_buf_2_address0  |  105|         49|    7|        343|
    |stencil_buf_2_address1  |  105|         49|    7|        343|
    |stencil_buf_2_d0        |  160|         34|   16|        544|
    |stencil_buf_2_d1        |  160|         33|   16|        528|
    |stencil_buf_3_address0  |  105|         49|    7|        343|
    |stencil_buf_3_address1  |  105|         49|    7|        343|
    |stencil_buf_3_d0        |  160|         33|   16|        528|
    |stencil_buf_3_d1        |  160|         33|   16|        528|
    |stencil_buf_4_address0  |  105|         49|    7|        343|
    |stencil_buf_4_address1  |  105|         49|    7|        343|
    |stencil_buf_4_d0        |  160|         33|   16|        528|
    |stencil_buf_4_d1        |  160|         33|   16|        528|
    |stencil_buf_5_address0  |  105|         49|    7|        343|
    |stencil_buf_5_address1  |  105|         49|    7|        343|
    |stencil_buf_5_d0        |  160|         33|   16|        528|
    |stencil_buf_5_d1        |  160|         33|   16|        528|
    |stencil_buf_6_address0  |  105|         49|    7|        343|
    |stencil_buf_6_address1  |  105|         49|    7|        343|
    |stencil_buf_6_d0        |  160|         33|   16|        528|
    |stencil_buf_6_d1        |  160|         33|   16|        528|
    |stencil_buf_7_address0  |  105|         49|    7|        343|
    |stencil_buf_7_address1  |  105|         49|    7|        343|
    |stencil_buf_7_d0        |  160|         33|   16|        528|
    |stencil_buf_7_d1        |  160|         33|   16|        528|
    +------------------------+-----+-----------+-----+-----------+
    |Total                   | 4682|       1446|  559|      14474|
    +------------------------+-----+-----------+-----+-----------+

    * Register: 
    +---------------------------------+-----+----+-----+-----------+
    |               Name              |  FF | LUT| Bits| Const Bits|
    +---------------------------------+-----+----+-----+-----------+
    |ap_CS_fsm                        |  104|   0|  104|          0|
    |assign_110_1_reg_11551           |   16|   0|   16|          0|
    |assign_110_2_reg_11561           |   16|   0|   16|          0|
    |assign_110_3_reg_11571           |   16|   0|   16|          0|
    |assign_110_4_reg_11581           |   16|   0|   16|          0|
    |assign_110_5_reg_11591           |   16|   0|   16|          0|
    |assign_110_6_reg_11601           |   16|   0|   16|          0|
    |assign_110_7_reg_11635           |   16|   0|   16|          0|
    |assign_115_1_reg_11556           |   16|   0|   16|          0|
    |assign_115_2_reg_11566           |   16|   0|   16|          0|
    |assign_115_3_reg_11576           |   16|   0|   16|          0|
    |assign_115_4_reg_11586           |   16|   0|   16|          0|
    |assign_115_5_reg_11596           |   16|   0|   16|          0|
    |assign_115_6_reg_11606           |   16|   0|   16|          0|
    |assign_115_7_reg_11645           |   16|   0|   16|          0|
    |assign_1_reg_9316                |   16|   0|   16|          0|
    |assign_3_reg_11546               |   16|   0|   16|          0|
    |exitcond3_reg_8637               |    1|   0|    1|          0|
    |gep103_loc_reg_4261              |   16|   0|   16|          0|
    |gep4729_loc_reg_4338             |   16|   0|   16|          0|
    |gep49_loc_reg_4327               |   16|   0|   16|          0|
    |gep58_loc_reg_4316               |   16|   0|   16|          0|
    |gep67_loc_reg_4305               |   16|   0|   16|          0|
    |gep76_loc_reg_4294               |   16|   0|   16|          0|
    |gep85_loc_reg_4283               |   16|   0|   16|          0|
    |gep94_loc_reg_4272               |   16|   0|   16|          0|
    |icmp_reg_8652                    |    1|   0|    1|          0|
    |input_0_load_reg_9188            |   16|   0|   16|          0|
    |input_1_load_reg_9194            |   16|   0|   16|          0|
    |input_2_load_reg_9200            |   16|   0|   16|          0|
    |input_3_load_reg_9206            |   16|   0|   16|          0|
    |input_4_load_reg_9212            |   16|   0|   16|          0|
    |input_5_load_reg_9218            |   16|   0|   16|          0|
    |input_6_load_reg_9224            |   16|   0|   16|          0|
    |input_7_load_reg_9230            |   16|   0|   16|          0|
    |input_index_1_reg_8641           |   14|   0|   14|          0|
    |input_index_reg_4249             |   14|   0|   14|          0|
    |newIndex_reg_11640               |   14|   0|   14|          0|
    |or_cond7_1_reg_9039              |    1|   0|    1|          0|
    |or_cond7_2_reg_9043              |    1|   0|    1|          0|
    |or_cond7_3_reg_9047              |    1|   0|    1|          0|
    |or_cond7_4_reg_9051              |    1|   0|    1|          0|
    |or_cond7_5_reg_9055              |    1|   0|    1|          0|
    |or_cond7_6_reg_9059              |    1|   0|    1|          0|
    |or_cond7_7_reg_11631             |    1|   0|    1|          0|
    |or_cond7_reg_9035                |    1|   0|    1|          0|
    |p_lshr_f_2_cast_reg_8697         |    9|   0|    9|          0|
    |p_lshr_f_3_cast_reg_8716         |    9|   0|    9|          0|
    |p_lshr_f_4_cast_reg_8735         |    9|   0|    9|          0|
    |p_lshr_f_5_cast_reg_8754         |    9|   0|    9|          0|
    |p_lshr_f_6_cast_reg_8773         |    9|   0|    9|          0|
    |p_neg_t2_reg_8679                |   14|   0|   17|          3|
    |p_neg_t_reg_8684                 |   12|   0|   12|          0|
    |q_7_reg_11615                    |   32|   0|   32|          0|
    |reg_4358                         |   16|   0|   16|          0|
    |reg_4364                         |   16|   0|   16|          0|
    |reg_4369                         |   16|   0|   16|          0|
    |reg_4374                         |   16|   0|   16|          0|
    |reg_4379                         |   16|   0|   16|          0|
    |reg_4384                         |   16|   0|   16|          0|
    |reg_4389                         |   16|   0|   16|          0|
    |reg_4394                         |   16|   0|   16|          0|
    |reg_4400                         |   16|   0|   16|          0|
    |slt10_reg_8759                   |    1|   0|    1|          0|
    |slt11_reg_8954                   |    1|   0|    1|          0|
    |slt12_reg_8778                   |    1|   0|    1|          0|
    |slt13_reg_8969                   |    1|   0|    1|          0|
    |slt14_reg_11621                  |    1|   0|    1|          0|
    |slt1_reg_8869                    |    1|   0|    1|          0|
    |slt2_reg_8884                    |    1|   0|    1|          0|
    |slt3_reg_8889                    |    1|   0|    1|          0|
    |slt4_reg_8702                    |    1|   0|    1|          0|
    |slt5_reg_8909                    |    1|   0|    1|          0|
    |slt6_reg_8721                    |    1|   0|    1|          0|
    |slt7_reg_8924                    |    1|   0|    1|          0|
    |slt8_reg_8740                    |    1|   0|    1|          0|
    |slt9_reg_8939                    |    1|   0|    1|          0|
    |slt_reg_8864                     |    1|   0|    1|          0|
    |stencil_buf_0_load_10_reg_9631   |   16|   0|   16|          0|
    |stencil_buf_0_load_11_reg_9671   |   16|   0|   16|          0|
    |stencil_buf_0_load_12_reg_9711   |   16|   0|   16|          0|
    |stencil_buf_0_load_13_reg_9751   |   16|   0|   16|          0|
    |stencil_buf_0_load_14_reg_9791   |   16|   0|   16|          0|
    |stencil_buf_0_load_15_reg_9831   |   16|   0|   16|          0|
    |stencil_buf_0_load_16_reg_9871   |   16|   0|   16|          0|
    |stencil_buf_0_load_17_reg_9911   |   16|   0|   16|          0|
    |stencil_buf_0_load_18_reg_9951   |   16|   0|   16|          0|
    |stencil_buf_0_load_19_reg_9991   |   16|   0|   16|          0|
    |stencil_buf_0_load_1_reg_8788    |   16|   0|   16|          0|
    |stencil_buf_0_load_20_reg_10031  |   16|   0|   16|          0|
    |stencil_buf_0_load_21_reg_10071  |   16|   0|   16|          0|
    |stencil_buf_0_load_22_reg_10111  |   16|   0|   16|          0|
    |stencil_buf_0_load_23_reg_10151  |   16|   0|   16|          0|
    |stencil_buf_0_load_24_reg_10191  |   16|   0|   16|          0|
    |stencil_buf_0_load_25_reg_10231  |   16|   0|   16|          0|
    |stencil_buf_0_load_26_reg_10271  |   16|   0|   16|          0|
    |stencil_buf_0_load_27_reg_10311  |   16|   0|   16|          0|
    |stencil_buf_0_load_28_reg_10351  |   16|   0|   16|          0|
    |stencil_buf_0_load_29_reg_10391  |   16|   0|   16|          0|
    |stencil_buf_0_load_2_reg_8796    |   16|   0|   16|          0|
    |stencil_buf_0_load_30_reg_10431  |   16|   0|   16|          0|
    |stencil_buf_0_load_31_reg_10471  |   16|   0|   16|          0|
    |stencil_buf_0_load_32_reg_10511  |   16|   0|   16|          0|
    |stencil_buf_0_load_33_reg_10551  |   16|   0|   16|          0|
    |stencil_buf_0_load_34_reg_10621  |   16|   0|   16|          0|
    |stencil_buf_0_load_35_reg_10661  |   16|   0|   16|          0|
    |stencil_buf_0_load_36_reg_10701  |   16|   0|   16|          0|
    |stencil_buf_0_load_37_reg_10741  |   16|   0|   16|          0|
    |stencil_buf_0_load_38_reg_10781  |   16|   0|   16|          0|
    |stencil_buf_0_load_39_reg_10821  |   16|   0|   16|          0|
    |stencil_buf_0_load_3_reg_9023    |   16|   0|   16|          0|
    |stencil_buf_0_load_40_reg_10861  |   16|   0|   16|          0|
    |stencil_buf_0_load_41_reg_10901  |   16|   0|   16|          0|
    |stencil_buf_0_load_42_reg_10941  |   16|   0|   16|          0|
    |stencil_buf_0_load_43_reg_10981  |   16|   0|   16|          0|
    |stencil_buf_0_load_44_reg_11021  |   16|   0|   16|          0|
    |stencil_buf_0_load_45_reg_11061  |   16|   0|   16|          0|
    |stencil_buf_0_load_46_reg_11101  |   16|   0|   16|          0|
    |stencil_buf_0_load_47_reg_11141  |   16|   0|   16|          0|
    |stencil_buf_0_load_48_reg_11181  |   16|   0|   16|          0|
    |stencil_buf_0_load_49_reg_11221  |   16|   0|   16|          0|
    |stencil_buf_0_load_50_reg_11261  |   16|   0|   16|          0|
    |stencil_buf_0_load_51_reg_11301  |   16|   0|   16|          0|
    |stencil_buf_0_load_52_reg_11341  |   16|   0|   16|          0|
    |stencil_buf_0_load_53_reg_11381  |   16|   0|   16|          0|
    |stencil_buf_0_load_54_reg_11421  |   16|   0|   16|          0|
    |stencil_buf_0_load_55_reg_11461  |   16|   0|   16|          0|
    |stencil_buf_0_load_56_reg_11501  |   16|   0|   16|          0|
    |stencil_buf_0_load_57_reg_11541  |   16|   0|   16|          0|
    |stencil_buf_0_load_58_reg_9143   |   16|   0|   16|          0|
    |stencil_buf_0_load_59_reg_9183   |   16|   0|   16|          0|
    |stencil_buf_0_load_5_reg_9431    |   16|   0|   16|          0|
    |stencil_buf_0_load_60_reg_9271   |   16|   0|   16|          0|
    |stencil_buf_0_load_61_reg_9311   |   16|   0|   16|          0|
    |stencil_buf_0_load_62_reg_9351   |   16|   0|   16|          0|
    |stencil_buf_0_load_63_reg_9391   |   16|   0|   16|          0|
    |stencil_buf_0_load_6_reg_9471    |   16|   0|   16|          0|
    |stencil_buf_0_load_7_reg_9511    |   16|   0|   16|          0|
    |stencil_buf_0_load_8_reg_9551    |   16|   0|   16|          0|
    |stencil_buf_0_load_9_reg_9591    |   16|   0|   16|          0|
    |stencil_buf_0_load_reg_9018      |   16|   0|   16|          0|
    |stencil_buf_1_load_10_reg_9626   |   16|   0|   16|          0|
    |stencil_buf_1_load_11_reg_9636   |   16|   0|   16|          0|
    |stencil_buf_1_load_12_reg_9706   |   16|   0|   16|          0|
    |stencil_buf_1_load_13_reg_9716   |   16|   0|   16|          0|
    |stencil_buf_1_load_14_reg_9786   |   16|   0|   16|          0|
    |stencil_buf_1_load_15_reg_9796   |   16|   0|   16|          0|
    |stencil_buf_1_load_16_reg_9866   |   16|   0|   16|          0|
    |stencil_buf_1_load_17_reg_9876   |   16|   0|   16|          0|
    |stencil_buf_1_load_18_reg_9946   |   16|   0|   16|          0|
    |stencil_buf_1_load_19_reg_9956   |   16|   0|   16|          0|
    |stencil_buf_1_load_1_reg_9029    |   16|   0|   16|          0|
    |stencil_buf_1_load_20_reg_10026  |   16|   0|   16|          0|
    |stencil_buf_1_load_21_reg_10036  |   16|   0|   16|          0|
    |stencil_buf_1_load_22_reg_10106  |   16|   0|   16|          0|
    |stencil_buf_1_load_23_reg_10116  |   16|   0|   16|          0|
    |stencil_buf_1_load_24_reg_10186  |   16|   0|   16|          0|
    |stencil_buf_1_load_25_reg_10196  |   16|   0|   16|          0|
    |stencil_buf_1_load_26_reg_10266  |   16|   0|   16|          0|
    |stencil_buf_1_load_27_reg_10276  |   16|   0|   16|          0|
    |stencil_buf_1_load_28_reg_10346  |   16|   0|   16|          0|
    |stencil_buf_1_load_29_reg_10356  |   16|   0|   16|          0|
    |stencil_buf_1_load_2_reg_8802    |   16|   0|   16|          0|
    |stencil_buf_1_load_30_reg_10426  |   16|   0|   16|          0|
    |stencil_buf_1_load_31_reg_10436  |   16|   0|   16|          0|
    |stencil_buf_1_load_32_reg_10506  |   16|   0|   16|          0|
    |stencil_buf_1_load_33_reg_10516  |   16|   0|   16|          0|
    |stencil_buf_1_load_34_reg_10586  |   16|   0|   16|          0|
    |stencil_buf_1_load_35_reg_10626  |   16|   0|   16|          0|
    |stencil_buf_1_load_36_reg_10666  |   16|   0|   16|          0|
    |stencil_buf_1_load_37_reg_10706  |   16|   0|   16|          0|
    |stencil_buf_1_load_38_reg_10746  |   16|   0|   16|          0|
    |stencil_buf_1_load_39_reg_10786  |   16|   0|   16|          0|
    |stencil_buf_1_load_40_reg_10826  |   16|   0|   16|          0|
    |stencil_buf_1_load_41_reg_10866  |   16|   0|   16|          0|
    |stencil_buf_1_load_42_reg_10906  |   16|   0|   16|          0|
    |stencil_buf_1_load_43_reg_10946  |   16|   0|   16|          0|
    |stencil_buf_1_load_44_reg_10986  |   16|   0|   16|          0|
    |stencil_buf_1_load_45_reg_11026  |   16|   0|   16|          0|
    |stencil_buf_1_load_46_reg_11066  |   16|   0|   16|          0|
    |stencil_buf_1_load_47_reg_11106  |   16|   0|   16|          0|
    |stencil_buf_1_load_48_reg_11146  |   16|   0|   16|          0|
    |stencil_buf_1_load_49_reg_11186  |   16|   0|   16|          0|
    |stencil_buf_1_load_50_reg_11226  |   16|   0|   16|          0|
    |stencil_buf_1_load_51_reg_11266  |   16|   0|   16|          0|
    |stencil_buf_1_load_52_reg_11306  |   16|   0|   16|          0|
    |stencil_buf_1_load_53_reg_11346  |   16|   0|   16|          0|
    |stencil_buf_1_load_54_reg_11386  |   16|   0|   16|          0|
    |stencil_buf_1_load_55_reg_11426  |   16|   0|   16|          0|
    |stencil_buf_1_load_56_reg_11466  |   16|   0|   16|          0|
    |stencil_buf_1_load_57_reg_11506  |   16|   0|   16|          0|
    |stencil_buf_1_load_58_reg_9108   |   16|   0|   16|          0|
    |stencil_buf_1_load_59_reg_9148   |   16|   0|   16|          0|
    |stencil_buf_1_load_5_reg_9396    |   16|   0|   16|          0|
    |stencil_buf_1_load_60_reg_9236   |   16|   0|   16|          0|
    |stencil_buf_1_load_61_reg_9276   |   16|   0|   16|          0|
    |stencil_buf_1_load_63_reg_9356   |   16|   0|   16|          0|
    |stencil_buf_1_load_6_reg_9466    |   16|   0|   16|          0|
    |stencil_buf_1_load_7_reg_9476    |   16|   0|   16|          0|
    |stencil_buf_1_load_8_reg_9546    |   16|   0|   16|          0|
    |stencil_buf_1_load_9_reg_9556    |   16|   0|   16|          0|
    |stencil_buf_2_load_10_reg_9641   |   16|   0|   16|          0|
    |stencil_buf_2_load_11_reg_9676   |   16|   0|   16|          0|
    |stencil_buf_2_load_12_reg_9721   |   16|   0|   16|          0|
    |stencil_buf_2_load_13_reg_9756   |   16|   0|   16|          0|
    |stencil_buf_2_load_14_reg_9801   |   16|   0|   16|          0|
    |stencil_buf_2_load_15_reg_9836   |   16|   0|   16|          0|
    |stencil_buf_2_load_16_reg_9881   |   16|   0|   16|          0|
    |stencil_buf_2_load_17_reg_9916   |   16|   0|   16|          0|
    |stencil_buf_2_load_18_reg_9961   |   16|   0|   16|          0|
    |stencil_buf_2_load_19_reg_9996   |   16|   0|   16|          0|
    |stencil_buf_2_load_1_reg_8810    |   16|   0|   16|          0|
    |stencil_buf_2_load_20_reg_10041  |   16|   0|   16|          0|
    |stencil_buf_2_load_21_reg_10076  |   16|   0|   16|          0|
    |stencil_buf_2_load_22_reg_10121  |   16|   0|   16|          0|
    |stencil_buf_2_load_23_reg_10156  |   16|   0|   16|          0|
    |stencil_buf_2_load_24_reg_10201  |   16|   0|   16|          0|
    |stencil_buf_2_load_25_reg_10236  |   16|   0|   16|          0|
    |stencil_buf_2_load_26_reg_10281  |   16|   0|   16|          0|
    |stencil_buf_2_load_27_reg_10316  |   16|   0|   16|          0|
    |stencil_buf_2_load_28_reg_10361  |   16|   0|   16|          0|
    |stencil_buf_2_load_29_reg_10396  |   16|   0|   16|          0|
    |stencil_buf_2_load_30_reg_10441  |   16|   0|   16|          0|
    |stencil_buf_2_load_31_reg_10476  |   16|   0|   16|          0|
    |stencil_buf_2_load_32_reg_10521  |   16|   0|   16|          0|
    |stencil_buf_2_load_33_reg_10556  |   16|   0|   16|          0|
    |stencil_buf_2_load_34_reg_10591  |   16|   0|   16|          0|
    |stencil_buf_2_load_35_reg_10631  |   16|   0|   16|          0|
    |stencil_buf_2_load_36_reg_10671  |   16|   0|   16|          0|
    |stencil_buf_2_load_37_reg_10711  |   16|   0|   16|          0|
    |stencil_buf_2_load_38_reg_10751  |   16|   0|   16|          0|
    |stencil_buf_2_load_39_reg_10791  |   16|   0|   16|          0|
    |stencil_buf_2_load_3_reg_9063    |   16|   0|   16|          0|
    |stencil_buf_2_load_40_reg_10831  |   16|   0|   16|          0|
    |stencil_buf_2_load_41_reg_10871  |   16|   0|   16|          0|
    |stencil_buf_2_load_42_reg_10911  |   16|   0|   16|          0|
    |stencil_buf_2_load_43_reg_10951  |   16|   0|   16|          0|
    |stencil_buf_2_load_44_reg_10991  |   16|   0|   16|          0|
    |stencil_buf_2_load_45_reg_11031  |   16|   0|   16|          0|
    |stencil_buf_2_load_46_reg_11071  |   16|   0|   16|          0|
    |stencil_buf_2_load_47_reg_11111  |   16|   0|   16|          0|
    |stencil_buf_2_load_48_reg_11151  |   16|   0|   16|          0|
    |stencil_buf_2_load_49_reg_11191  |   16|   0|   16|          0|
    |stencil_buf_2_load_4_reg_9401    |   16|   0|   16|          0|
    |stencil_buf_2_load_50_reg_11231  |   16|   0|   16|          0|
    |stencil_buf_2_load_51_reg_11271  |   16|   0|   16|          0|
    |stencil_buf_2_load_52_reg_11311  |   16|   0|   16|          0|
    |stencil_buf_2_load_53_reg_11351  |   16|   0|   16|          0|
    |stencil_buf_2_load_54_reg_11391  |   16|   0|   16|          0|
    |stencil_buf_2_load_55_reg_11431  |   16|   0|   16|          0|
    |stencil_buf_2_load_56_reg_11471  |   16|   0|   16|          0|
    |stencil_buf_2_load_57_reg_11511  |   16|   0|   16|          0|
    |stencil_buf_2_load_58_reg_9113   |   16|   0|   16|          0|
    |stencil_buf_2_load_59_reg_9153   |   16|   0|   16|          0|
    |stencil_buf_2_load_5_reg_9436    |   16|   0|   16|          0|
    |stencil_buf_2_load_60_reg_9241   |   16|   0|   16|          0|
    |stencil_buf_2_load_61_reg_9281   |   16|   0|   16|          0|
    |stencil_buf_2_load_62_reg_9321   |   16|   0|   16|          0|
    |stencil_buf_2_load_63_reg_9361   |   16|   0|   16|          0|
    |stencil_buf_2_load_6_reg_9481    |   16|   0|   16|          0|
    |stencil_buf_2_load_7_reg_9516    |   16|   0|   16|          0|
    |stencil_buf_2_load_8_reg_9561    |   16|   0|   16|          0|
    |stencil_buf_2_load_9_reg_9596    |   16|   0|   16|          0|
    |stencil_buf_2_load_reg_8988      |   16|   0|   16|          0|
    |stencil_buf_3_load_10_reg_9646   |   16|   0|   16|          0|
    |stencil_buf_3_load_11_reg_9681   |   16|   0|   16|          0|
    |stencil_buf_3_load_12_reg_9726   |   16|   0|   16|          0|
    |stencil_buf_3_load_13_reg_9761   |   16|   0|   16|          0|
    |stencil_buf_3_load_14_reg_9806   |   16|   0|   16|          0|
    |stencil_buf_3_load_15_reg_9841   |   16|   0|   16|          0|
    |stencil_buf_3_load_16_reg_9886   |   16|   0|   16|          0|
    |stencil_buf_3_load_17_reg_9921   |   16|   0|   16|          0|
    |stencil_buf_3_load_18_reg_9966   |   16|   0|   16|          0|
    |stencil_buf_3_load_19_reg_10001  |   16|   0|   16|          0|
    |stencil_buf_3_load_1_reg_8819    |   16|   0|   16|          0|
    |stencil_buf_3_load_20_reg_10046  |   16|   0|   16|          0|
    |stencil_buf_3_load_21_reg_10081  |   16|   0|   16|          0|
    |stencil_buf_3_load_22_reg_10126  |   16|   0|   16|          0|
    |stencil_buf_3_load_23_reg_10161  |   16|   0|   16|          0|
    |stencil_buf_3_load_24_reg_10206  |   16|   0|   16|          0|
    |stencil_buf_3_load_25_reg_10241  |   16|   0|   16|          0|
    |stencil_buf_3_load_26_reg_10286  |   16|   0|   16|          0|
    |stencil_buf_3_load_27_reg_10321  |   16|   0|   16|          0|
    |stencil_buf_3_load_28_reg_10366  |   16|   0|   16|          0|
    |stencil_buf_3_load_29_reg_10401  |   16|   0|   16|          0|
    |stencil_buf_3_load_2_reg_8904    |   16|   0|   16|          0|
    |stencil_buf_3_load_30_reg_10446  |   16|   0|   16|          0|
    |stencil_buf_3_load_31_reg_10481  |   16|   0|   16|          0|
    |stencil_buf_3_load_32_reg_10526  |   16|   0|   16|          0|
    |stencil_buf_3_load_33_reg_10561  |   16|   0|   16|          0|
    |stencil_buf_3_load_34_reg_10596  |   16|   0|   16|          0|
    |stencil_buf_3_load_35_reg_10636  |   16|   0|   16|          0|
    |stencil_buf_3_load_36_reg_10676  |   16|   0|   16|          0|
    |stencil_buf_3_load_37_reg_10716  |   16|   0|   16|          0|
    |stencil_buf_3_load_38_reg_10756  |   16|   0|   16|          0|
    |stencil_buf_3_load_39_reg_10796  |   16|   0|   16|          0|
    |stencil_buf_3_load_40_reg_10836  |   16|   0|   16|          0|
    |stencil_buf_3_load_41_reg_10876  |   16|   0|   16|          0|
    |stencil_buf_3_load_42_reg_10916  |   16|   0|   16|          0|
    |stencil_buf_3_load_43_reg_10956  |   16|   0|   16|          0|
    |stencil_buf_3_load_44_reg_10996  |   16|   0|   16|          0|
    |stencil_buf_3_load_45_reg_11036  |   16|   0|   16|          0|
    |stencil_buf_3_load_46_reg_11076  |   16|   0|   16|          0|
    |stencil_buf_3_load_47_reg_11116  |   16|   0|   16|          0|
    |stencil_buf_3_load_48_reg_11156  |   16|   0|   16|          0|
    |stencil_buf_3_load_49_reg_11196  |   16|   0|   16|          0|
    |stencil_buf_3_load_4_reg_9406    |   16|   0|   16|          0|
    |stencil_buf_3_load_50_reg_11236  |   16|   0|   16|          0|
    |stencil_buf_3_load_51_reg_11276  |   16|   0|   16|          0|
    |stencil_buf_3_load_52_reg_11316  |   16|   0|   16|          0|
    |stencil_buf_3_load_53_reg_11356  |   16|   0|   16|          0|
    |stencil_buf_3_load_54_reg_11396  |   16|   0|   16|          0|
    |stencil_buf_3_load_55_reg_11436  |   16|   0|   16|          0|
    |stencil_buf_3_load_56_reg_11476  |   16|   0|   16|          0|
    |stencil_buf_3_load_57_reg_11516  |   16|   0|   16|          0|
    |stencil_buf_3_load_58_reg_9118   |   16|   0|   16|          0|
    |stencil_buf_3_load_59_reg_9158   |   16|   0|   16|          0|
    |stencil_buf_3_load_5_reg_9441    |   16|   0|   16|          0|
    |stencil_buf_3_load_60_reg_9246   |   16|   0|   16|          0|
    |stencil_buf_3_load_61_reg_9286   |   16|   0|   16|          0|
    |stencil_buf_3_load_62_reg_9326   |   16|   0|   16|          0|
    |stencil_buf_3_load_63_reg_9366   |   16|   0|   16|          0|
    |stencil_buf_3_load_6_reg_9486    |   16|   0|   16|          0|
    |stencil_buf_3_load_7_reg_9521    |   16|   0|   16|          0|
    |stencil_buf_3_load_8_reg_9566    |   16|   0|   16|          0|
    |stencil_buf_3_load_9_reg_9601    |   16|   0|   16|          0|
    |stencil_buf_3_load_reg_8993      |   16|   0|   16|          0|
    |stencil_buf_4_load_10_reg_9651   |   16|   0|   16|          0|
    |stencil_buf_4_load_11_reg_9686   |   16|   0|   16|          0|
    |stencil_buf_4_load_12_reg_9731   |   16|   0|   16|          0|
    |stencil_buf_4_load_13_reg_9766   |   16|   0|   16|          0|
    |stencil_buf_4_load_14_reg_9811   |   16|   0|   16|          0|
    |stencil_buf_4_load_15_reg_9846   |   16|   0|   16|          0|
    |stencil_buf_4_load_16_reg_9891   |   16|   0|   16|          0|
    |stencil_buf_4_load_17_reg_9926   |   16|   0|   16|          0|
    |stencil_buf_4_load_18_reg_9971   |   16|   0|   16|          0|
    |stencil_buf_4_load_19_reg_10006  |   16|   0|   16|          0|
    |stencil_buf_4_load_1_reg_8828    |   16|   0|   16|          0|
    |stencil_buf_4_load_20_reg_10051  |   16|   0|   16|          0|
    |stencil_buf_4_load_21_reg_10086  |   16|   0|   16|          0|
    |stencil_buf_4_load_22_reg_10131  |   16|   0|   16|          0|
    |stencil_buf_4_load_23_reg_10166  |   16|   0|   16|          0|
    |stencil_buf_4_load_24_reg_10211  |   16|   0|   16|          0|
    |stencil_buf_4_load_25_reg_10246  |   16|   0|   16|          0|
    |stencil_buf_4_load_26_reg_10291  |   16|   0|   16|          0|
    |stencil_buf_4_load_27_reg_10326  |   16|   0|   16|          0|
    |stencil_buf_4_load_28_reg_10371  |   16|   0|   16|          0|
    |stencil_buf_4_load_29_reg_10406  |   16|   0|   16|          0|
    |stencil_buf_4_load_2_reg_8919    |   16|   0|   16|          0|
    |stencil_buf_4_load_30_reg_10451  |   16|   0|   16|          0|
    |stencil_buf_4_load_31_reg_10486  |   16|   0|   16|          0|
    |stencil_buf_4_load_32_reg_10531  |   16|   0|   16|          0|
    |stencil_buf_4_load_33_reg_10566  |   16|   0|   16|          0|
    |stencil_buf_4_load_34_reg_10601  |   16|   0|   16|          0|
    |stencil_buf_4_load_35_reg_10641  |   16|   0|   16|          0|
    |stencil_buf_4_load_36_reg_10681  |   16|   0|   16|          0|
    |stencil_buf_4_load_37_reg_10721  |   16|   0|   16|          0|
    |stencil_buf_4_load_38_reg_10761  |   16|   0|   16|          0|
    |stencil_buf_4_load_39_reg_10801  |   16|   0|   16|          0|
    |stencil_buf_4_load_40_reg_10841  |   16|   0|   16|          0|
    |stencil_buf_4_load_41_reg_10881  |   16|   0|   16|          0|
    |stencil_buf_4_load_42_reg_10921  |   16|   0|   16|          0|
    |stencil_buf_4_load_43_reg_10961  |   16|   0|   16|          0|
    |stencil_buf_4_load_44_reg_11001  |   16|   0|   16|          0|
    |stencil_buf_4_load_45_reg_11041  |   16|   0|   16|          0|
    |stencil_buf_4_load_46_reg_11081  |   16|   0|   16|          0|
    |stencil_buf_4_load_47_reg_11121  |   16|   0|   16|          0|
    |stencil_buf_4_load_48_reg_11161  |   16|   0|   16|          0|
    |stencil_buf_4_load_49_reg_11201  |   16|   0|   16|          0|
    |stencil_buf_4_load_4_reg_9411    |   16|   0|   16|          0|
    |stencil_buf_4_load_50_reg_11241  |   16|   0|   16|          0|
    |stencil_buf_4_load_51_reg_11281  |   16|   0|   16|          0|
    |stencil_buf_4_load_52_reg_11321  |   16|   0|   16|          0|
    |stencil_buf_4_load_53_reg_11361  |   16|   0|   16|          0|
    |stencil_buf_4_load_54_reg_11401  |   16|   0|   16|          0|
    |stencil_buf_4_load_55_reg_11441  |   16|   0|   16|          0|
    |stencil_buf_4_load_56_reg_11481  |   16|   0|   16|          0|
    |stencil_buf_4_load_57_reg_11521  |   16|   0|   16|          0|
    |stencil_buf_4_load_58_reg_9123   |   16|   0|   16|          0|
    |stencil_buf_4_load_59_reg_9163   |   16|   0|   16|          0|
    |stencil_buf_4_load_5_reg_9446    |   16|   0|   16|          0|
    |stencil_buf_4_load_60_reg_9251   |   16|   0|   16|          0|
    |stencil_buf_4_load_61_reg_9291   |   16|   0|   16|          0|
    |stencil_buf_4_load_62_reg_9331   |   16|   0|   16|          0|
    |stencil_buf_4_load_63_reg_9371   |   16|   0|   16|          0|
    |stencil_buf_4_load_6_reg_9491    |   16|   0|   16|          0|
    |stencil_buf_4_load_7_reg_9526    |   16|   0|   16|          0|
    |stencil_buf_4_load_8_reg_9571    |   16|   0|   16|          0|
    |stencil_buf_4_load_9_reg_9606    |   16|   0|   16|          0|
    |stencil_buf_4_load_reg_8998      |   16|   0|   16|          0|
    |stencil_buf_5_load_10_reg_9656   |   16|   0|   16|          0|
    |stencil_buf_5_load_11_reg_9691   |   16|   0|   16|          0|
    |stencil_buf_5_load_12_reg_9736   |   16|   0|   16|          0|
    |stencil_buf_5_load_13_reg_9771   |   16|   0|   16|          0|
    |stencil_buf_5_load_14_reg_9816   |   16|   0|   16|          0|
    |stencil_buf_5_load_15_reg_9851   |   16|   0|   16|          0|
    |stencil_buf_5_load_16_reg_9896   |   16|   0|   16|          0|
    |stencil_buf_5_load_17_reg_9931   |   16|   0|   16|          0|
    |stencil_buf_5_load_18_reg_9976   |   16|   0|   16|          0|
    |stencil_buf_5_load_19_reg_10011  |   16|   0|   16|          0|
    |stencil_buf_5_load_1_reg_8837    |   16|   0|   16|          0|
    |stencil_buf_5_load_20_reg_10056  |   16|   0|   16|          0|
    |stencil_buf_5_load_21_reg_10091  |   16|   0|   16|          0|
    |stencil_buf_5_load_22_reg_10136  |   16|   0|   16|          0|
    |stencil_buf_5_load_23_reg_10171  |   16|   0|   16|          0|
    |stencil_buf_5_load_24_reg_10216  |   16|   0|   16|          0|
    |stencil_buf_5_load_25_reg_10251  |   16|   0|   16|          0|
    |stencil_buf_5_load_26_reg_10296  |   16|   0|   16|          0|
    |stencil_buf_5_load_27_reg_10331  |   16|   0|   16|          0|
    |stencil_buf_5_load_28_reg_10376  |   16|   0|   16|          0|
    |stencil_buf_5_load_29_reg_10411  |   16|   0|   16|          0|
    |stencil_buf_5_load_2_reg_8934    |   16|   0|   16|          0|
    |stencil_buf_5_load_30_reg_10456  |   16|   0|   16|          0|
    |stencil_buf_5_load_31_reg_10491  |   16|   0|   16|          0|
    |stencil_buf_5_load_32_reg_10536  |   16|   0|   16|          0|
    |stencil_buf_5_load_33_reg_10571  |   16|   0|   16|          0|
    |stencil_buf_5_load_34_reg_10606  |   16|   0|   16|          0|
    |stencil_buf_5_load_35_reg_10646  |   16|   0|   16|          0|
    |stencil_buf_5_load_36_reg_10686  |   16|   0|   16|          0|
    |stencil_buf_5_load_37_reg_10726  |   16|   0|   16|          0|
    |stencil_buf_5_load_38_reg_10766  |   16|   0|   16|          0|
    |stencil_buf_5_load_39_reg_10806  |   16|   0|   16|          0|
    |stencil_buf_5_load_40_reg_10846  |   16|   0|   16|          0|
    |stencil_buf_5_load_41_reg_10886  |   16|   0|   16|          0|
    |stencil_buf_5_load_42_reg_10926  |   16|   0|   16|          0|
    |stencil_buf_5_load_43_reg_10966  |   16|   0|   16|          0|
    |stencil_buf_5_load_44_reg_11006  |   16|   0|   16|          0|
    |stencil_buf_5_load_45_reg_11046  |   16|   0|   16|          0|
    |stencil_buf_5_load_46_reg_11086  |   16|   0|   16|          0|
    |stencil_buf_5_load_47_reg_11126  |   16|   0|   16|          0|
    |stencil_buf_5_load_48_reg_11166  |   16|   0|   16|          0|
    |stencil_buf_5_load_49_reg_11206  |   16|   0|   16|          0|
    |stencil_buf_5_load_4_reg_9416    |   16|   0|   16|          0|
    |stencil_buf_5_load_50_reg_11246  |   16|   0|   16|          0|
    |stencil_buf_5_load_51_reg_11286  |   16|   0|   16|          0|
    |stencil_buf_5_load_52_reg_11326  |   16|   0|   16|          0|
    |stencil_buf_5_load_53_reg_11366  |   16|   0|   16|          0|
    |stencil_buf_5_load_54_reg_11406  |   16|   0|   16|          0|
    |stencil_buf_5_load_55_reg_11446  |   16|   0|   16|          0|
    |stencil_buf_5_load_56_reg_11486  |   16|   0|   16|          0|
    |stencil_buf_5_load_57_reg_11526  |   16|   0|   16|          0|
    |stencil_buf_5_load_58_reg_9128   |   16|   0|   16|          0|
    |stencil_buf_5_load_59_reg_9168   |   16|   0|   16|          0|
    |stencil_buf_5_load_5_reg_9451    |   16|   0|   16|          0|
    |stencil_buf_5_load_60_reg_9256   |   16|   0|   16|          0|
    |stencil_buf_5_load_61_reg_9296   |   16|   0|   16|          0|
    |stencil_buf_5_load_62_reg_9336   |   16|   0|   16|          0|
    |stencil_buf_5_load_63_reg_9376   |   16|   0|   16|          0|
    |stencil_buf_5_load_6_reg_9496    |   16|   0|   16|          0|
    |stencil_buf_5_load_7_reg_9531    |   16|   0|   16|          0|
    |stencil_buf_5_load_8_reg_9576    |   16|   0|   16|          0|
    |stencil_buf_5_load_9_reg_9611    |   16|   0|   16|          0|
    |stencil_buf_5_load_reg_9003      |   16|   0|   16|          0|
    |stencil_buf_6_load_10_reg_9661   |   16|   0|   16|          0|
    |stencil_buf_6_load_11_reg_9696   |   16|   0|   16|          0|
    |stencil_buf_6_load_12_reg_9741   |   16|   0|   16|          0|
    |stencil_buf_6_load_13_reg_9776   |   16|   0|   16|          0|
    |stencil_buf_6_load_14_reg_9821   |   16|   0|   16|          0|
    |stencil_buf_6_load_15_reg_9856   |   16|   0|   16|          0|
    |stencil_buf_6_load_16_reg_9901   |   16|   0|   16|          0|
    |stencil_buf_6_load_17_reg_9936   |   16|   0|   16|          0|
    |stencil_buf_6_load_18_reg_9981   |   16|   0|   16|          0|
    |stencil_buf_6_load_19_reg_10016  |   16|   0|   16|          0|
    |stencil_buf_6_load_1_reg_8846    |   16|   0|   16|          0|
    |stencil_buf_6_load_20_reg_10061  |   16|   0|   16|          0|
    |stencil_buf_6_load_21_reg_10096  |   16|   0|   16|          0|
    |stencil_buf_6_load_22_reg_10141  |   16|   0|   16|          0|
    |stencil_buf_6_load_23_reg_10176  |   16|   0|   16|          0|
    |stencil_buf_6_load_24_reg_10221  |   16|   0|   16|          0|
    |stencil_buf_6_load_25_reg_10256  |   16|   0|   16|          0|
    |stencil_buf_6_load_26_reg_10301  |   16|   0|   16|          0|
    |stencil_buf_6_load_27_reg_10336  |   16|   0|   16|          0|
    |stencil_buf_6_load_28_reg_10381  |   16|   0|   16|          0|
    |stencil_buf_6_load_29_reg_10416  |   16|   0|   16|          0|
    |stencil_buf_6_load_2_reg_8949    |   16|   0|   16|          0|
    |stencil_buf_6_load_30_reg_10461  |   16|   0|   16|          0|
    |stencil_buf_6_load_31_reg_10496  |   16|   0|   16|          0|
    |stencil_buf_6_load_32_reg_10541  |   16|   0|   16|          0|
    |stencil_buf_6_load_33_reg_10576  |   16|   0|   16|          0|
    |stencil_buf_6_load_34_reg_10611  |   16|   0|   16|          0|
    |stencil_buf_6_load_35_reg_10651  |   16|   0|   16|          0|
    |stencil_buf_6_load_36_reg_10691  |   16|   0|   16|          0|
    |stencil_buf_6_load_37_reg_10731  |   16|   0|   16|          0|
    |stencil_buf_6_load_38_reg_10771  |   16|   0|   16|          0|
    |stencil_buf_6_load_39_reg_10811  |   16|   0|   16|          0|
    |stencil_buf_6_load_40_reg_10851  |   16|   0|   16|          0|
    |stencil_buf_6_load_41_reg_10891  |   16|   0|   16|          0|
    |stencil_buf_6_load_42_reg_10931  |   16|   0|   16|          0|
    |stencil_buf_6_load_43_reg_10971  |   16|   0|   16|          0|
    |stencil_buf_6_load_44_reg_11011  |   16|   0|   16|          0|
    |stencil_buf_6_load_45_reg_11051  |   16|   0|   16|          0|
    |stencil_buf_6_load_46_reg_11091  |   16|   0|   16|          0|
    |stencil_buf_6_load_47_reg_11131  |   16|   0|   16|          0|
    |stencil_buf_6_load_48_reg_11171  |   16|   0|   16|          0|
    |stencil_buf_6_load_49_reg_11211  |   16|   0|   16|          0|
    |stencil_buf_6_load_4_reg_9421    |   16|   0|   16|          0|
    |stencil_buf_6_load_50_reg_11251  |   16|   0|   16|          0|
    |stencil_buf_6_load_51_reg_11291  |   16|   0|   16|          0|
    |stencil_buf_6_load_52_reg_11331  |   16|   0|   16|          0|
    |stencil_buf_6_load_53_reg_11371  |   16|   0|   16|          0|
    |stencil_buf_6_load_54_reg_11411  |   16|   0|   16|          0|
    |stencil_buf_6_load_55_reg_11451  |   16|   0|   16|          0|
    |stencil_buf_6_load_56_reg_11491  |   16|   0|   16|          0|
    |stencil_buf_6_load_57_reg_11531  |   16|   0|   16|          0|
    |stencil_buf_6_load_58_reg_9133   |   16|   0|   16|          0|
    |stencil_buf_6_load_59_reg_9173   |   16|   0|   16|          0|
    |stencil_buf_6_load_5_reg_9456    |   16|   0|   16|          0|
    |stencil_buf_6_load_60_reg_9261   |   16|   0|   16|          0|
    |stencil_buf_6_load_61_reg_9301   |   16|   0|   16|          0|
    |stencil_buf_6_load_62_reg_9341   |   16|   0|   16|          0|
    |stencil_buf_6_load_63_reg_9381   |   16|   0|   16|          0|
    |stencil_buf_6_load_6_reg_9501    |   16|   0|   16|          0|
    |stencil_buf_6_load_7_reg_9536    |   16|   0|   16|          0|
    |stencil_buf_6_load_8_reg_9581    |   16|   0|   16|          0|
    |stencil_buf_6_load_9_reg_9616    |   16|   0|   16|          0|
    |stencil_buf_6_load_reg_9008      |   16|   0|   16|          0|
    |stencil_buf_7_load_10_reg_9666   |   16|   0|   16|          0|
    |stencil_buf_7_load_11_reg_9701   |   16|   0|   16|          0|
    |stencil_buf_7_load_12_reg_9746   |   16|   0|   16|          0|
    |stencil_buf_7_load_13_reg_9781   |   16|   0|   16|          0|
    |stencil_buf_7_load_14_reg_9826   |   16|   0|   16|          0|
    |stencil_buf_7_load_15_reg_9861   |   16|   0|   16|          0|
    |stencil_buf_7_load_16_reg_9906   |   16|   0|   16|          0|
    |stencil_buf_7_load_17_reg_9941   |   16|   0|   16|          0|
    |stencil_buf_7_load_18_reg_9986   |   16|   0|   16|          0|
    |stencil_buf_7_load_19_reg_10021  |   16|   0|   16|          0|
    |stencil_buf_7_load_1_reg_8855    |   16|   0|   16|          0|
    |stencil_buf_7_load_20_reg_10066  |   16|   0|   16|          0|
    |stencil_buf_7_load_21_reg_10101  |   16|   0|   16|          0|
    |stencil_buf_7_load_22_reg_10146  |   16|   0|   16|          0|
    |stencil_buf_7_load_23_reg_10181  |   16|   0|   16|          0|
    |stencil_buf_7_load_24_reg_10226  |   16|   0|   16|          0|
    |stencil_buf_7_load_25_reg_10261  |   16|   0|   16|          0|
    |stencil_buf_7_load_26_reg_10306  |   16|   0|   16|          0|
    |stencil_buf_7_load_27_reg_10341  |   16|   0|   16|          0|
    |stencil_buf_7_load_28_reg_10386  |   16|   0|   16|          0|
    |stencil_buf_7_load_29_reg_10421  |   16|   0|   16|          0|
    |stencil_buf_7_load_2_reg_8964    |   16|   0|   16|          0|
    |stencil_buf_7_load_30_reg_10466  |   16|   0|   16|          0|
    |stencil_buf_7_load_31_reg_10501  |   16|   0|   16|          0|
    |stencil_buf_7_load_32_reg_10546  |   16|   0|   16|          0|
    |stencil_buf_7_load_33_reg_10581  |   16|   0|   16|          0|
    |stencil_buf_7_load_34_reg_10616  |   16|   0|   16|          0|
    |stencil_buf_7_load_35_reg_10656  |   16|   0|   16|          0|
    |stencil_buf_7_load_36_reg_10696  |   16|   0|   16|          0|
    |stencil_buf_7_load_37_reg_10736  |   16|   0|   16|          0|
    |stencil_buf_7_load_38_reg_10776  |   16|   0|   16|          0|
    |stencil_buf_7_load_39_reg_10816  |   16|   0|   16|          0|
    |stencil_buf_7_load_40_reg_10856  |   16|   0|   16|          0|
    |stencil_buf_7_load_41_reg_10896  |   16|   0|   16|          0|
    |stencil_buf_7_load_42_reg_10936  |   16|   0|   16|          0|
    |stencil_buf_7_load_43_reg_10976  |   16|   0|   16|          0|
    |stencil_buf_7_load_44_reg_11016  |   16|   0|   16|          0|
    |stencil_buf_7_load_45_reg_11056  |   16|   0|   16|          0|
    |stencil_buf_7_load_46_reg_11096  |   16|   0|   16|          0|
    |stencil_buf_7_load_47_reg_11136  |   16|   0|   16|          0|
    |stencil_buf_7_load_48_reg_11176  |   16|   0|   16|          0|
    |stencil_buf_7_load_49_reg_11216  |   16|   0|   16|          0|
    |stencil_buf_7_load_4_reg_9426    |   16|   0|   16|          0|
    |stencil_buf_7_load_50_reg_11256  |   16|   0|   16|          0|
    |stencil_buf_7_load_51_reg_11296  |   16|   0|   16|          0|
    |stencil_buf_7_load_52_reg_11336  |   16|   0|   16|          0|
    |stencil_buf_7_load_53_reg_11376  |   16|   0|   16|          0|
    |stencil_buf_7_load_54_reg_11416  |   16|   0|   16|          0|
    |stencil_buf_7_load_55_reg_11456  |   16|   0|   16|          0|
    |stencil_buf_7_load_56_reg_11496  |   16|   0|   16|          0|
    |stencil_buf_7_load_57_reg_11536  |   16|   0|   16|          0|
    |stencil_buf_7_load_58_reg_9138   |   16|   0|   16|          0|
    |stencil_buf_7_load_59_reg_9178   |   16|   0|   16|          0|
    |stencil_buf_7_load_5_reg_9461    |   16|   0|   16|          0|
    |stencil_buf_7_load_60_reg_9266   |   16|   0|   16|          0|
    |stencil_buf_7_load_61_reg_9306   |   16|   0|   16|          0|
    |stencil_buf_7_load_62_reg_9346   |   16|   0|   16|          0|
    |stencil_buf_7_load_63_reg_9386   |   16|   0|   16|          0|
    |stencil_buf_7_load_6_reg_9506    |   16|   0|   16|          0|
    |stencil_buf_7_load_7_reg_9541    |   16|   0|   16|          0|
    |stencil_buf_7_load_8_reg_9586    |   16|   0|   16|          0|
    |stencil_buf_7_load_9_reg_9621    |   16|   0|   16|          0|
    |stencil_buf_7_load_reg_9013      |   16|   0|   16|          0|
    |tile_index_dim0_reg_5722         |   32|   0|   32|          0|
    |tile_index_dim1_reg_5728         |   32|   0|   32|          0|
    |tmp_12_reg_8874                  |    1|   0|    1|          0|
    |tmp_1_reg_5758                   |   32|   0|   32|          0|
    |tmp_20_reg_8879                  |    1|   0|    1|          0|
    |tmp_22_reg_8979                  |    1|   0|    1|          0|
    |tmp_2_reg_5770                   |   32|   0|   32|          0|
    |tmp_32_reg_8689                  |    1|   0|    1|          0|
    |tmp_34_reg_8693                  |    1|   0|    1|          0|
    |tmp_36_reg_8712                  |    1|   0|    1|          0|
    |tmp_38_reg_8731                  |    1|   0|    1|          0|
    |tmp_40_reg_8750                  |    1|   0|    1|          0|
    |tmp_42_reg_8769                  |    1|   0|    1|          0|
    |tmp_44_reg_11611                 |    1|   0|    1|          0|
    |tmp_4_reg_8646                   |   14|   0|   17|          3|
    |tmp_56_1_reg_8894                |    1|   0|    1|          0|
    |tmp_56_2_reg_8707                |    1|   0|    1|          0|
    |tmp_56_3_reg_8726                |    1|   0|    1|          0|
    |tmp_56_4_reg_8745                |    1|   0|    1|          0|
    |tmp_56_5_reg_8764                |    1|   0|    1|          0|
    |tmp_56_6_reg_8783                |    1|   0|    1|          0|
    |tmp_56_7_reg_11626               |    1|   0|    1|          0|
    |tmp_57_1_reg_8899                |    1|   0|    1|          0|
    |tmp_57_2_reg_8914                |    1|   0|    1|          0|
    |tmp_57_3_reg_8929                |    1|   0|    1|          0|
    |tmp_57_4_reg_8944                |    1|   0|    1|          0|
    |tmp_57_5_reg_8959                |    1|   0|    1|          0|
    |tmp_57_6_reg_8974                |    1|   0|    1|          0|
    |tmp_5_reg_8663                   |    5|   0|    8|          3|
    |tmp_6_reg_8675                   |    1|   0|    1|          0|
    |tmp_7_reg_8656                   |   14|   0|   17|          3|
    |tmp_8_reg_8669                   |   14|   0|   17|          3|
    |tmp_reg_5734                     |   31|   0|   32|          1|
    |tmp_s_reg_5746                   |   31|   0|   32|          1|
    +---------------------------------+-----+----+-----+-----------+
    |Total                            | 9207|   0| 9224|         17|
    +---------------------------------+-----+----+-----+-----------+



================================================================
== Interface
================================================================
* Summary: 
+------------------------+-----+-----+------------+------------------------+--------------+
|        RTL Ports       | Dir | Bits|  Protocol  |      Source Object     |    C Type    |
+------------------------+-----+-----+------------+------------------------+--------------+
|ap_clk                  |  in |    1| ap_ctrl_hs |         compute        | return value |
|ap_rst                  |  in |    1| ap_ctrl_hs |         compute        | return value |
|ap_start                |  in |    1| ap_ctrl_hs |         compute        | return value |
|ap_done                 | out |    1| ap_ctrl_hs |         compute        | return value |
|ap_idle                 | out |    1| ap_ctrl_hs |         compute        | return value |
|ap_ready                | out |    1| ap_ctrl_hs |         compute        | return value |
|compute_flag            |  in |    1|   ap_none  |      compute_flag      |    scalar    |
|output_0_address0       | out |   13|  ap_memory |        output_0        |     array    |
|output_0_ce0            | out |    1|  ap_memory |        output_0        |     array    |
|output_0_we0            | out |    1|  ap_memory |        output_0        |     array    |
|output_0_d0             | out |   16|  ap_memory |        output_0        |     array    |
|output_1_address0       | out |   13|  ap_memory |        output_1        |     array    |
|output_1_ce0            | out |    1|  ap_memory |        output_1        |     array    |
|output_1_we0            | out |    1|  ap_memory |        output_1        |     array    |
|output_1_d0             | out |   16|  ap_memory |        output_1        |     array    |
|output_2_address0       | out |   13|  ap_memory |        output_2        |     array    |
|output_2_ce0            | out |    1|  ap_memory |        output_2        |     array    |
|output_2_we0            | out |    1|  ap_memory |        output_2        |     array    |
|output_2_d0             | out |   16|  ap_memory |        output_2        |     array    |
|output_3_address0       | out |   13|  ap_memory |        output_3        |     array    |
|output_3_ce0            | out |    1|  ap_memory |        output_3        |     array    |
|output_3_we0            | out |    1|  ap_memory |        output_3        |     array    |
|output_3_d0             | out |   16|  ap_memory |        output_3        |     array    |
|output_4_address0       | out |   13|  ap_memory |        output_4        |     array    |
|output_4_ce0            | out |    1|  ap_memory |        output_4        |     array    |
|output_4_we0            | out |    1|  ap_memory |        output_4        |     array    |
|output_4_d0             | out |   16|  ap_memory |        output_4        |     array    |
|output_5_address0       | out |   13|  ap_memory |        output_5        |     array    |
|output_5_ce0            | out |    1|  ap_memory |        output_5        |     array    |
|output_5_we0            | out |    1|  ap_memory |        output_5        |     array    |
|output_5_d0             | out |   16|  ap_memory |        output_5        |     array    |
|output_6_address0       | out |   13|  ap_memory |        output_6        |     array    |
|output_6_ce0            | out |    1|  ap_memory |        output_6        |     array    |
|output_6_we0            | out |    1|  ap_memory |        output_6        |     array    |
|output_6_d0             | out |   16|  ap_memory |        output_6        |     array    |
|output_7_address0       | out |   13|  ap_memory |        output_7        |     array    |
|output_7_ce0            | out |    1|  ap_memory |        output_7        |     array    |
|output_7_we0            | out |    1|  ap_memory |        output_7        |     array    |
|output_7_d0             | out |   16|  ap_memory |        output_7        |     array    |
|input_0_address0        | out |   13|  ap_memory |         input_0        |     array    |
|input_0_ce0             | out |    1|  ap_memory |         input_0        |     array    |
|input_0_q0              |  in |   16|  ap_memory |         input_0        |     array    |
|input_1_address0        | out |   13|  ap_memory |         input_1        |     array    |
|input_1_ce0             | out |    1|  ap_memory |         input_1        |     array    |
|input_1_q0              |  in |   16|  ap_memory |         input_1        |     array    |
|input_2_address0        | out |   13|  ap_memory |         input_2        |     array    |
|input_2_ce0             | out |    1|  ap_memory |         input_2        |     array    |
|input_2_q0              |  in |   16|  ap_memory |         input_2        |     array    |
|input_3_address0        | out |   13|  ap_memory |         input_3        |     array    |
|input_3_ce0             | out |    1|  ap_memory |         input_3        |     array    |
|input_3_q0              |  in |   16|  ap_memory |         input_3        |     array    |
|input_4_address0        | out |   13|  ap_memory |         input_4        |     array    |
|input_4_ce0             | out |    1|  ap_memory |         input_4        |     array    |
|input_4_q0              |  in |   16|  ap_memory |         input_4        |     array    |
|input_5_address0        | out |   13|  ap_memory |         input_5        |     array    |
|input_5_ce0             | out |    1|  ap_memory |         input_5        |     array    |
|input_5_q0              |  in |   16|  ap_memory |         input_5        |     array    |
|input_6_address0        | out |   13|  ap_memory |         input_6        |     array    |
|input_6_ce0             | out |    1|  ap_memory |         input_6        |     array    |
|input_6_q0              |  in |   16|  ap_memory |         input_6        |     array    |
|input_7_address0        | out |   13|  ap_memory |         input_7        |     array    |
|input_7_ce0             | out |    1|  ap_memory |         input_7        |     array    |
|input_7_q0              |  in |   16|  ap_memory |         input_7        |     array    |
|tile_index              |  in |   32|   ap_none  |       tile_index       |    scalar    |
|tile_num_dim0           |  in |   32|   ap_none  |      tile_num_dim0     |    scalar    |
|var_sharpen_y_extent_0  |  in |   32|   ap_none  | var_sharpen_y_extent_0 |    scalar    |
|var_sharpen_y_extent_1  |  in |   32|   ap_none  | var_sharpen_y_extent_1 |    scalar    |
|var_sharpen_y_min_0     |  in |   32|   ap_none  |   var_sharpen_y_min_0  |    scalar    |
|var_sharpen_y_min_1     |  in |   32|   ap_none  |   var_sharpen_y_min_1  |    scalar    |
+------------------------+-----+-----+------------+------------------------+--------------+

