

================================================================
== Vivado HLS Report for 'load'
================================================================
* Date:           Sat Apr 15 16:43:12 2017

* Version:        2016.3 (Build 1721985 on Tue Nov 29 18:45:36 MST 2016)
* Project:        threshold_kernel
* Solution:       solution_OCL_REGION_0
* Product family: virtex7
* Target device:  xc7vx690tffg1157-2


================================================================
== Performance Estimates
================================================================
+ Timing (ns): 
    * Summary: 
    +--------+-------+----------+------------+
    |  Clock | Target| Estimated| Uncertainty|
    +--------+-------+----------+------------+
    |ap_clk  |   5.00|      3.65|        1.35|
    +--------+-------+----------+------------+

+ Latency (clock cycles): 
    * Summary: 
    +-----+-----+-----+-----+---------+
    |  Latency  |  Interval | Pipeline|
    | min | max | min | max |   Type  |
    +-----+-----+-----+-----+---------+
    |    1|  769|    1|  769|   none  |
    +-----+-----+-----+-----+---------+

    + Detail: 
        * Instance: 
        N/A

        * Loop: 
        +----------+-----+-----+----------+-----------+-----------+------+----------+
        |          |  Latency  | Iteration|  Initiation Interval  | Trip |          |
        | Loop Name| min | max |  Latency |  achieved |   target  | Count| Pipelined|
        +----------+-----+-----+----------+-----------+-----------+------+----------+
        |- Loop 1  |  641|  641|         7|          5|          1|   128|    yes   |
        +----------+-----+-----+----------+-----------+-----------+------+----------+



================================================================
== Utilization Estimates
================================================================
* Summary: 
+-----------------+---------+-------+--------+--------+
|       Name      | BRAM_18K| DSP48E|   FF   |   LUT  |
+-----------------+---------+-------+--------+--------+
|DSP              |        -|      -|       -|       -|
|Expression       |        -|      -|       0|     177|
|FIFO             |        -|      -|       -|       -|
|Instance         |        -|      -|       -|       -|
|Memory           |        -|      -|       -|       -|
|Multiplexer      |        -|      -|       -|     651|
|Register         |        -|      -|     767|       -|
+-----------------+---------+-------+--------+--------+
|Total            |        0|      0|     767|     828|
+-----------------+---------+-------+--------+--------+
|Available        |     2940|   3600|  866400|  433200|
+-----------------+---------+-------+--------+--------+
|Utilization (%)  |        0|      0|   ~0   |   ~0   |
+-----------------+---------+-------+--------+--------+

+ Detail: 
    * Instance: 
    N/A

    * DSP48: 
    N/A

    * Memory: 
    N/A

    * FIFO: 
    N/A

    * Expression: 
    +----------------------+----------+-------+---+----+------------+------------+
    |     Variable Name    | Operation| DSP48E| FF| LUT| Bitwidth P0| Bitwidth P1|
    +----------------------+----------+-------+---+----+------------+------------+
    |i_2_fu_995_p2         |     +    |      0|  0|   8|           8|           1|
    |sum_fu_973_p2         |     +    |      0|  0|  59|          59|          59|
    |ap_block_state129     |    and   |      0|  0|   1|           1|           1|
    |tmp_1_fu_989_p2       |   icmp   |      0|  0|   3|           8|           9|
    |ap_enable_pp0         |    or    |      0|  0|   1|           1|           1|
    |newIndex3_fu_1671_p2  |    or    |      0|  0|  15|          10|           1|
    |newIndex4_fu_1682_p2  |    or    |      0|  0|  15|          10|           2|
    |newIndex5_fu_1699_p2  |    or    |      0|  0|  15|          10|           2|
    |newIndex6_fu_1709_p2  |    or    |      0|  0|  15|          10|           3|
    |newIndex7_fu_1726_p2  |    or    |      0|  0|  15|          10|           3|
    |newIndex8_fu_1736_p2  |    or    |      0|  0|  15|          10|           3|
    |newIndex9_fu_1753_p2  |    or    |      0|  0|  15|          10|           3|
    +----------------------+----------+-------+---+----+------------+------------+
    |Total                 |          |      0|  0| 177|         147|          88|
    +----------------------+----------+-------+---+----+------------+------------+

    * Multiplexer: 
    +-------------------------------------+-----+-----------+-----+-----------+
    |                 Name                | LUT | Input Size| Bits| Total Bits|
    +-------------------------------------+-----+-----------+-----+-----------+
    |ap_NS_fsm                            |  344|        134|    1|        134|
    |ap_sig_ioackin_m_axi_from_V_ARREADY  |    1|          2|    1|          2|
    |from_V_blk_n_AR                      |    1|          2|    1|          2|
    |from_V_blk_n_R                       |    1|          2|    1|          2|
    |i_phi_fu_950_p4                      |    8|          2|    8|         16|
    |i_reg_946                            |    8|          2|    8|         16|
    |to_0_address0                        |   10|          5|   10|         50|
    |to_0_address1                        |   10|          5|   10|         50|
    |to_0_d0                              |    8|          5|    8|         40|
    |to_0_d1                              |    8|          5|    8|         40|
    |to_1_address0                        |   10|          5|   10|         50|
    |to_1_address1                        |   10|          5|   10|         50|
    |to_1_d0                              |    8|          5|    8|         40|
    |to_1_d1                              |    8|          5|    8|         40|
    |to_2_address0                        |   10|          5|   10|         50|
    |to_2_address1                        |   10|          5|   10|         50|
    |to_2_d0                              |    8|          5|    8|         40|
    |to_2_d1                              |    8|          5|    8|         40|
    |to_3_address0                        |   10|          5|   10|         50|
    |to_3_address1                        |   10|          5|   10|         50|
    |to_3_d0                              |    8|          5|    8|         40|
    |to_3_d1                              |    8|          5|    8|         40|
    |to_4_address0                        |   10|          5|   10|         50|
    |to_4_address1                        |   10|          5|   10|         50|
    |to_4_d0                              |    8|          5|    8|         40|
    |to_4_d1                              |    8|          5|    8|         40|
    |to_5_address0                        |   10|          5|   10|         50|
    |to_5_address1                        |   10|          5|   10|         50|
    |to_5_d0                              |    8|          5|    8|         40|
    |to_5_d1                              |    8|          5|    8|         40|
    |to_6_address0                        |   10|          5|   10|         50|
    |to_6_address1                        |   10|          5|   10|         50|
    |to_6_d0                              |    8|          5|    8|         40|
    |to_6_d1                              |    8|          5|    8|         40|
    |to_7_address0                        |   10|          5|   10|         50|
    |to_7_address1                        |   10|          5|   10|         50|
    |to_7_d0                              |    8|          5|    8|         40|
    |to_7_d1                              |    8|          5|    8|         40|
    +-------------------------------------+-----+-----------+-----+-----------+
    |Total                                |  651|        304|  308|       1612|
    +-------------------------------------+-----+-----------+-----+-----------+

    * Register: 
    +------------------------------------------+-----+----+-----+-----------+
    |                   Name                   |  FF | LUT| Bits| Const Bits|
    +------------------------------------------+-----+----+-----+-----------+
    |ap_CS_fsm                                 |  133|   0|  133|          0|
    |ap_enable_reg_pp0_iter0                   |    1|   0|    1|          0|
    |ap_enable_reg_pp0_iter1                   |    1|   0|    1|          0|
    |ap_pipeline_reg_pp0_iter1_tmp_1_reg_1778  |    1|   0|    1|          0|
    |ap_reg_ioackin_m_axi_from_V_ARREADY       |    1|   0|    1|          0|
    |i_2_reg_1782                              |    8|   0|    8|          0|
    |i_reg_946                                 |    8|   0|    8|          0|
    |newIndex3_cast_reg_2123                   |    7|   0|   64|         57|
    |newIndex5_cast_reg_2134                   |    7|   0|   64|         57|
    |newIndex7_cast_reg_2145                   |    7|   0|   64|         57|
    |newIndex9_cast_reg_2156                   |    7|   0|   64|         57|
    |p_Result_10_reg_1848                      |    8|   0|    8|          0|
    |p_Result_11_reg_1853                      |    8|   0|    8|          0|
    |p_Result_12_reg_1858                      |    8|   0|    8|          0|
    |p_Result_13_reg_1863                      |    8|   0|    8|          0|
    |p_Result_14_reg_1868                      |    8|   0|    8|          0|
    |p_Result_15_reg_1873                      |    8|   0|    8|          0|
    |p_Result_16_reg_1878                      |    8|   0|    8|          0|
    |p_Result_17_reg_1883                      |    8|   0|    8|          0|
    |p_Result_18_reg_1888                      |    8|   0|    8|          0|
    |p_Result_19_reg_1893                      |    8|   0|    8|          0|
    |p_Result_1_reg_1798                       |    8|   0|    8|          0|
    |p_Result_20_reg_1898                      |    8|   0|    8|          0|
    |p_Result_21_reg_1903                      |    8|   0|    8|          0|
    |p_Result_22_reg_1908                      |    8|   0|    8|          0|
    |p_Result_23_reg_1913                      |    8|   0|    8|          0|
    |p_Result_24_reg_1918                      |    8|   0|    8|          0|
    |p_Result_25_reg_1923                      |    8|   0|    8|          0|
    |p_Result_26_reg_1928                      |    8|   0|    8|          0|
    |p_Result_27_reg_1933                      |    8|   0|    8|          0|
    |p_Result_28_reg_1938                      |    8|   0|    8|          0|
    |p_Result_29_reg_1943                      |    8|   0|    8|          0|
    |p_Result_2_reg_1803                       |    8|   0|    8|          0|
    |p_Result_30_reg_1948                      |    8|   0|    8|          0|
    |p_Result_31_reg_1953                      |    8|   0|    8|          0|
    |p_Result_32_reg_1958                      |    8|   0|    8|          0|
    |p_Result_33_reg_1963                      |    8|   0|    8|          0|
    |p_Result_34_reg_1968                      |    8|   0|    8|          0|
    |p_Result_35_reg_1973                      |    8|   0|    8|          0|
    |p_Result_36_reg_1978                      |    8|   0|    8|          0|
    |p_Result_37_reg_1983                      |    8|   0|    8|          0|
    |p_Result_38_reg_1988                      |    8|   0|    8|          0|
    |p_Result_39_reg_1993                      |    8|   0|    8|          0|
    |p_Result_3_reg_1808                       |    8|   0|    8|          0|
    |p_Result_40_reg_1998                      |    8|   0|    8|          0|
    |p_Result_41_reg_2003                      |    8|   0|    8|          0|
    |p_Result_42_reg_2008                      |    8|   0|    8|          0|
    |p_Result_43_reg_2013                      |    8|   0|    8|          0|
    |p_Result_44_reg_2018                      |    8|   0|    8|          0|
    |p_Result_45_reg_2023                      |    8|   0|    8|          0|
    |p_Result_46_reg_2028                      |    8|   0|    8|          0|
    |p_Result_47_reg_2033                      |    8|   0|    8|          0|
    |p_Result_48_reg_2038                      |    8|   0|    8|          0|
    |p_Result_49_reg_2043                      |    8|   0|    8|          0|
    |p_Result_4_reg_1813                       |    8|   0|    8|          0|
    |p_Result_50_reg_2048                      |    8|   0|    8|          0|
    |p_Result_51_reg_2053                      |    8|   0|    8|          0|
    |p_Result_52_reg_2058                      |    8|   0|    8|          0|
    |p_Result_53_reg_2063                      |    8|   0|    8|          0|
    |p_Result_54_reg_2068                      |    8|   0|    8|          0|
    |p_Result_55_reg_2073                      |    8|   0|    8|          0|
    |p_Result_56_reg_2078                      |    8|   0|    8|          0|
    |p_Result_57_reg_2083                      |    8|   0|    8|          0|
    |p_Result_58_reg_2088                      |    8|   0|    8|          0|
    |p_Result_59_reg_2093                      |    8|   0|    8|          0|
    |p_Result_5_reg_1818                       |    8|   0|    8|          0|
    |p_Result_60_reg_2098                      |    8|   0|    8|          0|
    |p_Result_61_reg_2103                      |    8|   0|    8|          0|
    |p_Result_62_reg_2108                      |    8|   0|    8|          0|
    |p_Result_6_reg_1823                       |    8|   0|    8|          0|
    |p_Result_7_reg_1828                       |    8|   0|    8|          0|
    |p_Result_8_reg_1833                       |    8|   0|    8|          0|
    |p_Result_9_reg_1838                       |    8|   0|    8|          0|
    |p_Result_s_reg_1843                       |    8|   0|    8|          0|
    |sum_reg_1767                              |   59|   0|   59|          0|
    |tmp_1_reg_1778                            |    1|   0|    1|          0|
    |tmp_7_reg_2113                            |    7|   0|   10|          3|
    |tmp_8_reg_1787                            |    7|   0|    7|          0|
    |tmp_reg_1793                              |    8|   0|    8|          0|
    +------------------------------------------+-----+----+-----+-----------+
    |Total                                     |  767|   0|  998|        231|
    +------------------------------------------+-----+----+-----+-----------+



================================================================
== Interface
================================================================
* Summary: 
+-----------------------+-----+-----+------------+--------------+--------------+
|       RTL Ports       | Dir | Bits|  Protocol  | Source Object|    C Type    |
+-----------------------+-----+-----+------------+--------------+--------------+
|ap_clk                 |  in |    1| ap_ctrl_hs |     load     | return value |
|ap_rst                 |  in |    1| ap_ctrl_hs |     load     | return value |
|ap_start               |  in |    1| ap_ctrl_hs |     load     | return value |
|ap_done                | out |    1| ap_ctrl_hs |     load     | return value |
|ap_idle                | out |    1| ap_ctrl_hs |     load     | return value |
|ap_ready               | out |    1| ap_ctrl_hs |     load     | return value |
|load_flag              |  in |    1|   ap_none  |   load_flag  |    scalar    |
|to_0_address0          | out |   10|  ap_memory |     to_0     |     array    |
|to_0_ce0               | out |    1|  ap_memory |     to_0     |     array    |
|to_0_we0               | out |    1|  ap_memory |     to_0     |     array    |
|to_0_d0                | out |    8|  ap_memory |     to_0     |     array    |
|to_0_address1          | out |   10|  ap_memory |     to_0     |     array    |
|to_0_ce1               | out |    1|  ap_memory |     to_0     |     array    |
|to_0_we1               | out |    1|  ap_memory |     to_0     |     array    |
|to_0_d1                | out |    8|  ap_memory |     to_0     |     array    |
|to_1_address0          | out |   10|  ap_memory |     to_1     |     array    |
|to_1_ce0               | out |    1|  ap_memory |     to_1     |     array    |
|to_1_we0               | out |    1|  ap_memory |     to_1     |     array    |
|to_1_d0                | out |    8|  ap_memory |     to_1     |     array    |
|to_1_address1          | out |   10|  ap_memory |     to_1     |     array    |
|to_1_ce1               | out |    1|  ap_memory |     to_1     |     array    |
|to_1_we1               | out |    1|  ap_memory |     to_1     |     array    |
|to_1_d1                | out |    8|  ap_memory |     to_1     |     array    |
|to_2_address0          | out |   10|  ap_memory |     to_2     |     array    |
|to_2_ce0               | out |    1|  ap_memory |     to_2     |     array    |
|to_2_we0               | out |    1|  ap_memory |     to_2     |     array    |
|to_2_d0                | out |    8|  ap_memory |     to_2     |     array    |
|to_2_address1          | out |   10|  ap_memory |     to_2     |     array    |
|to_2_ce1               | out |    1|  ap_memory |     to_2     |     array    |
|to_2_we1               | out |    1|  ap_memory |     to_2     |     array    |
|to_2_d1                | out |    8|  ap_memory |     to_2     |     array    |
|to_3_address0          | out |   10|  ap_memory |     to_3     |     array    |
|to_3_ce0               | out |    1|  ap_memory |     to_3     |     array    |
|to_3_we0               | out |    1|  ap_memory |     to_3     |     array    |
|to_3_d0                | out |    8|  ap_memory |     to_3     |     array    |
|to_3_address1          | out |   10|  ap_memory |     to_3     |     array    |
|to_3_ce1               | out |    1|  ap_memory |     to_3     |     array    |
|to_3_we1               | out |    1|  ap_memory |     to_3     |     array    |
|to_3_d1                | out |    8|  ap_memory |     to_3     |     array    |
|to_4_address0          | out |   10|  ap_memory |     to_4     |     array    |
|to_4_ce0               | out |    1|  ap_memory |     to_4     |     array    |
|to_4_we0               | out |    1|  ap_memory |     to_4     |     array    |
|to_4_d0                | out |    8|  ap_memory |     to_4     |     array    |
|to_4_address1          | out |   10|  ap_memory |     to_4     |     array    |
|to_4_ce1               | out |    1|  ap_memory |     to_4     |     array    |
|to_4_we1               | out |    1|  ap_memory |     to_4     |     array    |
|to_4_d1                | out |    8|  ap_memory |     to_4     |     array    |
|to_5_address0          | out |   10|  ap_memory |     to_5     |     array    |
|to_5_ce0               | out |    1|  ap_memory |     to_5     |     array    |
|to_5_we0               | out |    1|  ap_memory |     to_5     |     array    |
|to_5_d0                | out |    8|  ap_memory |     to_5     |     array    |
|to_5_address1          | out |   10|  ap_memory |     to_5     |     array    |
|to_5_ce1               | out |    1|  ap_memory |     to_5     |     array    |
|to_5_we1               | out |    1|  ap_memory |     to_5     |     array    |
|to_5_d1                | out |    8|  ap_memory |     to_5     |     array    |
|to_6_address0          | out |   10|  ap_memory |     to_6     |     array    |
|to_6_ce0               | out |    1|  ap_memory |     to_6     |     array    |
|to_6_we0               | out |    1|  ap_memory |     to_6     |     array    |
|to_6_d0                | out |    8|  ap_memory |     to_6     |     array    |
|to_6_address1          | out |   10|  ap_memory |     to_6     |     array    |
|to_6_ce1               | out |    1|  ap_memory |     to_6     |     array    |
|to_6_we1               | out |    1|  ap_memory |     to_6     |     array    |
|to_6_d1                | out |    8|  ap_memory |     to_6     |     array    |
|to_7_address0          | out |   10|  ap_memory |     to_7     |     array    |
|to_7_ce0               | out |    1|  ap_memory |     to_7     |     array    |
|to_7_we0               | out |    1|  ap_memory |     to_7     |     array    |
|to_7_d0                | out |    8|  ap_memory |     to_7     |     array    |
|to_7_address1          | out |   10|  ap_memory |     to_7     |     array    |
|to_7_ce1               | out |    1|  ap_memory |     to_7     |     array    |
|to_7_we1               | out |    1|  ap_memory |     to_7     |     array    |
|to_7_d1                | out |    8|  ap_memory |     to_7     |     array    |
|m_axi_from_V_AWVALID   | out |    1|    m_axi   |    from_V    |    pointer   |
|m_axi_from_V_AWREADY   |  in |    1|    m_axi   |    from_V    |    pointer   |
|m_axi_from_V_AWADDR    | out |   64|    m_axi   |    from_V    |    pointer   |
|m_axi_from_V_AWID      | out |    1|    m_axi   |    from_V    |    pointer   |
|m_axi_from_V_AWLEN     | out |   32|    m_axi   |    from_V    |    pointer   |
|m_axi_from_V_AWSIZE    | out |    3|    m_axi   |    from_V    |    pointer   |
|m_axi_from_V_AWBURST   | out |    2|    m_axi   |    from_V    |    pointer   |
|m_axi_from_V_AWLOCK    | out |    2|    m_axi   |    from_V    |    pointer   |
|m_axi_from_V_AWCACHE   | out |    4|    m_axi   |    from_V    |    pointer   |
|m_axi_from_V_AWPROT    | out |    3|    m_axi   |    from_V    |    pointer   |
|m_axi_from_V_AWQOS     | out |    4|    m_axi   |    from_V    |    pointer   |
|m_axi_from_V_AWREGION  | out |    4|    m_axi   |    from_V    |    pointer   |
|m_axi_from_V_AWUSER    | out |    1|    m_axi   |    from_V    |    pointer   |
|m_axi_from_V_WVALID    | out |    1|    m_axi   |    from_V    |    pointer   |
|m_axi_from_V_WREADY    |  in |    1|    m_axi   |    from_V    |    pointer   |
|m_axi_from_V_WDATA     | out |  512|    m_axi   |    from_V    |    pointer   |
|m_axi_from_V_WSTRB     | out |   64|    m_axi   |    from_V    |    pointer   |
|m_axi_from_V_WLAST     | out |    1|    m_axi   |    from_V    |    pointer   |
|m_axi_from_V_WID       | out |    1|    m_axi   |    from_V    |    pointer   |
|m_axi_from_V_WUSER     | out |    1|    m_axi   |    from_V    |    pointer   |
|m_axi_from_V_ARVALID   | out |    1|    m_axi   |    from_V    |    pointer   |
|m_axi_from_V_ARREADY   |  in |    1|    m_axi   |    from_V    |    pointer   |
|m_axi_from_V_ARADDR    | out |   64|    m_axi   |    from_V    |    pointer   |
|m_axi_from_V_ARID      | out |    1|    m_axi   |    from_V    |    pointer   |
|m_axi_from_V_ARLEN     | out |   32|    m_axi   |    from_V    |    pointer   |
|m_axi_from_V_ARSIZE    | out |    3|    m_axi   |    from_V    |    pointer   |
|m_axi_from_V_ARBURST   | out |    2|    m_axi   |    from_V    |    pointer   |
|m_axi_from_V_ARLOCK    | out |    2|    m_axi   |    from_V    |    pointer   |
|m_axi_from_V_ARCACHE   | out |    4|    m_axi   |    from_V    |    pointer   |
|m_axi_from_V_ARPROT    | out |    3|    m_axi   |    from_V    |    pointer   |
|m_axi_from_V_ARQOS     | out |    4|    m_axi   |    from_V    |    pointer   |
|m_axi_from_V_ARREGION  | out |    4|    m_axi   |    from_V    |    pointer   |
|m_axi_from_V_ARUSER    | out |    1|    m_axi   |    from_V    |    pointer   |
|m_axi_from_V_RVALID    |  in |    1|    m_axi   |    from_V    |    pointer   |
|m_axi_from_V_RREADY    | out |    1|    m_axi   |    from_V    |    pointer   |
|m_axi_from_V_RDATA     |  in |  512|    m_axi   |    from_V    |    pointer   |
|m_axi_from_V_RLAST     |  in |    1|    m_axi   |    from_V    |    pointer   |
|m_axi_from_V_RID       |  in |    1|    m_axi   |    from_V    |    pointer   |
|m_axi_from_V_RUSER     |  in |    1|    m_axi   |    from_V    |    pointer   |
|m_axi_from_V_RRESP     |  in |    2|    m_axi   |    from_V    |    pointer   |
|m_axi_from_V_BVALID    |  in |    1|    m_axi   |    from_V    |    pointer   |
|m_axi_from_V_BREADY    | out |    1|    m_axi   |    from_V    |    pointer   |
|m_axi_from_V_BRESP     |  in |    2|    m_axi   |    from_V    |    pointer   |
|m_axi_from_V_BID       |  in |    1|    m_axi   |    from_V    |    pointer   |
|m_axi_from_V_BUSER     |  in |    1|    m_axi   |    from_V    |    pointer   |
|var_p0_V3              |  in |   58|   ap_none  |   var_p0_V3  |    scalar    |
|tile_index             |  in |   31|   ap_none  |  tile_index  |    scalar    |
+-----------------------+-----+-----+------------+--------------+--------------+

